Running in fitting mode

Reading "/data/boittier/gaussian_scans/butadiene/scan_extract_0.xyz.chk.fchk.pot.cube"...

  opt Potential
  Electrostatic potential from Total SCF Density
   10   -8.606892   -9.296586   -6.512752
   85    0.203727    0.000000    0.000000
   92    0.000000    0.203727    0.000000
   65    0.000000    0.000000    0.203727
    6    6.000000    2.094140    2.783833    0.000000
    6    6.000000    0.000000    1.372509    0.000000
    6    6.000000    0.000000   -1.372508    0.000000
    6    6.000000   -2.094140   -2.783833    0.000000
    1    1.000000    2.009811    4.824243    0.000000
    1    1.000000    3.951380    1.924660    0.000000
    1    1.000000   -1.835514    2.288467    0.000000
    1    1.000000    1.835514   -2.288466    0.000000
    1    1.000000   -3.951380   -1.924661    0.000000
    1    1.000000   -2.009810   -4.824243    0.000000
  2.26511E-03  2.29910E-03  2.31955E-03  2.32611E-03  2.31866E-03  2.29733E-03
       .            .            .            .            .            .
       .            .            .            .            .            .
       .            .            .            .            .            .
  2.29269E-03  2.29923E-03  2.29180E-03  2.27053E-03  2.23580E-03  2.18822E-03

229538 out of 508300 gridpoints are considered ( 45.2%).

...done!




 Refining solution from file/home/boittier/MDCM-1/examples/butadiene/5-combine-frags/10-combined.xyz
 Contains     10 charges
      Initial RMSE =         9.306942175E-01 kcal/mol
Running DE in parallel with 4 thread(s)!


User requested refinement using simplex algorithm (no DE)

 performing expansion, best =    1.4747362319048520E-003
 performing expansion, best =    1.4683942398272887E-003
 performing expansion, best =    1.4597953515994822E-003
 performing expansion, best =    1.4466965269549930E-003
 performing expansion, best =    1.4341917344350163E-003
 performing expansion, best =    1.4226637904940424E-003
 performing expansion, best =    1.4213354682451813E-003
 performing expansion, best =    1.4137292171832814E-003
 performing expansion, best =    1.4087974340445553E-003
 performing expansion, best =    1.3991688506489943E-003
 performing expansion, best =    1.3991401401929216E-003
 performing expansion, best =    1.3961724542815015E-003
 performing expansion, best =    1.3950240580064654E-003
 performing expansion, best =    1.3939362286897496E-003
 performing expansion, best =    1.3895379472049255E-003
 performing expansion, best =    1.3895103629003574E-003
 performing expansion, best =    1.3891440287427221E-003
 performing expansion, best =    1.3889761512132157E-003
 performing expansion, best =    1.3867167430588316E-003
 performing expansion, best =    1.3858558315326069E-003
 performing expansion, best =    1.3851972775916111E-003
 performing expansion, best =    1.3843962492906463E-003
 performing expansion, best =    1.3816426568424790E-003
 performing expansion, best =    1.3781577805609085E-003
 performing expansion, best =    1.3755595171141483E-003
 performing expansion, best =    1.3748307155287854E-003
 performing expansion, best =    1.3715864473172934E-003
 performing expansion, best =    1.3680525351210903E-003
 performing expansion, best =    1.3680167127314022E-003
 performing expansion, best =    1.3678719685357686E-003
 performing expansion, best =    1.3666823345222169E-003
 performing expansion, best =    1.3666426042092132E-003
 performing expansion, best =    1.3662726365647009E-003
 performing expansion, best =    1.3659437461371624E-003
 performing expansion, best =    1.3641008912841561E-003
 performing expansion, best =    1.3633062140458883E-003
 performing expansion, best =    1.3609034516227606E-003
 performing expansion, best =    1.3588193811157295E-003
 performing expansion, best =    1.3561621575658360E-003
 performing expansion, best =    1.3557263726129340E-003
 performing expansion, best =    1.3555994234673309E-003
 performing expansion, best =    1.3555265046801396E-003
 performing expansion, best =    1.3541856398443068E-003
 performing expansion, best =    1.3539878882075846E-003
 performing expansion, best =    1.3531501289037171E-003
 performing expansion, best =    1.3529339114149259E-003
 performing expansion, best =    1.3528059803598505E-003
 performing expansion, best =    1.3522892390221953E-003
 performing expansion, best =    1.3522414364959931E-003
 performing expansion, best =    1.3521710684293788E-003
 performing expansion, best =    1.3520676752913361E-003
 performing expansion, best =    1.3519118941614139E-003
 performing expansion, best =    1.3516968603186829E-003
 performing expansion, best =    1.3505775860305272E-003
 performing expansion, best =    1.3504058217889184E-003
 performing expansion, best =    1.3497596135757391E-003
 performing expansion, best =    1.3488264456003600E-003
 performing expansion, best =    1.3478285259074449E-003
 performing expansion, best =    1.3468022709323835E-003
 performing expansion, best =    1.3456310085684228E-003
 performing expansion, best =    1.3446260770669650E-003
 performing expansion, best =    1.3438903543081468E-003
 performing expansion, best =    1.3438465274151921E-003
 performing expansion, best =    1.3436901236787231E-003
 performing expansion, best =    1.3426903722086416E-003
 performing expansion, best =    1.3419839341072153E-003
 performing expansion, best =    1.3408786870758099E-003
 performing expansion, best =    1.3406522378766089E-003
 performing expansion, best =    1.3397797968283259E-003
 performing expansion, best =    1.3396495879595591E-003
 performing expansion, best =    1.3381062450184341E-003
 performing expansion, best =    1.3369916604669310E-003
 performing expansion, best =    1.3363515629283942E-003
 performing expansion, best =    1.3358721035908231E-003
 performing expansion, best =    1.3356211062201006E-003
 performing expansion, best =    1.3351728616800239E-003
 performing expansion, best =    1.3343807931170135E-003
 performing expansion, best =    1.3335553064019951E-003
 performing expansion, best =    1.3334785937025005E-003
 performing expansion, best =    1.3334343737277333E-003
 performing expansion, best =    1.3331959387587271E-003
 performing expansion, best =    1.3330765520142391E-003
 performing expansion, best =    1.3325619549345307E-003
 performing expansion, best =    1.3321183030328620E-003
 performing expansion, best =    1.3319159546744969E-003
 performing expansion, best =    1.3318891979587980E-003
 performing expansion, best =    1.3315169872684146E-003
 performing expansion, best =    1.3313392078632723E-003
 performing expansion, best =    1.3312832964547884E-003
 performing expansion, best =    1.3312108834591314E-003
 performing expansion, best =    1.3308923705460942E-003
 performing expansion, best =    1.3308838260381447E-003
 performing expansion, best =    1.3305217793942307E-003
 performing expansion, best =    1.3304417807020242E-003
 performing expansion, best =    1.3304355165728765E-003
 performing expansion, best =    1.3303595111007235E-003
 performing expansion, best =    1.3302992513720188E-003
 performing expansion, best =    1.3302596206869381E-003
 performing expansion, best =    1.3302236526538400E-003
 performing expansion, best =    1.3301546181307649E-003
 performing expansion, best =    1.3298699159813277E-003
 performing expansion, best =    1.3298676538398013E-003
 performing expansion, best =    1.3297231327384364E-003
 performing expansion, best =    1.3296195220144917E-003
 performing expansion, best =    1.3296134059344821E-003
 performing expansion, best =    1.3294669280354274E-003
 performing expansion, best =    1.3293975317512732E-003
 performing expansion, best =    1.3291070064992995E-003
 performing expansion, best =    1.3291023589476389E-003
 performing expansion, best =    1.3289356891368394E-003
 performing expansion, best =    1.3288723274437694E-003
 performing expansion, best =    1.3285932981062386E-003
 performing expansion, best =    1.3284043102207738E-003
 performing expansion, best =    1.3283776039532934E-003
 performing expansion, best =    1.3282703073346060E-003
 performing expansion, best =    1.3279995441266576E-003
 performing expansion, best =    1.3279743243257073E-003
 performing expansion, best =    1.3277870156210960E-003
 performing expansion, best =    1.3273896634018660E-003
 performing expansion, best =    1.3270003849636298E-003
 performing expansion, best =    1.3269321760199849E-003
 performing expansion, best =    1.3263934247762560E-003
 performing expansion, best =    1.3259881106084401E-003
 performing expansion, best =    1.3256966698119333E-003
 performing expansion, best =    1.3253552498592276E-003
 performing expansion, best =    1.3247603191568777E-003
 performing expansion, best =    1.3247250053367613E-003
 performing expansion, best =    1.3243734920736568E-003
 performing expansion, best =    1.3243247955270635E-003
 performing expansion, best =    1.3239711874316821E-003
 performing expansion, best =    1.3233076171979212E-003
 performing expansion, best =    1.3227960160727842E-003
 performing expansion, best =    1.3219543277614052E-003
 performing expansion, best =    1.3211468302215693E-003
 performing expansion, best =    1.3204420334157552E-003
 performing expansion, best =    1.3198642148527029E-003
 performing expansion, best =    1.3190382990391977E-003
 performing expansion, best =    1.3182702050243084E-003
 performing expansion, best =    1.3174384798906723E-003
 performing expansion, best =    1.3165693932259291E-003
 performing expansion, best =    1.3157199213015918E-003
 performing expansion, best =    1.3146400557867287E-003
 performing expansion, best =    1.3134580208557249E-003
 performing expansion, best =    1.3123219913741050E-003
 performing expansion, best =    1.3113243446466407E-003
 performing expansion, best =    1.3104678773076012E-003
 performing expansion, best =    1.3094388204034455E-003
 performing expansion, best =    1.3089694394447953E-003
 performing expansion, best =    1.3079517139687438E-003
 performing expansion, best =    1.3074448872859774E-003
 performing expansion, best =    1.3068428644646293E-003
 performing expansion, best =    1.3062843075587471E-003
 performing expansion, best =    1.3056818410804977E-003
 performing expansion, best =    1.3055959799486169E-003
 performing expansion, best =    1.3055440754554432E-003
 performing expansion, best =    1.3055046873823003E-003
 performing expansion, best =    1.3052886830139387E-003
 performing expansion, best =    1.3049801727290189E-003
 performing expansion, best =    1.3049128465103608E-003
 performing expansion, best =    1.3048673928063609E-003
 performing expansion, best =    1.3047589517773976E-003
 performing expansion, best =    1.3046195707061795E-003
 performing expansion, best =    1.3043457063087378E-003
 performing expansion, best =    1.3040034637303213E-003
 performing expansion, best =    1.3037380464419955E-003
 performing expansion, best =    1.3033002348139897E-003
 performing expansion, best =    1.3024964356947034E-003
 performing expansion, best =    1.3016899825653652E-003
 performing expansion, best =    1.3010329023223270E-003
 performing expansion, best =    1.3002411951278283E-003
 performing expansion, best =    1.2996685349238193E-003
 performing expansion, best =    1.2988534323472654E-003
 performing expansion, best =    1.2979470029859765E-003
 performing expansion, best =    1.2969449406759531E-003
 performing expansion, best =    1.2964340080178923E-003
 performing expansion, best =    1.2954524888805290E-003
 performing expansion, best =    1.2943642258952852E-003
 performing expansion, best =    1.2943492833989922E-003
 performing expansion, best =    1.2932097966969799E-003
 performing expansion, best =    1.2929612334064077E-003
 performing expansion, best =    1.2929106216724286E-003
 performing expansion, best =    1.2928255121057713E-003
 performing expansion, best =    1.2918794610027513E-003
 performing expansion, best =    1.2917801915510929E-003
 performing expansion, best =    1.2904625700695649E-003
 performing expansion, best =    1.2903476860346497E-003
 performing expansion, best =    1.2901855329680385E-003
 performing expansion, best =    1.2900532989758640E-003
 performing expansion, best =    1.2884204536929343E-003
 performing expansion, best =    1.2881306997966919E-003
 performing expansion, best =    1.2880681631738441E-003
 performing expansion, best =    1.2879315133199269E-003
 performing expansion, best =    1.2867762017558515E-003
 performing expansion, best =    1.2853196900216171E-003
 performing expansion, best =    1.2849764692335122E-003
 performing expansion, best =    1.2838371833089064E-003
 performing expansion, best =    1.2827435330358113E-003
 performing expansion, best =    1.2822562629269299E-003
 performing expansion, best =    1.2822000514764397E-003
 performing expansion, best =    1.2817771104850948E-003
 performing expansion, best =    1.2817243662402646E-003
 performing expansion, best =    1.2816403661407619E-003
 performing expansion, best =    1.2814578277547796E-003
 performing expansion, best =    1.2802389238134725E-003
 performing expansion, best =    1.2801854340404623E-003
 performing expansion, best =    1.2801364600131915E-003
 performing expansion, best =    1.2798701248155470E-003
 performing expansion, best =    1.2797195814727921E-003
 performing expansion, best =    1.2789058839262509E-003
 performing expansion, best =    1.2788478351499007E-003
 performing expansion, best =    1.2787628553589251E-003
 performing expansion, best =    1.2786532570366277E-003
 performing expansion, best =    1.2785261563276139E-003
 performing expansion, best =    1.2784396581032396E-003
 performing expansion, best =    1.2784377043807281E-003
 performing expansion, best =    1.2783541613443211E-003
 performing expansion, best =    1.2779908805202872E-003
 performing expansion, best =    1.2777984684817806E-003
 performing expansion, best =    1.2777968900604655E-003
 performing expansion, best =    1.2776886361871938E-003
 performing expansion, best =    1.2771769710780703E-003
 performing expansion, best =    1.2771148531366943E-003
 performing expansion, best =    1.2764291240096425E-003
 performing expansion, best =    1.2763863932295453E-003
 performing expansion, best =    1.2763686798598728E-003
 performing expansion, best =    1.2759163670991072E-003
 performing expansion, best =    1.2757156175866584E-003
 performing expansion, best =    1.2756697944028728E-003
 performing expansion, best =    1.2756130012993288E-003
 performing expansion, best =    1.2751746674174523E-003
 performing expansion, best =    1.2750596303461538E-003
 performing expansion, best =    1.2749971362483710E-003
 performing expansion, best =    1.2749941741026667E-003
 performing expansion, best =    1.2749850161646891E-003
 performing expansion, best =    1.2749707025017046E-003
 performing expansion, best =    1.2747720147515407E-003
 performing expansion, best =    1.2747231525382971E-003
 performing expansion, best =    1.2747202568007350E-003
 performing expansion, best =    1.2746792093465281E-003
 performing expansion, best =    1.2745597647137172E-003
 performing expansion, best =    1.2745361634458317E-003
 performing expansion, best =    1.2744417265534295E-003
 performing expansion, best =    1.2743486685381296E-003
 performing expansion, best =    1.2741031554241516E-003
 performing expansion, best =    1.2740673973951299E-003
 performing expansion, best =    1.2740670796287830E-003
 performing expansion, best =    1.2740272103592513E-003
 performing expansion, best =    1.2740252257348384E-003
 performing expansion, best =    1.2739617035467041E-003
 performing expansion, best =    1.2739449779673704E-003
 performing expansion, best =    1.2739423170694984E-003
 performing expansion, best =    1.2739224190529994E-003
 performing expansion, best =    1.2739173719143366E-003
 performing expansion, best =    1.2739058069053948E-003
 performing expansion, best =    1.2738991830476443E-003
 performing expansion, best =    1.2738816301764416E-003
 performing expansion, best =    1.2738337828657859E-003
 performing expansion, best =    1.2738331416676464E-003
 performing expansion, best =    1.2738195359687054E-003
 performing expansion, best =    1.2737992044955988E-003
 performing expansion, best =    1.2737911194147611E-003
 performing expansion, best =    1.2737528830689645E-003
 performing expansion, best =    1.2737489188098575E-003
 performing expansion, best =    1.2737307632896511E-003
 performing expansion, best =    1.2737207555206674E-003
 performing expansion, best =    1.2737076901822072E-003
 performing expansion, best =    1.2736934220935517E-003
 performing expansion, best =    1.2736927806355116E-003
 performing expansion, best =    1.2736821927587056E-003
 performing expansion, best =    1.2736814119761355E-003
 performing expansion, best =    1.2736725258281896E-003
 performing expansion, best =    1.2736571440639570E-003
 performing expansion, best =    1.2736552713619514E-003
 performing expansion, best =    1.2736523414428134E-003
 performing expansion, best =    1.2736473869536702E-003
 performing expansion, best =    1.2736350513938657E-003
 performing expansion, best =    1.2736345554027924E-003
 performing expansion, best =    1.2736291973761010E-003
 performing expansion, best =    1.2736234615533895E-003
 performing expansion, best =    1.2736145129405893E-003
 performing expansion, best =    1.2736064489576868E-003
 performing expansion, best =    1.2736061555974644E-003
 performing expansion, best =    1.2736009137644922E-003
 performing expansion, best =    1.2736008660909806E-003
 performing expansion, best =    1.2736004327797491E-003
 performing expansion, best =    1.2735833496385085E-003
 performing expansion, best =    1.2735832687724891E-003
 performing expansion, best =    1.2735786338206269E-003
 performing expansion, best =    1.2735776608666172E-003
 performing expansion, best =    1.2735537207984107E-003
 performing expansion, best =    1.2735518190327775E-003
 performing expansion, best =    1.2735308398279142E-003
 performing expansion, best =    1.2734971346236392E-003
 performing expansion, best =    1.2734582866813179E-003
 performing expansion, best =    1.2734250137461695E-003
 performing expansion, best =    1.2733925402744874E-003
 performing expansion, best =    1.2733503953524879E-003
 performing expansion, best =    1.2733132851733458E-003
 performing expansion, best =    1.2732604535982146E-003
 performing expansion, best =    1.2732578233256167E-003
 performing expansion, best =    1.2732117157817004E-003
 performing expansion, best =    1.2732033970399544E-003
 performing expansion, best =    1.2731469339311598E-003
 performing expansion, best =    1.2730909163979590E-003
 performing expansion, best =    1.2730373536181355E-003
 performing expansion, best =    1.2729743136628080E-003
 performing expansion, best =    1.2729197524300954E-003
 performing expansion, best =    1.2729141651107096E-003
 performing expansion, best =    1.2728422364482891E-003
 performing expansion, best =    1.2727595865276767E-003
 performing expansion, best =    1.2726787053652837E-003
 performing expansion, best =    1.2725907957930266E-003
 performing expansion, best =    1.2725147871982781E-003
 performing expansion, best =    1.2725009584068367E-003
 performing expansion, best =    1.2725005061014095E-003
 performing expansion, best =    1.2724117370039067E-003
 performing expansion, best =    1.2723030807583896E-003
 performing expansion, best =    1.2721769185304755E-003
 performing expansion, best =    1.2720631627121651E-003
 performing expansion, best =    1.2719324209348015E-003
 performing expansion, best =    1.2717996536926199E-003
 performing expansion, best =    1.2716611779340847E-003
 performing expansion, best =    1.2714920878154309E-003
 performing expansion, best =    1.2713235138940941E-003
 performing expansion, best =    1.2711215275724580E-003
 performing expansion, best =    1.2709268970556831E-003
 performing expansion, best =    1.2706944322672057E-003
 performing expansion, best =    1.2704972506958250E-003
 performing expansion, best =    1.2702030173646190E-003
 performing expansion, best =    1.2699276275082853E-003
 performing expansion, best =    1.2696114421366731E-003
 performing expansion, best =    1.2692791052766681E-003
 performing expansion, best =    1.2689484573457888E-003
 performing expansion, best =    1.2685676147081116E-003
 performing expansion, best =    1.2681390311842333E-003
 performing expansion, best =    1.2677260112701658E-003
 performing expansion, best =    1.2676631129718962E-003
 performing expansion, best =    1.2676244988295464E-003
 performing expansion, best =    1.2672153372642778E-003
 performing expansion, best =    1.2667856676791631E-003
 performing expansion, best =    1.2664139040586837E-003
 performing expansion, best =    1.2663949530565162E-003
 performing expansion, best =    1.2659165059122023E-003
 performing expansion, best =    1.2654138145856604E-003
 performing expansion, best =    1.2649140182403491E-003
 performing expansion, best =    1.2648582330136149E-003
 performing expansion, best =    1.2648376127928076E-003
 performing expansion, best =    1.2648167454053423E-003
 performing expansion, best =    1.2647652021803744E-003
 performing expansion, best =    1.2642978170681410E-003
 performing expansion, best =    1.2642939444391568E-003
 performing expansion, best =    1.2642304442248519E-003
 performing expansion, best =    1.2641901925181439E-003
 performing expansion, best =    1.2641605526835687E-003
 performing expansion, best =    1.2641154492555417E-003
 performing expansion, best =    1.2641101085399474E-003
 performing expansion, best =    1.2637789704731286E-003
 performing expansion, best =    1.2637425891328610E-003
 performing expansion, best =    1.2635336913257144E-003
 performing expansion, best =    1.2633601647896787E-003
 performing expansion, best =    1.2632227159606519E-003
 performing expansion, best =    1.2629822747844876E-003
 performing expansion, best =    1.2627433898625222E-003
 performing expansion, best =    1.2625289605052298E-003
 performing expansion, best =    1.2622750559600424E-003
 performing expansion, best =    1.2620104336772467E-003
 performing expansion, best =    1.2617188596730983E-003
 performing expansion, best =    1.2616521544142271E-003
 performing expansion, best =    1.2615870977782111E-003
 performing expansion, best =    1.2615749033203008E-003
 performing expansion, best =    1.2615445467351843E-003
 performing expansion, best =    1.2615318682519423E-003
 performing expansion, best =    1.2615208778133668E-003
 performing expansion, best =    1.2612849316224371E-003
 performing expansion, best =    1.2612815583151291E-003
 performing expansion, best =    1.2611353881803668E-003
 performing expansion, best =    1.2611219686214760E-003
 performing expansion, best =    1.2610686785824719E-003
 performing expansion, best =    1.2610484505578238E-003
 performing expansion, best =    1.2610121484332745E-003
 performing expansion, best =    1.2609930085283689E-003
 performing expansion, best =    1.2607722676190813E-003
 performing expansion, best =    1.2607540916338067E-003
 performing expansion, best =    1.2605866217722359E-003
 performing expansion, best =    1.2604774627016139E-003
 performing expansion, best =    1.2604497863783490E-003
 performing expansion, best =    1.2604445035873605E-003
 performing expansion, best =    1.2604164316247053E-003
 performing expansion, best =    1.2604020763093398E-003
 performing expansion, best =    1.2603926604384118E-003
 performing expansion, best =    1.2603804616637580E-003
 performing expansion, best =    1.2603728828509467E-003
 performing expansion, best =    1.2603511650733986E-003
 performing expansion, best =    1.2602935183746910E-003
 performing expansion, best =    1.2602433059151013E-003
 performing expansion, best =    1.2602426636974539E-003
 performing expansion, best =    1.2602406265070296E-003
 performing expansion, best =    1.2601911944189804E-003
 performing expansion, best =    1.2601342990355973E-003
 performing expansion, best =    1.2601301843533025E-003
 performing expansion, best =    1.2600727616002532E-003
 performing expansion, best =    1.2600648014484026E-003
 performing expansion, best =    1.2600590173780088E-003
 performing expansion, best =    1.2600583146463089E-003
 performing expansion, best =    1.2600560544688223E-003
 performing expansion, best =    1.2600531720710459E-003
 performing expansion, best =    1.2600518742594883E-003
 performing expansion, best =    1.2600431872529794E-003
 performing expansion, best =    1.2600422365763890E-003
 performing expansion, best =    1.2600410618871397E-003
 performing expansion, best =    1.2600328942559589E-003
 performing expansion, best =    1.2599930584317651E-003
 performing expansion, best =    1.2599545245312294E-003
 performing expansion, best =    1.2599161070004923E-003
 performing expansion, best =    1.2598805922154211E-003
 performing expansion, best =    1.2598780215948642E-003
 performing expansion, best =    1.2598775734405882E-003
 performing expansion, best =    1.2598415986195750E-003
 performing expansion, best =    1.2597989995833060E-003
 performing expansion, best =    1.2597400775567274E-003
 performing expansion, best =    1.2596902887861375E-003
 performing expansion, best =    1.2596848714890602E-003
 performing expansion, best =    1.2596435730429236E-003
 performing expansion, best =    1.2596378030482536E-003
 performing expansion, best =    1.2595952481426753E-003
 performing expansion, best =    1.2595929729717213E-003
 performing expansion, best =    1.2595580196469644E-003
 performing expansion, best =    1.2595518390384976E-003
 performing expansion, best =    1.2595120596122350E-003
 performing expansion, best =    1.2594732512050727E-003
 performing expansion, best =    1.2594215489843924E-003
 performing expansion, best =    1.2593740584753320E-003
 performing expansion, best =    1.2593737545643689E-003
 performing expansion, best =    1.2593403648961006E-003
 performing expansion, best =    1.2593381552453151E-003
 performing expansion, best =    1.2593379082489597E-003
 performing expansion, best =    1.2593176092721232E-003
 performing expansion, best =    1.2593112340503554E-003
 performing expansion, best =    1.2593069825174591E-003
 performing expansion, best =    1.2593048009979023E-003
 performing expansion, best =    1.2593006316721739E-003
 performing expansion, best =    1.2592967947022183E-003
 performing expansion, best =    1.2592926645479555E-003
 performing expansion, best =    1.2592918417762386E-003
 performing expansion, best =    1.2592584383305642E-003
 performing expansion, best =    1.2592503884671605E-003
 performing expansion, best =    1.2592157249360280E-003
 performing expansion, best =    1.2592134392883424E-003
 performing expansion, best =    1.2591861026976614E-003
 performing expansion, best =    1.2591833454498795E-003
 performing expansion, best =    1.2591569346917567E-003
 performing expansion, best =    1.2591310244501944E-003
 performing expansion, best =    1.2590947934143020E-003
 performing expansion, best =    1.2590928234521828E-003
 performing expansion, best =    1.2590641103838380E-003
 performing expansion, best =    1.2590611937687121E-003
 performing expansion, best =    1.2590536564976956E-003
 performing expansion, best =    1.2590207968810349E-003
 performing expansion, best =    1.2590202737777173E-003
 performing expansion, best =    1.2589939982702106E-003
 performing expansion, best =    1.2589645426228672E-003
 performing expansion, best =    1.2589237097371008E-003
 performing expansion, best =    1.2589202653937540E-003
 performing expansion, best =    1.2589184605491860E-003
 performing expansion, best =    1.2588820762655939E-003
 performing expansion, best =    1.2588746219299879E-003
 performing expansion, best =    1.2588722168387853E-003
 performing expansion, best =    1.2588684641537788E-003
 performing expansion, best =    1.2588275076639835E-003
 performing expansion, best =    1.2587810458038824E-003
 performing expansion, best =    1.2587780427082056E-003
 performing expansion, best =    1.2587294832007467E-003
 performing expansion, best =    1.2586827303194500E-003
 performing expansion, best =    1.2586780387239436E-003
 performing expansion, best =    1.2586247698652138E-003
 performing expansion, best =    1.2586245868898855E-003
 performing expansion, best =    1.2585736641961712E-003
 performing expansion, best =    1.2585735971721362E-003
 performing expansion, best =    1.2585293701888507E-003
 performing expansion, best =    1.2584658436288183E-003
 performing expansion, best =    1.2584058252216755E-003
 performing expansion, best =    1.2583341133907517E-003
 performing expansion, best =    1.2582506793889282E-003
 performing expansion, best =    1.2581604560578821E-003
 performing expansion, best =    1.2581549609522907E-003
 performing expansion, best =    1.2580792826653981E-003
 performing expansion, best =    1.2579876937855860E-003
 performing expansion, best =    1.2578828746407785E-003
 performing expansion, best =    1.2577938270441997E-003
 performing expansion, best =    1.2576764334558982E-003
 performing expansion, best =    1.2575680688119743E-003
 performing expansion, best =    1.2574620930446169E-003
 performing expansion, best =    1.2573713633578590E-003
 performing expansion, best =    1.2572454218511496E-003
 performing expansion, best =    1.2571118112647151E-003
 performing expansion, best =    1.2569855120016995E-003
 performing expansion, best =    1.2568673146778906E-003
 performing expansion, best =    1.2567370457571775E-003
 performing expansion, best =    1.2565840268181751E-003
 performing expansion, best =    1.2564842088515907E-003
 performing expansion, best =    1.2563169477361504E-003
 performing expansion, best =    1.2561638892858071E-003
 performing expansion, best =    1.2560126506826611E-003
 performing expansion, best =    1.2558480082537897E-003
 performing expansion, best =    1.2556684327856772E-003
 performing expansion, best =    1.2554528235110953E-003
 performing expansion, best =    1.2552428585463817E-003
 performing expansion, best =    1.2550671538161604E-003
 performing expansion, best =    1.2548204423712397E-003
 performing expansion, best =    1.2545666399782116E-003
 performing expansion, best =    1.2542516258880042E-003
 performing expansion, best =    1.2539748249750457E-003
 performing expansion, best =    1.2537148419784685E-003
 performing expansion, best =    1.2533580419125121E-003
 performing expansion, best =    1.2531462632186907E-003
 performing expansion, best =    1.2527920874217376E-003
 performing expansion, best =    1.2523931869376735E-003
 performing expansion, best =    1.2518372011118182E-003
 performing expansion, best =    1.2513412639467442E-003
 performing expansion, best =    1.2508603397907738E-003
 performing expansion, best =    1.2503660041076144E-003
 performing expansion, best =    1.2498675937911621E-003
 performing expansion, best =    1.2492823297773465E-003
 performing expansion, best =    1.2486168779879949E-003
 performing expansion, best =    1.2479882035626678E-003
 performing expansion, best =    1.2474271669501839E-003
 performing expansion, best =    1.2469189307980166E-003
 performing expansion, best =    1.2463009163147490E-003
 performing expansion, best =    1.2456544726833915E-003
 performing expansion, best =    1.2450729523091337E-003
 performing expansion, best =    1.2445475857536267E-003
 performing expansion, best =    1.2440877636241189E-003
 performing expansion, best =    1.2438757515046629E-003
 performing expansion, best =    1.2436928180247404E-003
 performing expansion, best =    1.2434162339081793E-003
 performing expansion, best =    1.2433259734635331E-003
 performing expansion, best =    1.2432582422041291E-003
 performing expansion, best =    1.2431656895172513E-003
 performing expansion, best =    1.2430213539258697E-003
 performing expansion, best =    1.2429911248897851E-003
 performing expansion, best =    1.2428955144345299E-003
 performing expansion, best =    1.2427547730225145E-003
 performing expansion, best =    1.2427228833415680E-003
 performing expansion, best =    1.2426215373789206E-003
 performing expansion, best =    1.2424777433812275E-003
 performing expansion, best =    1.2424730576493621E-003
 performing expansion, best =    1.2423805437710770E-003
 performing expansion, best =    1.2422877893515393E-003
 performing expansion, best =    1.2422619846999775E-003
 performing expansion, best =    1.2422454594413664E-003
 performing expansion, best =    1.2422154567306638E-003
 performing expansion, best =    1.2421260596361615E-003
 performing expansion, best =    1.2420514700701348E-003
 performing expansion, best =    1.2418862053067475E-003
 performing expansion, best =    1.2416479974971498E-003
 performing expansion, best =    1.2415231332684020E-003
 performing expansion, best =    1.2413908200965826E-003
 performing expansion, best =    1.2412486536501370E-003
 performing expansion, best =    1.2410423923120337E-003
 performing expansion, best =    1.2408054862299781E-003
 performing expansion, best =    1.2405642575108041E-003
 performing expansion, best =    1.2405428551243709E-003
 performing expansion, best =    1.2404860515607585E-003
 performing expansion, best =    1.2404460681307503E-003
 performing expansion, best =    1.2403139166537818E-003
 performing expansion, best =    1.2401802177703012E-003
 performing expansion, best =    1.2401802177219191E-003
 performing expansion, best =    1.2401273584187735E-003
 performing expansion, best =    1.2401160237003280E-003
 performing expansion, best =    1.2401145964476871E-003
 performing expansion, best =    1.2400775696184570E-003
 performing expansion, best =    1.2400669199331194E-003
 performing expansion, best =    1.2400447098852223E-003
 performing expansion, best =    1.2400362376218997E-003
 performing expansion, best =    1.2399881836636058E-003
 performing expansion, best =    1.2399801165113944E-003
 performing expansion, best =    1.2399563462288606E-003
 performing expansion, best =    1.2399469469652397E-003
 performing expansion, best =    1.2399327361025231E-003
 performing expansion, best =    1.2399269098853285E-003
 performing expansion, best =    1.2399137760637992E-003
 performing expansion, best =    1.2399071580933389E-003
 performing expansion, best =    1.2398977176803904E-003
 performing expansion, best =    1.2398870147923599E-003
 performing expansion, best =    1.2398796495225210E-003
 performing expansion, best =    1.2398693317893243E-003
 performing expansion, best =    1.2398626744907254E-003
 performing expansion, best =    1.2398623297815738E-003
 performing expansion, best =    1.2398532019146178E-003
 performing expansion, best =    1.2398397692232779E-003
 performing expansion, best =    1.2398106766624887E-003
 performing expansion, best =    1.2398054672207390E-003
 performing expansion, best =    1.2397967800496612E-003
 performing expansion, best =    1.2397852059861667E-003
 performing expansion, best =    1.2397720003456160E-003
 performing expansion, best =    1.2397703497933285E-003
 performing expansion, best =    1.2397636239326797E-003
 performing expansion, best =    1.2397504121239679E-003
 performing expansion, best =    1.2397494206872451E-003
 performing expansion, best =    1.2397311126575818E-003
 performing expansion, best =    1.2397306670788788E-003
 performing expansion, best =    1.2397287737847102E-003
 performing expansion, best =    1.2397201104721667E-003
 performing expansion, best =    1.2397166803064243E-003
 performing expansion, best =    1.2397157817145175E-003
 performing expansion, best =    1.2397096341810775E-003
 performing expansion, best =    1.2396950152436404E-003
 performing expansion, best =    1.2396883825747315E-003
 performing expansion, best =    1.2396856296655980E-003
 performing expansion, best =    1.2396832036557092E-003
 performing expansion, best =    1.2396821133054323E-003
 performing expansion, best =    1.2396698541778163E-003
 performing expansion, best =    1.2396663658201309E-003
 performing expansion, best =    1.2396655153706156E-003
 performing expansion, best =    1.2396639168578967E-003
 performing expansion, best =    1.2396510577729909E-003
 performing expansion, best =    1.2396424171537020E-003
 performing expansion, best =    1.2396419639457410E-003
 performing expansion, best =    1.2396395756263448E-003
 performing expansion, best =    1.2396232357621871E-003
 performing expansion, best =    1.2396038942780996E-003
 performing expansion, best =    1.2395989889852897E-003
 performing expansion, best =    1.2395978833608127E-003
 performing expansion, best =    1.2395973522167346E-003
 performing expansion, best =    1.2395953590019324E-003
 performing expansion, best =    1.2395940777200725E-003
 performing expansion, best =    1.2395911975867692E-003
 performing expansion, best =    1.2395907193279798E-003
 performing expansion, best =    1.2395847919202479E-003
 performing expansion, best =    1.2395831621925925E-003
 performing expansion, best =    1.2395675369571055E-003
 performing expansion, best =    1.2395535634220761E-003
 performing expansion, best =    1.2395514697488468E-003
 performing expansion, best =    1.2395506762701942E-003
 performing expansion, best =    1.2395506671520182E-003
 performing expansion, best =    1.2395472944953651E-003
 performing expansion, best =    1.2395471406731625E-003
 performing expansion, best =    1.2395386015848855E-003
 performing expansion, best =    1.2395263273337460E-003
 performing expansion, best =    1.2395222185092216E-003
 performing expansion, best =    1.2395074625875472E-003
 performing expansion, best =    1.2394952403856647E-003
 performing expansion, best =    1.2394938958080850E-003
 performing expansion, best =    1.2394889003733995E-003
 performing expansion, best =    1.2394878801127490E-003
 performing expansion, best =    1.2394857773157697E-003
 performing expansion, best =    1.2394711436798274E-003
 performing expansion, best =    1.2394703846069994E-003
 performing expansion, best =    1.2394695054459401E-003
 performing expansion, best =    1.2394582296009859E-003
 performing expansion, best =    1.2394414677387169E-003
 performing expansion, best =    1.2394256055731404E-003
 performing expansion, best =    1.2394138739843666E-003
 performing expansion, best =    1.2393923424194795E-003
 performing expansion, best =    1.2393725418379492E-003
 performing expansion, best =    1.2393719640927258E-003
 performing expansion, best =    1.2393582375998466E-003
 performing expansion, best =    1.2393399665114712E-003
 performing expansion, best =    1.2393188429434823E-003
 performing expansion, best =    1.2392920701276404E-003
 performing expansion, best =    1.2392662659317243E-003
 performing expansion, best =    1.2392362404661022E-003
 performing expansion, best =    1.2392002133290994E-003
 performing expansion, best =    1.2391730423286021E-003
 performing expansion, best =    1.2391450694172383E-003
 performing expansion, best =    1.2391132916803895E-003
 performing expansion, best =    1.2390860679195076E-003
 performing expansion, best =    1.2390636762234272E-003
 performing expansion, best =    1.2390355362007785E-003
 performing expansion, best =    1.2389998843146985E-003
 performing expansion, best =    1.2389581279103100E-003
 performing expansion, best =    1.2389139792238703E-003
 performing expansion, best =    1.2388790887321349E-003
 performing expansion, best =    1.2388562449653143E-003
 performing expansion, best =    1.2388368250920480E-003
 performing expansion, best =    1.2388194965214682E-003
 performing expansion, best =    1.2387908106496082E-003
 performing expansion, best =    1.2387695910398666E-003
 performing expansion, best =    1.2387444236411525E-003
 performing expansion, best =    1.2387257404832906E-003
 performing expansion, best =    1.2387123845491363E-003
 performing expansion, best =    1.2386915844971281E-003
 performing expansion, best =    1.2386672426971613E-003
 performing expansion, best =    1.2386547453894288E-003
 performing expansion, best =    1.2386344421659163E-003
 performing expansion, best =    1.2386245945717066E-003
 performing expansion, best =    1.2386135593194230E-003
 performing expansion, best =    1.2386116895394615E-003
 performing expansion, best =    1.2385996443209002E-003
 performing expansion, best =    1.2385989462949532E-003
 performing expansion, best =    1.2385896846393502E-003
 performing expansion, best =    1.2385795316071585E-003
 performing expansion, best =    1.2385686531706601E-003
 performing expansion, best =    1.2385671526497285E-003
 performing expansion, best =    1.2385575045980009E-003
 performing expansion, best =    1.2385502039810555E-003
 performing expansion, best =    1.2385307329289871E-003
 performing expansion, best =    1.2385238142948098E-003
 performing expansion, best =    1.2385181348542953E-003
 performing expansion, best =    1.2385059282746535E-003
 performing expansion, best =    1.2385025272817856E-003
 performing expansion, best =    1.2384996751866599E-003
 performing expansion, best =    1.2384995832022427E-003
 performing expansion, best =    1.2384986326004278E-003
 performing expansion, best =    1.2384954903582311E-003
 performing expansion, best =    1.2384954441397179E-003
 performing expansion, best =    1.2384951966552438E-003
 performing expansion, best =    1.2384937668706141E-003
 performing expansion, best =    1.2384932167990091E-003
 performing expansion, best =    1.2384926886774457E-003
 performing expansion, best =    1.2384925038666458E-003
 performing expansion, best =    1.2384912585022816E-003
 performing expansion, best =    1.2384909465082874E-003
 performing expansion, best =    1.2384906282167935E-003
 performing expansion, best =    1.2384904658885073E-003
 performing expansion, best =    1.2384903209542867E-003
 performing expansion, best =    1.2384895689148919E-003
 performing expansion, best =    1.2384888849948715E-003
 performing expansion, best =    1.2384885280756160E-003
 performing expansion, best =    1.2384881573408318E-003
 performing expansion, best =    1.2384875125181799E-003
 performing expansion, best =    1.2384874014667842E-003
 performing expansion, best =    1.2384869485764602E-003
 performing expansion, best =    1.2384867370807452E-003
 performing expansion, best =    1.2384858485870282E-003
 performing expansion, best =    1.2384852494629771E-003
 performing expansion, best =    1.2384834983485337E-003
 performing expansion, best =    1.2384820752955876E-003
 performing expansion, best =    1.2384814314503093E-003
 performing expansion, best =    1.2384786891359168E-003
 performing expansion, best =    1.2384762682598749E-003
 performing expansion, best =    1.2384744948353477E-003
 performing expansion, best =    1.2384715960415827E-003
 performing expansion, best =    1.2384687851909933E-003
 performing expansion, best =    1.2384663497529065E-003
 performing expansion, best =    1.2384630965361571E-003
 performing expansion, best =    1.2384590042407142E-003
 performing expansion, best =    1.2384531391470954E-003
 performing expansion, best =    1.2384480131406384E-003
 performing expansion, best =    1.2384432194390478E-003
 performing expansion, best =    1.2384369435342521E-003
 performing expansion, best =    1.2384303024628946E-003
 performing expansion, best =    1.2384240764185756E-003
 performing expansion, best =    1.2384203867202796E-003
 performing expansion, best =    1.2384126166525976E-003
 performing expansion, best =    1.2384037638359772E-003
 performing expansion, best =    1.2383937391532908E-003
 performing expansion, best =    1.2383819824403103E-003
 performing expansion, best =    1.2383714896056007E-003
 performing expansion, best =    1.2383581536816505E-003
 performing expansion, best =    1.2383445091052887E-003
 performing expansion, best =    1.2383310021714757E-003
 performing expansion, best =    1.2383135585198096E-003
 performing expansion, best =    1.2382959424232403E-003
 performing expansion, best =    1.2382744774170967E-003
 performing expansion, best =    1.2382524165440423E-003
 performing expansion, best =    1.2382294347761033E-003
 performing expansion, best =    1.2382044329764758E-003
 performing expansion, best =    1.2381809308246515E-003
 performing expansion, best =    1.2381534333890268E-003
 performing expansion, best =    1.2381218004935484E-003
 performing expansion, best =    1.2380864913070155E-003
 performing expansion, best =    1.2380456779917694E-003
 performing expansion, best =    1.2380083904376120E-003
Exiting simplex optimization after 10001 iterations
RMSE         1.237970432E-03 Hartree
NEW BEST!
Best found solution for 10 charges:
        RMSE         7.768375879E-01 kcal/mol
         MAE         4.612682042E-01 kcal/mol
     max. AE         7.556462844E+00 kcal/mol

       x[bohr]       y[bohr]       z[bohr]          q[e]
     0.0981443     1.9269721     0.0000287     0.9412753
     0.7223684     2.1187251    -0.0001203    -0.9215896
     1.6031434     3.7352918    -0.0067027     0.6718677
     3.3618552     1.5146522     0.0098980     0.2728548
     1.5519367     2.7981488    -0.0054217    -0.9618721
    -1.3735652    -2.1924649    -0.0029690    -0.9981195
    -1.0140964    -1.1364007    -0.0129444     0.3873477
     1.6320957    -2.5620246    -0.0281955     0.1521652
    -3.8219404    -1.5973198     0.0120120     0.1821923
    -1.6687982    -4.2706885     0.0010537     0.2738782

