Running in fitting mode

Reading "/data/boittier/energies/h2o_geom.xyz.dir/h2o_1.chk.fchk.potential.cube"...

  h2o Potential=SCF
  Electrostatic potential from Total SCF Density
    3   -4.970736   -4.748413   -4.970736
   80    0.125841    0.000000    0.000000
   80    0.000000    0.125841    0.000000
   80    0.000000    0.000000    0.125841
    8    8.000000    0.000000    0.222323    0.000000
    1    1.000000    1.427171   -0.896400    0.000000
    1    1.000000   -1.427171   -0.882184    0.000000
  1.66698E-02  1.67288E-02  1.67584E-02  1.67584E-02  1.67288E-02  1.66698E-02
       .            .            .            .            .            .
       .            .            .            .            .            .
       .            .            .            .            .            .
 -9.18626E-03 -9.18159E-03 -9.17225E-03 -9.15823E-03 -9.13952E-03 -9.11609E-03

338246 out of 512000 gridpoints are considered ( 66.1%).

...done!




 Refining solution from file/home/boittier/MDCM-1/examples/water/4-fit-frags/frag1/fit1/3charges.xyz
 Contains      3 charges
      Initial RMSE =         8.268735071E-01 kcal/mol
Running DE in parallel with 4 thread(s)!


User requested refinement using simplex algorithm (no DE)

 performing expansion, best =    1.3177078050882829E-003
Exiting simplex optimization after   415 iterations
RMSE         1.317707805E-03 Hartree
NEW BEST!
Best found solution for 3 charges:
        RMSE         8.268735071E-01 kcal/mol
         MAE         5.363832736E-01 kcal/mol
     max. AE         6.274586313E+00 kcal/mol

       x[bohr]       y[bohr]       z[bohr]          q[e]
     0.0001610    -0.0947085    -0.0000159    -1.0000000
     1.4802376    -0.8751517    -0.0000170     0.4999980
    -1.4818143    -0.8620228    -0.0000136     0.5000020

