Running in fitting mode

Reading "/data/boittier/gaussian_scans/butadiene/scan_extract_0.xyz.chk.fchk.pot.cube"...

  opt Potential
  Electrostatic potential from Total SCF Density
   10   -8.606892   -9.296586   -6.512752
   85    0.203727    0.000000    0.000000
   92    0.000000    0.203727    0.000000
   65    0.000000    0.000000    0.203727
    6    6.000000    2.094140    2.783833    0.000000
    6    6.000000    0.000000    1.372509    0.000000
    6    6.000000    0.000000   -1.372508    0.000000
    6    6.000000   -2.094140   -2.783833    0.000000
    1    1.000000    2.009811    4.824243    0.000000
    1    1.000000    3.951380    1.924660    0.000000
    1    1.000000   -1.835514    2.288467    0.000000
    1    1.000000    1.835514   -2.288466    0.000000
    1    1.000000   -3.951380   -1.924661    0.000000
    1    1.000000   -2.009810   -4.824243    0.000000
  9.80807E-03  9.85942E-03  9.80109E-03  8.92072E-03  9.15410E-03  9.29653E-03
       .            .            .            .            .            .
       .            .            .            .            .            .
       .            .            .            .            .            .
  2.29269E-03  2.29923E-03  2.29180E-03  2.27053E-03  2.23580E-03  2.18822E-03

145430 out of 508300 gridpoints are considered ( 28.6%).

...done!




USING GREEDY MODE
File "multipole1_1charges.xyz" already exists. Fitting procedure is skipped.
File "multipole1_2charges.xyz" already exists. Fitting procedure is skipped.
File "multipole1_3charges.xyz" already exists. Fitting procedure is skipped.
File "multipole1_4charges.xyz" already exists. Fitting procedure is skipped.
File "multipole2_1charges.xyz" already exists. Fitting procedure is skipped.
File "multipole2_2charges.xyz" already exists. Fitting procedure is skipped.
File "multipole2_3charges.xyz" already exists. Fitting procedure is skipped.
File "multipole2_4charges.xyz" already exists. Fitting procedure is skipped.
File "multipole5_1charges.xyz" already exists. Fitting procedure is skipped.
File "multipole5_2charges.xyz" already exists. Fitting procedure is skipped.
File "multipole5_3charges.xyz" already exists. Fitting procedure is skipped.
File "multipole5_4charges.xyz" already exists. Fitting procedure is skipped.
File "multipole6_1charges.xyz" already exists. Fitting procedure is skipped.
File "multipole6_2charges.xyz" already exists. Fitting procedure is skipped.
File "multipole6_3charges.xyz" already exists. Fitting procedure is skipped.
File "multipole6_4charges.xyz" already exists. Fitting procedure is skipped.
File "multipole7_1charges.xyz" already exists. Fitting procedure is skipped.
File "multipole7_2charges.xyz" already exists. Fitting procedure is skipped.
File "multipole7_3charges.xyz" already exists. Fitting procedure is skipped.
File "multipole7_4charges.xyz" already exists. Fitting procedure is skipped.
Fragment fit detected
Fitting to MTP grid, discarding reference MEP cube data
Subsequent stats etc. are compared to MTP data, not the
MEP from the reference cube file
Total fragment charge (a.u.):         4.707530825E-02
Running DE in parallel with 4 thread(s)!

Starting fitting procedure for 5 charges, trial 1
gen      0/10000      elitist  1.3050210E-02 feasible? F
gen    100/10000      elitist  7.2581610E-02 feasible? F
gen    200/10000      elitist  4.8175482E-03 feasible? T
gen    300/10000      elitist  3.8415070E-03 feasible? T
gen    400/10000      elitist  3.7467524E-03 feasible? T
gen    500/10000      elitist  2.7777296E-03 feasible? T
gen    600/10000      elitist  2.5828040E-03 feasible? T
gen    700/10000      elitist  2.4884710E-03 feasible? T
gen    800/10000      elitist  2.4652608E-03 feasible? T
gen    900/10000      elitist  2.4633069E-03 feasible? T
gen   1000/10000      elitist  2.4620216E-03 feasible? T
gen   1100/10000      elitist  2.4604828E-03 feasible? T
gen   1200/10000      elitist  2.4600444E-03 feasible? T
gen   1300/10000      elitist  2.4397550E-03 feasible? T
gen   1400/10000      elitist  2.4362296E-03 feasible? T
gen   1500/10000      elitist  2.4342107E-03 feasible? T
gen   1600/10000      elitist  2.4335064E-03 feasible? T
gen   1700/10000      elitist  2.4334084E-03 feasible? T
gen   1800/10000      elitist  2.4334058E-03 feasible? T
gen   1900/10000      elitist  2.4334033E-03 feasible? T
gen   2000/10000      elitist  2.4333992E-03 feasible? T
gen   2100/10000      elitist  2.4333967E-03 feasible? T
gen   2200/10000      elitist  2.4331084E-03 feasible? T
gen   2300/10000      elitist  2.4329579E-03 feasible? T
gen   2400/10000      elitist  2.4323320E-03 feasible? T
gen   2500/10000      elitist  2.4322370E-03 feasible? T
gen   2600/10000      elitist  2.4322310E-03 feasible? T
gen   2700/10000      elitist  2.4320898E-03 feasible? T
gen   2800/10000      elitist  2.4319390E-03 feasible? T
gen   2900/10000      elitist  2.4317264E-03 feasible? T
gen   3000/10000      elitist  2.4313524E-03 feasible? T
gen   3100/10000      elitist  2.4312254E-03 feasible? T
gen   3200/10000      elitist  2.4310229E-03 feasible? T
gen   3300/10000      elitist  2.4308592E-03 feasible? T
gen   3400/10000      elitist  2.4306092E-03 feasible? T
gen   3500/10000      elitist  2.4304897E-03 feasible? T
gen   3600/10000      elitist  2.4304129E-03 feasible? T
gen   3700/10000      elitist  2.4304020E-03 feasible? T
gen   3800/10000      elitist  2.4304003E-03 feasible? T
gen   3900/10000      elitist  2.4304000E-03 feasible? T
gen   4000/10000      elitist  2.4304000E-03 feasible? T
gen   4100/10000      elitist  2.4303998E-03 feasible? T
gen   4200/10000      elitist  2.4303995E-03 feasible? T
gen   4300/10000      elitist  2.4303995E-03 feasible? T
gen   4400/10000      elitist  2.4303995E-03 feasible? T
gen   4500/10000      elitist  2.4303994E-03 feasible? T
population converged towards a single solution after 4515 generations.
Starting local simplex optimization:
Solution before refinement:      2.4303994473E-03
 performing expansion, best =    2.4303376420334354E-003
 performing expansion, best =    2.4303291178670774E-003
 performing expansion, best =    2.4303183710169046E-003
 performing expansion, best =    2.4303052503299736E-003
 performing expansion, best =    2.4302774650269707E-003
 performing expansion, best =    2.4302720650577303E-003
 performing expansion, best =    2.4302669369987251E-003
 performing expansion, best =    2.4302640157783987E-003
 performing expansion, best =    2.4302561951944470E-003
 performing expansion, best =    2.4302490966599077E-003
 performing expansion, best =    2.4302470041566594E-003
 performing expansion, best =    2.4302460335538971E-003
 performing expansion, best =    2.4302451488074500E-003
 performing expansion, best =    2.4302442366247561E-003
 performing expansion, best =    2.4302419477622151E-003
 performing expansion, best =    2.4302400854633649E-003
 performing expansion, best =    2.4302370253742904E-003
 performing expansion, best =    2.4302335461933821E-003
 performing expansion, best =    2.4302328002318383E-003
 performing expansion, best =    2.4302323159915216E-003
 performing expansion, best =    2.4302303696861396E-003
 performing expansion, best =    2.4302295168910719E-003
 performing expansion, best =    2.4302283073640227E-003
 performing expansion, best =    2.4302203014934837E-003
 performing expansion, best =    2.4302201614065455E-003
 performing expansion, best =    2.4302191040286112E-003
 performing expansion, best =    2.4302187575557790E-003
 performing expansion, best =    2.4302177885113614E-003
 performing expansion, best =    2.4302127811823512E-003
 performing expansion, best =    2.4302123179969896E-003
 performing expansion, best =    2.4302119940397540E-003
 performing expansion, best =    2.4302063445998836E-003
 performing expansion, best =    2.4302060162536129E-003
 performing expansion, best =    2.4302059098861633E-003
 performing expansion, best =    2.4302030293137946E-003
 performing expansion, best =    2.4302024827970170E-003
 performing expansion, best =    2.4302023717816747E-003
 performing expansion, best =    2.4301996100895835E-003
 performing expansion, best =    2.4301987270114625E-003
 performing expansion, best =    2.4301980026886095E-003
 performing expansion, best =    2.4301979214972104E-003
 performing expansion, best =    2.4301941857108040E-003
 performing expansion, best =    2.4301937656747569E-003
 performing expansion, best =    2.4301935174344219E-003
 performing expansion, best =    2.4301934620777148E-003
 performing expansion, best =    2.4301929399535892E-003
 performing expansion, best =    2.4301928765954476E-003
 performing expansion, best =    2.4301926232349414E-003
 performing expansion, best =    2.4301925866069590E-003
 performing expansion, best =    2.4301920580481863E-003
 performing expansion, best =    2.4301906222375207E-003
 performing expansion, best =    2.4301904640067558E-003
 performing expansion, best =    2.4301904634076951E-003
 performing expansion, best =    2.4301904225765320E-003
 performing expansion, best =    2.4301903990431675E-003
 performing expansion, best =    2.4301902721768033E-003
 performing expansion, best =    2.4301901887024573E-003
 performing expansion, best =    2.4301901037485896E-003
 performing expansion, best =    2.4301895246499066E-003
 performing expansion, best =    2.4301894710170085E-003
 performing expansion, best =    2.4301894055317320E-003
 performing expansion, best =    2.4301889293880975E-003
 performing expansion, best =    2.4301885289638799E-003
 performing expansion, best =    2.4301884645874369E-003
 performing expansion, best =    2.4301884427671999E-003
 performing expansion, best =    2.4301884378285909E-003
 performing expansion, best =    2.4301880468392350E-003
 performing expansion, best =    2.4301880013075055E-003
 performing expansion, best =    2.4301875348298478E-003
 performing expansion, best =    2.4301870542342906E-003
 performing expansion, best =    2.4301865279762781E-003
 performing expansion, best =    2.4301860671376188E-003
 performing expansion, best =    2.4301854447355150E-003
 performing expansion, best =    2.4301848530459938E-003
 performing expansion, best =    2.4301841180643050E-003
 performing expansion, best =    2.4301833318895716E-003
 performing expansion, best =    2.4301827760112257E-003
 performing expansion, best =    2.4301821273628732E-003
 performing expansion, best =    2.4301819826051791E-003
 performing expansion, best =    2.4301818919481629E-003
 performing expansion, best =    2.4301813744844756E-003
 performing expansion, best =    2.4301808829190882E-003
 performing expansion, best =    2.4301807938840402E-003
 performing expansion, best =    2.4301806738745747E-003
 performing expansion, best =    2.4301806155595839E-003
 performing expansion, best =    2.4301800464498827E-003
 performing expansion, best =    2.4301800451061117E-003
 performing expansion, best =    2.4301799676272697E-003
 performing expansion, best =    2.4301798776563510E-003
 performing expansion, best =    2.4301798385643831E-003
 performing expansion, best =    2.4301794783040858E-003
 performing expansion, best =    2.4301791463634675E-003
 performing expansion, best =    2.4301789494240544E-003
 performing expansion, best =    2.4301788779152391E-003
 performing expansion, best =    2.4301788007259394E-003
 performing expansion, best =    2.4301786927612267E-003
 performing expansion, best =    2.4301783815581456E-003
 performing expansion, best =    2.4301779937956408E-003
 performing expansion, best =    2.4301775868583782E-003
 performing expansion, best =    2.4301775694419831E-003
 performing expansion, best =    2.4301774841391588E-003
 performing expansion, best =    2.4301770712415009E-003
 performing expansion, best =    2.4301766704766660E-003
 performing expansion, best =    2.4301760297964800E-003
 performing expansion, best =    2.4301754203619706E-003
 performing expansion, best =    2.4301754192865527E-003
 performing expansion, best =    2.4301749207365250E-003
 performing expansion, best =    2.4301743579333516E-003
 performing expansion, best =    2.4301742544790002E-003
 performing expansion, best =    2.4301735229705001E-003
 performing expansion, best =    2.4301725799973973E-003
 performing expansion, best =    2.4301718673154604E-003
 performing expansion, best =    2.4301712219238544E-003
 performing expansion, best =    2.4301712215553778E-003
 performing expansion, best =    2.4301706394548334E-003
 performing expansion, best =    2.4301705067587766E-003
 performing expansion, best =    2.4301703839300424E-003
 performing expansion, best =    2.4301695875729337E-003
 performing expansion, best =    2.4301685804524451E-003
 performing expansion, best =    2.4301677880743631E-003
 performing expansion, best =    2.4301669035173131E-003
 performing expansion, best =    2.4301657610005635E-003
 performing expansion, best =    2.4301643419119873E-003
 performing expansion, best =    2.4301630687337075E-003
 performing expansion, best =    2.4301623649458648E-003
 performing expansion, best =    2.4301614562875174E-003
 performing expansion, best =    2.4301601557983974E-003
 performing expansion, best =    2.4301595200787820E-003
 performing expansion, best =    2.4301579144713381E-003
 performing expansion, best =    2.4301567748964336E-003
 performing expansion, best =    2.4301566369084775E-003
 performing expansion, best =    2.4301555122082622E-003
 performing expansion, best =    2.4301553124211309E-003
 performing expansion, best =    2.4301552390013641E-003
 performing expansion, best =    2.4301552234717544E-003
 performing expansion, best =    2.4301549645482602E-003
 performing expansion, best =    2.4301545336026034E-003
 performing expansion, best =    2.4301532534305886E-003
 performing expansion, best =    2.4301519993795199E-003
 performing expansion, best =    2.4301511335667260E-003
 performing expansion, best =    2.4301497972309357E-003
 performing expansion, best =    2.4301480461212830E-003
 performing expansion, best =    2.4301458488440600E-003
 performing expansion, best =    2.4301440622124747E-003
 performing expansion, best =    2.4301417399186253E-003
 performing expansion, best =    2.4301382832166022E-003
 performing expansion, best =    2.4301345428354567E-003
 performing expansion, best =    2.4301310297347813E-003
 performing expansion, best =    2.4301262442402733E-003
 performing expansion, best =    2.4301212493786644E-003
 performing expansion, best =    2.4301150713596903E-003
 performing expansion, best =    2.4301069814770160E-003
 performing expansion, best =    2.4300996337572539E-003
 performing expansion, best =    2.4300914926263682E-003
 performing expansion, best =    2.4300849242208677E-003
 performing expansion, best =    2.4300796289609904E-003
 performing expansion, best =    2.4300699417061020E-003
 performing expansion, best =    2.4300589934872006E-003
 performing expansion, best =    2.4300475993516298E-003
 performing expansion, best =    2.4300360338349756E-003
 performing expansion, best =    2.4300345819533832E-003
 performing expansion, best =    2.4300254210232624E-003
 performing expansion, best =    2.4300156653987502E-003
 performing expansion, best =    2.4300154427112485E-003
 performing expansion, best =    2.4300065326138751E-003
 performing expansion, best =    2.4299966220800800E-003
 performing expansion, best =    2.4299886428901796E-003
 performing expansion, best =    2.4299763001624100E-003
 performing expansion, best =    2.4299734333261265E-003
 performing expansion, best =    2.4299634668182688E-003
 performing expansion, best =    2.4299628657149584E-003
 performing expansion, best =    2.4299599186122936E-003
 performing expansion, best =    2.4299595227514916E-003
 performing expansion, best =    2.4299585782918795E-003
 performing expansion, best =    2.4299583345762273E-003
 performing expansion, best =    2.4299565845667787E-003
 performing expansion, best =    2.4299538960478781E-003
 performing expansion, best =    2.4299532557468593E-003
 performing expansion, best =    2.4299521432799803E-003
 performing expansion, best =    2.4299517130927663E-003
 performing expansion, best =    2.4299510032545894E-003
 performing expansion, best =    2.4299503371331493E-003
 performing expansion, best =    2.4299499933435986E-003
 performing expansion, best =    2.4299470393918405E-003
 performing expansion, best =    2.4299456397211578E-003
 performing expansion, best =    2.4299445725969294E-003
 performing expansion, best =    2.4299423342251329E-003
 performing expansion, best =    2.4299422294929160E-003
 performing expansion, best =    2.4299414473166491E-003
 performing expansion, best =    2.4299397932722585E-003
 performing expansion, best =    2.4299368971401241E-003
 performing expansion, best =    2.4299357981875237E-003
 performing expansion, best =    2.4299316903298824E-003
 performing expansion, best =    2.4299257496804743E-003
 performing expansion, best =    2.4299201106182801E-003
 performing expansion, best =    2.4299194552579364E-003
 performing expansion, best =    2.4299163168207067E-003
 performing expansion, best =    2.4299146916499392E-003
 performing expansion, best =    2.4299075894950320E-003
 performing expansion, best =    2.4299049881096797E-003
 performing expansion, best =    2.4299048997613515E-003
 performing expansion, best =    2.4299026128958828E-003
 performing expansion, best =    2.4299023779781087E-003
 performing expansion, best =    2.4298999371124225E-003
 performing expansion, best =    2.4298973532804178E-003
 performing expansion, best =    2.4298960775224216E-003
 performing expansion, best =    2.4298896379732491E-003
 performing expansion, best =    2.4298847852817114E-003
 performing expansion, best =    2.4298802272992547E-003
 performing expansion, best =    2.4298693423342272E-003
 performing expansion, best =    2.4298663613586823E-003
 performing expansion, best =    2.4298570857044762E-003
 performing expansion, best =    2.4298459463139572E-003
 performing expansion, best =    2.4298355508476370E-003
 performing expansion, best =    2.4298248103609876E-003
 performing expansion, best =    2.4298092941663963E-003
 performing expansion, best =    2.4297904692375050E-003
 performing expansion, best =    2.4297752809550213E-003
 performing expansion, best =    2.4297602844043724E-003
 performing expansion, best =    2.4297373168004981E-003
 performing expansion, best =    2.4297175745842323E-003
 performing expansion, best =    2.4296978669920343E-003
 performing expansion, best =    2.4296761994794351E-003
 performing expansion, best =    2.4296538658156661E-003
 performing expansion, best =    2.4296301310450272E-003
 performing expansion, best =    2.4296258611143156E-003
 performing expansion, best =    2.4296199965187781E-003
 performing expansion, best =    2.4296173709189304E-003
 performing expansion, best =    2.4296167481079674E-003
 performing expansion, best =    2.4296135542008672E-003
 performing expansion, best =    2.4296126021506165E-003
 performing expansion, best =    2.4296113349852448E-003
 performing expansion, best =    2.4296100888466913E-003
 performing expansion, best =    2.4296092598870083E-003
 performing expansion, best =    2.4296079216032463E-003
 performing expansion, best =    2.4296070742875200E-003
 performing expansion, best =    2.4296065597112582E-003
 performing expansion, best =    2.4296064793412832E-003
 performing expansion, best =    2.4296039929478565E-003
 performing expansion, best =    2.4296014176435031E-003
 performing expansion, best =    2.4295996532968621E-003
 performing expansion, best =    2.4295969715100278E-003
 performing expansion, best =    2.4295926986392050E-003
 performing expansion, best =    2.4295869996471624E-003
 performing expansion, best =    2.4295795053662205E-003
 performing expansion, best =    2.4295721353773734E-003
 performing expansion, best =    2.4295670851430871E-003
 performing expansion, best =    2.4295551336709206E-003
 performing expansion, best =    2.4295422219608401E-003
 performing expansion, best =    2.4295318746489032E-003
 performing expansion, best =    2.4295177492405446E-003
 performing expansion, best =    2.4295058047471407E-003
 performing expansion, best =    2.4294989031071064E-003
 performing expansion, best =    2.4294867808533917E-003
 performing expansion, best =    2.4294740303604364E-003
 performing expansion, best =    2.4294543972905756E-003
 performing expansion, best =    2.4294478025743377E-003
 performing expansion, best =    2.4294361551523177E-003
 performing expansion, best =    2.4294347054639614E-003
 performing expansion, best =    2.4294338084326055E-003
 performing expansion, best =    2.4294329509571750E-003
 performing expansion, best =    2.4294322363269979E-003
 performing expansion, best =    2.4294321722244444E-003
 performing expansion, best =    2.4294313421998853E-003
 performing expansion, best =    2.4294305686662176E-003
 performing expansion, best =    2.4294301943511678E-003
 performing expansion, best =    2.4294297767881181E-003
 performing expansion, best =    2.4294288808854522E-003
 performing expansion, best =    2.4294281821788757E-003
 performing expansion, best =    2.4294272795507056E-003
 performing expansion, best =    2.4294249655081746E-003
 performing expansion, best =    2.4294229542553762E-003
 performing expansion, best =    2.4294207442842716E-003
 performing expansion, best =    2.4294182100862045E-003
 performing expansion, best =    2.4294127785460581E-003
 performing expansion, best =    2.4294057900031982E-003
 performing expansion, best =    2.4293994487814266E-003
 performing expansion, best =    2.4293931897775333E-003
 performing expansion, best =    2.4293867646800120E-003
 performing expansion, best =    2.4293795466257839E-003
 performing expansion, best =    2.4293711574502343E-003
 performing expansion, best =    2.4293610763050609E-003
 performing expansion, best =    2.4293492042120925E-003
 performing expansion, best =    2.4293387376472381E-003
 performing expansion, best =    2.4293167561191906E-003
 performing expansion, best =    2.4292942186942734E-003
 performing expansion, best =    2.4292653711664100E-003
 performing expansion, best =    2.4292348901432653E-003
 performing expansion, best =    2.4292017828655595E-003
 performing expansion, best =    2.4291636237371798E-003
 performing expansion, best =    2.4291132743026016E-003
 performing expansion, best =    2.4290636451556225E-003
 performing expansion, best =    2.4290045162744843E-003
 performing expansion, best =    2.4289411179835301E-003
 performing expansion, best =    2.4288804066811458E-003
 performing expansion, best =    2.4288059220560656E-003
 performing expansion, best =    2.4287023344266301E-003
 performing expansion, best =    2.4286035335918882E-003
 performing expansion, best =    2.4284734816094390E-003
 performing expansion, best =    2.4283586343456392E-003
 performing expansion, best =    2.4282440814530773E-003
 performing expansion, best =    2.4282123920382000E-003
 performing expansion, best =    2.4282083978890380E-003
 performing expansion, best =    2.4281790247823593E-003
 performing expansion, best =    2.4281572887183073E-003
 performing expansion, best =    2.4281424186579983E-003
 performing expansion, best =    2.4280079108462728E-003
 performing expansion, best =    2.4278983115021253E-003
 performing expansion, best =    2.4278088207658455E-003
 performing expansion, best =    2.4276933346152993E-003
 performing expansion, best =    2.4276597791827530E-003
 performing expansion, best =    2.4276478630639781E-003
 performing expansion, best =    2.4276323862850507E-003
 performing expansion, best =    2.4276289868150826E-003
 performing expansion, best =    2.4276239460627445E-003
 performing expansion, best =    2.4276205775461686E-003
 performing expansion, best =    2.4276174144154446E-003
 performing expansion, best =    2.4276120442251110E-003
 performing expansion, best =    2.4275893899233557E-003
 performing expansion, best =    2.4275891574655141E-003
 performing expansion, best =    2.4275675884758876E-003
 performing expansion, best =    2.4275501035861337E-003
 performing expansion, best =    2.4275482828463174E-003
 performing expansion, best =    2.4275465465635761E-003
 performing expansion, best =    2.4275450628512617E-003
 performing expansion, best =    2.4275377154509160E-003
 performing expansion, best =    2.4275176868320965E-003
 performing expansion, best =    2.4274943180988082E-003
 performing expansion, best =    2.4274875240289217E-003
 performing expansion, best =    2.4274691209821894E-003
 performing expansion, best =    2.4274655179340392E-003
 performing expansion, best =    2.4274654300808752E-003
 performing expansion, best =    2.4274618458394134E-003
 performing expansion, best =    2.4274548003923482E-003
 performing expansion, best =    2.4274437646609353E-003
 performing expansion, best =    2.4274206838083498E-003
 performing expansion, best =    2.4274193013118779E-003
 performing expansion, best =    2.4274007618302544E-003
 performing expansion, best =    2.4273985961586640E-003
 performing expansion, best =    2.4273982636443718E-003
 performing expansion, best =    2.4273971811767129E-003
 performing expansion, best =    2.4273968385612695E-003
 performing expansion, best =    2.4273961230188790E-003
 performing expansion, best =    2.4273950728763679E-003
 performing expansion, best =    2.4273950255822977E-003
 performing expansion, best =    2.4273949244189982E-003
 performing expansion, best =    2.4273945258222471E-003
 performing expansion, best =    2.4273944539622947E-003
 performing expansion, best =    2.4273944174783594E-003
 performing expansion, best =    2.4273941971634889E-003
 performing expansion, best =    2.4273940932458739E-003
 performing expansion, best =    2.4273937455307408E-003
 performing expansion, best =    2.4273934946602372E-003
 performing expansion, best =    2.4273933459465868E-003
 performing expansion, best =    2.4273932298486977E-003
 performing expansion, best =    2.4273929616995915E-003
 performing expansion, best =    2.4273922257490592E-003
 performing expansion, best =    2.4273914455487269E-003
 performing expansion, best =    2.4273903762302282E-003
 performing expansion, best =    2.4273903494831744E-003
 performing expansion, best =    2.4273899014363876E-003
 performing expansion, best =    2.4273896039201065E-003
 performing expansion, best =    2.4273895930947789E-003
 performing expansion, best =    2.4273893978406708E-003
 performing expansion, best =    2.4273886822145916E-003
 performing expansion, best =    2.4273881231376372E-003
 performing expansion, best =    2.4273872627317700E-003
 performing expansion, best =    2.4273863986380112E-003
 performing expansion, best =    2.4273863096499720E-003
 performing expansion, best =    2.4273858011039473E-003
 performing expansion, best =    2.4273856213009913E-003
 performing expansion, best =    2.4273852966987244E-003
 performing expansion, best =    2.4273852695586950E-003
 performing expansion, best =    2.4273852369048150E-003
 performing expansion, best =    2.4273852309961313E-003
 performing expansion, best =    2.4273852221219053E-003
 performing expansion, best =    2.4273851931569178E-003
 performing expansion, best =    2.4273851917027919E-003
 performing expansion, best =    2.4273851625163812E-003
 performing expansion, best =    2.4273851347413394E-003
 performing expansion, best =    2.4273851324335674E-003
 performing expansion, best =    2.4273851300214574E-003
 performing expansion, best =    2.4273851165911818E-003
 performing expansion, best =    2.4273851127596447E-003
 performing expansion, best =    2.4273851103953628E-003
 performing expansion, best =    2.4273850920715745E-003
 performing expansion, best =    2.4273850826127988E-003
 performing expansion, best =    2.4273850796741638E-003
 performing expansion, best =    2.4273850467667838E-003
 performing expansion, best =    2.4273850441386066E-003
 performing expansion, best =    2.4273850426560790E-003
 performing expansion, best =    2.4273850421966505E-003
 performing expansion, best =    2.4273850417626977E-003
 performing expansion, best =    2.4273850326249988E-003
 performing expansion, best =    2.4273850264744292E-003
 performing expansion, best =    2.4273850226555079E-003
 performing expansion, best =    2.4273850184485606E-003
 performing expansion, best =    2.4273850178832381E-003
 performing expansion, best =    2.4273850155286658E-003
 performing expansion, best =    2.4273850136609927E-003
 performing expansion, best =    2.4273850104577868E-003
 performing expansion, best =    2.4273849939804013E-003
 performing expansion, best =    2.4273849819768279E-003
 performing expansion, best =    2.4273849610316786E-003
 performing expansion, best =    2.4273849409031192E-003
 performing expansion, best =    2.4273849383973809E-003
 performing expansion, best =    2.4273849206337072E-003
 performing expansion, best =    2.4273849023237664E-003
 performing expansion, best =    2.4273848791092627E-003
 performing expansion, best =    2.4273848547652567E-003
 performing expansion, best =    2.4273848318013690E-003
 performing expansion, best =    2.4273847908240394E-003
 performing expansion, best =    2.4273847542770097E-003
 performing expansion, best =    2.4273847083111496E-003
 performing expansion, best =    2.4273846561075419E-003
 performing expansion, best =    2.4273845858221034E-003
 performing expansion, best =    2.4273845106843020E-003
 performing expansion, best =    2.4273844366216476E-003
 performing expansion, best =    2.4273843722707549E-003
 performing expansion, best =    2.4273842695942409E-003
 performing expansion, best =    2.4273841592868596E-003
 performing expansion, best =    2.4273840620634380E-003
 performing expansion, best =    2.4273839332001478E-003
 performing expansion, best =    2.4273838145441469E-003
 performing expansion, best =    2.4273836551603465E-003
 performing expansion, best =    2.4273834908468701E-003
 performing expansion, best =    2.4273832437702613E-003
 performing expansion, best =    2.4273829749126940E-003
 performing expansion, best =    2.4273827191737727E-003
 performing expansion, best =    2.4273823594937864E-003
 performing expansion, best =    2.4273820406378265E-003
 performing expansion, best =    2.4273816360048440E-003
 performing expansion, best =    2.4273812109758906E-003
 performing expansion, best =    2.4273806813217640E-003
 performing expansion, best =    2.4273799806152677E-003
 performing expansion, best =    2.4273792251146308E-003
 performing expansion, best =    2.4273783544112230E-003
 performing expansion, best =    2.4273773665050851E-003
 performing expansion, best =    2.4273761794295578E-003
 performing expansion, best =    2.4273747912140551E-003
 performing expansion, best =    2.4273735068366677E-003
 performing expansion, best =    2.4273718412587868E-003
 performing expansion, best =    2.4273699020229173E-003
 performing expansion, best =    2.4273679421054520E-003
 performing expansion, best =    2.4273657619763096E-003
 performing expansion, best =    2.4273633488550981E-003
 performing expansion, best =    2.4273602277750041E-003
 performing expansion, best =    2.4273565544326134E-003
 performing expansion, best =    2.4273565082264322E-003
 performing expansion, best =    2.4273563163797864E-003
 performing expansion, best =    2.4273557596956857E-003
 performing expansion, best =    2.4273536902117538E-003
 performing expansion, best =    2.4273512093369439E-003
 performing expansion, best =    2.4273483526536187E-003
 performing expansion, best =    2.4273451715953092E-003
 performing expansion, best =    2.4273419011797207E-003
 performing expansion, best =    2.4273375270780890E-003
 performing expansion, best =    2.4273337178631030E-003
 performing expansion, best =    2.4273288020918676E-003
 performing expansion, best =    2.4273247457632274E-003
 performing expansion, best =    2.4273183768011249E-003
 performing expansion, best =    2.4273125062197992E-003
 performing expansion, best =    2.4273054370476765E-003
 performing expansion, best =    2.4272990446173167E-003
 performing expansion, best =    2.4272941354939394E-003
 performing expansion, best =    2.4272878662173801E-003
 performing expansion, best =    2.4272818027958900E-003
 performing expansion, best =    2.4272767092610018E-003
 performing expansion, best =    2.4272711288980909E-003
 performing expansion, best =    2.4272659901517762E-003
 performing expansion, best =    2.4272612513641647E-003
 performing expansion, best =    2.4272591705128987E-003
 performing expansion, best =    2.4272547508200578E-003
 performing expansion, best =    2.4272502914167685E-003
 performing expansion, best =    2.4272442760187606E-003
 performing expansion, best =    2.4272431404538030E-003
 performing expansion, best =    2.4272385297103459E-003
 performing expansion, best =    2.4272373071951518E-003
 performing expansion, best =    2.4272372235495257E-003
 performing expansion, best =    2.4272341671634913E-003
 performing expansion, best =    2.4272337622257742E-003
 performing expansion, best =    2.4272331703146092E-003
 performing expansion, best =    2.4272329478813980E-003
 performing expansion, best =    2.4272322431564122E-003
 performing expansion, best =    2.4272302509091496E-003
 performing expansion, best =    2.4272302308441973E-003
 performing expansion, best =    2.4272293578987488E-003
 performing expansion, best =    2.4272291291398671E-003
 performing expansion, best =    2.4272278276418918E-003
 performing expansion, best =    2.4272263981016313E-003
 performing expansion, best =    2.4272245793834045E-003
 performing expansion, best =    2.4272220984037957E-003
 performing expansion, best =    2.4272193368270302E-003
 performing expansion, best =    2.4272174529044667E-003
 performing expansion, best =    2.4272144912777360E-003
 performing expansion, best =    2.4272091363305129E-003
 performing expansion, best =    2.4272046176741684E-003
 performing expansion, best =    2.4271981770234365E-003
 performing expansion, best =    2.4271892803668198E-003
 performing expansion, best =    2.4271820958778893E-003
 performing expansion, best =    2.4271715016955754E-003
 performing expansion, best =    2.4271616758555080E-003
 performing expansion, best =    2.4271461244605762E-003
 performing expansion, best =    2.4271302663857889E-003
 performing expansion, best =    2.4271130386866193E-003
 performing expansion, best =    2.4270933104450351E-003
 performing expansion, best =    2.4270735497327685E-003
 performing expansion, best =    2.4270535071808513E-003
 performing expansion, best =    2.4270509253447015E-003
 performing expansion, best =    2.4270458394196753E-003
 performing expansion, best =    2.4270432835879763E-003
 performing expansion, best =    2.4270382412455538E-003
 performing expansion, best =    2.4270360763137713E-003
 performing expansion, best =    2.4270349974966727E-003
 performing expansion, best =    2.4270313218665040E-003
 performing expansion, best =    2.4270165500910358E-003
 performing expansion, best =    2.4270134439330925E-003
 performing expansion, best =    2.4270087084449932E-003
 performing expansion, best =    2.4270083714347645E-003
 performing expansion, best =    2.4270059135281111E-003
 performing expansion, best =    2.4270053199298420E-003
 performing expansion, best =    2.4270043113913970E-003
 performing expansion, best =    2.4270029310288935E-003
 performing expansion, best =    2.4270028278376536E-003
 performing expansion, best =    2.4270021549024001E-003
 performing expansion, best =    2.4270016309216377E-003
 performing expansion, best =    2.4270012261225949E-003
 performing expansion, best =    2.4270008394888100E-003
 performing expansion, best =    2.4270007576591679E-003
 performing expansion, best =    2.4270007551966339E-003
 performing expansion, best =    2.4270003926767330E-003
 performing expansion, best =    2.4270003583210450E-003
 performing expansion, best =    2.4270002417730173E-003
 performing expansion, best =    2.4270001375203635E-003
 performing expansion, best =    2.4270001298320881E-003
 performing expansion, best =    2.4270001146849654E-003
 performing expansion, best =    2.4270000337200180E-003
 performing expansion, best =    2.4270000274834204E-003
 performing expansion, best =    2.4269999626948930E-003
 performing expansion, best =    2.4269999225883412E-003
 performing expansion, best =    2.4269999195773726E-003
 performing expansion, best =    2.4269998674850816E-003
 performing expansion, best =    2.4269995954307390E-003
 performing expansion, best =    2.4269995601730772E-003
 performing expansion, best =    2.4269995255678366E-003
 performing expansion, best =    2.4269995107416079E-003
 performing expansion, best =    2.4269994966889408E-003
 performing expansion, best =    2.4269994705575569E-003
 performing expansion, best =    2.4269994505119576E-003
 performing expansion, best =    2.4269994451093439E-003
 performing expansion, best =    2.4269994444499001E-003
 performing expansion, best =    2.4269993101549612E-003
 performing expansion, best =    2.4269991843844404E-003
 performing expansion, best =    2.4269990571180755E-003
 performing expansion, best =    2.4269990116106538E-003
 performing expansion, best =    2.4269990104920773E-003
 performing expansion, best =    2.4269989880051413E-003
 performing expansion, best =    2.4269989808144458E-003
 performing expansion, best =    2.4269989584483646E-003
 performing expansion, best =    2.4269988531600041E-003
 performing expansion, best =    2.4269988483546587E-003
 performing expansion, best =    2.4269988295483728E-003
 performing expansion, best =    2.4269988032150787E-003
 performing expansion, best =    2.4269987292336263E-003
 performing expansion, best =    2.4269986788490079E-003
 performing expansion, best =    2.4269986476814780E-003
 performing expansion, best =    2.4269985684296155E-003
 performing expansion, best =    2.4269985610277820E-003
 performing expansion, best =    2.4269985564896947E-003
 performing expansion, best =    2.4269985304715535E-003
 performing expansion, best =    2.4269985304357891E-003
 performing expansion, best =    2.4269985258063296E-003
 performing expansion, best =    2.4269984958359874E-003
 performing expansion, best =    2.4269984917725208E-003
 performing expansion, best =    2.4269984896291342E-003
 performing expansion, best =    2.4269984820006352E-003
 performing expansion, best =    2.4269984802303022E-003
 performing expansion, best =    2.4269984754773312E-003
 performing expansion, best =    2.4269984742757490E-003
 performing expansion, best =    2.4269984682663837E-003
 performing expansion, best =    2.4269984655518233E-003
 performing expansion, best =    2.4269984632892898E-003
 performing expansion, best =    2.4269984589172329E-003
 performing expansion, best =    2.4269984535302078E-003
 performing expansion, best =    2.4269984320187681E-003
 performing expansion, best =    2.4269984256294098E-003
 performing expansion, best =    2.4269984215730387E-003
 performing expansion, best =    2.4269983970898515E-003
 performing expansion, best =    2.4269983903602473E-003
 performing expansion, best =    2.4269983878259117E-003
 performing expansion, best =    2.4269983650124548E-003
 performing expansion, best =    2.4269983346230117E-003
 performing expansion, best =    2.4269982993048310E-003
 performing expansion, best =    2.4269982690135177E-003
 performing expansion, best =    2.4269982227907902E-003
 performing expansion, best =    2.4269981797883232E-003
 performing expansion, best =    2.4269981466510694E-003
 performing expansion, best =    2.4269981089572760E-003
 performing expansion, best =    2.4269980521739181E-003
 performing expansion, best =    2.4269980181029875E-003
 performing expansion, best =    2.4269980106615507E-003
 performing expansion, best =    2.4269979924191119E-003
 performing expansion, best =    2.4269979718180195E-003
 performing expansion, best =    2.4269979498501948E-003
 performing expansion, best =    2.4269979430766625E-003
 performing expansion, best =    2.4269979306160900E-003
 performing expansion, best =    2.4269979089838606E-003
 performing expansion, best =    2.4269979079690846E-003
 performing expansion, best =    2.4269979009066212E-003
 performing expansion, best =    2.4269979001388811E-003
 performing expansion, best =    2.4269979000971493E-003
 performing expansion, best =    2.4269978994460764E-003
Exiting simplex optimization after  4440 iterations
Solution after  refinement:      2.4269978994E-03
RMSE         2.426997899E-03 Hartree
NEW BEST!

Starting fitting procedure for 5 charges, trial 2
gen      0/10000      elitist  2.1499741E-02 feasible? F
gen    100/10000      elitist  2.8248190E-03 feasible? T
gen    200/10000      elitist  2.0811575E-03 feasible? T
gen    300/10000      elitist  1.5791965E-03 feasible? T
gen    400/10000      elitist  1.4414981E-03 feasible? T
gen    500/10000      elitist  1.4230872E-03 feasible? T
gen    600/10000      elitist  1.4141158E-03 feasible? T
gen    700/10000      elitist  1.4065484E-03 feasible? T
gen    800/10000      elitist  1.3992705E-03 feasible? T
gen    900/10000      elitist  1.3975370E-03 feasible? T
gen   1000/10000      elitist  1.3947004E-03 feasible? T
gen   1100/10000      elitist  1.3944183E-03 feasible? T
gen   1200/10000      elitist  1.3942933E-03 feasible? T
gen   1300/10000      elitist  1.3942685E-03 feasible? T
gen   1400/10000      elitist  1.3942495E-03 feasible? T
gen   1500/10000      elitist  1.3942451E-03 feasible? T
gen   1600/10000      elitist  1.3942389E-03 feasible? T
gen   1700/10000      elitist  1.3942357E-03 feasible? T
gen   1800/10000      elitist  1.3942350E-03 feasible? T
gen   1900/10000      elitist  1.3942346E-03 feasible? T
gen   2000/10000      elitist  1.3942345E-03 feasible? T
population converged towards a single solution after 2042 generations.
Starting local simplex optimization:
Solution before refinement:      1.3942345439E-03
Exiting simplex optimization after  1024 iterations
Solution after  refinement:      1.3942345439E-03
RMSE         1.394234544E-03 Hartree
NEW BEST!

Starting fitting procedure for 5 charges, trial 3
gen      0/10000      elitist  5.6786571E-02 feasible? F
gen    100/10000      elitist  4.1985278E-03 feasible? T
gen    200/10000      elitist  3.6121313E-03 feasible? T
gen    300/10000      elitist  3.4138905E-03 feasible? T
gen    400/10000      elitist  3.3003627E-03 feasible? T
gen    500/10000      elitist  3.2711192E-03 feasible? T
gen    600/10000      elitist  3.2661950E-03 feasible? T
gen    700/10000      elitist  3.2651448E-03 feasible? T
gen    800/10000      elitist  3.2630670E-03 feasible? T
gen    900/10000      elitist  3.2581442E-03 feasible? T
gen   1000/10000      elitist  3.2564946E-03 feasible? T
gen   1100/10000      elitist  3.2553549E-03 feasible? T
gen   1200/10000      elitist  3.2495692E-03 feasible? T
gen   1300/10000      elitist  3.2476477E-03 feasible? T
gen   1400/10000      elitist  3.2464414E-03 feasible? T
gen   1500/10000      elitist  3.2462596E-03 feasible? T
gen   1600/10000      elitist  3.2461200E-03 feasible? T
gen   1700/10000      elitist  3.2455074E-03 feasible? T
gen   1800/10000      elitist  3.2453572E-03 feasible? T
gen   1900/10000      elitist  3.2450492E-03 feasible? T
gen   2000/10000      elitist  3.2448019E-03 feasible? T
gen   2100/10000      elitist  3.2434957E-03 feasible? T
gen   2200/10000      elitist  3.2383410E-03 feasible? T
gen   2300/10000      elitist  3.2064965E-03 feasible? T
gen   2400/10000      elitist  3.1898799E-03 feasible? T
gen   2500/10000      elitist  3.1838548E-03 feasible? T
gen   2600/10000      elitist  3.1742881E-03 feasible? T
gen   2700/10000      elitist  3.1690018E-03 feasible? T
gen   2800/10000      elitist  3.1176630E-03 feasible? T
gen   2900/10000      elitist  3.1090676E-03 feasible? T
gen   3000/10000      elitist  3.1086044E-03 feasible? T
gen   3100/10000      elitist  3.1034535E-03 feasible? T
gen   3200/10000      elitist  3.1027828E-03 feasible? T
gen   3300/10000      elitist  3.1023833E-03 feasible? T
gen   3400/10000      elitist  3.1023121E-03 feasible? T
gen   3500/10000      elitist  3.1023062E-03 feasible? T
gen   3600/10000      elitist  3.1023055E-03 feasible? T
gen   3700/10000      elitist  3.1023033E-03 feasible? T
gen   3800/10000      elitist  3.1023001E-03 feasible? T
gen   3900/10000      elitist  3.1017153E-03 feasible? T
gen   4000/10000      elitist  3.1013797E-03 feasible? T
gen   4100/10000      elitist  3.1007056E-03 feasible? T
gen   4200/10000      elitist  3.1004879E-03 feasible? T
gen   4300/10000      elitist  3.0998421E-03 feasible? T
gen   4400/10000      elitist  3.0992425E-03 feasible? T
gen   4500/10000      elitist  3.0991920E-03 feasible? T
gen   4600/10000      elitist  3.0991642E-03 feasible? T
gen   4700/10000      elitist  3.0991520E-03 feasible? T
gen   4800/10000      elitist  3.0991346E-03 feasible? T
gen   4900/10000      elitist  3.0981880E-03 feasible? T
gen   5000/10000      elitist  3.0980233E-03 feasible? T
gen   5100/10000      elitist  3.0975046E-03 feasible? T
gen   5200/10000      elitist  3.0970089E-03 feasible? T
gen   5300/10000      elitist  3.0968462E-03 feasible? T
gen   5400/10000      elitist  3.0968008E-03 feasible? T
gen   5500/10000      elitist  3.0964937E-03 feasible? T
gen   5600/10000      elitist  3.0964147E-03 feasible? T
gen   5700/10000      elitist  3.0963363E-03 feasible? T
gen   5800/10000      elitist  3.0962112E-03 feasible? T
gen   5900/10000      elitist  3.0960307E-03 feasible? T
gen   6000/10000      elitist  3.0958902E-03 feasible? T
gen   6100/10000      elitist  3.0958724E-03 feasible? T
gen   6200/10000      elitist  3.0958457E-03 feasible? T
gen   6300/10000      elitist  3.0957944E-03 feasible? T
gen   6400/10000      elitist  3.0957062E-03 feasible? T
gen   6500/10000      elitist  3.0956586E-03 feasible? T
gen   6600/10000      elitist  3.0956370E-03 feasible? T
gen   6700/10000      elitist  3.0956015E-03 feasible? T
gen   6800/10000      elitist  3.0955441E-03 feasible? T
gen   6900/10000      elitist  3.0955365E-03 feasible? T
gen   7000/10000      elitist  3.0955316E-03 feasible? T
gen   7100/10000      elitist  3.0955109E-03 feasible? T
gen   7200/10000      elitist  3.0954725E-03 feasible? T
gen   7300/10000      elitist  3.0954367E-03 feasible? T
gen   7400/10000      elitist  3.0954132E-03 feasible? T
gen   7500/10000      elitist  3.0953958E-03 feasible? T
gen   7600/10000      elitist  3.0953800E-03 feasible? T
gen   7700/10000      elitist  3.0953485E-03 feasible? T
gen   7800/10000      elitist  3.0953209E-03 feasible? T
gen   7900/10000      elitist  3.0952798E-03 feasible? T
gen   8000/10000      elitist  3.0952660E-03 feasible? T
gen   8100/10000      elitist  3.0952118E-03 feasible? T
gen   8200/10000      elitist  3.0951248E-03 feasible? T
gen   8300/10000      elitist  3.0946386E-03 feasible? T
gen   8400/10000      elitist  3.0912514E-03 feasible? T
gen   8500/10000      elitist  3.0897739E-03 feasible? T
gen   8600/10000      elitist  3.0884743E-03 feasible? T
gen   8700/10000      elitist  3.0878244E-03 feasible? T
gen   8800/10000      elitist  3.0874334E-03 feasible? T
gen   8900/10000      elitist  3.0872637E-03 feasible? T
gen   9000/10000      elitist  3.0871244E-03 feasible? T
gen   9100/10000      elitist  3.0870146E-03 feasible? T
gen   9200/10000      elitist  3.0869650E-03 feasible? T
gen   9300/10000      elitist  3.0869357E-03 feasible? T
gen   9400/10000      elitist  3.0869057E-03 feasible? T
gen   9500/10000      elitist  3.0866765E-03 feasible? T
gen   9600/10000      elitist  3.0863989E-03 feasible? T
gen   9700/10000      elitist  3.0862261E-03 feasible? T
gen   9800/10000      elitist  3.0861201E-03 feasible? T
gen   9900/10000      elitist  3.0859934E-03 feasible? T
gen  10000/10000      elitist  3.0859701E-03 feasible? T
Starting local simplex optimization:
Solution before refinement:      3.0859700601E-03
 performing expansion, best =    3.0859699274652522E-003
 performing expansion, best =    3.0859695375732941E-003
 performing expansion, best =    3.0859692298476852E-003
 performing expansion, best =    3.0859687835627361E-003
 performing expansion, best =    3.0859686188057763E-003
 performing expansion, best =    3.0859686118241024E-003
 performing expansion, best =    3.0859685577252082E-003
 performing expansion, best =    3.0859683504751525E-003
 performing expansion, best =    3.0859682033910732E-003
 performing expansion, best =    3.0859680490074219E-003
 performing expansion, best =    3.0859679045427764E-003
 performing expansion, best =    3.0859677862374725E-003
 performing expansion, best =    3.0859677475209950E-003
 performing expansion, best =    3.0859677288655103E-003
 performing expansion, best =    3.0859676735215521E-003
 performing expansion, best =    3.0859675318897499E-003
 performing expansion, best =    3.0859675055190001E-003
 performing expansion, best =    3.0859667859165774E-003
 performing expansion, best =    3.0859666858608732E-003
 performing expansion, best =    3.0859665876664883E-003
 performing expansion, best =    3.0859664917703531E-003
 performing expansion, best =    3.0859664484926626E-003
 performing expansion, best =    3.0859663792890783E-003
 performing expansion, best =    3.0859663471844677E-003
 performing expansion, best =    3.0859663216984477E-003
 performing expansion, best =    3.0859662825373797E-003
 performing expansion, best =    3.0859662194116732E-003
 performing expansion, best =    3.0859661749347536E-003
 performing expansion, best =    3.0859661568729590E-003
 performing expansion, best =    3.0859660890288762E-003
 performing expansion, best =    3.0859660480180530E-003
 performing expansion, best =    3.0859660106228272E-003
 performing expansion, best =    3.0859660085857383E-003
 performing expansion, best =    3.0859659598921610E-003
 performing expansion, best =    3.0859659369890735E-003
 performing expansion, best =    3.0859659074485798E-003
 performing expansion, best =    3.0859656837703394E-003
 performing expansion, best =    3.0859656520793189E-003
 performing expansion, best =    3.0859656492927038E-003
 performing expansion, best =    3.0859656162903707E-003
 performing expansion, best =    3.0859653782614915E-003
 performing expansion, best =    3.0859653706303940E-003
 performing expansion, best =    3.0859651828499574E-003
 performing expansion, best =    3.0859651563349723E-003
 performing expansion, best =    3.0859651399879401E-003
 performing expansion, best =    3.0859651210467876E-003
 performing expansion, best =    3.0859649339489846E-003
 performing expansion, best =    3.0859649236489677E-003
 performing expansion, best =    3.0859647402838850E-003
 performing expansion, best =    3.0859647319555175E-003
 performing expansion, best =    3.0859647104842848E-003
 performing expansion, best =    3.0859645304715947E-003
 performing expansion, best =    3.0859645205834857E-003
 performing expansion, best =    3.0859642896407433E-003
 performing expansion, best =    3.0859640644718593E-003
 performing expansion, best =    3.0859638251021014E-003
 performing expansion, best =    3.0859635782187747E-003
 performing expansion, best =    3.0859633215995106E-003
 performing expansion, best =    3.0859630227724638E-003
 performing expansion, best =    3.0859630017888873E-003
 performing expansion, best =    3.0859629350837628E-003
 performing expansion, best =    3.0859626621817303E-003
 performing expansion, best =    3.0859626480619182E-003
 performing expansion, best =    3.0859625971640021E-003
 performing expansion, best =    3.0859625891473653E-003
 performing expansion, best =    3.0859625400993184E-003
 performing expansion, best =    3.0859625082173656E-003
 performing expansion, best =    3.0859625016257655E-003
 performing expansion, best =    3.0859624850266914E-003
 performing expansion, best =    3.0859624656659687E-003
 performing expansion, best =    3.0859624536752877E-003
 performing expansion, best =    3.0859624420006590E-003
 performing expansion, best =    3.0859623706406608E-003
 performing expansion, best =    3.0859622988452461E-003
 performing expansion, best =    3.0859622961593950E-003
 performing expansion, best =    3.0859622234674358E-003
 performing expansion, best =    3.0859622157886849E-003
 performing expansion, best =    3.0859621986133816E-003
 performing expansion, best =    3.0859621864497118E-003
 performing expansion, best =    3.0859621806561184E-003
 performing expansion, best =    3.0859620877863201E-003
 performing expansion, best =    3.0859620856133882E-003
 performing expansion, best =    3.0859620803091415E-003
 performing expansion, best =    3.0859620709041574E-003
 performing expansion, best =    3.0859620612329461E-003
 performing expansion, best =    3.0859620509338850E-003
 performing expansion, best =    3.0859620376092927E-003
 performing expansion, best =    3.0859620349339332E-003
 performing expansion, best =    3.0859620340746561E-003
 performing expansion, best =    3.0859619905710118E-003
 performing expansion, best =    3.0859619850937118E-003
 performing expansion, best =    3.0859619768100039E-003
 performing expansion, best =    3.0859619744137588E-003
 performing expansion, best =    3.0859619703464099E-003
 performing expansion, best =    3.0859619655859700E-003
 performing expansion, best =    3.0859619559365880E-003
 performing expansion, best =    3.0859619129473292E-003
 performing expansion, best =    3.0859619097667683E-003
 performing expansion, best =    3.0859619067432828E-003
 performing expansion, best =    3.0859619024817741E-003
 performing expansion, best =    3.0859619020854206E-003
 performing expansion, best =    3.0859618845665887E-003
 performing expansion, best =    3.0859618816583678E-003
 performing expansion, best =    3.0859618811308817E-003
 performing expansion, best =    3.0859618808718233E-003
 performing expansion, best =    3.0859618783719918E-003
 performing expansion, best =    3.0859618771044203E-003
 performing expansion, best =    3.0859618745627229E-003
 performing expansion, best =    3.0859618737526101E-003
 performing expansion, best =    3.0859618729830568E-003
 performing expansion, best =    3.0859618721501220E-003
 performing expansion, best =    3.0859618707095404E-003
 performing expansion, best =    3.0859618690468522E-003
 performing expansion, best =    3.0859618601991557E-003
 performing expansion, best =    3.0859618530588505E-003
 performing expansion, best =    3.0859618521060003E-003
 performing expansion, best =    3.0859618447468457E-003
 performing expansion, best =    3.0859618439654161E-003
 performing expansion, best =    3.0859618375010446E-003
 performing expansion, best =    3.0859618369153173E-003
 performing expansion, best =    3.0859618307867852E-003
 performing expansion, best =    3.0859618307727400E-003
 performing expansion, best =    3.0859618297803511E-003
 performing expansion, best =    3.0859618294221481E-003
 performing expansion, best =    3.0859618286411348E-003
 performing expansion, best =    3.0859618223131381E-003
 performing expansion, best =    3.0859618220843454E-003
 performing expansion, best =    3.0859618210694406E-003
 performing expansion, best =    3.0859618201873069E-003
 performing expansion, best =    3.0859618193812281E-003
 performing expansion, best =    3.0859618127940199E-003
 performing expansion, best =    3.0859618068335400E-003
 performing expansion, best =    3.0859618004948487E-003
 performing expansion, best =    3.0859617933444825E-003
 performing expansion, best =    3.0859617855733190E-003
 performing expansion, best =    3.0859617756560783E-003
 performing expansion, best =    3.0859617742516094E-003
 performing expansion, best =    3.0859617634696789E-003
 performing expansion, best =    3.0859617629843154E-003
 performing expansion, best =    3.0859617514875197E-003
 performing expansion, best =    3.0859617497936021E-003
 performing expansion, best =    3.0859617326090324E-003
 performing expansion, best =    3.0859617159377543E-003
 performing expansion, best =    3.0859616972666944E-003
 performing expansion, best =    3.0859616760540542E-003
 performing expansion, best =    3.0859616521913711E-003
 performing expansion, best =    3.0859616233279417E-003
 performing expansion, best =    3.0859615888158059E-003
 performing expansion, best =    3.0859615485938131E-003
 performing expansion, best =    3.0859615043236930E-003
 performing expansion, best =    3.0859614529456752E-003
 performing expansion, best =    3.0859613939011538E-003
 performing expansion, best =    3.0859613292310182E-003
 performing expansion, best =    3.0859612556485708E-003
 performing expansion, best =    3.0859611723045599E-003
 performing expansion, best =    3.0859610839709360E-003
 performing expansion, best =    3.0859609969496999E-003
 performing expansion, best =    3.0859609085388197E-003
 performing expansion, best =    3.0859608220571472E-003
 performing expansion, best =    3.0859607484758980E-003
 performing expansion, best =    3.0859606978895673E-003
 performing expansion, best =    3.0859606431169191E-003
 performing expansion, best =    3.0859606404279420E-003
 performing expansion, best =    3.0859606401539659E-003
 performing expansion, best =    3.0859606234145578E-003
 performing expansion, best =    3.0859606008498109E-003
 performing expansion, best =    3.0859605790880627E-003
 performing expansion, best =    3.0859605728089730E-003
 performing expansion, best =    3.0859605435795186E-003
 performing expansion, best =    3.0859605174735662E-003
 performing expansion, best =    3.0859604902676550E-003
 performing expansion, best =    3.0859604853670009E-003
 performing expansion, best =    3.0859604444335637E-003
 performing expansion, best =    3.0859603925510815E-003
 performing expansion, best =    3.0859603393361031E-003
 performing expansion, best =    3.0859602653780412E-003
 performing expansion, best =    3.0859602613687548E-003
 performing expansion, best =    3.0859602544854327E-003
 performing expansion, best =    3.0859602455702686E-003
 performing expansion, best =    3.0859602396312766E-003
 performing expansion, best =    3.0859602157243438E-003
 performing expansion, best =    3.0859602118687136E-003
 performing expansion, best =    3.0859602050811188E-003
 performing expansion, best =    3.0859602006341226E-003
 performing expansion, best =    3.0859601978038662E-003
 performing expansion, best =    3.0859601950591728E-003
 performing expansion, best =    3.0859601892072861E-003
 performing expansion, best =    3.0859601793700635E-003
 performing expansion, best =    3.0859601767849166E-003
 performing expansion, best =    3.0859601764017014E-003
 performing expansion, best =    3.0859601719361155E-003
 performing expansion, best =    3.0859601697450995E-003
 performing expansion, best =    3.0859601683457423E-003
 performing expansion, best =    3.0859601678368278E-003
 performing expansion, best =    3.0859601656345083E-003
 performing expansion, best =    3.0859601651194212E-003
 performing expansion, best =    3.0859601641607319E-003
 performing expansion, best =    3.0859601638450560E-003
 performing expansion, best =    3.0859601631597934E-003
 performing expansion, best =    3.0859601630774578E-003
 performing expansion, best =    3.0859601622376990E-003
 performing expansion, best =    3.0859601614970631E-003
 performing expansion, best =    3.0859601614219908E-003
 performing expansion, best =    3.0859601609748350E-003
 performing expansion, best =    3.0859601602117571E-003
 performing expansion, best =    3.0859601602042180E-003
 performing expansion, best =    3.0859601597090875E-003
 performing expansion, best =    3.0859601595028987E-003
 performing expansion, best =    3.0859601589976206E-003
 performing expansion, best =    3.0859601585827932E-003
 performing expansion, best =    3.0859601585470926E-003
 performing expansion, best =    3.0859601583188043E-003
 performing expansion, best =    3.0859601579996494E-003
 performing expansion, best =    3.0859601576135060E-003
 performing expansion, best =    3.0859601574732731E-003
 performing expansion, best =    3.0859601571256758E-003
 performing expansion, best =    3.0859601570485539E-003
 performing expansion, best =    3.0859601545168542E-003
 performing expansion, best =    3.0859601514607116E-003
 performing expansion, best =    3.0859601483815696E-003
 performing expansion, best =    3.0859601483547634E-003
 performing expansion, best =    3.0859601452531446E-003
 performing expansion, best =    3.0859601449576141E-003
 performing expansion, best =    3.0859601413158405E-003
 performing expansion, best =    3.0859601368120122E-003
 performing expansion, best =    3.0859601319685108E-003
 performing expansion, best =    3.0859601263268184E-003
 performing expansion, best =    3.0859601192286816E-003
 performing expansion, best =    3.0859601184169108E-003
 performing expansion, best =    3.0859601169173235E-003
 performing expansion, best =    3.0859601078114247E-003
 performing expansion, best =    3.0859600963011871E-003
 performing expansion, best =    3.0859600843537844E-003
 performing expansion, best =    3.0859600714469668E-003
 performing expansion, best =    3.0859600542018552E-003
 performing expansion, best =    3.0859600341522860E-003
 performing expansion, best =    3.0859600109701480E-003
 performing expansion, best =    3.0859599857082348E-003
 performing expansion, best =    3.0859599845440358E-003
 performing expansion, best =    3.0859599794173000E-003
 performing expansion, best =    3.0859599782008702E-003
 performing expansion, best =    3.0859599751922530E-003
 performing expansion, best =    3.0859599713573436E-003
 performing expansion, best =    3.0859599671834797E-003
 performing expansion, best =    3.0859599645254978E-003
 performing expansion, best =    3.0859599629393542E-003
 performing expansion, best =    3.0859599622581222E-003
 performing expansion, best =    3.0859599620764355E-003
 performing expansion, best =    3.0859599620177646E-003
 performing expansion, best =    3.0859599616948293E-003
 performing expansion, best =    3.0859599612486134E-003
 performing expansion, best =    3.0859599606908841E-003
 performing expansion, best =    3.0859599600308240E-003
 performing expansion, best =    3.0859599560751775E-003
 performing expansion, best =    3.0859599555867930E-003
 performing expansion, best =    3.0859599550376021E-003
 performing expansion, best =    3.0859599546900836E-003
 performing expansion, best =    3.0859599541436327E-003
 performing expansion, best =    3.0859599535820914E-003
 performing expansion, best =    3.0859599535324879E-003
 performing expansion, best =    3.0859599533163010E-003
 performing expansion, best =    3.0859599532484733E-003
 performing expansion, best =    3.0859599527931505E-003
 performing expansion, best =    3.0859599501409855E-003
 performing expansion, best =    3.0859599500083724E-003
 performing expansion, best =    3.0859599499477495E-003
 performing expansion, best =    3.0859599499330971E-003
 performing expansion, best =    3.0859599497115404E-003
 performing expansion, best =    3.0859599484378696E-003
 performing expansion, best =    3.0859599475834181E-003
 performing expansion, best =    3.0859599475660565E-003
 performing expansion, best =    3.0859599474362901E-003
 performing expansion, best =    3.0859599473119191E-003
 performing expansion, best =    3.0859599464566714E-003
 performing expansion, best =    3.0859599462627406E-003
 performing expansion, best =    3.0859599450129300E-003
 performing expansion, best =    3.0859599449816690E-003
 performing expansion, best =    3.0859599449110878E-003
 performing expansion, best =    3.0859599448249614E-003
 performing expansion, best =    3.0859599447897756E-003
 performing expansion, best =    3.0859599447071269E-003
 performing expansion, best =    3.0859599446475595E-003
 performing expansion, best =    3.0859599445773101E-003
 performing expansion, best =    3.0859599444216582E-003
 performing expansion, best =    3.0859599442861338E-003
 performing expansion, best =    3.0859599442093146E-003
 performing expansion, best =    3.0859599442040328E-003
 performing expansion, best =    3.0859599441879068E-003
Exiting simplex optimization after  2026 iterations
Solution after  refinement:      3.0859599442E-03
RMSE         3.085959944E-03 Hartree

Best found solution for 5 charges:
        RMSE         1.936467639E+00 kcal/mol
         MAE         5.969317566E-01 kcal/mol
     max. AE         5.083042821E+00 kcal/mol

       x[bohr]       y[bohr]       z[bohr]          q[e]
     0.1056136     1.7124356     0.0000264     0.9080339
     0.7319661     2.1541318    -0.0001138    -1.0000000
     1.5677016     3.7163182    -0.0065154     0.8122161
     3.2762105     1.5849235     0.0097799     0.3268253
     1.7158255     2.8960839    -0.0058311    -1.0000000

