Running in fitting mode

Reading "/data/boittier/energies/h2o_geom.xyz.dir/h2o_1.chk.fchk.potential.cube"...

  h2o Potential=SCF
  Electrostatic potential from Total SCF Density
    3   -4.970736   -4.748413   -4.970736
   80    0.125841    0.000000    0.000000
   80    0.000000    0.125841    0.000000
   80    0.000000    0.000000    0.125841
    8    8.000000    0.000000    0.222323    0.000000
    1    1.000000    1.427171   -0.896400    0.000000
    1    1.000000   -1.427171   -0.882184    0.000000
  1.66698E-02  1.67288E-02  1.67584E-02  1.67584E-02  1.67288E-02  1.66698E-02
       .            .            .            .            .            .
       .            .            .            .            .            .
       .            .            .            .            .            .
 -9.18626E-03 -9.18159E-03 -9.17225E-03 -9.15823E-03 -9.13952E-03 -9.11609E-03

338246 out of 512000 gridpoints are considered ( 66.1%).

...done!




 Refining solution from file/home/boittier/MDCM-1/examples/water/5-combine-frags/4-combined.xyz
 Contains      4 charges
      Initial RMSE =         4.266547135E+01 kcal/mol
Running DE in parallel with 4 thread(s)!


User requested refinement using simplex algorithm (no DE)

 performing expansion, best =    6.7188504690759251E-002
 performing expansion, best =    6.6842962400982142E-002
 performing expansion, best =    6.6477588616261810E-002
 performing expansion, best =    6.6350072544141242E-002
 performing expansion, best =    6.6331364899395201E-002
 performing expansion, best =    6.6322442682413260E-002
 performing expansion, best =    6.6318204067728967E-002
 performing expansion, best =    6.6313573083219571E-002
 performing expansion, best =    6.6310403379420360E-002
 performing expansion, best =    6.6305501039939291E-002
 performing expansion, best =    6.6292645011504905E-002
 performing expansion, best =    6.6292407905710449E-002
 performing expansion, best =    6.6291935337983901E-002
 performing expansion, best =    6.6290531038347311E-002
 performing expansion, best =    6.6287908489610706E-002
 performing expansion, best =    6.6285455254505160E-002
 performing expansion, best =    6.6284067771657323E-002
 performing expansion, best =    6.6281084455914935E-002
 performing expansion, best =    6.6278375597396244E-002
 performing expansion, best =    6.6276975613068265E-002
 performing expansion, best =    6.6274574366906272E-002
 performing expansion, best =    6.6270383402125918E-002
 performing expansion, best =    6.6265475548570874E-002
 performing expansion, best =    6.6262151872541586E-002
 performing expansion, best =    6.6256413346928542E-002
 performing expansion, best =    6.6255259899624885E-002
 performing expansion, best =    6.6253321550198696E-002
 performing expansion, best =    6.6252813608890682E-002
 performing expansion, best =    6.6251024719465312E-002
 performing expansion, best =    6.6245672563684826E-002
 performing expansion, best =    6.6245486195985581E-002
 performing expansion, best =    6.6245081265523906E-002
 performing expansion, best =    6.6245045818901754E-002
 performing expansion, best =    6.6244939732698849E-002
 performing expansion, best =    6.6244793590858372E-002
 performing expansion, best =    6.6244677017435652E-002
 performing expansion, best =    6.6244374940952783E-002
 performing expansion, best =    6.6244192197242743E-002
 performing expansion, best =    6.6244190809151476E-002
 performing expansion, best =    6.6243776109190827E-002
 performing expansion, best =    6.6243515746499490E-002
 performing expansion, best =    6.6242945479759174E-002
 performing expansion, best =    6.6242386533682932E-002
 performing expansion, best =    6.6241571745886671E-002
 performing expansion, best =    6.6240571566337350E-002
 performing expansion, best =    6.6239644073905105E-002
 performing expansion, best =    6.6238719959041445E-002
 performing expansion, best =    6.6237584369474745E-002
 performing expansion, best =    6.6237545664314543E-002
 performing expansion, best =    6.6237062199334076E-002
 performing expansion, best =    6.6236885321530797E-002
 performing expansion, best =    6.6236718286594248E-002
 performing expansion, best =    6.6235764614039655E-002
 performing expansion, best =    6.6235749655884538E-002
 performing expansion, best =    6.6235506424368387E-002
 performing expansion, best =    6.6234276953701737E-002
 performing expansion, best =    6.6234140409821202E-002
 performing expansion, best =    6.6233007767877342E-002
 performing expansion, best =    6.6232750590192069E-002
 performing expansion, best =    6.6231355836943659E-002
 performing expansion, best =    6.6231082763601734E-002
 performing expansion, best =    6.6229845559706277E-002
 performing expansion, best =    6.6229505512503450E-002
 performing expansion, best =    6.6229364862088871E-002
 performing expansion, best =    6.6228985714560137E-002
 performing expansion, best =    6.6228950269702602E-002
 performing expansion, best =    6.6228875043683619E-002
 performing expansion, best =    6.6228783938786728E-002
 performing expansion, best =    6.6228724648372178E-002
 performing expansion, best =    6.6228547485074465E-002
 performing expansion, best =    6.6228477199445066E-002
 performing expansion, best =    6.6228187331064184E-002
 performing expansion, best =    6.6228177280002423E-002
 performing expansion, best =    6.6228081141690903E-002
 performing expansion, best =    6.6227975844257395E-002
 performing expansion, best =    6.6227906617210175E-002
 performing expansion, best =    6.6227807287804502E-002
 performing expansion, best =    6.6227781284680029E-002
 performing expansion, best =    6.6227711244144671E-002
 performing expansion, best =    6.6227700714929547E-002
 performing expansion, best =    6.6227396790308063E-002
 performing expansion, best =    6.6227382012233271E-002
 performing expansion, best =    6.6227311591458921E-002
 performing expansion, best =    6.6227260509205008E-002
 performing expansion, best =    6.6227255425068673E-002
 performing expansion, best =    6.6227167577472795E-002
 performing expansion, best =    6.6227145312114336E-002
 performing expansion, best =    6.6226998136715148E-002
 performing expansion, best =    6.6226995790095639E-002
 performing expansion, best =    6.6226954893497517E-002
 performing expansion, best =    6.6226930528078820E-002
 performing expansion, best =    6.6226772402918410E-002
 performing expansion, best =    6.6226553079717920E-002
 performing expansion, best =    6.6226509252466786E-002
 performing expansion, best =    6.6226507514171931E-002
 performing expansion, best =    6.6226441747732179E-002
 performing expansion, best =    6.6226425233227346E-002
 performing expansion, best =    6.6226394604526964E-002
 performing expansion, best =    6.6226266942270740E-002
 performing expansion, best =    6.6226213000315656E-002
 performing expansion, best =    6.6226201236896973E-002
 performing expansion, best =    6.6226004614427694E-002
 performing expansion, best =    6.6225802624494845E-002
 performing expansion, best =    6.6225769469369491E-002
 performing expansion, best =    6.6225563206445945E-002
 performing expansion, best =    6.6225540886920245E-002
 performing expansion, best =    6.6225495705905080E-002
 performing expansion, best =    6.6225482914828465E-002
 performing expansion, best =    6.6225369819156277E-002
 performing expansion, best =    6.6225368267610316E-002
 performing expansion, best =    6.6225329569733329E-002
 performing expansion, best =    6.6225179916999360E-002
 performing expansion, best =    6.6225057372641200E-002
 performing expansion, best =    6.6225014336543181E-002
 performing expansion, best =    6.6225011584995455E-002
 performing expansion, best =    6.6224963247316568E-002
 performing expansion, best =    6.6224802920275536E-002
 performing expansion, best =    6.6224784212841628E-002
 performing expansion, best =    6.6224779737427755E-002
 performing expansion, best =    6.6224765501390281E-002
 performing expansion, best =    6.6224753196946956E-002
 performing expansion, best =    6.6224665789292550E-002
 performing expansion, best =    6.6224631264526074E-002
 performing expansion, best =    6.6224629587769937E-002
 performing expansion, best =    6.6224610832671629E-002
 performing expansion, best =    6.6224493176721938E-002
 performing expansion, best =    6.6224398111770971E-002
 performing expansion, best =    6.6224291033477822E-002
 performing expansion, best =    6.6224258795465715E-002
 performing expansion, best =    6.6224137313434323E-002
 performing expansion, best =    6.6224010120976520E-002
 performing expansion, best =    6.6223882643112811E-002
 performing expansion, best =    6.6223846924375621E-002
 performing expansion, best =    6.6223810299882058E-002
 performing expansion, best =    6.6223788713670295E-002
 performing expansion, best =    6.6223784780879438E-002
 performing expansion, best =    6.6223644996620437E-002
 performing expansion, best =    6.6223503206463877E-002
 performing expansion, best =    6.6223499217187939E-002
 performing expansion, best =    6.6223362714056502E-002
 performing expansion, best =    6.6223350152511767E-002
 performing expansion, best =    6.6223221129042137E-002
 performing expansion, best =    6.6223122441196283E-002
 performing expansion, best =    6.6223006035526583E-002
 performing expansion, best =    6.6222993718756437E-002
 performing expansion, best =    6.6222985387240349E-002
 performing expansion, best =    6.6222984806541166E-002
 performing expansion, best =    6.6222941367368504E-002
 performing expansion, best =    6.6222934984826870E-002
 performing expansion, best =    6.6222906595469810E-002
 performing expansion, best =    6.6222887743202841E-002
 performing expansion, best =    6.6222885082597258E-002
 performing expansion, best =    6.6222862884342301E-002
 performing expansion, best =    6.6222834654302440E-002
 performing expansion, best =    6.6222826525868764E-002
 performing expansion, best =    6.6222796237050671E-002
 performing expansion, best =    6.6222757799038690E-002
 performing expansion, best =    6.6222708219216886E-002
 performing expansion, best =    6.6222664338590004E-002
 performing expansion, best =    6.6222617411371462E-002
 performing expansion, best =    6.6222607565787531E-002
 performing expansion, best =    6.6222559293589917E-002
 performing expansion, best =    6.6222521387150693E-002
 performing expansion, best =    6.6222515576720847E-002
 performing expansion, best =    6.6222469645153922E-002
 performing expansion, best =    6.6222465588488211E-002
 performing expansion, best =    6.6222437312641741E-002
 performing expansion, best =    6.6222432873040471E-002
 performing expansion, best =    6.6222429113574427E-002
 performing expansion, best =    6.6222424135657890E-002
 performing expansion, best =    6.6222406073284626E-002
 performing expansion, best =    6.6222396297004632E-002
 performing expansion, best =    6.6222381634653771E-002
 performing expansion, best =    6.6222369956965801E-002
 performing expansion, best =    6.6222365363176841E-002
 performing expansion, best =    6.6222354228111319E-002
 performing expansion, best =    6.6222338587859544E-002
 performing expansion, best =    6.6222333287738175E-002
 performing expansion, best =    6.6222319228366425E-002
 performing expansion, best =    6.6222296668558403E-002
 performing expansion, best =    6.6222278186867128E-002
 performing expansion, best =    6.6222254309319009E-002
 performing expansion, best =    6.6222223515510048E-002
 performing expansion, best =    6.6222192235236274E-002
 performing expansion, best =    6.6222163710203424E-002
 performing expansion, best =    6.6222126036685577E-002
 performing expansion, best =    6.6222073125020250E-002
 performing expansion, best =    6.6222032071806158E-002
 performing expansion, best =    6.6222018384412093E-002
 performing expansion, best =    6.6221986271965197E-002
 performing expansion, best =    6.6221952344053217E-002
 performing expansion, best =    6.6221910825311633E-002
 performing expansion, best =    6.6221854844771541E-002
 performing expansion, best =    6.6221796745980985E-002
 performing expansion, best =    6.6221764295599173E-002
 performing expansion, best =    6.6221761479669766E-002
 performing expansion, best =    6.6221747228967648E-002
 performing expansion, best =    6.6221709552358593E-002
 performing expansion, best =    6.6221704272362444E-002
 performing expansion, best =    6.6221698239764384E-002
 performing expansion, best =    6.6221686621980455E-002
 performing expansion, best =    6.6221647445465562E-002
 performing expansion, best =    6.6221635673464521E-002
 performing expansion, best =    6.6221621230879310E-002
 performing expansion, best =    6.6221581647770839E-002
 performing expansion, best =    6.6221550240784730E-002
 performing expansion, best =    6.6221546259630323E-002
 performing expansion, best =    6.6221494126022101E-002
 performing expansion, best =    6.6221440492484865E-002
 performing expansion, best =    6.6221358171270478E-002
 performing expansion, best =    6.6221258465836333E-002
 performing expansion, best =    6.6221242825525856E-002
 performing expansion, best =    6.6221240553558131E-002
 performing expansion, best =    6.6221214762256342E-002
 performing expansion, best =    6.6221120959201282E-002
 performing expansion, best =    6.6221084825695678E-002
 performing expansion, best =    6.6221071105067267E-002
 performing expansion, best =    6.6221065742318966E-002
 performing expansion, best =    6.6221054129742440E-002
 performing expansion, best =    6.6221053832089399E-002
 performing expansion, best =    6.6221009692387048E-002
 performing expansion, best =    6.6220961715834456E-002
 performing expansion, best =    6.6220956403575920E-002
 performing expansion, best =    6.6220951506269332E-002
 performing expansion, best =    6.6220905688793574E-002
 performing expansion, best =    6.6220898237956807E-002
 performing expansion, best =    6.6220894949972506E-002
 performing expansion, best =    6.6220843871813401E-002
 performing expansion, best =    6.6220836937156302E-002
 performing expansion, best =    6.6220786383492602E-002
 performing expansion, best =    6.6220737931628026E-002
 performing expansion, best =    6.6220668527831927E-002
 performing expansion, best =    6.6220596506097171E-002
 performing expansion, best =    6.6220594689604964E-002
 performing expansion, best =    6.6220541824558429E-002
 performing expansion, best =    6.6220535119465587E-002
 performing expansion, best =    6.6220497847676918E-002
 performing expansion, best =    6.6220495929342080E-002
 performing expansion, best =    6.6220493403803746E-002
 performing expansion, best =    6.6220487618562418E-002
 performing expansion, best =    6.6220484711126432E-002
 performing expansion, best =    6.6220482159331268E-002
 performing expansion, best =    6.6220479995332357E-002
 performing expansion, best =    6.6220479592543222E-002
 performing expansion, best =    6.6220478903898775E-002
 performing expansion, best =    6.6220478477549416E-002
 performing expansion, best =    6.6220477728474850E-002
 performing expansion, best =    6.6220477192987973E-002
 performing expansion, best =    6.6220476869192815E-002
 performing expansion, best =    6.6220476733851549E-002
 performing expansion, best =    6.6220476292736599E-002
 performing expansion, best =    6.6220476245202442E-002
 performing expansion, best =    6.6220475666497108E-002
 performing expansion, best =    6.6220475597146888E-002
 performing expansion, best =    6.6220475495050571E-002
 performing expansion, best =    6.6220474292933720E-002
 performing expansion, best =    6.6220473037526859E-002
 performing expansion, best =    6.6220471314436924E-002
 performing expansion, best =    6.6220468539218771E-002
 performing expansion, best =    6.6220465049295935E-002
 performing expansion, best =    6.6220461567520122E-002
 performing expansion, best =    6.6220460571467757E-002
 performing expansion, best =    6.6220456934702993E-002
 performing expansion, best =    6.6220453970182461E-002
 performing expansion, best =    6.6220450410174936E-002
 performing expansion, best =    6.6220446337328043E-002
 performing expansion, best =    6.6220444436899339E-002
 performing expansion, best =    6.6220444286596652E-002
 performing expansion, best =    6.6220441728631979E-002
 performing expansion, best =    6.6220441231480742E-002
 performing expansion, best =    6.6220441188460197E-002
 performing expansion, best =    6.6220439484588556E-002
 performing expansion, best =    6.6220439263440178E-002
 performing expansion, best =    6.6220436566828092E-002
 performing expansion, best =    6.6220433440604728E-002
 performing expansion, best =    6.6220430412071526E-002
 performing expansion, best =    6.6220425063876362E-002
 performing expansion, best =    6.6220419253668825E-002
 performing expansion, best =    6.6220417379961066E-002
 performing expansion, best =    6.6220411390132752E-002
 performing expansion, best =    6.6220409399030344E-002
 performing expansion, best =    6.6220407652501492E-002
 performing expansion, best =    6.6220407649486890E-002
 performing expansion, best =    6.6220407396324468E-002
 performing expansion, best =    6.6220403983933709E-002
 performing expansion, best =    6.6220399536992838E-002
 performing expansion, best =    6.6220394268889954E-002
 performing expansion, best =    6.6220389788352749E-002
 performing expansion, best =    6.6220389590181505E-002
 performing expansion, best =    6.6220388052891252E-002
 performing expansion, best =    6.6220386816581614E-002
 performing expansion, best =    6.6220386412459531E-002
 performing expansion, best =    6.6220385905432597E-002
 performing expansion, best =    6.6220380420068295E-002
 performing expansion, best =    6.6220379756894168E-002
 performing expansion, best =    6.6220378540102612E-002
 performing expansion, best =    6.6220378206527722E-002
 performing expansion, best =    6.6220377701124919E-002
 performing expansion, best =    6.6220377175016443E-002
 performing expansion, best =    6.6220376729370395E-002
 performing expansion, best =    6.6220373230465368E-002
 performing expansion, best =    6.6220372427579083E-002
 performing expansion, best =    6.6220368592328480E-002
 performing expansion, best =    6.6220365312147700E-002
 performing expansion, best =    6.6220361309632977E-002
 performing expansion, best =    6.6220354797930162E-002
 performing expansion, best =    6.6220348989276062E-002
 performing expansion, best =    6.6220348568263795E-002
 performing expansion, best =    6.6220342602056073E-002
 performing expansion, best =    6.6220337871954332E-002
 performing expansion, best =    6.6220337127653822E-002
 performing expansion, best =    6.6220328225946520E-002
 performing expansion, best =    6.6220319054321242E-002
 performing expansion, best =    6.6220309145843759E-002
 performing expansion, best =    6.6220306862872585E-002
 performing expansion, best =    6.6220303279788229E-002
 performing expansion, best =    6.6220289595398663E-002
 performing expansion, best =    6.6220277274860698E-002
 performing expansion, best =    6.6220262242753042E-002
 performing expansion, best =    6.6220259517232358E-002
 performing expansion, best =    6.6220258302848722E-002
 performing expansion, best =    6.6220257024049059E-002
 performing expansion, best =    6.6220246002795843E-002
 performing expansion, best =    6.6220245042299647E-002
 performing expansion, best =    6.6220236427859208E-002
 performing expansion, best =    6.6220234443708489E-002
 performing expansion, best =    6.6220233206253823E-002
 performing expansion, best =    6.6220222813563170E-002
 performing expansion, best =    6.6220214959075999E-002
 performing expansion, best =    6.6220214807781980E-002
 performing expansion, best =    6.6220204621596321E-002
 performing expansion, best =    6.6220195716353208E-002
 performing expansion, best =    6.6220183756395781E-002
 performing expansion, best =    6.6220174621223427E-002
 performing expansion, best =    6.6220166435514038E-002
 performing expansion, best =    6.6220157677290364E-002
 performing expansion, best =    6.6220157462914805E-002
 performing expansion, best =    6.6220154157692779E-002
 performing expansion, best =    6.6220153200398535E-002
 performing expansion, best =    6.6220152125135046E-002
 performing expansion, best =    6.6220151784035522E-002
 performing expansion, best =    6.6220148886943941E-002
 performing expansion, best =    6.6220146576339067E-002
 performing expansion, best =    6.6220145019979942E-002
 performing expansion, best =    6.6220140528136615E-002
 performing expansion, best =    6.6220138673951878E-002
 performing expansion, best =    6.6220133550714863E-002
 performing expansion, best =    6.6220127979047083E-002
 performing expansion, best =    6.6220122848531154E-002
 performing expansion, best =    6.6220113149133175E-002
 performing expansion, best =    6.6220103003281003E-002
 performing expansion, best =    6.6220089174765046E-002
 performing expansion, best =    6.6220069721181787E-002
 performing expansion, best =    6.6220051758752299E-002
 performing expansion, best =    6.6220050019955068E-002
 performing expansion, best =    6.6220044129675110E-002
 performing expansion, best =    6.6220043171100890E-002
 performing expansion, best =    6.6220036664954171E-002
 performing expansion, best =    6.6220036459628193E-002
 performing expansion, best =    6.6220033108494725E-002
 performing expansion, best =    6.6220031878599081E-002
 performing expansion, best =    6.6220030196876958E-002
 performing expansion, best =    6.6220027836605050E-002
 performing expansion, best =    6.6220027018056973E-002
 performing expansion, best =    6.6220025925948639E-002
 performing expansion, best =    6.6220025882513980E-002
 performing expansion, best =    6.6220025005726019E-002
 performing expansion, best =    6.6220024752399631E-002
 performing expansion, best =    6.6220023837477979E-002
 performing expansion, best =    6.6220023756208030E-002
 performing expansion, best =    6.6220023515710061E-002
 performing expansion, best =    6.6220023281843426E-002
 performing expansion, best =    6.6220022726868194E-002
 performing expansion, best =    6.6220022657845129E-002
 performing expansion, best =    6.6220022540462525E-002
 performing expansion, best =    6.6220022164574746E-002
 performing expansion, best =    6.6220021957057063E-002
 performing expansion, best =    6.6220021834970763E-002
 performing expansion, best =    6.6220021736491691E-002
 performing expansion, best =    6.6220021630163411E-002
 performing expansion, best =    6.6220021491560213E-002
 performing expansion, best =    6.6220020824759293E-002
 performing expansion, best =    6.6220020088305326E-002
 performing expansion, best =    6.6220020056700996E-002
 performing expansion, best =    6.6220020028269141E-002
 performing expansion, best =    6.6220019280112272E-002
 performing expansion, best =    6.6220019178543921E-002
 performing expansion, best =    6.6220018347267290E-002
 performing expansion, best =    6.6220017417432081E-002
 performing expansion, best =    6.6220016507722648E-002
 performing expansion, best =    6.6220015214329686E-002
 performing expansion, best =    6.6220013718581369E-002
 performing expansion, best =    6.6220012328097183E-002
 performing expansion, best =    6.6220010810114915E-002
 performing expansion, best =    6.6220010504740315E-002
 performing expansion, best =    6.6220010063981483E-002
 performing expansion, best =    6.6220010046414840E-002
 performing expansion, best =    6.6220008748590589E-002
 performing expansion, best =    6.6220008541950995E-002
 performing expansion, best =    6.6220008396819463E-002
 performing expansion, best =    6.6220007270213530E-002
 performing expansion, best =    6.6220007221816174E-002
 performing expansion, best =    6.6220007076152221E-002
 performing expansion, best =    6.6220005919724059E-002
 performing expansion, best =    6.6220005904344223E-002
 performing expansion, best =    6.6220005015226083E-002
 performing expansion, best =    6.6220003953104151E-002
 performing expansion, best =    6.6220002965886510E-002
 performing expansion, best =    6.6220002659647573E-002
 performing expansion, best =    6.6220002396170194E-002
 performing expansion, best =    6.6220002214227511E-002
 performing expansion, best =    6.6220002070515704E-002
 performing expansion, best =    6.6220000837996160E-002
 performing expansion, best =    6.6219999774335556E-002
 performing expansion, best =    6.6219999646896621E-002
 performing expansion, best =    6.6219998561404064E-002
 performing expansion, best =    6.6219998224878077E-002
 performing expansion, best =    6.6219998140986697E-002
 performing expansion, best =    6.6219996925669766E-002
 performing expansion, best =    6.6219995600976467E-002
 performing expansion, best =    6.6219994035981597E-002
 performing expansion, best =    6.6219993793948231E-002
 performing expansion, best =    6.6219993631390764E-002
 performing expansion, best =    6.6219993345836503E-002
 performing expansion, best =    6.6219993149797374E-002
 performing expansion, best =    6.6219991696695943E-002
 performing expansion, best =    6.6219991685249224E-002
 performing expansion, best =    6.6219991436613779E-002
 performing expansion, best =    6.6219990204479412E-002
 performing expansion, best =    6.6219990146254765E-002
 performing expansion, best =    6.6219988939802840E-002
 performing expansion, best =    6.6219987548739076E-002
 performing expansion, best =    6.6219986045218879E-002
 performing expansion, best =    6.6219984329619647E-002
 performing expansion, best =    6.6219982261191510E-002
 performing expansion, best =    6.6219981933226757E-002
 performing expansion, best =    6.6219981354647919E-002
 performing expansion, best =    6.6219978430296145E-002
 performing expansion, best =    6.6219978404800164E-002
 performing expansion, best =    6.6219978166602231E-002
 performing expansion, best =    6.6219977569004843E-002
 performing expansion, best =    6.6219974409598870E-002
 performing expansion, best =    6.6219969957536803E-002
 performing expansion, best =    6.6219969112804450E-002
 performing expansion, best =    6.6219964180590632E-002
 performing expansion, best =    6.6219959968938827E-002
 performing expansion, best =    6.6219959237262288E-002
 performing expansion, best =    6.6219958221946498E-002
 performing expansion, best =    6.6219957615497455E-002
 performing expansion, best =    6.6219957505450552E-002
 performing expansion, best =    6.6219956903535701E-002
 performing expansion, best =    6.6219953004759857E-002
 performing expansion, best =    6.6219952522126257E-002
 performing expansion, best =    6.6219951909615077E-002
 performing expansion, best =    6.6219951233522048E-002
 performing expansion, best =    6.6219947829118955E-002
 performing expansion, best =    6.6219945218310095E-002
 performing expansion, best =    6.6219944922661519E-002
 performing expansion, best =    6.6219944619755264E-002
 performing expansion, best =    6.6219941929052312E-002
 performing expansion, best =    6.6219941741875815E-002
 performing expansion, best =    6.6219941399886156E-002
 performing expansion, best =    6.6219941141409430E-002
 performing expansion, best =    6.6219939026631716E-002
 performing expansion, best =    6.6219938709522058E-002
 performing expansion, best =    6.6219938403597078E-002
 performing expansion, best =    6.6219938220414262E-002
 performing expansion, best =    6.6219936346557096E-002
 performing expansion, best =    6.6219936210321476E-002
 performing expansion, best =    6.6219934467981106E-002
 performing expansion, best =    6.6219934244273415E-002
 performing expansion, best =    6.6219933998734368E-002
 performing expansion, best =    6.6219933711764253E-002
 performing expansion, best =    6.6219931964598439E-002
 performing expansion, best =    6.6219930380965034E-002
 performing expansion, best =    6.6219928984058180E-002
 performing expansion, best =    6.6219928755963525E-002
 performing expansion, best =    6.6219928553792273E-002
 performing expansion, best =    6.6219927522962949E-002
 performing expansion, best =    6.6219926690274905E-002
 performing expansion, best =    6.6219925836156407E-002
 performing expansion, best =    6.6219925645704905E-002
 performing expansion, best =    6.6219925538885741E-002
 performing expansion, best =    6.6219925415026429E-002
 performing expansion, best =    6.6219925271144134E-002
 performing expansion, best =    6.6219925069103167E-002
 performing expansion, best =    6.6219924962083038E-002
 performing expansion, best =    6.6219924062758312E-002
 performing expansion, best =    6.6219923307654735E-002
 performing expansion, best =    6.6219922433044753E-002
 performing expansion, best =    6.6219922234135475E-002
 performing expansion, best =    6.6219922023353917E-002
 performing expansion, best =    6.6219921997844752E-002
 performing expansion, best =    6.6219920928212328E-002
 performing expansion, best =    6.6219920782583874E-002
 performing expansion, best =    6.6219920725442930E-002
 performing expansion, best =    6.6219920687871442E-002
 performing expansion, best =    6.6219920537469293E-002
 performing expansion, best =    6.6219919796013424E-002
 performing expansion, best =    6.6219919645774492E-002
 performing expansion, best =    6.6219919575621455E-002
 performing expansion, best =    6.6219919466938670E-002
 performing expansion, best =    6.6219919465663010E-002
 performing expansion, best =    6.6219919415627229E-002
 performing expansion, best =    6.6219919319020437E-002
 performing expansion, best =    6.6219919241062769E-002
 performing expansion, best =    6.6219919237585176E-002
 performing expansion, best =    6.6219919193562737E-002
 performing expansion, best =    6.6219919177012171E-002
 performing expansion, best =    6.6219918816365103E-002
 performing expansion, best =    6.6219918733533709E-002
 performing expansion, best =    6.6219918692571614E-002
 performing expansion, best =    6.6219918678754583E-002
 performing expansion, best =    6.6219918312634546E-002
 performing expansion, best =    6.6219918255588567E-002
 performing expansion, best =    6.6219918234670008E-002
 performing expansion, best =    6.6219918156295757E-002
 performing expansion, best =    6.6219917746092510E-002
 performing expansion, best =    6.6219917395961392E-002
 performing expansion, best =    6.6219916995605643E-002
 performing expansion, best =    6.6219916541033291E-002
 performing expansion, best =    6.6219916484622277E-002
 performing expansion, best =    6.6219916444418617E-002
 performing expansion, best =    6.6219916359363931E-002
 performing expansion, best =    6.6219915867158585E-002
 performing expansion, best =    6.6219915569418031E-002
 performing expansion, best =    6.6219915304821644E-002
 performing expansion, best =    6.6219915070981017E-002
 performing expansion, best =    6.6219914889830936E-002
 performing expansion, best =    6.6219914726169948E-002
 performing expansion, best =    6.6219914703567181E-002
 performing expansion, best =    6.6219914684438691E-002
 performing expansion, best =    6.6219914662625043E-002
 performing expansion, best =    6.6219914624341902E-002
 performing expansion, best =    6.6219914442141786E-002
 performing expansion, best =    6.6219914265912824E-002
 performing expansion, best =    6.6219914048037995E-002
 performing expansion, best =    6.6219914042822459E-002
 performing expansion, best =    6.6219913886725809E-002
 performing expansion, best =    6.6219913870429567E-002
 performing expansion, best =    6.6219913693094906E-002
 performing expansion, best =    6.6219913568718425E-002
 performing expansion, best =    6.6219913461481344E-002
 performing expansion, best =    6.6219913451940809E-002
 performing expansion, best =    6.6219913384678433E-002
 performing expansion, best =    6.6219913379546178E-002
 performing expansion, best =    6.6219913358497029E-002
 performing expansion, best =    6.6219913309447917E-002
 performing expansion, best =    6.6219913266028579E-002
 performing expansion, best =    6.6219913217379037E-002
 performing expansion, best =    6.6219913183166335E-002
 performing expansion, best =    6.6219913128256924E-002
 performing expansion, best =    6.6219913060682575E-002
 performing expansion, best =    6.6219912989433929E-002
 performing expansion, best =    6.6219912901801306E-002
 performing expansion, best =    6.6219912794360389E-002
 performing expansion, best =    6.6219912631673150E-002
 performing expansion, best =    6.6219912442090162E-002
 performing expansion, best =    6.6219912213702242E-002
 performing expansion, best =    6.6219911982799085E-002
 performing expansion, best =    6.6219911731258407E-002
 performing expansion, best =    6.6219911426163444E-002
 performing expansion, best =    6.6219910974073787E-002
 performing expansion, best =    6.6219910491950543E-002
 performing expansion, best =    6.6219909900492549E-002
 performing expansion, best =    6.6219909212592673E-002
 performing expansion, best =    6.6219908347678366E-002
 performing expansion, best =    6.6219907273208270E-002
 performing expansion, best =    6.6219906164342188E-002
 performing expansion, best =    6.6219904651923095E-002
 performing expansion, best =    6.6219904458540105E-002
 performing expansion, best =    6.6219904384545017E-002
 performing expansion, best =    6.6219903948272624E-002
 performing expansion, best =    6.6219903873065755E-002
 performing expansion, best =    6.6219903731697116E-002
 performing expansion, best =    6.6219903699376678E-002
 performing expansion, best =    6.6219903541979860E-002
 performing expansion, best =    6.6219903450160586E-002
 performing expansion, best =    6.6219903423405571E-002
 performing expansion, best =    6.6219903365477784E-002
 performing expansion, best =    6.6219903218161999E-002
 performing expansion, best =    6.6219903216625381E-002
 performing expansion, best =    6.6219903142856043E-002
 performing expansion, best =    6.6219903093161642E-002
 performing expansion, best =    6.6219903060638394E-002
 performing expansion, best =    6.6219903051244380E-002
 performing expansion, best =    6.6219903043177666E-002
 performing expansion, best =    6.6219903009515205E-002
 performing expansion, best =    6.6219902988463905E-002
 performing expansion, best =    6.6219902959076343E-002
 performing expansion, best =    6.6219902951187570E-002
 performing expansion, best =    6.6219902950652526E-002
 performing expansion, best =    6.6219902939274836E-002
 performing expansion, best =    6.6219902928154453E-002
 performing expansion, best =    6.6219902917507581E-002
 performing expansion, best =    6.6219902915038792E-002
 performing expansion, best =    6.6219902901152289E-002
 performing expansion, best =    6.6219902894286212E-002
 performing expansion, best =    6.6219902892318092E-002
 performing expansion, best =    6.6219902888256382E-002
 performing expansion, best =    6.6219902882230147E-002
 performing expansion, best =    6.6219902881321888E-002
 performing expansion, best =    6.6219902875552406E-002
 performing expansion, best =    6.6219902874230671E-002
 performing expansion, best =    6.6219902869327676E-002
 performing expansion, best =    6.6219902868018835E-002
 performing expansion, best =    6.6219902866178085E-002
 performing expansion, best =    6.6219902864077168E-002
 performing expansion, best =    6.6219902861730018E-002
 performing expansion, best =    6.6219902860654808E-002
 performing expansion, best =    6.6219902846145512E-002
 performing expansion, best =    6.6219902844092349E-002
 performing expansion, best =    6.6219902842754669E-002
 performing expansion, best =    6.6219902839803640E-002
 performing expansion, best =    6.6219902837338127E-002
 performing expansion, best =    6.6219902836590641E-002
 performing expansion, best =    6.6219902836060010E-002
 performing expansion, best =    6.6219902834303235E-002
 performing expansion, best =    6.6219902825602847E-002
 performing expansion, best =    6.6219902825427793E-002
 performing expansion, best =    6.6219902824136548E-002
 performing expansion, best =    6.6219902823299454E-002
 performing expansion, best =    6.6219902822235319E-002
 performing expansion, best =    6.6219902813713982E-002
 performing expansion, best =    6.6219902812566497E-002
 performing expansion, best =    6.6219902811262873E-002
 performing expansion, best =    6.6219902809559347E-002
 performing expansion, best =    6.6219902801229275E-002
 performing expansion, best =    6.6219902801056565E-002
 performing expansion, best =    6.6219902792088212E-002
 performing expansion, best =    6.6219902790173396E-002
 performing expansion, best =    6.6219902776884193E-002
 performing expansion, best =    6.6219902763967969E-002
 performing expansion, best =    6.6219902746622539E-002
 performing expansion, best =    6.6219902727404495E-002
 performing expansion, best =    6.6219902705737577E-002
 performing expansion, best =    6.6219902676430409E-002
 performing expansion, best =    6.6219902645177672E-002
 performing expansion, best =    6.6219902604908731E-002
 performing expansion, best =    6.6219902560302343E-002
 performing expansion, best =    6.6219902499435962E-002
 performing expansion, best =    6.6219902422734969E-002
 performing expansion, best =    6.6219902338182798E-002
 performing expansion, best =    6.6219902232051805E-002
 performing expansion, best =    6.6219902110297366E-002
 performing expansion, best =    6.6219901976497783E-002
 performing expansion, best =    6.6219901797399811E-002
 performing expansion, best =    6.6219901582397975E-002
 performing expansion, best =    6.6219901324824124E-002
 performing expansion, best =    6.6219901030522721E-002
 performing expansion, best =    6.6219900686599942E-002
 performing expansion, best =    6.6219900314440749E-002
 performing expansion, best =    6.6219899877421037E-002
 performing expansion, best =    6.6219899332467372E-002
 performing expansion, best =    6.6219899328952850E-002
 performing expansion, best =    6.6219899247833669E-002
 performing expansion, best =    6.6219899170391713E-002
 performing expansion, best =    6.6219899049479336E-002
 performing expansion, best =    6.6219898985436801E-002
 performing expansion, best =    6.6219898963443560E-002
 performing expansion, best =    6.6219898959870988E-002
 performing expansion, best =    6.6219898951704853E-002
 performing expansion, best =    6.6219898855322812E-002
 performing expansion, best =    6.6219898755816312E-002
 performing expansion, best =    6.6219898736597338E-002
 performing expansion, best =    6.6219898610462902E-002
 performing expansion, best =    6.6219898471604421E-002
 performing expansion, best =    6.6219898291843854E-002
 performing expansion, best =    6.6219898089235604E-002
 performing expansion, best =    6.6219898061663313E-002
 performing expansion, best =    6.6219897821495177E-002
 performing expansion, best =    6.6219897770909641E-002
 performing expansion, best =    6.6219897730896940E-002
 performing expansion, best =    6.6219897432259436E-002
 performing expansion, best =    6.6219897396149141E-002
 performing expansion, best =    6.6219897149983775E-002
 performing expansion, best =    6.6219897110049844E-002
 performing expansion, best =    6.6219897109464701E-002
 performing expansion, best =    6.6219897057268343E-002
 performing expansion, best =    6.6219896828297500E-002
 performing expansion, best =    6.6219896636687495E-002
 performing expansion, best =    6.6219896377130882E-002
 performing expansion, best =    6.6219896119404278E-002
 performing expansion, best =    6.6219895872468501E-002
 performing expansion, best =    6.6219895857295943E-002
 performing expansion, best =    6.6219895665164286E-002
 performing expansion, best =    6.6219895627567110E-002
 performing expansion, best =    6.6219895403114154E-002
 performing expansion, best =    6.6219895399325643E-002
 performing expansion, best =    6.6219895250451272E-002
 performing expansion, best =    6.6219895042863575E-002
 performing expansion, best =    6.6219895027683384E-002
 performing expansion, best =    6.6219894998810591E-002
 performing expansion, best =    6.6219894977569319E-002
 performing expansion, best =    6.6219894823298583E-002
 performing expansion, best =    6.6219894796253384E-002
 performing expansion, best =    6.6219894777641897E-002
 performing expansion, best =    6.6219894640480767E-002
 performing expansion, best =    6.6219894640032737E-002
 performing expansion, best =    6.6219894540039834E-002
 performing expansion, best =    6.6219894445848207E-002
 performing expansion, best =    6.6219894377667704E-002
 performing expansion, best =    6.6219894375655244E-002
 performing expansion, best =    6.6219894287569331E-002
 performing expansion, best =    6.6219894271614815E-002
 performing expansion, best =    6.6219894260756917E-002
 performing expansion, best =    6.6219894198898469E-002
 performing expansion, best =    6.6219894187841313E-002
 performing expansion, best =    6.6219894128069570E-002
 performing expansion, best =    6.6219894111417404E-002
 performing expansion, best =    6.6219894107420296E-002
 performing expansion, best =    6.6219894034015583E-002
 performing expansion, best =    6.6219894023739054E-002
 performing expansion, best =    6.6219894021713799E-002
 performing expansion, best =    6.6219894014940939E-002
 performing expansion, best =    6.6219893951883380E-002
 performing expansion, best =    6.6219893944453975E-002
 performing expansion, best =    6.6219893937099206E-002
 performing expansion, best =    6.6219893875119562E-002
 performing expansion, best =    6.6219893826498732E-002
 performing expansion, best =    6.6219893822870801E-002
 performing expansion, best =    6.6219893772467925E-002
 performing expansion, best =    6.6219893767731075E-002
 performing expansion, best =    6.6219893722064757E-002
 performing expansion, best =    6.6219893674215949E-002
 performing expansion, best =    6.6219893668653648E-002
 performing expansion, best =    6.6219893626859039E-002
 performing expansion, best =    6.6219893586174389E-002
 performing expansion, best =    6.6219893583070052E-002
 performing expansion, best =    6.6219893581905553E-002
 performing expansion, best =    6.6219893545929776E-002
 performing expansion, best =    6.6219893507118793E-002
 performing expansion, best =    6.6219893504235725E-002
 performing expansion, best =    6.6219893500374466E-002
 performing expansion, best =    6.6219893496867133E-002
 performing expansion, best =    6.6219893461132245E-002
 performing expansion, best =    6.6219893425814358E-002
 performing expansion, best =    6.6219893417203732E-002
 performing expansion, best =    6.6219893414634912E-002
 performing expansion, best =    6.6219893381054010E-002
 performing expansion, best =    6.6219893374422689E-002
 performing expansion, best =    6.6219893368081442E-002
 performing expansion, best =    6.6219893364625179E-002
 performing expansion, best =    6.6219893361914833E-002
 performing expansion, best =    6.6219893328263862E-002
 performing expansion, best =    6.6219893297070384E-002
 performing expansion, best =    6.6219893263214660E-002
 performing expansion, best =    6.6219893231445226E-002
 performing expansion, best =    6.6219893197054333E-002
 performing expansion, best =    6.6219893191477544E-002
 performing expansion, best =    6.6219893163647472E-002
 performing expansion, best =    6.6219893162282259E-002
 performing expansion, best =    6.6219893134609104E-002
 performing expansion, best =    6.6219893103437441E-002
 performing expansion, best =    6.6219893075913042E-002
 performing expansion, best =    6.6219893047754635E-002
 performing expansion, best =    6.6219893044875647E-002
 performing expansion, best =    6.6219893040759564E-002
 performing expansion, best =    6.6219893011437742E-002
 performing expansion, best =    6.6219893007740435E-002
 performing expansion, best =    6.6219893005627570E-002
 performing expansion, best =    6.6219893004435620E-002
 performing expansion, best =    6.6219893000100505E-002
 performing expansion, best =    6.6219892999011334E-002
 performing expansion, best =    6.6219892996966429E-002
 performing expansion, best =    6.6219892995189891E-002
 performing expansion, best =    6.6219892994065971E-002
 performing expansion, best =    6.6219892993960500E-002
 performing expansion, best =    6.6219892993896953E-002
 performing expansion, best =    6.6219892991308288E-002
 performing expansion, best =    6.6219892991261534E-002
 performing expansion, best =    6.6219892991018561E-002
 performing expansion, best =    6.6219892990770135E-002
 performing expansion, best =    6.6219892988970519E-002
 performing expansion, best =    6.6219892987017054E-002
 performing expansion, best =    6.6219892984848941E-002
 performing expansion, best =    6.6219892982360307E-002
 performing expansion, best =    6.6219892978806164E-002
 performing expansion, best =    6.6219892975002595E-002
 performing expansion, best =    6.6219892969945654E-002
 performing expansion, best =    6.6219892964888116E-002
 performing expansion, best =    6.6219892958409549E-002
 performing expansion, best =    6.6219892950742515E-002
 performing expansion, best =    6.6219892940682132E-002
 performing expansion, best =    6.6219892929777299E-002
 performing expansion, best =    6.6219892914532938E-002
 performing expansion, best =    6.6219892896841076E-002
 performing expansion, best =    6.6219892894152088E-002
 performing expansion, best =    6.6219892892491750E-002
 performing expansion, best =    6.6219892890489962E-002
 performing expansion, best =    6.6219892888099735E-002
 performing expansion, best =    6.6219892885734863E-002
 performing expansion, best =    6.6219892885489573E-002
 performing expansion, best =    6.6219892884707546E-002
 performing expansion, best =    6.6219892884014975E-002
 performing expansion, best =    6.6219892883686696E-002
 performing expansion, best =    6.6219892883157022E-002
 performing expansion, best =    6.6219892883070050E-002
 performing expansion, best =    6.6219892882922640E-002
 performing expansion, best =    6.6219892882691547E-002
 performing expansion, best =    6.6219892880833311E-002
 performing expansion, best =    6.6219892880359468E-002
 performing expansion, best =    6.6219892880270428E-002
 performing expansion, best =    6.6219892878169026E-002
 performing expansion, best =    6.6219892875766587E-002
 performing expansion, best =    6.6219892875187036E-002
 performing expansion, best =    6.6219892871642302E-002
 performing expansion, best =    6.6219892867961316E-002
 performing expansion, best =    6.6219892863080956E-002
 performing expansion, best =    6.6219892858002269E-002
 performing expansion, best =    6.6219892851920925E-002
 performing expansion, best =    6.6219892844834372E-002
 performing expansion, best =    6.6219892835027383E-002
 performing expansion, best =    6.6219892833635038E-002
 performing expansion, best =    6.6219892831048302E-002
 performing expansion, best =    6.6219892830708865E-002
 performing expansion, best =    6.6219892829451205E-002
 performing expansion, best =    6.6219892828632429E-002
 performing expansion, best =    6.6219892819728926E-002
 performing expansion, best =    6.6219892818818793E-002
 performing expansion, best =    6.6219892812979214E-002
 performing expansion, best =    6.6219892806770042E-002
 performing expansion, best =    6.6219892799241536E-002
 performing expansion, best =    6.6219892791323398E-002
 performing expansion, best =    6.6219892790319243E-002
 performing expansion, best =    6.6219892784461082E-002
 performing expansion, best =    6.6219892780370090E-002
 performing expansion, best =    6.6219892779769945E-002
 performing expansion, best =    6.6219892779095457E-002
 performing expansion, best =    6.6219892774985675E-002
 performing expansion, best =    6.6219892774080802E-002
 performing expansion, best =    6.6219892773666092E-002
 performing expansion, best =    6.6219892769716945E-002
 performing expansion, best =    6.6219892766152061E-002
 performing expansion, best =    6.6219892761478577E-002
 performing expansion, best =    6.6219892760961421E-002
 performing expansion, best =    6.6219892756948326E-002
 performing expansion, best =    6.6219892753323684E-002
 performing expansion, best =    6.6219892753068402E-002
 performing expansion, best =    6.6219892752722637E-002
 performing expansion, best =    6.6219892750171455E-002
 performing expansion, best =    6.6219892747367351E-002
 performing expansion, best =    6.6219892747004030E-002
 performing expansion, best =    6.6219892746894299E-002
 performing expansion, best =    6.6219892746777989E-002
 performing expansion, best =    6.6219892746654685E-002
 performing expansion, best =    6.6219892744317735E-002
 performing expansion, best =    6.6219892742645087E-002
 performing expansion, best =    6.6219892741099656E-002
 performing expansion, best =    6.6219892739156058E-002
 performing expansion, best =    6.6219892738974787E-002
 performing expansion, best =    6.6219892737107600E-002
 performing expansion, best =    6.6219892736994093E-002
 performing expansion, best =    6.6219892735594449E-002
 performing expansion, best =    6.6219892734243696E-002
 performing expansion, best =    6.6219892734088473E-002
 performing expansion, best =    6.6219892733976021E-002
 performing expansion, best =    6.6219892732871127E-002
 performing expansion, best =    6.6219892732691590E-002
 performing expansion, best =    6.6219892732556476E-002
 performing expansion, best =    6.6219892732499328E-002
 performing expansion, best =    6.6219892731268312E-002
 performing expansion, best =    6.6219892730255719E-002
 performing expansion, best =    6.6219892730161406E-002
 performing expansion, best =    6.6219892729385804E-002
 performing expansion, best =    6.6219892728587165E-002
 performing expansion, best =    6.6219892728412721E-002
 performing expansion, best =    6.6219892728242941E-002
 performing expansion, best =    6.6219892727173116E-002
 performing expansion, best =    6.6219892727144875E-002
 performing expansion, best =    6.6219892727056917E-002
 performing expansion, best =    6.6219892726888080E-002
 performing expansion, best =    6.6219892726795529E-002
 performing expansion, best =    6.6219892725898441E-002
 performing expansion, best =    6.6219892725789015E-002
 performing expansion, best =    6.6219892725785864E-002
 performing expansion, best =    6.6219892725660395E-002
Exiting simplex optimization after  4872 iterations
RMSE         6.621989273E-02 Hartree
NEW BEST!
Best found solution for 4 charges:
        RMSE         4.155357866E+01 kcal/mol
         MAE         4.080043184E+01 kcal/mol
     max. AE         6.885981880E+01 kcal/mol

       x[bohr]       y[bohr]       z[bohr]          q[e]
    -0.0848036     0.6796497    -0.0000044    -0.5736643
     0.6724965    -0.9392583    -0.0000052     0.1240444
    -0.0479810     0.5364953    -0.0000210    -0.0043743
    -0.9908625    -0.2649278    -0.0000340     0.1275665

