Running in fitting mode

Reading "/data/boittier/energies/h2o_geom.xyz.dir/h2o_1.chk.fchk.potential.cube"...

  h2o Potential=SCF
  Electrostatic potential from Total SCF Density
    3   -4.970736   -4.748413   -4.970736
   80    0.125841    0.000000    0.000000
   80    0.000000    0.125841    0.000000
   80    0.000000    0.000000    0.125841
    8    8.000000    0.000000    0.222323    0.000000
    1    1.000000    1.427171   -0.896400    0.000000
    1    1.000000   -1.427171   -0.882184    0.000000
  1.66698E-02  1.67288E-02  1.67584E-02  1.67584E-02  1.67288E-02  1.66698E-02
       .            .            .            .            .            .
       .            .            .            .            .            .
       .            .            .            .            .            .
 -9.18626E-03 -9.18159E-03 -9.17225E-03 -9.15823E-03 -9.13952E-03 -9.11609E-03

338246 out of 512000 gridpoints are considered ( 66.1%).

...done!




 Refining solution from file/home/boittier/MDCM-1/examples/water/5-combine-frags/7-combined.xyz
 Contains      7 charges
      Initial RMSE =         4.275681796E+01 kcal/mol
Running DE in parallel with 4 thread(s)!


User requested refinement using simplex algorithm (no DE)

 performing expansion, best =    6.7463856547714501E-002
 performing expansion, best =    6.7158209568570854E-002
 performing expansion, best =    6.6921221489826460E-002
 performing expansion, best =    6.6807490857803908E-002
 performing expansion, best =    6.6577397473796054E-002
 performing expansion, best =    6.6555151747220334E-002
 performing expansion, best =    6.6531471526472472E-002
 performing expansion, best =    6.6513697472656008E-002
 performing expansion, best =    6.6502523568813740E-002
 performing expansion, best =    6.6449209394489145E-002
 performing expansion, best =    6.6357097360853851E-002
 performing expansion, best =    6.6349803811298527E-002
 performing expansion, best =    6.6309103961903745E-002
 performing expansion, best =    6.6308805508070404E-002
 performing expansion, best =    6.6295850014527258E-002
 performing expansion, best =    6.6274835903532753E-002
 performing expansion, best =    6.6273812694988068E-002
 performing expansion, best =    6.6267591937623063E-002
 performing expansion, best =    6.6256493284753637E-002
 performing expansion, best =    6.6248389945799790E-002
 performing expansion, best =    6.6228224068876296E-002
 performing expansion, best =    6.6220944078054275E-002
 performing expansion, best =    6.6204618042382105E-002
 performing expansion, best =    6.6195721847713371E-002
 performing expansion, best =    6.6194855674766059E-002
 performing expansion, best =    6.6192275888998051E-002
 performing expansion, best =    6.6185887538574836E-002
 performing expansion, best =    6.6181188356901219E-002
 performing expansion, best =    6.6177882814856287E-002
 performing expansion, best =    6.6176277962789368E-002
 performing expansion, best =    6.6175082120371390E-002
 performing expansion, best =    6.6174536978879026E-002
 performing expansion, best =    6.6172998871975169E-002
 performing expansion, best =    6.6168188544948034E-002
 performing expansion, best =    6.6164641853629122E-002
 performing expansion, best =    6.6163796197573205E-002
 performing expansion, best =    6.6161858023283768E-002
 performing expansion, best =    6.6159923473860002E-002
 performing expansion, best =    6.6157619422949857E-002
 performing expansion, best =    6.6155871059661989E-002
 performing expansion, best =    6.6155680552271473E-002
 performing expansion, best =    6.6154660801415993E-002
 performing expansion, best =    6.6154168267520075E-002
 performing expansion, best =    6.6153756748869447E-002
 performing expansion, best =    6.6153745878908571E-002
 performing expansion, best =    6.6153458009886743E-002
 performing expansion, best =    6.6152891046274698E-002
 performing expansion, best =    6.6151414466488048E-002
 performing expansion, best =    6.6150254276371667E-002
 performing expansion, best =    6.6148852997630125E-002
 performing expansion, best =    6.6145999096254821E-002
 performing expansion, best =    6.6141643523672591E-002
 performing expansion, best =    6.6140817793488502E-002
 performing expansion, best =    6.6140335699958711E-002
 performing expansion, best =    6.6137477548999110E-002
 performing expansion, best =    6.6136282550358444E-002
 performing expansion, best =    6.6136265130982488E-002
 performing expansion, best =    6.6134243453244632E-002
 performing expansion, best =    6.6130348755066029E-002
 performing expansion, best =    6.6128704055981730E-002
 performing expansion, best =    6.6127228949661845E-002
 performing expansion, best =    6.6125236523727954E-002
 performing expansion, best =    6.6124555479308386E-002
 performing expansion, best =    6.6123074572162779E-002
 performing expansion, best =    6.6122491617161105E-002
 performing expansion, best =    6.6121935115060357E-002
 performing expansion, best =    6.6121911870639621E-002
 performing expansion, best =    6.6121859770427491E-002
 performing expansion, best =    6.6121353830486049E-002
 performing expansion, best =    6.6121172110186907E-002
 performing expansion, best =    6.6120778295458912E-002
 performing expansion, best =    6.6120132166929482E-002
 performing expansion, best =    6.6119325038063503E-002
 performing expansion, best =    6.6119252547469046E-002
 performing expansion, best =    6.6118560779244648E-002
 performing expansion, best =    6.6118482711775242E-002
 performing expansion, best =    6.6117842051149053E-002
 performing expansion, best =    6.6117211787541194E-002
 performing expansion, best =    6.6116790216603660E-002
 performing expansion, best =    6.6116551981303492E-002
 performing expansion, best =    6.6115425520298213E-002
 performing expansion, best =    6.6113489139125348E-002
 performing expansion, best =    6.6112761784133681E-002
 performing expansion, best =    6.6112049328958269E-002
 performing expansion, best =    6.6112009180863254E-002
 performing expansion, best =    6.6111402898644006E-002
 performing expansion, best =    6.6110958445293480E-002
 performing expansion, best =    6.6110736067580486E-002
 performing expansion, best =    6.6110501579247430E-002
 performing expansion, best =    6.6110458194617236E-002
 performing expansion, best =    6.6110106396596799E-002
 performing expansion, best =    6.6109442824152168E-002
 performing expansion, best =    6.6108988250931922E-002
 performing expansion, best =    6.6108735795609289E-002
 performing expansion, best =    6.6108665432322730E-002
 performing expansion, best =    6.6108299291899181E-002
 performing expansion, best =    6.6106769086035910E-002
 performing expansion, best =    6.6105356918301120E-002
 performing expansion, best =    6.6103956550991133E-002
 performing expansion, best =    6.6103844483225357E-002
 performing expansion, best =    6.6102262111635696E-002
 performing expansion, best =    6.6102242894039945E-002
 performing expansion, best =    6.6101729471268120E-002
 performing expansion, best =    6.6100286083772886E-002
 performing expansion, best =    6.6100232848957940E-002
 performing expansion, best =    6.6100212700015995E-002
 performing expansion, best =    6.6099515289424940E-002
 performing expansion, best =    6.6099213779675703E-002
 performing expansion, best =    6.6098930484007348E-002
 performing expansion, best =    6.6098896197538129E-002
 performing expansion, best =    6.6098869786462802E-002
 performing expansion, best =    6.6098761394995931E-002
 performing expansion, best =    6.6098506450411543E-002
 performing expansion, best =    6.6098044423620425E-002
 performing expansion, best =    6.6097941087278886E-002
 performing expansion, best =    6.6097765715906656E-002
 performing expansion, best =    6.6097469489740823E-002
 performing expansion, best =    6.6096473756067545E-002
 performing expansion, best =    6.6096236993661572E-002
 performing expansion, best =    6.6094833026974234E-002
 performing expansion, best =    6.6094741525583242E-002
 performing expansion, best =    6.6094725017821571E-002
 performing expansion, best =    6.6093800220240514E-002
 performing expansion, best =    6.6093091483270125E-002
 performing expansion, best =    6.6092549909620116E-002
 performing expansion, best =    6.6091278351779859E-002
 performing expansion, best =    6.6091239545795155E-002
 performing expansion, best =    6.6091168834376421E-002
 performing expansion, best =    6.6090451909707179E-002
 performing expansion, best =    6.6090362810498390E-002
 performing expansion, best =    6.6090273127666910E-002
 performing expansion, best =    6.6090233025416473E-002
 performing expansion, best =    6.6090207779777643E-002
 performing expansion, best =    6.6089787929903304E-002
 performing expansion, best =    6.6089646080363870E-002
 performing expansion, best =    6.6089642181259012E-002
 performing expansion, best =    6.6089489200249693E-002
 performing expansion, best =    6.6089462466507612E-002
 performing expansion, best =    6.6089376261064467E-002
 performing expansion, best =    6.6089346002338262E-002
 performing expansion, best =    6.6089008522960194E-002
 performing expansion, best =    6.6088997767941152E-002
 performing expansion, best =    6.6088655345733716E-002
 performing expansion, best =    6.6088643438770231E-002
 performing expansion, best =    6.6088447058457969E-002
 performing expansion, best =    6.6088414606364262E-002
 performing expansion, best =    6.6088249926146411E-002
 performing expansion, best =    6.6087729333601394E-002
 performing expansion, best =    6.6087293611169121E-002
 performing expansion, best =    6.6086768807995841E-002
 performing expansion, best =    6.6086236692816491E-002
 performing expansion, best =    6.6086202048568313E-002
 performing expansion, best =    6.6086040959637021E-002
 performing expansion, best =    6.6085485429212110E-002
 performing expansion, best =    6.6085233637608001E-002
 performing expansion, best =    6.6085140252061719E-002
 performing expansion, best =    6.6085077491457825E-002
 performing expansion, best =    6.6084949187570852E-002
 performing expansion, best =    6.6084907582466212E-002
 performing expansion, best =    6.6084822343339844E-002
 performing expansion, best =    6.6084079163764492E-002
 performing expansion, best =    6.6084021903756701E-002
 performing expansion, best =    6.6083984462584983E-002
 performing expansion, best =    6.6083852896186179E-002
 performing expansion, best =    6.6083832059099776E-002
 performing expansion, best =    6.6083304118051342E-002
 performing expansion, best =    6.6083211658492444E-002
 performing expansion, best =    6.6083109075699434E-002
 performing expansion, best =    6.6083097160125170E-002
 performing expansion, best =    6.6082735982761653E-002
 performing expansion, best =    6.6082545396742076E-002
 performing expansion, best =    6.6082403525793990E-002
 performing expansion, best =    6.6081676257275151E-002
 performing expansion, best =    6.6081544407955981E-002
 performing expansion, best =    6.6081085476465212E-002
 performing expansion, best =    6.6081063477742077E-002
 performing expansion, best =    6.6080653021679078E-002
 performing expansion, best =    6.6080629932785823E-002
 performing expansion, best =    6.6080601333440209E-002
 performing expansion, best =    6.6080338763602350E-002
 performing expansion, best =    6.6080311217827814E-002
 performing expansion, best =    6.6080239488981118E-002
 performing expansion, best =    6.6080204725268391E-002
 performing expansion, best =    6.6080097739088378E-002
 performing expansion, best =    6.6080034045769009E-002
 performing expansion, best =    6.6080024721636793E-002
 performing expansion, best =    6.6080011005849051E-002
 performing expansion, best =    6.6079719891107419E-002
 performing expansion, best =    6.6079706560203247E-002
 performing expansion, best =    6.6079681993761491E-002
 performing expansion, best =    6.6079662319607116E-002
 performing expansion, best =    6.6079628641481522E-002
 performing expansion, best =    6.6079619640109943E-002
 performing expansion, best =    6.6079596821882497E-002
 performing expansion, best =    6.6079379399390265E-002
 performing expansion, best =    6.6079360456571937E-002
 performing expansion, best =    6.6079360231262957E-002
 performing expansion, best =    6.6079331546715872E-002
 performing expansion, best =    6.6079284886344153E-002
 performing expansion, best =    6.6079144212563015E-002
 performing expansion, best =    6.6078954917021981E-002
 performing expansion, best =    6.6078915855149731E-002
 performing expansion, best =    6.6078855984759599E-002
 performing expansion, best =    6.6078671511133016E-002
 performing expansion, best =    6.6078617744881357E-002
 performing expansion, best =    6.6078468030197249E-002
 performing expansion, best =    6.6078416535611556E-002
 performing expansion, best =    6.6078277650836556E-002
 performing expansion, best =    6.6078249387465843E-002
 performing expansion, best =    6.6078245486802384E-002
 performing expansion, best =    6.6078231313496591E-002
 performing expansion, best =    6.6078226666080986E-002
 performing expansion, best =    6.6078164883862561E-002
 performing expansion, best =    6.6078152715296795E-002
 performing expansion, best =    6.6078087086500092E-002
 performing expansion, best =    6.6078079683217342E-002
 performing expansion, best =    6.6078076675231037E-002
 performing expansion, best =    6.6078068170499382E-002
 performing expansion, best =    6.6078055193790883E-002
 performing expansion, best =    6.6078054051920840E-002
 performing expansion, best =    6.6078042040264726E-002
 performing expansion, best =    6.6077975947262904E-002
 performing expansion, best =    6.6077926173135057E-002
 performing expansion, best =    6.6077921243981930E-002
 performing expansion, best =    6.6077917559985377E-002
 performing expansion, best =    6.6077916929447769E-002
 performing expansion, best =    6.6077873797087711E-002
 performing expansion, best =    6.6077819485812261E-002
 performing expansion, best =    6.6077768577744930E-002
 performing expansion, best =    6.6077757309475890E-002
 performing expansion, best =    6.6077753026369132E-002
 performing expansion, best =    6.6077742573819612E-002
 performing expansion, best =    6.6077738356791108E-002
 performing expansion, best =    6.6077680434963912E-002
 performing expansion, best =    6.6077675839897737E-002
 performing expansion, best =    6.6077608156471748E-002
 performing expansion, best =    6.6077555269417040E-002
 performing expansion, best =    6.6077546639937826E-002
 performing expansion, best =    6.6077463513220941E-002
 performing expansion, best =    6.6077381917234848E-002
 performing expansion, best =    6.6077375197127072E-002
 performing expansion, best =    6.6077372869293147E-002
 performing expansion, best =    6.6077301269202207E-002
 performing expansion, best =    6.6077196056341755E-002
 performing expansion, best =    6.6077104553664112E-002
 performing expansion, best =    6.6076970640688265E-002
 performing expansion, best =    6.6076870095855528E-002
 performing expansion, best =    6.6076757780722431E-002
 performing expansion, best =    6.6076647231636337E-002
 performing expansion, best =    6.6076622236315927E-002
 performing expansion, best =    6.6076499058715890E-002
 performing expansion, best =    6.6076476786737115E-002
 performing expansion, best =    6.6076464299563695E-002
 performing expansion, best =    6.6076354904006804E-002
 performing expansion, best =    6.6076253068246341E-002
 performing expansion, best =    6.6076237419662162E-002
 performing expansion, best =    6.6076232930347881E-002
 performing expansion, best =    6.6076230490752924E-002
 performing expansion, best =    6.6076219426128888E-002
 performing expansion, best =    6.6076138928966660E-002
 performing expansion, best =    6.6076033703174858E-002
 performing expansion, best =    6.6076024689212851E-002
 performing expansion, best =    6.6075929153337279E-002
 performing expansion, best =    6.6075838300440684E-002
 performing expansion, best =    6.6075731460696688E-002
 performing expansion, best =    6.6075729387498575E-002
 performing expansion, best =    6.6075627352890021E-002
 performing expansion, best =    6.6075491526586622E-002
 performing expansion, best =    6.6075467301125457E-002
 performing expansion, best =    6.6075325817650785E-002
 performing expansion, best =    6.6075306595584651E-002
 performing expansion, best =    6.6075156182937286E-002
 performing expansion, best =    6.6074972706247848E-002
 performing expansion, best =    6.6074920733944900E-002
 performing expansion, best =    6.6074909731327222E-002
 performing expansion, best =    6.6074725024982461E-002
 performing expansion, best =    6.6074706445006612E-002
 performing expansion, best =    6.6074699451499949E-002
 performing expansion, best =    6.6074529798120743E-002
 performing expansion, best =    6.6074306921616546E-002
 performing expansion, best =    6.6074285806261443E-002
 performing expansion, best =    6.6074065241805452E-002
 performing expansion, best =    6.6074022728984869E-002
 performing expansion, best =    6.6073998851587254E-002
 performing expansion, best =    6.6073762517621704E-002
 performing expansion, best =    6.6073551782554529E-002
 performing expansion, best =    6.6073493179316684E-002
 performing expansion, best =    6.6073244866854564E-002
 performing expansion, best =    6.6073238757920275E-002
 performing expansion, best =    6.6073095929614925E-002
 performing expansion, best =    6.6073055384881091E-002
 performing expansion, best =    6.6073033061735897E-002
 performing expansion, best =    6.6073012433731884E-002
 performing expansion, best =    6.6072999207222038E-002
 performing expansion, best =    6.6072854311933160E-002
 performing expansion, best =    6.6072666369826047E-002
 performing expansion, best =    6.6072507317070928E-002
 performing expansion, best =    6.6072473225372227E-002
 performing expansion, best =    6.6072339329467850E-002
 performing expansion, best =    6.6072332815865165E-002
 performing expansion, best =    6.6072331182675942E-002
 performing expansion, best =    6.6072280917207474E-002
 performing expansion, best =    6.6072085540211031E-002
 performing expansion, best =    6.6072065996536797E-002
 performing expansion, best =    6.6072058498078248E-002
 performing expansion, best =    6.6071967238634260E-002
 performing expansion, best =    6.6071828282672371E-002
 performing expansion, best =    6.6071815232775902E-002
 performing expansion, best =    6.6071800848822179E-002
 performing expansion, best =    6.6071789753417945E-002
 performing expansion, best =    6.6071787194195056E-002
 performing expansion, best =    6.6071770371833635E-002
 performing expansion, best =    6.6071758507177628E-002
 performing expansion, best =    6.6071757530909381E-002
 performing expansion, best =    6.6071756863255462E-002
 performing expansion, best =    6.6071756548217411E-002
 performing expansion, best =    6.6071744425687806E-002
 performing expansion, best =    6.6071731311637946E-002
 performing expansion, best =    6.6071639855120504E-002
 performing expansion, best =    6.6071572596575742E-002
 performing expansion, best =    6.6071511032222488E-002
 performing expansion, best =    6.6071502015230182E-002
 performing expansion, best =    6.6071431705683636E-002
 performing expansion, best =    6.6071427875904767E-002
 performing expansion, best =    6.6071422696157095E-002
 performing expansion, best =    6.6071361528519224E-002
 performing expansion, best =    6.6071289819888995E-002
 performing expansion, best =    6.6071232629044130E-002
 performing expansion, best =    6.6071159372988450E-002
 performing expansion, best =    6.6071057038795886E-002
 performing expansion, best =    6.6070962038736164E-002
 performing expansion, best =    6.6070952594612459E-002
 performing expansion, best =    6.6070945716778531E-002
 performing expansion, best =    6.6070928703875126E-002
 performing expansion, best =    6.6070829895130592E-002
 performing expansion, best =    6.6070823304744980E-002
 performing expansion, best =    6.6070820331791097E-002
 performing expansion, best =    6.6070818727816269E-002
 performing expansion, best =    6.6070805958385659E-002
 performing expansion, best =    6.6070797551856242E-002
 performing expansion, best =    6.6070792972254752E-002
 performing expansion, best =    6.6070788639092146E-002
 performing expansion, best =    6.6070788420322074E-002
 performing expansion, best =    6.6070785823662811E-002
 performing expansion, best =    6.6070785205282687E-002
 performing expansion, best =    6.6070759588283373E-002
 performing expansion, best =    6.6070757202056185E-002
 performing expansion, best =    6.6070755147250804E-002
 performing expansion, best =    6.6070753410185631E-002
 performing expansion, best =    6.6070752683069306E-002
 performing expansion, best =    6.6070747162336976E-002
 performing expansion, best =    6.6070723756482735E-002
 performing expansion, best =    6.6070702451801189E-002
 performing expansion, best =    6.6070679261056836E-002
 performing expansion, best =    6.6070678636052996E-002
 performing expansion, best =    6.6070676684099952E-002
 performing expansion, best =    6.6070676580053750E-002
 performing expansion, best =    6.6070660655875704E-002
 performing expansion, best =    6.6070659020029995E-002
 performing expansion, best =    6.6070639523294145E-002
 performing expansion, best =    6.6070638123810810E-002
 performing expansion, best =    6.6070618993247884E-002
 performing expansion, best =    6.6070616961715539E-002
 performing expansion, best =    6.6070616792175074E-002
 performing expansion, best =    6.6070615110837685E-002
 performing expansion, best =    6.6070613102566345E-002
 performing expansion, best =    6.6070592708444106E-002
 performing expansion, best =    6.6070589534649657E-002
 performing expansion, best =    6.6070588535814850E-002
 performing expansion, best =    6.6070586295400108E-002
 performing expansion, best =    6.6070583945293901E-002
 performing expansion, best =    6.6070564630788642E-002
 performing expansion, best =    6.6070563418002159E-002
 performing expansion, best =    6.6070548261397063E-002
 performing expansion, best =    6.6070529748028739E-002
 performing expansion, best =    6.6070528737526016E-002
 performing expansion, best =    6.6070526008724803E-002
 performing expansion, best =    6.6070524116802087E-002
 performing expansion, best =    6.6070522377846372E-002
 performing expansion, best =    6.6070521893286369E-002
 performing expansion, best =    6.6070520932062921E-002
 performing expansion, best =    6.6070511675728638E-002
 performing expansion, best =    6.6070499747387990E-002
 performing expansion, best =    6.6070499085565157E-002
 performing expansion, best =    6.6070497763813227E-002
 performing expansion, best =    6.6070489476416139E-002
 performing expansion, best =    6.6070489268031496E-002
 performing expansion, best =    6.6070482369762470E-002
 performing expansion, best =    6.6070481893941838E-002
 performing expansion, best =    6.6070481669682310E-002
 performing expansion, best =    6.6070476120267577E-002
 performing expansion, best =    6.6070470678338170E-002
 performing expansion, best =    6.6070463907778237E-002
 performing expansion, best =    6.6070455880665874E-002
 performing expansion, best =    6.6070447472301619E-002
 performing expansion, best =    6.6070445938472097E-002
 performing expansion, best =    6.6070438586618166E-002
 performing expansion, best =    6.6070437922293640E-002
 performing expansion, best =    6.6070436333808574E-002
 performing expansion, best =    6.6070435400915534E-002
 performing expansion, best =    6.6070433858237743E-002
 performing expansion, best =    6.6070433562320577E-002
 performing expansion, best =    6.6070428491942737E-002
 performing expansion, best =    6.6070426760379539E-002
 performing expansion, best =    6.6070419635299207E-002
 performing expansion, best =    6.6070410012880207E-002
 performing expansion, best =    6.6070408363660696E-002
 performing expansion, best =    6.6070401231429710E-002
 performing expansion, best =    6.6070400569631080E-002
 performing expansion, best =    6.6070399670870208E-002
 performing expansion, best =    6.6070394731228332E-002
 performing expansion, best =    6.6070388731924917E-002
 performing expansion, best =    6.6070384955936590E-002
 performing expansion, best =    6.6070380906735685E-002
 performing expansion, best =    6.6070374071202101E-002
 performing expansion, best =    6.6070368260435011E-002
 performing expansion, best =    6.6070366956061999E-002
 performing expansion, best =    6.6070366767131516E-002
 performing expansion, best =    6.6070364740803120E-002
 performing expansion, best =    6.6070364420289865E-002
 performing expansion, best =    6.6070364416854113E-002
 performing expansion, best =    6.6070363016039066E-002
 performing expansion, best =    6.6070361744607981E-002
 performing expansion, best =    6.6070361645897274E-002
 performing expansion, best =    6.6070360852822571E-002
 performing expansion, best =    6.6070360734907518E-002
 performing expansion, best =    6.6070360680909435E-002
 performing expansion, best =    6.6070358793779399E-002
 performing expansion, best =    6.6070358365060103E-002
 performing expansion, best =    6.6070358280754207E-002
 performing expansion, best =    6.6070358165888146E-002
 performing expansion, best =    6.6070357221959183E-002
 performing expansion, best =    6.6070357108492433E-002
 performing expansion, best =    6.6070356918620066E-002
 performing expansion, best =    6.6070356309489153E-002
 performing expansion, best =    6.6070356300389835E-002
 performing expansion, best =    6.6070354101493894E-002
 performing expansion, best =    6.6070352302352392E-002
 performing expansion, best =    6.6070352242387262E-002
 performing expansion, best =    6.6070350307386269E-002
 performing expansion, best =    6.6070349760015676E-002
 performing expansion, best =    6.6070349243069884E-002
 performing expansion, best =    6.6070348765423906E-002
 performing expansion, best =    6.6070347943571223E-002
 performing expansion, best =    6.6070347260641690E-002
 performing expansion, best =    6.6070344428314914E-002
 performing expansion, best =    6.6070341848207287E-002
 performing expansion, best =    6.6070337926390665E-002
 performing expansion, best =    6.6070333775241893E-002
 performing expansion, best =    6.6070328943591203E-002
 performing expansion, best =    6.6070323689664381E-002
 performing expansion, best =    6.6070317923078214E-002
 performing expansion, best =    6.6070311538504387E-002
 performing expansion, best =    6.6070304321849280E-002
 performing expansion, best =    6.6070298004512626E-002
 performing expansion, best =    6.6070289281552133E-002
 performing expansion, best =    6.6070288890421755E-002
 performing expansion, best =    6.6070279506386123E-002
 performing expansion, best =    6.6070269137175938E-002
 performing expansion, best =    6.6070255922053733E-002
 performing expansion, best =    6.6070242428644968E-002
 performing expansion, best =    6.6070227386059235E-002
 performing expansion, best =    6.6070208509272199E-002
 performing expansion, best =    6.6070186915690235E-002
 performing expansion, best =    6.6070167932971158E-002
 performing expansion, best =    6.6070144578357332E-002
 performing expansion, best =    6.6070117603666129E-002
 performing expansion, best =    6.6070095175558410E-002
 performing expansion, best =    6.6070062848130953E-002
 performing expansion, best =    6.6070027185952687E-002
 performing expansion, best =    6.6069996974235962E-002
 performing expansion, best =    6.6069956944667302E-002
 performing expansion, best =    6.6069919692293075E-002
 performing expansion, best =    6.6069865866148395E-002
 performing expansion, best =    6.6069816074289148E-002
 performing expansion, best =    6.6069768130525494E-002
 performing expansion, best =    6.6069707107911754E-002
 performing expansion, best =    6.6069638133740199E-002
 performing expansion, best =    6.6069565188512980E-002
 performing expansion, best =    6.6069498823998013E-002
 performing expansion, best =    6.6069417931954560E-002
 performing expansion, best =    6.6069340219650621E-002
 performing expansion, best =    6.6069239191700657E-002
 performing expansion, best =    6.6069147135341177E-002
 performing expansion, best =    6.6069040871684775E-002
 performing expansion, best =    6.6068933480841377E-002
 performing expansion, best =    6.6068817840727587E-002
 performing expansion, best =    6.6068691774278335E-002
 performing expansion, best =    6.6068600506290612E-002
 performing expansion, best =    6.6068472550275800E-002
 performing expansion, best =    6.6068355622480285E-002
 performing expansion, best =    6.6068202193447362E-002
 performing expansion, best =    6.6068053802709845E-002
 performing expansion, best =    6.6067909492973476E-002
 performing expansion, best =    6.6067761781077122E-002
 performing expansion, best =    6.6067612484913260E-002
 performing expansion, best =    6.6067500054721687E-002
 performing expansion, best =    6.6067411671194759E-002
 performing expansion, best =    6.6067409557481097E-002
 performing expansion, best =    6.6067398556984222E-002
 performing expansion, best =    6.6067371936672836E-002
 performing expansion, best =    6.6067338082600097E-002
 performing expansion, best =    6.6067324251932333E-002
 performing expansion, best =    6.6067316858369127E-002
 performing expansion, best =    6.6067303326700452E-002
 performing expansion, best =    6.6067285718256652E-002
 performing expansion, best =    6.6067273189278852E-002
 performing expansion, best =    6.6067248129299719E-002
 performing expansion, best =    6.6067214894002815E-002
 performing expansion, best =    6.6067163239504040E-002
 performing expansion, best =    6.6067131752207395E-002
 performing expansion, best =    6.6067098825280238E-002
 performing expansion, best =    6.6067047923169184E-002
 performing expansion, best =    6.6066985342763493E-002
 performing expansion, best =    6.6066924072774036E-002
 performing expansion, best =    6.6066857886797545E-002
 performing expansion, best =    6.6066784216651436E-002
 performing expansion, best =    6.6066710056556385E-002
 performing expansion, best =    6.6066638436629896E-002
 performing expansion, best =    6.6066543363282770E-002
 performing expansion, best =    6.6066540334467128E-002
 performing expansion, best =    6.6066477562213802E-002
 performing expansion, best =    6.6066446813674851E-002
 performing expansion, best =    6.6066305634280995E-002
 performing expansion, best =    6.6066183041761956E-002
 performing expansion, best =    6.6066168923326993E-002
 performing expansion, best =    6.6066038404251362E-002
 performing expansion, best =    6.6066032132523544E-002
 performing expansion, best =    6.6065940853076349E-002
 performing expansion, best =    6.6065934837371318E-002
 performing expansion, best =    6.6065865067949023E-002
 performing expansion, best =    6.6065799290611654E-002
 performing expansion, best =    6.6065742158442256E-002
 performing expansion, best =    6.6065734634305914E-002
 performing expansion, best =    6.6065728423991041E-002
 performing expansion, best =    6.6065716696656118E-002
 performing expansion, best =    6.6065710187360016E-002
 performing expansion, best =    6.6065708139760662E-002
 performing expansion, best =    6.6065700750792322E-002
 performing expansion, best =    6.6065694685507326E-002
 performing expansion, best =    6.6065678199983963E-002
 performing expansion, best =    6.6065677816170676E-002
 performing expansion, best =    6.6065673102123704E-002
 performing expansion, best =    6.6065670539732405E-002
 performing expansion, best =    6.6065668013185891E-002
 performing expansion, best =    6.6065661699968137E-002
 performing expansion, best =    6.6065656476846132E-002
 performing expansion, best =    6.6065649863617584E-002
 performing expansion, best =    6.6065649257501816E-002
 performing expansion, best =    6.6065648891422996E-002
 performing expansion, best =    6.6065647070574954E-002
 performing expansion, best =    6.6065642820833173E-002
 performing expansion, best =    6.6065639523205946E-002
 performing expansion, best =    6.6065636030713526E-002
 performing expansion, best =    6.6065634360020720E-002
 performing expansion, best =    6.6065629840330514E-002
 performing expansion, best =    6.6065627748340891E-002
 performing expansion, best =    6.6065627153031256E-002
 performing expansion, best =    6.6065620934110378E-002
 performing expansion, best =    6.6065618844348833E-002
 performing expansion, best =    6.6065616228359575E-002
 performing expansion, best =    6.6065615134820704E-002
 performing expansion, best =    6.6065602732214665E-002
 performing expansion, best =    6.6065590831863974E-002
 performing expansion, best =    6.6065586458737030E-002
 performing expansion, best =    6.6065584193870028E-002
 performing expansion, best =    6.6065580198349391E-002
 performing expansion, best =    6.6065566937219891E-002
 performing expansion, best =    6.6065556114092330E-002
 performing expansion, best =    6.6065542755311221E-002
 performing expansion, best =    6.6065536164130342E-002
 performing expansion, best =    6.6065519507551337E-002
 performing expansion, best =    6.6065502396690207E-002
 performing expansion, best =    6.6065483167153369E-002
 performing expansion, best =    6.6065460720394417E-002
 performing expansion, best =    6.6065437188698117E-002
 performing expansion, best =    6.6065411725472617E-002
 performing expansion, best =    6.6065384859593804E-002
 performing expansion, best =    6.6065380778318333E-002
 performing expansion, best =    6.6065351002771916E-002
 performing expansion, best =    6.6065311823864853E-002
 performing expansion, best =    6.6065283134451452E-002
 performing expansion, best =    6.6065245411141379E-002
 performing expansion, best =    6.6065199259055629E-002
 performing expansion, best =    6.6065154155646330E-002
 performing expansion, best =    6.6065151433785205E-002
 performing expansion, best =    6.6065112494635564E-002
 performing expansion, best =    6.6065066525763702E-002
 performing expansion, best =    6.6065020936192306E-002
 performing expansion, best =    6.6064970990480698E-002
 performing expansion, best =    6.6064916206527172E-002
 performing expansion, best =    6.6064850288379190E-002
 performing expansion, best =    6.6064806763672934E-002
 performing expansion, best =    6.6064741826376838E-002
 performing expansion, best =    6.6064678177191291E-002
 performing expansion, best =    6.6064604060808940E-002
 performing expansion, best =    6.6064598939820487E-002
 performing expansion, best =    6.6064532995355835E-002
 performing expansion, best =    6.6064520380801503E-002
 performing expansion, best =    6.6064511095623973E-002
 performing expansion, best =    6.6064502152847260E-002
 performing expansion, best =    6.6064456253217801E-002
 performing expansion, best =    6.6064379621000105E-002
 performing expansion, best =    6.6064295074407864E-002
 performing expansion, best =    6.6064195395922259E-002
 performing expansion, best =    6.6064097590290319E-002
 performing expansion, best =    6.6064080056956506E-002
 performing expansion, best =    6.6063956953364950E-002
 performing expansion, best =    6.6063819076779079E-002
 performing expansion, best =    6.6063682888873432E-002
 performing expansion, best =    6.6063674822458840E-002
 performing expansion, best =    6.6063515962616975E-002
 performing expansion, best =    6.6063357017675794E-002
 performing expansion, best =    6.6063181544288668E-002
 performing expansion, best =    6.6063008930130326E-002
 performing expansion, best =    6.6062725840120559E-002
 performing expansion, best =    6.6062704860863186E-002
 performing expansion, best =    6.6062446090411869E-002
 performing expansion, best =    6.6062445459709032E-002
 performing expansion, best =    6.6062226338032187E-002
 performing expansion, best =    6.6062192674917475E-002
 performing expansion, best =    6.6062173830567880E-002
 performing expansion, best =    6.6061962019736742E-002
 performing expansion, best =    6.6061946174117842E-002
 performing expansion, best =    6.6061705687156372E-002
 performing expansion, best =    6.6061681830888397E-002
 performing expansion, best =    6.6061457877667956E-002
 performing expansion, best =    6.6061445627799045E-002
 performing expansion, best =    6.6061260744254502E-002
 performing expansion, best =    6.6061109442277832E-002
 performing expansion, best =    6.6060985651963902E-002
 performing expansion, best =    6.6060982861221598E-002
 performing expansion, best =    6.6060979650703469E-002
 performing expansion, best =    6.6060975394934232E-002
 performing expansion, best =    6.6060975181109594E-002
 performing expansion, best =    6.6060936131586007E-002
 performing expansion, best =    6.6060833041208925E-002
 performing expansion, best =    6.6060749840182106E-002
 performing expansion, best =    6.6060734539456947E-002
 performing expansion, best =    6.6060640214959734E-002
 performing expansion, best =    6.6060625039702281E-002
 performing expansion, best =    6.6060615016524729E-002
 performing expansion, best =    6.6060607722101206E-002
 performing expansion, best =    6.6060594983147536E-002
 performing expansion, best =    6.6060579935729724E-002
 performing expansion, best =    6.6060555237374266E-002
 performing expansion, best =    6.6060474798693689E-002
 performing expansion, best =    6.6060473063119865E-002
 performing expansion, best =    6.6060466471806675E-002
 performing expansion, best =    6.6060463668644182E-002
 performing expansion, best =    6.6060459873728480E-002
 performing expansion, best =    6.6060456243181451E-002
 performing expansion, best =    6.6060454161441864E-002
 performing expansion, best =    6.6060449861074677E-002
 performing expansion, best =    6.6060423246453837E-002
 performing expansion, best =    6.6060401526851761E-002
 performing expansion, best =    6.6060401259265836E-002
 performing expansion, best =    6.6060382058986733E-002
 performing expansion, best =    6.6060354704442617E-002
 performing expansion, best =    6.6060350376794363E-002
 performing expansion, best =    6.6060324048646396E-002
 performing expansion, best =    6.6060321605629135E-002
 performing expansion, best =    6.6060294006622888E-002
 performing expansion, best =    6.6060269567062443E-002
 performing expansion, best =    6.6060266229316364E-002
 performing expansion, best =    6.6060263547511058E-002
 performing expansion, best =    6.6060261884587079E-002
 performing expansion, best =    6.6060254974591684E-002
 performing expansion, best =    6.6060224358787556E-002
 performing expansion, best =    6.6060205478422659E-002
 performing expansion, best =    6.6060204393227073E-002
 performing expansion, best =    6.6060190566287758E-002
 performing expansion, best =    6.6060189374580844E-002
 performing expansion, best =    6.6060185399562169E-002
 performing expansion, best =    6.6060184731455834E-002
 performing expansion, best =    6.6060183649206766E-002
 performing expansion, best =    6.6060172247770652E-002
 performing expansion, best =    6.6060171783185823E-002
 performing expansion, best =    6.6060159908194374E-002
 performing expansion, best =    6.6060154022394041E-002
 performing expansion, best =    6.6060136771135175E-002
 performing expansion, best =    6.6060118895880676E-002
 performing expansion, best =    6.6060116912871655E-002
 performing expansion, best =    6.6060115088018984E-002
 performing expansion, best =    6.6060112361156859E-002
 performing expansion, best =    6.6060111271684319E-002
 performing expansion, best =    6.6060110850183415E-002
 performing expansion, best =    6.6060107091604023E-002
 performing expansion, best =    6.6060105879309272E-002
 performing expansion, best =    6.6060092679323570E-002
 performing expansion, best =    6.6060089388520565E-002
 performing expansion, best =    6.6060088868737751E-002
 performing expansion, best =    6.6060077633868328E-002
 performing expansion, best =    6.6060065045427649E-002
 performing expansion, best =    6.6060049057823783E-002
 performing expansion, best =    6.6060048869931942E-002
 performing expansion, best =    6.6060036578944756E-002
 performing expansion, best =    6.6060018448269947E-002
 performing expansion, best =    6.6060005935168226E-002
 performing expansion, best =    6.6060005703377819E-002
 performing expansion, best =    6.6059990510066002E-002
 performing expansion, best =    6.6059973432306504E-002
 performing expansion, best =    6.6059970958152095E-002
 performing expansion, best =    6.6059970444128688E-002
 performing expansion, best =    6.6059957876835287E-002
 performing expansion, best =    6.6059949666805562E-002
 performing expansion, best =    6.6059948871804455E-002
 performing expansion, best =    6.6059947455253148E-002
 performing expansion, best =    6.6059944693432571E-002
 performing expansion, best =    6.6059944019938616E-002
 performing expansion, best =    6.6059943739473728E-002
 performing expansion, best =    6.6059943469969337E-002
 performing expansion, best =    6.6059941155005852E-002
 performing expansion, best =    6.6059940842787421E-002
 performing expansion, best =    6.6059940232754313E-002
 performing expansion, best =    6.6059939644852239E-002
 performing expansion, best =    6.6059939532080197E-002
 performing expansion, best =    6.6059939323214176E-002
 performing expansion, best =    6.6059938791726294E-002
 performing expansion, best =    6.6059938349865149E-002
 performing expansion, best =    6.6059937898299129E-002
 performing expansion, best =    6.6059937542589639E-002
 performing expansion, best =    6.6059937397784721E-002
 performing expansion, best =    6.6059937128352966E-002
 performing expansion, best =    6.6059937110341138E-002
 performing expansion, best =    6.6059937090389459E-002
 performing expansion, best =    6.6059937053834644E-002
 performing expansion, best =    6.6059936902606517E-002
 performing expansion, best =    6.6059936798004787E-002
 performing expansion, best =    6.6059936759151672E-002
 performing expansion, best =    6.6059936745639078E-002
 performing expansion, best =    6.6059936725409787E-002
 performing expansion, best =    6.6059936650634518E-002
 performing expansion, best =    6.6059936468673239E-002
 performing expansion, best =    6.6059936459612417E-002
 performing expansion, best =    6.6059936436162453E-002
 performing expansion, best =    6.6059936385882312E-002
 performing expansion, best =    6.6059936330672503E-002
 performing expansion, best =    6.6059936301425703E-002
 performing expansion, best =    6.6059936271064310E-002
 performing expansion, best =    6.6059936204910449E-002
 performing expansion, best =    6.6059936190259697E-002
 performing expansion, best =    6.6059936064229385E-002
 performing expansion, best =    6.6059936041863915E-002
 performing expansion, best =    6.6059935849494225E-002
 performing expansion, best =    6.6059935628089705E-002
 performing expansion, best =    6.6059935401516418E-002
 performing expansion, best =    6.6059935128374284E-002
 performing expansion, best =    6.6059934865832462E-002
 performing expansion, best =    6.6059934502752160E-002
 performing expansion, best =    6.6059934133434722E-002
 performing expansion, best =    6.6059933730797687E-002
 performing expansion, best =    6.6059933246097602E-002
 performing expansion, best =    6.6059932603352384E-002
 performing expansion, best =    6.6059931814133374E-002
 performing expansion, best =    6.6059931121475957E-002
 performing expansion, best =    6.6059930241942316E-002
 performing expansion, best =    6.6059929308224324E-002
 performing expansion, best =    6.6059928273399446E-002
 performing expansion, best =    6.6059927021635600E-002
 performing expansion, best =    6.6059925681798387E-002
 performing expansion, best =    6.6059924284767937E-002
 performing expansion, best =    6.6059922766567317E-002
 performing expansion, best =    6.6059920812429312E-002
 performing expansion, best =    6.6059920550930504E-002
 performing expansion, best =    6.6059918445689661E-002
 performing expansion, best =    6.6059918119286090E-002
 performing expansion, best =    6.6059918028145218E-002
 performing expansion, best =    6.6059917880965394E-002
 performing expansion, best =    6.6059917803994964E-002
 performing expansion, best =    6.6059917060587448E-002
 performing expansion, best =    6.6059916404016039E-002
 performing expansion, best =    6.6059915620152329E-002
 performing expansion, best =    6.6059914786641735E-002
 performing expansion, best =    6.6059913759168934E-002
 performing expansion, best =    6.6059912928719475E-002
 performing expansion, best =    6.6059912188734179E-002
 performing expansion, best =    6.6059912061780690E-002
 performing expansion, best =    6.6059910973533850E-002
 performing expansion, best =    6.6059910717427658E-002
 performing expansion, best =    6.6059909482980739E-002
 performing expansion, best =    6.6059909447273329E-002
 performing expansion, best =    6.6059908817555468E-002
 performing expansion, best =    6.6059908031692371E-002
 performing expansion, best =    6.6059907874679663E-002
 performing expansion, best =    6.6059907688362868E-002
 performing expansion, best =    6.6059907669283477E-002
 performing expansion, best =    6.6059907603570792E-002
 performing expansion, best =    6.6059906829606094E-002
 performing expansion, best =    6.6059906570002921E-002
 performing expansion, best =    6.6059906453280817E-002
 performing expansion, best =    6.6059905516033968E-002
 performing expansion, best =    6.6059905486936465E-002
 performing expansion, best =    6.6059904725078195E-002
 performing expansion, best =    6.6059904580777012E-002
 performing expansion, best =    6.6059904390196961E-002
 performing expansion, best =    6.6059904175348891E-002
 performing expansion, best =    6.6059903079834642E-002
 performing expansion, best =    6.6059902386973471E-002
 performing expansion, best =    6.6059902201409768E-002
 performing expansion, best =    6.6059902157836206E-002
 performing expansion, best =    6.6059901610842436E-002
 performing expansion, best =    6.6059901417881553E-002
 performing expansion, best =    6.6059901178347188E-002
 performing expansion, best =    6.6059901161407406E-002
 performing expansion, best =    6.6059900837181273E-002
 performing expansion, best =    6.6059899583420068E-002
 performing expansion, best =    6.6059899453372831E-002
 performing expansion, best =    6.6059899199770913E-002
 performing expansion, best =    6.6059899174401762E-002
 performing expansion, best =    6.6059898408909773E-002
 performing expansion, best =    6.6059898305349571E-002
 performing expansion, best =    6.6059898176197909E-002
 performing expansion, best =    6.6059898057798758E-002
 performing expansion, best =    6.6059897997965633E-002
 performing expansion, best =    6.6059897480583177E-002
 performing expansion, best =    6.6059897258892802E-002
 performing expansion, best =    6.6059896163706014E-002
 performing expansion, best =    6.6059895350478320E-002
 performing expansion, best =    6.6059894819391882E-002
 performing expansion, best =    6.6059893908083964E-002
 performing expansion, best =    6.6059892636754769E-002
 performing expansion, best =    6.6059891598133816E-002
 performing expansion, best =    6.6059889732322394E-002
 performing expansion, best =    6.6059888423840335E-002
 performing expansion, best =    6.6059886692981157E-002
 performing expansion, best =    6.6059883842904218E-002
 performing expansion, best =    6.6059881041011542E-002
 performing expansion, best =    6.6059878348346660E-002
 performing expansion, best =    6.6059875310949132E-002
 performing expansion, best =    6.6059872518677010E-002
 performing expansion, best =    6.6059868691672671E-002
 performing expansion, best =    6.6059864697067663E-002
 performing expansion, best =    6.6059860246610161E-002
 performing expansion, best =    6.6059855014508104E-002
 performing expansion, best =    6.6059849719031935E-002
 performing expansion, best =    6.6059844013193481E-002
 performing expansion, best =    6.6059838877243329E-002
 performing expansion, best =    6.6059832446637018E-002
 performing expansion, best =    6.6059826919880188E-002
 performing expansion, best =    6.6059818479191956E-002
 performing expansion, best =    6.6059809539254194E-002
 performing expansion, best =    6.6059802845792118E-002
 performing expansion, best =    6.6059794513067371E-002
 performing expansion, best =    6.6059784457268109E-002
 performing expansion, best =    6.6059774488203368E-002
 performing expansion, best =    6.6059764634116280E-002
 performing expansion, best =    6.6059751720837750E-002
 performing expansion, best =    6.6059738733584172E-002
 performing expansion, best =    6.6059720181565168E-002
 performing expansion, best =    6.6059701189010223E-002
 performing expansion, best =    6.6059675769010451E-002
 performing expansion, best =    6.6059648547962160E-002
 performing expansion, best =    6.6059617270864651E-002
 performing expansion, best =    6.6059589265020813E-002
 performing expansion, best =    6.6059557539196234E-002
 performing expansion, best =    6.6059550227672001E-002
 performing expansion, best =    6.6059517066756487E-002
 performing expansion, best =    6.6059516573911195E-002
 performing expansion, best =    6.6059486990506885E-002
 performing expansion, best =    6.6059459684274055E-002
 performing expansion, best =    6.6059459329138412E-002
 performing expansion, best =    6.6059425792787146E-002
 performing expansion, best =    6.6059388916661924E-002
 performing expansion, best =    6.6059388092874011E-002
 performing expansion, best =    6.6059358467546792E-002
 performing expansion, best =    6.6059317687840541E-002
 performing expansion, best =    6.6059316986094671E-002
 performing expansion, best =    6.6059284719483205E-002
 performing expansion, best =    6.6059248506960308E-002
 performing expansion, best =    6.6059201020682523E-002
 performing expansion, best =    6.6059196399786010E-002
 performing expansion, best =    6.6059155370961145E-002
 performing expansion, best =    6.6059116132845597E-002
 performing expansion, best =    6.6059073870425145E-002
 performing expansion, best =    6.6059041251003384E-002
 performing expansion, best =    6.6059040102829217E-002
 performing expansion, best =    6.6059027958011995E-002
 performing expansion, best =    6.6059026151013889E-002
 performing expansion, best =    6.6059025967981883E-002
 performing expansion, best =    6.6059022004835530E-002
 performing expansion, best =    6.6059021586861236E-002
 performing expansion, best =    6.6059017795996905E-002
 performing expansion, best =    6.6058998695400065E-002
 performing expansion, best =    6.6058974571171450E-002
 performing expansion, best =    6.6058953971321138E-002
 performing expansion, best =    6.6058952023731674E-002
 performing expansion, best =    6.6058931426304465E-002
 performing expansion, best =    6.6058912024962543E-002
 performing expansion, best =    6.6058880268297884E-002
 performing expansion, best =    6.6058853413956675E-002
 performing expansion, best =    6.6058848235248158E-002
 performing expansion, best =    6.6058821044355717E-002
 performing expansion, best =    6.6058819462880877E-002
 performing expansion, best =    6.6058818575394362E-002
 performing expansion, best =    6.6058800620962740E-002
 performing expansion, best =    6.6058798073057298E-002
 performing expansion, best =    6.6058782088488602E-002
 performing expansion, best =    6.6058780163927078E-002
 performing expansion, best =    6.6058779904691556E-002
 performing expansion, best =    6.6058758119837926E-002
 performing expansion, best =    6.6058757252713929E-002
 performing expansion, best =    6.6058745610216810E-002
 performing expansion, best =    6.6058731513365984E-002
 performing expansion, best =    6.6058713048121179E-002
 performing expansion, best =    6.6058696617138632E-002
 performing expansion, best =    6.6058693365210724E-002
 performing expansion, best =    6.6058693053453119E-002
 performing expansion, best =    6.6058691570124783E-002
 performing expansion, best =    6.6058691520580873E-002
 performing expansion, best =    6.6058690777658302E-002
 performing expansion, best =    6.6058685043673335E-002
 performing expansion, best =    6.6058684885187985E-002
 performing expansion, best =    6.6058683643631697E-002
 performing expansion, best =    6.6058679663826003E-002
 performing expansion, best =    6.6058676852834924E-002
 performing expansion, best =    6.6058675938134900E-002
 performing expansion, best =    6.6058675909416331E-002
 performing expansion, best =    6.6058673634033102E-002
 performing expansion, best =    6.6058673064725168E-002
 performing expansion, best =    6.6058672126772050E-002
 performing expansion, best =    6.6058672104453792E-002
 performing expansion, best =    6.6058671544502193E-002
 performing expansion, best =    6.6058671454444759E-002
 performing expansion, best =    6.6058670603975148E-002
 performing expansion, best =    6.6058669029137138E-002
 performing expansion, best =    6.6058668060111264E-002
 performing expansion, best =    6.6058666185128637E-002
 performing expansion, best =    6.6058664694372063E-002
 performing expansion, best =    6.6058663107167959E-002
 performing expansion, best =    6.6058663033208925E-002
 performing expansion, best =    6.6058661663641868E-002
 performing expansion, best =    6.6058658812718732E-002
 performing expansion, best =    6.6058658561307187E-002
 performing expansion, best =    6.6058658145175239E-002
 performing expansion, best =    6.6058655141522760E-002
 performing expansion, best =    6.6058652174406401E-002
 performing expansion, best =    6.6058648549671417E-002
 performing expansion, best =    6.6058648329035116E-002
 performing expansion, best =    6.6058644618974399E-002
 performing expansion, best =    6.6058641304614391E-002
 performing expansion, best =    6.6058636770621140E-002
 performing expansion, best =    6.6058632521080837E-002
 performing expansion, best =    6.6058627702817452E-002
 performing expansion, best =    6.6058620855967656E-002
 performing expansion, best =    6.6058614540855390E-002
 performing expansion, best =    6.6058607054188673E-002
 performing expansion, best =    6.6058600425501934E-002
 performing expansion, best =    6.6058590235321513E-002
 performing expansion, best =    6.6058579999117739E-002
 performing expansion, best =    6.6058570679500522E-002
 performing expansion, best =    6.6058557457842101E-002
 performing expansion, best =    6.6058543189467300E-002
 performing expansion, best =    6.6058524765344379E-002
 performing expansion, best =    6.6058506140644527E-002
 performing expansion, best =    6.6058485617666043E-002
 performing expansion, best =    6.6058485325713109E-002
 performing expansion, best =    6.6058485198933689E-002
 performing expansion, best =    6.6058484641872986E-002
 performing expansion, best =    6.6058471501530908E-002
 performing expansion, best =    6.6058457651935895E-002
 performing expansion, best =    6.6058455536826613E-002
 performing expansion, best =    6.6058442458464026E-002
 performing expansion, best =    6.6058440863367568E-002
 performing expansion, best =    6.6058427759250943E-002
 performing expansion, best =    6.6058426190939268E-002
 performing expansion, best =    6.6058415463675454E-002
 performing expansion, best =    6.6058404585934927E-002
 performing expansion, best =    6.6058402467971830E-002
 performing expansion, best =    6.6058388542933597E-002
 performing expansion, best =    6.6058388228261003E-002
 performing expansion, best =    6.6058383675745971E-002
 performing expansion, best =    6.6058379878255108E-002
 performing expansion, best =    6.6058378667833165E-002
 performing expansion, best =    6.6058376293281859E-002
 performing expansion, best =    6.6058375206770478E-002
 performing expansion, best =    6.6058373884790592E-002
 performing expansion, best =    6.6058372514820218E-002
 performing expansion, best =    6.6058370541094841E-002
 performing expansion, best =    6.6058368615652979E-002
 performing expansion, best =    6.6058360619680914E-002
 performing expansion, best =    6.6058358669670400E-002
 performing expansion, best =    6.6058357767815906E-002
 performing expansion, best =    6.6058347861841366E-002
 performing expansion, best =    6.6058347424632763E-002
 performing expansion, best =    6.6058342488417354E-002
 performing expansion, best =    6.6058342015187135E-002
 performing expansion, best =    6.6058337629227595E-002
 performing expansion, best =    6.6058328137114750E-002
 performing expansion, best =    6.6058325745843666E-002
 performing expansion, best =    6.6058323768167101E-002
 performing expansion, best =    6.6058312347210615E-002
 performing expansion, best =    6.6058302894136348E-002
 performing expansion, best =    6.6058302837979935E-002
 performing expansion, best =    6.6058297579765626E-002
 performing expansion, best =    6.6058296226090898E-002
 performing expansion, best =    6.6058285872790889E-002
 performing expansion, best =    6.6058285186602714E-002
 performing expansion, best =    6.6058278920214805E-002
 performing expansion, best =    6.6058268795649008E-002
 performing expansion, best =    6.6058259384810358E-002
 performing expansion, best =    6.6058248358497287E-002
 performing expansion, best =    6.6058237002377021E-002
 performing expansion, best =    6.6058226736772238E-002
 performing expansion, best =    6.6058223320035081E-002
 performing expansion, best =    6.6058222054085208E-002
 performing expansion, best =    6.6058221277783852E-002
 performing expansion, best =    6.6058221008541806E-002
 performing expansion, best =    6.6058217215202511E-002
 performing expansion, best =    6.6058215522273103E-002
 performing expansion, best =    6.6058214552422723E-002
 performing expansion, best =    6.6058214278378935E-002
 performing expansion, best =    6.6058206147166940E-002
 performing expansion, best =    6.6058199462997291E-002
 performing expansion, best =    6.6058199001116411E-002
 performing expansion, best =    6.6058192819634945E-002
 performing expansion, best =    6.6058192106714847E-002
 performing expansion, best =    6.6058185413110274E-002
 performing expansion, best =    6.6058178967242948E-002
 performing expansion, best =    6.6058169345862686E-002
 performing expansion, best =    6.6058169032317079E-002
 performing expansion, best =    6.6058166214532088E-002
 performing expansion, best =    6.6058165080790002E-002
 performing expansion, best =    6.6058164198104410E-002
 performing expansion, best =    6.6058156549199692E-002
 performing expansion, best =    6.6058146768374307E-002
 performing expansion, best =    6.6058135546573332E-002
 performing expansion, best =    6.6058134520615375E-002
 performing expansion, best =    6.6058132482542956E-002
 performing expansion, best =    6.6058122639594291E-002
 performing expansion, best =    6.6058114350110275E-002
 performing expansion, best =    6.6058114155711639E-002
 performing expansion, best =    6.6058103812799598E-002
 performing expansion, best =    6.6058094844842152E-002
 performing expansion, best =    6.6058094794175168E-002
 performing expansion, best =    6.6058087122597572E-002
 performing expansion, best =    6.6058085284753709E-002
 performing expansion, best =    6.6058070649263875E-002
 performing expansion, best =    6.6058068666033268E-002
 performing expansion, best =    6.6058055025797605E-002
 performing expansion, best =    6.6058051677329893E-002
 performing expansion, best =    6.6058048439333661E-002
 performing expansion, best =    6.6058035807899040E-002
 performing expansion, best =    6.6058034471400767E-002
 performing expansion, best =    6.6058034050857806E-002
 performing expansion, best =    6.6058027748635617E-002
 performing expansion, best =    6.6058026266204703E-002
 performing expansion, best =    6.6058016664695254E-002
 performing expansion, best =    6.6058014475651364E-002
 performing expansion, best =    6.6058014042031321E-002
 performing expansion, best =    6.6058009237688745E-002
 performing expansion, best =    6.6058007454778397E-002
 performing expansion, best =    6.6058007129630447E-002
 performing expansion, best =    6.6058006506136011E-002
 performing expansion, best =    6.6058003932712522E-002
 performing expansion, best =    6.6057999062929029E-002
 performing expansion, best =    6.6057993857188038E-002
 performing expansion, best =    6.6057989322631169E-002
 performing expansion, best =    6.6057983912947288E-002
 performing expansion, best =    6.6057979604525682E-002
 performing expansion, best =    6.6057974126249086E-002
 performing expansion, best =    6.6057973872538492E-002
 performing expansion, best =    6.6057968990117163E-002
 performing expansion, best =    6.6057968866424330E-002
 performing expansion, best =    6.6057967556642325E-002
 performing expansion, best =    6.6057963388566357E-002
 performing expansion, best =    6.6057962881186108E-002
 performing expansion, best =    6.6057962623689334E-002
 performing expansion, best =    6.6057958153079729E-002
 performing expansion, best =    6.6057954355088572E-002
 performing expansion, best =    6.6057953503869074E-002
 performing expansion, best =    6.6057952161724623E-002
 performing expansion, best =    6.6057951350284319E-002
 performing expansion, best =    6.6057946691433209E-002
 performing expansion, best =    6.6057944288714046E-002
 performing expansion, best =    6.6057940675098084E-002
 performing expansion, best =    6.6057936231010347E-002
 performing expansion, best =    6.6057931712100088E-002
 performing expansion, best =    6.6057927605525091E-002
 performing expansion, best =    6.6057922292194704E-002
 performing expansion, best =    6.6057917365199753E-002
 performing expansion, best =    6.6057910199852563E-002
 performing expansion, best =    6.6057903133565576E-002
 performing expansion, best =    6.6057902815399902E-002
 performing expansion, best =    6.6057897318134884E-002
 performing expansion, best =    6.6057890210459533E-002
 performing expansion, best =    6.6057881152857795E-002
 performing expansion, best =    6.6057873871692013E-002
 performing expansion, best =    6.6057866828397663E-002
 performing expansion, best =    6.6057859603874974E-002
 performing expansion, best =    6.6057858455618582E-002
 performing expansion, best =    6.6057851072551105E-002
 performing expansion, best =    6.6057850272859847E-002
 performing expansion, best =    6.6057849554026021E-002
 performing expansion, best =    6.6057849396911159E-002
 performing expansion, best =    6.6057839188812459E-002
 performing expansion, best =    6.6057836629407313E-002
 performing expansion, best =    6.6057834857744455E-002
 performing expansion, best =    6.6057832670591302E-002
 performing expansion, best =    6.6057820774526876E-002
 performing expansion, best =    6.6057819608962773E-002
 performing expansion, best =    6.6057817249559031E-002
 performing expansion, best =    6.6057814898185768E-002
 performing expansion, best =    6.6057814057083622E-002
 performing expansion, best =    6.6057813507909000E-002
 performing expansion, best =    6.6057812288958365E-002
 performing expansion, best =    6.6057809656092245E-002
 performing expansion, best =    6.6057803554754699E-002
 performing expansion, best =    6.6057803222646483E-002
 performing expansion, best =    6.6057800834587635E-002
 performing expansion, best =    6.6057800619159612E-002
 performing expansion, best =    6.6057800609893705E-002
 performing expansion, best =    6.6057797267897025E-002
 performing expansion, best =    6.6057795842914005E-002
 performing expansion, best =    6.6057795232218205E-002
 performing expansion, best =    6.6057794929950758E-002
 performing expansion, best =    6.6057793649979227E-002
 performing expansion, best =    6.6057793304565335E-002
 performing expansion, best =    6.6057792577308733E-002
 performing expansion, best =    6.6057789948351112E-002
 performing expansion, best =    6.6057787402056603E-002
 performing expansion, best =    6.6057784496079103E-002
 performing expansion, best =    6.6057779921129614E-002
 performing expansion, best =    6.6057775045075914E-002
 performing expansion, best =    6.6057771754178402E-002
 performing expansion, best =    6.6057765145900338E-002
 performing expansion, best =    6.6057763722389889E-002
 performing expansion, best =    6.6057757290028246E-002
 performing expansion, best =    6.6057756852181432E-002
 performing expansion, best =    6.6057751422275851E-002
 performing expansion, best =    6.6057746089841357E-002
 performing expansion, best =    6.6057745964627781E-002
 performing expansion, best =    6.6057741253756977E-002
 performing expansion, best =    6.6057736651069940E-002
 performing expansion, best =    6.6057731605131856E-002
 performing expansion, best =    6.6057727916751560E-002
 performing expansion, best =    6.6057727564061128E-002
 performing expansion, best =    6.6057723103646673E-002
 performing expansion, best =    6.6057719176349144E-002
 performing expansion, best =    6.6057715061907024E-002
 performing expansion, best =    6.6057714226899378E-002
 performing expansion, best =    6.6057709880554649E-002
 performing expansion, best =    6.6057709610837609E-002
 performing expansion, best =    6.6057704969692155E-002
 performing expansion, best =    6.6057700077616230E-002
 performing expansion, best =    6.6057698942090057E-002
 performing expansion, best =    6.6057698313864321E-002
 performing expansion, best =    6.6057696691509418E-002
 performing expansion, best =    6.6057690022234244E-002
 performing expansion, best =    6.6057689396400235E-002
 performing expansion, best =    6.6057685997426702E-002
 performing expansion, best =    6.6057676997903950E-002
 performing expansion, best =    6.6057667767241077E-002
 performing expansion, best =    6.6057667129855363E-002
 performing expansion, best =    6.6057666107075225E-002
 performing expansion, best =    6.6057659075705946E-002
 performing expansion, best =    6.6057648967151231E-002
 performing expansion, best =    6.6057641054330873E-002
 performing expansion, best =    6.6057639387973807E-002
 performing expansion, best =    6.6057629975552812E-002
 performing expansion, best =    6.6057627587052845E-002
 performing expansion, best =    6.6057626871728073E-002
 performing expansion, best =    6.6057618198633303E-002
 performing expansion, best =    6.6057617159073420E-002
 performing expansion, best =    6.6057615806567951E-002
 performing expansion, best =    6.6057607222536063E-002
 performing expansion, best =    6.6057606237364980E-002
 performing expansion, best =    6.6057605308470047E-002
Exiting simplex optimization after 10001 iterations
RMSE         6.605760531E-02 Hartree
NEW BEST!
Best found solution for 7 charges:
        RMSE         4.145174185E+01 kcal/mol
         MAE         4.059189009E+01 kcal/mol
     max. AE         8.320784065E+01 kcal/mol

       x[bohr]       y[bohr]       z[bohr]          q[e]
     0.2527000     0.5297007    -0.8672754    -0.1624988
     0.0876488     0.5713537     0.5405382    -0.1969297
     1.9505664    -0.8704947    -0.3968331    -0.3256987
     0.9976584    -0.4500749    -0.3352777     0.6652711
    -0.2651693     0.5327752     0.7911060    -0.1193757
    -0.2349120     0.8044485    -0.5126920    -0.2845420
    -1.1395320    -0.1831603    -0.0000854     0.0973461

