Running in fitting mode

Reading "/data/boittier/energies/h2o_geom.xyz.dir/h2o_1.chk.fchk.potential.cube"...

  h2o Potential=SCF
  Electrostatic potential from Total SCF Density
    3   -4.970736   -4.748413   -4.970736
   80    0.125841    0.000000    0.000000
   80    0.000000    0.125841    0.000000
   80    0.000000    0.000000    0.125841
    8    8.000000    0.000000    0.222323    0.000000
    1    1.000000    1.427171   -0.896400    0.000000
    1    1.000000   -1.427171   -0.882184    0.000000
  1.66698E-02  1.67288E-02  1.67584E-02  1.67584E-02  1.67288E-02  1.66698E-02
       .            .            .            .            .            .
       .            .            .            .            .            .
       .            .            .            .            .            .
 -9.18626E-03 -9.18159E-03 -9.17225E-03 -9.15823E-03 -9.13952E-03 -9.11609E-03

338246 out of 512000 gridpoints are considered ( 66.1%).

...done!




 Refining solution from file/home/boittier/MDCM-1/examples/water/5-combine-frags/5-combined.xyz
 Contains      5 charges
      Initial RMSE =         4.268538414E+01 kcal/mol
Running DE in parallel with 4 thread(s)!


User requested refinement using simplex algorithm (no DE)

 performing expansion, best =    6.7571903614672205E-002
 performing expansion, best =    6.7524516033028462E-002
 performing expansion, best =    6.7516924653710411E-002
 performing expansion, best =    6.7145691454038217E-002
 performing expansion, best =    6.6904331663839661E-002
 performing expansion, best =    6.6656494761531668E-002
 performing expansion, best =    6.6459943970910693E-002
 performing expansion, best =    6.6345505658532297E-002
 performing expansion, best =    6.6334116117061151E-002
 performing expansion, best =    6.6330392434740593E-002
 performing expansion, best =    6.6325107719629975E-002
 performing expansion, best =    6.6311142934458500E-002
 performing expansion, best =    6.6295594495015805E-002
 performing expansion, best =    6.6295524714143086E-002
 performing expansion, best =    6.6292512862958800E-002
 performing expansion, best =    6.6291848568209230E-002
 performing expansion, best =    6.6290979938567737E-002
 performing expansion, best =    6.6289974060539311E-002
 performing expansion, best =    6.6289224010191175E-002
 performing expansion, best =    6.6288952380433988E-002
 performing expansion, best =    6.6287657359478669E-002
 performing expansion, best =    6.6287167625623505E-002
 performing expansion, best =    6.6286797855975757E-002
 performing expansion, best =    6.6283223597932664E-002
 performing expansion, best =    6.6278902735041390E-002
 performing expansion, best =    6.6278210816885702E-002
 performing expansion, best =    6.6274674281221149E-002
 performing expansion, best =    6.6268966172259219E-002
 performing expansion, best =    6.6265064482383854E-002
 performing expansion, best =    6.6263898763589499E-002
 performing expansion, best =    6.6261234580399370E-002
 performing expansion, best =    6.6256313615893236E-002
 performing expansion, best =    6.6252816522801850E-002
 performing expansion, best =    6.6249359631330967E-002
 performing expansion, best =    6.6248943408954791E-002
 performing expansion, best =    6.6247046106740176E-002
 performing expansion, best =    6.6246895958213495E-002
 performing expansion, best =    6.6246732583500043E-002
 performing expansion, best =    6.6245631373107836E-002
 performing expansion, best =    6.6244721236872528E-002
 performing expansion, best =    6.6242627623117376E-002
 performing expansion, best =    6.6241257401901232E-002
 performing expansion, best =    6.6241065934574184E-002
 performing expansion, best =    6.6240705497556021E-002
 performing expansion, best =    6.6240460260073172E-002
 performing expansion, best =    6.6239869101776913E-002
 performing expansion, best =    6.6239706053080494E-002
 performing expansion, best =    6.6239585873744872E-002
 performing expansion, best =    6.6239482231326113E-002
 performing expansion, best =    6.6239435117448009E-002
 performing expansion, best =    6.6239230260385154E-002
 performing expansion, best =    6.6239035044689518E-002
 performing expansion, best =    6.6238959572350806E-002
 performing expansion, best =    6.6238726828919015E-002
 performing expansion, best =    6.6238303816481145E-002
 performing expansion, best =    6.6238262009704535E-002
 performing expansion, best =    6.6237629808500995E-002
 performing expansion, best =    6.6237573659105681E-002
 performing expansion, best =    6.6237503446953699E-002
 performing expansion, best =    6.6237473080753922E-002
 performing expansion, best =    6.6237433343381655E-002
 performing expansion, best =    6.6237141930432633E-002
 performing expansion, best =    6.6236142325484929E-002
 performing expansion, best =    6.6235125723225666E-002
 performing expansion, best =    6.6234258648378369E-002
 performing expansion, best =    6.6233468395963363E-002
 performing expansion, best =    6.6232114227321226E-002
 performing expansion, best =    6.6230658225256880E-002
 performing expansion, best =    6.6229304146924350E-002
 performing expansion, best =    6.6229099001955838E-002
 performing expansion, best =    6.6228171770050887E-002
 performing expansion, best =    6.6227294671841810E-002
 performing expansion, best =    6.6225704778006975E-002
 performing expansion, best =    6.6224328763889714E-002
 performing expansion, best =    6.6223240292878655E-002
 performing expansion, best =    6.6221279602932670E-002
 performing expansion, best =    6.6218788748785382E-002
 performing expansion, best =    6.6218490710354128E-002
 performing expansion, best =    6.6218414900079486E-002
 performing expansion, best =    6.6218397061720918E-002
 performing expansion, best =    6.6218150173316753E-002
 performing expansion, best =    6.6217932988407738E-002
 performing expansion, best =    6.6217179765376374E-002
 performing expansion, best =    6.6216705650608457E-002
 performing expansion, best =    6.6216541653056571E-002
 performing expansion, best =    6.6216469614481507E-002
 performing expansion, best =    6.6216262698287578E-002
 performing expansion, best =    6.6215564402780702E-002
 performing expansion, best =    6.6215491616741867E-002
 performing expansion, best =    6.6215165749034022E-002
 performing expansion, best =    6.6214977868390368E-002
 performing expansion, best =    6.6214871321269714E-002
 performing expansion, best =    6.6214433347290644E-002
 performing expansion, best =    6.6213992172095087E-002
 performing expansion, best =    6.6213058253573390E-002
 performing expansion, best =    6.6212363914948419E-002
 performing expansion, best =    6.6212200762956544E-002
 performing expansion, best =    6.6211959948287713E-002
 performing expansion, best =    6.6211573811761432E-002
 performing expansion, best =    6.6211433665666439E-002
 performing expansion, best =    6.6210587744197733E-002
 performing expansion, best =    6.6210019652978527E-002
 performing expansion, best =    6.6209205501578397E-002
 performing expansion, best =    6.6209052923656059E-002
 performing expansion, best =    6.6208734767556857E-002
 performing expansion, best =    6.6208368641313520E-002
 performing expansion, best =    6.6208339515432632E-002
 performing expansion, best =    6.6208119134730445E-002
 performing expansion, best =    6.6207983979668608E-002
 performing expansion, best =    6.6207844456040527E-002
 performing expansion, best =    6.6207811664938915E-002
 performing expansion, best =    6.6207746425768058E-002
 performing expansion, best =    6.6207708100463461E-002
 performing expansion, best =    6.6207636543721235E-002
 performing expansion, best =    6.6207609305472759E-002
 performing expansion, best =    6.6207544388774311E-002
 performing expansion, best =    6.6207447817803841E-002
 performing expansion, best =    6.6207338249121020E-002
 performing expansion, best =    6.6207157542405637E-002
 performing expansion, best =    6.6206971292531946E-002
 performing expansion, best =    6.6206883182727133E-002
 performing expansion, best =    6.6206857565669047E-002
 performing expansion, best =    6.6206811842455263E-002
 performing expansion, best =    6.6206790415869618E-002
 performing expansion, best =    6.6206770628520928E-002
 performing expansion, best =    6.6206738013391636E-002
 performing expansion, best =    6.6206737658773357E-002
 performing expansion, best =    6.6206717986038846E-002
 performing expansion, best =    6.6206691822790320E-002
 performing expansion, best =    6.6206689483879880E-002
 performing expansion, best =    6.6206680650929023E-002
 performing expansion, best =    6.6206616106042879E-002
 performing expansion, best =    6.6206539950777188E-002
 performing expansion, best =    6.6206524899293392E-002
 performing expansion, best =    6.6206520263728211E-002
 performing expansion, best =    6.6206485686070571E-002
 performing expansion, best =    6.6206424504287639E-002
 performing expansion, best =    6.6206404695718188E-002
 performing expansion, best =    6.6206399449727157E-002
 performing expansion, best =    6.6206356703288352E-002
 performing expansion, best =    6.6206352969130244E-002
 performing expansion, best =    6.6206317183189742E-002
 performing expansion, best =    6.6206314105042990E-002
 performing expansion, best =    6.6206307000419184E-002
 performing expansion, best =    6.6206294386404990E-002
 performing expansion, best =    6.6206253547144170E-002
 performing expansion, best =    6.6206250851272894E-002
 performing expansion, best =    6.6206243263171607E-002
 performing expansion, best =    6.6206237763125522E-002
 performing expansion, best =    6.6206237653220229E-002
 performing expansion, best =    6.6206222365117029E-002
 performing expansion, best =    6.6206218761635793E-002
 performing expansion, best =    6.6206197179570714E-002
 performing expansion, best =    6.6206182329926963E-002
 performing expansion, best =    6.6206161856276577E-002
 performing expansion, best =    6.6206143930083616E-002
 performing expansion, best =    6.6206140800634708E-002
 performing expansion, best =    6.6206127008538757E-002
 performing expansion, best =    6.6206096892984664E-002
 performing expansion, best =    6.6206092369272981E-002
 performing expansion, best =    6.6206091894631156E-002
 performing expansion, best =    6.6206077546507050E-002
 performing expansion, best =    6.6206067421981846E-002
 performing expansion, best =    6.6206064268147971E-002
 performing expansion, best =    6.6206030264828311E-002
 performing expansion, best =    6.6206020857770748E-002
 performing expansion, best =    6.6206006826788455E-002
 performing expansion, best =    6.6205962392313175E-002
 performing expansion, best =    6.6205962171802246E-002
 performing expansion, best =    6.6205944591873664E-002
 performing expansion, best =    6.6205923833210223E-002
 performing expansion, best =    6.6205922724708460E-002
 performing expansion, best =    6.6205900557624278E-002
 performing expansion, best =    6.6205859934618458E-002
 performing expansion, best =    6.6205830332090779E-002
 performing expansion, best =    6.6205786751537155E-002
 performing expansion, best =    6.6205781935159802E-002
 performing expansion, best =    6.6205770131182701E-002
 performing expansion, best =    6.6205713215956738E-002
 performing expansion, best =    6.6205706029069528E-002
 performing expansion, best =    6.6205705445153654E-002
 performing expansion, best =    6.6205674420115421E-002
 performing expansion, best =    6.6205652429558212E-002
 performing expansion, best =    6.6205641185570152E-002
 performing expansion, best =    6.6205576482958384E-002
 performing expansion, best =    6.6205516063496353E-002
 performing expansion, best =    6.6205466452477241E-002
 performing expansion, best =    6.6205430819363725E-002
 performing expansion, best =    6.6205378748361410E-002
 performing expansion, best =    6.6205320862168723E-002
 performing expansion, best =    6.6205315508700180E-002
 performing expansion, best =    6.6205263754916588E-002
 performing expansion, best =    6.6205262804088200E-002
 performing expansion, best =    6.6205214228510639E-002
 performing expansion, best =    6.6205198635512760E-002
 performing expansion, best =    6.6205195828209995E-002
 performing expansion, best =    6.6205157827875935E-002
 performing expansion, best =    6.6205155731054621E-002
 performing expansion, best =    6.6205130355272451E-002
 performing expansion, best =    6.6205125182256755E-002
 performing expansion, best =    6.6205099955006036E-002
 performing expansion, best =    6.6205099364461187E-002
 performing expansion, best =    6.6205094520820434E-002
 performing expansion, best =    6.6205093291330369E-002
 performing expansion, best =    6.6205092633203025E-002
 performing expansion, best =    6.6205089360917194E-002
 performing expansion, best =    6.6205074544757200E-002
 performing expansion, best =    6.6205040208457161E-002
 performing expansion, best =    6.6205011145397910E-002
 performing expansion, best =    6.6204987195275955E-002
 performing expansion, best =    6.6204986021991735E-002
 performing expansion, best =    6.6204948314054254E-002
 performing expansion, best =    6.6204914311773458E-002
 performing expansion, best =    6.6204906853050041E-002
 performing expansion, best =    6.6204865238013305E-002
 performing expansion, best =    6.6204856939750020E-002
 performing expansion, best =    6.6204825730133227E-002
 performing expansion, best =    6.6204820679977419E-002
 performing expansion, best =    6.6204792436162882E-002
 performing expansion, best =    6.6204790487797649E-002
 performing expansion, best =    6.6204788709903609E-002
 performing expansion, best =    6.6204775028168961E-002
 performing expansion, best =    6.6204752354527441E-002
 performing expansion, best =    6.6204731410807863E-002
 performing expansion, best =    6.6204709135243789E-002
 performing expansion, best =    6.6204707994367368E-002
 performing expansion, best =    6.6204687908170037E-002
 performing expansion, best =    6.6204685533511942E-002
 performing expansion, best =    6.6204658047290046E-002
 performing expansion, best =    6.6204653447076503E-002
 performing expansion, best =    6.6204620817081755E-002
 performing expansion, best =    6.6204619882212407E-002
 performing expansion, best =    6.6204617730114726E-002
 performing expansion, best =    6.6204611920781226E-002
 performing expansion, best =    6.6204587967322273E-002
 performing expansion, best =    6.6204567032183220E-002
 performing expansion, best =    6.6204566225856895E-002
 performing expansion, best =    6.6204564269888869E-002
 performing expansion, best =    6.6204561573728019E-002
 performing expansion, best =    6.6204561102478965E-002
 performing expansion, best =    6.6204549639202956E-002
 performing expansion, best =    6.6204531156471971E-002
 performing expansion, best =    6.6204512711325825E-002
 performing expansion, best =    6.6204492939607326E-002
 performing expansion, best =    6.6204469317156248E-002
 performing expansion, best =    6.6204446988917115E-002
 performing expansion, best =    6.6204429804840953E-002
 performing expansion, best =    6.6204427372410155E-002
 performing expansion, best =    6.6204424838423773E-002
 performing expansion, best =    6.6204412566744641E-002
 performing expansion, best =    6.6204411887726730E-002
 performing expansion, best =    6.6204411059650539E-002
 performing expansion, best =    6.6204411002429547E-002
 performing expansion, best =    6.6204398623264313E-002
 performing expansion, best =    6.6204397715189697E-002
 performing expansion, best =    6.6204385522589060E-002
 performing expansion, best =    6.6204385202673882E-002
 performing expansion, best =    6.6204382112673654E-002
 performing expansion, best =    6.6204380408554475E-002
 performing expansion, best =    6.6204377734290290E-002
 performing expansion, best =    6.6204377303051731E-002
 performing expansion, best =    6.6204372647799062E-002
 performing expansion, best =    6.6204371779283511E-002
 performing expansion, best =    6.6204371696013425E-002
 performing expansion, best =    6.6204368051560492E-002
 performing expansion, best =    6.6204364785013597E-002
 performing expansion, best =    6.6204362174470344E-002
 performing expansion, best =    6.6204358713208011E-002
 performing expansion, best =    6.6204358398954125E-002
 performing expansion, best =    6.6204354968577586E-002
 performing expansion, best =    6.6204354722669806E-002
 performing expansion, best =    6.6204352110881229E-002
 performing expansion, best =    6.6204347525625706E-002
 performing expansion, best =    6.6204343643425714E-002
 performing expansion, best =    6.6204342616794226E-002
 performing expansion, best =    6.6204339602491863E-002
 performing expansion, best =    6.6204334495255493E-002
 performing expansion, best =    6.6204329914382617E-002
 performing expansion, best =    6.6204325195493116E-002
 performing expansion, best =    6.6204318587750680E-002
 performing expansion, best =    6.6204314933305891E-002
 performing expansion, best =    6.6204309094665403E-002
 performing expansion, best =    6.6204302404025125E-002
 performing expansion, best =    6.6204294274882947E-002
 performing expansion, best =    6.6204285491620468E-002
 performing expansion, best =    6.6204277060574343E-002
 performing expansion, best =    6.6204266524488201E-002
 performing expansion, best =    6.6204255328349920E-002
 performing expansion, best =    6.6204250828131958E-002
 performing expansion, best =    6.6204241035715289E-002
 performing expansion, best =    6.6204235472604539E-002
 performing expansion, best =    6.6204228156685099E-002
 performing expansion, best =    6.6204217349328257E-002
 performing expansion, best =    6.6204209667184030E-002
 performing expansion, best =    6.6204198720598476E-002
 performing expansion, best =    6.6204184118892465E-002
 performing expansion, best =    6.6204169088223436E-002
 performing expansion, best =    6.6204158590630433E-002
 performing expansion, best =    6.6204150604850756E-002
 performing expansion, best =    6.6204136225716873E-002
 performing expansion, best =    6.6204120018007351E-002
 performing expansion, best =    6.6204112967014908E-002
 performing expansion, best =    6.6204101664216281E-002
 performing expansion, best =    6.6204084808381788E-002
 performing expansion, best =    6.6204064533842519E-002
 performing expansion, best =    6.6204047246144551E-002
 performing expansion, best =    6.6204022668407969E-002
 performing expansion, best =    6.6204016235209481E-002
 performing expansion, best =    6.6204010850904910E-002
 performing expansion, best =    6.6204009210144077E-002
 performing expansion, best =    6.6204004976862713E-002
 performing expansion, best =    6.6204002411173982E-002
 performing expansion, best =    6.6203997273957801E-002
 performing expansion, best =    6.6203989956120465E-002
 performing expansion, best =    6.6203987724180957E-002
 performing expansion, best =    6.6203986949552929E-002
 performing expansion, best =    6.6203981632673686E-002
 performing expansion, best =    6.6203979309611485E-002
 performing expansion, best =    6.6203975556028985E-002
 performing expansion, best =    6.6203973694398371E-002
 performing expansion, best =    6.6203973682020203E-002
 performing expansion, best =    6.6203973222422705E-002
 performing expansion, best =    6.6203968088135084E-002
 performing expansion, best =    6.6203967316589715E-002
 performing expansion, best =    6.6203965225106201E-002
 performing expansion, best =    6.6203964365146820E-002
 performing expansion, best =    6.6203962298128791E-002
 performing expansion, best =    6.6203959561396394E-002
 performing expansion, best =    6.6203954137811064E-002
 performing expansion, best =    6.6203953230196427E-002
 performing expansion, best =    6.6203952770448771E-002
 performing expansion, best =    6.6203952576770725E-002
 performing expansion, best =    6.6203951212611273E-002
 performing expansion, best =    6.6203950362602723E-002
 performing expansion, best =    6.6203949175219032E-002
 performing expansion, best =    6.6203948770408652E-002
 performing expansion, best =    6.6203948514657857E-002
 performing expansion, best =    6.6203945314744897E-002
 performing expansion, best =    6.6203942031438784E-002
 performing expansion, best =    6.6203941856775680E-002
 performing expansion, best =    6.6203939933679290E-002
 performing expansion, best =    6.6203936728061880E-002
 performing expansion, best =    6.6203936062568011E-002
 performing expansion, best =    6.6203931709875180E-002
 performing expansion, best =    6.6203928124397973E-002
 performing expansion, best =    6.6203923910275853E-002
 performing expansion, best =    6.6203917227212458E-002
 performing expansion, best =    6.6203913208035689E-002
 performing expansion, best =    6.6203904441621692E-002
 performing expansion, best =    6.6203895567273505E-002
 performing expansion, best =    6.6203895422488043E-002
 performing expansion, best =    6.6203893668283789E-002
 performing expansion, best =    6.6203886354762501E-002
 performing expansion, best =    6.6203880160432521E-002
 performing expansion, best =    6.6203879813203817E-002
 performing expansion, best =    6.6203875353576538E-002
 performing expansion, best =    6.6203875309468391E-002
 performing expansion, best =    6.6203874200243512E-002
 performing expansion, best =    6.6203874082009298E-002
 performing expansion, best =    6.6203874021724132E-002
 performing expansion, best =    6.6203872752827575E-002
 performing expansion, best =    6.6203872554968610E-002
 performing expansion, best =    6.6203871830668892E-002
 performing expansion, best =    6.6203871649998081E-002
 performing expansion, best =    6.6203871305904619E-002
 performing expansion, best =    6.6203871017176341E-002
 performing expansion, best =    6.6203869395507250E-002
 performing expansion, best =    6.6203868961885265E-002
 performing expansion, best =    6.6203868651393799E-002
 performing expansion, best =    6.6203866910388043E-002
 performing expansion, best =    6.6203866843986756E-002
 performing expansion, best =    6.6203866711428500E-002
 performing expansion, best =    6.6203866327181726E-002
 performing expansion, best =    6.6203866081831084E-002
 performing expansion, best =    6.6203865971326589E-002
 performing expansion, best =    6.6203865013189256E-002
 performing expansion, best =    6.6203864636207463E-002
 performing expansion, best =    6.6203864593183170E-002
 performing expansion, best =    6.6203864588304753E-002
 performing expansion, best =    6.6203864404104695E-002
 performing expansion, best =    6.6203864191511960E-002
 performing expansion, best =    6.6203864015517672E-002
 performing expansion, best =    6.6203863978300165E-002
 performing expansion, best =    6.6203863573918664E-002
 performing expansion, best =    6.6203863529787410E-002
 performing expansion, best =    6.6203863474131680E-002
 performing expansion, best =    6.6203863425098819E-002
 performing expansion, best =    6.6203863334855187E-002
 performing expansion, best =    6.6203863328511664E-002
 performing expansion, best =    6.6203863220153120E-002
 performing expansion, best =    6.6203863214570252E-002
 performing expansion, best =    6.6203863130623708E-002
 performing expansion, best =    6.6203863092300919E-002
 performing expansion, best =    6.6203862813129497E-002
 performing expansion, best =    6.6203862763245885E-002
 performing expansion, best =    6.6203862516032705E-002
 performing expansion, best =    6.6203862347463130E-002
 performing expansion, best =    6.6203862061589638E-002
 performing expansion, best =    6.6203861731298594E-002
 performing expansion, best =    6.6203861434611558E-002
 performing expansion, best =    6.6203861401467237E-002
 performing expansion, best =    6.6203861134352435E-002
 performing expansion, best =    6.6203861027748903E-002
 performing expansion, best =    6.6203860963620090E-002
 performing expansion, best =    6.6203860930403119E-002
 performing expansion, best =    6.6203860859320715E-002
 performing expansion, best =    6.6203860458594943E-002
 performing expansion, best =    6.6203860094844386E-002
 performing expansion, best =    6.6203859801950662E-002
 performing expansion, best =    6.6203859776164761E-002
 performing expansion, best =    6.6203859530842832E-002
 performing expansion, best =    6.6203859151965694E-002
 performing expansion, best =    6.6203859021620015E-002
 performing expansion, best =    6.6203858531908244E-002
 performing expansion, best =    6.6203858498706969E-002
 performing expansion, best =    6.6203858464360277E-002
 performing expansion, best =    6.6203858132307739E-002
 performing expansion, best =    6.6203857672499117E-002
 performing expansion, best =    6.6203857557984830E-002
 performing expansion, best =    6.6203856813570230E-002
 performing expansion, best =    6.6203856767411140E-002
 performing expansion, best =    6.6203856708088468E-002
 performing expansion, best =    6.6203856691233520E-002
 performing expansion, best =    6.6203856267795957E-002
 performing expansion, best =    6.6203855494531366E-002
 performing expansion, best =    6.6203854847876650E-002
 performing expansion, best =    6.6203854793525377E-002
 performing expansion, best =    6.6203853990204897E-002
 performing expansion, best =    6.6203853181138583E-002
 performing expansion, best =    6.6203852029354512E-002
 performing expansion, best =    6.6203850643481096E-002
 performing expansion, best =    6.6203848944773616E-002
 performing expansion, best =    6.6203847229807711E-002
 performing expansion, best =    6.6203845263605038E-002
 performing expansion, best =    6.6203844671328976E-002
 performing expansion, best =    6.6203842302620164E-002
 performing expansion, best =    6.6203842275295466E-002
 performing expansion, best =    6.6203840820142357E-002
 performing expansion, best =    6.6203838741820592E-002
 performing expansion, best =    6.6203838348439292E-002
 performing expansion, best =    6.6203838079904431E-002
 performing expansion, best =    6.6203835880950232E-002
 performing expansion, best =    6.6203835749775564E-002
 performing expansion, best =    6.6203834974075074E-002
 performing expansion, best =    6.6203834852605489E-002
 performing expansion, best =    6.6203834777665727E-002
 performing expansion, best =    6.6203834728705335E-002
 performing expansion, best =    6.6203834051424229E-002
 performing expansion, best =    6.6203833227303652E-002
 performing expansion, best =    6.6203832641207716E-002
 performing expansion, best =    6.6203831900686058E-002
 performing expansion, best =    6.6203830850863135E-002
 performing expansion, best =    6.6203829802187295E-002
 performing expansion, best =    6.6203828577665061E-002
 performing expansion, best =    6.6203827485211170E-002
 performing expansion, best =    6.6203826402692748E-002
 performing expansion, best =    6.6203825385968335E-002
 performing expansion, best =    6.6203824511022594E-002
 performing expansion, best =    6.6203823317789109E-002
 performing expansion, best =    6.6203822799484738E-002
 performing expansion, best =    6.6203822204059862E-002
 performing expansion, best =    6.6203821616080905E-002
 performing expansion, best =    6.6203820900070681E-002
 performing expansion, best =    6.6203820518866516E-002
 performing expansion, best =    6.6203819618377222E-002
 performing expansion, best =    6.6203819421633350E-002
 performing expansion, best =    6.6203818748402435E-002
 performing expansion, best =    6.6203818734209163E-002
 performing expansion, best =    6.6203818653341351E-002
 performing expansion, best =    6.6203818411882304E-002
 performing expansion, best =    6.6203817818305061E-002
 performing expansion, best =    6.6203816935417423E-002
 performing expansion, best =    6.6203816000287047E-002
 performing expansion, best =    6.6203815887848266E-002
 performing expansion, best =    6.6203814952379175E-002
 performing expansion, best =    6.6203813836352723E-002
 performing expansion, best =    6.6203812548490046E-002
 performing expansion, best =    6.6203811083831124E-002
 performing expansion, best =    6.6203809663536006E-002
 performing expansion, best =    6.6203809589340135E-002
 performing expansion, best =    6.6203808376341655E-002
 performing expansion, best =    6.6203806605664772E-002
 performing expansion, best =    6.6203806564823928E-002
 performing expansion, best =    6.6203804442935624E-002
 performing expansion, best =    6.6203801796196421E-002
 performing expansion, best =    6.6203798787570420E-002
 performing expansion, best =    6.6203798256868410E-002
 performing expansion, best =    6.6203797998466610E-002
 performing expansion, best =    6.6203795058121961E-002
 performing expansion, best =    6.6203792113578783E-002
 performing expansion, best =    6.6203788678590919E-002
 performing expansion, best =    6.6203788011272593E-002
 performing expansion, best =    6.6203782701201530E-002
 performing expansion, best =    6.6203782664133459E-002
 performing expansion, best =    6.6203781503873946E-002
 performing expansion, best =    6.6203781139662896E-002
 performing expansion, best =    6.6203776901435654E-002
 performing expansion, best =    6.6203772300037683E-002
 performing expansion, best =    6.6203771374355749E-002
 performing expansion, best =    6.6203767444410505E-002
 performing expansion, best =    6.6203766799473984E-002
 performing expansion, best =    6.6203762624455278E-002
 performing expansion, best =    6.6203762201111474E-002
 performing expansion, best =    6.6203761675484349E-002
 performing expansion, best =    6.6203761147639817E-002
 performing expansion, best =    6.6203757639339680E-002
 performing expansion, best =    6.6203754741662402E-002
 performing expansion, best =    6.6203750843957077E-002
 performing expansion, best =    6.6203746635284069E-002
 performing expansion, best =    6.6203742834054752E-002
 performing expansion, best =    6.6203742792409759E-002
 performing expansion, best =    6.6203742368128593E-002
 performing expansion, best =    6.6203738979405471E-002
 performing expansion, best =    6.6203738545280916E-002
 performing expansion, best =    6.6203738479177432E-002
 performing expansion, best =    6.6203738297831438E-002
 performing expansion, best =    6.6203737485561465E-002
 performing expansion, best =    6.6203735514935927E-002
 performing expansion, best =    6.6203733451893634E-002
 performing expansion, best =    6.6203732790441269E-002
 performing expansion, best =    6.6203732461050310E-002
 performing expansion, best =    6.6203732315959454E-002
 performing expansion, best =    6.6203732307171123E-002
 performing expansion, best =    6.6203731983386069E-002
 performing expansion, best =    6.6203730763165922E-002
 performing expansion, best =    6.6203730474775471E-002
 performing expansion, best =    6.6203730400149596E-002
 performing expansion, best =    6.6203730092015134E-002
 performing expansion, best =    6.6203729700214764E-002
 performing expansion, best =    6.6203729580063292E-002
 performing expansion, best =    6.6203729472553180E-002
 performing expansion, best =    6.6203729258448890E-002
 performing expansion, best =    6.6203728763307768E-002
 performing expansion, best =    6.6203728325024358E-002
 performing expansion, best =    6.6203728243706017E-002
 performing expansion, best =    6.6203728223077810E-002
 performing expansion, best =    6.6203727946995986E-002
 performing expansion, best =    6.6203727607015747E-002
 performing expansion, best =    6.6203727368999044E-002
 performing expansion, best =    6.6203727321756389E-002
 performing expansion, best =    6.6203726910661051E-002
 performing expansion, best =    6.6203726029811755E-002
 performing expansion, best =    6.6203725223172291E-002
 performing expansion, best =    6.6203724426198721E-002
 performing expansion, best =    6.6203723502498368E-002
 performing expansion, best =    6.6203722283215208E-002
 performing expansion, best =    6.6203721080444852E-002
 performing expansion, best =    6.6203719643350631E-002
 performing expansion, best =    6.6203717723643044E-002
 performing expansion, best =    6.6203715693718745E-002
 performing expansion, best =    6.6203713743526238E-002
 performing expansion, best =    6.6203710688778158E-002
 performing expansion, best =    6.6203708237558764E-002
 performing expansion, best =    6.6203707585882662E-002
 performing expansion, best =    6.6203706709506718E-002
 performing expansion, best =    6.6203706602270165E-002
 performing expansion, best =    6.6203706330683981E-002
 performing expansion, best =    6.6203706256526898E-002
 performing expansion, best =    6.6203704947267863E-002
 performing expansion, best =    6.6203704933941870E-002
 performing expansion, best =    6.6203704625693194E-002
 performing expansion, best =    6.6203703248910617E-002
 performing expansion, best =    6.6203702969746009E-002
 performing expansion, best =    6.6203702719297874E-002
 performing expansion, best =    6.6203702603686729E-002
 performing expansion, best =    6.6203702254389055E-002
 performing expansion, best =    6.6203702163390776E-002
 performing expansion, best =    6.6203701221164757E-002
 performing expansion, best =    6.6203700660597359E-002
 performing expansion, best =    6.6203700590310027E-002
 performing expansion, best =    6.6203699820726478E-002
 performing expansion, best =    6.6203698743103612E-002
 performing expansion, best =    6.6203697567649600E-002
 performing expansion, best =    6.6203697366319855E-002
 performing expansion, best =    6.6203696010031829E-002
 performing expansion, best =    6.6203694747484026E-002
 performing expansion, best =    6.6203693438224825E-002
 performing expansion, best =    6.6203691847451895E-002
 performing expansion, best =    6.6203690723472722E-002
 performing expansion, best =    6.6203690270214735E-002
 performing expansion, best =    6.6203688233432284E-002
 performing expansion, best =    6.6203686213938934E-002
 performing expansion, best =    6.6203683546488368E-002
 performing expansion, best =    6.6203681080687415E-002
 performing expansion, best =    6.6203678687643916E-002
 performing expansion, best =    6.6203678552290188E-002
 performing expansion, best =    6.6203677144483150E-002
 performing expansion, best =    6.6203675229934963E-002
 performing expansion, best =    6.6203672595787036E-002
 performing expansion, best =    6.6203672089585067E-002
 performing expansion, best =    6.6203671447479018E-002
 performing expansion, best =    6.6203671293611377E-002
 performing expansion, best =    6.6203670945449183E-002
 performing expansion, best =    6.6203670717442362E-002
 performing expansion, best =    6.6203670714682000E-002
 performing expansion, best =    6.6203670692704525E-002
 performing expansion, best =    6.6203670405825851E-002
 performing expansion, best =    6.6203670385865138E-002
 performing expansion, best =    6.6203670010236096E-002
 performing expansion, best =    6.6203669817706493E-002
 performing expansion, best =    6.6203669673850593E-002
 performing expansion, best =    6.6203669587777181E-002
 performing expansion, best =    6.6203669513614935E-002
 performing expansion, best =    6.6203669229116274E-002
 performing expansion, best =    6.6203669160640716E-002
 performing expansion, best =    6.6203668805283181E-002
 performing expansion, best =    6.6203668564435270E-002
 performing expansion, best =    6.6203668539649638E-002
 performing expansion, best =    6.6203668161540580E-002
 performing expansion, best =    6.6203667779887065E-002
 performing expansion, best =    6.6203667747283756E-002
 performing expansion, best =    6.6203667326455495E-002
 performing expansion, best =    6.6203667030474242E-002
 performing expansion, best =    6.6203666457030297E-002
 performing expansion, best =    6.6203666232074951E-002
 performing expansion, best =    6.6203665677151233E-002
 performing expansion, best =    6.6203664970539755E-002
 performing expansion, best =    6.6203664136813056E-002
 performing expansion, best =    6.6203663408908292E-002
 performing expansion, best =    6.6203662336415475E-002
 performing expansion, best =    6.6203662219902509E-002
 performing expansion, best =    6.6203661663518223E-002
 performing expansion, best =    6.6203660772469239E-002
 performing expansion, best =    6.6203659853140695E-002
 performing expansion, best =    6.6203659021994210E-002
 performing expansion, best =    6.6203658242020291E-002
 performing expansion, best =    6.6203656762758037E-002
 performing expansion, best =    6.6203655138408882E-002
 performing expansion, best =    6.6203654754910995E-002
 performing expansion, best =    6.6203653285169806E-002
 performing expansion, best =    6.6203653071692958E-002
 performing expansion, best =    6.6203651965870650E-002
 performing expansion, best =    6.6203651863565971E-002
 performing expansion, best =    6.6203651717300527E-002
 performing expansion, best =    6.6203651704157734E-002
 performing expansion, best =    6.6203651472168307E-002
 performing expansion, best =    6.6203651390569204E-002
 performing expansion, best =    6.6203651224588170E-002
 performing expansion, best =    6.6203651132937108E-002
 performing expansion, best =    6.6203651121481383E-002
 performing expansion, best =    6.6203651073415137E-002
 performing expansion, best =    6.6203651023397744E-002
 performing expansion, best =    6.6203650969090325E-002
 performing expansion, best =    6.6203650810771730E-002
 performing expansion, best =    6.6203650447288778E-002
 performing expansion, best =    6.6203650190687441E-002
 performing expansion, best =    6.6203650152564783E-002
 performing expansion, best =    6.6203650150971224E-002
 performing expansion, best =    6.6203650127787547E-002
 performing expansion, best =    6.6203650031061670E-002
 performing expansion, best =    6.6203649970125955E-002
 performing expansion, best =    6.6203649857539515E-002
 performing expansion, best =    6.6203649851570512E-002
 performing expansion, best =    6.6203649735168776E-002
 performing expansion, best =    6.6203649550996516E-002
 performing expansion, best =    6.6203649378761373E-002
 performing expansion, best =    6.6203649219297167E-002
 performing expansion, best =    6.6203648995197595E-002
 performing expansion, best =    6.6203648755110298E-002
 performing expansion, best =    6.6203648560419201E-002
 performing expansion, best =    6.6203648349864225E-002
 performing expansion, best =    6.6203647870495860E-002
 performing expansion, best =    6.6203647425991205E-002
 performing expansion, best =    6.6203646996964793E-002
 performing expansion, best =    6.6203646506786507E-002
 performing expansion, best =    6.6203646444871478E-002
 performing expansion, best =    6.6203646368829527E-002
 performing expansion, best =    6.6203646339374908E-002
 performing expansion, best =    6.6203646300476260E-002
 performing expansion, best =    6.6203646287405882E-002
 performing expansion, best =    6.6203646201259847E-002
 performing expansion, best =    6.6203646188976839E-002
 performing expansion, best =    6.6203646128702845E-002
 performing expansion, best =    6.6203646082808321E-002
 performing expansion, best =    6.6203646042267958E-002
 performing expansion, best =    6.6203646003393207E-002
 performing expansion, best =    6.6203645810361186E-002
 performing expansion, best =    6.6203645636947459E-002
 performing expansion, best =    6.6203645527157337E-002
 performing expansion, best =    6.6203645245139039E-002
 performing expansion, best =    6.6203645192201427E-002
 performing expansion, best =    6.6203644876878909E-002
 performing expansion, best =    6.6203644837614720E-002
 performing expansion, best =    6.6203644799678288E-002
 performing expansion, best =    6.6203644764108130E-002
 performing expansion, best =    6.6203644755594385E-002
 performing expansion, best =    6.6203644540601916E-002
 performing expansion, best =    6.6203644438968798E-002
 performing expansion, best =    6.6203644366152503E-002
 performing expansion, best =    6.6203644102318521E-002
 performing expansion, best =    6.6203643838775583E-002
 performing expansion, best =    6.6203643538056342E-002
 performing expansion, best =    6.6203643329022621E-002
 performing expansion, best =    6.6203643326428752E-002
 performing expansion, best =    6.6203643189873901E-002
 performing expansion, best =    6.6203643156297814E-002
 performing expansion, best =    6.6203642988975492E-002
 performing expansion, best =    6.6203642979077118E-002
 performing expansion, best =    6.6203642838210938E-002
 performing expansion, best =    6.6203642754770378E-002
 performing expansion, best =    6.6203642599695467E-002
 performing expansion, best =    6.6203642498800772E-002
 performing expansion, best =    6.6203642495255399E-002
 performing expansion, best =    6.6203642451963501E-002
 performing expansion, best =    6.6203642422551265E-002
 performing expansion, best =    6.6203642359514397E-002
 performing expansion, best =    6.6203642350390127E-002
 performing expansion, best =    6.6203642257906967E-002
 performing expansion, best =    6.6203642190261411E-002
 performing expansion, best =    6.6203642181301300E-002
 performing expansion, best =    6.6203642106514735E-002
 performing expansion, best =    6.6203642087595355E-002
 performing expansion, best =    6.6203642053526218E-002
 performing expansion, best =    6.6203641968992324E-002
 performing expansion, best =    6.6203641909047886E-002
 performing expansion, best =    6.6203641862467563E-002
 performing expansion, best =    6.6203641836966129E-002
 performing expansion, best =    6.6203641709147901E-002
 performing expansion, best =    6.6203641579244021E-002
 performing expansion, best =    6.6203641544928360E-002
 performing expansion, best =    6.6203641408952546E-002
 performing expansion, best =    6.6203641220900958E-002
 performing expansion, best =    6.6203641007664044E-002
 performing expansion, best =    6.6203640979445658E-002
 performing expansion, best =    6.6203640943775482E-002
 performing expansion, best =    6.6203640925912979E-002
 performing expansion, best =    6.6203640709972283E-002
 performing expansion, best =    6.6203640682252443E-002
 performing expansion, best =    6.6203640463501093E-002
 performing expansion, best =    6.6203640235622002E-002
 performing expansion, best =    6.6203640182771042E-002
 performing expansion, best =    6.6203639977158849E-002
 performing expansion, best =    6.6203639967214997E-002
 performing expansion, best =    6.6203639788275676E-002
 performing expansion, best =    6.6203639741164069E-002
 performing expansion, best =    6.6203639723582591E-002
 performing expansion, best =    6.6203639659338523E-002
 performing expansion, best =    6.6203639625081481E-002
 performing expansion, best =    6.6203639565366845E-002
 performing expansion, best =    6.6203639559625396E-002
 performing expansion, best =    6.6203639537461556E-002
 performing expansion, best =    6.6203639464769079E-002
 performing expansion, best =    6.6203639438110432E-002
 performing expansion, best =    6.6203639436722042E-002
 performing expansion, best =    6.6203639426349270E-002
 performing expansion, best =    6.6203639379168455E-002
 performing expansion, best =    6.6203639342337611E-002
 performing expansion, best =    6.6203639218861007E-002
 performing expansion, best =    6.6203639199426817E-002
 performing expansion, best =    6.6203639086280575E-002
 performing expansion, best =    6.6203638949741780E-002
 performing expansion, best =    6.6203638815961682E-002
 performing expansion, best =    6.6203638646240848E-002
 performing expansion, best =    6.6203638487711908E-002
 performing expansion, best =    6.6203638437042370E-002
 performing expansion, best =    6.6203638326633479E-002
 performing expansion, best =    6.6203638111838270E-002
 performing expansion, best =    6.6203638070662402E-002
 performing expansion, best =    6.6203638050037539E-002
 performing expansion, best =    6.6203638002409457E-002
 performing expansion, best =    6.6203637869488269E-002
 performing expansion, best =    6.6203637837553647E-002
 performing expansion, best =    6.6203637790655342E-002
 performing expansion, best =    6.6203637750367320E-002
 performing expansion, best =    6.6203637641770882E-002
 performing expansion, best =    6.6203637632575016E-002
 performing expansion, best =    6.6203637596433204E-002
 performing expansion, best =    6.6203637568157642E-002
 performing expansion, best =    6.6203637562380749E-002
 performing expansion, best =    6.6203637495239678E-002
 performing expansion, best =    6.6203637475020269E-002
 performing expansion, best =    6.6203637439416707E-002
 performing expansion, best =    6.6203637431129350E-002
 performing expansion, best =    6.6203637422217521E-002
 performing expansion, best =    6.6203637397909063E-002
 performing expansion, best =    6.6203637384500219E-002
 performing expansion, best =    6.6203637358880005E-002
 performing expansion, best =    6.6203637358268647E-002
 performing expansion, best =    6.6203637334791288E-002
 performing expansion, best =    6.6203637297882340E-002
 performing expansion, best =    6.6203637264262469E-002
 performing expansion, best =    6.6203637216596861E-002
 performing expansion, best =    6.6203637181716790E-002
 performing expansion, best =    6.6203637134854498E-002
 performing expansion, best =    6.6203637073897328E-002
 performing expansion, best =    6.6203636990960268E-002
 performing expansion, best =    6.6203636987156381E-002
 performing expansion, best =    6.6203636959580800E-002
 performing expansion, best =    6.6203636856306730E-002
 performing expansion, best =    6.6203636770668636E-002
 performing expansion, best =    6.6203636752396933E-002
 performing expansion, best =    6.6203636729141452E-002
 performing expansion, best =    6.6203636641437968E-002
 performing expansion, best =    6.6203636544779954E-002
 performing expansion, best =    6.6203636452240949E-002
 performing expansion, best =    6.6203636334566177E-002
 performing expansion, best =    6.6203636331260668E-002
 performing expansion, best =    6.6203636253653123E-002
 performing expansion, best =    6.6203636119485737E-002
 performing expansion, best =    6.6203636098699850E-002
 performing expansion, best =    6.6203636092864088E-002
 performing expansion, best =    6.6203636023829518E-002
 performing expansion, best =    6.6203636013380085E-002
 performing expansion, best =    6.6203635976549755E-002
 performing expansion, best =    6.6203635893464813E-002
 performing expansion, best =    6.6203635883147025E-002
 performing expansion, best =    6.6203635811732484E-002
 performing expansion, best =    6.6203635750039833E-002
 performing expansion, best =    6.6203635702727678E-002
 performing expansion, best =    6.6203635696134591E-002
 performing expansion, best =    6.6203635689208257E-002
 performing expansion, best =    6.6203635666931201E-002
 performing expansion, best =    6.6203635624835722E-002
 performing expansion, best =    6.6203635623315410E-002
 performing expansion, best =    6.6203635586127893E-002
 performing expansion, best =    6.6203635510364081E-002
 performing expansion, best =    6.6203635505876837E-002
 performing expansion, best =    6.6203635505177980E-002
 performing expansion, best =    6.6203635498617963E-002
 performing expansion, best =    6.6203635470478056E-002
 performing expansion, best =    6.6203635403114802E-002
 performing expansion, best =    6.6203635344291467E-002
 performing expansion, best =    6.6203635267931507E-002
 performing expansion, best =    6.6203635186814866E-002
 performing expansion, best =    6.6203635078595738E-002
 performing expansion, best =    6.6203635071874767E-002
 performing expansion, best =    6.6203634994239688E-002
 performing expansion, best =    6.6203634925799365E-002
 performing expansion, best =    6.6203634919800483E-002
 performing expansion, best =    6.6203634903028302E-002
 performing expansion, best =    6.6203634824124433E-002
 performing expansion, best =    6.6203634810718559E-002
 performing expansion, best =    6.6203634772562941E-002
 performing expansion, best =    6.6203634764257641E-002
 performing expansion, best =    6.6203634755217372E-002
 performing expansion, best =    6.6203634752617285E-002
 performing expansion, best =    6.6203634709652404E-002
 performing expansion, best =    6.6203634645120898E-002
 performing expansion, best =    6.6203634637549941E-002
 performing expansion, best =    6.6203634633055744E-002
 performing expansion, best =    6.6203634586495350E-002
 performing expansion, best =    6.6203634581915069E-002
 performing expansion, best =    6.6203634539780426E-002
 performing expansion, best =    6.6203634534656677E-002
 performing expansion, best =    6.6203634496914757E-002
 performing expansion, best =    6.6203634484026372E-002
 performing expansion, best =    6.6203634478723405E-002
 performing expansion, best =    6.6203634438131237E-002
 performing expansion, best =    6.6203634433019173E-002
 performing expansion, best =    6.6203634424839980E-002
 performing expansion, best =    6.6203634380880824E-002
 performing expansion, best =    6.6203634374893586E-002
 performing expansion, best =    6.6203634329105879E-002
 performing expansion, best =    6.6203634278851661E-002
 performing expansion, best =    6.6203634217300952E-002
 performing expansion, best =    6.6203634149716556E-002
 performing expansion, best =    6.6203634079244900E-002
 performing expansion, best =    6.6203634024271846E-002
 performing expansion, best =    6.6203633935560363E-002
 performing expansion, best =    6.6203633842765938E-002
 performing expansion, best =    6.6203633776137250E-002
 performing expansion, best =    6.6203633763349465E-002
 performing expansion, best =    6.6203633667066650E-002
 performing expansion, best =    6.6203633655517610E-002
 performing expansion, best =    6.6203633644929497E-002
 performing expansion, best =    6.6203633620682087E-002
 performing expansion, best =    6.6203633611956095E-002
 performing expansion, best =    6.6203633604613732E-002
 performing expansion, best =    6.6203633602592155E-002
 performing expansion, best =    6.6203633542739643E-002
 performing expansion, best =    6.6203633520874675E-002
 performing expansion, best =    6.6203633509266599E-002
 performing expansion, best =    6.6203633508350804E-002
 performing expansion, best =    6.6203633508013407E-002
 performing expansion, best =    6.6203633477430898E-002
 performing expansion, best =    6.6203633442055890E-002
 performing expansion, best =    6.6203633440726731E-002
 performing expansion, best =    6.6203633418506533E-002
 performing expansion, best =    6.6203633412661347E-002
 performing expansion, best =    6.6203633394220807E-002
 performing expansion, best =    6.6203633374858684E-002
 performing expansion, best =    6.6203633346553242E-002
 performing expansion, best =    6.6203633316007537E-002
 performing expansion, best =    6.6203633294243100E-002
 performing expansion, best =    6.6203633271511797E-002
 performing expansion, best =    6.6203633265786946E-002
 performing expansion, best =    6.6203633264214301E-002
 performing expansion, best =    6.6203633240093526E-002
 performing expansion, best =    6.6203633235666609E-002
 performing expansion, best =    6.6203633212627511E-002
 performing expansion, best =    6.6203633179541518E-002
 performing expansion, best =    6.6203633147913943E-002
 performing expansion, best =    6.6203633112786847E-002
 performing expansion, best =    6.6203633097808939E-002
 performing expansion, best =    6.6203633087891511E-002
 performing expansion, best =    6.6203633081959076E-002
 performing expansion, best =    6.6203633078631335E-002
 performing expansion, best =    6.6203633077383361E-002
 performing expansion, best =    6.6203633058198236E-002
 performing expansion, best =    6.6203633050063090E-002
 performing expansion, best =    6.6203633045097521E-002
 performing expansion, best =    6.6203633017463751E-002
 performing expansion, best =    6.6203632995030015E-002
 performing expansion, best =    6.6203632975858476E-002
 performing expansion, best =    6.6203632955023045E-002
 performing expansion, best =    6.6203632918764549E-002
 performing expansion, best =    6.6203632904017803E-002
 performing expansion, best =    6.6203632860953959E-002
 performing expansion, best =    6.6203632834027304E-002
 performing expansion, best =    6.6203632820083222E-002
 performing expansion, best =    6.6203632815783842E-002
 performing expansion, best =    6.6203632807279991E-002
 performing expansion, best =    6.6203632806731902E-002
 performing expansion, best =    6.6203632767199302E-002
 performing expansion, best =    6.6203632702726153E-002
 performing expansion, best =    6.6203632688470321E-002
 performing expansion, best =    6.6203632686152397E-002
 performing expansion, best =    6.6203632660716966E-002
 performing expansion, best =    6.6203632659706191E-002
 performing expansion, best =    6.6203632655169306E-002
 performing expansion, best =    6.6203632654905559E-002
 performing expansion, best =    6.6203632641651675E-002
 performing expansion, best =    6.6203632640318588E-002
 performing expansion, best =    6.6203632633384801E-002
 performing expansion, best =    6.6203632631643541E-002
 performing expansion, best =    6.6203632626605780E-002
 performing expansion, best =    6.6203632611518820E-002
 performing expansion, best =    6.6203632588057559E-002
 performing expansion, best =    6.6203632568538978E-002
 performing expansion, best =    6.6203632545828964E-002
 performing expansion, best =    6.6203632520986655E-002
 performing expansion, best =    6.6203632500214354E-002
 performing expansion, best =    6.6203632467899814E-002
 performing expansion, best =    6.6203632460877321E-002
 performing expansion, best =    6.6203632411317631E-002
 performing expansion, best =    6.6203632407646026E-002
 performing expansion, best =    6.6203632373076249E-002
 performing expansion, best =    6.6203632369664256E-002
 performing expansion, best =    6.6203632350910022E-002
 performing expansion, best =    6.6203632345256141E-002
 performing expansion, best =    6.6203632340322061E-002
 performing expansion, best =    6.6203632294609932E-002
 performing expansion, best =    6.6203632288908701E-002
 performing expansion, best =    6.6203632282496885E-002
 performing expansion, best =    6.6203632274300178E-002
 performing expansion, best =    6.6203632271736187E-002
 performing expansion, best =    6.6203632254598452E-002
 performing expansion, best =    6.6203632232125331E-002
 performing expansion, best =    6.6203632228761619E-002
 performing expansion, best =    6.6203632228661033E-002
 performing expansion, best =    6.6203632208943514E-002
 performing expansion, best =    6.6203632187811737E-002
 performing expansion, best =    6.6203632169689594E-002
 performing expansion, best =    6.6203632163897713E-002
 performing expansion, best =    6.6203632155065126E-002
 performing expansion, best =    6.6203632151868128E-002
 performing expansion, best =    6.6203632132390139E-002
 performing expansion, best =    6.6203632126704867E-002
 performing expansion, best =    6.6203632123179257E-002
 performing expansion, best =    6.6203632121120612E-002
 performing expansion, best =    6.6203632120613837E-002
 performing expansion, best =    6.6203632119700428E-002
 performing expansion, best =    6.6203632118280231E-002
 performing expansion, best =    6.6203632116993621E-002
 performing expansion, best =    6.6203632110494307E-002
 performing expansion, best =    6.6203632109884336E-002
 performing expansion, best =    6.6203632100829676E-002
 performing expansion, best =    6.6203632090777023E-002
 performing expansion, best =    6.6203632079891939E-002
 performing expansion, best =    6.6203632066128962E-002
 performing expansion, best =    6.6203632052440592E-002
 performing expansion, best =    6.6203632037942120E-002
 performing expansion, best =    6.6203632018327879E-002
 performing expansion, best =    6.6203632013479952E-002
 performing expansion, best =    6.6203631993776171E-002
 performing expansion, best =    6.6203631966539805E-002
 performing expansion, best =    6.6203631946313179E-002
 performing expansion, best =    6.6203631922793701E-002
 performing expansion, best =    6.6203631918188316E-002
 performing expansion, best =    6.6203631892238268E-002
 performing expansion, best =    6.6203631891329745E-002
 performing expansion, best =    6.6203631887488235E-002
 performing expansion, best =    6.6203631885131328E-002
 performing expansion, best =    6.6203631868091153E-002
 performing expansion, best =    6.6203631867661678E-002
 performing expansion, best =    6.6203631864128240E-002
 performing expansion, best =    6.6203631857094561E-002
 performing expansion, best =    6.6203631856562903E-002
 performing expansion, best =    6.6203631855375714E-002
 performing expansion, best =    6.6203631854322556E-002
 performing expansion, best =    6.6203631854097791E-002
 performing expansion, best =    6.6203631852005632E-002
 performing expansion, best =    6.6203631851967648E-002
 performing expansion, best =    6.6203631851846925E-002
 performing expansion, best =    6.6203631851296726E-002
 performing expansion, best =    6.6203631850871081E-002
 performing expansion, best =    6.6203631850604877E-002
 performing expansion, best =    6.6203631850201033E-002
 performing expansion, best =    6.6203631850092773E-002
 performing expansion, best =    6.6203631849199224E-002
 performing expansion, best =    6.6203631848307770E-002
 performing expansion, best =    6.6203631847836272E-002
 performing expansion, best =    6.6203631847028002E-002
 performing expansion, best =    6.6203631846884631E-002
 performing expansion, best =    6.6203631846725911E-002
 performing expansion, best =    6.6203631845678429E-002
 performing expansion, best =    6.6203631844386060E-002
 performing expansion, best =    6.6203631843122709E-002
 performing expansion, best =    6.6203631841346727E-002
 performing expansion, best =    6.6203631839782770E-002
 performing expansion, best =    6.6203631837298271E-002
 performing expansion, best =    6.6203631833793367E-002
 performing expansion, best =    6.6203631830277054E-002
 performing expansion, best =    6.6203631827981946E-002
 performing expansion, best =    6.6203631823722922E-002
 performing expansion, best =    6.6203631817478514E-002
 performing expansion, best =    6.6203631816882602E-002
 performing expansion, best =    6.6203631815966807E-002
 performing expansion, best =    6.6203631810786659E-002
 performing expansion, best =    6.6203631809047092E-002
 performing expansion, best =    6.6203631807265392E-002
 performing expansion, best =    6.6203631801316068E-002
 performing expansion, best =    6.6203631801128537E-002
 performing expansion, best =    6.6203631798768647E-002
 performing expansion, best =    6.6203631792265738E-002
 performing expansion, best =    6.6203631791400486E-002
 performing expansion, best =    6.6203631791298789E-002
 performing expansion, best =    6.6203631786846157E-002
 performing expansion, best =    6.6203631779428979E-002
 performing expansion, best =    6.6203631779003208E-002
 performing expansion, best =    6.6203631772812049E-002
 performing expansion, best =    6.6203631771783303E-002
 performing expansion, best =    6.6203631767913398E-002
 performing expansion, best =    6.6203631761551612E-002
 performing expansion, best =    6.6203631760246628E-002
 performing expansion, best =    6.6203631755541906E-002
 performing expansion, best =    6.6203631747786082E-002
 performing expansion, best =    6.6203631747055292E-002
 performing expansion, best =    6.6203631741902996E-002
 performing expansion, best =    6.6203631740130511E-002
 performing expansion, best =    6.6203631739281135E-002
 performing expansion, best =    6.6203631731690998E-002
 performing expansion, best =    6.6203631730817794E-002
 performing expansion, best =    6.6203631730565815E-002
 performing expansion, best =    6.6203631728933454E-002
 performing expansion, best =    6.6203631724192386E-002
 performing expansion, best =    6.6203631722078687E-002
 performing expansion, best =    6.6203631720966036E-002
 performing expansion, best =    6.6203631719879238E-002
 performing expansion, best =    6.6203631715843897E-002
 performing expansion, best =    6.6203631708954241E-002
 performing expansion, best =    6.6203631703888002E-002
 performing expansion, best =    6.6203631703761645E-002
 performing expansion, best =    6.6203631700814697E-002
 performing expansion, best =    6.6203631699299520E-002
 performing expansion, best =    6.6203631698663015E-002
 performing expansion, best =    6.6203631698644405E-002
 performing expansion, best =    6.6203631698499854E-002
 performing expansion, best =    6.6203631698145027E-002
 performing expansion, best =    6.6203631698086463E-002
 performing expansion, best =    6.6203631696315379E-002
 performing expansion, best =    6.6203631696056975E-002
 performing expansion, best =    6.6203631695918586E-002
 performing expansion, best =    6.6203631694743290E-002
 performing expansion, best =    6.6203631693973156E-002
 performing expansion, best =    6.6203631693257367E-002
 performing expansion, best =    6.6203631693253398E-002
 performing expansion, best =    6.6203631692241180E-002
 performing expansion, best =    6.6203631691169579E-002
 performing expansion, best =    6.6203631688787859E-002
 performing expansion, best =    6.6203631685862172E-002
 performing expansion, best =    6.6203631682308417E-002
 performing expansion, best =    6.6203631678849253E-002
 performing expansion, best =    6.6203631675990346E-002
 performing expansion, best =    6.6203631672733687E-002
 performing expansion, best =    6.6203631668991958E-002
 performing expansion, best =    6.6203631665020357E-002
 performing expansion, best =    6.6203631661488058E-002
 performing expansion, best =    6.6203631657833925E-002
 performing expansion, best =    6.6203631656953019E-002
 performing expansion, best =    6.6203631656761061E-002
 performing expansion, best =    6.6203631654640577E-002
 performing expansion, best =    6.6203631654505504E-002
 performing expansion, best =    6.6203631651145331E-002
 performing expansion, best =    6.6203631650164005E-002
 performing expansion, best =    6.6203631649790443E-002
 performing expansion, best =    6.6203631648123026E-002
 performing expansion, best =    6.6203631645682021E-002
 performing expansion, best =    6.6203631645341335E-002
 performing expansion, best =    6.6203631645281188E-002
 performing expansion, best =    6.6203631643990513E-002
 performing expansion, best =    6.6203631640737212E-002
 performing expansion, best =    6.6203631639993168E-002
 performing expansion, best =    6.6203631636927079E-002
 performing expansion, best =    6.6203631633693222E-002
 performing expansion, best =    6.6203631633409490E-002
 performing expansion, best =    6.6203631629809662E-002
 performing expansion, best =    6.6203631626689144E-002
 performing expansion, best =    6.6203631621695000E-002
 performing expansion, best =    6.6203631616821301E-002
 performing expansion, best =    6.6203631612466382E-002
 performing expansion, best =    6.6203631612297240E-002
 performing expansion, best =    6.6203631611286090E-002
 performing expansion, best =    6.6203631605980098E-002
 performing expansion, best =    6.6203631599928203E-002
 performing expansion, best =    6.6203631594168880E-002
 performing expansion, best =    6.6203631592908346E-002
 performing expansion, best =    6.6203631590522768E-002
 performing expansion, best =    6.6203631590112985E-002
 performing expansion, best =    6.6203631583028735E-002
 performing expansion, best =    6.6203631582778116E-002
 performing expansion, best =    6.6203631581888495E-002
 performing expansion, best =    6.6203631580154756E-002
 performing expansion, best =    6.6203631579134989E-002
 performing expansion, best =    6.6203631571661231E-002
 performing expansion, best =    6.6203631562797099E-002
 performing expansion, best =    6.6203631561864276E-002
 performing expansion, best =    6.6203631560262710E-002
 performing expansion, best =    6.6203631550820569E-002
 performing expansion, best =    6.6203631544029862E-002
 performing expansion, best =    6.6203631544013264E-002
 performing expansion, best =    6.6203631536108559E-002
 performing expansion, best =    6.6203631526878276E-002
 performing expansion, best =    6.6203631524174120E-002
 performing expansion, best =    6.6203631517193037E-002
 performing expansion, best =    6.6203631516912886E-002
 performing expansion, best =    6.6203631511362132E-002
 performing expansion, best =    6.6203631511341191E-002
 performing expansion, best =    6.6203631510357810E-002
 performing expansion, best =    6.6203631506982802E-002
 performing expansion, best =    6.6203631505954402E-002
 performing expansion, best =    6.6203631504066218E-002
 performing expansion, best =    6.6203631500793336E-002
 performing expansion, best =    6.6203631500613869E-002
 performing expansion, best =    6.6203631499589563E-002
 performing expansion, best =    6.6203631498745516E-002
 performing expansion, best =    6.6203631498730778E-002
 performing expansion, best =    6.6203631496638396E-002
 performing expansion, best =    6.6203631496148080E-002
 performing expansion, best =    6.6203631495085943E-002
 performing expansion, best =    6.6203631493860118E-002
 performing expansion, best =    6.6203631493636811E-002
 performing expansion, best =    6.6203631492423934E-002
 performing expansion, best =    6.6203631491058026E-002
 performing expansion, best =    6.6203631489004156E-002
 performing expansion, best =    6.6203631487516498E-002
 performing expansion, best =    6.6203631485289613E-002
 performing expansion, best =    6.6203631483804287E-002
 performing expansion, best =    6.6203631483263262E-002
 performing expansion, best =    6.6203631482393221E-002
 performing expansion, best =    6.6203631481576902E-002
 performing expansion, best =    6.6203631480807643E-002
 performing expansion, best =    6.6203631479948871E-002
 performing expansion, best =    6.6203631479135022E-002
 performing expansion, best =    6.6203631478794600E-002
 performing expansion, best =    6.6203631476927496E-002
 performing expansion, best =    6.6203631474584121E-002
 performing expansion, best =    6.6203631471750249E-002
 performing expansion, best =    6.6203631470880361E-002
 performing expansion, best =    6.6203631468461435E-002
 performing expansion, best =    6.6203631467552149E-002
 performing expansion, best =    6.6203631467197793E-002
 performing expansion, best =    6.6203631462306733E-002
 performing expansion, best =    6.6203631457933551E-002
 performing expansion, best =    6.6203631453177106E-002
 performing expansion, best =    6.6203631452603551E-002
 performing expansion, best =    6.6203631452380923E-002
 performing expansion, best =    6.6203631451514366E-002
 performing expansion, best =    6.6203631449876385E-002
 performing expansion, best =    6.6203631447418157E-002
 performing expansion, best =    6.6203631440484578E-002
 performing expansion, best =    6.6203631438883692E-002
 performing expansion, best =    6.6203631434813059E-002
 performing expansion, best =    6.6203631433911059E-002
 performing expansion, best =    6.6203631432853252E-002
 performing expansion, best =    6.6203631429480728E-002
 performing expansion, best =    6.6203631428567097E-002
 performing expansion, best =    6.6203631428411555E-002
 performing expansion, best =    6.6203631425340387E-002
 performing expansion, best =    6.6203631424980508E-002
 performing expansion, best =    6.6203631424619977E-002
 performing expansion, best =    6.6203631423718115E-002
 performing expansion, best =    6.6203631422789733E-002
 performing expansion, best =    6.6203631422685733E-002
 performing expansion, best =    6.6203631421745734E-002
 performing expansion, best =    6.6203631421591122E-002
 performing expansion, best =    6.6203631421054426E-002
 performing expansion, best =    6.6203631420239689E-002
 performing expansion, best =    6.6203631419967018E-002
 performing expansion, best =    6.6203631419565298E-002
 performing expansion, best =    6.6203631418734296E-002
 performing expansion, best =    6.6203631416341502E-002
 performing expansion, best =    6.6203631413958255E-002
 performing expansion, best =    6.6203631410470296E-002
 performing expansion, best =    6.6203631406406074E-002
 performing expansion, best =    6.6203631403266516E-002
 performing expansion, best =    6.6203631402865726E-002
 performing expansion, best =    6.6203631402500365E-002
 performing expansion, best =    6.6203631402095398E-002
 performing expansion, best =    6.6203631401315161E-002
 performing expansion, best =    6.6203631399134655E-002
 performing expansion, best =    6.6203631398900190E-002
 performing expansion, best =    6.6203631396721890E-002
 performing expansion, best =    6.6203631396418855E-002
 performing expansion, best =    6.6203631394411031E-002
 performing expansion, best =    6.6203631391397511E-002
 performing expansion, best =    6.6203631391158507E-002
 performing expansion, best =    6.6203631388593837E-002
 performing expansion, best =    6.6203631386825224E-002
 performing expansion, best =    6.6203631386519454E-002
 performing expansion, best =    6.6203631385768610E-002
 performing expansion, best =    6.6203631385583925E-002
 performing expansion, best =    6.6203631383619801E-002
 performing expansion, best =    6.6203631381583694E-002
 performing expansion, best =    6.6203631379207983E-002
 performing expansion, best =    6.6203631375746252E-002
 performing expansion, best =    6.6203631375597816E-002
 performing expansion, best =    6.6203631373478233E-002
 performing expansion, best =    6.6203631370880200E-002
 performing expansion, best =    6.6203631370640642E-002
 performing expansion, best =    6.6203631370171753E-002
 performing expansion, best =    6.6203631369739405E-002
 performing expansion, best =    6.6203631369220084E-002
 performing expansion, best =    6.6203631367408575E-002
 performing expansion, best =    6.6203631366253388E-002
 performing expansion, best =    6.6203631365886015E-002
 performing expansion, best =    6.6203631365650828E-002
 performing expansion, best =    6.6203631364358445E-002
 performing expansion, best =    6.6203631364343554E-002
 performing expansion, best =    6.6203631364043308E-002
 performing expansion, best =    6.6203631363177251E-002
 performing expansion, best =    6.6203631361738083E-002
 performing expansion, best =    6.6203631360126775E-002
 performing expansion, best =    6.6203631360028145E-002
 performing expansion, best =    6.6203631359007947E-002
 performing expansion, best =    6.6203631358615039E-002
 performing expansion, best =    6.6203631356837558E-002
 performing expansion, best =    6.6203631354869022E-002
 performing expansion, best =    6.6203631352475950E-002
 performing expansion, best =    6.6203631352185530E-002
 performing expansion, best =    6.6203631351850686E-002
 performing expansion, best =    6.6203631349765160E-002
 performing expansion, best =    6.6203631349343720E-002
 performing expansion, best =    6.6203631348911787E-002
 performing expansion, best =    6.6203631348736677E-002
 performing expansion, best =    6.6203631347278163E-002
 performing expansion, best =    6.6203631346327299E-002
 performing expansion, best =    6.6203631346223521E-002
 performing expansion, best =    6.6203631345870720E-002
 performing expansion, best =    6.6203631344736405E-002
 performing expansion, best =    6.6203631344502245E-002
 performing expansion, best =    6.6203631343850822E-002
 performing expansion, best =    6.6203631343660668E-002
 performing expansion, best =    6.6203631342759611E-002
 performing expansion, best =    6.6203631341851935E-002
 performing expansion, best =    6.6203631341828273E-002
 performing expansion, best =    6.6203631341097316E-002
 performing expansion, best =    6.6203631340853636E-002
 performing expansion, best =    6.6203631339961766E-002
 performing expansion, best =    6.6203631339614141E-002
 performing expansion, best =    6.6203631338326935E-002
 performing expansion, best =    6.6203631338158347E-002
 performing expansion, best =    6.6203631337081542E-002
 performing expansion, best =    6.6203631335823604E-002
 performing expansion, best =    6.6203631334375318E-002
 performing expansion, best =    6.6203631334167110E-002
 performing expansion, best =    6.6203631333787705E-002
 performing expansion, best =    6.6203631333772467E-002
 performing expansion, best =    6.6203631332497917E-002
 performing expansion, best =    6.6203631331976195E-002
 performing expansion, best =    6.6203631331939544E-002
 performing expansion, best =    6.6203631331770402E-002
 performing expansion, best =    6.6203631331468421E-002
 performing expansion, best =    6.6203631331284873E-002
 performing expansion, best =    6.6203631331093443E-002
 performing expansion, best =    6.6203631330979062E-002
Exiting simplex optimization after  8529 iterations
RMSE         6.620363133E-02 Hartree
NEW BEST!
Best found solution for 5 charges:
        RMSE         4.154337449E+01 kcal/mol
         MAE         4.075819978E+01 kcal/mol
     max. AE         6.860668467E+01 kcal/mol

       x[bohr]       y[bohr]       z[bohr]          q[e]
    -0.0252255     0.9809065    -0.0000244    -0.4801263
     0.6713891    -0.8835920    -0.0000349     0.0567963
    -0.5657224     0.4460952     0.6981651     0.0232439
    -0.2012986    -0.0912600    -0.5708439     0.0286588
    -0.7055977    -0.6573238    -0.0000409     0.0449996

