Running in fitting mode

Reading "/data/boittier/gaussian_scans/butadiene/scan_extract_0.xyz.chk.fchk.pot.cube"...

  opt Potential
  Electrostatic potential from Total SCF Density
   10   -8.606892   -9.296586   -6.512752
   85    0.203727    0.000000    0.000000
   92    0.000000    0.203727    0.000000
   65    0.000000    0.000000    0.203727
    6    6.000000    2.094140    2.783833    0.000000
    6    6.000000    0.000000    1.372509    0.000000
    6    6.000000    0.000000   -1.372508    0.000000
    6    6.000000   -2.094140   -2.783833    0.000000
    1    1.000000    2.009811    4.824243    0.000000
    1    1.000000    3.951380    1.924660    0.000000
    1    1.000000   -1.835514    2.288467    0.000000
    1    1.000000    1.835514   -2.288466    0.000000
    1    1.000000   -3.951380   -1.924661    0.000000
    1    1.000000   -2.009810   -4.824243    0.000000
  2.26511E-03  2.29910E-03  2.31955E-03  2.32611E-03  2.31866E-03  2.29733E-03
       .            .            .            .            .            .
       .            .            .            .            .            .
       .            .            .            .            .            .
  2.29269E-03  2.29923E-03  2.29180E-03  2.27053E-03  2.23580E-03  2.18822E-03

229538 out of 508300 gridpoints are considered ( 45.2%).

...done!




 Refining solution from file/home/boittier/MDCM-1/examples/butadiene/5-combine-frags/20-combined.xyz
 Contains     20 charges
      Initial RMSE =         5.844908461E-01 kcal/mol
Running DE in parallel with 4 thread(s)!


User requested refinement using simplex algorithm (no DE)

 performing expansion, best =    9.3005574583999561E-004
 performing expansion, best =    9.2875353723219118E-004
 performing expansion, best =    9.2795405912880985E-004
 performing expansion, best =    9.2784196565014632E-004
 performing expansion, best =    9.2767846144441602E-004
 performing expansion, best =    9.2740022729989320E-004
 performing expansion, best =    9.2678549002161927E-004
 performing expansion, best =    9.2526264940101955E-004
 performing expansion, best =    9.2447104509048783E-004
 performing expansion, best =    9.2207757260789869E-004
 performing expansion, best =    9.2057684201302559E-004
 performing expansion, best =    9.2057637556337726E-004
 performing expansion, best =    9.2040883779861504E-004
 performing expansion, best =    9.1980396314532658E-004
 performing expansion, best =    9.1939363954216002E-004
 performing expansion, best =    9.1914388392767398E-004
 performing expansion, best =    9.1904394341845005E-004
 performing expansion, best =    9.1892923247054409E-004
 performing expansion, best =    9.1890576519607114E-004
 performing expansion, best =    9.1888933444035062E-004
 performing expansion, best =    9.1871480446187239E-004
 performing expansion, best =    9.1860077413193227E-004
 performing expansion, best =    9.1853127528159352E-004
 performing expansion, best =    9.1853122530506843E-004
 performing expansion, best =    9.1837890180945607E-004
 performing expansion, best =    9.1834751138528852E-004
 performing expansion, best =    9.1833561450369949E-004
 performing expansion, best =    9.1828505698973771E-004
 performing expansion, best =    9.1819379290499371E-004
 performing expansion, best =    9.1817484731592576E-004
 performing expansion, best =    9.1812867031064221E-004
 performing expansion, best =    9.1807613769243751E-004
 performing expansion, best =    9.1796221780598476E-004
 performing expansion, best =    9.1794081359355842E-004
 performing expansion, best =    9.1792073919456886E-004
 performing expansion, best =    9.1786000970652676E-004
 performing expansion, best =    9.1780416175402265E-004
 performing expansion, best =    9.1775225552184238E-004
 performing expansion, best =    9.1771826264644082E-004
 performing expansion, best =    9.1762459784282594E-004
 performing expansion, best =    9.1761392046253644E-004
 performing expansion, best =    9.1758122654367683E-004
 performing expansion, best =    9.1755703289833970E-004
 performing expansion, best =    9.1752197356750615E-004
 performing expansion, best =    9.1751880066656092E-004
 performing expansion, best =    9.1745921372891220E-004
 performing expansion, best =    9.1743480426985098E-004
 performing expansion, best =    9.1743343601545025E-004
 performing expansion, best =    9.1735353984782441E-004
 performing expansion, best =    9.1733502396875951E-004
 performing expansion, best =    9.1707789126646718E-004
 performing expansion, best =    9.1707424674863057E-004
 performing expansion, best =    9.1706422378614412E-004
 performing expansion, best =    9.1697397312059264E-004
 performing expansion, best =    9.1696369845627743E-004
 performing expansion, best =    9.1693778024799267E-004
 performing expansion, best =    9.1693276282535656E-004
 performing expansion, best =    9.1691295944164156E-004
 performing expansion, best =    9.1687538905374532E-004
 performing expansion, best =    9.1684709388148162E-004
 performing expansion, best =    9.1681479724461728E-004
 performing expansion, best =    9.1678233433073583E-004
 performing expansion, best =    9.1677175460544349E-004
 performing expansion, best =    9.1674585898733217E-004
 performing expansion, best =    9.1673316976592764E-004
 performing expansion, best =    9.1671357223322943E-004
 performing expansion, best =    9.1669461205648461E-004
 performing expansion, best =    9.1668225428883103E-004
 performing expansion, best =    9.1664881660744307E-004
 performing expansion, best =    9.1657851503780887E-004
 performing expansion, best =    9.1656512328518690E-004
 performing expansion, best =    9.1654433320368853E-004
 performing expansion, best =    9.1654058518417345E-004
 performing expansion, best =    9.1649549758555124E-004
 performing expansion, best =    9.1648658903945685E-004
 performing expansion, best =    9.1648377667903050E-004
 performing expansion, best =    9.1639010492460047E-004
 performing expansion, best =    9.1637119808806648E-004
 performing expansion, best =    9.1635502981249751E-004
 performing expansion, best =    9.1634448488128815E-004
 performing expansion, best =    9.1632328549952054E-004
 performing expansion, best =    9.1630771082834529E-004
 performing expansion, best =    9.1628531509252670E-004
 performing expansion, best =    9.1616957328713423E-004
 performing expansion, best =    9.1616521737301101E-004
 performing expansion, best =    9.1609536453280836E-004
 performing expansion, best =    9.1607993276397227E-004
 performing expansion, best =    9.1599234593853739E-004
 performing expansion, best =    9.1598601008936308E-004
 performing expansion, best =    9.1598429404572224E-004
 performing expansion, best =    9.1597838165214285E-004
 performing expansion, best =    9.1591146096693069E-004
 performing expansion, best =    9.1589729465912874E-004
 performing expansion, best =    9.1578133789152146E-004
 performing expansion, best =    9.1577881881602368E-004
 performing expansion, best =    9.1571883476313214E-004
 performing expansion, best =    9.1566108022290418E-004
 performing expansion, best =    9.1565136665270317E-004
 performing expansion, best =    9.1564486756528065E-004
 performing expansion, best =    9.1557897206440326E-004
 performing expansion, best =    9.1556947797376514E-004
 performing expansion, best =    9.1547199261585773E-004
 performing expansion, best =    9.1535908085803633E-004
 performing expansion, best =    9.1529318266101920E-004
 performing expansion, best =    9.1521290164913404E-004
 performing expansion, best =    9.1513890581417553E-004
 performing expansion, best =    9.1513480307722479E-004
 performing expansion, best =    9.1512895615640294E-004
 performing expansion, best =    9.1512170261616053E-004
 performing expansion, best =    9.1510718041068462E-004
 performing expansion, best =    9.1503907856681590E-004
 performing expansion, best =    9.1503858527765020E-004
 performing expansion, best =    9.1503343063815750E-004
 performing expansion, best =    9.1503092116567428E-004
 performing expansion, best =    9.1501952861439248E-004
 performing expansion, best =    9.1498180462809000E-004
 performing expansion, best =    9.1497979124317418E-004
 performing expansion, best =    9.1497900748323800E-004
 performing expansion, best =    9.1497879433060400E-004
 performing expansion, best =    9.1497799233917489E-004
 performing expansion, best =    9.1496309272124233E-004
 performing expansion, best =    9.1496216429306750E-004
 performing expansion, best =    9.1495969353731245E-004
 performing expansion, best =    9.1495944250427239E-004
 performing expansion, best =    9.1495863073344985E-004
 performing expansion, best =    9.1494428251415985E-004
 performing expansion, best =    9.1493195886768058E-004
 performing expansion, best =    9.1492052827240385E-004
 performing expansion, best =    9.1492017482110405E-004
 performing expansion, best =    9.1490974671570835E-004
 performing expansion, best =    9.1489693882773236E-004
 performing expansion, best =    9.1489573066525995E-004
 performing expansion, best =    9.1489517696616740E-004
 performing expansion, best =    9.1488247567016797E-004
 performing expansion, best =    9.1488239088898828E-004
 performing expansion, best =    9.1487037923984084E-004
 performing expansion, best =    9.1485703085834934E-004
 performing expansion, best =    9.1484531965853387E-004
 performing expansion, best =    9.1483366512492951E-004
 performing expansion, best =    9.1483289155671157E-004
 performing expansion, best =    9.1482102559521476E-004
 performing expansion, best =    9.1480706230645569E-004
 performing expansion, best =    9.1479629146938167E-004
 performing expansion, best =    9.1478151615816095E-004
 performing expansion, best =    9.1478141108303690E-004
 performing expansion, best =    9.1476873856590043E-004
 performing expansion, best =    9.1475581557409042E-004
 performing expansion, best =    9.1474273919212154E-004
 performing expansion, best =    9.1474087859887891E-004
 performing expansion, best =    9.1473945248933184E-004
 performing expansion, best =    9.1473878038358242E-004
 performing expansion, best =    9.1472458159055328E-004
 performing expansion, best =    9.1471286284598306E-004
 performing expansion, best =    9.1471278857967414E-004
 performing expansion, best =    9.1470161644529864E-004
 performing expansion, best =    9.1469192000429305E-004
 performing expansion, best =    9.1468147085812244E-004
 performing expansion, best =    9.1467301662707837E-004
 performing expansion, best =    9.1467031251622202E-004
 performing expansion, best =    9.1467031007021735E-004
 performing expansion, best =    9.1466945704710026E-004
 performing expansion, best =    9.1466917769104526E-004
 performing expansion, best =    9.1465924415540527E-004
 performing expansion, best =    9.1465020750948294E-004
 performing expansion, best =    9.1464946717644783E-004
 performing expansion, best =    9.1464836167221930E-004
 performing expansion, best =    9.1464813568484021E-004
 performing expansion, best =    9.1464091226092716E-004
 performing expansion, best =    9.1464079385636615E-004
 performing expansion, best =    9.1463882676318434E-004
 performing expansion, best =    9.1463865589781583E-004
 performing expansion, best =    9.1463214944759879E-004
 performing expansion, best =    9.1463176605498394E-004
 performing expansion, best =    9.1463068310795436E-004
 performing expansion, best =    9.1462993267930925E-004
 performing expansion, best =    9.1462970798277844E-004
 performing expansion, best =    9.1462805098645585E-004
 performing expansion, best =    9.1462676319200372E-004
 performing expansion, best =    9.1462549314667949E-004
 performing expansion, best =    9.1461835315140446E-004
 performing expansion, best =    9.1461759196471168E-004
 performing expansion, best =    9.1461265313073459E-004
 performing expansion, best =    9.1461179166409264E-004
 performing expansion, best =    9.1460655921231631E-004
 performing expansion, best =    9.1460201598206998E-004
 performing expansion, best =    9.1460120583176777E-004
 performing expansion, best =    9.1460089798536977E-004
 performing expansion, best =    9.1460072037978448E-004
 performing expansion, best =    9.1459779621545193E-004
 performing expansion, best =    9.1459754147746829E-004
 performing expansion, best =    9.1459292797133247E-004
 performing expansion, best =    9.1459245761584354E-004
 performing expansion, best =    9.1459204738553461E-004
 performing expansion, best =    9.1459162698226556E-004
 performing expansion, best =    9.1458879781160783E-004
 performing expansion, best =    9.1458392368891448E-004
 performing expansion, best =    9.1458372323214188E-004
 performing expansion, best =    9.1458350744888972E-004
 performing expansion, best =    9.1458328258772086E-004
 performing expansion, best =    9.1457888002702910E-004
 performing expansion, best =    9.1457430730971471E-004
 performing expansion, best =    9.1457155471965550E-004
 performing expansion, best =    9.1456713659968840E-004
 performing expansion, best =    9.1456690309688526E-004
 performing expansion, best =    9.1456678983179026E-004
 performing expansion, best =    9.1456337574658193E-004
 performing expansion, best =    9.1455870806178140E-004
 performing expansion, best =    9.1455438716969966E-004
 performing expansion, best =    9.1454957129656481E-004
 performing expansion, best =    9.1454908677309540E-004
 performing expansion, best =    9.1454814975500066E-004
 performing expansion, best =    9.1454316925134577E-004
 performing expansion, best =    9.1453902685014745E-004
 performing expansion, best =    9.1453257676535988E-004
 performing expansion, best =    9.1452621689868958E-004
 performing expansion, best =    9.1452077760417630E-004
 performing expansion, best =    9.1451439548833398E-004
 performing expansion, best =    9.1450811804893843E-004
 performing expansion, best =    9.1450241681569945E-004
 performing expansion, best =    9.1449613757326929E-004
 performing expansion, best =    9.1449073288022082E-004
 performing expansion, best =    9.1448270868217294E-004
 performing expansion, best =    9.1447529442466443E-004
 performing expansion, best =    9.1446734548644639E-004
 performing expansion, best =    9.1445960898699154E-004
 performing expansion, best =    9.1445189137919077E-004
 performing expansion, best =    9.1444304987802285E-004
 performing expansion, best =    9.1443505394627421E-004
 performing expansion, best =    9.1442635910171730E-004
 performing expansion, best =    9.1441948179575539E-004
 performing expansion, best =    9.1441074149090052E-004
 performing expansion, best =    9.1440195877765754E-004
 performing expansion, best =    9.1439275601543156E-004
 performing expansion, best =    9.1438137899915804E-004
 performing expansion, best =    9.1437140439780298E-004
 performing expansion, best =    9.1436087007760048E-004
 performing expansion, best =    9.1435072021925205E-004
 performing expansion, best =    9.1434045428929675E-004
 performing expansion, best =    9.1432889875647783E-004
 performing expansion, best =    9.1431965466642841E-004
 performing expansion, best =    9.1431023261234333E-004
 performing expansion, best =    9.1430784213499460E-004
 performing expansion, best =    9.1429552842880264E-004
 performing expansion, best =    9.1429488567393595E-004
 performing expansion, best =    9.1428582990338162E-004
 performing expansion, best =    9.1428558583040440E-004
 performing expansion, best =    9.1427650109593027E-004
 performing expansion, best =    9.1427587664359472E-004
 performing expansion, best =    9.1426930752279813E-004
 performing expansion, best =    9.1426187515442840E-004
 performing expansion, best =    9.1425647645103337E-004
 performing expansion, best =    9.1424860451466250E-004
 performing expansion, best =    9.1424785541586746E-004
 performing expansion, best =    9.1423909065533758E-004
 performing expansion, best =    9.1423331291835212E-004
 performing expansion, best =    9.1423272255105941E-004
 performing expansion, best =    9.1422597508291541E-004
 performing expansion, best =    9.1422580624295744E-004
 performing expansion, best =    9.1421754250010608E-004
 performing expansion, best =    9.1421732089053110E-004
 performing expansion, best =    9.1421110137885871E-004
 performing expansion, best =    9.1421097228298344E-004
 performing expansion, best =    9.1420975608935478E-004
 performing expansion, best =    9.1420307532812182E-004
 performing expansion, best =    9.1419552068737508E-004
 performing expansion, best =    9.1419504797458668E-004
 performing expansion, best =    9.1419426498844168E-004
 performing expansion, best =    9.1419376523242289E-004
 performing expansion, best =    9.1418730573508146E-004
 performing expansion, best =    9.1418673880359501E-004
 performing expansion, best =    9.1418659940652430E-004
 performing expansion, best =    9.1418574943667350E-004
 performing expansion, best =    9.1418468164862444E-004
 performing expansion, best =    9.1417676417312576E-004
 performing expansion, best =    9.1417511607022356E-004
 performing expansion, best =    9.1416648108040902E-004
 performing expansion, best =    9.1415766358847212E-004
 performing expansion, best =    9.1415119971720077E-004
 performing expansion, best =    9.1414187645980842E-004
 performing expansion, best =    9.1414047710608340E-004
 performing expansion, best =    9.1413247378830211E-004
 performing expansion, best =    9.1412533739859898E-004
 performing expansion, best =    9.1411596919865911E-004
 performing expansion, best =    9.1410483202390323E-004
 performing expansion, best =    9.1409439023023610E-004
 performing expansion, best =    9.1408318200892865E-004
 performing expansion, best =    9.1407243477933389E-004
 performing expansion, best =    9.1406086449957074E-004
 performing expansion, best =    9.1404826677012475E-004
 performing expansion, best =    9.1403289758552940E-004
 performing expansion, best =    9.1401951596308873E-004
 performing expansion, best =    9.1400751191829811E-004
 performing expansion, best =    9.1399316224079652E-004
 performing expansion, best =    9.1397926163775973E-004
 performing expansion, best =    9.1396470799127018E-004
 performing expansion, best =    9.1395104270935838E-004
 performing expansion, best =    9.1393328160437330E-004
 performing expansion, best =    9.1391844721823380E-004
 performing expansion, best =    9.1390071066517671E-004
 performing expansion, best =    9.1388332571195414E-004
 performing expansion, best =    9.1386425321973307E-004
 performing expansion, best =    9.1384855031899598E-004
 performing expansion, best =    9.1383129472415896E-004
 performing expansion, best =    9.1381417714394327E-004
 performing expansion, best =    9.1379507091549756E-004
 performing expansion, best =    9.1377695504674030E-004
 performing expansion, best =    9.1375751200862112E-004
 performing expansion, best =    9.1373953347314749E-004
 performing expansion, best =    9.1373782623729220E-004
 performing expansion, best =    9.1372166335403711E-004
 performing expansion, best =    9.1371986784600427E-004
 performing expansion, best =    9.1371979350152069E-004
 performing expansion, best =    9.1371761360113321E-004
 performing expansion, best =    9.1371664035526737E-004
 performing expansion, best =    9.1371582865477300E-004
 performing expansion, best =    9.1371430884568344E-004
 performing expansion, best =    9.1371306607566656E-004
 performing expansion, best =    9.1371290392880421E-004
 performing expansion, best =    9.1371237085707759E-004
 performing expansion, best =    9.1371161244829368E-004
 performing expansion, best =    9.1371143002124788E-004
 performing expansion, best =    9.1370250437636539E-004
 performing expansion, best =    9.1370209394198479E-004
 performing expansion, best =    9.1370193405109596E-004
 performing expansion, best =    9.1370100018917598E-004
 performing expansion, best =    9.1370030067873314E-004
 performing expansion, best =    9.1369958100416049E-004
 performing expansion, best =    9.1369950174267672E-004
 performing expansion, best =    9.1369891149422873E-004
 performing expansion, best =    9.1369834300454697E-004
 performing expansion, best =    9.1369815914676088E-004
 performing expansion, best =    9.1369720810163758E-004
 performing expansion, best =    9.1369705695850095E-004
 performing expansion, best =    9.1369570979949399E-004
 performing expansion, best =    9.1369547593551763E-004
 performing expansion, best =    9.1369494204893045E-004
 performing expansion, best =    9.1369402811091350E-004
 performing expansion, best =    9.1368855498785305E-004
 performing expansion, best =    9.1368751713808750E-004
 performing expansion, best =    9.1368741910415540E-004
 performing expansion, best =    9.1368343520594397E-004
 performing expansion, best =    9.1368312933768226E-004
 performing expansion, best =    9.1368307387756172E-004
 performing expansion, best =    9.1367906504863090E-004
 performing expansion, best =    9.1367427386621221E-004
 performing expansion, best =    9.1366918652063258E-004
 performing expansion, best =    9.1366837834272712E-004
 performing expansion, best =    9.1366318166091764E-004
 performing expansion, best =    9.1365757966665648E-004
 performing expansion, best =    9.1365273691043820E-004
 performing expansion, best =    9.1364677644141632E-004
 performing expansion, best =    9.1364662092453884E-004
 performing expansion, best =    9.1364655117619697E-004
 performing expansion, best =    9.1364641680609089E-004
 performing expansion, best =    9.1364193861535469E-004
 performing expansion, best =    9.1363572858106971E-004
 performing expansion, best =    9.1362940902423668E-004
 performing expansion, best =    9.1362874538977116E-004
 performing expansion, best =    9.1362267626945103E-004
 performing expansion, best =    9.1361717303667790E-004
 performing expansion, best =    9.1361171054667688E-004
 performing expansion, best =    9.1361156320959012E-004
 performing expansion, best =    9.1360682475689241E-004
 performing expansion, best =    9.1360635134855341E-004
 performing expansion, best =    9.1360052067277733E-004
 performing expansion, best =    9.1360011593949095E-004
 performing expansion, best =    9.1359456378579669E-004
 performing expansion, best =    9.1359449800761799E-004
 performing expansion, best =    9.1358941090146999E-004
 performing expansion, best =    9.1358889331895777E-004
 performing expansion, best =    9.1358308828610600E-004
 performing expansion, best =    9.1357710123382845E-004
Exiting simplex optimization after 10001 iterations
RMSE         9.135715544E-04 Hartree
NEW BEST!
Best found solution for 20 charges:
        RMSE         5.732743725E-01 kcal/mol
         MAE         3.243669119E-01 kcal/mol
     max. AE         5.023467442E+00 kcal/mol

       x[bohr]       y[bohr]       z[bohr]          q[e]
     0.0457179     1.0649436     0.0000079    -0.0251256
     0.9343099     0.8595016    -0.0000033     0.3802673
     1.2830134     2.1270223    -0.1782599    -0.5041123
     1.6620273     3.2787284     0.1709452    -0.7485940
     1.6459907     3.7520261     0.0567082     0.9710324
     1.6999990     1.9946843    -0.5619744     0.1185472
     1.5948898     2.7527259    -0.1406256    -0.4526377
     3.8316510     1.7731622     0.0128610     0.1755570
    -0.8368256     0.7613421    -0.2608275     0.0269261
    -1.7818161     2.8276961    -0.0835952     0.1042039
    -1.5837540    -2.0993763    -0.6414559    -0.6892662
    -1.7600568    -3.7126695     0.1874292    -0.0789369
    -1.6062773    -2.0536194     0.5815565    -0.6839126
    -1.7565771    -1.7879838    -0.0230886     0.9999176
     2.2594852    -2.8118576    -0.1677686     0.0425998
     2.1937105    -2.8084048     0.1679975     0.0291202
    -4.6414380    -1.6803772     0.1884180     0.0512458
    -2.0678655    -1.8302030    -0.1258430     0.0653695
    -1.6757838    -4.6616366    -0.3515567     0.4331873
    -1.6790336    -4.8011171    -0.6792682    -0.2153890

