Running in fitting mode

Reading "/data/boittier/energies/h2o_geom.xyz.dir/h2o_1.chk.fchk.potential.cube"...

  h2o Potential=SCF
  Electrostatic potential from Total SCF Density
    3   -4.970736   -4.748413   -4.970736
   80    0.125841    0.000000    0.000000
   80    0.000000    0.125841    0.000000
   80    0.000000    0.000000    0.125841
    8    8.000000    0.000000    0.222323    0.000000
    1    1.000000    1.427171   -0.896400    0.000000
    1    1.000000   -1.427171   -0.882184    0.000000
  1.66698E-02  1.67288E-02  1.67584E-02  1.67584E-02  1.67288E-02  1.66698E-02
       .            .            .            .            .            .
       .            .            .            .            .            .
       .            .            .            .            .            .
 -9.18626E-03 -9.18159E-03 -9.17225E-03 -9.15823E-03 -9.13952E-03 -9.11609E-03

338246 out of 512000 gridpoints are considered ( 66.1%).

...done!




 Refining solution from file/home/boittier/MDCM-1/examples/water/5-combine-frags/10-combined.xyz
 Contains     10 charges
      Initial RMSE =         4.292242335E+01 kcal/mol
Running DE in parallel with 4 thread(s)!


User requested refinement using simplex algorithm (no DE)

 performing expansion, best =    6.7224499959532877E-002
 performing expansion, best =    6.7055801034131779E-002
 performing expansion, best =    6.6681706971162574E-002
 performing expansion, best =    6.6680519710807878E-002
 performing expansion, best =    6.6502430346305250E-002
 performing expansion, best =    6.6355920294700416E-002
 performing expansion, best =    6.6344134781722811E-002
 performing expansion, best =    6.6258398174438668E-002
 performing expansion, best =    6.6106410706182991E-002
 performing expansion, best =    6.6051971690923444E-002
 performing expansion, best =    6.6021529726896275E-002
 performing expansion, best =    6.6018809523557431E-002
 performing expansion, best =    6.6009670011454108E-002
 performing expansion, best =    6.6008228986623549E-002
 performing expansion, best =    6.6001651429222846E-002
 performing expansion, best =    6.5996581917503766E-002
 performing expansion, best =    6.5991664077026294E-002
 performing expansion, best =    6.5981462026269824E-002
 performing expansion, best =    6.5975561774615124E-002
 performing expansion, best =    6.5968778797320465E-002
 performing expansion, best =    6.5959546831982810E-002
 performing expansion, best =    6.5958943041178067E-002
 performing expansion, best =    6.5954146434929167E-002
 performing expansion, best =    6.5948029762053786E-002
 performing expansion, best =    6.5944833014635870E-002
 performing expansion, best =    6.5943388295287453E-002
 performing expansion, best =    6.5942129339195840E-002
 performing expansion, best =    6.5938089594715366E-002
 performing expansion, best =    6.5931752255647805E-002
 performing expansion, best =    6.5923340797682514E-002
 performing expansion, best =    6.5919967368619520E-002
 performing expansion, best =    6.5918716530317611E-002
 performing expansion, best =    6.5917046470845939E-002
 performing expansion, best =    6.5916389651121940E-002
 performing expansion, best =    6.5914079888738403E-002
 performing expansion, best =    6.5909316446183697E-002
 performing expansion, best =    6.5904073934278509E-002
 performing expansion, best =    6.5903598881563469E-002
 performing expansion, best =    6.5898969301177127E-002
 performing expansion, best =    6.5897099561770603E-002
 performing expansion, best =    6.5892957291242352E-002
 performing expansion, best =    6.5890332282473985E-002
 performing expansion, best =    6.5887080638978399E-002
 performing expansion, best =    6.5884146459555107E-002
 performing expansion, best =    6.5874777240094093E-002
 performing expansion, best =    6.5871795467767211E-002
 performing expansion, best =    6.5870422838759921E-002
 performing expansion, best =    6.5867249047531995E-002
 performing expansion, best =    6.5865411301127608E-002
 performing expansion, best =    6.5860624079385602E-002
 performing expansion, best =    6.5858865567549135E-002
 performing expansion, best =    6.5857792223418393E-002
 performing expansion, best =    6.5856603143818179E-002
 performing expansion, best =    6.5855675959970203E-002
 performing expansion, best =    6.5852788717546351E-002
 performing expansion, best =    6.5851534702213194E-002
 performing expansion, best =    6.5851350020483257E-002
 performing expansion, best =    6.5850737496306974E-002
 performing expansion, best =    6.5849569481167866E-002
 performing expansion, best =    6.5848479013447633E-002
 performing expansion, best =    6.5848264833982803E-002
 performing expansion, best =    6.5847317248667436E-002
 performing expansion, best =    6.5846206684019595E-002
 performing expansion, best =    6.5845564355629965E-002
 performing expansion, best =    6.5845009108113750E-002
 performing expansion, best =    6.5844646583485544E-002
 performing expansion, best =    6.5844266755955685E-002
 performing expansion, best =    6.5841705977491338E-002
 performing expansion, best =    6.5841495510375395E-002
 performing expansion, best =    6.5841093460323435E-002
 performing expansion, best =    6.5838403023134942E-002
 performing expansion, best =    6.5838390478759196E-002
 performing expansion, best =    6.5837897018902178E-002
 performing expansion, best =    6.5835833165459920E-002
 performing expansion, best =    6.5835668009048706E-002
 performing expansion, best =    6.5835529289870354E-002
 performing expansion, best =    6.5835199585561138E-002
 performing expansion, best =    6.5835082600142814E-002
 performing expansion, best =    6.5835039891968108E-002
 performing expansion, best =    6.5834879394665050E-002
 performing expansion, best =    6.5834809320186455E-002
 performing expansion, best =    6.5834687797082223E-002
 performing expansion, best =    6.5834422553092881E-002
 performing expansion, best =    6.5833441736069004E-002
 performing expansion, best =    6.5832336379695100E-002
 performing expansion, best =    6.5831362930319881E-002
 performing expansion, best =    6.5830329395704018E-002
 performing expansion, best =    6.5829247837235316E-002
 performing expansion, best =    6.5828337954419933E-002
 performing expansion, best =    6.5827139238010132E-002
 performing expansion, best =    6.5826161113871018E-002
 performing expansion, best =    6.5825212880846529E-002
 performing expansion, best =    6.5824239380975952E-002
 performing expansion, best =    6.5822549579884607E-002
 performing expansion, best =    6.5821198987375804E-002
 performing expansion, best =    6.5819711639623052E-002
 performing expansion, best =    6.5819426439433518E-002
 performing expansion, best =    6.5818302043744517E-002
 performing expansion, best =    6.5816819497095683E-002
 performing expansion, best =    6.5815273670090838E-002
 performing expansion, best =    6.5813745934095322E-002
 performing expansion, best =    6.5812562372945568E-002
 performing expansion, best =    6.5812337130639623E-002
 performing expansion, best =    6.5812215626323167E-002
 performing expansion, best =    6.5811105593235955E-002
 performing expansion, best =    6.5809450939380496E-002
 performing expansion, best =    6.5808889399978893E-002
 performing expansion, best =    6.5806845809188580E-002
 performing expansion, best =    6.5805660938704089E-002
 performing expansion, best =    6.5803900076350758E-002
 performing expansion, best =    6.5801669147821928E-002
 performing expansion, best =    6.5799513348481387E-002
 performing expansion, best =    6.5797265998688043E-002
 performing expansion, best =    6.5795330089850224E-002
 performing expansion, best =    6.5794665368869826E-002
 performing expansion, best =    6.5794536999349965E-002
 performing expansion, best =    6.5794175860130394E-002
 performing expansion, best =    6.5793861677626672E-002
 performing expansion, best =    6.5791693303598422E-002
 performing expansion, best =    6.5790327355086525E-002
 performing expansion, best =    6.5789049128214955E-002
 performing expansion, best =    6.5787453493390019E-002
 performing expansion, best =    6.5787312700364656E-002
 performing expansion, best =    6.5787152352495382E-002
 performing expansion, best =    6.5785866031344398E-002
 performing expansion, best =    6.5784372116517567E-002
 performing expansion, best =    6.5783290293110044E-002
 performing expansion, best =    6.5781822941389428E-002
 performing expansion, best =    6.5781620211404879E-002
 performing expansion, best =    6.5780417664747667E-002
 performing expansion, best =    6.5779022396239090E-002
 performing expansion, best =    6.5778810057183973E-002
 performing expansion, best =    6.5777622474748457E-002
 performing expansion, best =    6.5776699223625168E-002
 performing expansion, best =    6.5776678074538186E-002
 performing expansion, best =    6.5775636824519285E-002
 performing expansion, best =    6.5775443146718432E-002
 performing expansion, best =    6.5774595392597598E-002
 performing expansion, best =    6.5773183419949657E-002
 performing expansion, best =    6.5771532829784429E-002
 performing expansion, best =    6.5771382987017665E-002
 performing expansion, best =    6.5770140207041264E-002
 performing expansion, best =    6.5769668579151522E-002
 performing expansion, best =    6.5769444702962990E-002
 performing expansion, best =    6.5769328793666218E-002
 performing expansion, best =    6.5768019689044901E-002
 performing expansion, best =    6.5767913495187708E-002
 performing expansion, best =    6.5767658914368046E-002
 performing expansion, best =    6.5767363949401067E-002
 performing expansion, best =    6.5767342831813735E-002
 performing expansion, best =    6.5767033204221045E-002
 performing expansion, best =    6.5767007440468234E-002
 performing expansion, best =    6.5766718207851127E-002
 performing expansion, best =    6.5766675078374262E-002
 performing expansion, best =    6.5766558285983281E-002
 performing expansion, best =    6.5766520427986669E-002
 performing expansion, best =    6.5766474985897688E-002
 performing expansion, best =    6.5766046110264945E-002
 performing expansion, best =    6.5765968899106811E-002
 performing expansion, best =    6.5765871037592780E-002
 performing expansion, best =    6.5765802750701666E-002
 performing expansion, best =    6.5765717604438154E-002
 performing expansion, best =    6.5765543519682682E-002
 performing expansion, best =    6.5765487461757005E-002
 performing expansion, best =    6.5765386724676383E-002
 performing expansion, best =    6.5765319999381580E-002
 performing expansion, best =    6.5764882325200016E-002
 performing expansion, best =    6.5764640474342967E-002
 performing expansion, best =    6.5764608380798784E-002
 performing expansion, best =    6.5764555521273360E-002
 performing expansion, best =    6.5763979203929110E-002
 performing expansion, best =    6.5763440659035888E-002
 performing expansion, best =    6.5763431154345631E-002
 performing expansion, best =    6.5763238789281461E-002
 performing expansion, best =    6.5763124926197264E-002
 performing expansion, best =    6.5763105634239510E-002
 performing expansion, best =    6.5762955877523718E-002
 performing expansion, best =    6.5762412864785916E-002
 performing expansion, best =    6.5762018828932234E-002
 performing expansion, best =    6.5761973023911124E-002
 performing expansion, best =    6.5761922689988914E-002
 performing expansion, best =    6.5761618419244910E-002
 performing expansion, best =    6.5761526318128274E-002
 performing expansion, best =    6.5761474222365529E-002
 performing expansion, best =    6.5761443798556266E-002
 performing expansion, best =    6.5761109380066810E-002
 performing expansion, best =    6.5760631361189870E-002
 performing expansion, best =    6.5760631198983788E-002
 performing expansion, best =    6.5760254014995287E-002
 performing expansion, best =    6.5760037957552794E-002
 performing expansion, best =    6.5760025897276669E-002
 performing expansion, best =    6.5760014400906328E-002
 performing expansion, best =    6.5760001423475115E-002
 performing expansion, best =    6.5759755775259235E-002
 performing expansion, best =    6.5759609911185374E-002
 performing expansion, best =    6.5759591367720791E-002
 performing expansion, best =    6.5759516357306036E-002
 performing expansion, best =    6.5759285588319519E-002
 performing expansion, best =    6.5758841126047435E-002
 performing expansion, best =    6.5758439282403394E-002
 performing expansion, best =    6.5758144128038043E-002
 performing expansion, best =    6.5757682953537899E-002
 performing expansion, best =    6.5757288956447307E-002
 performing expansion, best =    6.5756911904235466E-002
 performing expansion, best =    6.5756560648993850E-002
 performing expansion, best =    6.5756030553525094E-002
 performing expansion, best =    6.5755562914103449E-002
 performing expansion, best =    6.5754843526840065E-002
 performing expansion, best =    6.5754118758601404E-002
 performing expansion, best =    6.5753587670542915E-002
 performing expansion, best =    6.5753446442586752E-002
 performing expansion, best =    6.5753432185226543E-002
 performing expansion, best =    6.5752785376690520E-002
 performing expansion, best =    6.5752700947915563E-002
 performing expansion, best =    6.5752668018481397E-002
 performing expansion, best =    6.5752648048225171E-002
 performing expansion, best =    6.5752523391122183E-002
 performing expansion, best =    6.5752408272406887E-002
 performing expansion, best =    6.5752377802579740E-002
 performing expansion, best =    6.5752377716513918E-002
 performing expansion, best =    6.5752330598636249E-002
 performing expansion, best =    6.5752279084442089E-002
 performing expansion, best =    6.5752212834957580E-002
 performing expansion, best =    6.5752197965980627E-002
 performing expansion, best =    6.5752170902570101E-002
 performing expansion, best =    6.5752146060597774E-002
 performing expansion, best =    6.5751917360956438E-002
 performing expansion, best =    6.5751865944470869E-002
 performing expansion, best =    6.5751653137526553E-002
 performing expansion, best =    6.5751593520117765E-002
 performing expansion, best =    6.5751535768982239E-002
 performing expansion, best =    6.5751450901577177E-002
 performing expansion, best =    6.5751424054999716E-002
 performing expansion, best =    6.5751117225834987E-002
 performing expansion, best =    6.5750847147254043E-002
 performing expansion, best =    6.5750608824594645E-002
 performing expansion, best =    6.5750586914171738E-002
 performing expansion, best =    6.5750548152970004E-002
 performing expansion, best =    6.5750236401300621E-002
 performing expansion, best =    6.5750226743987186E-002
 performing expansion, best =    6.5749975979842362E-002
 performing expansion, best =    6.5749578121626628E-002
 performing expansion, best =    6.5749244729100279E-002
 performing expansion, best =    6.5748845455197311E-002
 performing expansion, best =    6.5748819896404950E-002
 performing expansion, best =    6.5748423911948115E-002
 performing expansion, best =    6.5748304612101308E-002
 performing expansion, best =    6.5747885520490684E-002
 performing expansion, best =    6.5747398924283454E-002
 performing expansion, best =    6.5746937603889707E-002
 performing expansion, best =    6.5746461136725415E-002
 performing expansion, best =    6.5746376488518138E-002
 performing expansion, best =    6.5745701772200155E-002
 performing expansion, best =    6.5745024196921215E-002
 performing expansion, best =    6.5744528447437361E-002
 performing expansion, best =    6.5744001516672979E-002
 performing expansion, best =    6.5743924861884503E-002
 performing expansion, best =    6.5743216206835084E-002
 performing expansion, best =    6.5743084970702831E-002
 performing expansion, best =    6.5743065521295857E-002
 performing expansion, best =    6.5743054001788856E-002
 performing expansion, best =    6.5743051034982763E-002
 performing expansion, best =    6.5742836763832233E-002
 performing expansion, best =    6.5742805902422721E-002
 performing expansion, best =    6.5742637422151848E-002
 performing expansion, best =    6.5742609541699609E-002
 performing expansion, best =    6.5742584359170866E-002
 performing expansion, best =    6.5742503283209075E-002
 performing expansion, best =    6.5742481640564551E-002
 performing expansion, best =    6.5742413272227032E-002
 performing expansion, best =    6.5742382684911574E-002
 performing expansion, best =    6.5742175762362229E-002
 performing expansion, best =    6.5742168131762743E-002
 performing expansion, best =    6.5741950956710649E-002
 performing expansion, best =    6.5741763032128669E-002
 performing expansion, best =    6.5741635058456829E-002
 performing expansion, best =    6.5741472496104444E-002
 performing expansion, best =    6.5741440784707603E-002
 performing expansion, best =    6.5741416897987029E-002
 performing expansion, best =    6.5741407919802070E-002
 performing expansion, best =    6.5741331549879101E-002
 performing expansion, best =    6.5741121693856069E-002
 performing expansion, best =    6.5740977363212022E-002
 performing expansion, best =    6.5740851090732494E-002
 performing expansion, best =    6.5740840213775631E-002
 performing expansion, best =    6.5740744912388155E-002
 performing expansion, best =    6.5740727489976433E-002
 performing expansion, best =    6.5740687613598567E-002
 performing expansion, best =    6.5740667117812054E-002
 performing expansion, best =    6.5740645130803549E-002
 performing expansion, best =    6.5740479918802913E-002
 performing expansion, best =    6.5740466203895426E-002
 performing expansion, best =    6.5740454352037278E-002
 performing expansion, best =    6.5740451492620700E-002
 performing expansion, best =    6.5740439631939554E-002
 performing expansion, best =    6.5740339288632543E-002
 performing expansion, best =    6.5740185990229696E-002
 performing expansion, best =    6.5740053741742896E-002
 performing expansion, best =    6.5740053506805604E-002
 performing expansion, best =    6.5740042625574799E-002
 performing expansion, best =    6.5740039406197978E-002
 performing expansion, best =    6.5739919897852744E-002
 performing expansion, best =    6.5739795690419489E-002
 performing expansion, best =    6.5739795087893141E-002
 performing expansion, best =    6.5739766887088602E-002
 performing expansion, best =    6.5739741748195538E-002
 performing expansion, best =    6.5739732687617056E-002
 performing expansion, best =    6.5739724111390466E-002
 performing expansion, best =    6.5739710994186434E-002
 performing expansion, best =    6.5739710249529598E-002
 performing expansion, best =    6.5739701482174104E-002
 performing expansion, best =    6.5739684380780802E-002
 performing expansion, best =    6.5739605295558709E-002
 performing expansion, best =    6.5739599718769692E-002
 performing expansion, best =    6.5739513962557131E-002
 performing expansion, best =    6.5739508842818567E-002
 performing expansion, best =    6.5739503672890137E-002
 performing expansion, best =    6.5739495004125362E-002
 performing expansion, best =    6.5739494113812968E-002
 performing expansion, best =    6.5739484290253794E-002
 performing expansion, best =    6.5739409161149828E-002
 performing expansion, best =    6.5739317142563133E-002
 performing expansion, best =    6.5739310531199427E-002
 performing expansion, best =    6.5739305923072242E-002
 performing expansion, best =    6.5739305850721713E-002
 performing expansion, best =    6.5739290030934927E-002
 performing expansion, best =    6.5739227527421173E-002
 performing expansion, best =    6.5739227069804979E-002
 performing expansion, best =    6.5739214100473745E-002
 performing expansion, best =    6.5739212430875008E-002
 performing expansion, best =    6.5739204302836154E-002
 performing expansion, best =    6.5739200644065132E-002
 performing expansion, best =    6.5739199576126783E-002
 performing expansion, best =    6.5739151840574828E-002
 performing expansion, best =    6.5739151232036261E-002
 performing expansion, best =    6.5739147934147507E-002
 performing expansion, best =    6.5739128088195639E-002
 performing expansion, best =    6.5739127609911269E-002
 performing expansion, best =    6.5739126137801140E-002
 performing expansion, best =    6.5739122569117583E-002
 performing expansion, best =    6.5739117178159681E-002
 performing expansion, best =    6.5739115859046543E-002
 performing expansion, best =    6.5739113042903044E-002
 performing expansion, best =    6.5739112711330677E-002
 performing expansion, best =    6.5739108825026885E-002
 performing expansion, best =    6.5739107919595210E-002
 performing expansion, best =    6.5739105037766407E-002
 performing expansion, best =    6.5739101226577112E-002
 performing expansion, best =    6.5739100593661490E-002
 performing expansion, best =    6.5739075204260297E-002
 performing expansion, best =    6.5739072133912821E-002
 performing expansion, best =    6.5739065292862234E-002
 performing expansion, best =    6.5739064470354630E-002
 performing expansion, best =    6.5739031942774639E-002
 performing expansion, best =    6.5739026549931051E-002
 performing expansion, best =    6.5739025495930470E-002
 performing expansion, best =    6.5739025295918949E-002
 performing expansion, best =    6.5738994492265099E-002
 performing expansion, best =    6.5738962908745036E-002
 performing expansion, best =    6.5738958415647336E-002
 performing expansion, best =    6.5738923488367393E-002
 performing expansion, best =    6.5738918675488506E-002
 performing expansion, best =    6.5738917689474013E-002
 performing expansion, best =    6.5738917423459650E-002
 performing expansion, best =    6.5738913660633364E-002
 performing expansion, best =    6.5738886184588730E-002
 performing expansion, best =    6.5738856442323454E-002
 performing expansion, best =    6.5738854193176488E-002
 performing expansion, best =    6.5738851086668257E-002
 performing expansion, best =    6.5738813983851910E-002
 performing expansion, best =    6.5738774217078869E-002
 performing expansion, best =    6.5738772982639651E-002
 performing expansion, best =    6.5738770157842755E-002
 performing expansion, best =    6.5738767363026515E-002
 performing expansion, best =    6.5738733800766891E-002
 performing expansion, best =    6.5738708144583893E-002
 performing expansion, best =    6.5738707918398004E-002
 performing expansion, best =    6.5738686515716516E-002
 performing expansion, best =    6.5738685223451332E-002
 performing expansion, best =    6.5738682886147690E-002
 performing expansion, best =    6.5738660120115602E-002
 performing expansion, best =    6.5738638473980635E-002
 performing expansion, best =    6.5738618185432598E-002
 performing expansion, best =    6.5738614599708298E-002
 performing expansion, best =    6.5738612359753576E-002
 performing expansion, best =    6.5738585522905554E-002
 performing expansion, best =    6.5738581925117695E-002
 performing expansion, best =    6.5738552440192305E-002
 performing expansion, best =    6.5738551326235350E-002
 performing expansion, best =    6.5738527575662967E-002
 performing expansion, best =    6.5738501670587188E-002
 performing expansion, best =    6.5738474031069721E-002
 performing expansion, best =    6.5738473245115989E-002
 performing expansion, best =    6.5738444140966010E-002
 performing expansion, best =    6.5738441151928381E-002
 performing expansion, best =    6.5738408783328858E-002
 performing expansion, best =    6.5738379103179534E-002
 performing expansion, best =    6.5738346309327692E-002
 performing expansion, best =    6.5738316215889145E-002
 performing expansion, best =    6.5738313630712475E-002
 performing expansion, best =    6.5738284806759945E-002
 performing expansion, best =    6.5738283260100588E-002
 performing expansion, best =    6.5738249773717297E-002
 performing expansion, best =    6.5738249263867968E-002
 performing expansion, best =    6.5738225969567438E-002
 performing expansion, best =    6.5738224599534351E-002
 performing expansion, best =    6.5738224449239102E-002
 performing expansion, best =    6.5738203115661586E-002
 performing expansion, best =    6.5738181780610513E-002
 performing expansion, best =    6.5738163988760895E-002
 performing expansion, best =    6.5738144500033249E-002
 performing expansion, best =    6.5738122166395199E-002
 performing expansion, best =    6.5738098406685430E-002
 performing expansion, best =    6.5738098317102131E-002
 performing expansion, best =    6.5738073484015350E-002
 performing expansion, best =    6.5738071674997012E-002
 performing expansion, best =    6.5738049252641942E-002
 performing expansion, best =    6.5738024366729833E-002
 performing expansion, best =    6.5738020209617803E-002
 performing expansion, best =    6.5737997047044569E-002
 performing expansion, best =    6.5737972238418055E-002
 performing expansion, best =    6.5737971110466697E-002
 performing expansion, best =    6.5737964789088069E-002
 performing expansion, best =    6.5737962194904201E-002
 performing expansion, best =    6.5737960651120406E-002
 performing expansion, best =    6.5737958461386373E-002
 performing expansion, best =    6.5737957474617456E-002
 performing expansion, best =    6.5737933873837598E-002
 performing expansion, best =    6.5737932144066230E-002
 performing expansion, best =    6.5737929681477444E-002
 performing expansion, best =    6.5737905177248118E-002
 performing expansion, best =    6.5737881464999204E-002
 performing expansion, best =    6.5737879662067733E-002
 performing expansion, best =    6.5737878587104781E-002
 performing expansion, best =    6.5737861105095788E-002
 performing expansion, best =    6.5737861060158470E-002
 performing expansion, best =    6.5737845842210652E-002
 performing expansion, best =    6.5737845322890273E-002
 performing expansion, best =    6.5737845098592027E-002
 performing expansion, best =    6.5737842190956020E-002
 performing expansion, best =    6.5737840104387157E-002
 performing expansion, best =    6.5737839237968568E-002
 performing expansion, best =    6.5737821960193843E-002
 performing expansion, best =    6.5737821079938433E-002
 performing expansion, best =    6.5737805705446295E-002
 performing expansion, best =    6.5737787252981336E-002
 performing expansion, best =    6.5737770020265651E-002
 performing expansion, best =    6.5737752678895547E-002
 performing expansion, best =    6.5737733854776242E-002
 performing expansion, best =    6.5737711674783691E-002
 performing expansion, best =    6.5737690818134006E-002
 performing expansion, best =    6.5737667717673073E-002
 performing expansion, best =    6.5737642024991327E-002
 performing expansion, best =    6.5737614226767688E-002
 performing expansion, best =    6.5737581412009374E-002
 performing expansion, best =    6.5737550043028184E-002
 performing expansion, best =    6.5737510417418141E-002
 performing expansion, best =    6.5737466691921917E-002
 performing expansion, best =    6.5737423851380650E-002
 performing expansion, best =    6.5737383223036280E-002
 performing expansion, best =    6.5737334500148931E-002
 performing expansion, best =    6.5737283906010607E-002
 performing expansion, best =    6.5737226335600030E-002
 performing expansion, best =    6.5737167180463157E-002
 performing expansion, best =    6.5737095416022739E-002
 performing expansion, best =    6.5737020651516792E-002
 performing expansion, best =    6.5736943468873404E-002
 performing expansion, best =    6.5736940457397933E-002
 performing expansion, best =    6.5736939379247350E-002
 performing expansion, best =    6.5736930406170679E-002
 performing expansion, best =    6.5736920536319465E-002
 performing expansion, best =    6.5736831368508039E-002
 performing expansion, best =    6.5736768292706013E-002
 performing expansion, best =    6.5736696513574708E-002
 performing expansion, best =    6.5736617707143383E-002
 performing expansion, best =    6.5736540157509044E-002
 performing expansion, best =    6.5736460420070211E-002
 performing expansion, best =    6.5736374871873310E-002
 performing expansion, best =    6.5736286435192859E-002
 performing expansion, best =    6.5736178425748221E-002
 performing expansion, best =    6.5736072632573306E-002
 performing expansion, best =    6.5735944070966265E-002
 performing expansion, best =    6.5735816980346973E-002
 performing expansion, best =    6.5735678343286072E-002
 performing expansion, best =    6.5735524063813611E-002
 performing expansion, best =    6.5735362497771496E-002
 performing expansion, best =    6.5735205395134541E-002
 performing expansion, best =    6.5735053329328705E-002
 performing expansion, best =    6.5734888117823409E-002
 performing expansion, best =    6.5734722217803812E-002
 performing expansion, best =    6.5734569667217774E-002
 performing expansion, best =    6.5734433665129516E-002
 performing expansion, best =    6.5734305733368595E-002
 performing expansion, best =    6.5734194081284170E-002
 performing expansion, best =    6.5734084160984377E-002
 performing expansion, best =    6.5734083599636714E-002
 performing expansion, best =    6.5734059928936731E-002
 performing expansion, best =    6.5734039434788324E-002
 performing expansion, best =    6.5733932630287914E-002
 performing expansion, best =    6.5733893871784507E-002
 performing expansion, best =    6.5733852702643925E-002
 performing expansion, best =    6.5733809227602705E-002
 performing expansion, best =    6.5733754405347941E-002
 performing expansion, best =    6.5733702422921467E-002
 performing expansion, best =    6.5733643055328222E-002
 performing expansion, best =    6.5733579833179026E-002
 performing expansion, best =    6.5733503401071647E-002
 performing expansion, best =    6.5733428977664612E-002
 performing expansion, best =    6.5733362246878493E-002
 performing expansion, best =    6.5733272988849664E-002
 performing expansion, best =    6.5733188136152171E-002
 performing expansion, best =    6.5733096271913732E-002
 performing expansion, best =    6.5732992000530829E-002
 performing expansion, best =    6.5732887246180413E-002
 performing expansion, best =    6.5732857404440445E-002
 performing expansion, best =    6.5732852291451593E-002
 performing expansion, best =    6.5732739498186060E-002
 performing expansion, best =    6.5732680598649201E-002
 performing expansion, best =    6.5732676640521445E-002
 performing expansion, best =    6.5732671677601634E-002
 performing expansion, best =    6.5732666734191633E-002
 performing expansion, best =    6.5732612037575744E-002
 performing expansion, best =    6.5732611575406247E-002
 performing expansion, best =    6.5732609688617161E-002
 performing expansion, best =    6.5732569380105257E-002
 performing expansion, best =    6.5732525593770255E-002
 performing expansion, best =    6.5732467664372435E-002
 performing expansion, best =    6.5732418355066810E-002
 performing expansion, best =    6.5732368810014777E-002
 performing expansion, best =    6.5732360096726963E-002
 performing expansion, best =    6.5732297336562814E-002
 performing expansion, best =    6.5732234444054322E-002
 performing expansion, best =    6.5732232329088466E-002
 performing expansion, best =    6.5732168932118612E-002
 performing expansion, best =    6.5732106350505984E-002
 performing expansion, best =    6.5732049949499313E-002
 performing expansion, best =    6.5731986497029382E-002
 performing expansion, best =    6.5731931621029180E-002
 performing expansion, best =    6.5731869299623130E-002
 performing expansion, best =    6.5731867877896366E-002
 performing expansion, best =    6.5731798711421527E-002
 performing expansion, best =    6.5731792767415032E-002
 performing expansion, best =    6.5731789216892156E-002
 performing expansion, best =    6.5731787925390958E-002
 performing expansion, best =    6.5731733357760752E-002
 performing expansion, best =    6.5731732017350913E-002
 performing expansion, best =    6.5731684545268024E-002
 performing expansion, best =    6.5731682867758212E-002
 performing expansion, best =    6.5731620980949923E-002
 performing expansion, best =    6.5731564429259551E-002
 performing expansion, best =    6.5731563939441545E-002
 performing expansion, best =    6.5731562279652558E-002
 performing expansion, best =    6.5731560034608671E-002
 performing expansion, best =    6.5731558196477635E-002
 performing expansion, best =    6.5731557125954271E-002
 performing expansion, best =    6.5731555683432558E-002
 performing expansion, best =    6.5731551369494573E-002
 performing expansion, best =    6.5731549686664212E-002
 performing expansion, best =    6.5731549522829585E-002
 performing expansion, best =    6.5731549308077272E-002
 performing expansion, best =    6.5731547471767737E-002
 performing expansion, best =    6.5731547324531528E-002
 performing expansion, best =    6.5731546356871742E-002
 performing expansion, best =    6.5731542427507311E-002
 performing expansion, best =    6.5731540271458430E-002
 performing expansion, best =    6.5731537605117643E-002
 performing expansion, best =    6.5731536765908122E-002
 performing expansion, best =    6.5731535997409912E-002
 performing expansion, best =    6.5731534395027533E-002
 performing expansion, best =    6.5731533490106978E-002
 performing expansion, best =    6.5731533317124599E-002
 performing expansion, best =    6.5731532911055962E-002
 performing expansion, best =    6.5731518105912115E-002
 performing expansion, best =    6.5731516376253463E-002
 performing expansion, best =    6.5731516258788147E-002
 performing expansion, best =    6.5731515809462765E-002
 performing expansion, best =    6.5731515200470533E-002
 performing expansion, best =    6.5731513594435020E-002
 performing expansion, best =    6.5731500045395352E-002
 performing expansion, best =    6.5731484837938239E-002
 performing expansion, best =    6.5731468955020925E-002
 performing expansion, best =    6.5731468126944914E-002
 performing expansion, best =    6.5731467046353700E-002
 performing expansion, best =    6.5731452822908348E-002
 performing expansion, best =    6.5731435876744723E-002
 performing expansion, best =    6.5731434659866597E-002
 performing expansion, best =    6.5731418102691119E-002
 performing expansion, best =    6.5731417995921013E-002
 performing expansion, best =    6.5731402239142922E-002
 performing expansion, best =    6.5731382226589932E-002
 performing expansion, best =    6.5731362864188889E-002
 performing expansion, best =    6.5731340556567722E-002
 performing expansion, best =    6.5731316377596036E-002
 performing expansion, best =    6.5731292380662124E-002
 performing expansion, best =    6.5731290749154708E-002
 performing expansion, best =    6.5731266183718856E-002
 performing expansion, best =    6.5731265169316266E-002
 performing expansion, best =    6.5731241877379804E-002
 performing expansion, best =    6.5731240564386159E-002
 performing expansion, best =    6.5731215087322659E-002
 performing expansion, best =    6.5731212955263837E-002
 performing expansion, best =    6.5731210817372085E-002
 performing expansion, best =    6.5731185491516672E-002
 performing expansion, best =    6.5731183906344942E-002
 performing expansion, best =    6.5731163818393487E-002
 performing expansion, best =    6.5731161918032979E-002
 performing expansion, best =    6.5731136511634022E-002
 performing expansion, best =    6.5731113672048452E-002
 performing expansion, best =    6.5731094210776289E-002
 performing expansion, best =    6.5731068070927670E-002
 performing expansion, best =    6.5731066914756137E-002
 performing expansion, best =    6.5731048790042101E-002
 performing expansion, best =    6.5731047449297572E-002
 performing expansion, best =    6.5731029065211902E-002
 performing expansion, best =    6.5731026893195571E-002
 performing expansion, best =    6.5731009339534477E-002
 performing expansion, best =    6.5731006924742902E-002
 performing expansion, best =    6.5730990681741791E-002
 performing expansion, best =    6.5730974949068599E-002
 performing expansion, best =    6.5730973553842553E-002
 performing expansion, best =    6.5730958755615340E-002
 performing expansion, best =    6.5730944237920017E-002
 performing expansion, best =    6.5730926969014947E-002
 performing expansion, best =    6.5730910700284029E-002
 performing expansion, best =    6.5730895073706691E-002
 performing expansion, best =    6.5730874227840894E-002
 performing expansion, best =    6.5730857740667184E-002
 performing expansion, best =    6.5730839605200583E-002
 performing expansion, best =    6.5730839024696702E-002
 performing expansion, best =    6.5730822008896045E-002
 performing expansion, best =    6.5730820713760990E-002
 performing expansion, best =    6.5730820585879424E-002
 performing expansion, best =    6.5730819698523651E-002
 performing expansion, best =    6.5730818670942867E-002
 performing expansion, best =    6.5730818167984123E-002
 performing expansion, best =    6.5730808129228269E-002
 performing expansion, best =    6.5730807056669061E-002
 performing expansion, best =    6.5730794704237205E-002
 performing expansion, best =    6.5730783255667682E-002
 performing expansion, best =    6.5730781601835112E-002
 performing expansion, best =    6.5730781231095145E-002
 performing expansion, best =    6.5730781079956488E-002
 performing expansion, best =    6.5730780798546315E-002
 performing expansion, best =    6.5730779644188719E-002
 performing expansion, best =    6.5730779487041452E-002
 performing expansion, best =    6.5730771460556267E-002
 performing expansion, best =    6.5730770578378381E-002
 performing expansion, best =    6.5730770260455498E-002
 performing expansion, best =    6.5730760686737361E-002
 performing expansion, best =    6.5730751919529984E-002
 performing expansion, best =    6.5730741784404856E-002
 performing expansion, best =    6.5730733032163036E-002
 performing expansion, best =    6.5730720554739608E-002
 performing expansion, best =    6.5730719821680342E-002
 performing expansion, best =    6.5730718680053493E-002
 performing expansion, best =    6.5730704435401632E-002
 performing expansion, best =    6.5730688423031799E-002
 performing expansion, best =    6.5730672092946141E-002
 performing expansion, best =    6.5730654669325178E-002
 performing expansion, best =    6.5730651719795224E-002
 performing expansion, best =    6.5730632543529482E-002
 performing expansion, best =    6.5730613056630333E-002
 performing expansion, best =    6.5730590496427238E-002
 performing expansion, best =    6.5730569880696907E-002
 performing expansion, best =    6.5730545199695747E-002
 performing expansion, best =    6.5730517042253189E-002
 performing expansion, best =    6.5730487395336837E-002
 performing expansion, best =    6.5730451059816217E-002
 performing expansion, best =    6.5730410801155256E-002
 performing expansion, best =    6.5730375126627646E-002
 performing expansion, best =    6.5730335328172670E-002
 performing expansion, best =    6.5730294377065804E-002
 performing expansion, best =    6.5730252651288554E-002
 performing expansion, best =    6.5730203917625893E-002
 performing expansion, best =    6.5730152401102859E-002
 performing expansion, best =    6.5730101030698457E-002
 performing expansion, best =    6.5730096555289483E-002
 performing expansion, best =    6.5730094740556327E-002
 performing expansion, best =    6.5730091431135756E-002
 performing expansion, best =    6.5730090466910474E-002
 performing expansion, best =    6.5730086827933923E-002
 performing expansion, best =    6.5730085535868052E-002
 performing expansion, best =    6.5730081626757614E-002
 performing expansion, best =    6.5730076570809287E-002
 performing expansion, best =    6.5730074744144842E-002
 performing expansion, best =    6.5730071829774972E-002
 performing expansion, best =    6.5730070856010930E-002
 performing expansion, best =    6.5730069342497671E-002
 performing expansion, best =    6.5730068633330807E-002
 performing expansion, best =    6.5730065584521949E-002
 performing expansion, best =    6.5730060957073788E-002
 performing expansion, best =    6.5730060576418420E-002
 performing expansion, best =    6.5730058429124827E-002
 performing expansion, best =    6.5730058127312474E-002
 performing expansion, best =    6.5730057722363414E-002
 performing expansion, best =    6.5730056406249820E-002
 performing expansion, best =    6.5730056205540927E-002
 performing expansion, best =    6.5730055954428060E-002
 performing expansion, best =    6.5730054620566206E-002
 performing expansion, best =    6.5730054391166678E-002
 performing expansion, best =    6.5730053786758127E-002
 performing expansion, best =    6.5730053480445874E-002
 performing expansion, best =    6.5730052877635781E-002
 performing expansion, best =    6.5730052250380394E-002
 performing expansion, best =    6.5730051263590161E-002
 performing expansion, best =    6.5730051085415311E-002
 performing expansion, best =    6.5730050885205699E-002
 performing expansion, best =    6.5730050800100442E-002
 performing expansion, best =    6.5730050294032435E-002
 performing expansion, best =    6.5730049357754824E-002
 performing expansion, best =    6.5730048619325201E-002
 performing expansion, best =    6.5730048602108945E-002
 performing expansion, best =    6.5730048295523022E-002
 performing expansion, best =    6.5730045025744602E-002
 performing expansion, best =    6.5730040837330195E-002
 performing expansion, best =    6.5730036813169954E-002
 performing expansion, best =    6.5730036599308053E-002
 performing expansion, best =    6.5730036126979530E-002
 performing expansion, best =    6.5730035813585011E-002
 performing expansion, best =    6.5730035067964654E-002
 performing expansion, best =    6.5730034907172386E-002
 performing expansion, best =    6.5730034577116417E-002
 performing expansion, best =    6.5730033594304779E-002
 performing expansion, best =    6.5730033501991567E-002
 performing expansion, best =    6.5730033014184813E-002
 performing expansion, best =    6.5730032931064955E-002
 performing expansion, best =    6.5730032753583550E-002
 performing expansion, best =    6.5730030097370315E-002
 performing expansion, best =    6.5730029922062658E-002
 performing expansion, best =    6.5730026698840219E-002
 performing expansion, best =    6.5730026482734169E-002
 performing expansion, best =    6.5730023025689255E-002
 performing expansion, best =    6.5730022782600442E-002
 performing expansion, best =    6.5730018827807019E-002
 performing expansion, best =    6.5730015002973957E-002
 performing expansion, best =    6.5730014997709030E-002
 performing expansion, best =    6.5730011050992534E-002
 performing expansion, best =    6.5730010790682802E-002
 performing expansion, best =    6.5730007354797282E-002
 performing expansion, best =    6.5730007270211277E-002
 performing expansion, best =    6.5730003683062130E-002
 performing expansion, best =    6.5730002861930273E-002
 performing expansion, best =    6.5730002788871811E-002
 performing expansion, best =    6.5729997973451110E-002
 performing expansion, best =    6.5729997597242795E-002
 performing expansion, best =    6.5729993145735272E-002
 performing expansion, best =    6.5729992888907143E-002
 performing expansion, best =    6.5729992044688185E-002
 performing expansion, best =    6.5729987397356748E-002
 performing expansion, best =    6.5729986833523782E-002
 performing expansion, best =    6.5729981140466437E-002
 performing expansion, best =    6.5729975435724841E-002
 performing expansion, best =    6.5729975397003954E-002
 performing expansion, best =    6.5729969826264112E-002
 performing expansion, best =    6.5729963610360972E-002
 performing expansion, best =    6.5729956936190673E-002
 performing expansion, best =    6.5729951205036830E-002
 performing expansion, best =    6.5729945130822823E-002
 performing expansion, best =    6.5729937839474312E-002
 performing expansion, best =    6.5729930612127702E-002
 performing expansion, best =    6.5729929797050987E-002
 performing expansion, best =    6.5729922583997957E-002
 performing expansion, best =    6.5729915124178473E-002
 performing expansion, best =    6.5729907128905335E-002
 performing expansion, best =    6.5729901138719404E-002
 performing expansion, best =    6.5729893862831221E-002
 performing expansion, best =    6.5729893613143395E-002
 performing expansion, best =    6.5729893602369166E-002
 performing expansion, best =    6.5729892922608613E-002
 performing expansion, best =    6.5729888020131369E-002
 performing expansion, best =    6.5729883367221797E-002
 performing expansion, best =    6.5729883099233638E-002
 performing expansion, best =    6.5729882989589358E-002
 performing expansion, best =    6.5729882510376772E-002
 performing expansion, best =    6.5729878957049570E-002
 performing expansion, best =    6.5729874512463829E-002
 performing expansion, best =    6.5729873914037742E-002
 performing expansion, best =    6.5729873553597565E-002
 performing expansion, best =    6.5729873084065055E-002
 performing expansion, best =    6.5729872849830617E-002
 performing expansion, best =    6.5729872775466464E-002
 performing expansion, best =    6.5729869697675372E-002
 performing expansion, best =    6.5729869021673631E-002
 performing expansion, best =    6.5729868838993330E-002
 performing expansion, best =    6.5729868690653337E-002
 performing expansion, best =    6.5729865158649009E-002
 performing expansion, best =    6.5729862392543872E-002
 performing expansion, best =    6.5729859515186909E-002
 performing expansion, best =    6.5729859299236124E-002
 performing expansion, best =    6.5729856633255868E-002
 performing expansion, best =    6.5729856391238781E-002
 performing expansion, best =    6.5729856047327354E-002
 performing expansion, best =    6.5729856006981960E-002
 performing expansion, best =    6.5729853884806261E-002
 performing expansion, best =    6.5729850409734267E-002
 performing expansion, best =    6.5729850108361215E-002
 performing expansion, best =    6.5729847329217717E-002
 performing expansion, best =    6.5729844666959775E-002
 performing expansion, best =    6.5729841377354437E-002
 performing expansion, best =    6.5729837905801503E-002
 performing expansion, best =    6.5729834381440561E-002
 performing expansion, best =    6.5729833917048341E-002
 performing expansion, best =    6.5729830428628733E-002
 performing expansion, best =    6.5729830019330610E-002
 performing expansion, best =    6.5729829644350410E-002
 performing expansion, best =    6.5729829349315372E-002
 performing expansion, best =    6.5729829066927314E-002
 performing expansion, best =    6.5729828624344136E-002
 performing expansion, best =    6.5729828461762937E-002
 performing expansion, best =    6.5729828290341200E-002
 performing expansion, best =    6.5729828060946377E-002
 performing expansion, best =    6.5729827811056407E-002
 performing expansion, best =    6.5729827583517683E-002
 performing expansion, best =    6.5729827498543045E-002
 performing expansion, best =    6.5729827134239568E-002
 performing expansion, best =    6.5729827038656943E-002
 performing expansion, best =    6.5729826913753731E-002
 performing expansion, best =    6.5729826868530142E-002
 performing expansion, best =    6.5729824807040371E-002
 performing expansion, best =    6.5729824654153959E-002
 performing expansion, best =    6.5729822449586417E-002
 performing expansion, best =    6.5729822428595736E-002
 performing expansion, best =    6.5729820426441113E-002
 performing expansion, best =    6.5729818408190546E-002
 performing expansion, best =    6.5729816207304212E-002
 performing expansion, best =    6.5729814102822928E-002
 performing expansion, best =    6.5729811743725775E-002
 performing expansion, best =    6.5729811670570334E-002
 performing expansion, best =    6.5729809644790374E-002
 performing expansion, best =    6.5729809561427835E-002
 performing expansion, best =    6.5729809459360009E-002
 performing expansion, best =    6.5729809408083942E-002
 performing expansion, best =    6.5729809211523660E-002
 performing expansion, best =    6.5729807540426427E-002
 performing expansion, best =    6.5729807474809679E-002
 performing expansion, best =    6.5729805970898961E-002
 performing expansion, best =    6.5729805766831767E-002
 performing expansion, best =    6.5729804196058395E-002
 performing expansion, best =    6.5729804086853985E-002
 performing expansion, best =    6.5729803994961797E-002
 performing expansion, best =    6.5729803984702642E-002
 performing expansion, best =    6.5729803769411066E-002
 performing expansion, best =    6.5729803687832364E-002
 performing expansion, best =    6.5729803684222571E-002
 performing expansion, best =    6.5729803434083633E-002
 performing expansion, best =    6.5729803406665496E-002
 performing expansion, best =    6.5729803165507972E-002
 performing expansion, best =    6.5729801814264396E-002
 performing expansion, best =    6.5729801776206950E-002
 performing expansion, best =    6.5729800743364306E-002
 performing expansion, best =    6.5729800705075753E-002
 performing expansion, best =    6.5729800666181504E-002
 performing expansion, best =    6.5729799845230211E-002
 performing expansion, best =    6.5729799815022361E-002
 performing expansion, best =    6.5729798887167123E-002
 performing expansion, best =    6.5729798807182951E-002
 performing expansion, best =    6.5729797779822283E-002
 performing expansion, best =    6.5729796887331146E-002
 performing expansion, best =    6.5729796831742918E-002
 performing expansion, best =    6.5729795701900531E-002
 performing expansion, best =    6.5729794656928409E-002
 performing expansion, best =    6.5729794624409782E-002
 performing expansion, best =    6.5729793739395026E-002
 performing expansion, best =    6.5729792627773648E-002
 performing expansion, best =    6.5729792514181443E-002
Exiting simplex optimization after 10001 iterations
RMSE         6.572979147E-02 Hartree
NEW BEST!
Best found solution for 10 charges:
        RMSE         4.124603571E+01 kcal/mol
         MAE         4.020312163E+01 kcal/mol
     max. AE         9.931532628E+01 kcal/mol

       x[bohr]       y[bohr]       z[bohr]          q[e]
    -0.2474322     0.3898272     0.6508295    -0.5345415
    -0.6962870     0.0965930     0.2278004     0.4727601
    -0.0291817     0.3598663    -0.6721578    -0.1791778
     1.6278609    -1.0915080     0.3048311     0.9490155
     2.0071093    -1.3038471     0.2592904    -0.9035205
     0.1141175     0.6689782     0.8391573    -0.4902785
     0.1720235     0.1942204    -0.0000168     0.9999976
     0.0870975     0.8216699    -0.7394767    -0.6434247
    -1.1037129    -0.9234041    -0.0000560    -0.9972511
    -0.7214493    -0.6712880    -0.0001210     0.9999932

