Running in fitting mode

Reading "/data/boittier/energies/h2o_geom.xyz.dir/h2o_1.chk.fchk.potential.cube"...

  h2o Potential=SCF
  Electrostatic potential from Total SCF Density
    3   -4.970736   -4.748413   -4.970736
   80    0.125841    0.000000    0.000000
   80    0.000000    0.125841    0.000000
   80    0.000000    0.000000    0.125841
    8    8.000000    0.000000    0.222323    0.000000
    1    1.000000    1.427171   -0.896400    0.000000
    1    1.000000   -1.427171   -0.882184    0.000000
  1.66698E-02  1.67288E-02  1.67584E-02  1.67584E-02  1.67288E-02  1.66698E-02
       .            .            .            .            .            .
       .            .            .            .            .            .
       .            .            .            .            .            .
 -9.18626E-03 -9.18159E-03 -9.17225E-03 -9.15823E-03 -9.13952E-03 -9.11609E-03

338246 out of 512000 gridpoints are considered ( 66.1%).

...done!




 Refining solution from file/home/boittier/MDCM-1/examples/water/4-fit-frags/frag1/fit1/6charges.xyz
 Contains      6 charges
      Initial RMSE =         4.443176206E-01 kcal/mol
Running DE in parallel with 4 thread(s)!


User requested refinement using simplex algorithm (no DE)

 performing expansion, best =    7.0801121417835206E-004
 performing expansion, best =    7.0793030335133305E-004
 performing expansion, best =    7.0788640846056465E-004
 performing expansion, best =    7.0787768032855509E-004
 performing expansion, best =    7.0787662646315248E-004
 performing expansion, best =    7.0787389282367234E-004
 performing expansion, best =    7.0785642799327014E-004
 performing expansion, best =    7.0783848931863728E-004
 performing expansion, best =    7.0781166308920369E-004
 performing expansion, best =    7.0779351014191967E-004
 performing expansion, best =    7.0777374699577901E-004
 performing expansion, best =    7.0772214000222871E-004
 performing expansion, best =    7.0766776309445225E-004
 performing expansion, best =    7.0761385306600505E-004
 performing expansion, best =    7.0753282396821460E-004
 performing expansion, best =    7.0746280799264280E-004
 performing expansion, best =    7.0737701794409773E-004
 performing expansion, best =    7.0731713843829170E-004
 performing expansion, best =    7.0725509306918816E-004
 performing expansion, best =    7.0715644126248187E-004
 performing expansion, best =    7.0706390731562136E-004
 performing expansion, best =    7.0696652872625826E-004
 performing expansion, best =    7.0688575522903716E-004
 performing expansion, best =    7.0683561244657778E-004
 performing expansion, best =    7.0681839636999348E-004
 performing expansion, best =    7.0677758465958584E-004
 performing expansion, best =    7.0676491368014036E-004
 performing expansion, best =    7.0672750910715973E-004
 performing expansion, best =    7.0668803640213068E-004
 performing expansion, best =    7.0664774760780642E-004
 performing expansion, best =    7.0664134327383811E-004
 performing expansion, best =    7.0664093686245884E-004
 performing expansion, best =    7.0663771021610487E-004
 performing expansion, best =    7.0663480248351436E-004
 performing expansion, best =    7.0663402640458559E-004
 performing expansion, best =    7.0662963335605756E-004
 performing expansion, best =    7.0662889678673845E-004
 performing expansion, best =    7.0662797673816467E-004
 performing expansion, best =    7.0662493257985513E-004
 performing expansion, best =    7.0662342859150005E-004
 performing expansion, best =    7.0662057253408756E-004
 performing expansion, best =    7.0661744451155787E-004
 performing expansion, best =    7.0661466327484861E-004
 performing expansion, best =    7.0661001568513222E-004
 performing expansion, best =    7.0660556563653231E-004
 performing expansion, best =    7.0659979789579189E-004
 performing expansion, best =    7.0659367510250888E-004
 performing expansion, best =    7.0658461017195204E-004
 performing expansion, best =    7.0657777057281498E-004
 performing expansion, best =    7.0656468325432705E-004
 performing expansion, best =    7.0655099734170924E-004
 performing expansion, best =    7.0653981943361000E-004
 performing expansion, best =    7.0652245678416866E-004
 performing expansion, best =    7.0651176353562042E-004
 performing expansion, best =    7.0649110741132946E-004
 performing expansion, best =    7.0647039000850732E-004
 performing expansion, best =    7.0643177867000411E-004
 performing expansion, best =    7.0637915557180092E-004
 performing expansion, best =    7.0634626875045099E-004
 performing expansion, best =    7.0630951140927855E-004
 performing expansion, best =    7.0625385006614855E-004
 performing expansion, best =    7.0620017872660885E-004
 performing expansion, best =    7.0614656310610130E-004
 performing expansion, best =    7.0608747675875811E-004
 performing expansion, best =    7.0603773075378720E-004
 performing expansion, best =    7.0597312726838738E-004
 performing expansion, best =    7.0592326887431822E-004
 performing expansion, best =    7.0586661382307601E-004
 performing expansion, best =    7.0580635416221378E-004
 performing expansion, best =    7.0576773492897818E-004
 performing expansion, best =    7.0570725241906240E-004
 performing expansion, best =    7.0568631764502158E-004
 performing expansion, best =    7.0568534512471749E-004
 performing expansion, best =    7.0564806474097345E-004
 performing expansion, best =    7.0562925047004004E-004
 performing expansion, best =    7.0561403115156302E-004
 performing expansion, best =    7.0557579512245091E-004
 performing expansion, best =    7.0556694566736107E-004
 performing expansion, best =    7.0556382614367851E-004
 performing expansion, best =    7.0555201334820093E-004
 performing expansion, best =    7.0554168693669585E-004
 performing expansion, best =    7.0552878458102241E-004
 performing expansion, best =    7.0552763374474685E-004
 performing expansion, best =    7.0552704818094530E-004
 performing expansion, best =    7.0551989598937866E-004
 performing expansion, best =    7.0551421829575416E-004
 performing expansion, best =    7.0551143644964859E-004
 performing expansion, best =    7.0550923257058247E-004
 performing expansion, best =    7.0550675894825228E-004
 performing expansion, best =    7.0550583907180915E-004
 performing expansion, best =    7.0550377545101190E-004
 performing expansion, best =    7.0550114728391399E-004
 performing expansion, best =    7.0549805692345362E-004
 performing expansion, best =    7.0549751600489693E-004
 performing expansion, best =    7.0549739696640986E-004
 performing expansion, best =    7.0549629129984016E-004
 performing expansion, best =    7.0549503948677246E-004
 performing expansion, best =    7.0549379812136540E-004
 performing expansion, best =    7.0549315288429666E-004
 performing expansion, best =    7.0549192152221285E-004
 performing expansion, best =    7.0549154525836584E-004
 performing expansion, best =    7.0549061855143774E-004
 performing expansion, best =    7.0548946105359440E-004
 performing expansion, best =    7.0548838715866113E-004
 performing expansion, best =    7.0548732310030495E-004
 performing expansion, best =    7.0548587550211454E-004
 performing expansion, best =    7.0548433443056542E-004
 performing expansion, best =    7.0548249364676106E-004
 performing expansion, best =    7.0547851487430340E-004
 performing expansion, best =    7.0547622050239577E-004
 performing expansion, best =    7.0547540907497041E-004
 performing expansion, best =    7.0547102432867877E-004
 performing expansion, best =    7.0546610646462973E-004
 performing expansion, best =    7.0546359472327218E-004
 performing expansion, best =    7.0546112008951093E-004
 performing expansion, best =    7.0545532497397027E-004
 performing expansion, best =    7.0545000526251161E-004
 performing expansion, best =    7.0544862731339753E-004
 performing expansion, best =    7.0544170351630490E-004
 performing expansion, best =    7.0543298489363277E-004
 performing expansion, best =    7.0542751739465111E-004
 performing expansion, best =    7.0541988735516059E-004
 performing expansion, best =    7.0541523049680169E-004
 performing expansion, best =    7.0541306054010570E-004
 performing expansion, best =    7.0540827341864388E-004
 performing expansion, best =    7.0539782984829216E-004
 performing expansion, best =    7.0538777342293781E-004
 performing expansion, best =    7.0538127879007711E-004
 performing expansion, best =    7.0537094610822050E-004
 performing expansion, best =    7.0536909849300169E-004
 performing expansion, best =    7.0536445149273609E-004
 performing expansion, best =    7.0535696990917248E-004
 performing expansion, best =    7.0534553285187701E-004
 performing expansion, best =    7.0534097694514137E-004
 performing expansion, best =    7.0533776832934134E-004
 performing expansion, best =    7.0533773321983847E-004
 performing expansion, best =    7.0533186519902485E-004
 performing expansion, best =    7.0532518832573871E-004
 performing expansion, best =    7.0531327082146492E-004
 performing expansion, best =    7.0529827292484585E-004
 performing expansion, best =    7.0528552484210917E-004
 performing expansion, best =    7.0528014809371012E-004
 performing expansion, best =    7.0527454319214880E-004
 performing expansion, best =    7.0527335166191906E-004
 performing expansion, best =    7.0526789828426759E-004
 performing expansion, best =    7.0526523077391154E-004
 performing expansion, best =    7.0526339882117869E-004
 performing expansion, best =    7.0526291392037754E-004
 performing expansion, best =    7.0526183087673319E-004
 performing expansion, best =    7.0525865738188867E-004
 performing expansion, best =    7.0525704672850143E-004
 performing expansion, best =    7.0525605162222486E-004
 performing expansion, best =    7.0525260994290832E-004
 performing expansion, best =    7.0525177026537823E-004
 performing expansion, best =    7.0524998765215789E-004
 performing expansion, best =    7.0524726928281750E-004
 performing expansion, best =    7.0524568568980394E-004
 performing expansion, best =    7.0524311700973907E-004
 performing expansion, best =    7.0523724833195434E-004
 performing expansion, best =    7.0523153365866279E-004
 performing expansion, best =    7.0522552723144326E-004
 performing expansion, best =    7.0521830717973301E-004
 performing expansion, best =    7.0521196048380064E-004
 performing expansion, best =    7.0520937291526295E-004
 performing expansion, best =    7.0520192041747013E-004
 performing expansion, best =    7.0519336880884328E-004
 performing expansion, best =    7.0518610069092446E-004
 performing expansion, best =    7.0517662260057587E-004
 performing expansion, best =    7.0517117659792637E-004
 performing expansion, best =    7.0516874626003288E-004
 performing expansion, best =    7.0516329029174222E-004
 performing expansion, best =    7.0515921256807102E-004
 performing expansion, best =    7.0515626348710764E-004
 performing expansion, best =    7.0515492294885920E-004
 performing expansion, best =    7.0515395548800092E-004
 performing expansion, best =    7.0514493749177377E-004
 performing expansion, best =    7.0513619847794749E-004
 performing expansion, best =    7.0513140365648704E-004
 performing expansion, best =    7.0512736303862515E-004
 performing expansion, best =    7.0511740952816930E-004
 performing expansion, best =    7.0511630095287806E-004
 performing expansion, best =    7.0511395050118269E-004
 performing expansion, best =    7.0511270901375204E-004
 performing expansion, best =    7.0510872251565123E-004
 performing expansion, best =    7.0510659355352018E-004
 performing expansion, best =    7.0510117122459860E-004
 performing expansion, best =    7.0509747949369791E-004
 performing expansion, best =    7.0509712948240669E-004
 performing expansion, best =    7.0509579907330122E-004
 performing expansion, best =    7.0509472083181586E-004
 performing expansion, best =    7.0509412459464555E-004
 performing expansion, best =    7.0509377230708076E-004
 performing expansion, best =    7.0509270024276356E-004
 performing expansion, best =    7.0509145266701989E-004
 performing expansion, best =    7.0509087225249973E-004
 performing expansion, best =    7.0509080797035806E-004
 performing expansion, best =    7.0509060310404968E-004
 performing expansion, best =    7.0509002321148689E-004
 performing expansion, best =    7.0508990569274020E-004
 performing expansion, best =    7.0508953910385509E-004
 performing expansion, best =    7.0508917126811004E-004
 performing expansion, best =    7.0508913488276544E-004
 performing expansion, best =    7.0508876612991925E-004
 performing expansion, best =    7.0508865981068610E-004
 performing expansion, best =    7.0508824546979215E-004
 performing expansion, best =    7.0508789567555322E-004
 performing expansion, best =    7.0508769288970001E-004
 performing expansion, best =    7.0508725967025575E-004
 performing expansion, best =    7.0508685142843487E-004
 performing expansion, best =    7.0508635615857426E-004
 performing expansion, best =    7.0508550304615935E-004
 performing expansion, best =    7.0508449878727637E-004
 performing expansion, best =    7.0508394036583881E-004
 performing expansion, best =    7.0508279385236177E-004
 performing expansion, best =    7.0508174624639029E-004
 performing expansion, best =    7.0508075576996285E-004
 performing expansion, best =    7.0507923210176441E-004
 performing expansion, best =    7.0507880057256835E-004
 performing expansion, best =    7.0507804291472498E-004
 performing expansion, best =    7.0507693391038805E-004
 performing expansion, best =    7.0507473501409969E-004
 performing expansion, best =    7.0507164931501423E-004
 performing expansion, best =    7.0507007127405157E-004
 performing expansion, best =    7.0506825711916829E-004
 performing expansion, best =    7.0506662586358054E-004
 performing expansion, best =    7.0506392093710969E-004
 performing expansion, best =    7.0505867934925800E-004
 performing expansion, best =    7.0505499668068220E-004
 performing expansion, best =    7.0505011525794721E-004
 performing expansion, best =    7.0504624158349190E-004
 performing expansion, best =    7.0503957496390393E-004
 performing expansion, best =    7.0503367405188168E-004
 performing expansion, best =    7.0502237351854988E-004
 performing expansion, best =    7.0501309464368579E-004
 performing expansion, best =    7.0500327700473301E-004
 performing expansion, best =    7.0499608816995576E-004
 performing expansion, best =    7.0498631443172632E-004
 performing expansion, best =    7.0497143880590522E-004
 performing expansion, best =    7.0495842731647517E-004
 performing expansion, best =    7.0494150324563055E-004
 performing expansion, best =    7.0492990273698767E-004
 performing expansion, best =    7.0491997032191540E-004
 performing expansion, best =    7.0490088834329362E-004
 performing expansion, best =    7.0488454295490155E-004
 performing expansion, best =    7.0486940594837106E-004
 performing expansion, best =    7.0484961683384291E-004
 performing expansion, best =    7.0481970378948879E-004
 performing expansion, best =    7.0479765643875910E-004
 performing expansion, best =    7.0476032429177618E-004
 performing expansion, best =    7.0472264581082557E-004
 performing expansion, best =    7.0467732189996937E-004
 performing expansion, best =    7.0463958259384997E-004
 performing expansion, best =    7.0459765822036846E-004
 performing expansion, best =    7.0453530169908558E-004
 performing expansion, best =    7.0448243941120391E-004
 performing expansion, best =    7.0442915608779841E-004
 performing expansion, best =    7.0438673911561635E-004
 performing expansion, best =    7.0433307369430350E-004
 performing expansion, best =    7.0430900994835060E-004
 performing expansion, best =    7.0426444982520727E-004
 performing expansion, best =    7.0418850492421758E-004
 performing expansion, best =    7.0414921978696179E-004
 performing expansion, best =    7.0408413308757016E-004
 performing expansion, best =    7.0401591589333405E-004
 performing expansion, best =    7.0394172300488136E-004
 performing expansion, best =    7.0381486826107055E-004
 performing expansion, best =    7.0371446191801320E-004
 performing expansion, best =    7.0360128561731191E-004
 performing expansion, best =    7.0347628523113838E-004
 performing expansion, best =    7.0340580494876329E-004
 performing expansion, best =    7.0335493840379803E-004
 performing expansion, best =    7.0331931879049866E-004
 performing expansion, best =    7.0331667214685667E-004
 performing expansion, best =    7.0329305067254539E-004
 performing expansion, best =    7.0328485791824674E-004
 performing expansion, best =    7.0324301004561331E-004
 performing expansion, best =    7.0323312291893549E-004
 performing expansion, best =    7.0320929809688994E-004
 performing expansion, best =    7.0320769941654992E-004
 performing expansion, best =    7.0320632182009830E-004
 performing expansion, best =    7.0320406846058933E-004
 performing expansion, best =    7.0318070880154542E-004
 performing expansion, best =    7.0317466736876365E-004
 performing expansion, best =    7.0312456845011148E-004
 performing expansion, best =    7.0311793129225497E-004
 performing expansion, best =    7.0309679898321439E-004
 performing expansion, best =    7.0303387938895883E-004
 performing expansion, best =    7.0303364278918824E-004
 performing expansion, best =    7.0303322502254643E-004
 performing expansion, best =    7.0301930367167227E-004
 performing expansion, best =    7.0300941015639040E-004
 performing expansion, best =    7.0300115006402476E-004
 performing expansion, best =    7.0299328170084956E-004
 performing expansion, best =    7.0298860765189580E-004
 performing expansion, best =    7.0298416261402698E-004
 performing expansion, best =    7.0297587545124318E-004
 performing expansion, best =    7.0297413940265151E-004
 performing expansion, best =    7.0296938584756192E-004
 performing expansion, best =    7.0296292459787147E-004
 performing expansion, best =    7.0295577445048585E-004
 performing expansion, best =    7.0295552616568839E-004
 performing expansion, best =    7.0294050484550632E-004
 performing expansion, best =    7.0293543873698567E-004
 performing expansion, best =    7.0293306511406528E-004
 performing expansion, best =    7.0292832571028385E-004
 performing expansion, best =    7.0292577066093608E-004
 performing expansion, best =    7.0291249714027164E-004
 performing expansion, best =    7.0291122980925688E-004
 performing expansion, best =    7.0290735263792853E-004
 performing expansion, best =    7.0290480484244201E-004
 performing expansion, best =    7.0290251059782827E-004
 performing expansion, best =    7.0290110790169477E-004
 performing expansion, best =    7.0290081220823340E-004
 performing expansion, best =    7.0289769593882758E-004
 performing expansion, best =    7.0289557176426314E-004
 performing expansion, best =    7.0289513949552368E-004
 performing expansion, best =    7.0289483785051317E-004
 performing expansion, best =    7.0289060617618462E-004
 performing expansion, best =    7.0288949520880804E-004
 performing expansion, best =    7.0288942517718529E-004
 performing expansion, best =    7.0288866519509598E-004
 performing expansion, best =    7.0288789105019405E-004
 performing expansion, best =    7.0288725251510715E-004
 performing expansion, best =    7.0288672995445583E-004
 performing expansion, best =    7.0288612673680975E-004
 performing expansion, best =    7.0288589585752390E-004
 performing expansion, best =    7.0288571857135031E-004
 performing expansion, best =    7.0288551034081853E-004
 performing expansion, best =    7.0288541355185649E-004
 performing expansion, best =    7.0288443487741866E-004
 performing expansion, best =    7.0288430481320894E-004
 performing expansion, best =    7.0288377118987982E-004
 performing expansion, best =    7.0288363638043247E-004
 performing expansion, best =    7.0288360955162615E-004
 performing expansion, best =    7.0288305818869525E-004
 performing expansion, best =    7.0288217124878918E-004
 performing expansion, best =    7.0288073966278514E-004
 performing expansion, best =    7.0288013645947178E-004
 performing expansion, best =    7.0287951370309309E-004
 performing expansion, best =    7.0287835271314687E-004
 performing expansion, best =    7.0287805973550212E-004
 performing expansion, best =    7.0287798759180117E-004
 performing expansion, best =    7.0287775840535520E-004
 performing expansion, best =    7.0287635805202668E-004
 performing expansion, best =    7.0287597869422575E-004
 performing expansion, best =    7.0287427091118826E-004
 performing expansion, best =    7.0287204059139310E-004
 performing expansion, best =    7.0287179919792029E-004
 performing expansion, best =    7.0287178939712502E-004
 performing expansion, best =    7.0287070444492673E-004
 performing expansion, best =    7.0287016439618175E-004
 performing expansion, best =    7.0286967400141496E-004
 performing expansion, best =    7.0286940765466811E-004
 performing expansion, best =    7.0286934246134125E-004
 performing expansion, best =    7.0286927185838211E-004
 performing expansion, best =    7.0286858657529348E-004
 performing expansion, best =    7.0286834383251275E-004
 performing expansion, best =    7.0286827904698110E-004
 performing expansion, best =    7.0286808436162450E-004
 performing expansion, best =    7.0286765916504430E-004
 performing expansion, best =    7.0286741136387312E-004
 performing expansion, best =    7.0286729131989803E-004
 performing expansion, best =    7.0286705112180344E-004
 performing expansion, best =    7.0286660077777108E-004
 performing expansion, best =    7.0286643152054587E-004
 performing expansion, best =    7.0286605019282799E-004
 performing expansion, best =    7.0286599287839495E-004
 performing expansion, best =    7.0286597479149622E-004
 performing expansion, best =    7.0286585646764529E-004
 performing expansion, best =    7.0286574418433438E-004
 performing expansion, best =    7.0286573171210941E-004
 performing expansion, best =    7.0286568145496028E-004
 performing expansion, best =    7.0286563637095420E-004
 performing expansion, best =    7.0286562145667616E-004
 performing expansion, best =    7.0286557911075707E-004
 performing expansion, best =    7.0286556277978339E-004
 performing expansion, best =    7.0286550259757901E-004
 performing expansion, best =    7.0286549011114503E-004
 performing expansion, best =    7.0286537857971955E-004
 performing expansion, best =    7.0286518486223945E-004
 performing expansion, best =    7.0286517062009347E-004
 performing expansion, best =    7.0286511044323420E-004
 performing expansion, best =    7.0286510731155244E-004
 performing expansion, best =    7.0286503959574021E-004
 performing expansion, best =    7.0286493606797312E-004
 performing expansion, best =    7.0286484959194767E-004
 performing expansion, best =    7.0286476069877164E-004
 performing expansion, best =    7.0286469064679191E-004
 performing expansion, best =    7.0286466867920639E-004
 performing expansion, best =    7.0286456942178846E-004
 performing expansion, best =    7.0286449456086425E-004
 performing expansion, best =    7.0286448701489487E-004
 performing expansion, best =    7.0286444576348926E-004
 performing expansion, best =    7.0286443243514941E-004
 performing expansion, best =    7.0286434990881328E-004
 performing expansion, best =    7.0286434440968706E-004
 performing expansion, best =    7.0286432640196783E-004
 performing expansion, best =    7.0286429625254028E-004
 performing expansion, best =    7.0286426950204794E-004
 performing expansion, best =    7.0286419992140309E-004
 performing expansion, best =    7.0286418443169570E-004
 performing expansion, best =    7.0286414082530344E-004
 performing expansion, best =    7.0286405641271086E-004
 performing expansion, best =    7.0286399001419993E-004
 performing expansion, best =    7.0286397065552153E-004
 performing expansion, best =    7.0286395316595455E-004
 performing expansion, best =    7.0286388665821448E-004
 performing expansion, best =    7.0286388621815601E-004
 performing expansion, best =    7.0286385346244012E-004
 performing expansion, best =    7.0286384143488918E-004
 performing expansion, best =    7.0286382712617720E-004
 performing expansion, best =    7.0286380827828260E-004
 performing expansion, best =    7.0286380247874380E-004
 performing expansion, best =    7.0286378701439134E-004
 performing expansion, best =    7.0286378052780620E-004
 performing expansion, best =    7.0286377560327515E-004
 performing expansion, best =    7.0286377473552722E-004
 performing expansion, best =    7.0286376321738531E-004
 performing expansion, best =    7.0286375907372626E-004
 performing expansion, best =    7.0286374762792698E-004
 performing expansion, best =    7.0286374527026268E-004
 performing expansion, best =    7.0286373893553523E-004
 performing expansion, best =    7.0286373753785465E-004
 performing expansion, best =    7.0286373727087344E-004
 performing expansion, best =    7.0286373112462294E-004
 performing expansion, best =    7.0286372789157478E-004
 performing expansion, best =    7.0286372313911692E-004
 performing expansion, best =    7.0286371939492511E-004
 performing expansion, best =    7.0286371334726090E-004
 performing expansion, best =    7.0286370951178003E-004
 performing expansion, best =    7.0286370321836556E-004
 performing expansion, best =    7.0286368840183073E-004
 performing expansion, best =    7.0286368410001684E-004
 performing expansion, best =    7.0286368098376696E-004
 performing expansion, best =    7.0286366552126036E-004
 performing expansion, best =    7.0286365070652661E-004
 performing expansion, best =    7.0286364556734684E-004
 performing expansion, best =    7.0286364001541531E-004
 performing expansion, best =    7.0286363893375180E-004
 performing expansion, best =    7.0286363274948049E-004
 performing expansion, best =    7.0286362349405052E-004
 performing expansion, best =    7.0286362061474533E-004
 performing expansion, best =    7.0286361690560296E-004
 performing expansion, best =    7.0286360560003179E-004
 performing expansion, best =    7.0286358426523967E-004
 performing expansion, best =    7.0286358275573502E-004
 performing expansion, best =    7.0286358020694561E-004
 performing expansion, best =    7.0286357505520102E-004
 performing expansion, best =    7.0286357225661132E-004
 performing expansion, best =    7.0286357092285497E-004
 performing expansion, best =    7.0286356831576584E-004
 performing expansion, best =    7.0286356481631511E-004
 performing expansion, best =    7.0286356059158679E-004
 performing expansion, best =    7.0286355588544181E-004
 performing expansion, best =    7.0286355575686628E-004
 performing expansion, best =    7.0286354554077496E-004
 performing expansion, best =    7.0286354293470216E-004
 performing expansion, best =    7.0286354026774436E-004
 performing expansion, best =    7.0286352848448824E-004
 performing expansion, best =    7.0286352793597106E-004
 performing expansion, best =    7.0286352470755981E-004
 performing expansion, best =    7.0286352249513502E-004
 performing expansion, best =    7.0286351567797013E-004
 performing expansion, best =    7.0286350804174157E-004
 performing expansion, best =    7.0286350224399105E-004
 performing expansion, best =    7.0286349870343030E-004
 performing expansion, best =    7.0286349234809824E-004
 performing expansion, best =    7.0286349165198374E-004
 performing expansion, best =    7.0286348282792149E-004
 performing expansion, best =    7.0286348170700563E-004
 performing expansion, best =    7.0286347932784225E-004
 performing expansion, best =    7.0286347574953175E-004
 performing expansion, best =    7.0286347526915744E-004
 performing expansion, best =    7.0286346825806781E-004
 performing expansion, best =    7.0286346382113544E-004
 performing expansion, best =    7.0286345486533449E-004
 performing expansion, best =    7.0286344731053233E-004
 performing expansion, best =    7.0286343871635857E-004
 performing expansion, best =    7.0286343282397780E-004
 performing expansion, best =    7.0286342415264548E-004
 performing expansion, best =    7.0286340888277006E-004
 performing expansion, best =    7.0286340479703972E-004
 performing expansion, best =    7.0286340185139859E-004
 performing expansion, best =    7.0286339594960250E-004
 performing expansion, best =    7.0286338317225399E-004
 performing expansion, best =    7.0286336442869119E-004
 performing expansion, best =    7.0286335187789842E-004
 performing expansion, best =    7.0286333507802053E-004
 performing expansion, best =    7.0286331501772108E-004
 performing expansion, best =    7.0286331463974478E-004
 performing expansion, best =    7.0286331291992193E-004
 performing expansion, best =    7.0286330713415380E-004
 performing expansion, best =    7.0286330347372377E-004
 performing expansion, best =    7.0286329769893871E-004
 performing expansion, best =    7.0286329068726264E-004
 performing expansion, best =    7.0286328751229682E-004
 performing expansion, best =    7.0286327936571781E-004
 performing expansion, best =    7.0286327235534506E-004
 performing expansion, best =    7.0286327087867558E-004
 performing expansion, best =    7.0286326820934739E-004
 performing expansion, best =    7.0286326729967423E-004
 performing expansion, best =    7.0286326385179628E-004
 performing expansion, best =    7.0286326092832265E-004
 performing expansion, best =    7.0286325631237591E-004
 performing expansion, best =    7.0286325435125140E-004
 performing expansion, best =    7.0286324904004799E-004
 performing expansion, best =    7.0286324674714038E-004
 performing expansion, best =    7.0286324238873340E-004
 performing expansion, best =    7.0286323937650047E-004
 performing expansion, best =    7.0286323723236978E-004
 performing expansion, best =    7.0286323206316661E-004
 performing expansion, best =    7.0286322862980267E-004
 performing expansion, best =    7.0286322453864199E-004
 performing expansion, best =    7.0286321965908202E-004
 performing expansion, best =    7.0286321821788590E-004
 performing expansion, best =    7.0286321716231100E-004
 performing expansion, best =    7.0286321564554707E-004
 performing expansion, best =    7.0286321479712623E-004
 performing expansion, best =    7.0286321284078620E-004
 performing expansion, best =    7.0286321241964911E-004
 performing expansion, best =    7.0286320999959461E-004
 performing expansion, best =    7.0286320911279758E-004
 performing expansion, best =    7.0286320841195260E-004
 performing expansion, best =    7.0286320569608915E-004
 performing expansion, best =    7.0286320488531105E-004
 performing expansion, best =    7.0286320309258395E-004
 performing expansion, best =    7.0286320262988550E-004
 performing expansion, best =    7.0286320261149244E-004
 performing expansion, best =    7.0286320183011075E-004
 performing expansion, best =    7.0286320122408467E-004
 performing expansion, best =    7.0286319999324502E-004
 performing expansion, best =    7.0286319674394207E-004
 performing expansion, best =    7.0286319600134620E-004
 performing expansion, best =    7.0286319549764311E-004
 performing expansion, best =    7.0286319497222757E-004
 performing expansion, best =    7.0286319395356433E-004
 performing expansion, best =    7.0286319298887333E-004
 performing expansion, best =    7.0286319266197456E-004
 performing expansion, best =    7.0286319196187410E-004
 performing expansion, best =    7.0286319188076559E-004
 performing expansion, best =    7.0286319151278368E-004
 performing expansion, best =    7.0286319041783013E-004
 performing expansion, best =    7.0286319030057941E-004
 performing expansion, best =    7.0286318914343602E-004
 performing expansion, best =    7.0286318874733891E-004
 performing expansion, best =    7.0286318843643635E-004
 performing expansion, best =    7.0286318706034266E-004
 performing expansion, best =    7.0286318550828394E-004
 performing expansion, best =    7.0286318341117185E-004
 performing expansion, best =    7.0286318117422815E-004
 performing expansion, best =    7.0286317918097981E-004
 performing expansion, best =    7.0286317838258482E-004
 performing expansion, best =    7.0286317666021941E-004
 performing expansion, best =    7.0286317441111974E-004
 performing expansion, best =    7.0286317225623637E-004
 performing expansion, best =    7.0286317197763870E-004
 performing expansion, best =    7.0286317173391883E-004
 performing expansion, best =    7.0286317106395605E-004
 performing expansion, best =    7.0286317077232637E-004
 performing expansion, best =    7.0286316892013165E-004
 performing expansion, best =    7.0286316635983755E-004
 performing expansion, best =    7.0286316370832659E-004
 performing expansion, best =    7.0286316220579737E-004
 performing expansion, best =    7.0286315928742144E-004
 performing expansion, best =    7.0286315422313716E-004
 performing expansion, best =    7.0286314843645103E-004
 performing expansion, best =    7.0286314040476732E-004
 performing expansion, best =    7.0286313293513292E-004
 performing expansion, best =    7.0286312450424597E-004
 performing expansion, best =    7.0286311100715309E-004
 performing expansion, best =    7.0286310203548517E-004
 performing expansion, best =    7.0286309081128131E-004
 performing expansion, best =    7.0286307614324619E-004
 performing expansion, best =    7.0286305892774254E-004
 performing expansion, best =    7.0286304417251403E-004
 performing expansion, best =    7.0286301847908520E-004
 performing expansion, best =    7.0286299880808274E-004
 performing expansion, best =    7.0286296615937457E-004
 performing expansion, best =    7.0286293309323046E-004
 performing expansion, best =    7.0286289471600859E-004
 performing expansion, best =    7.0286286261688413E-004
 performing expansion, best =    7.0286281752921897E-004
 performing expansion, best =    7.0286278538703130E-004
 performing expansion, best =    7.0286274004115992E-004
 performing expansion, best =    7.0286267798786741E-004
 performing expansion, best =    7.0286259895567982E-004
 performing expansion, best =    7.0286252263018691E-004
 performing expansion, best =    7.0286244669832444E-004
 performing expansion, best =    7.0286237629269715E-004
 performing expansion, best =    7.0286227786326197E-004
 performing expansion, best =    7.0286217841187225E-004
 performing expansion, best =    7.0286210936677937E-004
 performing expansion, best =    7.0286200690255173E-004
 performing expansion, best =    7.0286184135903566E-004
 performing expansion, best =    7.0286168732345796E-004
 performing expansion, best =    7.0286155586211322E-004
 performing expansion, best =    7.0286142934510682E-004
 performing expansion, best =    7.0286127467092808E-004
 performing expansion, best =    7.0286105280212090E-004
 performing expansion, best =    7.0286081785079580E-004
 performing expansion, best =    7.0286063911847757E-004
 performing expansion, best =    7.0286049028126982E-004
 performing expansion, best =    7.0286037191661667E-004
 performing expansion, best =    7.0286020611594249E-004
 performing expansion, best =    7.0286009758505302E-004
 performing expansion, best =    7.0285991570971575E-004
 performing expansion, best =    7.0285980164322187E-004
 performing expansion, best =    7.0285969436721055E-004
 performing expansion, best =    7.0285942549575019E-004
 performing expansion, best =    7.0285921564101255E-004
 performing expansion, best =    7.0285900723117032E-004
 performing expansion, best =    7.0285888773439630E-004
 performing expansion, best =    7.0285862879992500E-004
 performing expansion, best =    7.0285830479822745E-004
 performing expansion, best =    7.0285801464815291E-004
 performing expansion, best =    7.0285769437016627E-004
 performing expansion, best =    7.0285725809447069E-004
 performing expansion, best =    7.0285695873312985E-004
 performing expansion, best =    7.0285662381859408E-004
 performing expansion, best =    7.0285629100775367E-004
 performing expansion, best =    7.0285595421943497E-004
 performing expansion, best =    7.0285543352584018E-004
 performing expansion, best =    7.0285486703071398E-004
 performing expansion, best =    7.0285443059588755E-004
 performing expansion, best =    7.0285409229033341E-004
 performing expansion, best =    7.0285358246070925E-004
 performing expansion, best =    7.0285287139236702E-004
 performing expansion, best =    7.0285249357430991E-004
 performing expansion, best =    7.0285193350668297E-004
 performing expansion, best =    7.0285140205711763E-004
 performing expansion, best =    7.0285106346362075E-004
 performing expansion, best =    7.0285030644489559E-004
 performing expansion, best =    7.0284929382475106E-004
 performing expansion, best =    7.0284839629741421E-004
 performing expansion, best =    7.0284703006858948E-004
 performing expansion, best =    7.0284628122542427E-004
 performing expansion, best =    7.0284495095837866E-004
 performing expansion, best =    7.0284392630061367E-004
 performing expansion, best =    7.0284337673154188E-004
 performing expansion, best =    7.0284263720312963E-004
 performing expansion, best =    7.0284139366090818E-004
 performing expansion, best =    7.0284053927931525E-004
 performing expansion, best =    7.0284042672506721E-004
 performing expansion, best =    7.0284039061762867E-004
 performing expansion, best =    7.0284031563076560E-004
 performing expansion, best =    7.0283985102066553E-004
 performing expansion, best =    7.0283905755343817E-004
 performing expansion, best =    7.0283838279731241E-004
 performing expansion, best =    7.0283800058463012E-004
 performing expansion, best =    7.0283775427868085E-004
 performing expansion, best =    7.0283735724415851E-004
 performing expansion, best =    7.0283687540707049E-004
 performing expansion, best =    7.0283676774375071E-004
 performing expansion, best =    7.0283639249255504E-004
 performing expansion, best =    7.0283638794840135E-004
 performing expansion, best =    7.0283626188780883E-004
 performing expansion, best =    7.0283614005147517E-004
 performing expansion, best =    7.0283605949743723E-004
 performing expansion, best =    7.0283587416004086E-004
 performing expansion, best =    7.0283585986469460E-004
 performing expansion, best =    7.0283582833308644E-004
 performing expansion, best =    7.0283553300085273E-004
 performing expansion, best =    7.0283526206594302E-004
 performing expansion, best =    7.0283502529687274E-004
 performing expansion, best =    7.0283477855465125E-004
 performing expansion, best =    7.0283463341285000E-004
 performing expansion, best =    7.0283434941094121E-004
 performing expansion, best =    7.0283409605470591E-004
 performing expansion, best =    7.0283363507593329E-004
 performing expansion, best =    7.0283347562335216E-004
 performing expansion, best =    7.0283336519010823E-004
 performing expansion, best =    7.0283334290564923E-004
 performing expansion, best =    7.0283320409306031E-004
 performing expansion, best =    7.0283312999915785E-004
 performing expansion, best =    7.0283306194711978E-004
 performing expansion, best =    7.0283303296074669E-004
 performing expansion, best =    7.0283302136875923E-004
 performing expansion, best =    7.0283301234749665E-004
 performing expansion, best =    7.0283299392491093E-004
 performing expansion, best =    7.0283295425391679E-004
 performing expansion, best =    7.0283292901580387E-004
 performing expansion, best =    7.0283290427657118E-004
 performing expansion, best =    7.0283288101228669E-004
 performing expansion, best =    7.0283287658195180E-004
 performing expansion, best =    7.0283287403340915E-004
 performing expansion, best =    7.0283286903377704E-004
 performing expansion, best =    7.0283286093019673E-004
 performing expansion, best =    7.0283286016631840E-004
 performing expansion, best =    7.0283285372644503E-004
 performing expansion, best =    7.0283283535023107E-004
 performing expansion, best =    7.0283283302637089E-004
 performing expansion, best =    7.0283282719508762E-004
 performing expansion, best =    7.0283281560129735E-004
 performing expansion, best =    7.0283280823188801E-004
 performing expansion, best =    7.0283280657222917E-004
 performing expansion, best =    7.0283279678091124E-004
 performing expansion, best =    7.0283279606214613E-004
 performing expansion, best =    7.0283279090955608E-004
 performing expansion, best =    7.0283278218625568E-004
 performing expansion, best =    7.0283277644114274E-004
 performing expansion, best =    7.0283277151363436E-004
 performing expansion, best =    7.0283276834807930E-004
 performing expansion, best =    7.0283276456339222E-004
 performing expansion, best =    7.0283276088701553E-004
 performing expansion, best =    7.0283275196257426E-004
 performing expansion, best =    7.0283274358841049E-004
 performing expansion, best =    7.0283274014192618E-004
 performing expansion, best =    7.0283272611483777E-004
 performing expansion, best =    7.0283271517922663E-004
 performing expansion, best =    7.0283269816639462E-004
 performing expansion, best =    7.0283269721197470E-004
 performing expansion, best =    7.0283268550324837E-004
 performing expansion, best =    7.0283267234425744E-004
 performing expansion, best =    7.0283267208067271E-004
 performing expansion, best =    7.0283266288084594E-004
 performing expansion, best =    7.0283265938118965E-004
 performing expansion, best =    7.0283265367019991E-004
 performing expansion, best =    7.0283265131990981E-004
 performing expansion, best =    7.0283264483755404E-004
 performing expansion, best =    7.0283263890329791E-004
 performing expansion, best =    7.0283263712262747E-004
 performing expansion, best =    7.0283263592461822E-004
 performing expansion, best =    7.0283263327759868E-004
 performing expansion, best =    7.0283262491963885E-004
 performing expansion, best =    7.0283261521775133E-004
 performing expansion, best =    7.0283261136163875E-004
 performing expansion, best =    7.0283260799747303E-004
 performing expansion, best =    7.0283260075818270E-004
 performing expansion, best =    7.0283260015056252E-004
 performing expansion, best =    7.0283259402626212E-004
 performing expansion, best =    7.0283259081217828E-004
 performing expansion, best =    7.0283258680052182E-004
 performing expansion, best =    7.0283258525739877E-004
 performing expansion, best =    7.0283258032492583E-004
 performing expansion, best =    7.0283257161812547E-004
 performing expansion, best =    7.0283257013873518E-004
 performing expansion, best =    7.0283256986154426E-004
 performing expansion, best =    7.0283255844081575E-004
 performing expansion, best =    7.0283254805917348E-004
 performing expansion, best =    7.0283253818129729E-004
 performing expansion, best =    7.0283252910944313E-004
 performing expansion, best =    7.0283252795458968E-004
 performing expansion, best =    7.0283252780015495E-004
 performing expansion, best =    7.0283252692560864E-004
 performing expansion, best =    7.0283251859494099E-004
 performing expansion, best =    7.0283251364215314E-004
 performing expansion, best =    7.0283251198835159E-004
 performing expansion, best =    7.0283250998443546E-004
 performing expansion, best =    7.0283250910938878E-004
 performing expansion, best =    7.0283250818362725E-004
 performing expansion, best =    7.0283250509853550E-004
 performing expansion, best =    7.0283249544546625E-004
 performing expansion, best =    7.0283249418817543E-004
 performing expansion, best =    7.0283248274300987E-004
 performing expansion, best =    7.0283247332045295E-004
 performing expansion, best =    7.0283246826794213E-004
 performing expansion, best =    7.0283245594033217E-004
 performing expansion, best =    7.0283243721777384E-004
 performing expansion, best =    7.0283242258977526E-004
 performing expansion, best =    7.0283241568278672E-004
 performing expansion, best =    7.0283240357064741E-004
 performing expansion, best =    7.0283238383342871E-004
 performing expansion, best =    7.0283237109610309E-004
 performing expansion, best =    7.0283234470576190E-004
 performing expansion, best =    7.0283232633225063E-004
 performing expansion, best =    7.0283228761801287E-004
 performing expansion, best =    7.0283227111152258E-004
 performing expansion, best =    7.0283222369077057E-004
 performing expansion, best =    7.0283216612998230E-004
 performing expansion, best =    7.0283213770532351E-004
 performing expansion, best =    7.0283206691650784E-004
 performing expansion, best =    7.0283202511213885E-004
 performing expansion, best =    7.0283197366410898E-004
 performing expansion, best =    7.0283194441007641E-004
 performing expansion, best =    7.0283191964988490E-004
 performing expansion, best =    7.0283189584811954E-004
 performing expansion, best =    7.0283185640476287E-004
 performing expansion, best =    7.0283178613132378E-004
 performing expansion, best =    7.0283167349225449E-004
 performing expansion, best =    7.0283159973310173E-004
 performing expansion, best =    7.0283149510141517E-004
 performing expansion, best =    7.0283143424166054E-004
 performing expansion, best =    7.0283131913759461E-004
 performing expansion, best =    7.0283124273406072E-004
 performing expansion, best =    7.0283110392449456E-004
 performing expansion, best =    7.0283096789646403E-004
 performing expansion, best =    7.0283076506825982E-004
 performing expansion, best =    7.0283052342952899E-004
 performing expansion, best =    7.0283021191266427E-004
 performing expansion, best =    7.0282990182554033E-004
 performing expansion, best =    7.0282957990319673E-004
 performing expansion, best =    7.0282925149025113E-004
 performing expansion, best =    7.0282892907615364E-004
 performing expansion, best =    7.0282848061614482E-004
 performing expansion, best =    7.0282810320503725E-004
 performing expansion, best =    7.0282793293802983E-004
 performing expansion, best =    7.0282762451972071E-004
 performing expansion, best =    7.0282697184984196E-004
 performing expansion, best =    7.0282656792697057E-004
 performing expansion, best =    7.0282620398764517E-004
 performing expansion, best =    7.0282550541943137E-004
 performing expansion, best =    7.0282463052914778E-004
 performing expansion, best =    7.0282397351880733E-004
 performing expansion, best =    7.0282290714172000E-004
 performing expansion, best =    7.0282183878638113E-004
 performing expansion, best =    7.0282063742204825E-004
 performing expansion, best =    7.0282009529286078E-004
 performing expansion, best =    7.0281894424666157E-004
 performing expansion, best =    7.0281823141849333E-004
 performing expansion, best =    7.0281651165610766E-004
 performing expansion, best =    7.0281456138492093E-004
 performing expansion, best =    7.0281362043138091E-004
 performing expansion, best =    7.0281213362413935E-004
 performing expansion, best =    7.0280973578989178E-004
 performing expansion, best =    7.0280780501213633E-004
 performing expansion, best =    7.0280697185246877E-004
 performing expansion, best =    7.0280470209931143E-004
 performing expansion, best =    7.0280193695901696E-004
 performing expansion, best =    7.0279970084103770E-004
 performing expansion, best =    7.0279711147775261E-004
 performing expansion, best =    7.0279389539029159E-004
 performing expansion, best =    7.0279164991696901E-004
 performing expansion, best =    7.0279063269019257E-004
 performing expansion, best =    7.0278855734391785E-004
 performing expansion, best =    7.0278585537741109E-004
 performing expansion, best =    7.0278322775653413E-004
 performing expansion, best =    7.0278155619578461E-004
 performing expansion, best =    7.0277732997533365E-004
 performing expansion, best =    7.0277323683772008E-004
 performing expansion, best =    7.0277167764203009E-004
 performing expansion, best =    7.0277049524289218E-004
 performing expansion, best =    7.0276781700190382E-004
 performing expansion, best =    7.0276738152248090E-004
 performing expansion, best =    7.0276529090521924E-004
 performing expansion, best =    7.0276307360340735E-004
 performing expansion, best =    7.0276242346320841E-004
 performing expansion, best =    7.0276113345345368E-004
 performing expansion, best =    7.0276047356719173E-004
 performing expansion, best =    7.0276040192721403E-004
 performing expansion, best =    7.0275880650185862E-004
 performing expansion, best =    7.0275765599599053E-004
 performing expansion, best =    7.0275645116359890E-004
 performing expansion, best =    7.0275563273869510E-004
 performing expansion, best =    7.0275451541379019E-004
 performing expansion, best =    7.0275281578439323E-004
 performing expansion, best =    7.0275265775591067E-004
 performing expansion, best =    7.0275244334267600E-004
 performing expansion, best =    7.0275162504460109E-004
 performing expansion, best =    7.0275160092418177E-004
 performing expansion, best =    7.0275139178015145E-004
 performing expansion, best =    7.0275117366919561E-004
 performing expansion, best =    7.0275099873336568E-004
 performing expansion, best =    7.0275069046646778E-004
 performing expansion, best =    7.0275046037099971E-004
 performing expansion, best =    7.0275022464327873E-004
 performing expansion, best =    7.0274986264863863E-004
 performing expansion, best =    7.0274960676705632E-004
 performing expansion, best =    7.0274947040953914E-004
 performing expansion, best =    7.0274912424921922E-004
 performing expansion, best =    7.0274899693011854E-004
 performing expansion, best =    7.0274890901226130E-004
 performing expansion, best =    7.0274888508032609E-004
 performing expansion, best =    7.0274888249911328E-004
 performing expansion, best =    7.0274886822477094E-004
 performing expansion, best =    7.0274885778980501E-004
 performing expansion, best =    7.0274883217086304E-004
 performing expansion, best =    7.0274882946890112E-004
 performing expansion, best =    7.0274882381082869E-004
 performing expansion, best =    7.0274881405181869E-004
 performing expansion, best =    7.0274880890257459E-004
 performing expansion, best =    7.0274880411341225E-004
 performing expansion, best =    7.0274879369157687E-004
 performing expansion, best =    7.0274878715635778E-004
 performing expansion, best =    7.0274878393303470E-004
 performing expansion, best =    7.0274878269856254E-004
 performing expansion, best =    7.0274878096435189E-004
 performing expansion, best =    7.0274877347116722E-004
 performing expansion, best =    7.0274877243274548E-004
 performing expansion, best =    7.0274877230226815E-004
 performing expansion, best =    7.0274877218190360E-004
 performing expansion, best =    7.0274876758643192E-004
 performing expansion, best =    7.0274876541922280E-004
 performing expansion, best =    7.0274876311144795E-004
 performing expansion, best =    7.0274876242914575E-004
 performing expansion, best =    7.0274876049818277E-004
 performing expansion, best =    7.0274875974030973E-004
 performing expansion, best =    7.0274875952439683E-004
 performing expansion, best =    7.0274875907355618E-004
 performing expansion, best =    7.0274875869028909E-004
 performing expansion, best =    7.0274875857439644E-004
 performing expansion, best =    7.0274875790750965E-004
 performing expansion, best =    7.0274875783042504E-004
 performing expansion, best =    7.0274875758572863E-004
 performing expansion, best =    7.0274875743158729E-004
Exiting simplex optimization after  6956 iterations
RMSE         7.027487570E-04 Hartree
NEW BEST!
Best found solution for 6 charges:
        RMSE         4.409811697E-01 kcal/mol
         MAE         2.603093361E-01 kcal/mol
     max. AE         3.232139663E+00 kcal/mol

       x[bohr]       y[bohr]       z[bohr]          q[e]
    -0.1033463     0.0705189    -0.7684029    -0.3226858
     1.2433814    -0.7306713    -0.0472152     0.7705283
     1.3496814    -0.5848157    -0.6843106    -0.0525132
     0.7782890    -0.8125276    -0.2883530    -0.1718982
     0.0535268    -0.0601353     0.3799252    -0.7817526
    -1.3355578    -0.7197831     0.0000389     0.5583215

