Running in fitting mode

Reading "/data/boittier/energies/h2o_geom.xyz.dir/h2o_1.chk.fchk.potential.cube"...

  h2o Potential=SCF
  Electrostatic potential from Total SCF Density
    3   -4.970736   -4.748413   -4.970736
   80    0.125841    0.000000    0.000000
   80    0.000000    0.125841    0.000000
   80    0.000000    0.000000    0.125841
    8    8.000000    0.000000    0.222323    0.000000
    1    1.000000    1.427171   -0.896400    0.000000
    1    1.000000   -1.427171   -0.882184    0.000000
  1.66698E-02  1.67288E-02  1.67584E-02  1.67584E-02  1.67288E-02  1.66698E-02
       .            .            .            .            .            .
       .            .            .            .            .            .
       .            .            .            .            .            .
 -9.18626E-03 -9.18159E-03 -9.17225E-03 -9.15823E-03 -9.13952E-03 -9.11609E-03

338246 out of 512000 gridpoints are considered ( 66.1%).

...done!




 Refining solution from file/home/boittier/MDCM-1/examples/water/5-combine-frags/6-combined.xyz
 Contains      6 charges
      Initial RMSE =         4.272052395E+01 kcal/mol
Running DE in parallel with 4 thread(s)!


User requested refinement using simplex algorithm (no DE)

 performing expansion, best =    6.7581284134638223E-002
 performing expansion, best =    6.7577778756441220E-002
 performing expansion, best =    6.7547850299286907E-002
 performing expansion, best =    6.7538117605674353E-002
 performing expansion, best =    6.7363636912606301E-002
 performing expansion, best =    6.7173499589513325E-002
 performing expansion, best =    6.6999974707877996E-002
 performing expansion, best =    6.6978063928297651E-002
 performing expansion, best =    6.6788197100071361E-002
 performing expansion, best =    6.6616469081877974E-002
 performing expansion, best =    6.6536976576609078E-002
 performing expansion, best =    6.6525430266787658E-002
 performing expansion, best =    6.6417931317792833E-002
 performing expansion, best =    6.6414864109511501E-002
 performing expansion, best =    6.6410557215654906E-002
 performing expansion, best =    6.6373771649461899E-002
 performing expansion, best =    6.6369666394132165E-002
 performing expansion, best =    6.6347544289639987E-002
 performing expansion, best =    6.6344845793609372E-002
 performing expansion, best =    6.6341909458644724E-002
 performing expansion, best =    6.6325488174642941E-002
 performing expansion, best =    6.6322841104869162E-002
 performing expansion, best =    6.6313347613227297E-002
 performing expansion, best =    6.6312413243576854E-002
 performing expansion, best =    6.6311275784285195E-002
 performing expansion, best =    6.6310601216400838E-002
 performing expansion, best =    6.6307184646902995E-002
 performing expansion, best =    6.6306812552592798E-002
 performing expansion, best =    6.6306206525816466E-002
 performing expansion, best =    6.6305005286921889E-002
 performing expansion, best =    6.6304337122459617E-002
 performing expansion, best =    6.6303593155203747E-002
 performing expansion, best =    6.6303012842640993E-002
 performing expansion, best =    6.6302789398302503E-002
 performing expansion, best =    6.6302497832923094E-002
 performing expansion, best =    6.6302088860482652E-002
 performing expansion, best =    6.6301723175100261E-002
 performing expansion, best =    6.6299648633169728E-002
 performing expansion, best =    6.6298821331009630E-002
 performing expansion, best =    6.6297002605623490E-002
 performing expansion, best =    6.6295273291609738E-002
 performing expansion, best =    6.6292854088846512E-002
 performing expansion, best =    6.6292729293366118E-002
 performing expansion, best =    6.6292664070347521E-002
 performing expansion, best =    6.6291267427974906E-002
 performing expansion, best =    6.6290607334636875E-002
 performing expansion, best =    6.6290071177904697E-002
 performing expansion, best =    6.6289824614403248E-002
 performing expansion, best =    6.6289672318815940E-002
 performing expansion, best =    6.6288690297460665E-002
 performing expansion, best =    6.6288638187980309E-002
 performing expansion, best =    6.6288589498215256E-002
 performing expansion, best =    6.6287905427866431E-002
 performing expansion, best =    6.6287661953003188E-002
 performing expansion, best =    6.6287564745420052E-002
 performing expansion, best =    6.6287366058190439E-002
 performing expansion, best =    6.6287258581924982E-002
 performing expansion, best =    6.6286548353544986E-002
 performing expansion, best =    6.6286384504224416E-002
 performing expansion, best =    6.6286160174854863E-002
 performing expansion, best =    6.6286149773651243E-002
 performing expansion, best =    6.6286045067179528E-002
 performing expansion, best =    6.6285917897680624E-002
 performing expansion, best =    6.6285190004161609E-002
 performing expansion, best =    6.6284058223063935E-002
 performing expansion, best =    6.6282435630156761E-002
 performing expansion, best =    6.6281059771088058E-002
 performing expansion, best =    6.6279557521900789E-002
 performing expansion, best =    6.6279481949653787E-002
 performing expansion, best =    6.6278151256753362E-002
 performing expansion, best =    6.6275874431399193E-002
 performing expansion, best =    6.6274140321096423E-002
 performing expansion, best =    6.6271191713480837E-002
 performing expansion, best =    6.6267335029554023E-002
 performing expansion, best =    6.6266843488782826E-002
 performing expansion, best =    6.6264041622495287E-002
 performing expansion, best =    6.6263545535383800E-002
 performing expansion, best =    6.6261141742312707E-002
 performing expansion, best =    6.6258283124271039E-002
 performing expansion, best =    6.6255395295431008E-002
 performing expansion, best =    6.6254405663786972E-002
 performing expansion, best =    6.6250398573934444E-002
 performing expansion, best =    6.6246121559641560E-002
 performing expansion, best =    6.6243286244159108E-002
 performing expansion, best =    6.6239534960307211E-002
 performing expansion, best =    6.6238156183845529E-002
 performing expansion, best =    6.6233094613730309E-002
 performing expansion, best =    6.6232251568170683E-002
 performing expansion, best =    6.6231735439779699E-002
 performing expansion, best =    6.6226850420464750E-002
 performing expansion, best =    6.6222601788699070E-002
 performing expansion, best =    6.6218970563070426E-002
 performing expansion, best =    6.6214884402595334E-002
 performing expansion, best =    6.6213067152309443E-002
 performing expansion, best =    6.6212047644366667E-002
 performing expansion, best =    6.6206425703220037E-002
 performing expansion, best =    6.6202583278241120E-002
 performing expansion, best =    6.6197697838266081E-002
 performing expansion, best =    6.6196124407390769E-002
 performing expansion, best =    6.6194667103101221E-002
 performing expansion, best =    6.6194533077647111E-002
 performing expansion, best =    6.6194463362083067E-002
 performing expansion, best =    6.6193256490074653E-002
 performing expansion, best =    6.6193193125501162E-002
 performing expansion, best =    6.6190994858619512E-002
 performing expansion, best =    6.6189531251309650E-002
 performing expansion, best =    6.6188593172409771E-002
 performing expansion, best =    6.6188061676554499E-002
 performing expansion, best =    6.6187811190486848E-002
 performing expansion, best =    6.6186616261763379E-002
 performing expansion, best =    6.6185149472779994E-002
 performing expansion, best =    6.6185123437527943E-002
 performing expansion, best =    6.6184754826961553E-002
 performing expansion, best =    6.6184752835251104E-002
 performing expansion, best =    6.6183810533619297E-002
 performing expansion, best =    6.6183155393282997E-002
 performing expansion, best =    6.6183012075891848E-002
 performing expansion, best =    6.6182951010869684E-002
 performing expansion, best =    6.6182932309583622E-002
 performing expansion, best =    6.6182792832244555E-002
 performing expansion, best =    6.6182623475896291E-002
 performing expansion, best =    6.6182590353996873E-002
 performing expansion, best =    6.6182554099403587E-002
 performing expansion, best =    6.6182534846972410E-002
 performing expansion, best =    6.6182444408198954E-002
 performing expansion, best =    6.6182421270840244E-002
 performing expansion, best =    6.6182311878100530E-002
 performing expansion, best =    6.6182292237225215E-002
 performing expansion, best =    6.6182164743782981E-002
 performing expansion, best =    6.6181734755838342E-002
 performing expansion, best =    6.6181640795408392E-002
 performing expansion, best =    6.6181617231205289E-002
 performing expansion, best =    6.6181546751987425E-002
 performing expansion, best =    6.6181513484208671E-002
 performing expansion, best =    6.6181411992181582E-002
 performing expansion, best =    6.6181132885772126E-002
 performing expansion, best =    6.6181129669490663E-002
 performing expansion, best =    6.6181116807212864E-002
 performing expansion, best =    6.6180942305912899E-002
 performing expansion, best =    6.6180848779176987E-002
 performing expansion, best =    6.6180842891988487E-002
 performing expansion, best =    6.6180655829234492E-002
 performing expansion, best =    6.6180319379136598E-002
 performing expansion, best =    6.6179943711187114E-002
 performing expansion, best =    6.6179513730683162E-002
 performing expansion, best =    6.6178977828269064E-002
 performing expansion, best =    6.6178436674764238E-002
 performing expansion, best =    6.6177960227625343E-002
 performing expansion, best =    6.6177460675431760E-002
 performing expansion, best =    6.6176913466479192E-002
 performing expansion, best =    6.6176488267364289E-002
 performing expansion, best =    6.6176246546713197E-002
 performing expansion, best =    6.6176019467567015E-002
 performing expansion, best =    6.6175304715375041E-002
 performing expansion, best =    6.6174896124400681E-002
 performing expansion, best =    6.6174474940524031E-002
 performing expansion, best =    6.6174356499574427E-002
 performing expansion, best =    6.6174208082257505E-002
 performing expansion, best =    6.6174004992656285E-002
 performing expansion, best =    6.6174000156077009E-002
 performing expansion, best =    6.6173764389696188E-002
 performing expansion, best =    6.6173395748140712E-002
 performing expansion, best =    6.6173246475256076E-002
 performing expansion, best =    6.6172924882801160E-002
 performing expansion, best =    6.6172627926207025E-002
 performing expansion, best =    6.6172236106167140E-002
 performing expansion, best =    6.6171871606535468E-002
 performing expansion, best =    6.6171401952789546E-002
 performing expansion, best =    6.6171355719564659E-002
 performing expansion, best =    6.6171321670482300E-002
 performing expansion, best =    6.6171235121329275E-002
 performing expansion, best =    6.6171232512623454E-002
 performing expansion, best =    6.6171230213327575E-002
 performing expansion, best =    6.6171091041830096E-002
 performing expansion, best =    6.6170919690761137E-002
 performing expansion, best =    6.6170911098961005E-002
 performing expansion, best =    6.6170705836061230E-002
 performing expansion, best =    6.6170500008013458E-002
 performing expansion, best =    6.6170289640347602E-002
 performing expansion, best =    6.6170023015009322E-002
 performing expansion, best =    6.6169739293524876E-002
 performing expansion, best =    6.6169473135678364E-002
 performing expansion, best =    6.6169180640677117E-002
 performing expansion, best =    6.6168790824759877E-002
 performing expansion, best =    6.6168390898400375E-002
 performing expansion, best =    6.6167930242798531E-002
 performing expansion, best =    6.6167393343605732E-002
 performing expansion, best =    6.6166627657947119E-002
 performing expansion, best =    6.6165881622064354E-002
 performing expansion, best =    6.6165112984845911E-002
 performing expansion, best =    6.6165008462705677E-002
 performing expansion, best =    6.6164082767647972E-002
 performing expansion, best =    6.6163987658883996E-002
 performing expansion, best =    6.6163969693420560E-002
 performing expansion, best =    6.6163115615720039E-002
 performing expansion, best =    6.6162854319824715E-002
 performing expansion, best =    6.6162797327359038E-002
 performing expansion, best =    6.6161915851151581E-002
 performing expansion, best =    6.6161777989876921E-002
 performing expansion, best =    6.6161698687704149E-002
 performing expansion, best =    6.6160688919540425E-002
 performing expansion, best =    6.6160588343044557E-002
 performing expansion, best =    6.6160362718248864E-002
 performing expansion, best =    6.6160289021189936E-002
 performing expansion, best =    6.6159779109831923E-002
 performing expansion, best =    6.6159696705340304E-002
 performing expansion, best =    6.6159212215305713E-002
 performing expansion, best =    6.6159159553675365E-002
 performing expansion, best =    6.6159076329630750E-002
 performing expansion, best =    6.6158738300730865E-002
 performing expansion, best =    6.6158514839229715E-002
 performing expansion, best =    6.6158489408912419E-002
 performing expansion, best =    6.6158439210520642E-002
 performing expansion, best =    6.6158120690644279E-002
 performing expansion, best =    6.6158049841308603E-002
 performing expansion, best =    6.6157711925449364E-002
 performing expansion, best =    6.6157607143182084E-002
 performing expansion, best =    6.6157276099073195E-002
 performing expansion, best =    6.6157226487890158E-002
 performing expansion, best =    6.6157192978700263E-002
 performing expansion, best =    6.6156923450619645E-002
 performing expansion, best =    6.6156683071379910E-002
 performing expansion, best =    6.6156481090975897E-002
 performing expansion, best =    6.6156308515113157E-002
 performing expansion, best =    6.6156289294851928E-002
 performing expansion, best =    6.6156088081703715E-002
 performing expansion, best =    6.6155920446867161E-002
 performing expansion, best =    6.6155884786695471E-002
 performing expansion, best =    6.6155658693941466E-002
 performing expansion, best =    6.6155587136250291E-002
 performing expansion, best =    6.6155560722642531E-002
 performing expansion, best =    6.6155519796202170E-002
 performing expansion, best =    6.6155514516616734E-002
 performing expansion, best =    6.6155375899847990E-002
 performing expansion, best =    6.6155355059485749E-002
 performing expansion, best =    6.6155216417755222E-002
 performing expansion, best =    6.6155168311317111E-002
 performing expansion, best =    6.6154967776472548E-002
 performing expansion, best =    6.6154796606454028E-002
 performing expansion, best =    6.6154537517527548E-002
 performing expansion, best =    6.6154253166757410E-002
 performing expansion, best =    6.6153945224561958E-002
 performing expansion, best =    6.6153769011239927E-002
 performing expansion, best =    6.6153731896226142E-002
 performing expansion, best =    6.6153574298254927E-002
 performing expansion, best =    6.6153523497096398E-002
 performing expansion, best =    6.6153521302941123E-002
 performing expansion, best =    6.6153492784154333E-002
 performing expansion, best =    6.6153373546670668E-002
 performing expansion, best =    6.6153366787425519E-002
 performing expansion, best =    6.6153301664316808E-002
 performing expansion, best =    6.6153153476306639E-002
 performing expansion, best =    6.6153119812857486E-002
 performing expansion, best =    6.6153000118983354E-002
 performing expansion, best =    6.6152881611843184E-002
 performing expansion, best =    6.6152800486358646E-002
 performing expansion, best =    6.6152786184620810E-002
 performing expansion, best =    6.6152756010968788E-002
 performing expansion, best =    6.6152755207494071E-002
 performing expansion, best =    6.6152755008439340E-002
 performing expansion, best =    6.6152750094065335E-002
 performing expansion, best =    6.6152727827304955E-002
 performing expansion, best =    6.6152711114708870E-002
 performing expansion, best =    6.6152665401865138E-002
 performing expansion, best =    6.6152649028183547E-002
 performing expansion, best =    6.6152648936177158E-002
 performing expansion, best =    6.6152642068548220E-002
 performing expansion, best =    6.6152604147585226E-002
 performing expansion, best =    6.6152601896382515E-002
 performing expansion, best =    6.6152598732953538E-002
 performing expansion, best =    6.6152595455386987E-002
 performing expansion, best =    6.6152588600691134E-002
 performing expansion, best =    6.6152573098358397E-002
 performing expansion, best =    6.6152552973441386E-002
 performing expansion, best =    6.6152526779679213E-002
 performing expansion, best =    6.6152482775077556E-002
 performing expansion, best =    6.6152412419890047E-002
 performing expansion, best =    6.6152347763109867E-002
 performing expansion, best =    6.6152334253631956E-002
 performing expansion, best =    6.6152263590225233E-002
 performing expansion, best =    6.6152246065265125E-002
 performing expansion, best =    6.6152155362258630E-002
 performing expansion, best =    6.6152081767196419E-002
 performing expansion, best =    6.6152008100580167E-002
 performing expansion, best =    6.6151918539214136E-002
 performing expansion, best =    6.6151897946331278E-002
 performing expansion, best =    6.6151836932108632E-002
 performing expansion, best =    6.6151723687114097E-002
 performing expansion, best =    6.6151620875396208E-002
 performing expansion, best =    6.6151603753992733E-002
 performing expansion, best =    6.6151515317468837E-002
 performing expansion, best =    6.6151428265902132E-002
 performing expansion, best =    6.6151331258657589E-002
 performing expansion, best =    6.6151241643402942E-002
 performing expansion, best =    6.6151233147301244E-002
 performing expansion, best =    6.6151175203652671E-002
 performing expansion, best =    6.6151172493596158E-002
 performing expansion, best =    6.6151095156748815E-002
 performing expansion, best =    6.6150991947249993E-002
 performing expansion, best =    6.6150986188321159E-002
 performing expansion, best =    6.6150976461295932E-002
 performing expansion, best =    6.6150932472346533E-002
 performing expansion, best =    6.6150926312734767E-002
 performing expansion, best =    6.6150899688180512E-002
 performing expansion, best =    6.6150815072374719E-002
 performing expansion, best =    6.6150810034257060E-002
 performing expansion, best =    6.6150761654353796E-002
 performing expansion, best =    6.6150750084330356E-002
 performing expansion, best =    6.6150680168696047E-002
 performing expansion, best =    6.6150613753239690E-002
 performing expansion, best =    6.6150534214413401E-002
 performing expansion, best =    6.6150531634975224E-002
 performing expansion, best =    6.6150508019668777E-002
 performing expansion, best =    6.6150503390649221E-002
 performing expansion, best =    6.6150496779744078E-002
 performing expansion, best =    6.6150492007458483E-002
 performing expansion, best =    6.6150488445188407E-002
 performing expansion, best =    6.6150468871577273E-002
 performing expansion, best =    6.6150457396550288E-002
 performing expansion, best =    6.6150453019617958E-002
 performing expansion, best =    6.6150450288750759E-002
 performing expansion, best =    6.6150446182913866E-002
 performing expansion, best =    6.6150443624534316E-002
 performing expansion, best =    6.6150441159599602E-002
 performing expansion, best =    6.6150438376049128E-002
 performing expansion, best =    6.6150432792954808E-002
 performing expansion, best =    6.6150431154109610E-002
 performing expansion, best =    6.6150405427735495E-002
 performing expansion, best =    6.6150399012028904E-002
 performing expansion, best =    6.6150398659760801E-002
 performing expansion, best =    6.6150398364725679E-002
 performing expansion, best =    6.6150397119031271E-002
 performing expansion, best =    6.6150370361464692E-002
 performing expansion, best =    6.6150331865845985E-002
 performing expansion, best =    6.6150304068643279E-002
 performing expansion, best =    6.6150270935141656E-002
 performing expansion, best =    6.6150230401509524E-002
 performing expansion, best =    6.6150225482010161E-002
 performing expansion, best =    6.6150187266235644E-002
 performing expansion, best =    6.6150146601532844E-002
 performing expansion, best =    6.6150109817188649E-002
 performing expansion, best =    6.6150108411538192E-002
 performing expansion, best =    6.6150082404697760E-002
 performing expansion, best =    6.6150080444577625E-002
 performing expansion, best =    6.6150055496705190E-002
 performing expansion, best =    6.6150046551439246E-002
 performing expansion, best =    6.6150013939184488E-002
 performing expansion, best =    6.6150004274147675E-002
 performing expansion, best =    6.6149968189102612E-002
 performing expansion, best =    6.6149961567331633E-002
 performing expansion, best =    6.6149949769225988E-002
 performing expansion, best =    6.6149913747767616E-002
 performing expansion, best =    6.6149884391707117E-002
 performing expansion, best =    6.6149881965492138E-002
 performing expansion, best =    6.6149880736868658E-002
 performing expansion, best =    6.6149859468149844E-002
 performing expansion, best =    6.6149855751010123E-002
 performing expansion, best =    6.6149850428720167E-002
 performing expansion, best =    6.6149849119431156E-002
 performing expansion, best =    6.6149847114027369E-002
 performing expansion, best =    6.6149834531975121E-002
 performing expansion, best =    6.6149833298567662E-002
 performing expansion, best =    6.6149832543535639E-002
 performing expansion, best =    6.6149827712063999E-002
 performing expansion, best =    6.6149826362868452E-002
 performing expansion, best =    6.6149826274251047E-002
 performing expansion, best =    6.6149822581021145E-002
 performing expansion, best =    6.6149822332602096E-002
 performing expansion, best =    6.6149821618585153E-002
 performing expansion, best =    6.6149820587531355E-002
 performing expansion, best =    6.6149820001363532E-002
 performing expansion, best =    6.6149819282898148E-002
 performing expansion, best =    6.6149815316936658E-002
 performing expansion, best =    6.6149810317308891E-002
 performing expansion, best =    6.6149810193125297E-002
 performing expansion, best =    6.6149804899139977E-002
 performing expansion, best =    6.6149804004940582E-002
 performing expansion, best =    6.6149803462178372E-002
 performing expansion, best =    6.6149803247496933E-002
 performing expansion, best =    6.6149803067879570E-002
 performing expansion, best =    6.6149799996180064E-002
 performing expansion, best =    6.6149796150808834E-002
 performing expansion, best =    6.6149795848988377E-002
 performing expansion, best =    6.6149795654021029E-002
 performing expansion, best =    6.6149795152318447E-002
 performing expansion, best =    6.6149790875674394E-002
 performing expansion, best =    6.6149790864345137E-002
 performing expansion, best =    6.6149789885803126E-002
 performing expansion, best =    6.6149789662316494E-002
 performing expansion, best =    6.6149788616587504E-002
 performing expansion, best =    6.6149786494369367E-002
 performing expansion, best =    6.6149786292321308E-002
 performing expansion, best =    6.6149785753258680E-002
 performing expansion, best =    6.6149785576639100E-002
 performing expansion, best =    6.6149784124011096E-002
 performing expansion, best =    6.6149780308440126E-002
 performing expansion, best =    6.6149780203317854E-002
 performing expansion, best =    6.6149778362099204E-002
 performing expansion, best =    6.6149775770719482E-002
 performing expansion, best =    6.6149772424959882E-002
 performing expansion, best =    6.6149769708369208E-002
 performing expansion, best =    6.6149766822550221E-002
 performing expansion, best =    6.6149766063864704E-002
 performing expansion, best =    6.6149762827694178E-002
 performing expansion, best =    6.6149759756822829E-002
 performing expansion, best =    6.6149758947163184E-002
 performing expansion, best =    6.6149756271640714E-002
 performing expansion, best =    6.6149755668185137E-002
 performing expansion, best =    6.6149750882652014E-002
 performing expansion, best =    6.6149747063882464E-002
 performing expansion, best =    6.6149743257404039E-002
 performing expansion, best =    6.6149739281677541E-002
 performing expansion, best =    6.6149733739708033E-002
 performing expansion, best =    6.6149728569686525E-002
 performing expansion, best =    6.6149723976919941E-002
 performing expansion, best =    6.6149717732437108E-002
 performing expansion, best =    6.6149716605118439E-002
 performing expansion, best =    6.6149714934224918E-002
 performing expansion, best =    6.6149710143419388E-002
 performing expansion, best =    6.6149709626395756E-002
 performing expansion, best =    6.6149704355252539E-002
 performing expansion, best =    6.6149703087721612E-002
 performing expansion, best =    6.6149700314633741E-002
 performing expansion, best =    6.6149698558683676E-002
 performing expansion, best =    6.6149698061877496E-002
 performing expansion, best =    6.6149697797198356E-002
 performing expansion, best =    6.6149697409086730E-002
 performing expansion, best =    6.6149696857910723E-002
 performing expansion, best =    6.6149693199731643E-002
 performing expansion, best =    6.6149692012835729E-002
 performing expansion, best =    6.6149687985975869E-002
 performing expansion, best =    6.6149686960570525E-002
 performing expansion, best =    6.6149686270055394E-002
 performing expansion, best =    6.6149682166532886E-002
 performing expansion, best =    6.6149678402431952E-002
 performing expansion, best =    6.6149677041556929E-002
 performing expansion, best =    6.6149672422311068E-002
 performing expansion, best =    6.6149672245011712E-002
 performing expansion, best =    6.6149669754967819E-002
 performing expansion, best =    6.6149668958185429E-002
 performing expansion, best =    6.6149668036836848E-002
 performing expansion, best =    6.6149663874355238E-002
 performing expansion, best =    6.6149657265978545E-002
 performing expansion, best =    6.6149652655827201E-002
 performing expansion, best =    6.6149647751946664E-002
 performing expansion, best =    6.6149642397131905E-002
 performing expansion, best =    6.6149639194271651E-002
 performing expansion, best =    6.6149634288176801E-002
 performing expansion, best =    6.6149629479838892E-002
 performing expansion, best =    6.6149627441508332E-002
 performing expansion, best =    6.6149621526859395E-002
 performing expansion, best =    6.6149614634703771E-002
 performing expansion, best =    6.6149609807887824E-002
 performing expansion, best =    6.6149603699250603E-002
 performing expansion, best =    6.6149596900085747E-002
 performing expansion, best =    6.6149588635040044E-002
 performing expansion, best =    6.6149583442610765E-002
 performing expansion, best =    6.6149575445409642E-002
 performing expansion, best =    6.6149564631292040E-002
 performing expansion, best =    6.6149553411559120E-002
 performing expansion, best =    6.6149551686573785E-002
 performing expansion, best =    6.6149546544346544E-002
 performing expansion, best =    6.6149544093823662E-002
 performing expansion, best =    6.6149537448748116E-002
 performing expansion, best =    6.6149536806386619E-002
 performing expansion, best =    6.6149534632225504E-002
 performing expansion, best =    6.6149531376320236E-002
 performing expansion, best =    6.6149528913501038E-002
 performing expansion, best =    6.6149527440025530E-002
 performing expansion, best =    6.6149527087383198E-002
 performing expansion, best =    6.6149524015360561E-002
 performing expansion, best =    6.6149522427479540E-002
 performing expansion, best =    6.6149522205172215E-002
 performing expansion, best =    6.6149519936040443E-002
 performing expansion, best =    6.6149518617569097E-002
 performing expansion, best =    6.6149518405065111E-002
 performing expansion, best =    6.6149517926640949E-002
 performing expansion, best =    6.6149514222281283E-002
 performing expansion, best =    6.6149513580718702E-002
 performing expansion, best =    6.6149513431243548E-002
 performing expansion, best =    6.6149511930598121E-002
 performing expansion, best =    6.6149511710768230E-002
 performing expansion, best =    6.6149511650751155E-002
 performing expansion, best =    6.6149509763467659E-002
 performing expansion, best =    6.6149509246532914E-002
 performing expansion, best =    6.6149509083050909E-002
 performing expansion, best =    6.6149508451652905E-002
 performing expansion, best =    6.6149507184750808E-002
 performing expansion, best =    6.6149506949926024E-002
 performing expansion, best =    6.6149506849872738E-002
 performing expansion, best =    6.6149506784989875E-002
 performing expansion, best =    6.6149506057687046E-002
 performing expansion, best =    6.6149505363642780E-002
 performing expansion, best =    6.6149505153988833E-002
 performing expansion, best =    6.6149503535427201E-002
 performing expansion, best =    6.6149503138866750E-002
 performing expansion, best =    6.6149503115604497E-002
 performing expansion, best =    6.6149503095033230E-002
 performing expansion, best =    6.6149502834650917E-002
 performing expansion, best =    6.6149502365448587E-002
 performing expansion, best =    6.6149501390984938E-002
 performing expansion, best =    6.6149500712371023E-002
 performing expansion, best =    6.6149500229914587E-002
 performing expansion, best =    6.6149500105133541E-002
 performing expansion, best =    6.6149498749923569E-002
 performing expansion, best =    6.6149497608553001E-002
 performing expansion, best =    6.6149497015424510E-002
 performing expansion, best =    6.6149495729148147E-002
 performing expansion, best =    6.6149494238891896E-002
 performing expansion, best =    6.6149491948290340E-002
 performing expansion, best =    6.6149489373283812E-002
 performing expansion, best =    6.6149486836275195E-002
 performing expansion, best =    6.6149483525315647E-002
 performing expansion, best =    6.6149480442207434E-002
 performing expansion, best =    6.6149477129540959E-002
 performing expansion, best =    6.6149473312979601E-002
 performing expansion, best =    6.6149469540547026E-002
 performing expansion, best =    6.6149465769783825E-002
 performing expansion, best =    6.6149461164352052E-002
 performing expansion, best =    6.6149457270631776E-002
 performing expansion, best =    6.6149453068744465E-002
 performing expansion, best =    6.6149449351919964E-002
 performing expansion, best =    6.6149445989467190E-002
 performing expansion, best =    6.6149443529709723E-002
 performing expansion, best =    6.6149443298272909E-002
 performing expansion, best =    6.6149441260252351E-002
 performing expansion, best =    6.6149440627953734E-002
 performing expansion, best =    6.6149439751098230E-002
 performing expansion, best =    6.6149437423221449E-002
 performing expansion, best =    6.6149434051753192E-002
 performing expansion, best =    6.6149430112558263E-002
 performing expansion, best =    6.6149426181512136E-002
 performing expansion, best =    6.6149423922328240E-002
 performing expansion, best =    6.6149419520548619E-002
 performing expansion, best =    6.6149415762609159E-002
 performing expansion, best =    6.6149413210495139E-002
 performing expansion, best =    6.6149413035455365E-002
 performing expansion, best =    6.6149412711635561E-002
 performing expansion, best =    6.6149412389273271E-002
 performing expansion, best =    6.6149411714737802E-002
 performing expansion, best =    6.6149411170247668E-002
 performing expansion, best =    6.6149410501327929E-002
 performing expansion, best =    6.6149408344395949E-002
 performing expansion, best =    6.6149407427580020E-002
 performing expansion, best =    6.6149405322564636E-002
 performing expansion, best =    6.6149405310595238E-002
 performing expansion, best =    6.6149404324854652E-002
 performing expansion, best =    6.6149403384987093E-002
 performing expansion, best =    6.6149401145269390E-002
 performing expansion, best =    6.6149397834211962E-002
 performing expansion, best =    6.6149395571334910E-002
 performing expansion, best =    6.6149391187402373E-002
 performing expansion, best =    6.6149389083520499E-002
 performing expansion, best =    6.6149385564875166E-002
 performing expansion, best =    6.6149383992143637E-002
 performing expansion, best =    6.6149380003648547E-002
 performing expansion, best =    6.6149372907990694E-002
 performing expansion, best =    6.6149364433564464E-002
 performing expansion, best =    6.6149353673857159E-002
 performing expansion, best =    6.6149344449731765E-002
 performing expansion, best =    6.6149334066499740E-002
 performing expansion, best =    6.6149318698020987E-002
 performing expansion, best =    6.6149302886853265E-002
 performing expansion, best =    6.6149276345468383E-002
 performing expansion, best =    6.6149252044516910E-002
 performing expansion, best =    6.6149232226566504E-002
 performing expansion, best =    6.6149229517238228E-002
 performing expansion, best =    6.6149225086772095E-002
 performing expansion, best =    6.6149222276911446E-002
 performing expansion, best =    6.6149195485169093E-002
 performing expansion, best =    6.6149165940920240E-002
 performing expansion, best =    6.6149157280294565E-002
 performing expansion, best =    6.6149155363914747E-002
 performing expansion, best =    6.6149153470787717E-002
 performing expansion, best =    6.6149128083871828E-002
 performing expansion, best =    6.6149123882862634E-002
 performing expansion, best =    6.6149119263941986E-002
 performing expansion, best =    6.6149094491362748E-002
 performing expansion, best =    6.6149065239330368E-002
 performing expansion, best =    6.6149027718070380E-002
 performing expansion, best =    6.6148990817097172E-002
 performing expansion, best =    6.6148953916413539E-002
 performing expansion, best =    6.6148946197798764E-002
 performing expansion, best =    6.6148943059605281E-002
 performing expansion, best =    6.6148898168184381E-002
 performing expansion, best =    6.6148887439101675E-002
 performing expansion, best =    6.6148883941803974E-002
 performing expansion, best =    6.6148874945658270E-002
 performing expansion, best =    6.6148825156475979E-002
 performing expansion, best =    6.6148788418694190E-002
 performing expansion, best =    6.6148736457313506E-002
 performing expansion, best =    6.6148671278621590E-002
 performing expansion, best =    6.6148584152760925E-002
 performing expansion, best =    6.6148577136461190E-002
 performing expansion, best =    6.6148514964084651E-002
 performing expansion, best =    6.6148511924092213E-002
 performing expansion, best =    6.6148436014174805E-002
 performing expansion, best =    6.6148427634591223E-002
 performing expansion, best =    6.6148411355297865E-002
 performing expansion, best =    6.6148410087577283E-002
 performing expansion, best =    6.6148337061801760E-002
 performing expansion, best =    6.6148264660339712E-002
 performing expansion, best =    6.6148231346251307E-002
 performing expansion, best =    6.6148223473866757E-002
 performing expansion, best =    6.6148163390310183E-002
 performing expansion, best =    6.6148159351880217E-002
 performing expansion, best =    6.6148150178304832E-002
 performing expansion, best =    6.6148147482597508E-002
 performing expansion, best =    6.6148147204591681E-002
 performing expansion, best =    6.6148140554357984E-002
 performing expansion, best =    6.6148137021402584E-002
 performing expansion, best =    6.6148132923462305E-002
 performing expansion, best =    6.6148132589726752E-002
 performing expansion, best =    6.6148131252529357E-002
 performing expansion, best =    6.6148130908986469E-002
 performing expansion, best =    6.6148129834818339E-002
 performing expansion, best =    6.6148128248535207E-002
 performing expansion, best =    6.6148127040484658E-002
 performing expansion, best =    6.6148126033540658E-002
 performing expansion, best =    6.6148124547711948E-002
 performing expansion, best =    6.6148124408016429E-002
 performing expansion, best =    6.6148124351517915E-002
 performing expansion, best =    6.6148123824082486E-002
 performing expansion, best =    6.6148123230144129E-002
 performing expansion, best =    6.6148122609725080E-002
 performing expansion, best =    6.6148122136496609E-002
 performing expansion, best =    6.6148122109940366E-002
 performing expansion, best =    6.6148121858668307E-002
 performing expansion, best =    6.6148121595307405E-002
 performing expansion, best =    6.6148121340160543E-002
 performing expansion, best =    6.6148121170289717E-002
 performing expansion, best =    6.6148120993212545E-002
 performing expansion, best =    6.6148120799562518E-002
 performing expansion, best =    6.6148119716265052E-002
 performing expansion, best =    6.6148119540096681E-002
 performing expansion, best =    6.6148119352876136E-002
 performing expansion, best =    6.6148119336538400E-002
 performing expansion, best =    6.6148118874394951E-002
 performing expansion, best =    6.6148118873067235E-002
 performing expansion, best =    6.6148117935299636E-002
 performing expansion, best =    6.6148117848519095E-002
 performing expansion, best =    6.6148116983599070E-002
 performing expansion, best =    6.6148115649466738E-002
 performing expansion, best =    6.6148115630299181E-002
 performing expansion, best =    6.6148114497361354E-002
 performing expansion, best =    6.6148114273313199E-002
 performing expansion, best =    6.6148112863346861E-002
 performing expansion, best =    6.6148112407486748E-002
 performing expansion, best =    6.6148112296865721E-002
 performing expansion, best =    6.6148111870035151E-002
 performing expansion, best =    6.6148111692538106E-002
 performing expansion, best =    6.6148110517719932E-002
 performing expansion, best =    6.6148110453954773E-002
 performing expansion, best =    6.6148110001367527E-002
 performing expansion, best =    6.6148109971419899E-002
 performing expansion, best =    6.6148109843175637E-002
 performing expansion, best =    6.6148109812272815E-002
 performing expansion, best =    6.6148109233909250E-002
 performing expansion, best =    6.6148109154869045E-002
 performing expansion, best =    6.6148108841178527E-002
 performing expansion, best =    6.6148108688772952E-002
 performing expansion, best =    6.6148107752239116E-002
 performing expansion, best =    6.6148107713516632E-002
 performing expansion, best =    6.6148107668846434E-002
 performing expansion, best =    6.6148106314596111E-002
 performing expansion, best =    6.6148106051271027E-002
 performing expansion, best =    6.6148106001696266E-002
 performing expansion, best =    6.6148105659350795E-002
 performing expansion, best =    6.6148104467528321E-002
 performing expansion, best =    6.6148104358868032E-002
 performing expansion, best =    6.6148104133015320E-002
 performing expansion, best =    6.6148102929133090E-002
 performing expansion, best =    6.6148102572502032E-002
 performing expansion, best =    6.6148102327900429E-002
 performing expansion, best =    6.6148101990329583E-002
 performing expansion, best =    6.6148100614583885E-002
 performing expansion, best =    6.6148099614372402E-002
 performing expansion, best =    6.6148099539391048E-002
 performing expansion, best =    6.6148098582711007E-002
 performing expansion, best =    6.6148098406247732E-002
 performing expansion, best =    6.6148098356964863E-002
 performing expansion, best =    6.6148098050342025E-002
 performing expansion, best =    6.6148098002083822E-002
 performing expansion, best =    6.6148097864659486E-002
 performing expansion, best =    6.6148097038494599E-002
 performing expansion, best =    6.6148096799281464E-002
 performing expansion, best =    6.6148095385961475E-002
 performing expansion, best =    6.6148094101424013E-002
 performing expansion, best =    6.6148093943270717E-002
 performing expansion, best =    6.6148093524180523E-002
 performing expansion, best =    6.6148093302261610E-002
 performing expansion, best =    6.6148092109220694E-002
 performing expansion, best =    6.6148091874446133E-002
 performing expansion, best =    6.6148091832231276E-002
 performing expansion, best =    6.6148091678141563E-002
 performing expansion, best =    6.6148091677755344E-002
 performing expansion, best =    6.6148091514765958E-002
 performing expansion, best =    6.6148090770919279E-002
 performing expansion, best =    6.6148090156827516E-002
 performing expansion, best =    6.6148089509828228E-002
 performing expansion, best =    6.6148088749807904E-002
 performing expansion, best =    6.6148088557993839E-002
 performing expansion, best =    6.6148087868059244E-002
 performing expansion, best =    6.6148087784564907E-002
 performing expansion, best =    6.6148086511284093E-002
 performing expansion, best =    6.6148085174852198E-002
 performing expansion, best =    6.6148084090090126E-002
 performing expansion, best =    6.6148083967057431E-002
 performing expansion, best =    6.6148083072946146E-002
 performing expansion, best =    6.6148082108053785E-002
 performing expansion, best =    6.6148082073413231E-002
 performing expansion, best =    6.6148081870347222E-002
 performing expansion, best =    6.6148080986970503E-002
 performing expansion, best =    6.6148080917147634E-002
 performing expansion, best =    6.6148080080142557E-002
 performing expansion, best =    6.6148079453543632E-002
 performing expansion, best =    6.6148078718496622E-002
 performing expansion, best =    6.6148077596604682E-002
 performing expansion, best =    6.6148076362345098E-002
 performing expansion, best =    6.6148075461418862E-002
 performing expansion, best =    6.6148074534531406E-002
 performing expansion, best =    6.6148074098228454E-002
 performing expansion, best =    6.6148072653340995E-002
 performing expansion, best =    6.6148071094786723E-002
 performing expansion, best =    6.6148069590811265E-002
 performing expansion, best =    6.6148067792273502E-002
 performing expansion, best =    6.6148065742591772E-002
 performing expansion, best =    6.6148065682616802E-002
 performing expansion, best =    6.6148064685556798E-002
 performing expansion, best =    6.6148063185626632E-002
 performing expansion, best =    6.6148060818544768E-002
 performing expansion, best =    6.6148058370425450E-002
 performing expansion, best =    6.6148056334840249E-002
 performing expansion, best =    6.6148055422941193E-002
 performing expansion, best =    6.6148054986265123E-002
 performing expansion, best =    6.6148054916295079E-002
 performing expansion, best =    6.6148054690460076E-002
 performing expansion, best =    6.6148054151550312E-002
 performing expansion, best =    6.6148054119097563E-002
 performing expansion, best =    6.6148052707163035E-002
 performing expansion, best =    6.6148051080596321E-002
 performing expansion, best =    6.6148049385637536E-002
 performing expansion, best =    6.6148047725894568E-002
 performing expansion, best =    6.6148045807980019E-002
 performing expansion, best =    6.6148042966703985E-002
 performing expansion, best =    6.6148040391253757E-002
 performing expansion, best =    6.6148036750529299E-002
 performing expansion, best =    6.6148033211428217E-002
 performing expansion, best =    6.6148030029268182E-002
 performing expansion, best =    6.6148026814304775E-002
 performing expansion, best =    6.6148023422794772E-002
 performing expansion, best =    6.6148019850548814E-002
 performing expansion, best =    6.6148015555067594E-002
 performing expansion, best =    6.6148011632537959E-002
 performing expansion, best =    6.6148011494107942E-002
 performing expansion, best =    6.6148009176616257E-002
 performing expansion, best =    6.6148005108796232E-002
 performing expansion, best =    6.6147999178301956E-002
 performing expansion, best =    6.6147993529756449E-002
 performing expansion, best =    6.6147992168193698E-002
 performing expansion, best =    6.6147987572261618E-002
 performing expansion, best =    6.6147984212577976E-002
 performing expansion, best =    6.6147983829172335E-002
 performing expansion, best =    6.6147980287588587E-002
 performing expansion, best =    6.6147979732995646E-002
 performing expansion, best =    6.6147975151046423E-002
 performing expansion, best =    6.6147970609117923E-002
 performing expansion, best =    6.6147967844235295E-002
 performing expansion, best =    6.6147962655022277E-002
 performing expansion, best =    6.6147961974453162E-002
 performing expansion, best =    6.6147956427398930E-002
 performing expansion, best =    6.6147953095383807E-002
 performing expansion, best =    6.6147951271903982E-002
 performing expansion, best =    6.6147946584877840E-002
 performing expansion, best =    6.6147938651108587E-002
 performing expansion, best =    6.6147938302806575E-002
 performing expansion, best =    6.6147933026115824E-002
 performing expansion, best =    6.6147927595438014E-002
 performing expansion, best =    6.6147926896401962E-002
 performing expansion, best =    6.6147925733100507E-002
 performing expansion, best =    6.6147923686214610E-002
 performing expansion, best =    6.6147923444205795E-002
 performing expansion, best =    6.6147922965581335E-002
 performing expansion, best =    6.6147922743646420E-002
 performing expansion, best =    6.6147922414091509E-002
 performing expansion, best =    6.6147920491171450E-002
 performing expansion, best =    6.6147919602983177E-002
 performing expansion, best =    6.6147919150370410E-002
 performing expansion, best =    6.6147918217342394E-002
 performing expansion, best =    6.6147914566604515E-002
 performing expansion, best =    6.6147913851448623E-002
 performing expansion, best =    6.6147913481969203E-002
 performing expansion, best =    6.6147912989554455E-002
 performing expansion, best =    6.6147910173511126E-002
 performing expansion, best =    6.6147909445417236E-002
 performing expansion, best =    6.6147909201488900E-002
 performing expansion, best =    6.6147908574432979E-002
 performing expansion, best =    6.6147906100086626E-002
 performing expansion, best =    6.6147903777502820E-002
 performing expansion, best =    6.6147903241588341E-002
 performing expansion, best =    6.6147900348579355E-002
 performing expansion, best =    6.6147897779237352E-002
 performing expansion, best =    6.6147895879484497E-002
 performing expansion, best =    6.6147893011042250E-002
 performing expansion, best =    6.6147892806054445E-002
 performing expansion, best =    6.6147890714645774E-002
 performing expansion, best =    6.6147888640242597E-002
 performing expansion, best =    6.6147884784967331E-002
 performing expansion, best =    6.6147879758547010E-002
 performing expansion, best =    6.6147874480582250E-002
 performing expansion, best =    6.6147871162480637E-002
 performing expansion, best =    6.6147870502380940E-002
 performing expansion, best =    6.6147870036558434E-002
 performing expansion, best =    6.6147868401720378E-002
 performing expansion, best =    6.6147868156691048E-002
 performing expansion, best =    6.6147864141403459E-002
 performing expansion, best =    6.6147863224998840E-002
 performing expansion, best =    6.6147862587657105E-002
 performing expansion, best =    6.6147858773276641E-002
 performing expansion, best =    6.6147858682526359E-002
 performing expansion, best =    6.6147855611520451E-002
 performing expansion, best =    6.6147851261734308E-002
 performing expansion, best =    6.6147847457893399E-002
 performing expansion, best =    6.6147846324121726E-002
 performing expansion, best =    6.6147844253208313E-002
 performing expansion, best =    6.6147843403733683E-002
 performing expansion, best =    6.6147839302084926E-002
 performing expansion, best =    6.6147837959424069E-002
 performing expansion, best =    6.6147837399190390E-002
 performing expansion, best =    6.6147836010995983E-002
 performing expansion, best =    6.6147835639306249E-002
 performing expansion, best =    6.6147832435188555E-002
 performing expansion, best =    6.6147831245530309E-002
 performing expansion, best =    6.6147827407163504E-002
 performing expansion, best =    6.6147826449366176E-002
 performing expansion, best =    6.6147823515020271E-002
 performing expansion, best =    6.6147822822172575E-002
 performing expansion, best =    6.6147819886208103E-002
 performing expansion, best =    6.6147819556397008E-002
 performing expansion, best =    6.6147819158041271E-002
 performing expansion, best =    6.6147817632049230E-002
 performing expansion, best =    6.6147817589264260E-002
 performing expansion, best =    6.6147816168967088E-002
 performing expansion, best =    6.6147813308451070E-002
 performing expansion, best =    6.6147812976397158E-002
 performing expansion, best =    6.6147812885470253E-002
 performing expansion, best =    6.6147812473954987E-002
 performing expansion, best =    6.6147810231381943E-002
 performing expansion, best =    6.6147807970921901E-002
 performing expansion, best =    6.6147804982593095E-002
 performing expansion, best =    6.6147804720639580E-002
 performing expansion, best =    6.6147802309040146E-002
 performing expansion, best =    6.6147800989121860E-002
 performing expansion, best =    6.6147800594962378E-002
 performing expansion, best =    6.6147799900752688E-002
 performing expansion, best =    6.6147799764915985E-002
 performing expansion, best =    6.6147797145708662E-002
 performing expansion, best =    6.6147796269787978E-002
 performing expansion, best =    6.6147796138907394E-002
 performing expansion, best =    6.6147795703517503E-002
 performing expansion, best =    6.6147795275030064E-002
 performing expansion, best =    6.6147794963155732E-002
 performing expansion, best =    6.6147794523167533E-002
 performing expansion, best =    6.6147793149588408E-002
 performing expansion, best =    6.6147792815755654E-002
 performing expansion, best =    6.6147792515331316E-002
 performing expansion, best =    6.6147792460181043E-002
 performing expansion, best =    6.6147791255254912E-002
 performing expansion, best =    6.6147789061297660E-002
 performing expansion, best =    6.6147787875542902E-002
 performing expansion, best =    6.6147787679864400E-002
 performing expansion, best =    6.6147787129656313E-002
 performing expansion, best =    6.6147785775020562E-002
 performing expansion, best =    6.6147785291395089E-002
 performing expansion, best =    6.6147784245750560E-002
 performing expansion, best =    6.6147783894440593E-002
 performing expansion, best =    6.6147783802733909E-002
 performing expansion, best =    6.6147783393479681E-002
 performing expansion, best =    6.6147782833360758E-002
 performing expansion, best =    6.6147782197471264E-002
 performing expansion, best =    6.6147781408731648E-002
 performing expansion, best =    6.6147781011332271E-002
 performing expansion, best =    6.6147780867362255E-002
 performing expansion, best =    6.6147780216560023E-002
 performing expansion, best =    6.6147779932941714E-002
 performing expansion, best =    6.6147779270817691E-002
 performing expansion, best =    6.6147777714163386E-002
 performing expansion, best =    6.6147777059541488E-002
 performing expansion, best =    6.6147776799329899E-002
 performing expansion, best =    6.6147776707707467E-002
 performing expansion, best =    6.6147776446750919E-002
 performing expansion, best =    6.6147775667937350E-002
 performing expansion, best =    6.6147775228509162E-002
 performing expansion, best =    6.6147774964390338E-002
 performing expansion, best =    6.6147774928928121E-002
 performing expansion, best =    6.6147774255010380E-002
 performing expansion, best =    6.6147773250115421E-002
 performing expansion, best =    6.6147771870689112E-002
 performing expansion, best =    6.6147771580912923E-002
 performing expansion, best =    6.6147770864832311E-002
 performing expansion, best =    6.6147769514376689E-002
 performing expansion, best =    6.6147768921476655E-002
 performing expansion, best =    6.6147768921321556E-002
 performing expansion, best =    6.6147768582024091E-002
 performing expansion, best =    6.6147767567547311E-002
 performing expansion, best =    6.6147767181359368E-002
 performing expansion, best =    6.6147765957693241E-002
 performing expansion, best =    6.6147765783190995E-002
 performing expansion, best =    6.6147764673790382E-002
 performing expansion, best =    6.6147764479236329E-002
 performing expansion, best =    6.6147763843642959E-002
 performing expansion, best =    6.6147763271479573E-002
 performing expansion, best =    6.6147762656294296E-002
 performing expansion, best =    6.6147762504662963E-002
 performing expansion, best =    6.6147761959240950E-002
 performing expansion, best =    6.6147760768140745E-002
 performing expansion, best =    6.6147759850418708E-002
 performing expansion, best =    6.6147758645448529E-002
 performing expansion, best =    6.6147757890065995E-002
 performing expansion, best =    6.6147756324690554E-002
 performing expansion, best =    6.6147755304595393E-002
 performing expansion, best =    6.6147754105318313E-002
 performing expansion, best =    6.6147753847234078E-002
 performing expansion, best =    6.6147753210818311E-002
 performing expansion, best =    6.6147752948451918E-002
 performing expansion, best =    6.6147751807900557E-002
 performing expansion, best =    6.6147751787864847E-002
 performing expansion, best =    6.6147751408030822E-002
 performing expansion, best =    6.6147751249939185E-002
 performing expansion, best =    6.6147751184834902E-002
 performing expansion, best =    6.6147751069941488E-002
 performing expansion, best =    6.6147750698274013E-002
 performing expansion, best =    6.6147750532032826E-002
 performing expansion, best =    6.6147750290590779E-002
 performing expansion, best =    6.6147750183186318E-002
 performing expansion, best =    6.6147750066728433E-002
 performing expansion, best =    6.6147749469504316E-002
 performing expansion, best =    6.6147749047427679E-002
 performing expansion, best =    6.6147748827726560E-002
 performing expansion, best =    6.6147748081937782E-002
 performing expansion, best =    6.6147747458743911E-002
 performing expansion, best =    6.6147747064489074E-002
 performing expansion, best =    6.6147747029421500E-002
 performing expansion, best =    6.6147746514037403E-002
 performing expansion, best =    6.6147745595242030E-002
 performing expansion, best =    6.6147745480043513E-002
 performing expansion, best =    6.6147744726473320E-002
 performing expansion, best =    6.6147744238158945E-002
 performing expansion, best =    6.6147744106916234E-002
 performing expansion, best =    6.6147743263351252E-002
 performing expansion, best =    6.6147743194131095E-002
 performing expansion, best =    6.6147742981979521E-002
 performing expansion, best =    6.6147742970360954E-002
 performing expansion, best =    6.6147742500208218E-002
 performing expansion, best =    6.6147742401150844E-002
 performing expansion, best =    6.6147742245837984E-002
 performing expansion, best =    6.6147741464333124E-002
 performing expansion, best =    6.6147741307342814E-002
 performing expansion, best =    6.6147741218281625E-002
 performing expansion, best =    6.6147741077355521E-002
 performing expansion, best =    6.6147741052270295E-002
 performing expansion, best =    6.6147740350729317E-002
 performing expansion, best =    6.6147740173937847E-002
 performing expansion, best =    6.6147739389657109E-002
 performing expansion, best =    6.6147739160438007E-002
 performing expansion, best =    6.6147739008848822E-002
 performing expansion, best =    6.6147738962837460E-002
 performing expansion, best =    6.6147738407584838E-002
 performing expansion, best =    6.6147738307073128E-002
 performing expansion, best =    6.6147738285711299E-002
 performing expansion, best =    6.6147737867242096E-002
 performing expansion, best =    6.6147737820304794E-002
 performing expansion, best =    6.6147737752351984E-002
 performing expansion, best =    6.6147737322769698E-002
 performing expansion, best =    6.6147737114401445E-002
 performing expansion, best =    6.6147736950938382E-002
 performing expansion, best =    6.6147736921886080E-002
 performing expansion, best =    6.6147736376545974E-002
 performing expansion, best =    6.6147736011383268E-002
 performing expansion, best =    6.6147735473374727E-002
 performing expansion, best =    6.6147735339789640E-002
 performing expansion, best =    6.6147734754152310E-002
 performing expansion, best =    6.6147734651302942E-002
 performing expansion, best =    6.6147734610947792E-002
 performing expansion, best =    6.6147734537922984E-002
 performing expansion, best =    6.6147734195472818E-002
 performing expansion, best =    6.6147734149606743E-002
 performing expansion, best =    6.6147733789822291E-002
 performing expansion, best =    6.6147733743963294E-002
 performing expansion, best =    6.6147733345803303E-002
 performing expansion, best =    6.6147733298438857E-002
 performing expansion, best =    6.6147733241723683E-002
 performing expansion, best =    6.6147733201473297E-002
 performing expansion, best =    6.6147733146843385E-002
 performing expansion, best =    6.6147733014893809E-002
 performing expansion, best =    6.6147732680410548E-002
 performing expansion, best =    6.6147732606794990E-002
 performing expansion, best =    6.6147732529380013E-002
 performing expansion, best =    6.6147732523659658E-002
 performing expansion, best =    6.6147732252427843E-002
 performing expansion, best =    6.6147732186935052E-002
 performing expansion, best =    6.6147731917141031E-002
 performing expansion, best =    6.6147731553922978E-002
 performing expansion, best =    6.6147731179391142E-002
 performing expansion, best =    6.6147731111584770E-002
 performing expansion, best =    6.6147731042480742E-002
 performing expansion, best =    6.6147730712104544E-002
 performing expansion, best =    6.6147730374371161E-002
 performing expansion, best =    6.6147730319500997E-002
 performing expansion, best =    6.6147730243568070E-002
 performing expansion, best =    6.6147730223605955E-002
 performing expansion, best =    6.6147729925891977E-002
 performing expansion, best =    6.6147729812651906E-002
 performing expansion, best =    6.6147729763345500E-002
 performing expansion, best =    6.6147729751991305E-002
 performing expansion, best =    6.6147729685517576E-002
 performing expansion, best =    6.6147729318269219E-002
 performing expansion, best =    6.6147729103630495E-002
 performing expansion, best =    6.6147728846054132E-002
 performing expansion, best =    6.6147728841174772E-002
 performing expansion, best =    6.6147728588407798E-002
 performing expansion, best =    6.6147728094236247E-002
 performing expansion, best =    6.6147728076531701E-002
 performing expansion, best =    6.6147728037944165E-002
 performing expansion, best =    6.6147727625280955E-002
 performing expansion, best =    6.6147727608289464E-002
 performing expansion, best =    6.6147727399174613E-002
 performing expansion, best =    6.6147727015913330E-002
 performing expansion, best =    6.6147726591649927E-002
 performing expansion, best =    6.6147726529357395E-002
 performing expansion, best =    6.6147726164482890E-002
 performing expansion, best =    6.6147725817815375E-002
 performing expansion, best =    6.6147725290764584E-002
 performing expansion, best =    6.6147725289833759E-002
 performing expansion, best =    6.6147725244958835E-002
 performing expansion, best =    6.6147724882633041E-002
 performing expansion, best =    6.6147724801434646E-002
 performing expansion, best =    6.6147724746765821E-002
 performing expansion, best =    6.6147724397927349E-002
 performing expansion, best =    6.6147724139757960E-002
 performing expansion, best =    6.6147723783740661E-002
 performing expansion, best =    6.6147723491663035E-002
 performing expansion, best =    6.6147723453104573E-002
 performing expansion, best =    6.6147723369458733E-002
 performing expansion, best =    6.6147722982638685E-002
 performing expansion, best =    6.6147722900784550E-002
 performing expansion, best =    6.6147722607670476E-002
 performing expansion, best =    6.6147722604096196E-002
 performing expansion, best =    6.6147722421016866E-002
 performing expansion, best =    6.6147722220172442E-002
 performing expansion, best =    6.6147722182879370E-002
 performing expansion, best =    6.6147722022068048E-002
 performing expansion, best =    6.6147722014788829E-002
 performing expansion, best =    6.6147721931823444E-002
 performing expansion, best =    6.6147721879535770E-002
 performing expansion, best =    6.6147721826672806E-002
 performing expansion, best =    6.6147721613831742E-002
 performing expansion, best =    6.6147721593087169E-002
 performing expansion, best =    6.6147721577772864E-002
 performing expansion, best =    6.6147721444354546E-002
 performing expansion, best =    6.6147721324830530E-002
 performing expansion, best =    6.6147721194120240E-002
 performing expansion, best =    6.6147721184105959E-002
 performing expansion, best =    6.6147720994653936E-002
 performing expansion, best =    6.6147720966728232E-002
 performing expansion, best =    6.6147720799513379E-002
 performing expansion, best =    6.6147720756820502E-002
 performing expansion, best =    6.6147720573143082E-002
 performing expansion, best =    6.6147720355607939E-002
 performing expansion, best =    6.6147720065706558E-002
 performing expansion, best =    6.6147720039278782E-002
 performing expansion, best =    6.6147720005765839E-002
 performing expansion, best =    6.6147719782390688E-002
 performing expansion, best =    6.6147719649757436E-002
 performing expansion, best =    6.6147719614992953E-002
 performing expansion, best =    6.6147719510830177E-002
 performing expansion, best =    6.6147719372376040E-002
 performing expansion, best =    6.6147719343398539E-002
 performing expansion, best =    6.6147719300618288E-002
 performing expansion, best =    6.6147719300288246E-002
 performing expansion, best =    6.6147719212463749E-002
 performing expansion, best =    6.6147719175984540E-002
 performing expansion, best =    6.6147719008929642E-002
 performing expansion, best =    6.6147718961293858E-002
 performing expansion, best =    6.6147718918108625E-002
 performing expansion, best =    6.6147718793123061E-002
 performing expansion, best =    6.6147718725543272E-002
 performing expansion, best =    6.6147718708023343E-002
 performing expansion, best =    6.6147718702532041E-002
 performing expansion, best =    6.6147718585972903E-002
 performing expansion, best =    6.6147718467228139E-002
 performing expansion, best =    6.6147718373004954E-002
 performing expansion, best =    6.6147718344866199E-002
 performing expansion, best =    6.6147718239258343E-002
 performing expansion, best =    6.6147718093684041E-002
 performing expansion, best =    6.6147718077733841E-002
 performing expansion, best =    6.6147718066284361E-002
 performing expansion, best =    6.6147717946485524E-002
 performing expansion, best =    6.6147717769064251E-002
 performing expansion, best =    6.6147717582821466E-002
 performing expansion, best =    6.6147717317805388E-002
 performing expansion, best =    6.6147717105777423E-002
 performing expansion, best =    6.6147717100928274E-002
 performing expansion, best =    6.6147717093343023E-002
 performing expansion, best =    6.6147716935967577E-002
 performing expansion, best =    6.6147716905321174E-002
 performing expansion, best =    6.6147716864373582E-002
 performing expansion, best =    6.6147716667004725E-002
 performing expansion, best =    6.6147716651872593E-002
 performing expansion, best =    6.6147716498985598E-002
 performing expansion, best =    6.6147716486433014E-002
 performing expansion, best =    6.6147716481218338E-002
 performing expansion, best =    6.6147716473353171E-002
 performing expansion, best =    6.6147716453291996E-002
 performing expansion, best =    6.6147716346379185E-002
 performing expansion, best =    6.6147716310770904E-002
 performing expansion, best =    6.6147716183585656E-002
 performing expansion, best =    6.6147716117480243E-002
 performing expansion, best =    6.6147716006093524E-002
 performing expansion, best =    6.6147715919199310E-002
 performing expansion, best =    6.6147715789793740E-002
 performing expansion, best =    6.6147715647044067E-002
 performing expansion, best =    6.6147715635296200E-002
 performing expansion, best =    6.6147715631222917E-002
 performing expansion, best =    6.6147715624201464E-002
 performing expansion, best =    6.6147715553631151E-002
 performing expansion, best =    6.6147715431974161E-002
 performing expansion, best =    6.6147715404204721E-002
 performing expansion, best =    6.6147715261347856E-002
 performing expansion, best =    6.6147715231638593E-002
 performing expansion, best =    6.6147715224839213E-002
 performing expansion, best =    6.6147715123035342E-002
 performing expansion, best =    6.6147715047273570E-002
 performing expansion, best =    6.6147715046558683E-002
 performing expansion, best =    6.6147715045670380E-002
 performing expansion, best =    6.6147715007427249E-002
 performing expansion, best =    6.6147715002601346E-002
 performing expansion, best =    6.6147714980378428E-002
 performing expansion, best =    6.6147714911155953E-002
 performing expansion, best =    6.6147714904313260E-002
 performing expansion, best =    6.6147714856191003E-002
 performing expansion, best =    6.6147714796289253E-002
 performing expansion, best =    6.6147714746854436E-002
 performing expansion, best =    6.6147714745518879E-002
 performing expansion, best =    6.6147714736796745E-002
 performing expansion, best =    6.6147714708902766E-002
 performing expansion, best =    6.6147714702775251E-002
 performing expansion, best =    6.6147714675185196E-002
 performing expansion, best =    6.6147714673591484E-002
 performing expansion, best =    6.6147714672549165E-002
 performing expansion, best =    6.6147714644417960E-002
 performing expansion, best =    6.6147714607794603E-002
 performing expansion, best =    6.6147714558130635E-002
 performing expansion, best =    6.6147714493518986E-002
 performing expansion, best =    6.6147714431306320E-002
 performing expansion, best =    6.6147714376653677E-002
 performing expansion, best =    6.6147714297902685E-002
 performing expansion, best =    6.6147714228595389E-002
 performing expansion, best =    6.6147714136008895E-002
 performing expansion, best =    6.6147714117795686E-002
 performing expansion, best =    6.6147714103620095E-002
 performing expansion, best =    6.6147714096085275E-002
 performing expansion, best =    6.6147714060786303E-002
 performing expansion, best =    6.6147714054409612E-002
 performing expansion, best =    6.6147714045087735E-002
 performing expansion, best =    6.6147714043217856E-002
 performing expansion, best =    6.6147714040025146E-002
 performing expansion, best =    6.6147713986511897E-002
 performing expansion, best =    6.6147713982145556E-002
 performing expansion, best =    6.6147713948117845E-002
 performing expansion, best =    6.6147713905228500E-002
 performing expansion, best =    6.6147713878742811E-002
 performing expansion, best =    6.6147713827720611E-002
 performing expansion, best =    6.6147713817556505E-002
 performing expansion, best =    6.6147713804814753E-002
 performing expansion, best =    6.6147713796690308E-002
 performing expansion, best =    6.6147713759909355E-002
 performing expansion, best =    6.6147713756446264E-002
 performing expansion, best =    6.6147713726948998E-002
 performing expansion, best =    6.6147713705038344E-002
 performing expansion, best =    6.6147713696475069E-002
 performing expansion, best =    6.6147713654409010E-002
 performing expansion, best =    6.6147713593591256E-002
 performing expansion, best =    6.6147713591370311E-002
 performing expansion, best =    6.6147713550294113E-002
 performing expansion, best =    6.6147713505512504E-002
 performing expansion, best =    6.6147713432462799E-002
 performing expansion, best =    6.6147713340752479E-002
 performing expansion, best =    6.6147713323177884E-002
 performing expansion, best =    6.6147713250838944E-002
 performing expansion, best =    6.6147713212491757E-002
 performing expansion, best =    6.6147713208927816E-002
 performing expansion, best =    6.6147713177016954E-002
 performing expansion, best =    6.6147713172596115E-002
 performing expansion, best =    6.6147713166244612E-002
 performing expansion, best =    6.6147713162914484E-002
 performing expansion, best =    6.6147713145043197E-002
 performing expansion, best =    6.6147713143364761E-002
 performing expansion, best =    6.6147713109555029E-002
 performing expansion, best =    6.6147713105403419E-002
 performing expansion, best =    6.6147713074198575E-002
 performing expansion, best =    6.6147713060518490E-002
 performing expansion, best =    6.6147713060257393E-002
 performing expansion, best =    6.6147713044342804E-002
 performing expansion, best =    6.6147713037889064E-002
 performing expansion, best =    6.6147713035930297E-002
 performing expansion, best =    6.6147713031743799E-002
 performing expansion, best =    6.6147713030187780E-002
 performing expansion, best =    6.6147713016677337E-002
 performing expansion, best =    6.6147713014923004E-002
 performing expansion, best =    6.6147712991014906E-002
 performing expansion, best =    6.6147712959313237E-002
 performing expansion, best =    6.6147712952347532E-002
 performing expansion, best =    6.6147712943957507E-002
 performing expansion, best =    6.6147712934917918E-002
 performing expansion, best =    6.6147712933633626E-002
 performing expansion, best =    6.6147712915494830E-002
 performing expansion, best =    6.6147712889107868E-002
 performing expansion, best =    6.6147712881395843E-002
 performing expansion, best =    6.6147712847994602E-002
 performing expansion, best =    6.6147712843920112E-002
 performing expansion, best =    6.6147712808275319E-002
 performing expansion, best =    6.6147712805244174E-002
 performing expansion, best =    6.6147712795605898E-002
 performing expansion, best =    6.6147712756227592E-002
 performing expansion, best =    6.6147712750317722E-002
 performing expansion, best =    6.6147712744631854E-002
 performing expansion, best =    6.6147712731749977E-002
 performing expansion, best =    6.6147712725959901E-002
 performing expansion, best =    6.6147712678512521E-002
 performing expansion, best =    6.6147712626289601E-002
 performing expansion, best =    6.6147712621543467E-002
 performing expansion, best =    6.6147712583941087E-002
 performing expansion, best =    6.6147712570499159E-002
 performing expansion, best =    6.6147712567740741E-002
 performing expansion, best =    6.6147712503378114E-002
 performing expansion, best =    6.6147712493248245E-002
 performing expansion, best =    6.6147712491600355E-002
 performing expansion, best =    6.6147712488517890E-002
 performing expansion, best =    6.6147712437623199E-002
 performing expansion, best =    6.6147712434286923E-002
 performing expansion, best =    6.6147712424475660E-002
 performing expansion, best =    6.6147712411999168E-002
 performing expansion, best =    6.6147712407877327E-002
 performing expansion, best =    6.6147712405513384E-002
 performing expansion, best =    6.6147712365166561E-002
 performing expansion, best =    6.6147712358745489E-002
 performing expansion, best =    6.6147712356426108E-002
 performing expansion, best =    6.6147712318525592E-002
 performing expansion, best =    6.6147712316691087E-002
 performing expansion, best =    6.6147712298555095E-002
 performing expansion, best =    6.6147712272338080E-002
 performing expansion, best =    6.6147712271921968E-002
 performing expansion, best =    6.6147712234117348E-002
 performing expansion, best =    6.6147712233071893E-002
 performing expansion, best =    6.6147712229238667E-002
 performing expansion, best =    6.6147712185579632E-002
 performing expansion, best =    6.6147712179564819E-002
 performing expansion, best =    6.6147712176235579E-002
 performing expansion, best =    6.6147712171513162E-002
 performing expansion, best =    6.6147712171063147E-002
 performing expansion, best =    6.6147712167623607E-002
 performing expansion, best =    6.6147712149627780E-002
 performing expansion, best =    6.6147712121974594E-002
 performing expansion, best =    6.6147712092710254E-002
 performing expansion, best =    6.6147712065856526E-002
 performing expansion, best =    6.6147712027741681E-002
 performing expansion, best =    6.6147711997775360E-002
 performing expansion, best =    6.6147711975834855E-002
 performing expansion, best =    6.6147711975655291E-002
 performing expansion, best =    6.6147711955549554E-002
 performing expansion, best =    6.6147711908637510E-002
 performing expansion, best =    6.6147711903892306E-002
 performing expansion, best =    6.6147711900035419E-002
 performing expansion, best =    6.6147711897280526E-002
 performing expansion, best =    6.6147711893526681E-002
 performing expansion, best =    6.6147711892552793E-002
 performing expansion, best =    6.6147711890533450E-002
 performing expansion, best =    6.6147711872109008E-002
 performing expansion, best =    6.6147711867554804E-002
 performing expansion, best =    6.6147711867444517E-002
 performing expansion, best =    6.6147711865590542E-002
 performing expansion, best =    6.6147711848354065E-002
 performing expansion, best =    6.6147711827042627E-002
 performing expansion, best =    6.6147711803800510E-002
 performing expansion, best =    6.6147711774883336E-002
 performing expansion, best =    6.6147711752755703E-002
 performing expansion, best =    6.6147711730903211E-002
 performing expansion, best =    6.6147711730415559E-002
 performing expansion, best =    6.6147711724908589E-002
 performing expansion, best =    6.6147711721378177E-002
 performing expansion, best =    6.6147711719598878E-002
 performing expansion, best =    6.6147711701959919E-002
 performing expansion, best =    6.6147711673081741E-002
 performing expansion, best =    6.6147711668891232E-002
 performing expansion, best =    6.6147711648048252E-002
 performing expansion, best =    6.6147711630579822E-002
 performing expansion, best =    6.6147711626054234E-002
 performing expansion, best =    6.6147711623929975E-002
 performing expansion, best =    6.6147711622606631E-002
 performing expansion, best =    6.6147711620531388E-002
 performing expansion, best =    6.6147711619654381E-002
 performing expansion, best =    6.6147711617011759E-002
 performing expansion, best =    6.6147711613460891E-002
 performing expansion, best =    6.6147711607962553E-002
 performing expansion, best =    6.6147711593094974E-002
 performing expansion, best =    6.6147711587941388E-002
 performing expansion, best =    6.6147711573272996E-002
 performing expansion, best =    6.6147711571948140E-002
 performing expansion, best =    6.6147711557723060E-002
 performing expansion, best =    6.6147711556700017E-002
 performing expansion, best =    6.6147711537407117E-002
 performing expansion, best =    6.6147711520251881E-002
 performing expansion, best =    6.6147711498886569E-002
 performing expansion, best =    6.6147711475444057E-002
 performing expansion, best =    6.6147711475291998E-002
 performing expansion, best =    6.6147711475084400E-002
 performing expansion, best =    6.6147711461429379E-002
 performing expansion, best =    6.6147711458822686E-002
 performing expansion, best =    6.6147711454208252E-002
 performing expansion, best =    6.6147711453458574E-002
 performing expansion, best =    6.6147711453415123E-002
 performing expansion, best =    6.6147711440761481E-002
 performing expansion, best =    6.6147711439596676E-002
 performing expansion, best =    6.6147711436986611E-002
 performing expansion, best =    6.6147711427706188E-002
 performing expansion, best =    6.6147711425381533E-002
 performing expansion, best =    6.6147711415888794E-002
 performing expansion, best =    6.6147711415749683E-002
 performing expansion, best =    6.6147711415403931E-002
 performing expansion, best =    6.6147711412430310E-002
 performing expansion, best =    6.6147711403222439E-002
 performing expansion, best =    6.6147711394114309E-002
 performing expansion, best =    6.6147711387058716E-002
 performing expansion, best =    6.6147711373107057E-002
 performing expansion, best =    6.6147711372676332E-002
 performing expansion, best =    6.6147711359625452E-002
 performing expansion, best =    6.6147711355609595E-002
 performing expansion, best =    6.6147711339070561E-002
 performing expansion, best =    6.6147711320264382E-002
 performing expansion, best =    6.6147711300781634E-002
 performing expansion, best =    6.6147711294985367E-002
 performing expansion, best =    6.6147711273478960E-002
 performing expansion, best =    6.6147711262399156E-002
 performing expansion, best =    6.6147711259901737E-002
 performing expansion, best =    6.6147711258825417E-002
 performing expansion, best =    6.6147711241238208E-002
 performing expansion, best =    6.6147711240051366E-002
 performing expansion, best =    6.6147711234773129E-002
 performing expansion, best =    6.6147711233808845E-002
Exiting simplex optimization after 10001 iterations
RMSE         6.614771122E-02 Hartree
NEW BEST!
Best found solution for 6 charges:
        RMSE         4.150828412E+01 kcal/mol
         MAE         4.059002945E+01 kcal/mol
     max. AE         7.923509245E+01 kcal/mol

       x[bohr]       y[bohr]       z[bohr]          q[e]
     0.3644975    -0.4308982     0.0391860     0.1959548
     0.1522137     1.1301015    -0.2620987    -0.4453038
     0.8184680    -0.6515058     0.0000107    -0.0366878
     0.2299571     0.7436301     0.4697949    -0.1152705
    -0.6871853    -0.0050123    -0.4690504     0.1719583
    -2.0637766    -1.2897422    -0.0000326    -0.0970787

