Running in fitting mode

Reading "/data/boittier/gaussian_scans/butadiene/scan_extract_0.xyz.chk.fchk.pot.cube"...

  opt Potential
  Electrostatic potential from Total SCF Density
   10   -8.606892   -9.296586   -6.512752
   85    0.203727    0.000000    0.000000
   92    0.000000    0.203727    0.000000
   65    0.000000    0.000000    0.203727
    6    6.000000    2.094140    2.783833    0.000000
    6    6.000000    0.000000    1.372509    0.000000
    6    6.000000    0.000000   -1.372508    0.000000
    6    6.000000   -2.094140   -2.783833    0.000000
    1    1.000000    2.009811    4.824243    0.000000
    1    1.000000    3.951380    1.924660    0.000000
    1    1.000000   -1.835514    2.288467    0.000000
    1    1.000000    1.835514   -2.288466    0.000000
    1    1.000000   -3.951380   -1.924661    0.000000
    1    1.000000   -2.009810   -4.824243    0.000000
  2.26511E-03  2.29910E-03  2.31955E-03  2.32611E-03  2.31866E-03  2.29733E-03
       .            .            .            .            .            .
       .            .            .            .            .            .
       .            .            .            .            .            .
  2.29269E-03  2.29923E-03  2.29180E-03  2.27053E-03  2.23580E-03  2.18822E-03

Using VDW grid cutoff
229538 out of 508300 gridpoints are considered ( 45.2%).

...done!




 Refining solution from file/home/boittier/MDCM-1/examples/butadiene/5-combine-frags/15-combined.xyz
 Contains     15 charges
      Initial RMSE =         5.925040884E-01 kcal/mol
Running DE in parallel with 4 thread(s)!


User requested refinement using simplex algorithm (no DE)

 performing expansion, best =    9.4312430246458120E-004
 performing expansion, best =    9.4221252356526796E-004
 performing expansion, best =    9.4182737049319223E-004
 performing expansion, best =    9.4161399816870557E-004
 performing expansion, best =    9.3786393298702362E-004
 performing expansion, best =    9.3534418568242208E-004
 performing expansion, best =    9.3028025075276341E-004
 performing expansion, best =    9.2935577313198333E-004
 performing expansion, best =    9.2925800206759466E-004
 performing expansion, best =    9.2884494762924500E-004
 performing expansion, best =    9.2770152333536198E-004
 performing expansion, best =    9.2752957811718896E-004
 performing expansion, best =    9.2713271502036692E-004
 performing expansion, best =    9.2521150038603328E-004
 performing expansion, best =    9.2383331837570990E-004
 performing expansion, best =    9.2367628458088556E-004
 performing expansion, best =    9.2314955920645605E-004
 performing expansion, best =    9.2296851773593955E-004
 performing expansion, best =    9.2230874259141191E-004
 performing expansion, best =    9.2225424118074243E-004
 performing expansion, best =    9.2169224128597275E-004
 performing expansion, best =    9.2127238559263204E-004
 performing expansion, best =    9.2090277867585863E-004
 performing expansion, best =    9.2068973277070797E-004
 performing expansion, best =    9.2056660692716396E-004
 performing expansion, best =    9.2035847990398767E-004
 performing expansion, best =    9.2030796639831108E-004
 performing expansion, best =    9.2026665984608921E-004
 performing expansion, best =    9.2011630350075817E-004
 performing expansion, best =    9.2009759170417463E-004
 performing expansion, best =    9.2004041863486799E-004
 performing expansion, best =    9.1991896406432147E-004
 performing expansion, best =    9.1984841882075501E-004
 performing expansion, best =    9.1977551047680022E-004
 performing expansion, best =    9.1966481461725489E-004
 performing expansion, best =    9.1956732347220382E-004
 performing expansion, best =    9.1952674684135280E-004
 performing expansion, best =    9.1945397625709251E-004
 performing expansion, best =    9.1940034913781253E-004
 performing expansion, best =    9.1936049206288678E-004
 performing expansion, best =    9.1934090359321820E-004
 performing expansion, best =    9.1922857486738299E-004
 performing expansion, best =    9.1907889290137462E-004
 performing expansion, best =    9.1899189732670022E-004
 performing expansion, best =    9.1898528764855654E-004
 performing expansion, best =    9.1890494000840370E-004
 performing expansion, best =    9.1887737455240116E-004
 performing expansion, best =    9.1880453381395122E-004
 performing expansion, best =    9.1869966763404325E-004
 performing expansion, best =    9.1864627406328375E-004
 performing expansion, best =    9.1862013191221020E-004
 performing expansion, best =    9.1857983058663798E-004
 performing expansion, best =    9.1850956754121105E-004
 performing expansion, best =    9.1850032074253371E-004
 performing expansion, best =    9.1849511725827294E-004
 performing expansion, best =    9.1848334381362850E-004
 performing expansion, best =    9.1847581856122355E-004
 performing expansion, best =    9.1845079912987535E-004
 performing expansion, best =    9.1842811335995716E-004
 performing expansion, best =    9.1842570241831476E-004
 performing expansion, best =    9.1840502745659653E-004
 performing expansion, best =    9.1839848425524957E-004
 performing expansion, best =    9.1835845979721200E-004
 performing expansion, best =    9.1835594955566818E-004
 performing expansion, best =    9.1830820945119234E-004
 performing expansion, best =    9.1828961790688091E-004
 performing expansion, best =    9.1828110163455793E-004
 performing expansion, best =    9.1828049393954784E-004
 performing expansion, best =    9.1827553346875287E-004
 performing expansion, best =    9.1826500652114737E-004
 performing expansion, best =    9.1825881160032224E-004
 performing expansion, best =    9.1824290801738870E-004
 performing expansion, best =    9.1823178586840620E-004
 performing expansion, best =    9.1821960126107637E-004
 performing expansion, best =    9.1821359038140888E-004
 performing expansion, best =    9.1819862207938514E-004
 performing expansion, best =    9.1819776197371822E-004
 performing expansion, best =    9.1819669951469858E-004
 performing expansion, best =    9.1818122419991721E-004
 performing expansion, best =    9.1817634463910224E-004
 performing expansion, best =    9.1817106251153172E-004
 performing expansion, best =    9.1816931562899282E-004
 performing expansion, best =    9.1816573945839401E-004
 performing expansion, best =    9.1816327086320789E-004
 performing expansion, best =    9.1815891755296457E-004
 performing expansion, best =    9.1814834668557134E-004
 performing expansion, best =    9.1814350710948608E-004
 performing expansion, best =    9.1813765055726373E-004
 performing expansion, best =    9.1812219033003890E-004
 performing expansion, best =    9.1810782233456517E-004
 performing expansion, best =    9.1808293785458400E-004
 performing expansion, best =    9.1806000353917487E-004
 performing expansion, best =    9.1802762402173150E-004
 performing expansion, best =    9.1801073603928619E-004
 performing expansion, best =    9.1798026595019231E-004
 performing expansion, best =    9.1796348203296242E-004
 performing expansion, best =    9.1795355310658831E-004
 performing expansion, best =    9.1794778232078022E-004
 performing expansion, best =    9.1792303730916125E-004
 performing expansion, best =    9.1792187283552178E-004
 performing expansion, best =    9.1790982149445954E-004
 performing expansion, best =    9.1788815981992623E-004
 performing expansion, best =    9.1788016975496815E-004
 performing expansion, best =    9.1786125010631832E-004
 performing expansion, best =    9.1783388517348503E-004
 performing expansion, best =    9.1782866883665770E-004
 performing expansion, best =    9.1780352163051766E-004
 performing expansion, best =    9.1779994773419089E-004
 performing expansion, best =    9.1778582874897381E-004
 performing expansion, best =    9.1778145856441517E-004
 performing expansion, best =    9.1775694462678731E-004
 performing expansion, best =    9.1772216506544140E-004
 performing expansion, best =    9.1767551031428916E-004
 performing expansion, best =    9.1763851273854750E-004
