Running in fitting mode

Reading "/data/boittier/gaussian_scans/bromobutadiene/scan_extract_0.xyz.chk.fchk.pot.cube"...

  opt Potential
  Electrostatic potential from Total SCF Density
   10  -10.982195  -11.443988   -9.769128
   84    0.265911    0.000000    0.000000
   82    0.000000    0.265911    0.000000
   74    0.000000    0.000000    0.265911
    6    6.000000   -1.673952    3.606648    0.000000
    6    6.000000    0.000000    1.721109    0.000000
    6    6.000000    2.723878    2.103773    0.000000
    6    6.000000    4.508290    0.324643    0.000000
    1    1.000000   -3.687195    3.287689    0.000000
    1    1.000000   -0.999128    5.537939    0.000000
   35   35.000000   -1.213067   -1.674860    0.000000
    1    1.000000    3.266739    4.081797    0.000000
    1    1.000000    4.043439   -1.663450    0.000000
    1    1.000000    6.484203    0.839077    0.000000
 -4.50402E-03 -4.51053E-03 -4.51179E-03 -4.50778E-03 -4.37950E-03 -4.39021E-03
       .            .            .            .            .            .
       .            .            .            .            .            .
       .            .            .            .            .            .
  7.70629E-03  7.78523E-03  7.80058E-03  7.75172E-03  7.64058E-03  7.47148E-03

132359 out of 509712 gridpoints are considered ( 26.0%).

...done!




USING GREEDY MODE
File "multipole1_1charges.xyz" already exists. Fitting procedure is skipped.
File "multipole1_2charges.xyz" already exists. Fitting procedure is skipped.
File "multipole1_3charges.xyz" already exists. Fitting procedure is skipped.
File "multipole1_4charges.xyz" already exists. Fitting procedure is skipped.
File "multipole2_1charges.xyz" already exists. Fitting procedure is skipped.
File "multipole2_2charges.xyz" already exists. Fitting procedure is skipped.
File "multipole2_3charges.xyz" already exists. Fitting procedure is skipped.
File "multipole2_4charges.xyz" already exists. Fitting procedure is skipped.
File "multipole3_1charges.xyz" already exists. Fitting procedure is skipped.
File "multipole3_2charges.xyz" already exists. Fitting procedure is skipped.
File "multipole3_3charges.xyz" already exists. Fitting procedure is skipped.
File "multipole3_4charges.xyz" already exists. Fitting procedure is skipped.
File "multipole4_1charges.xyz" already exists. Fitting procedure is skipped.
File "multipole4_2charges.xyz" already exists. Fitting procedure is skipped.
File "multipole4_3charges.xyz" already exists. Fitting procedure is skipped.
File "multipole4_4charges.xyz" already exists. Fitting procedure is skipped.
File "multipole5_1charges.xyz" already exists. Fitting procedure is skipped.
File "multipole5_2charges.xyz" already exists. Fitting procedure is skipped.
File "multipole5_3charges.xyz" already exists. Fitting procedure is skipped.
File "multipole5_4charges.xyz" already exists. Fitting procedure is skipped.
File "multipole6_1charges.xyz" already exists. Fitting procedure is skipped.
File "multipole6_2charges.xyz" already exists. Fitting procedure is skipped.
File "multipole6_3charges.xyz" already exists. Fitting procedure is skipped.
File "multipole6_4charges.xyz" already exists. Fitting procedure is skipped.
File "multipole7_1charges.xyz" already exists. Fitting procedure is skipped.
File "multipole7_2charges.xyz" already exists. Fitting procedure is skipped.
File "multipole7_3charges.xyz" already exists. Fitting procedure is skipped.
File "multipole7_4charges.xyz" already exists. Fitting procedure is skipped.
File "multipole8_1charges.xyz" already exists. Fitting procedure is skipped.
File "multipole8_2charges.xyz" already exists. Fitting procedure is skipped.
File "multipole8_3charges.xyz" already exists. Fitting procedure is skipped.
File "multipole8_4charges.xyz" already exists. Fitting procedure is skipped.
File "multipole9_1charges.xyz" already exists. Fitting procedure is skipped.
File "multipole9_2charges.xyz" already exists. Fitting procedure is skipped.
File "multipole9_3charges.xyz" already exists. Fitting procedure is skipped.
File "multipole9_4charges.xyz" already exists. Fitting procedure is skipped.
File "multipole10_1charges.xyz" already exists. Fitting procedure is skipped.
File "multipole10_2charges.xyz" already exists. Fitting procedure is skipped.
File "multipole10_3charges.xyz" already exists. Fitting procedure is skipped.
File "multipole10_4charges.xyz" already exists. Fitting procedure is skipped.
Total fragment charge (a.u.):         1.040834086E-16
Running DE in parallel with 4 thread(s)!

Starting fitting procedure for 14 charges, trial 1
gen      0/28000      elitist  2.1962949E-02 feasible? F
gen    100/28000      elitist  1.8749570E-02 feasible? T
gen    200/28000      elitist  6.7288512E-03 feasible? T
gen    300/28000      elitist  3.9024694E-03 feasible? T
gen    400/28000      elitist  3.6609020E-03 feasible? T
gen    500/28000      elitist  2.7907821E-03 feasible? T
gen    600/28000      elitist  2.6992852E-03 feasible? T
gen    700/28000      elitist  2.6334677E-03 feasible? T
gen    800/28000      elitist  2.5747013E-03 feasible? T
gen    900/28000      elitist  2.4280650E-03 feasible? T
gen   1000/28000      elitist  2.3340184E-03 feasible? T
gen   1100/28000      elitist  2.3097711E-03 feasible? T
gen   1200/28000      elitist  2.2972223E-03 feasible? T
gen   1300/28000      elitist  2.2845269E-03 feasible? T
gen   1400/28000      elitist  2.2766530E-03 feasible? T
gen   1500/28000      elitist  2.2668708E-03 feasible? T
gen   1600/28000      elitist  2.2657521E-03 feasible? T
gen   1700/28000      elitist  2.2517972E-03 feasible? T
gen   1800/28000      elitist  2.2503720E-03 feasible? T
gen   1900/28000      elitist  2.2401748E-03 feasible? T
gen   2000/28000      elitist  2.2291467E-03 feasible? T
gen   2100/28000      elitist  2.2251180E-03 feasible? T
gen   2200/28000      elitist  2.2245591E-03 feasible? T
gen   2300/28000      elitist  2.2239812E-03 feasible? T
gen   2400/28000      elitist  2.2238218E-03 feasible? T
gen   2500/28000      elitist  2.2235915E-03 feasible? T
gen   2600/28000      elitist  2.2233765E-03 feasible? T
gen   2700/28000      elitist  2.2231419E-03 feasible? T
gen   2800/28000      elitist  2.2227000E-03 feasible? T
gen   2900/28000      elitist  2.2226352E-03 feasible? T
gen   3000/28000      elitist  2.2223449E-03 feasible? T
gen   3100/28000      elitist  2.2220198E-03 feasible? T
gen   3200/28000      elitist  2.2216850E-03 feasible? T
gen   3300/28000      elitist  2.2215930E-03 feasible? T
gen   3400/28000      elitist  2.2215705E-03 feasible? T
gen   3500/28000      elitist  2.2215474E-03 feasible? T
gen   3600/28000      elitist  2.2215392E-03 feasible? T
gen   3700/28000      elitist  2.2215358E-03 feasible? T
gen   3800/28000      elitist  2.2215331E-03 feasible? T
gen   3900/28000      elitist  2.2215328E-03 feasible? T
gen   4000/28000      elitist  2.2215319E-03 feasible? T
gen   4100/28000      elitist  2.2215305E-03 feasible? T
gen   4200/28000      elitist  2.2215284E-03 feasible? T
gen   4300/28000      elitist  2.2211310E-03 feasible? T
gen   4400/28000      elitist  2.2209828E-03 feasible? T
gen   4500/28000      elitist  2.2198098E-03 feasible? T
gen   4600/28000      elitist  2.2195010E-03 feasible? T
gen   4700/28000      elitist  2.2194197E-03 feasible? T
gen   4800/28000      elitist  2.2194032E-03 feasible? T
gen   4900/28000      elitist  2.2193703E-03 feasible? T
gen   5000/28000      elitist  2.2190835E-03 feasible? T
gen   5100/28000      elitist  2.2134283E-03 feasible? T
gen   5200/28000      elitist  2.2093333E-03 feasible? T
gen   5300/28000      elitist  2.2067721E-03 feasible? T
gen   5400/28000      elitist  2.2054743E-03 feasible? T
gen   5500/28000      elitist  2.2046911E-03 feasible? T
gen   5600/28000      elitist  2.2043124E-03 feasible? T
gen   5700/28000      elitist  2.2035985E-03 feasible? T
gen   5800/28000      elitist  2.2033276E-03 feasible? T
gen   5900/28000      elitist  2.2031958E-03 feasible? T
gen   6000/28000      elitist  2.2029554E-03 feasible? T
gen   6100/28000      elitist  2.2028837E-03 feasible? T
gen   6200/28000      elitist  2.2028272E-03 feasible? T
gen   6300/28000      elitist  2.2028011E-03 feasible? T
gen   6400/28000      elitist  2.2027506E-03 feasible? T
gen   6500/28000      elitist  2.2026156E-03 feasible? T
gen   6600/28000      elitist  2.2023259E-03 feasible? T
gen   6700/28000      elitist  2.2020294E-03 feasible? T
gen   6800/28000      elitist  2.2014394E-03 feasible? T
gen   6900/28000      elitist  2.2011138E-03 feasible? T
gen   7000/28000      elitist  2.2009256E-03 feasible? T
gen   7100/28000      elitist  2.2008424E-03 feasible? T
gen   7200/28000      elitist  2.2008137E-03 feasible? T
gen   7300/28000      elitist  2.2008010E-03 feasible? T
gen   7400/28000      elitist  2.2007930E-03 feasible? T
gen   7500/28000      elitist  2.2007883E-03 feasible? T
gen   7600/28000      elitist  2.2007850E-03 feasible? T
gen   7700/28000      elitist  2.2007811E-03 feasible? T
gen   7800/28000      elitist  2.2004443E-03 feasible? T
gen   7900/28000      elitist  2.1994464E-03 feasible? T
gen   8000/28000      elitist  2.1958008E-03 feasible? T
gen   8100/28000      elitist  2.1928997E-03 feasible? T
gen   8200/28000      elitist  2.1903597E-03 feasible? T
gen   8300/28000      elitist  2.1894893E-03 feasible? T
gen   8400/28000      elitist  2.1884678E-03 feasible? T
gen   8500/28000      elitist  2.1882886E-03 feasible? T
gen   8600/28000      elitist  2.1880323E-03 feasible? T
gen   8700/28000      elitist  2.1879467E-03 feasible? T
gen   8800/28000      elitist  2.1878671E-03 feasible? T
gen   8900/28000      elitist  2.1878596E-03 feasible? T
gen   9000/28000      elitist  2.1878312E-03 feasible? T
gen   9100/28000      elitist  2.1877834E-03 feasible? T
gen   9200/28000      elitist  2.1876721E-03 feasible? T
gen   9300/28000      elitist  2.1874228E-03 feasible? T
gen   9400/28000      elitist  2.1873339E-03 feasible? T
gen   9500/28000      elitist  2.1872157E-03 feasible? T
gen   9600/28000      elitist  2.1871073E-03 feasible? T
gen   9700/28000      elitist  2.1868819E-03 feasible? T
gen   9800/28000      elitist  2.1858413E-03 feasible? T
gen   9900/28000      elitist  2.1852344E-03 feasible? T
gen  10000/28000      elitist  2.1846835E-03 feasible? T
gen  10100/28000      elitist  2.1844870E-03 feasible? T
gen  10200/28000      elitist  2.1824069E-03 feasible? T
gen  10300/28000      elitist  2.1817372E-03 feasible? T
gen  10400/28000      elitist  2.1812864E-03 feasible? T
gen  10500/28000      elitist  2.1811152E-03 feasible? T
gen  10600/28000      elitist  2.1808353E-03 feasible? T
gen  10700/28000      elitist  2.1807534E-03 feasible? T
gen  10800/28000      elitist  2.1806483E-03 feasible? T
gen  10900/28000      elitist  2.1806039E-03 feasible? T
gen  11000/28000      elitist  2.1805684E-03 feasible? T
gen  11100/28000      elitist  2.1804965E-03 feasible? T
gen  11200/28000      elitist  2.1797697E-03 feasible? T
gen  11300/28000      elitist  2.1787614E-03 feasible? T
gen  11400/28000      elitist  2.1770394E-03 feasible? T
gen  11500/28000      elitist  2.1769998E-03 feasible? T
gen  11600/28000      elitist  2.1761887E-03 feasible? T
gen  11700/28000      elitist  2.1760955E-03 feasible? T
gen  11800/28000      elitist  2.1759558E-03 feasible? T
gen  11900/28000      elitist  2.1758033E-03 feasible? T
gen  12000/28000      elitist  2.1756908E-03 feasible? T
gen  12100/28000      elitist  2.1755906E-03 feasible? T
gen  12200/28000      elitist  2.1755734E-03 feasible? T
gen  12300/28000      elitist  2.1755560E-03 feasible? T
gen  12400/28000      elitist  2.1755482E-03 feasible? T
gen  12500/28000      elitist  2.1755309E-03 feasible? T
gen  12600/28000      elitist  2.1750597E-03 feasible? T
gen  12700/28000      elitist  2.1742093E-03 feasible? T
gen  12800/28000      elitist  2.1737283E-03 feasible? T
gen  12900/28000      elitist  2.1736561E-03 feasible? T
gen  13000/28000      elitist  2.1736216E-03 feasible? T
gen  13100/28000      elitist  2.1736176E-03 feasible? T
gen  13200/28000      elitist  2.1735949E-03 feasible? T
gen  13300/28000      elitist  2.1735881E-03 feasible? T
gen  13400/28000      elitist  2.1735681E-03 feasible? T
gen  13500/28000      elitist  2.1729015E-03 feasible? T
gen  13600/28000      elitist  2.1725491E-03 feasible? T
gen  13700/28000      elitist  2.1681657E-03 feasible? T
gen  13800/28000      elitist  2.1652812E-03 feasible? T
gen  13900/28000      elitist  2.1624912E-03 feasible? T
gen  14000/28000      elitist  2.1613242E-03 feasible? T
gen  14100/28000      elitist  2.1605520E-03 feasible? T
gen  14200/28000      elitist  2.1603355E-03 feasible? T
gen  14300/28000      elitist  2.1591107E-03 feasible? T
gen  14400/28000      elitist  2.1459112E-03 feasible? T
gen  14500/28000      elitist  2.1418195E-03 feasible? T
gen  14600/28000      elitist  2.1401576E-03 feasible? T
gen  14700/28000      elitist  2.1390790E-03 feasible? T
gen  14800/28000      elitist  2.1389169E-03 feasible? T
gen  14900/28000      elitist  2.1386964E-03 feasible? T
gen  15000/28000      elitist  2.1382376E-03 feasible? T
gen  15100/28000      elitist  2.1380552E-03 feasible? T
gen  15200/28000      elitist  2.1379456E-03 feasible? T
gen  15300/28000      elitist  2.1378550E-03 feasible? T
gen  15400/28000      elitist  2.1378371E-03 feasible? T
gen  15500/28000      elitist  2.1378213E-03 feasible? T
gen  15600/28000      elitist  2.1378118E-03 feasible? T
gen  15700/28000      elitist  2.1377935E-03 feasible? T
gen  15800/28000      elitist  2.1376772E-03 feasible? T
gen  15900/28000      elitist  2.1376087E-03 feasible? T
gen  16000/28000      elitist  2.1375877E-03 feasible? T
gen  16100/28000      elitist  2.1375493E-03 feasible? T
gen  16200/28000      elitist  2.1375172E-03 feasible? T
gen  16300/28000      elitist  2.1375015E-03 feasible? T
gen  16400/28000      elitist  2.1374907E-03 feasible? T
gen  16500/28000      elitist  2.1374836E-03 feasible? T
gen  16600/28000      elitist  2.1374696E-03 feasible? T
gen  16700/28000      elitist  2.1374610E-03 feasible? T
gen  16800/28000      elitist  2.1374555E-03 feasible? T
gen  16900/28000      elitist  2.1374534E-03 feasible? T
gen  17000/28000      elitist  2.1374522E-03 feasible? T
gen  17100/28000      elitist  2.1374512E-03 feasible? T
gen  17200/28000      elitist  2.1374491E-03 feasible? T
gen  17300/28000      elitist  2.1373746E-03 feasible? T
gen  17400/28000      elitist  2.1373482E-03 feasible? T
gen  17500/28000      elitist  2.1373367E-03 feasible? T
gen  17600/28000      elitist  2.1373306E-03 feasible? T
gen  17700/28000      elitist  2.1372919E-03 feasible? T
gen  17800/28000      elitist  2.1372790E-03 feasible? T
gen  17900/28000      elitist  2.1372726E-03 feasible? T
gen  18000/28000      elitist  2.1372694E-03 feasible? T
gen  18100/28000      elitist  2.1372691E-03 feasible? T
gen  18200/28000      elitist  2.1372687E-03 feasible? T
gen  18300/28000      elitist  2.1372685E-03 feasible? T
gen  18400/28000      elitist  2.1372684E-03 feasible? T
gen  18500/28000      elitist  2.1372683E-03 feasible? T
gen  18600/28000      elitist  2.1372683E-03 feasible? T
gen  18700/28000      elitist  2.1372683E-03 feasible? T
gen  18800/28000      elitist  2.1372681E-03 feasible? T
gen  18900/28000      elitist  2.1372680E-03 feasible? T
gen  19000/28000      elitist  2.1372680E-03 feasible? T
gen  19100/28000      elitist  2.1372680E-03 feasible? T
gen  19200/28000      elitist  2.1372680E-03 feasible? T
gen  19300/28000      elitist  2.1372680E-03 feasible? T
gen  19400/28000      elitist  2.1372675E-03 feasible? T
gen  19500/28000      elitist  2.1371778E-03 feasible? T
gen  19600/28000      elitist  2.1371612E-03 feasible? T
gen  19700/28000      elitist  2.1371540E-03 feasible? T
gen  19800/28000      elitist  2.1371472E-03 feasible? T
gen  19900/28000      elitist  2.1371134E-03 feasible? T
gen  20000/28000      elitist  2.1371054E-03 feasible? T
gen  20100/28000      elitist  2.1370981E-03 feasible? T
gen  20200/28000      elitist  2.1370959E-03 feasible? T
gen  20300/28000      elitist  2.1370929E-03 feasible? T
gen  20400/28000      elitist  2.1370914E-03 feasible? T
gen  20500/28000      elitist  2.1370911E-03 feasible? T
gen  20600/28000      elitist  2.1370908E-03 feasible? T
gen  20700/28000      elitist  2.1370907E-03 feasible? T
gen  20800/28000      elitist  2.1370904E-03 feasible? T
gen  20900/28000      elitist  2.1370902E-03 feasible? T
gen  21000/28000      elitist  2.1370902E-03 feasible? T
gen  21100/28000      elitist  2.1370901E-03 feasible? T
gen  21200/28000      elitist  2.1370901E-03 feasible? T
gen  21300/28000      elitist  2.1370900E-03 feasible? T
gen  21400/28000      elitist  2.1370900E-03 feasible? T
gen  21500/28000      elitist  2.1370900E-03 feasible? T
gen  21600/28000      elitist  2.1370900E-03 feasible? T
gen  21700/28000      elitist  2.1370899E-03 feasible? T
gen  21800/28000      elitist  2.1370899E-03 feasible? T
gen  21900/28000      elitist  2.1370899E-03 feasible? T
gen  22000/28000      elitist  2.1370899E-03 feasible? T
gen  22100/28000      elitist  2.1370895E-03 feasible? T
gen  22200/28000      elitist  2.1370893E-03 feasible? T
gen  22300/28000      elitist  2.1370893E-03 feasible? T
gen  22400/28000      elitist  2.1370892E-03 feasible? T
gen  22500/28000      elitist  2.1370892E-03 feasible? T
gen  22600/28000      elitist  2.1370892E-03 feasible? T
gen  22700/28000      elitist  2.1370891E-03 feasible? T
gen  22800/28000      elitist  2.1370891E-03 feasible? T
gen  22900/28000      elitist  2.1370891E-03 feasible? T
population converged towards a single solution after 22976 generations.
Starting local simplex optimization:
Solution before refinement:      2.1370891296E-03
 performing expansion, best =    2.1360272893459435E-003
 performing expansion, best =    2.1354451687001555E-003
 performing expansion, best =    2.1347604376423194E-003
 performing expansion, best =    2.1347470498601913E-003
 performing expansion, best =    2.1338326599072209E-003
 performing expansion, best =    2.1332786295538099E-003
 performing expansion, best =    2.1330017874319957E-003
 performing expansion, best =    2.1329245500655205E-003
 performing expansion, best =    2.1327777131078056E-003
 performing expansion, best =    2.1321263627886843E-003
 performing expansion, best =    2.1316953271967353E-003
 performing expansion, best =    2.1312260274249273E-003
 performing expansion, best =    2.1311352276465541E-003
 performing expansion, best =    2.1308229901312566E-003
 performing expansion, best =    2.1307437763329151E-003
 performing expansion, best =    2.1301835770728287E-003
 performing expansion, best =    2.1299267991822819E-003
 performing expansion, best =    2.1298416043720662E-003
 performing expansion, best =    2.1296489221522535E-003
 performing expansion, best =    2.1295500297415807E-003
 performing expansion, best =    2.1294398419083363E-003
 performing expansion, best =    2.1293521923609047E-003
 performing expansion, best =    2.1293337742550444E-003
 performing expansion, best =    2.1291779034418742E-003
 performing expansion, best =    2.1288575260337782E-003
 performing expansion, best =    2.1288428280182509E-003
 performing expansion, best =    2.1287665227893169E-003
 performing expansion, best =    2.1285988609902736E-003
 performing expansion, best =    2.1284468560755438E-003
 performing expansion, best =    2.1284008602286447E-003
 performing expansion, best =    2.1277979234666229E-003
 performing expansion, best =    2.1269018187201833E-003
 performing expansion, best =    2.1258795346458196E-003
 performing expansion, best =    2.1258612067956853E-003
 performing expansion, best =    2.1258479486155916E-003
 performing expansion, best =    2.1256989873728281E-003
 performing expansion, best =    2.1256522528043452E-003
 performing expansion, best =    2.1249437124514869E-003
 performing expansion, best =    2.1247069903992900E-003
 performing expansion, best =    2.1241937659482696E-003
 performing expansion, best =    2.1241157101483275E-003
 performing expansion, best =    2.1238224640513868E-003
 performing expansion, best =    2.1232556877809287E-003
 performing expansion, best =    2.1224454235656150E-003
 performing expansion, best =    2.1216599264320532E-003
 performing expansion, best =    2.1208571173499560E-003
 performing expansion, best =    2.1207637222957752E-003
 performing expansion, best =    2.1205919887838172E-003
 performing expansion, best =    2.1200521228178296E-003
 performing expansion, best =    2.1191370704187894E-003
 performing expansion, best =    2.1184451573700944E-003
 performing expansion, best =    2.1181776864625792E-003
 performing expansion, best =    2.1181124457921052E-003
 performing expansion, best =    2.1180235470749341E-003
 performing expansion, best =    2.1172726274618957E-003
 performing expansion, best =    2.1164173959882862E-003
 performing expansion, best =    2.1159536100734547E-003
 performing expansion, best =    2.1154607046547226E-003
 performing expansion, best =    2.1152858543145056E-003
 performing expansion, best =    2.1149514628997098E-003
 performing expansion, best =    2.1146596853615436E-003
 performing expansion, best =    2.1142559932656652E-003
 performing expansion, best =    2.1136157416840897E-003
 performing expansion, best =    2.1132688795304530E-003
 performing expansion, best =    2.1124972942507423E-003
 performing expansion, best =    2.1119980295591272E-003
 performing expansion, best =    2.1116962047616201E-003
 performing expansion, best =    2.1111796795265864E-003
 performing expansion, best =    2.1110025966516151E-003
 performing expansion, best =    2.1107357851013289E-003
 performing expansion, best =    2.1105378881189183E-003
 performing expansion, best =    2.1100850713447151E-003
 performing expansion, best =    2.1093311912331169E-003
 performing expansion, best =    2.1083409608818643E-003
 performing expansion, best =    2.1068228956166160E-003
 performing expansion, best =    2.1056446159199516E-003
 performing expansion, best =    2.1050538203386641E-003
 performing expansion, best =    2.1038739154341005E-003
 performing expansion, best =    2.1027349969390203E-003
 performing expansion, best =    2.1024251590706939E-003
 performing expansion, best =    2.1013511451268311E-003
 performing expansion, best =    2.1011691555231789E-003
 performing expansion, best =    2.1011033628466473E-003
 performing expansion, best =    2.1004476959795852E-003
 performing expansion, best =    2.0988728265552191E-003
 performing expansion, best =    2.0987603249793207E-003
 performing expansion, best =    2.0986328995407483E-003
 performing expansion, best =    2.0983457097016318E-003
 performing expansion, best =    2.0979598138502801E-003
 performing expansion, best =    2.0978793319295719E-003
 performing expansion, best =    2.0978476876082480E-003
 performing expansion, best =    2.0977028915360693E-003
 performing expansion, best =    2.0973978710161377E-003
 performing expansion, best =    2.0973693170091572E-003
 performing expansion, best =    2.0971911952330220E-003
 performing expansion, best =    2.0971590992924657E-003
 performing expansion, best =    2.0970916396682760E-003
 performing expansion, best =    2.0970039918537259E-003
 performing expansion, best =    2.0969605758579882E-003
 performing expansion, best =    2.0969369633075264E-003
 performing expansion, best =    2.0967286625255517E-003
 performing expansion, best =    2.0967166247270476E-003
 performing expansion, best =    2.0966443909849913E-003
 performing expansion, best =    2.0966203188813740E-003
 performing expansion, best =    2.0965472654796654E-003
 performing expansion, best =    2.0964841524186216E-003
 performing expansion, best =    2.0964570091459387E-003
 performing expansion, best =    2.0961646224840706E-003
 performing expansion, best =    2.0960734559714615E-003
 performing expansion, best =    2.0960537546681050E-003
 performing expansion, best =    2.0960229700121833E-003
 performing expansion, best =    2.0960039621481723E-003
 performing expansion, best =    2.0959547599185362E-003
 performing expansion, best =    2.0958943619689614E-003
 performing expansion, best =    2.0956383395721897E-003
 performing expansion, best =    2.0953391475993445E-003
 performing expansion, best =    2.0953056723736429E-003
 performing expansion, best =    2.0952741467608863E-003
 performing expansion, best =    2.0951230701011935E-003
 performing expansion, best =    2.0948545067868852E-003
 performing expansion, best =    2.0948191600379065E-003
 performing expansion, best =    2.0947918651671145E-003
 performing expansion, best =    2.0947054966965637E-003
 performing expansion, best =    2.0944276000296482E-003
 performing expansion, best =    2.0941731507782774E-003
 performing expansion, best =    2.0941266685283360E-003
 performing expansion, best =    2.0940873563934843E-003
 performing expansion, best =    2.0938758748015075E-003
 performing expansion, best =    2.0936505423046659E-003
 performing expansion, best =    2.0936182521936590E-003
 performing expansion, best =    2.0935702512243533E-003
 performing expansion, best =    2.0935295427035481E-003
 performing expansion, best =    2.0933336018336018E-003
 performing expansion, best =    2.0931170046733357E-003
 performing expansion, best =    2.0929017399926178E-003
 performing expansion, best =    2.0927864464125607E-003
 performing expansion, best =    2.0926765864046873E-003
 performing expansion, best =    2.0924872814650315E-003
 performing expansion, best =    2.0924353078919191E-003
 performing expansion, best =    2.0924026077191568E-003
 performing expansion, best =    2.0923641113055340E-003
 performing expansion, best =    2.0923233418862915E-003
 performing expansion, best =    2.0921794785373391E-003
 performing expansion, best =    2.0921641839051594E-003
 performing expansion, best =    2.0921297752991759E-003
 performing expansion, best =    2.0921180368204677E-003
 performing expansion, best =    2.0920886012335228E-003
 performing expansion, best =    2.0920791173905545E-003
 performing expansion, best =    2.0920711855022815E-003
 performing expansion, best =    2.0920496391372868E-003
 performing expansion, best =    2.0920370967422051E-003
 performing expansion, best =    2.0919381490851338E-003
 performing expansion, best =    2.0919217083893056E-003
 performing expansion, best =    2.0919202370174523E-003
 performing expansion, best =    2.0918235713324232E-003
 performing expansion, best =    2.0917277260774367E-003
 performing expansion, best =    2.0917114587813276E-003
 performing expansion, best =    2.0916185155040973E-003
 performing expansion, best =    2.0915290683280788E-003
 performing expansion, best =    2.0915250214221513E-003
 performing expansion, best =    2.0914284239360675E-003
 performing expansion, best =    2.0913100008043799E-003
 performing expansion, best =    2.0911814554711219E-003
 performing expansion, best =    2.0910652450063217E-003
 performing expansion, best =    2.0909405312728607E-003
 performing expansion, best =    2.0907903713965705E-003
 performing expansion, best =    2.0906566206941161E-003
 performing expansion, best =    2.0905425159442447E-003
 performing expansion, best =    2.0905369397759537E-003
 performing expansion, best =    2.0905065984622678E-003
 performing expansion, best =    2.0904712893503774E-003
 performing expansion, best =    2.0904404440066551E-003
 performing expansion, best =    2.0904364410096890E-003
 performing expansion, best =    2.0904277169271055E-003
 performing expansion, best =    2.0904115981123452E-003
 performing expansion, best =    2.0904006933573529E-003
 performing expansion, best =    2.0903994934508979E-003
 performing expansion, best =    2.0902961867750956E-003
 performing expansion, best =    2.0902067493926957E-003
 performing expansion, best =    2.0900755661106577E-003
 performing expansion, best =    2.0899262453143840E-003
 performing expansion, best =    2.0897818159414517E-003
 performing expansion, best =    2.0896253367598126E-003
 performing expansion, best =    2.0896085506177157E-003
 performing expansion, best =    2.0894642933316780E-003
 performing expansion, best =    2.0892852349340759E-003
 performing expansion, best =    2.0891068150755482E-003
 performing expansion, best =    2.0890870389799294E-003
 performing expansion, best =    2.0889531119198126E-003
 performing expansion, best =    2.0887714352180410E-003
 performing expansion, best =    2.0885725496603809E-003
 performing expansion, best =    2.0884031545447003E-003
 performing expansion, best =    2.0882393366301617E-003
 performing expansion, best =    2.0880418676843962E-003
 performing expansion, best =    2.0878554283237983E-003
 performing expansion, best =    2.0878425266684644E-003
 performing expansion, best =    2.0876557714446273E-003
 performing expansion, best =    2.0874914620480542E-003
 performing expansion, best =    2.0873336208868569E-003
 performing expansion, best =    2.0871481039458845E-003
 performing expansion, best =    2.0869502636925584E-003
 performing expansion, best =    2.0867828886770232E-003
 performing expansion, best =    2.0867823280298287E-003
 performing expansion, best =    2.0866571257110353E-003
 performing expansion, best =    2.0866476639240473E-003
 performing expansion, best =    2.0864625190012355E-003
 performing expansion, best =    2.0863004533453818E-003
 performing expansion, best =    2.0862068144855170E-003
 performing expansion, best =    2.0860661459306345E-003
 performing expansion, best =    2.0859102009931386E-003
 performing expansion, best =    2.0857827837866558E-003
 performing expansion, best =    2.0857095989348616E-003
 performing expansion, best =    2.0856967569765697E-003
 performing expansion, best =    2.0856880065951195E-003
 performing expansion, best =    2.0856775865913833E-003
 performing expansion, best =    2.0855527206800114E-003
 performing expansion, best =    2.0855505442546577E-003
 performing expansion, best =    2.0854708994922180E-003
 performing expansion, best =    2.0854591818280309E-003
 performing expansion, best =    2.0854459821194734E-003
 performing expansion, best =    2.0854458847937574E-003
 performing expansion, best =    2.0854432796224196E-003
 performing expansion, best =    2.0854348992998344E-003
 performing expansion, best =    2.0854315895117589E-003
 performing expansion, best =    2.0854085358742044E-003
 performing expansion, best =    2.0853200711954873E-003
 performing expansion, best =    2.0853128661428742E-003
 performing expansion, best =    2.0853118866793431E-003
 performing expansion, best =    2.0853060964190614E-003
 performing expansion, best =    2.0852878261972091E-003
 performing expansion, best =    2.0852703381527018E-003
 performing expansion, best =    2.0852642861568086E-003
 performing expansion, best =    2.0851799604898755E-003
 performing expansion, best =    2.0850873507357683E-003
 performing expansion, best =    2.0849912831028541E-003
 performing expansion, best =    2.0849014475127024E-003
 performing expansion, best =    2.0848828330257640E-003
 performing expansion, best =    2.0847722519934052E-003
 performing expansion, best =    2.0846815482870942E-003
 performing expansion, best =    2.0846020338671644E-003
 performing expansion, best =    2.0844662749379033E-003
 performing expansion, best =    2.0844559814538841E-003
 performing expansion, best =    2.0843473333053723E-003
 performing expansion, best =    2.0843205618671541E-003
 performing expansion, best =    2.0842265490583962E-003
 performing expansion, best =    2.0841276195726782E-003
 performing expansion, best =    2.0840490639612097E-003
 performing expansion, best =    2.0839709213420427E-003
 performing expansion, best =    2.0838330613283346E-003
 performing expansion, best =    2.0837094654526846E-003
 performing expansion, best =    2.0835866657852656E-003
 performing expansion, best =    2.0834815545695533E-003
 performing expansion, best =    2.0833729036761161E-003
 performing expansion, best =    2.0832130736609432E-003
 performing expansion, best =    2.0831151761925826E-003
 performing expansion, best =    2.0829923315650446E-003
 performing expansion, best =    2.0828462868466954E-003
 performing expansion, best =    2.0827224695840309E-003
 performing expansion, best =    2.0826061659002392E-003
 performing expansion, best =    2.0824550840500351E-003
 performing expansion, best =    2.0823048286982460E-003
 performing expansion, best =    2.0821794235193953E-003
 performing expansion, best =    2.0820418541871214E-003
 performing expansion, best =    2.0819462219490857E-003
 performing expansion, best =    2.0818524828263968E-003
 performing expansion, best =    2.0817454186432592E-003
 performing expansion, best =    2.0816089160509469E-003
 performing expansion, best =    2.0814704687850019E-003
 performing expansion, best =    2.0813432002278367E-003
 performing expansion, best =    2.0813116696679120E-003
 performing expansion, best =    2.0813096908157938E-003
 performing expansion, best =    2.0812502993118290E-003
 performing expansion, best =    2.0812329579203166E-003
 performing expansion, best =    2.0811410479943089E-003
 performing expansion, best =    2.0811397454301994E-003
 performing expansion, best =    2.0810600643889269E-003
 performing expansion, best =    2.0810585548033545E-003
 performing expansion, best =    2.0809932175852989E-003
 performing expansion, best =    2.0809116932405283E-003
 performing expansion, best =    2.0807880899750540E-003
 performing expansion, best =    2.0807801788996190E-003
 performing expansion, best =    2.0807035038285676E-003
 performing expansion, best =    2.0806081620389819E-003
 performing expansion, best =    2.0804935095879696E-003
 performing expansion, best =    2.0804512237288298E-003
 performing expansion, best =    2.0803497037209552E-003
 performing expansion, best =    2.0801784679572635E-003
 performing expansion, best =    2.0799871839813737E-003
 performing expansion, best =    2.0798192230739054E-003
 performing expansion, best =    2.0795594835549248E-003
 performing expansion, best =    2.0793219512780280E-003
 performing expansion, best =    2.0791351512505353E-003
 performing expansion, best =    2.0788366613977071E-003
 performing expansion, best =    2.0786020267529928E-003
 performing expansion, best =    2.0784018959452599E-003
 performing expansion, best =    2.0781269162619227E-003
 performing expansion, best =    2.0778579519347843E-003
 performing expansion, best =    2.0775675866251961E-003
 performing expansion, best =    2.0772553930402493E-003
 performing expansion, best =    2.0769765819899002E-003
 performing expansion, best =    2.0766000778950186E-003
 performing expansion, best =    2.0762958721629986E-003
 performing expansion, best =    2.0759838135674946E-003
 performing expansion, best =    2.0756670189055939E-003
 performing expansion, best =    2.0752658173339425E-003
 performing expansion, best =    2.0749669057518352E-003
 performing expansion, best =    2.0747094995879180E-003
 performing expansion, best =    2.0744402804373629E-003
 performing expansion, best =    2.0741169255061999E-003
 performing expansion, best =    2.0737296251620123E-003
 performing expansion, best =    2.0733952334069492E-003
 performing expansion, best =    2.0730342448150117E-003
 performing expansion, best =    2.0730330695240252E-003
 performing expansion, best =    2.0730071785374235E-003
 performing expansion, best =    2.0728180097127026E-003
 performing expansion, best =    2.0725572969610383E-003
 performing expansion, best =    2.0723820869990289E-003
 performing expansion, best =    2.0723686490462553E-003
 performing expansion, best =    2.0723622430898181E-003
 performing expansion, best =    2.0723516015722174E-003
 performing expansion, best =    2.0722074479079052E-003
 performing expansion, best =    2.0720589582367051E-003
 performing expansion, best =    2.0718997644099454E-003
 performing expansion, best =    2.0718201885874814E-003
 performing expansion, best =    2.0717889897619050E-003
 performing expansion, best =    2.0717172093650447E-003
 performing expansion, best =    2.0716011671941359E-003
 performing expansion, best =    2.0714614133578915E-003
 performing expansion, best =    2.0714230162789441E-003
 performing expansion, best =    2.0714182559483612E-003
 performing expansion, best =    2.0713718957856902E-003
 performing expansion, best =    2.0713572758562339E-003
 performing expansion, best =    2.0713439627944486E-003
 performing expansion, best =    2.0713228630776055E-003
 performing expansion, best =    2.0712888060563485E-003
 performing expansion, best =    2.0712078700700774E-003
 performing expansion, best =    2.0711770304145919E-003
 performing expansion, best =    2.0710978336198017E-003
 performing expansion, best =    2.0710944823937993E-003
 performing expansion, best =    2.0710246849360210E-003
 performing expansion, best =    2.0709974021819477E-003
 performing expansion, best =    2.0709566101032822E-003
 performing expansion, best =    2.0709354963232107E-003
 performing expansion, best =    2.0708913465342189E-003
 performing expansion, best =    2.0708588328243391E-003
 performing expansion, best =    2.0708586848326919E-003
 performing expansion, best =    2.0708530337239244E-003
 performing expansion, best =    2.0707902983941461E-003
 performing expansion, best =    2.0707648911394063E-003
 performing expansion, best =    2.0707319501260236E-003
 performing expansion, best =    2.0707299169750210E-003
 performing expansion, best =    2.0707254347414501E-003
 performing expansion, best =    2.0706905158552821E-003
 performing expansion, best =    2.0706699738367810E-003
 performing expansion, best =    2.0706557608756249E-003
 performing expansion, best =    2.0706376965309212E-003
 performing expansion, best =    2.0706278717696003E-003
 performing expansion, best =    2.0705899769121170E-003
 performing expansion, best =    2.0705760827062080E-003
 performing expansion, best =    2.0704910598580823E-003
 performing expansion, best =    2.0704020361160839E-003
 performing expansion, best =    2.0703973726167494E-003
 performing expansion, best =    2.0703646159749099E-003
 performing expansion, best =    2.0702898607458126E-003
 performing expansion, best =    2.0701712573318377E-003
 performing expansion, best =    2.0700549986716311E-003
 performing expansion, best =    2.0699639935729637E-003
 performing expansion, best =    2.0698869375462073E-003
 performing expansion, best =    2.0698022066693265E-003
 performing expansion, best =    2.0696772511425952E-003
 performing expansion, best =    2.0695371055435121E-003
 performing expansion, best =    2.0694923281503398E-003
 performing expansion, best =    2.0694917662275841E-003
 performing expansion, best =    2.0694445363934073E-003
 performing expansion, best =    2.0693063360591865E-003
 performing expansion, best =    2.0691390336074690E-003
 performing expansion, best =    2.0690592618595239E-003
 performing expansion, best =    2.0690289854339173E-003
 performing expansion, best =    2.0689650847424907E-003
 performing expansion, best =    2.0687643032598116E-003
 performing expansion, best =    2.0686584347291612E-003
 performing expansion, best =    2.0684767939824298E-003
 performing expansion, best =    2.0683037550585526E-003
 performing expansion, best =    2.0680744562587877E-003
 performing expansion, best =    2.0678483543546187E-003
 performing expansion, best =    2.0677237108035953E-003
 performing expansion, best =    2.0675247568752199E-003
 performing expansion, best =    2.0673009817331381E-003
 performing expansion, best =    2.0671764603389336E-003
 performing expansion, best =    2.0671330170731490E-003
 performing expansion, best =    2.0670118959827725E-003
 performing expansion, best =    2.0668585925533514E-003
 performing expansion, best =    2.0667391343683400E-003
 performing expansion, best =    2.0666833281617553E-003
 performing expansion, best =    2.0665662704053658E-003
 performing expansion, best =    2.0664566592602891E-003
 performing expansion, best =    2.0664255788649831E-003
 performing expansion, best =    2.0663681829196029E-003
 performing expansion, best =    2.0663661504713346E-003
 performing expansion, best =    2.0663605805899938E-003
 performing expansion, best =    2.0663297134898978E-003
 performing expansion, best =    2.0663160393000015E-003
 performing expansion, best =    2.0663115119514039E-003
 performing expansion, best =    2.0663107219016687E-003
 performing expansion, best =    2.0662723996100548E-003
 performing expansion, best =    2.0662526408703808E-003
 performing expansion, best =    2.0662479484834686E-003
 performing expansion, best =    2.0661738923778983E-003
 performing expansion, best =    2.0661360341869845E-003
 performing expansion, best =    2.0661146679828526E-003
 performing expansion, best =    2.0660832155080587E-003
 performing expansion, best =    2.0660269823380298E-003
 performing expansion, best =    2.0659666479780222E-003
 performing expansion, best =    2.0659545982156663E-003
 performing expansion, best =    2.0658981077437653E-003
 performing expansion, best =    2.0658893154823755E-003
 performing expansion, best =    2.0658607244422910E-003
 performing expansion, best =    2.0657887589622718E-003
 performing expansion, best =    2.0657795328373218E-003
 performing expansion, best =    2.0656646546815096E-003
 performing expansion, best =    2.0656527361807195E-003
 performing expansion, best =    2.0656445190362677E-003
 performing expansion, best =    2.0656044738378483E-003
 performing expansion, best =    2.0655234366795607E-003
 performing expansion, best =    2.0654303732392490E-003
 performing expansion, best =    2.0653619531365614E-003
 performing expansion, best =    2.0653451070075188E-003
 performing expansion, best =    2.0653424134046135E-003
 performing expansion, best =    2.0652479698294512E-003
 performing expansion, best =    2.0651611386745864E-003
 performing expansion, best =    2.0651441967051414E-003
 performing expansion, best =    2.0650208264717355E-003
 performing expansion, best =    2.0650157362559836E-003
 performing expansion, best =    2.0649641410446628E-003
 performing expansion, best =    2.0648797512043964E-003
 performing expansion, best =    2.0647599486666927E-003
 performing expansion, best =    2.0646499650424535E-003
 performing expansion, best =    2.0645242451161222E-003
 performing expansion, best =    2.0645032423939418E-003
 performing expansion, best =    2.0643753351687346E-003
 performing expansion, best =    2.0643718363154437E-003
 performing expansion, best =    2.0642992883514559E-003
 performing expansion, best =    2.0642794759033111E-003
 performing expansion, best =    2.0642498445898284E-003
 performing expansion, best =    2.0642285701435959E-003
 performing expansion, best =    2.0642260732199550E-003
 performing expansion, best =    2.0642250226938054E-003
 performing expansion, best =    2.0642196144373967E-003
 performing expansion, best =    2.0641786401198632E-003
 performing expansion, best =    2.0641739548808687E-003
 performing expansion, best =    2.0641672177337173E-003
 performing expansion, best =    2.0641579191145541E-003
 performing expansion, best =    2.0641523935547574E-003
 performing expansion, best =    2.0641461737397684E-003
 performing expansion, best =    2.0641441405264455E-003
 performing expansion, best =    2.0641402217282021E-003
 performing expansion, best =    2.0641335174132777E-003
 performing expansion, best =    2.0641249944364478E-003
 performing expansion, best =    2.0641210310326824E-003
 performing expansion, best =    2.0641165356737037E-003
 performing expansion, best =    2.0641068033710784E-003
 performing expansion, best =    2.0640895409069324E-003
 performing expansion, best =    2.0640845062912029E-003
 performing expansion, best =    2.0640812403472878E-003
 performing expansion, best =    2.0640811604925907E-003
 performing expansion, best =    2.0640769245748375E-003
 performing expansion, best =    2.0640754203175983E-003
 performing expansion, best =    2.0640735762243287E-003
 performing expansion, best =    2.0640316168742700E-003
 performing expansion, best =    2.0640202582650302E-003
 performing expansion, best =    2.0639635408746236E-003
 performing expansion, best =    2.0639103500416358E-003
 performing expansion, best =    2.0639082247592921E-003
 performing expansion, best =    2.0638716380433661E-003
 performing expansion, best =    2.0638582316793767E-003
 performing expansion, best =    2.0638526783331966E-003
 performing expansion, best =    2.0638516484499771E-003
 performing expansion, best =    2.0638506960982115E-003
 performing expansion, best =    2.0638173997654906E-003
 performing expansion, best =    2.0637832025237873E-003
 performing expansion, best =    2.0637800932013900E-003
 performing expansion, best =    2.0637800581075685E-003
 performing expansion, best =    2.0637750054441849E-003
 performing expansion, best =    2.0637695382546097E-003
 performing expansion, best =    2.0637645025279559E-003
 performing expansion, best =    2.0637628098602191E-003
 performing expansion, best =    2.0637623901324409E-003
 performing expansion, best =    2.0637305159800843E-003
 performing expansion, best =    2.0637238474341207E-003
 performing expansion, best =    2.0636868282317682E-003
 performing expansion, best =    2.0636840602617406E-003
 performing expansion, best =    2.0636470682425393E-003
 performing expansion, best =    2.0636439614884331E-003
 performing expansion, best =    2.0636146664931867E-003
 performing expansion, best =    2.0636139142339309E-003
 performing expansion, best =    2.0636107379171337E-003
 performing expansion, best =    2.0636090937440981E-003
 performing expansion, best =    2.0635804891897939E-003
 performing expansion, best =    2.0635801716847157E-003
 performing expansion, best =    2.0635789012500038E-003
 performing expansion, best =    2.0635489000619318E-003
 performing expansion, best =    2.0635472672756519E-003
 performing expansion, best =    2.0635390649091268E-003
 performing expansion, best =    2.0635381994658659E-003
 performing expansion, best =    2.0635054688814139E-003
 performing expansion, best =    2.0635042771483276E-003
 performing expansion, best =    2.0634696566002634E-003
 performing expansion, best =    2.0634341530057798E-003
 performing expansion, best =    2.0634080002044672E-003
 performing expansion, best =    2.0634056660412616E-003
 performing expansion, best =    2.0633712540343357E-003
 performing expansion, best =    2.0633705454072455E-003
 performing expansion, best =    2.0633330823719418E-003
 performing expansion, best =    2.0632910025483648E-003
 performing expansion, best =    2.0632881630831871E-003
 performing expansion, best =    2.0632610918666257E-003
 performing expansion, best =    2.0632180389212268E-003
 performing expansion, best =    2.0631790275142756E-003
 performing expansion, best =    2.0631685879810317E-003
 performing expansion, best =    2.0631230329323938E-003
 performing expansion, best =    2.0630780767291888E-003
 performing expansion, best =    2.0630714141352344E-003
 performing expansion, best =    2.0630284616288243E-003
 performing expansion, best =    2.0629859193657223E-003
 performing expansion, best =    2.0629456532300764E-003
 performing expansion, best =    2.0628956752419920E-003
 performing expansion, best =    2.0628891843756667E-003
 performing expansion, best =    2.0628361783465148E-003
 performing expansion, best =    2.0627847858452637E-003
 performing expansion, best =    2.0627767927036160E-003
 performing expansion, best =    2.0627756091804693E-003
 performing expansion, best =    2.0627301750090403E-003
 performing expansion, best =    2.0627217240837383E-003
 performing expansion, best =    2.0626577381629312E-003
 performing expansion, best =    2.0626218191610274E-003
 performing expansion, best =    2.0625759567169813E-003
 performing expansion, best =    2.0625154622142877E-003
 performing expansion, best =    2.0624579352230936E-003
 performing expansion, best =    2.0624539951632735E-003
 performing expansion, best =    2.0624005815440137E-003
 performing expansion, best =    2.0623983350950060E-003
 performing expansion, best =    2.0623593545303618E-003
 performing expansion, best =    2.0623551352471751E-003
 performing expansion, best =    2.0623143186551843E-003
 performing expansion, best =    2.0622678020200875E-003
 performing expansion, best =    2.0622664936249422E-003
 performing expansion, best =    2.0622127586109712E-003
 performing expansion, best =    2.0622117613738997E-003
 performing expansion, best =    2.0621578834999752E-003
 performing expansion, best =    2.0621515510883606E-003
 performing expansion, best =    2.0621240745896216E-003
 performing expansion, best =    2.0620722111411517E-003
 performing expansion, best =    2.0620707381067628E-003
 performing expansion, best =    2.0620705124337110E-003
 performing expansion, best =    2.0620602562241557E-003
 performing expansion, best =    2.0620600036867650E-003
 performing expansion, best =    2.0620166358572838E-003
 performing expansion, best =    2.0620073756753513E-003
 performing expansion, best =    2.0619537753316696E-003
 performing expansion, best =    2.0619458034237966E-003
 performing expansion, best =    2.0619030602169984E-003
 performing expansion, best =    2.0618673700543984E-003
 performing expansion, best =    2.0618610590146056E-003
 performing expansion, best =    2.0618599941001582E-003
 performing expansion, best =    2.0618220298339535E-003
 performing expansion, best =    2.0618214646253466E-003
 performing expansion, best =    2.0617844006328720E-003
 performing expansion, best =    2.0617403331247533E-003
 performing expansion, best =    2.0616990987025784E-003
 performing expansion, best =    2.0616929385262220E-003
 performing expansion, best =    2.0616399393297044E-003
 performing expansion, best =    2.0615826469651114E-003
 performing expansion, best =    2.0615242573129786E-003
 performing expansion, best =    2.0615242139421712E-003
 performing expansion, best =    2.0614814610336366E-003
 performing expansion, best =    2.0614259293836390E-003
 performing expansion, best =    2.0613608457260698E-003
 performing expansion, best =    2.0612952156065043E-003
 performing expansion, best =    2.0612844453547934E-003
 performing expansion, best =    2.0612261070300339E-003
 performing expansion, best =    2.0611805918807273E-003
 performing expansion, best =    2.0611786984656433E-003
 performing expansion, best =    2.0611390687098816E-003
 performing expansion, best =    2.0611244066518855E-003
 performing expansion, best =    2.0610549150798557E-003
 performing expansion, best =    2.0609954866121650E-003
 performing expansion, best =    2.0609948531312696E-003
 performing expansion, best =    2.0609892155382626E-003
 performing expansion, best =    2.0609789866565774E-003
Exiting simplex optimization after 10001 iterations
Solution after  refinement:      2.0609174047E-03
RMSE         2.060917405E-03 Hartree
NEW BEST!

Starting fitting procedure for 14 charges, trial 2
gen      0/28000      elitist  2.9554396E-02 feasible? F
gen    100/28000      elitist  1.9463487E+15 feasible? F
gen    200/28000      elitist  3.7439983E+18 feasible? F
gen    300/28000      elitist  3.7439983E+18 feasible? F
gen    400/28000      elitist  3.7439983E+18 feasible? F
gen    500/28000      elitist  3.7439983E+18 feasible? F
gen    600/28000      elitist  3.7439983E+18 feasible? F
gen    700/28000      elitist  3.7439983E+18 feasible? F
gen    800/28000      elitist  3.7439983E+18 feasible? F
gen    900/28000      elitist  3.7439983E+18 feasible? F
gen   1000/28000      elitist  3.7439983E+18 feasible? F
gen   1100/28000      elitist  3.7439983E+18 feasible? F
gen   1200/28000      elitist  3.7439983E+18 feasible? F
gen   1300/28000      elitist  3.7439983E+18 feasible? F
gen   1400/28000      elitist  3.7439983E+18 feasible? F
gen   1500/28000      elitist  3.7439983E+18 feasible? F
gen   1600/28000      elitist  3.7439983E+18 feasible? F
gen   1700/28000      elitist  3.7439983E+18 feasible? F
gen   1800/28000      elitist  3.7439983E+18 feasible? F
gen   1900/28000      elitist  3.7439983E+18 feasible? F
gen   2000/28000      elitist  3.7439983E+18 feasible? F
gen   2100/28000      elitist  3.7439983E+18 feasible? F
gen   2200/28000      elitist  3.7439983E+18 feasible? F
gen   2300/28000      elitist  3.7439983E+18 feasible? F
gen   2400/28000      elitist  3.7439983E+18 feasible? F
gen   2500/28000      elitist  3.7439983E+18 feasible? F
gen   2600/28000      elitist  3.7439983E+18 feasible? F
gen   2700/28000      elitist  3.7439983E+18 feasible? F
gen   2800/28000      elitist  3.7439983E+18 feasible? F
gen   2900/28000      elitist  3.7439983E+18 feasible? F
gen   3000/28000      elitist  3.7439983E+18 feasible? F
gen   3100/28000      elitist  3.7439983E+18 feasible? F
gen   3200/28000      elitist  3.7439983E+18 feasible? F
gen   3300/28000      elitist  3.7439983E+18 feasible? F
gen   3400/28000      elitist  3.7439983E+18 feasible? F
gen   3500/28000      elitist  3.7439983E+18 feasible? F
gen   3600/28000      elitist  3.7439983E+18 feasible? F
gen   3700/28000      elitist  3.7439983E+18 feasible? F
gen   3800/28000      elitist  3.7439983E+18 feasible? F
gen   3900/28000      elitist  3.7439983E+18 feasible? F
gen   4000/28000      elitist  3.7439983E+18 feasible? F
gen   4100/28000      elitist  3.7439983E+18 feasible? F
gen   4200/28000      elitist  3.7439983E+18 feasible? F
gen   4300/28000      elitist  3.7439983E+18 feasible? F
gen   4400/28000      elitist  3.7439983E+18 feasible? F
gen   4500/28000      elitist  3.7439983E+18 feasible? F
gen   4600/28000      elitist  3.7439983E+18 feasible? F
gen   4700/28000      elitist  3.7439983E+18 feasible? F
gen   4800/28000      elitist  3.7439983E+18 feasible? F
gen   4900/28000      elitist  3.7439983E+18 feasible? F
gen   5000/28000      elitist  3.7439983E+18 feasible? F
gen   5100/28000      elitist  3.7439983E+18 feasible? F
gen   5200/28000      elitist  3.7439983E+18 feasible? F
gen   5300/28000      elitist  3.7439983E+18 feasible? F
gen   5400/28000      elitist  3.7439983E+18 feasible? F
gen   5500/28000      elitist  3.7439983E+18 feasible? F
gen   5600/28000      elitist  3.7439983E+18 feasible? F
gen   5700/28000      elitist  3.7439983E+18 feasible? F
gen   5800/28000      elitist  3.7439983E+18 feasible? F
gen   5900/28000      elitist  3.7439983E+18 feasible? F
gen   6000/28000      elitist  3.7439983E+18 feasible? F
gen   6100/28000      elitist  3.7439983E+18 feasible? F
gen   6200/28000      elitist  3.7439983E+18 feasible? F
gen   6300/28000      elitist  3.7439983E+18 feasible? F
gen   6400/28000      elitist  3.7439983E+18 feasible? F
gen   6500/28000      elitist  3.7439983E+18 feasible? F
gen   6600/28000      elitist  3.7439983E+18 feasible? F
gen   6700/28000      elitist  3.7439983E+18 feasible? F
gen   6800/28000      elitist  3.7439983E+18 feasible? F
gen   6900/28000      elitist  3.7439983E+18 feasible? F
gen   7000/28000      elitist  3.7439983E+18 feasible? F
gen   7100/28000      elitist  3.7439983E+18 feasible? F
gen   7200/28000      elitist  3.7439983E+18 feasible? F
gen   7300/28000      elitist  3.7439983E+18 feasible? F
gen   7400/28000      elitist  3.7439983E+18 feasible? F
gen   7500/28000      elitist  3.7439983E+18 feasible? F
gen   7600/28000      elitist  3.7439983E+18 feasible? F
gen   7700/28000      elitist  3.7439983E+18 feasible? F
gen   7800/28000      elitist  3.7439983E+18 feasible? F
gen   7900/28000      elitist  3.7439983E+18 feasible? F
gen   8000/28000      elitist  3.7439983E+18 feasible? F
gen   8100/28000      elitist  3.7439983E+18 feasible? F
gen   8200/28000      elitist  3.7439983E+18 feasible? F
gen   8300/28000      elitist  3.7439983E+18 feasible? F
gen   8400/28000      elitist  3.7439983E+18 feasible? F
gen   8500/28000      elitist  3.7439983E+18 feasible? F
gen   8600/28000      elitist  3.7439983E+18 feasible? F
gen   8700/28000      elitist  3.7439983E+18 feasible? F
gen   8800/28000      elitist  3.7439983E+18 feasible? F
gen   8900/28000      elitist  3.7439983E+18 feasible? F
gen   9000/28000      elitist  3.7439983E+18 feasible? F
gen   9100/28000      elitist  3.7439983E+18 feasible? F
gen   9200/28000      elitist  3.7439983E+18 feasible? F
gen   9300/28000      elitist  3.7439983E+18 feasible? F
gen   9400/28000      elitist  3.7439983E+18 feasible? F
gen   9500/28000      elitist  3.7439983E+18 feasible? F
gen   9600/28000      elitist  3.7439983E+18 feasible? F
gen   9700/28000      elitist  3.7439983E+18 feasible? F
gen   9800/28000      elitist  3.7439983E+18 feasible? F
gen   9900/28000      elitist  3.7439983E+18 feasible? F
gen  10000/28000      elitist  3.7439983E+18 feasible? F
gen  10100/28000      elitist  3.7439983E+18 feasible? F
gen  10200/28000      elitist  3.7439983E+18 feasible? F
gen  10300/28000      elitist  3.7439983E+18 feasible? F
gen  10400/28000      elitist  3.7439983E+18 feasible? F
gen  10500/28000      elitist  3.7439983E+18 feasible? F
gen  10600/28000      elitist  3.7439983E+18 feasible? F
gen  10700/28000      elitist  3.7439983E+18 feasible? F
gen  10800/28000      elitist  3.7439983E+18 feasible? F
gen  10900/28000      elitist  3.7439983E+18 feasible? F
gen  11000/28000      elitist  3.7439983E+18 feasible? F
gen  11100/28000      elitist  3.7439983E+18 feasible? F
gen  11200/28000      elitist  3.7439983E+18 feasible? F
gen  11300/28000      elitist  3.7439983E+18 feasible? F
gen  11400/28000      elitist  3.7439983E+18 feasible? F
gen  11500/28000      elitist  3.7439983E+18 feasible? F
gen  11600/28000      elitist  3.7439983E+18 feasible? F
gen  11700/28000      elitist  3.7439983E+18 feasible? F
gen  11800/28000      elitist  3.7439983E+18 feasible? F
gen  11900/28000      elitist  3.7439983E+18 feasible? F
gen  12000/28000      elitist  3.7439983E+18 feasible? F
gen  12100/28000      elitist  3.7439983E+18 feasible? F
gen  12200/28000      elitist  3.7439983E+18 feasible? F
gen  12300/28000      elitist  3.7439983E+18 feasible? F
gen  12400/28000      elitist  3.7439983E+18 feasible? F
gen  12500/28000      elitist  3.7439983E+18 feasible? F
gen  12600/28000      elitist  3.7439983E+18 feasible? F
gen  12700/28000      elitist  3.7439983E+18 feasible? F
gen  12800/28000      elitist  3.7439983E+18 feasible? F
gen  12900/28000      elitist  3.7439983E+18 feasible? F
gen  13000/28000      elitist  3.7439983E+18 feasible? F
gen  13100/28000      elitist  3.7439983E+18 feasible? F
gen  13200/28000      elitist  3.7439983E+18 feasible? F
gen  13300/28000      elitist  3.7439983E+18 feasible? F
gen  13400/28000      elitist  3.7439983E+18 feasible? F
gen  13500/28000      elitist  3.7439983E+18 feasible? F
gen  13600/28000      elitist  3.7439983E+18 feasible? F
gen  13700/28000      elitist  3.7439983E+18 feasible? F
gen  13800/28000      elitist  3.7439983E+18 feasible? F
gen  13900/28000      elitist  3.7439983E+18 feasible? F
gen  14000/28000      elitist  3.7439983E+18 feasible? F
gen  14100/28000      elitist  3.7439983E+18 feasible? F
gen  14200/28000      elitist  3.7439983E+18 feasible? F
gen  14300/28000      elitist  3.7439983E+18 feasible? F
gen  14400/28000      elitist  3.7439983E+18 feasible? F
gen  14500/28000      elitist  3.7439983E+18 feasible? F
gen  14600/28000      elitist  3.7439983E+18 feasible? F
gen  14700/28000      elitist  3.7439983E+18 feasible? F
gen  14800/28000      elitist  3.7439983E+18 feasible? F
gen  14900/28000      elitist  3.7439983E+18 feasible? F
gen  15000/28000      elitist  3.7439983E+18 feasible? F
gen  15100/28000      elitist  3.7439983E+18 feasible? F
gen  15200/28000      elitist  3.7439983E+18 feasible? F
gen  15300/28000      elitist  3.7439983E+18 feasible? F
gen  15400/28000      elitist  3.7439983E+18 feasible? F
gen  15500/28000      elitist  3.7439983E+18 feasible? F
gen  15600/28000      elitist  3.7439983E+18 feasible? F
gen  15700/28000      elitist  3.7439983E+18 feasible? F
gen  15800/28000      elitist  3.7439983E+18 feasible? F
gen  15900/28000      elitist  3.7439983E+18 feasible? F
gen  16000/28000      elitist  3.7439983E+18 feasible? F
gen  16100/28000      elitist  3.7439983E+18 feasible? F
gen  16200/28000      elitist  3.7439983E+18 feasible? F
gen  16300/28000      elitist  3.7439983E+18 feasible? F
gen  16400/28000      elitist  3.7439983E+18 feasible? F
gen  16500/28000      elitist  3.7439983E+18 feasible? F
gen  16600/28000      elitist  3.7439983E+18 feasible? F
gen  16700/28000      elitist  3.7439983E+18 feasible? F
gen  16800/28000      elitist  3.7439983E+18 feasible? F
gen  16900/28000      elitist  3.7439983E+18 feasible? F
gen  17000/28000      elitist  3.7439983E+18 feasible? F
gen  17100/28000      elitist  3.7439983E+18 feasible? F
gen  17200/28000      elitist  3.7439983E+18 feasible? F
gen  17300/28000      elitist  3.7439983E+18 feasible? F
gen  17400/28000      elitist  3.7439983E+18 feasible? F
gen  17500/28000      elitist  3.7439983E+18 feasible? F
gen  17600/28000      elitist  3.7439983E+18 feasible? F
gen  17700/28000      elitist  3.7439983E+18 feasible? F
gen  17800/28000      elitist  3.7439983E+18 feasible? F
gen  17900/28000      elitist  3.7439983E+18 feasible? F
gen  18000/28000      elitist  3.7439983E+18 feasible? F
gen  18100/28000      elitist  3.7439983E+18 feasible? F
gen  18200/28000      elitist  3.7439983E+18 feasible? F
gen  18300/28000      elitist  3.7439983E+18 feasible? F
gen  18400/28000      elitist  3.7439983E+18 feasible? F
gen  18500/28000      elitist  3.7439983E+18 feasible? F
gen  18600/28000      elitist  3.7439983E+18 feasible? F
gen  18700/28000      elitist  3.7439983E+18 feasible? F
gen  18800/28000      elitist  3.7439983E+18 feasible? F
gen  18900/28000      elitist  3.7439983E+18 feasible? F
gen  19000/28000      elitist  3.7439983E+18 feasible? F
gen  19100/28000      elitist  3.7439983E+18 feasible? F
gen  19200/28000      elitist  3.7439983E+18 feasible? F
gen  19300/28000      elitist  3.7439983E+18 feasible? F
gen  19400/28000      elitist  3.7439983E+18 feasible? F
gen  19500/28000      elitist  3.7439983E+18 feasible? F
gen  19600/28000      elitist  3.7439983E+18 feasible? F
gen  19700/28000      elitist  3.7439983E+18 feasible? F
gen  19800/28000      elitist  3.7439983E+18 feasible? F
gen  19900/28000      elitist  3.7439983E+18 feasible? F
gen  20000/28000      elitist  3.7439983E+18 feasible? F
gen  20100/28000      elitist  3.7439983E+18 feasible? F
gen  20200/28000      elitist  3.7439983E+18 feasible? F
gen  20300/28000      elitist  3.7439983E+18 feasible? F
gen  20400/28000      elitist  3.7439983E+18 feasible? F
gen  20500/28000      elitist  3.7439983E+18 feasible? F
gen  20600/28000      elitist  3.7439983E+18 feasible? F
gen  20700/28000      elitist  3.7439983E+18 feasible? F
gen  20800/28000      elitist  3.7439983E+18 feasible? F
gen  20900/28000      elitist  3.7439983E+18 feasible? F
gen  21000/28000      elitist  3.7439983E+18 feasible? F
gen  21100/28000      elitist  3.7439983E+18 feasible? F
gen  21200/28000      elitist  3.7439983E+18 feasible? F
gen  21300/28000      elitist  3.7439983E+18 feasible? F
gen  21400/28000      elitist  3.7439983E+18 feasible? F
gen  21500/28000      elitist  3.7439983E+18 feasible? F
gen  21600/28000      elitist  3.7439983E+18 feasible? F
gen  21700/28000      elitist  3.7439983E+18 feasible? F
gen  21800/28000      elitist  3.7439983E+18 feasible? F
gen  21900/28000      elitist  3.7439983E+18 feasible? F
gen  22000/28000      elitist  3.7439983E+18 feasible? F
gen  22100/28000      elitist  3.7439983E+18 feasible? F
gen  22200/28000      elitist  3.7439983E+18 feasible? F
gen  22300/28000      elitist  3.7439983E+18 feasible? F
gen  22400/28000      elitist  3.7439983E+18 feasible? F
gen  22500/28000      elitist  3.7439983E+18 feasible? F
gen  22600/28000      elitist  3.7439983E+18 feasible? F
gen  22700/28000      elitist  3.7439983E+18 feasible? F
gen  22800/28000      elitist  3.7439983E+18 feasible? F
gen  22900/28000      elitist  3.7439983E+18 feasible? F
gen  23000/28000      elitist  3.7439983E+18 feasible? F
gen  23100/28000      elitist  3.7439983E+18 feasible? F
gen  23200/28000      elitist  3.7439983E+18 feasible? F
gen  23300/28000      elitist  3.7439983E+18 feasible? F
gen  23400/28000      elitist  3.7439983E+18 feasible? F
gen  23500/28000      elitist  3.7439983E+18 feasible? F
gen  23600/28000      elitist  3.7439983E+18 feasible? F
gen  23700/28000      elitist  3.7439983E+18 feasible? F
gen  23800/28000      elitist  3.7439983E+18 feasible? F
gen  23900/28000      elitist  3.7439983E+18 feasible? F
gen  24000/28000      elitist  3.7439983E+18 feasible? F
gen  24100/28000      elitist  3.7439983E+18 feasible? F
gen  24200/28000      elitist  3.7439983E+18 feasible? F
gen  24300/28000      elitist  3.7439983E+18 feasible? F
gen  24400/28000      elitist  3.7439983E+18 feasible? F
gen  24500/28000      elitist  3.7439983E+18 feasible? F
gen  24600/28000      elitist  3.7439983E+18 feasible? F
gen  24700/28000      elitist  3.7439983E+18 feasible? F
gen  24800/28000      elitist  3.7439983E+18 feasible? F
gen  24900/28000      elitist  3.7439983E+18 feasible? F
gen  25000/28000      elitist  3.7439983E+18 feasible? F
gen  25100/28000      elitist  3.7439983E+18 feasible? F
gen  25200/28000      elitist  3.7439983E+18 feasible? F
gen  25300/28000      elitist  3.7439983E+18 feasible? F
gen  25400/28000      elitist  3.7439983E+18 feasible? F
gen  25500/28000      elitist  3.7439983E+18 feasible? F
gen  25600/28000      elitist  3.7439983E+18 feasible? F
gen  25700/28000      elitist  3.7439983E+18 feasible? F
gen  25800/28000      elitist  3.7439983E+18 feasible? F
gen  25900/28000      elitist  3.7439983E+18 feasible? F
gen  26000/28000      elitist  3.7439983E+18 feasible? F
gen  26100/28000      elitist  3.7439983E+18 feasible? F
gen  26200/28000      elitist  3.7439983E+18 feasible? F
gen  26300/28000      elitist  3.7439983E+18 feasible? F
gen  26400/28000      elitist  3.7439983E+18 feasible? F
gen  26500/28000      elitist  3.7439983E+18 feasible? F
gen  26600/28000      elitist  3.7439983E+18 feasible? F
gen  26700/28000      elitist  3.7439983E+18 feasible? F
gen  26800/28000      elitist  3.7439983E+18 feasible? F
gen  26900/28000      elitist  3.7439983E+18 feasible? F
gen  27000/28000      elitist  3.7439983E+18 feasible? F
gen  27100/28000      elitist  3.7439983E+18 feasible? F
gen  27200/28000      elitist  3.7439983E+18 feasible? F
gen  27300/28000      elitist  3.7439983E+18 feasible? F
gen  27400/28000      elitist  3.7439983E+18 feasible? F
gen  27500/28000      elitist  3.7439983E+18 feasible? F
gen  27600/28000      elitist  3.7439983E+18 feasible? F
gen  27700/28000      elitist  3.7439983E+18 feasible? F
gen  27800/28000      elitist  3.7439983E+18 feasible? F
gen  27900/28000      elitist  3.7439983E+18 feasible? F
gen  28000/28000      elitist  3.7439983E+18 feasible? F
WARNING: No feasible solution was found!
Starting local simplex optimization:
Solution before refinement:      3.7439982960E+18
Solution after  refinement:      3.7439982960E+18
RMSE         3.743998296E+18 Hartree

Starting fitting procedure for 14 charges, trial 3
gen      0/28000      elitist  2.8932534E-02 feasible? F
gen    100/28000      elitist  1.2614443E+21 feasible? F
gen    200/28000      elitist  1.7555307E+20 feasible? F
gen    300/28000      elitist  1.7555307E+20 feasible? F
gen    400/28000      elitist  1.7555307E+20 feasible? F
gen    500/28000      elitist  1.7555307E+20 feasible? F
gen    600/28000      elitist  1.7555307E+20 feasible? F
gen    700/28000      elitist  1.7555307E+20 feasible? F
gen    800/28000      elitist  1.7555307E+20 feasible? F
gen    900/28000      elitist  1.7555307E+20 feasible? F
gen   1000/28000      elitist  1.7555307E+20 feasible? F
gen   1100/28000      elitist  1.7555307E+20 feasible? F
gen   1200/28000      elitist  1.7555307E+20 feasible? F
gen   1300/28000      elitist  1.7555307E+20 feasible? F
gen   1400/28000      elitist  1.7555307E+20 feasible? F
gen   1500/28000      elitist  1.7555307E+20 feasible? F
gen   1600/28000      elitist  1.7555307E+20 feasible? F
gen   1700/28000      elitist  1.7555307E+20 feasible? F
gen   1800/28000      elitist  1.7555307E+20 feasible? F
gen   1900/28000      elitist  1.7555307E+20 feasible? F
gen   2000/28000      elitist  1.7555307E+20 feasible? F
gen   2100/28000      elitist  1.7555307E+20 feasible? F
gen   2200/28000      elitist  1.7555307E+20 feasible? F
gen   2300/28000      elitist  1.7555307E+20 feasible? F
gen   2400/28000      elitist  1.7555307E+20 feasible? F
gen   2500/28000      elitist  1.7555307E+20 feasible? F
gen   2600/28000      elitist  1.7555307E+20 feasible? F
gen   2700/28000      elitist  1.7555307E+20 feasible? F
gen   2800/28000      elitist  1.7555307E+20 feasible? F
gen   2900/28000      elitist  1.7555307E+20 feasible? F
gen   3000/28000      elitist  1.7555307E+20 feasible? F
gen   3100/28000      elitist  1.7555307E+20 feasible? F
gen   3200/28000      elitist  1.7555307E+20 feasible? F
gen   3300/28000      elitist  1.7555307E+20 feasible? F
gen   3400/28000      elitist  1.7555307E+20 feasible? F
gen   3500/28000      elitist  1.7555307E+20 feasible? F
gen   3600/28000      elitist  1.7555307E+20 feasible? F
gen   3700/28000      elitist  1.7555307E+20 feasible? F
gen   3800/28000      elitist  1.7555307E+20 feasible? F
gen   3900/28000      elitist  1.7555307E+20 feasible? F
gen   4000/28000      elitist  1.7555307E+20 feasible? F
gen   4100/28000      elitist  1.7555307E+20 feasible? F
gen   4200/28000      elitist  1.7555307E+20 feasible? F
gen   4300/28000      elitist  1.7555307E+20 feasible? F
gen   4400/28000      elitist  1.7555307E+20 feasible? F
gen   4500/28000      elitist  1.7555307E+20 feasible? F
gen   4600/28000      elitist  1.7555307E+20 feasible? F
gen   4700/28000      elitist  1.7555307E+20 feasible? F
gen   4800/28000      elitist  1.7555307E+20 feasible? F
gen   4900/28000      elitist  1.7555307E+20 feasible? F
gen   5000/28000      elitist  1.7555307E+20 feasible? F
gen   5100/28000      elitist  1.7555307E+20 feasible? F
gen   5200/28000      elitist  1.7555307E+20 feasible? F
gen   5300/28000      elitist  1.7555307E+20 feasible? F
gen   5400/28000      elitist  1.7555307E+20 feasible? F
gen   5500/28000      elitist  1.7555307E+20 feasible? F
gen   5600/28000      elitist  1.7555307E+20 feasible? F
gen   5700/28000      elitist  1.7555307E+20 feasible? F
gen   5800/28000      elitist  1.7555307E+20 feasible? F
gen   5900/28000      elitist  1.7555307E+20 feasible? F
gen   6000/28000      elitist  1.7555307E+20 feasible? F
gen   6100/28000      elitist  1.7555307E+20 feasible? F
gen   6200/28000      elitist  1.7555307E+20 feasible? F
gen   6300/28000      elitist  1.7555307E+20 feasible? F
gen   6400/28000      elitist  1.7555307E+20 feasible? F
gen   6500/28000      elitist  1.7555307E+20 feasible? F
gen   6600/28000      elitist  1.7555307E+20 feasible? F
gen   6700/28000      elitist  1.7555307E+20 feasible? F
gen   6800/28000      elitist  1.7555307E+20 feasible? F
gen   6900/28000      elitist  1.7555307E+20 feasible? F
gen   7000/28000      elitist  1.7555307E+20 feasible? F
gen   7100/28000      elitist  1.7555307E+20 feasible? F
gen   7200/28000      elitist  1.7555307E+20 feasible? F
gen   7300/28000      elitist  1.7555307E+20 feasible? F
gen   7400/28000      elitist  1.7555307E+20 feasible? F
gen   7500/28000      elitist  1.7555307E+20 feasible? F
gen   7600/28000      elitist  1.7555307E+20 feasible? F
gen   7700/28000      elitist  1.7555307E+20 feasible? F
gen   7800/28000      elitist  1.7555307E+20 feasible? F
gen   7900/28000      elitist  1.7555307E+20 feasible? F
gen   8000/28000      elitist  1.7555307E+20 feasible? F
gen   8100/28000      elitist  1.7555307E+20 feasible? F
gen   8200/28000      elitist  1.7555307E+20 feasible? F
gen   8300/28000      elitist  1.7555307E+20 feasible? F
gen   8400/28000      elitist  1.7555307E+20 feasible? F
gen   8500/28000      elitist  1.7555307E+20 feasible? F
gen   8600/28000      elitist  1.7555307E+20 feasible? F
gen   8700/28000      elitist  1.7555307E+20 feasible? F
gen   8800/28000      elitist  1.7555307E+20 feasible? F
gen   8900/28000      elitist  1.7555307E+20 feasible? F
gen   9000/28000      elitist  1.7555307E+20 feasible? F
gen   9100/28000      elitist  1.7555307E+20 feasible? F
gen   9200/28000      elitist  1.7555307E+20 feasible? F
gen   9300/28000      elitist  1.7555307E+20 feasible? F
gen   9400/28000      elitist  1.7555307E+20 feasible? F
gen   9500/28000      elitist  1.7555307E+20 feasible? F
gen   9600/28000      elitist  1.7555307E+20 feasible? F
gen   9700/28000      elitist  1.7555307E+20 feasible? F
gen   9800/28000      elitist  1.7555307E+20 feasible? F
gen   9900/28000      elitist  1.7555307E+20 feasible? F
gen  10000/28000      elitist  1.7555307E+20 feasible? F
gen  10100/28000      elitist  1.7555307E+20 feasible? F
gen  10200/28000      elitist  1.7555307E+20 feasible? F
gen  10300/28000      elitist  1.7555307E+20 feasible? F
gen  10400/28000      elitist  1.7555307E+20 feasible? F
gen  10500/28000      elitist  1.7555307E+20 feasible? F
gen  10600/28000      elitist  1.7555307E+20 feasible? F
gen  10700/28000      elitist  1.7555307E+20 feasible? F
gen  10800/28000      elitist  1.7555307E+20 feasible? F
gen  10900/28000      elitist  1.7555307E+20 feasible? F
gen  11000/28000      elitist  1.7555307E+20 feasible? F
gen  11100/28000      elitist  1.7555307E+20 feasible? F
gen  11200/28000      elitist  1.7555307E+20 feasible? F
gen  11300/28000      elitist  1.7555307E+20 feasible? F
gen  11400/28000      elitist  1.7555307E+20 feasible? F
gen  11500/28000      elitist  1.7555307E+20 feasible? F
gen  11600/28000      elitist  1.7555307E+20 feasible? F
gen  11700/28000      elitist  1.7555307E+20 feasible? F
gen  11800/28000      elitist  1.7555307E+20 feasible? F
gen  11900/28000      elitist  1.7555307E+20 feasible? F
gen  12000/28000      elitist  1.7555307E+20 feasible? F
gen  12100/28000      elitist  1.7555307E+20 feasible? F
gen  12200/28000      elitist  1.7555307E+20 feasible? F
gen  12300/28000      elitist  1.7555307E+20 feasible? F
gen  12400/28000      elitist  1.7555307E+20 feasible? F
gen  12500/28000      elitist  1.7555307E+20 feasible? F
gen  12600/28000      elitist  1.7555307E+20 feasible? F
gen  12700/28000      elitist  1.7555307E+20 feasible? F
gen  12800/28000      elitist  1.7555307E+20 feasible? F
gen  12900/28000      elitist  1.7555307E+20 feasible? F
gen  13000/28000      elitist  1.7555307E+20 feasible? F
gen  13100/28000      elitist  1.7555307E+20 feasible? F
gen  13200/28000      elitist  1.7555307E+20 feasible? F
gen  13300/28000      elitist  1.7555307E+20 feasible? F
gen  13400/28000      elitist  1.7555307E+20 feasible? F
gen  13500/28000      elitist  1.7555307E+20 feasible? F
gen  13600/28000      elitist  1.7555307E+20 feasible? F
gen  13700/28000      elitist  1.7555307E+20 feasible? F
gen  13800/28000      elitist  1.7555307E+20 feasible? F
gen  13900/28000      elitist  1.7555307E+20 feasible? F
gen  14000/28000      elitist  1.7555307E+20 feasible? F
gen  14100/28000      elitist  1.7555307E+20 feasible? F
gen  14200/28000      elitist  1.7555307E+20 feasible? F
gen  14300/28000      elitist  1.7555307E+20 feasible? F
gen  14400/28000      elitist  1.7555307E+20 feasible? F
gen  14500/28000      elitist  1.7555307E+20 feasible? F
gen  14600/28000      elitist  1.7555307E+20 feasible? F
gen  14700/28000      elitist  1.7555307E+20 feasible? F
gen  14800/28000      elitist  1.7555307E+20 feasible? F
gen  14900/28000      elitist  1.7555307E+20 feasible? F
gen  15000/28000      elitist  1.7555307E+20 feasible? F
gen  15100/28000      elitist  1.7555307E+20 feasible? F
gen  15200/28000      elitist  1.7555307E+20 feasible? F
gen  15300/28000      elitist  1.7555307E+20 feasible? F
gen  15400/28000      elitist  1.7555307E+20 feasible? F
gen  15500/28000      elitist  1.7555307E+20 feasible? F
gen  15600/28000      elitist  1.7555307E+20 feasible? F
gen  15700/28000      elitist  1.7555307E+20 feasible? F
gen  15800/28000      elitist  1.7555307E+20 feasible? F
gen  15900/28000      elitist  1.7555307E+20 feasible? F
gen  16000/28000      elitist  1.7555307E+20 feasible? F
gen  16100/28000      elitist  1.7555307E+20 feasible? F
gen  16200/28000      elitist  1.7555307E+20 feasible? F
gen  16300/28000      elitist  1.7555307E+20 feasible? F
gen  16400/28000      elitist  1.7555307E+20 feasible? F
gen  16500/28000      elitist  1.7555307E+20 feasible? F
gen  16600/28000      elitist  1.7555307E+20 feasible? F
gen  16700/28000      elitist  1.7555307E+20 feasible? F
gen  16800/28000      elitist  1.7555307E+20 feasible? F
gen  16900/28000      elitist  1.7555307E+20 feasible? F
gen  17000/28000      elitist  1.7555307E+20 feasible? F
gen  17100/28000      elitist  1.7555307E+20 feasible? F
gen  17200/28000      elitist  1.7555307E+20 feasible? F
gen  17300/28000      elitist  1.7555307E+20 feasible? F
gen  17400/28000      elitist  1.7555307E+20 feasible? F
gen  17500/28000      elitist  1.7555307E+20 feasible? F
gen  17600/28000      elitist  1.7555307E+20 feasible? F
gen  17700/28000      elitist  1.7555307E+20 feasible? F
gen  17800/28000      elitist  1.7555307E+20 feasible? F
gen  17900/28000      elitist  1.7555307E+20 feasible? F
gen  18000/28000      elitist  1.7555307E+20 feasible? F
gen  18100/28000      elitist  1.7555307E+20 feasible? F
gen  18200/28000      elitist  1.7555307E+20 feasible? F
gen  18300/28000      elitist  1.7555307E+20 feasible? F
gen  18400/28000      elitist  1.7555307E+20 feasible? F
gen  18500/28000      elitist  1.7555307E+20 feasible? F
gen  18600/28000      elitist  1.7555307E+20 feasible? F
gen  18700/28000      elitist  1.7555307E+20 feasible? F
gen  18800/28000      elitist  1.7555307E+20 feasible? F
gen  18900/28000      elitist  1.7555307E+20 feasible? F
gen  19000/28000      elitist  1.7555307E+20 feasible? F
gen  19100/28000      elitist  1.7555307E+20 feasible? F
gen  19200/28000      elitist  1.7555307E+20 feasible? F
gen  19300/28000      elitist  1.7555307E+20 feasible? F
gen  19400/28000      elitist  1.7555307E+20 feasible? F
gen  19500/28000      elitist  1.7555307E+20 feasible? F
gen  19600/28000      elitist  1.7555307E+20 feasible? F
gen  19700/28000      elitist  1.7555307E+20 feasible? F
gen  19800/28000      elitist  1.7555307E+20 feasible? F
gen  19900/28000      elitist  1.7555307E+20 feasible? F
gen  20000/28000      elitist  1.7555307E+20 feasible? F
gen  20100/28000      elitist  1.7555307E+20 feasible? F
gen  20200/28000      elitist  1.7555307E+20 feasible? F
gen  20300/28000      elitist  1.7555307E+20 feasible? F
gen  20400/28000      elitist  1.7555307E+20 feasible? F
gen  20500/28000      elitist  1.7555307E+20 feasible? F
gen  20600/28000      elitist  1.7555307E+20 feasible? F
gen  20700/28000      elitist  1.7555307E+20 feasible? F
gen  20800/28000      elitist  1.7555307E+20 feasible? F
gen  20900/28000      elitist  1.7555307E+20 feasible? F
gen  21000/28000      elitist  1.7555307E+20 feasible? F
gen  21100/28000      elitist  1.7555307E+20 feasible? F
gen  21200/28000      elitist  1.7555307E+20 feasible? F
gen  21300/28000      elitist  1.7555307E+20 feasible? F
gen  21400/28000      elitist  1.7555307E+20 feasible? F
gen  21500/28000      elitist  1.7555307E+20 feasible? F
gen  21600/28000      elitist  1.7555307E+20 feasible? F
gen  21700/28000      elitist  1.7555307E+20 feasible? F
gen  21800/28000      elitist  1.7555307E+20 feasible? F
gen  21900/28000      elitist  1.7555307E+20 feasible? F
gen  22000/28000      elitist  1.7555307E+20 feasible? F
gen  22100/28000      elitist  1.7555307E+20 feasible? F
gen  22200/28000      elitist  1.7555307E+20 feasible? F
gen  22300/28000      elitist  1.7555307E+20 feasible? F
gen  22400/28000      elitist  1.7555307E+20 feasible? F
gen  22500/28000      elitist  1.7555307E+20 feasible? F
gen  22600/28000      elitist  1.7555307E+20 feasible? F
gen  22700/28000      elitist  1.7555307E+20 feasible? F
gen  22800/28000      elitist  1.7555307E+20 feasible? F
gen  22900/28000      elitist  1.7555307E+20 feasible? F
gen  23000/28000      elitist  1.7555307E+20 feasible? F
gen  23100/28000      elitist  1.7555307E+20 feasible? F
gen  23200/28000      elitist  1.7555307E+20 feasible? F
gen  23300/28000      elitist  1.7555307E+20 feasible? F
gen  23400/28000      elitist  1.7555307E+20 feasible? F
gen  23500/28000      elitist  1.7555307E+20 feasible? F
gen  23600/28000      elitist  1.7555307E+20 feasible? F
gen  23700/28000      elitist  1.7555307E+20 feasible? F
gen  23800/28000      elitist  1.7555307E+20 feasible? F
gen  23900/28000      elitist  1.7555307E+20 feasible? F
gen  24000/28000      elitist  1.7555307E+20 feasible? F
gen  24100/28000      elitist  1.7555307E+20 feasible? F
gen  24200/28000      elitist  1.7555307E+20 feasible? F
gen  24300/28000      elitist  1.7555307E+20 feasible? F
gen  24400/28000      elitist  1.7555307E+20 feasible? F
gen  24500/28000      elitist  1.7555307E+20 feasible? F
gen  24600/28000      elitist  1.7555307E+20 feasible? F
gen  24700/28000      elitist  1.7555307E+20 feasible? F
gen  24800/28000      elitist  1.7555307E+20 feasible? F
gen  24900/28000      elitist  1.7555307E+20 feasible? F
gen  25000/28000      elitist  1.7555307E+20 feasible? F
gen  25100/28000      elitist  1.7555307E+20 feasible? F
gen  25200/28000      elitist  1.7555307E+20 feasible? F
gen  25300/28000      elitist  1.7555307E+20 feasible? F
gen  25400/28000      elitist  1.7555307E+20 feasible? F
gen  25500/28000      elitist  1.7555307E+20 feasible? F
gen  25600/28000      elitist  1.7555307E+20 feasible? F
gen  25700/28000      elitist  1.7555307E+20 feasible? F
gen  25800/28000      elitist  1.7555307E+20 feasible? F
gen  25900/28000      elitist  1.7555307E+20 feasible? F
gen  26000/28000      elitist  1.7555307E+20 feasible? F
gen  26100/28000      elitist  1.7555307E+20 feasible? F
gen  26200/28000      elitist  1.7555307E+20 feasible? F
gen  26300/28000      elitist  1.7555307E+20 feasible? F
gen  26400/28000      elitist  1.7555307E+20 feasible? F
gen  26500/28000      elitist  1.7555307E+20 feasible? F
gen  26600/28000      elitist  1.7555307E+20 feasible? F
gen  26700/28000      elitist  1.7555307E+20 feasible? F
gen  26800/28000      elitist  1.7555307E+20 feasible? F
gen  26900/28000      elitist  1.7555307E+20 feasible? F
gen  27000/28000      elitist  1.7555307E+20 feasible? F
gen  27100/28000      elitist  1.7555307E+20 feasible? F
gen  27200/28000      elitist  1.7555307E+20 feasible? F
gen  27300/28000      elitist  1.7555307E+20 feasible? F
gen  27400/28000      elitist  1.7555307E+20 feasible? F
gen  27500/28000      elitist  1.7555307E+20 feasible? F
gen  27600/28000      elitist  1.7555307E+20 feasible? F
gen  27700/28000      elitist  1.7555307E+20 feasible? F
gen  27800/28000      elitist  1.7555307E+20 feasible? F
gen  27900/28000      elitist  1.7555307E+20 feasible? F
gen  28000/28000      elitist  1.7555307E+20 feasible? F
WARNING: No feasible solution was found!
Starting local simplex optimization:
Solution before refinement:      1.7555307186E+20
Solution after  refinement:      1.7555307186E+20
RMSE         1.755530719E+20 Hartree

Best found solution for 14 charges:
        RMSE         1.101611326E+23 kcal/mol
         MAE         7.750275708E-01 kcal/mol
     max. AE         1.265725898E+01 kcal/mol
WARNING, SOLUTION IS NOT FEASIBLE!

       x[bohr]       y[bohr]       z[bohr]          q[e]
    -1.2082013     3.9750666     0.2649991    -0.1419496
    -0.2908414     2.0601842    -0.6854421    -0.1864682
     3.3417235     1.7129625    -0.5305637    -0.1631586
     5.4959435     0.3364496     0.2596442    -0.2931310
    -4.4405554     3.2732592     0.0094184     0.0899718
    -0.8935855     5.9912197     0.0266977     0.1074907
    -2.0075336    -1.3301117     0.7376017    -0.0477364
     3.1564090     2.3672419    -0.0163097    -0.3756230
     2.3596244     2.7295639    -0.1796509     0.9535324
     3.5315536     3.8706121     0.0517763     0.5231611
     3.0585581     3.3568222    -0.0191607    -0.8534283
     4.6692814    -1.9177043    -0.0846159     0.1121970
     6.1201807     0.8050186     0.1656054     0.5889846
     5.8510836     0.6985007     0.1342931    -0.3138423

