Running in fitting mode

Reading "/data/boittier/gaussian_scans/bromobutadiene/scan_extract_0.xyz.chk.fchk.pot.cube"...

  opt Potential
  Electrostatic potential from Total SCF Density
   10  -10.982195  -11.443988   -9.769128
   84    0.265911    0.000000    0.000000
   82    0.000000    0.265911    0.000000
   74    0.000000    0.000000    0.265911
    6    6.000000   -1.673952    3.606648    0.000000
    6    6.000000    0.000000    1.721109    0.000000
    6    6.000000    2.723878    2.103773    0.000000
    6    6.000000    4.508290    0.324643    0.000000
    1    1.000000   -3.687195    3.287689    0.000000
    1    1.000000   -0.999128    5.537939    0.000000
   35   35.000000   -1.213067   -1.674860    0.000000
    1    1.000000    3.266739    4.081797    0.000000
    1    1.000000    4.043439   -1.663450    0.000000
    1    1.000000    6.484203    0.839077    0.000000
 -4.50402E-03 -4.51053E-03 -4.51179E-03 -4.50778E-03 -4.37950E-03 -4.39021E-03
       .            .            .            .            .            .
       .            .            .            .            .            .
       .            .            .            .            .            .
  7.70629E-03  7.78523E-03  7.80058E-03  7.75172E-03  7.64058E-03  7.47148E-03

132359 out of 509712 gridpoints are considered ( 26.0%).

...done!




USING GREEDY MODE
File "multipole1_1charges.xyz" already exists. Fitting procedure is skipped.
File "multipole1_2charges.xyz" already exists. Fitting procedure is skipped.
File "multipole1_3charges.xyz" already exists. Fitting procedure is skipped.
File "multipole1_4charges.xyz" already exists. Fitting procedure is skipped.
File "multipole2_1charges.xyz" already exists. Fitting procedure is skipped.
File "multipole2_2charges.xyz" already exists. Fitting procedure is skipped.
File "multipole2_3charges.xyz" already exists. Fitting procedure is skipped.
File "multipole2_4charges.xyz" already exists. Fitting procedure is skipped.
File "multipole3_1charges.xyz" already exists. Fitting procedure is skipped.
File "multipole3_2charges.xyz" already exists. Fitting procedure is skipped.
File "multipole3_3charges.xyz" already exists. Fitting procedure is skipped.
File "multipole3_4charges.xyz" already exists. Fitting procedure is skipped.
File "multipole4_1charges.xyz" already exists. Fitting procedure is skipped.
File "multipole4_2charges.xyz" already exists. Fitting procedure is skipped.
File "multipole4_3charges.xyz" already exists. Fitting procedure is skipped.
File "multipole4_4charges.xyz" already exists. Fitting procedure is skipped.
File "multipole5_1charges.xyz" already exists. Fitting procedure is skipped.
File "multipole5_2charges.xyz" already exists. Fitting procedure is skipped.
File "multipole5_3charges.xyz" already exists. Fitting procedure is skipped.
File "multipole5_4charges.xyz" already exists. Fitting procedure is skipped.
File "multipole6_1charges.xyz" already exists. Fitting procedure is skipped.
File "multipole6_2charges.xyz" already exists. Fitting procedure is skipped.
File "multipole6_3charges.xyz" already exists. Fitting procedure is skipped.
File "multipole6_4charges.xyz" already exists. Fitting procedure is skipped.
File "multipole7_1charges.xyz" already exists. Fitting procedure is skipped.
File "multipole7_2charges.xyz" already exists. Fitting procedure is skipped.
File "multipole7_3charges.xyz" already exists. Fitting procedure is skipped.
File "multipole7_4charges.xyz" already exists. Fitting procedure is skipped.
File "multipole8_1charges.xyz" already exists. Fitting procedure is skipped.
File "multipole8_2charges.xyz" already exists. Fitting procedure is skipped.
File "multipole8_3charges.xyz" already exists. Fitting procedure is skipped.
File "multipole8_4charges.xyz" already exists. Fitting procedure is skipped.
File "multipole9_1charges.xyz" already exists. Fitting procedure is skipped.
File "multipole9_2charges.xyz" already exists. Fitting procedure is skipped.
File "multipole9_3charges.xyz" already exists. Fitting procedure is skipped.
File "multipole9_4charges.xyz" already exists. Fitting procedure is skipped.
File "multipole10_1charges.xyz" already exists. Fitting procedure is skipped.
File "multipole10_2charges.xyz" already exists. Fitting procedure is skipped.
File "multipole10_3charges.xyz" already exists. Fitting procedure is skipped.
File "multipole10_4charges.xyz" already exists. Fitting procedure is skipped.
Total fragment charge (a.u.):         1.040834086E-16
Running DE in parallel with 4 thread(s)!

Starting fitting procedure for 15 charges, trial 1
gen      0/30000      elitist  2.7032031E-02 feasible? F
gen    100/30000      elitist  1.7733011E-02 feasible? T
gen    200/30000      elitist  7.7442902E-03 feasible? T
gen    300/30000      elitist  4.6205776E-03 feasible? T
gen    400/30000      elitist  3.5162288E-03 feasible? T
gen    500/30000      elitist  3.1631726E-03 feasible? T
gen    600/30000      elitist  2.6185235E-03 feasible? T
gen    700/30000      elitist  2.4868835E-03 feasible? T
gen    800/30000      elitist  2.3836580E-03 feasible? T
gen    900/30000      elitist  2.3459686E-03 feasible? T
gen   1000/30000      elitist  2.2992988E-03 feasible? T
gen   1100/30000      elitist  2.2983226E-03 feasible? T
gen   1200/30000      elitist  2.2851460E-03 feasible? T
gen   1300/30000      elitist  2.2758230E-03 feasible? T
gen   1400/30000      elitist  2.2703292E-03 feasible? T
gen   1500/30000      elitist  2.2613070E-03 feasible? T
gen   1600/30000      elitist  2.2568890E-03 feasible? T
gen   1700/30000      elitist  2.2494249E-03 feasible? T
gen   1800/30000      elitist  2.2468213E-03 feasible? T
gen   1900/30000      elitist  2.2386817E-03 feasible? T
gen   2000/30000      elitist  2.2345748E-03 feasible? T
gen   2100/30000      elitist  2.2338097E-03 feasible? T
gen   2200/30000      elitist  2.2302387E-03 feasible? T
gen   2300/30000      elitist  2.2302387E-03 feasible? T
gen   2400/30000      elitist  2.2297706E-03 feasible? T
gen   2500/30000      elitist  2.2294778E-03 feasible? T
gen   2600/30000      elitist  2.2293915E-03 feasible? T
gen   2700/30000      elitist  2.2293030E-03 feasible? T
gen   2800/30000      elitist  2.2292109E-03 feasible? T
gen   2900/30000      elitist  2.2291419E-03 feasible? T
gen   3000/30000      elitist  2.2291335E-03 feasible? T
gen   3100/30000      elitist  2.2291225E-03 feasible? T
gen   3200/30000      elitist  2.2290727E-03 feasible? T
gen   3300/30000      elitist  2.2290703E-03 feasible? T
gen   3400/30000      elitist  2.2290088E-03 feasible? T
gen   3500/30000      elitist  2.2289843E-03 feasible? T
gen   3600/30000      elitist  2.2289456E-03 feasible? T
gen   3700/30000      elitist  2.2289177E-03 feasible? T
gen   3800/30000      elitist  2.2289035E-03 feasible? T
gen   3900/30000      elitist  2.2288878E-03 feasible? T
gen   4000/30000      elitist  2.2288674E-03 feasible? T
gen   4100/30000      elitist  2.2288618E-03 feasible? T
gen   4200/30000      elitist  2.2288607E-03 feasible? T
gen   4300/30000      elitist  2.2288566E-03 feasible? T
gen   4400/30000      elitist  2.2288561E-03 feasible? T
gen   4500/30000      elitist  2.2288550E-03 feasible? T
gen   4600/30000      elitist  2.2288540E-03 feasible? T
gen   4700/30000      elitist  2.2288539E-03 feasible? T
gen   4800/30000      elitist  2.2288534E-03 feasible? T
gen   4900/30000      elitist  2.2288534E-03 feasible? T
gen   5000/30000      elitist  2.2288533E-03 feasible? T
gen   5100/30000      elitist  2.2288532E-03 feasible? T
gen   5200/30000      elitist  2.2288532E-03 feasible? T
gen   5300/30000      elitist  2.2288532E-03 feasible? T
gen   5400/30000      elitist  2.2288531E-03 feasible? T
gen   5500/30000      elitist  2.2288527E-03 feasible? T
gen   5600/30000      elitist  2.2288524E-03 feasible? T
gen   5700/30000      elitist  2.2288522E-03 feasible? T
gen   5800/30000      elitist  2.2288521E-03 feasible? T
gen   5900/30000      elitist  2.2288516E-03 feasible? T
gen   6000/30000      elitist  2.2288499E-03 feasible? T
gen   6100/30000      elitist  2.2288491E-03 feasible? T
gen   6200/30000      elitist  2.2288488E-03 feasible? T
gen   6300/30000      elitist  2.2288481E-03 feasible? T
gen   6400/30000      elitist  2.2288480E-03 feasible? T
gen   6500/30000      elitist  2.2288479E-03 feasible? T
gen   6600/30000      elitist  2.2288478E-03 feasible? T
gen   6700/30000      elitist  2.2288478E-03 feasible? T
gen   6800/30000      elitist  2.2288477E-03 feasible? T
gen   6900/30000      elitist  2.2288477E-03 feasible? T
gen   7000/30000      elitist  2.2288476E-03 feasible? T
gen   7100/30000      elitist  2.2288377E-03 feasible? T
gen   7200/30000      elitist  2.2286837E-03 feasible? T
gen   7300/30000      elitist  2.2285651E-03 feasible? T
gen   7400/30000      elitist  2.2284959E-03 feasible? T
gen   7500/30000      elitist  2.2284816E-03 feasible? T
gen   7600/30000      elitist  2.2284720E-03 feasible? T
gen   7700/30000      elitist  2.2284368E-03 feasible? T
gen   7800/30000      elitist  2.2284221E-03 feasible? T
gen   7900/30000      elitist  2.2283966E-03 feasible? T
gen   8000/30000      elitist  2.2283876E-03 feasible? T
gen   8100/30000      elitist  2.2283677E-03 feasible? T
gen   8200/30000      elitist  2.2283603E-03 feasible? T
gen   8300/30000      elitist  2.2283587E-03 feasible? T
gen   8400/30000      elitist  2.2283570E-03 feasible? T
gen   8500/30000      elitist  2.2283553E-03 feasible? T
gen   8600/30000      elitist  2.2283544E-03 feasible? T
gen   8700/30000      elitist  2.2283518E-03 feasible? T
gen   8800/30000      elitist  2.2283503E-03 feasible? T
gen   8900/30000      elitist  2.2283501E-03 feasible? T
gen   9000/30000      elitist  2.2283498E-03 feasible? T
gen   9100/30000      elitist  2.2283497E-03 feasible? T
gen   9200/30000      elitist  2.2283496E-03 feasible? T
gen   9300/30000      elitist  2.2283496E-03 feasible? T
gen   9400/30000      elitist  2.2283490E-03 feasible? T
gen   9500/30000      elitist  2.2283488E-03 feasible? T
gen   9600/30000      elitist  2.2283483E-03 feasible? T
gen   9700/30000      elitist  2.2283480E-03 feasible? T
gen   9800/30000      elitist  2.2283474E-03 feasible? T
gen   9900/30000      elitist  2.2279679E-03 feasible? T
gen  10000/30000      elitist  2.2196860E-03 feasible? T
gen  10100/30000      elitist  2.2186220E-03 feasible? T
gen  10200/30000      elitist  2.2185186E-03 feasible? T
gen  10300/30000      elitist  2.2183876E-03 feasible? T
gen  10400/30000      elitist  2.2183140E-03 feasible? T
gen  10500/30000      elitist  2.2180302E-03 feasible? T
gen  10600/30000      elitist  2.2171334E-03 feasible? T
gen  10700/30000      elitist  2.2166342E-03 feasible? T
gen  10800/30000      elitist  2.2164524E-03 feasible? T
gen  10900/30000      elitist  2.2164081E-03 feasible? T
gen  11000/30000      elitist  2.2163877E-03 feasible? T
gen  11100/30000      elitist  2.2162589E-03 feasible? T
gen  11200/30000      elitist  2.2162105E-03 feasible? T
gen  11300/30000      elitist  2.2160845E-03 feasible? T
gen  11400/30000      elitist  2.2160109E-03 feasible? T
gen  11500/30000      elitist  2.2142839E-03 feasible? T
gen  11600/30000      elitist  2.2141305E-03 feasible? T
gen  11700/30000      elitist  2.2140931E-03 feasible? T
gen  11800/30000      elitist  2.2139974E-03 feasible? T
gen  11900/30000      elitist  2.2138925E-03 feasible? T
gen  12000/30000      elitist  2.2138126E-03 feasible? T
gen  12100/30000      elitist  2.2137558E-03 feasible? T
gen  12200/30000      elitist  2.2136989E-03 feasible? T
gen  12300/30000      elitist  2.2136302E-03 feasible? T
gen  12400/30000      elitist  2.2134248E-03 feasible? T
gen  12500/30000      elitist  2.2133186E-03 feasible? T
gen  12600/30000      elitist  2.2133045E-03 feasible? T
gen  12700/30000      elitist  2.2132791E-03 feasible? T
gen  12800/30000      elitist  2.2132446E-03 feasible? T
gen  12900/30000      elitist  2.2132367E-03 feasible? T
gen  13000/30000      elitist  2.2132318E-03 feasible? T
gen  13100/30000      elitist  2.2132300E-03 feasible? T
gen  13200/30000      elitist  2.2132285E-03 feasible? T
gen  13300/30000      elitist  2.2132273E-03 feasible? T
gen  13400/30000      elitist  2.2132260E-03 feasible? T
gen  13500/30000      elitist  2.2132253E-03 feasible? T
gen  13600/30000      elitist  2.2132220E-03 feasible? T
gen  13700/30000      elitist  2.2132183E-03 feasible? T
gen  13800/30000      elitist  2.2132140E-03 feasible? T
gen  13900/30000      elitist  2.2132115E-03 feasible? T
gen  14000/30000      elitist  2.2132109E-03 feasible? T
gen  14100/30000      elitist  2.2132086E-03 feasible? T
gen  14200/30000      elitist  2.2132078E-03 feasible? T
gen  14300/30000      elitist  2.2132064E-03 feasible? T
gen  14400/30000      elitist  2.2132062E-03 feasible? T
gen  14500/30000      elitist  2.2132058E-03 feasible? T
gen  14600/30000      elitist  2.2132050E-03 feasible? T
gen  14700/30000      elitist  2.2132047E-03 feasible? T
gen  14800/30000      elitist  2.2132034E-03 feasible? T
gen  14900/30000      elitist  2.2132029E-03 feasible? T
gen  15000/30000      elitist  2.2132024E-03 feasible? T
gen  15100/30000      elitist  2.2132022E-03 feasible? T
gen  15200/30000      elitist  2.2132018E-03 feasible? T
gen  15300/30000      elitist  2.2132006E-03 feasible? T
gen  15400/30000      elitist  2.2132001E-03 feasible? T
gen  15500/30000      elitist  2.2131987E-03 feasible? T
gen  15600/30000      elitist  2.2131979E-03 feasible? T
gen  15700/30000      elitist  2.2131975E-03 feasible? T
gen  15800/30000      elitist  2.2131970E-03 feasible? T
gen  15900/30000      elitist  2.2131968E-03 feasible? T
gen  16000/30000      elitist  2.2131964E-03 feasible? T
gen  16100/30000      elitist  2.2131964E-03 feasible? T
gen  16200/30000      elitist  2.2131963E-03 feasible? T
gen  16300/30000      elitist  2.2131961E-03 feasible? T
gen  16400/30000      elitist  2.2131960E-03 feasible? T
gen  16500/30000      elitist  2.2131960E-03 feasible? T
gen  16600/30000      elitist  2.2131959E-03 feasible? T
gen  16700/30000      elitist  2.2131959E-03 feasible? T
gen  16800/30000      elitist  2.2131959E-03 feasible? T
gen  16900/30000      elitist  2.2131959E-03 feasible? T
gen  17000/30000      elitist  2.2131958E-03 feasible? T
gen  17100/30000      elitist  2.2131958E-03 feasible? T
gen  17200/30000      elitist  2.2131958E-03 feasible? T
gen  17300/30000      elitist  2.2131958E-03 feasible? T
gen  17400/30000      elitist  2.2131958E-03 feasible? T
gen  17500/30000      elitist  2.2131958E-03 feasible? T
population converged towards a single solution after 17582 generations.
Starting local simplex optimization:
Solution before refinement:      2.2131957715E-03
 performing expansion, best =    2.2074733858333979E-003
 performing expansion, best =    2.2054388039199672E-003
 performing expansion, best =    2.2051783922804407E-003
 performing expansion, best =    2.2020142840019330E-003
 performing expansion, best =    2.1968526546623109E-003
 performing expansion, best =    2.1966212164519234E-003
 performing expansion, best =    2.1961747177245312E-003
 performing expansion, best =    2.1953060101512671E-003
 performing expansion, best =    2.1949845401370910E-003
 performing expansion, best =    2.1941367921170726E-003
 performing expansion, best =    2.1926535377448431E-003
 performing expansion, best =    2.1925574446634961E-003
 performing expansion, best =    2.1915812362605629E-003
 performing expansion, best =    2.1915528228656682E-003
 performing expansion, best =    2.1914368166748173E-003
 performing expansion, best =    2.1909513296563040E-003
 performing expansion, best =    2.1904957380726080E-003
 performing expansion, best =    2.1902902529905410E-003
 performing expansion, best =    2.1898104187384228E-003
 performing expansion, best =    2.1896419451992357E-003
 performing expansion, best =    2.1896337022053961E-003
 performing expansion, best =    2.1889344274990136E-003
 performing expansion, best =    2.1884269613547222E-003
 performing expansion, best =    2.1876615221589216E-003
 performing expansion, best =    2.1873369029938253E-003
 performing expansion, best =    2.1872094374326772E-003
 performing expansion, best =    2.1869125193328238E-003
 performing expansion, best =    2.1862325890756535E-003
 performing expansion, best =    2.1862008585561148E-003
 performing expansion, best =    2.1858868185564589E-003
 performing expansion, best =    2.1853796245650567E-003
 performing expansion, best =    2.1847191031539050E-003
 performing expansion, best =    2.1843151233227210E-003
 performing expansion, best =    2.1840232845846764E-003
 performing expansion, best =    2.1838207707947275E-003
 performing expansion, best =    2.1834019301022411E-003
 performing expansion, best =    2.1828093701437750E-003
 performing expansion, best =    2.1824601965582976E-003
 performing expansion, best =    2.1813477631319601E-003
 performing expansion, best =    2.1807506043124664E-003
 performing expansion, best =    2.1805381192398355E-003
 performing expansion, best =    2.1800963547509498E-003
 performing expansion, best =    2.1799762978648098E-003
 performing expansion, best =    2.1798204779574430E-003
 performing expansion, best =    2.1796112141480172E-003
 performing expansion, best =    2.1791293860287031E-003
 performing expansion, best =    2.1787243063023658E-003
 performing expansion, best =    2.1781146090060332E-003
 performing expansion, best =    2.1773042270869449E-003
 performing expansion, best =    2.1769620622998321E-003
 performing expansion, best =    2.1769322830870654E-003
 performing expansion, best =    2.1764554947366261E-003
 performing expansion, best =    2.1760284940407406E-003
 performing expansion, best =    2.1759744522314660E-003
 performing expansion, best =    2.1759444424735408E-003
 performing expansion, best =    2.1752632141833726E-003
 performing expansion, best =    2.1744487460529389E-003
 performing expansion, best =    2.1734062011892377E-003
 performing expansion, best =    2.1727844753581683E-003
 performing expansion, best =    2.1722734173245822E-003
 performing expansion, best =    2.1719973236453902E-003
 performing expansion, best =    2.1719079864656278E-003
 performing expansion, best =    2.1716602614005806E-003
 performing expansion, best =    2.1715097906136777E-003
 performing expansion, best =    2.1712678084849298E-003
 performing expansion, best =    2.1708339788212377E-003
 performing expansion, best =    2.1703490130065991E-003
 performing expansion, best =    2.1696941154769919E-003
 performing expansion, best =    2.1689256023995880E-003
 performing expansion, best =    2.1678118111493091E-003
 performing expansion, best =    2.1671383318037562E-003
 performing expansion, best =    2.1668457374335462E-003
 performing expansion, best =    2.1667851015477932E-003
 performing expansion, best =    2.1666278268700607E-003
 performing expansion, best =    2.1663781314152021E-003
 performing expansion, best =    2.1660367460644104E-003
 performing expansion, best =    2.1649863224834157E-003
 performing expansion, best =    2.1634260861899102E-003
 performing expansion, best =    2.1628199638208320E-003
 performing expansion, best =    2.1621414634359934E-003
 performing expansion, best =    2.1605678266658043E-003
 performing expansion, best =    2.1591724133349804E-003
 performing expansion, best =    2.1581461991687029E-003
 performing expansion, best =    2.1572402182678117E-003
 performing expansion, best =    2.1560185977906828E-003
 performing expansion, best =    2.1552569942611716E-003
 performing expansion, best =    2.1552139862046991E-003
 performing expansion, best =    2.1547909841634545E-003
 performing expansion, best =    2.1545576075385152E-003
 performing expansion, best =    2.1544538731599143E-003
 performing expansion, best =    2.1537892494940926E-003
 performing expansion, best =    2.1526987557326438E-003
 performing expansion, best =    2.1520291126747252E-003
 performing expansion, best =    2.1517120769009427E-003
 performing expansion, best =    2.1516749072071368E-003
 performing expansion, best =    2.1513648030981806E-003
 performing expansion, best =    2.1512173438631111E-003
 performing expansion, best =    2.1508518692029909E-003
 performing expansion, best =    2.1508492697427705E-003
 performing expansion, best =    2.1506596856360788E-003
 performing expansion, best =    2.1506256351862649E-003
 performing expansion, best =    2.1506114774735184E-003
 performing expansion, best =    2.1505936955146308E-003
 performing expansion, best =    2.1503722975620733E-003
 performing expansion, best =    2.1503355719977042E-003
 performing expansion, best =    2.1502858531367271E-003
 performing expansion, best =    2.1501478826038418E-003
 performing expansion, best =    2.1501052015910345E-003
 performing expansion, best =    2.1499034664388102E-003
 performing expansion, best =    2.1498299197572402E-003
 performing expansion, best =    2.1495369534894051E-003
 performing expansion, best =    2.1493944021445510E-003
 performing expansion, best =    2.1493665147053454E-003
 performing expansion, best =    2.1493569383198192E-003
 performing expansion, best =    2.1491845934343426E-003
 performing expansion, best =    2.1486450426987241E-003
 performing expansion, best =    2.1480725165430657E-003
 performing expansion, best =    2.1475597366271549E-003
 performing expansion, best =    2.1475187764664230E-003
 performing expansion, best =    2.1471402822965178E-003
 performing expansion, best =    2.1466309223484711E-003
 performing expansion, best =    2.1465621563380079E-003
 performing expansion, best =    2.1463081083606811E-003
 performing expansion, best =    2.1460129667222028E-003
 performing expansion, best =    2.1459148869407024E-003
 performing expansion, best =    2.1456994322448632E-003
 performing expansion, best =    2.1454888866058700E-003
 performing expansion, best =    2.1452978202352812E-003
 performing expansion, best =    2.1450635342102902E-003
 performing expansion, best =    2.1449208138545534E-003
 performing expansion, best =    2.1447421872819029E-003
 performing expansion, best =    2.1446768609943265E-003
 performing expansion, best =    2.1446666740378151E-003
 performing expansion, best =    2.1445441117694504E-003
 performing expansion, best =    2.1445388603686930E-003
 performing expansion, best =    2.1444629720384994E-003
 performing expansion, best =    2.1443681389800929E-003
 performing expansion, best =    2.1443654558253723E-003
 performing expansion, best =    2.1443565867752036E-003
 performing expansion, best =    2.1443104635760647E-003
 performing expansion, best =    2.1442536249701312E-003
 performing expansion, best =    2.1442168867997825E-003
 performing expansion, best =    2.1441450372403658E-003
 performing expansion, best =    2.1441339513202555E-003
 performing expansion, best =    2.1440648901589437E-003
 performing expansion, best =    2.1439745112490391E-003
 performing expansion, best =    2.1439633691807628E-003
 performing expansion, best =    2.1439242156836599E-003
 performing expansion, best =    2.1439046224411250E-003
 performing expansion, best =    2.1438137291252051E-003
 performing expansion, best =    2.1437557176353312E-003
 performing expansion, best =    2.1437363282494869E-003
 performing expansion, best =    2.1437307256846477E-003
 performing expansion, best =    2.1436131608743338E-003
 performing expansion, best =    2.1434826746120433E-003
 performing expansion, best =    2.1434803151322923E-003
 performing expansion, best =    2.1433324245418439E-003
 performing expansion, best =    2.1432509832049703E-003
 performing expansion, best =    2.1431934133328144E-003
 performing expansion, best =    2.1431861176610307E-003
 performing expansion, best =    2.1430953305675454E-003
 performing expansion, best =    2.1429551996994126E-003
 performing expansion, best =    2.1428420687386982E-003
 performing expansion, best =    2.1426060385846052E-003
 performing expansion, best =    2.1424525052229854E-003
 performing expansion, best =    2.1424430621455517E-003
 performing expansion, best =    2.1423368165657221E-003
 performing expansion, best =    2.1421780804306767E-003
 performing expansion, best =    2.1419352203698471E-003
 performing expansion, best =    2.1418065677947799E-003
 performing expansion, best =    2.1417123480334658E-003
 performing expansion, best =    2.1415388721875428E-003
 performing expansion, best =    2.1415042359915469E-003
 performing expansion, best =    2.1413690118639002E-003
 performing expansion, best =    2.1411021200157566E-003
 performing expansion, best =    2.1409727421977209E-003
 performing expansion, best =    2.1409539940222982E-003
 performing expansion, best =    2.1409224520201040E-003
 performing expansion, best =    2.1407833339584011E-003
 performing expansion, best =    2.1407543367579621E-003
 performing expansion, best =    2.1407435914180557E-003
 performing expansion, best =    2.1406399197222868E-003
 performing expansion, best =    2.1406365775591949E-003
 performing expansion, best =    2.1406338222612772E-003
 performing expansion, best =    2.1405921505169749E-003
 performing expansion, best =    2.1405746714376925E-003
 performing expansion, best =    2.1404323218844751E-003
 performing expansion, best =    2.1404211364421683E-003
 performing expansion, best =    2.1404149137636982E-003
 performing expansion, best =    2.1402983246715181E-003
 performing expansion, best =    2.1402877060299509E-003
 performing expansion, best =    2.1402289176399810E-003
 performing expansion, best =    2.1402143909746043E-003
 performing expansion, best =    2.1401727290028903E-003
 performing expansion, best =    2.1401318570955074E-003
 performing expansion, best =    2.1399443957451818E-003
 performing expansion, best =    2.1399072989725328E-003
 performing expansion, best =    2.1399020537270358E-003
 performing expansion, best =    2.1397818408596214E-003
 performing expansion, best =    2.1395591619465669E-003
 performing expansion, best =    2.1395280294670932E-003
 performing expansion, best =    2.1394526073493683E-003
 performing expansion, best =    2.1394298725141828E-003
 performing expansion, best =    2.1394013419169127E-003
 performing expansion, best =    2.1393452648085605E-003
 performing expansion, best =    2.1393033957130807E-003
 performing expansion, best =    2.1392800858092528E-003
 performing expansion, best =    2.1392775690735177E-003
 performing expansion, best =    2.1392690514830531E-003
 performing expansion, best =    2.1392521666212605E-003
 performing expansion, best =    2.1391628492731063E-003
 performing expansion, best =    2.1389618089828130E-003
 performing expansion, best =    2.1389559008677945E-003
 performing expansion, best =    2.1389190679791822E-003
 performing expansion, best =    2.1386989522052566E-003
 performing expansion, best =    2.1386412894367009E-003
 performing expansion, best =    2.1386048216483892E-003
 performing expansion, best =    2.1383648075458369E-003
 performing expansion, best =    2.1380882985443115E-003
 performing expansion, best =    2.1378785410491844E-003
 performing expansion, best =    2.1377336277432356E-003
 performing expansion, best =    2.1375200301407739E-003
 performing expansion, best =    2.1374461887490579E-003
 performing expansion, best =    2.1372999633243934E-003
 performing expansion, best =    2.1369113812084225E-003
 performing expansion, best =    2.1366135091201899E-003
 performing expansion, best =    2.1365251773659776E-003
 performing expansion, best =    2.1362090482581800E-003
 performing expansion, best =    2.1358603535649029E-003
 performing expansion, best =    2.1354568536918203E-003
 performing expansion, best =    2.1350695339798749E-003
 performing expansion, best =    2.1347553368963926E-003
 performing expansion, best =    2.1345321848977653E-003
 performing expansion, best =    2.1341853939617918E-003
 performing expansion, best =    2.1337176466366702E-003
 performing expansion, best =    2.1332614134791576E-003
 performing expansion, best =    2.1328430049729562E-003
 performing expansion, best =    2.1322420184467263E-003
 performing expansion, best =    2.1318481484986604E-003
 performing expansion, best =    2.1317545611802282E-003
 performing expansion, best =    2.1317485603740906E-003
 performing expansion, best =    2.1316244088052587E-003
 performing expansion, best =    2.1316146492399660E-003
 performing expansion, best =    2.1311718502323336E-003
 performing expansion, best =    2.1309748666661658E-003
 performing expansion, best =    2.1309225074129662E-003
 performing expansion, best =    2.1309190560606108E-003
 performing expansion, best =    2.1308769836647472E-003
 performing expansion, best =    2.1307872304595406E-003
 performing expansion, best =    2.1307613529857206E-003
 performing expansion, best =    2.1307585206577495E-003
 performing expansion, best =    2.1306802310104311E-003
 performing expansion, best =    2.1305176837834883E-003
 performing expansion, best =    2.1304900236698457E-003
 performing expansion, best =    2.1301643914558473E-003
 performing expansion, best =    2.1300658463613460E-003
 performing expansion, best =    2.1296600315808389E-003
 performing expansion, best =    2.1293884061963442E-003
 performing expansion, best =    2.1291732797859499E-003
 performing expansion, best =    2.1288063419511163E-003
 performing expansion, best =    2.1284279772743656E-003
 performing expansion, best =    2.1281170219232476E-003
 performing expansion, best =    2.1280924437250492E-003
 performing expansion, best =    2.1280708582076865E-003
 performing expansion, best =    2.1277348531626387E-003
 performing expansion, best =    2.1271857480116264E-003
 performing expansion, best =    2.1266734476318768E-003
 performing expansion, best =    2.1262395815629677E-003
 performing expansion, best =    2.1257150128050823E-003
 performing expansion, best =    2.1252789218608589E-003
 performing expansion, best =    2.1252785181475158E-003
 performing expansion, best =    2.1249942052905695E-003
 performing expansion, best =    2.1245361453134182E-003
 performing expansion, best =    2.1240659859662367E-003
 performing expansion, best =    2.1237453633817260E-003
 performing expansion, best =    2.1233670501379126E-003
 performing expansion, best =    2.1228683316680398E-003
 performing expansion, best =    2.1228070008739116E-003
 performing expansion, best =    2.1224714041255441E-003
 performing expansion, best =    2.1220889977059307E-003
 performing expansion, best =    2.1218880069712918E-003
 performing expansion, best =    2.1214112980641872E-003
 performing expansion, best =    2.1214086982186448E-003
 performing expansion, best =    2.1210756415334631E-003
 performing expansion, best =    2.1210184568642093E-003
 performing expansion, best =    2.1205967695051226E-003
 performing expansion, best =    2.1200226390946015E-003
 performing expansion, best =    2.1196992785946491E-003
 performing expansion, best =    2.1196179359238283E-003
 performing expansion, best =    2.1195141446093001E-003
 performing expansion, best =    2.1194499846092993E-003
 performing expansion, best =    2.1194434738292891E-003
 performing expansion, best =    2.1193983282264271E-003
 performing expansion, best =    2.1193884972092905E-003
 performing expansion, best =    2.1193443197728089E-003
 performing expansion, best =    2.1193155582415993E-003
 performing expansion, best =    2.1191895396150962E-003
 performing expansion, best =    2.1191459948323148E-003
 performing expansion, best =    2.1190249454417077E-003
 performing expansion, best =    2.1189908491575124E-003
 performing expansion, best =    2.1189581632834447E-003
 performing expansion, best =    2.1188295657112244E-003
 performing expansion, best =    2.1188115016023889E-003
 performing expansion, best =    2.1187485859534608E-003
 performing expansion, best =    2.1187390351984415E-003
 performing expansion, best =    2.1187230640804513E-003
 performing expansion, best =    2.1187163350850006E-003
 performing expansion, best =    2.1186283082365392E-003
 performing expansion, best =    2.1184907041284728E-003
 performing expansion, best =    2.1184686737035249E-003
 performing expansion, best =    2.1184458746584833E-003
 performing expansion, best =    2.1183330853923096E-003
 performing expansion, best =    2.1182756166315637E-003
 performing expansion, best =    2.1181303731618358E-003
 performing expansion, best =    2.1181209448040334E-003
 performing expansion, best =    2.1180172680067902E-003
 performing expansion, best =    2.1180086768201388E-003
 performing expansion, best =    2.1179601102639268E-003
 performing expansion, best =    2.1179555850629368E-003
 performing expansion, best =    2.1178626918227370E-003
 performing expansion, best =    2.1177667228322494E-003
 performing expansion, best =    2.1177557692413150E-003
 performing expansion, best =    2.1175849133216016E-003
 performing expansion, best =    2.1174433900838147E-003
 performing expansion, best =    2.1172759576055127E-003
 performing expansion, best =    2.1171385619901755E-003
 performing expansion, best =    2.1170269014333704E-003
 performing expansion, best =    2.1168419443427554E-003
 performing expansion, best =    2.1166251511738842E-003
 performing expansion, best =    2.1164417381174887E-003
 performing expansion, best =    2.1162610140666163E-003
 performing expansion, best =    2.1160874503033493E-003
 performing expansion, best =    2.1158833863536364E-003
 performing expansion, best =    2.1156918698260405E-003
 performing expansion, best =    2.1154111690996659E-003
 performing expansion, best =    2.1151197467880033E-003
 performing expansion, best =    2.1147775697930712E-003
 performing expansion, best =    2.1144768266384514E-003
 performing expansion, best =    2.1141719540918439E-003
 performing expansion, best =    2.1137964716708289E-003
 performing expansion, best =    2.1134030732770921E-003
 performing expansion, best =    2.1130374397781990E-003
 performing expansion, best =    2.1125867781114187E-003
 performing expansion, best =    2.1122962966722914E-003
 performing expansion, best =    2.1121359448588737E-003
 performing expansion, best =    2.1121329656038921E-003
 performing expansion, best =    2.1118269905403978E-003
 performing expansion, best =    2.1114767865376403E-003
 performing expansion, best =    2.1110974443008311E-003
 performing expansion, best =    2.1108556617395386E-003
 performing expansion, best =    2.1105909068178238E-003
 performing expansion, best =    2.1102546910861330E-003
 performing expansion, best =    2.1100305362094841E-003
 performing expansion, best =    2.1099510323092513E-003
 performing expansion, best =    2.1097892292166213E-003
 performing expansion, best =    2.1095320221220918E-003
 performing expansion, best =    2.1095262228443970E-003
 performing expansion, best =    2.1093594952537008E-003
 performing expansion, best =    2.1092944689573303E-003
 performing expansion, best =    2.1092410981728466E-003
 performing expansion, best =    2.1092028668028258E-003
 performing expansion, best =    2.1091884136775572E-003
 performing expansion, best =    2.1091764043726672E-003
 performing expansion, best =    2.1091634362480158E-003
 performing expansion, best =    2.1091337175278618E-003
 performing expansion, best =    2.1091273147692837E-003
 performing expansion, best =    2.1091058757099256E-003
 performing expansion, best =    2.1090962737512118E-003
 performing expansion, best =    2.1090673445148308E-003
 performing expansion, best =    2.1090522189984372E-003
 performing expansion, best =    2.1090520108964124E-003
 performing expansion, best =    2.1090485459955236E-003
 performing expansion, best =    2.1090155420844586E-003
 performing expansion, best =    2.1090084132932238E-003
 performing expansion, best =    2.1090049442988252E-003
 performing expansion, best =    2.1089954794981055E-003
 performing expansion, best =    2.1089909396823899E-003
 performing expansion, best =    2.1089820591339691E-003
 performing expansion, best =    2.1089780854976572E-003
 performing expansion, best =    2.1088848879053782E-003
 performing expansion, best =    2.1088833180949807E-003
 performing expansion, best =    2.1088813174994299E-003
 performing expansion, best =    2.1088778381305219E-003
 performing expansion, best =    2.1088648709506989E-003
 performing expansion, best =    2.1088393724997632E-003
 performing expansion, best =    2.1088181836558940E-003
 performing expansion, best =    2.1088118509797475E-003
 performing expansion, best =    2.1087526128479427E-003
 performing expansion, best =    2.1087333818061169E-003
 performing expansion, best =    2.1087282183397515E-003
 performing expansion, best =    2.1086470498812866E-003
 performing expansion, best =    2.1086428062874947E-003
 performing expansion, best =    2.1085785577432551E-003
 performing expansion, best =    2.1085301265760404E-003
 performing expansion, best =    2.1085191663153670E-003
 performing expansion, best =    2.1085151701663732E-003
 performing expansion, best =    2.1084997622717017E-003
 performing expansion, best =    2.1084276724176441E-003
 performing expansion, best =    2.1084141570086611E-003
 performing expansion, best =    2.1084090382468899E-003
 performing expansion, best =    2.1084048143710796E-003
 performing expansion, best =    2.1083989742499720E-003
 performing expansion, best =    2.1083884941055049E-003
 performing expansion, best =    2.1083769572090775E-003
 performing expansion, best =    2.1083583192944024E-003
 performing expansion, best =    2.1083576590106416E-003
 performing expansion, best =    2.1083502959213154E-003
 performing expansion, best =    2.1082680291630526E-003
 performing expansion, best =    2.1081965833562458E-003
 performing expansion, best =    2.1081928733357545E-003
 performing expansion, best =    2.1081832910906490E-003
 performing expansion, best =    2.1081779656616012E-003
 performing expansion, best =    2.1081297389295658E-003
 performing expansion, best =    2.1081148200367372E-003
 performing expansion, best =    2.1081119766888667E-003
 performing expansion, best =    2.1080996063695292E-003
 performing expansion, best =    2.1080963294893324E-003
 performing expansion, best =    2.1080297624417204E-003
 performing expansion, best =    2.1080119689332977E-003
 performing expansion, best =    2.1079955076254769E-003
 performing expansion, best =    2.1079935200669008E-003
 performing expansion, best =    2.1079926659059696E-003
 performing expansion, best =    2.1079849011883794E-003
 performing expansion, best =    2.1079721648095948E-003
 performing expansion, best =    2.1079697223619189E-003
 performing expansion, best =    2.1079535596612922E-003
 performing expansion, best =    2.1079510799166478E-003
 performing expansion, best =    2.1079501375160861E-003
 performing expansion, best =    2.1079450595733731E-003
 performing expansion, best =    2.1079406231840881E-003
 performing expansion, best =    2.1079251104421611E-003
 performing expansion, best =    2.1079219422469354E-003
 performing expansion, best =    2.1078900819722860E-003
 performing expansion, best =    2.1078831854265548E-003
 performing expansion, best =    2.1078757594640333E-003
 performing expansion, best =    2.1078259000364649E-003
 performing expansion, best =    2.1077828520015122E-003
 performing expansion, best =    2.1077804646521636E-003
 performing expansion, best =    2.1077750514730616E-003
 performing expansion, best =    2.1077319986451048E-003
 performing expansion, best =    2.1076911505497732E-003
 performing expansion, best =    2.1076862688042849E-003
 performing expansion, best =    2.1076807522715144E-003
 performing expansion, best =    2.1076805976297406E-003
 performing expansion, best =    2.1076794507424658E-003
 performing expansion, best =    2.1076735398259561E-003
 performing expansion, best =    2.1076712757696946E-003
 performing expansion, best =    2.1076634045534598E-003
 performing expansion, best =    2.1076153991116302E-003
 performing expansion, best =    2.1076141989248387E-003
 performing expansion, best =    2.1075822194482371E-003
 performing expansion, best =    2.1075494088273260E-003
 performing expansion, best =    2.1075481902181809E-003
 performing expansion, best =    2.1075440695745794E-003
 performing expansion, best =    2.1075421489305884E-003
 performing expansion, best =    2.1075060297166565E-003
 performing expansion, best =    2.1075058992624041E-003
 performing expansion, best =    2.1075032168126812E-003
 performing expansion, best =    2.1074837181687704E-003
 performing expansion, best =    2.1074498024202110E-003
 performing expansion, best =    2.1074491959836811E-003
 performing expansion, best =    2.1074476951933158E-003
 performing expansion, best =    2.1074202256569671E-003
 performing expansion, best =    2.1074196566303626E-003
 performing expansion, best =    2.1073950046383728E-003
 performing expansion, best =    2.1073695404769922E-003
 performing expansion, best =    2.1073692502413597E-003
 performing expansion, best =    2.1073360591965574E-003
 performing expansion, best =    2.1073352836072697E-003
 performing expansion, best =    2.1073314832015851E-003
 performing expansion, best =    2.1073295146656940E-003
 performing expansion, best =    2.1073242362855543E-003
 performing expansion, best =    2.1073230718269310E-003
 performing expansion, best =    2.1072959526547831E-003
 performing expansion, best =    2.1072602572703172E-003
 performing expansion, best =    2.1072316338593016E-003
 performing expansion, best =    2.1071950313131158E-003
 performing expansion, best =    2.1071942578669493E-003
 performing expansion, best =    2.1071885931811482E-003
 performing expansion, best =    2.1071857252599425E-003
 performing expansion, best =    2.1071410012815065E-003
 performing expansion, best =    2.1071342785831818E-003
 performing expansion, best =    2.1070876945882451E-003
 performing expansion, best =    2.1070428789546807E-003
 performing expansion, best =    2.1070407017823481E-003
 performing expansion, best =    2.1070370275609700E-003
 performing expansion, best =    2.1069972830409633E-003
 performing expansion, best =    2.1069466987362825E-003
 performing expansion, best =    2.1068970094403503E-003
 performing expansion, best =    2.1068461288214057E-003
 performing expansion, best =    2.1067978756691163E-003
 performing expansion, best =    2.1067943793178921E-003
 performing expansion, best =    2.1067361097345297E-003
 performing expansion, best =    2.1066777536778609E-003
 performing expansion, best =    2.1066104255234438E-003
 performing expansion, best =    2.1065386546378329E-003
 performing expansion, best =    2.1064615531529540E-003
 performing expansion, best =    2.1063855275827914E-003
 performing expansion, best =    2.1063024671242473E-003
 performing expansion, best =    2.1062149109517445E-003
 performing expansion, best =    2.1061312977719254E-003
 performing expansion, best =    2.1060468075550991E-003
 performing expansion, best =    2.1059472685340122E-003
 performing expansion, best =    2.1058412796882710E-003
 performing expansion, best =    2.1057464968279884E-003
 performing expansion, best =    2.1056389577059913E-003
 performing expansion, best =    2.1055516401680867E-003
 performing expansion, best =    2.1054426736780512E-003
 performing expansion, best =    2.1053234398061703E-003
 performing expansion, best =    2.1052053641134275E-003
 performing expansion, best =    2.1050734052234458E-003
 performing expansion, best =    2.1049569840266478E-003
 performing expansion, best =    2.1048298956060870E-003
 performing expansion, best =    2.1046834672732344E-003
 performing expansion, best =    2.1045356768029898E-003
 performing expansion, best =    2.1043737339699860E-003
 performing expansion, best =    2.1042261624672075E-003
 performing expansion, best =    2.1040737837859668E-003
 performing expansion, best =    2.1039152236936665E-003
 performing expansion, best =    2.1037575788616820E-003
 performing expansion, best =    2.1036344020860802E-003
 performing expansion, best =    2.1034670818735985E-003
 performing expansion, best =    2.1032908968390790E-003
 performing expansion, best =    2.1031555005278243E-003
 performing expansion, best =    2.1029906092768069E-003
 performing expansion, best =    2.1028255823588183E-003
 performing expansion, best =    2.1026447350192367E-003
 performing expansion, best =    2.1025269468513174E-003
 performing expansion, best =    2.1023697986632191E-003
 performing expansion, best =    2.1022350786339531E-003
 performing expansion, best =    2.1021180656257883E-003
 performing expansion, best =    2.1020118171352128E-003
 performing expansion, best =    2.1018802353311959E-003
 performing expansion, best =    2.1017606160642359E-003
 performing expansion, best =    2.1016537688442927E-003
 performing expansion, best =    2.1015590643886405E-003
 performing expansion, best =    2.1014459465328972E-003
 performing expansion, best =    2.1013296649818138E-003
 performing expansion, best =    2.1012105173485178E-003
 performing expansion, best =    2.1010654390851832E-003
 performing expansion, best =    2.1009802543265673E-003
 performing expansion, best =    2.1008717146774702E-003
 performing expansion, best =    2.1008080511144842E-003
 performing expansion, best =    2.1006752653557211E-003
 performing expansion, best =    2.1005635154385284E-003
 performing expansion, best =    2.1004490357227337E-003
Exiting simplex optimization after 10001 iterations
Solution after  refinement:      2.1003636035E-03
RMSE         2.100363604E-03 Hartree
NEW BEST!

Starting fitting procedure for 15 charges, trial 2
gen      0/30000      elitist  2.7703456E-02 feasible? F
gen    100/30000      elitist  2.3549666E+20 feasible? F
gen    200/30000      elitist  1.4076928E+20 feasible? F
gen    300/30000      elitist  1.4076928E+20 feasible? F
gen    400/30000      elitist  1.4076928E+20 feasible? F
gen    500/30000      elitist  1.4076928E+20 feasible? F
gen    600/30000      elitist  1.4076928E+20 feasible? F
gen    700/30000      elitist  1.4076928E+20 feasible? F
gen    800/30000      elitist  1.4076928E+20 feasible? F
gen    900/30000      elitist  1.4076928E+20 feasible? F
gen   1000/30000      elitist  1.4076928E+20 feasible? F
gen   1100/30000      elitist  1.4076928E+20 feasible? F
gen   1200/30000      elitist  1.4076928E+20 feasible? F
gen   1300/30000      elitist  1.4076928E+20 feasible? F
gen   1400/30000      elitist  1.4076928E+20 feasible? F
gen   1500/30000      elitist  1.4076928E+20 feasible? F
gen   1600/30000      elitist  1.4076928E+20 feasible? F
gen   1700/30000      elitist  1.4076928E+20 feasible? F
gen   1800/30000      elitist  1.4076928E+20 feasible? F
gen   1900/30000      elitist  1.4076928E+20 feasible? F
gen   2000/30000      elitist  1.4076928E+20 feasible? F
gen   2100/30000      elitist  1.4076928E+20 feasible? F
gen   2200/30000      elitist  1.4076928E+20 feasible? F
gen   2300/30000      elitist  1.4076928E+20 feasible? F
gen   2400/30000      elitist  1.4076928E+20 feasible? F
gen   2500/30000      elitist  1.4076928E+20 feasible? F
gen   2600/30000      elitist  1.4076928E+20 feasible? F
gen   2700/30000      elitist  1.4076928E+20 feasible? F
gen   2800/30000      elitist  1.4076928E+20 feasible? F
gen   2900/30000      elitist  1.4076928E+20 feasible? F
gen   3000/30000      elitist  1.4076928E+20 feasible? F
gen   3100/30000      elitist  1.4076928E+20 feasible? F
gen   3200/30000      elitist  1.4076928E+20 feasible? F
gen   3300/30000      elitist  1.4076928E+20 feasible? F
gen   3400/30000      elitist  1.4076928E+20 feasible? F
gen   3500/30000      elitist  1.4076928E+20 feasible? F
gen   3600/30000      elitist  1.4076928E+20 feasible? F
gen   3700/30000      elitist  1.4076928E+20 feasible? F
gen   3800/30000      elitist  1.4076928E+20 feasible? F
gen   3900/30000      elitist  1.4076928E+20 feasible? F
gen   4000/30000      elitist  1.4076928E+20 feasible? F
gen   4100/30000      elitist  1.4076928E+20 feasible? F
gen   4200/30000      elitist  1.4076928E+20 feasible? F
gen   4300/30000      elitist  1.4076928E+20 feasible? F
gen   4400/30000      elitist  1.4076928E+20 feasible? F
gen   4500/30000      elitist  1.4076928E+20 feasible? F
gen   4600/30000      elitist  1.4076928E+20 feasible? F
gen   4700/30000      elitist  1.4076928E+20 feasible? F
gen   4800/30000      elitist  1.4076928E+20 feasible? F
gen   4900/30000      elitist  1.4076928E+20 feasible? F
gen   5000/30000      elitist  1.4076928E+20 feasible? F
gen   5100/30000      elitist  1.4076928E+20 feasible? F
gen   5200/30000      elitist  1.4076928E+20 feasible? F
gen   5300/30000      elitist  1.4076928E+20 feasible? F
gen   5400/30000      elitist  1.4076928E+20 feasible? F
gen   5500/30000      elitist  1.4076928E+20 feasible? F
gen   5600/30000      elitist  1.4076928E+20 feasible? F
gen   5700/30000      elitist  1.4076928E+20 feasible? F
gen   5800/30000      elitist  1.4076928E+20 feasible? F
gen   5900/30000      elitist  1.4076928E+20 feasible? F
gen   6000/30000      elitist  1.4076928E+20 feasible? F
gen   6100/30000      elitist  1.4076928E+20 feasible? F
gen   6200/30000      elitist  1.4076928E+20 feasible? F
gen   6300/30000      elitist  1.4076928E+20 feasible? F
gen   6400/30000      elitist  1.4076928E+20 feasible? F
gen   6500/30000      elitist  1.4076928E+20 feasible? F
gen   6600/30000      elitist  1.4076928E+20 feasible? F
gen   6700/30000      elitist  1.4076928E+20 feasible? F
gen   6800/30000      elitist  1.4076928E+20 feasible? F
gen   6900/30000      elitist  1.4076928E+20 feasible? F
gen   7000/30000      elitist  1.4076928E+20 feasible? F
gen   7100/30000      elitist  1.4076928E+20 feasible? F
gen   7200/30000      elitist  1.4076928E+20 feasible? F
gen   7300/30000      elitist  1.4076928E+20 feasible? F
gen   7400/30000      elitist  1.4076928E+20 feasible? F
gen   7500/30000      elitist  1.4076928E+20 feasible? F
gen   7600/30000      elitist  1.4076928E+20 feasible? F
gen   7700/30000      elitist  1.4076928E+20 feasible? F
gen   7800/30000      elitist  1.4076928E+20 feasible? F
gen   7900/30000      elitist  1.4076928E+20 feasible? F
gen   8000/30000      elitist  1.4076928E+20 feasible? F
gen   8100/30000      elitist  1.4076928E+20 feasible? F
gen   8200/30000      elitist  1.4076928E+20 feasible? F
gen   8300/30000      elitist  1.4076928E+20 feasible? F
gen   8400/30000      elitist  1.4076928E+20 feasible? F
gen   8500/30000      elitist  1.4076928E+20 feasible? F
gen   8600/30000      elitist  1.4076928E+20 feasible? F
gen   8700/30000      elitist  1.4076928E+20 feasible? F
gen   8800/30000      elitist  1.4076928E+20 feasible? F
gen   8900/30000      elitist  1.4076928E+20 feasible? F
gen   9000/30000      elitist  1.4076928E+20 feasible? F
gen   9100/30000      elitist  1.4076928E+20 feasible? F
gen   9200/30000      elitist  1.4076928E+20 feasible? F
gen   9300/30000      elitist  1.4076928E+20 feasible? F
gen   9400/30000      elitist  1.4076928E+20 feasible? F
gen   9500/30000      elitist  1.4076928E+20 feasible? F
gen   9600/30000      elitist  1.4076928E+20 feasible? F
gen   9700/30000      elitist  1.4076928E+20 feasible? F
gen   9800/30000      elitist  1.4076928E+20 feasible? F
gen   9900/30000      elitist  1.4076928E+20 feasible? F
gen  10000/30000      elitist  1.4076928E+20 feasible? F
gen  10100/30000      elitist  1.4076928E+20 feasible? F
gen  10200/30000      elitist  1.4076928E+20 feasible? F
gen  10300/30000      elitist  1.4076928E+20 feasible? F
gen  10400/30000      elitist  1.4076928E+20 feasible? F
gen  10500/30000      elitist  1.4076928E+20 feasible? F
gen  10600/30000      elitist  1.4076928E+20 feasible? F
gen  10700/30000      elitist  1.4076928E+20 feasible? F
gen  10800/30000      elitist  1.4076928E+20 feasible? F
gen  10900/30000      elitist  1.4076928E+20 feasible? F
gen  11000/30000      elitist  1.4076928E+20 feasible? F
gen  11100/30000      elitist  1.4076928E+20 feasible? F
gen  11200/30000      elitist  1.4076928E+20 feasible? F
gen  11300/30000      elitist  1.4076928E+20 feasible? F
gen  11400/30000      elitist  1.4076928E+20 feasible? F
gen  11500/30000      elitist  1.4076928E+20 feasible? F
gen  11600/30000      elitist  1.4076928E+20 feasible? F
gen  11700/30000      elitist  1.4076928E+20 feasible? F
gen  11800/30000      elitist  1.4076928E+20 feasible? F
gen  11900/30000      elitist  1.4076928E+20 feasible? F
gen  12000/30000      elitist  1.4076928E+20 feasible? F
gen  12100/30000      elitist  1.4076928E+20 feasible? F
gen  12200/30000      elitist  1.4076928E+20 feasible? F
gen  12300/30000      elitist  1.4076928E+20 feasible? F
gen  12400/30000      elitist  1.4076928E+20 feasible? F
gen  12500/30000      elitist  1.4076928E+20 feasible? F
gen  12600/30000      elitist  1.4076928E+20 feasible? F
gen  12700/30000      elitist  1.4076928E+20 feasible? F
gen  12800/30000      elitist  1.4076928E+20 feasible? F
gen  12900/30000      elitist  1.4076928E+20 feasible? F
gen  13000/30000      elitist  1.4076928E+20 feasible? F
gen  13100/30000      elitist  1.4076928E+20 feasible? F
gen  13200/30000      elitist  1.4076928E+20 feasible? F
gen  13300/30000      elitist  1.4076928E+20 feasible? F
gen  13400/30000      elitist  1.4076928E+20 feasible? F
gen  13500/30000      elitist  1.4076928E+20 feasible? F
gen  13600/30000      elitist  1.4076928E+20 feasible? F
gen  13700/30000      elitist  1.4076928E+20 feasible? F
gen  13800/30000      elitist  1.4076928E+20 feasible? F
gen  13900/30000      elitist  1.4076928E+20 feasible? F
gen  14000/30000      elitist  1.4076928E+20 feasible? F
gen  14100/30000      elitist  1.4076928E+20 feasible? F
gen  14200/30000      elitist  1.4076928E+20 feasible? F
gen  14300/30000      elitist  1.4076928E+20 feasible? F
gen  14400/30000      elitist  1.4076928E+20 feasible? F
gen  14500/30000      elitist  1.4076928E+20 feasible? F
gen  14600/30000      elitist  1.4076928E+20 feasible? F
gen  14700/30000      elitist  1.4076928E+20 feasible? F
gen  14800/30000      elitist  1.4076928E+20 feasible? F
gen  14900/30000      elitist  1.4076928E+20 feasible? F
gen  15000/30000      elitist  1.4076928E+20 feasible? F
gen  15100/30000      elitist  1.4076928E+20 feasible? F
gen  15200/30000      elitist  1.4076928E+20 feasible? F
gen  15300/30000      elitist  1.4076928E+20 feasible? F
gen  15400/30000      elitist  1.4076928E+20 feasible? F
gen  15500/30000      elitist  1.4076928E+20 feasible? F
gen  15600/30000      elitist  1.4076928E+20 feasible? F
gen  15700/30000      elitist  1.4076928E+20 feasible? F
gen  15800/30000      elitist  1.4076928E+20 feasible? F
gen  15900/30000      elitist  1.4076928E+20 feasible? F
gen  16000/30000      elitist  1.4076928E+20 feasible? F
gen  16100/30000      elitist  1.4076928E+20 feasible? F
gen  16200/30000      elitist  1.4076928E+20 feasible? F
gen  16300/30000      elitist  1.4076928E+20 feasible? F
gen  16400/30000      elitist  1.4076928E+20 feasible? F
gen  16500/30000      elitist  1.4076928E+20 feasible? F
gen  16600/30000      elitist  1.4076928E+20 feasible? F
gen  16700/30000      elitist  1.4076928E+20 feasible? F
gen  16800/30000      elitist  1.4076928E+20 feasible? F
gen  16900/30000      elitist  1.4076928E+20 feasible? F
gen  17000/30000      elitist  1.4076928E+20 feasible? F
gen  17100/30000      elitist  1.4076928E+20 feasible? F
gen  17200/30000      elitist  1.4076928E+20 feasible? F
gen  17300/30000      elitist  1.4076928E+20 feasible? F
gen  17400/30000      elitist  1.4076928E+20 feasible? F
gen  17500/30000      elitist  1.4076928E+20 feasible? F
gen  17600/30000      elitist  1.4076928E+20 feasible? F
gen  17700/30000      elitist  1.4076928E+20 feasible? F
gen  17800/30000      elitist  1.4076928E+20 feasible? F
gen  17900/30000      elitist  1.4076928E+20 feasible? F
gen  18000/30000      elitist  1.4076928E+20 feasible? F
gen  18100/30000      elitist  1.4076928E+20 feasible? F
gen  18200/30000      elitist  1.4076928E+20 feasible? F
gen  18300/30000      elitist  1.4076928E+20 feasible? F
gen  18400/30000      elitist  1.4076928E+20 feasible? F
gen  18500/30000      elitist  1.4076928E+20 feasible? F
gen  18600/30000      elitist  1.4076928E+20 feasible? F
gen  18700/30000      elitist  1.4076928E+20 feasible? F
gen  18800/30000      elitist  1.4076928E+20 feasible? F
gen  18900/30000      elitist  1.4076928E+20 feasible? F
gen  19000/30000      elitist  1.4076928E+20 feasible? F
gen  19100/30000      elitist  1.4076928E+20 feasible? F
gen  19200/30000      elitist  1.4076928E+20 feasible? F
gen  19300/30000      elitist  1.4076928E+20 feasible? F
gen  19400/30000      elitist  1.4076928E+20 feasible? F
gen  19500/30000      elitist  1.4076928E+20 feasible? F
gen  19600/30000      elitist  1.4076928E+20 feasible? F
gen  19700/30000      elitist  1.4076928E+20 feasible? F
gen  19800/30000      elitist  1.4076928E+20 feasible? F
gen  19900/30000      elitist  1.4076928E+20 feasible? F
gen  20000/30000      elitist  1.4076928E+20 feasible? F
gen  20100/30000      elitist  1.4076928E+20 feasible? F
gen  20200/30000      elitist  1.4076928E+20 feasible? F
gen  20300/30000      elitist  1.4076928E+20 feasible? F
gen  20400/30000      elitist  1.4076928E+20 feasible? F
gen  20500/30000      elitist  1.4076928E+20 feasible? F
gen  20600/30000      elitist  1.4076928E+20 feasible? F
gen  20700/30000      elitist  1.4076928E+20 feasible? F
gen  20800/30000      elitist  1.4076928E+20 feasible? F
gen  20900/30000      elitist  1.4076928E+20 feasible? F
gen  21000/30000      elitist  1.4076928E+20 feasible? F
gen  21100/30000      elitist  1.4076928E+20 feasible? F
gen  21200/30000      elitist  1.4076928E+20 feasible? F
gen  21300/30000      elitist  1.4076928E+20 feasible? F
gen  21400/30000      elitist  1.4076928E+20 feasible? F
gen  21500/30000      elitist  1.4076928E+20 feasible? F
gen  21600/30000      elitist  1.4076928E+20 feasible? F
gen  21700/30000      elitist  1.4076928E+20 feasible? F
gen  21800/30000      elitist  1.4076928E+20 feasible? F
gen  21900/30000      elitist  1.4076928E+20 feasible? F
gen  22000/30000      elitist  1.4076928E+20 feasible? F
gen  22100/30000      elitist  1.4076928E+20 feasible? F
gen  22200/30000      elitist  1.4076928E+20 feasible? F
gen  22300/30000      elitist  1.4076928E+20 feasible? F
gen  22400/30000      elitist  1.4076928E+20 feasible? F
gen  22500/30000      elitist  1.4076928E+20 feasible? F
gen  22600/30000      elitist  1.4076928E+20 feasible? F
gen  22700/30000      elitist  1.4076928E+20 feasible? F
gen  22800/30000      elitist  1.4076928E+20 feasible? F
gen  22900/30000      elitist  1.4076928E+20 feasible? F
gen  23000/30000      elitist  1.4076928E+20 feasible? F
gen  23100/30000      elitist  1.4076928E+20 feasible? F
gen  23200/30000      elitist  1.4076928E+20 feasible? F
gen  23300/30000      elitist  1.4076928E+20 feasible? F
gen  23400/30000      elitist  1.4076928E+20 feasible? F
gen  23500/30000      elitist  1.4076928E+20 feasible? F
gen  23600/30000      elitist  1.4076928E+20 feasible? F
gen  23700/30000      elitist  1.4076928E+20 feasible? F
gen  23800/30000      elitist  1.4076928E+20 feasible? F
gen  23900/30000      elitist  1.4076928E+20 feasible? F
gen  24000/30000      elitist  1.4076928E+20 feasible? F
gen  24100/30000      elitist  1.4076928E+20 feasible? F
gen  24200/30000      elitist  1.4076928E+20 feasible? F
gen  24300/30000      elitist  1.4076928E+20 feasible? F
gen  24400/30000      elitist  1.4076928E+20 feasible? F
gen  24500/30000      elitist  1.4076928E+20 feasible? F
gen  24600/30000      elitist  1.4076928E+20 feasible? F
gen  24700/30000      elitist  1.4076928E+20 feasible? F
gen  24800/30000      elitist  1.4076928E+20 feasible? F
gen  24900/30000      elitist  1.4076928E+20 feasible? F
gen  25000/30000      elitist  1.4076928E+20 feasible? F
gen  25100/30000      elitist  1.4076928E+20 feasible? F
gen  25200/30000      elitist  1.4076928E+20 feasible? F
gen  25300/30000      elitist  1.4076928E+20 feasible? F
gen  25400/30000      elitist  1.4076928E+20 feasible? F
gen  25500/30000      elitist  1.4076928E+20 feasible? F
gen  25600/30000      elitist  1.4076928E+20 feasible? F
gen  25700/30000      elitist  1.4076928E+20 feasible? F
gen  25800/30000      elitist  1.4076928E+20 feasible? F
gen  25900/30000      elitist  1.4076928E+20 feasible? F
gen  26000/30000      elitist  1.4076928E+20 feasible? F
gen  26100/30000      elitist  1.4076928E+20 feasible? F
gen  26200/30000      elitist  1.4076928E+20 feasible? F
gen  26300/30000      elitist  1.4076928E+20 feasible? F
gen  26400/30000      elitist  1.4076928E+20 feasible? F
gen  26500/30000      elitist  1.4076928E+20 feasible? F
gen  26600/30000      elitist  1.4076928E+20 feasible? F
gen  26700/30000      elitist  1.4076928E+20 feasible? F
gen  26800/30000      elitist  1.4076928E+20 feasible? F
gen  26900/30000      elitist  1.4076928E+20 feasible? F
gen  27000/30000      elitist  1.4076928E+20 feasible? F
gen  27100/30000      elitist  1.4076928E+20 feasible? F
gen  27200/30000      elitist  1.4076928E+20 feasible? F
gen  27300/30000      elitist  1.4076928E+20 feasible? F
gen  27400/30000      elitist  1.4076928E+20 feasible? F
gen  27500/30000      elitist  1.4076928E+20 feasible? F
gen  27600/30000      elitist  1.4076928E+20 feasible? F
gen  27700/30000      elitist  1.4076928E+20 feasible? F
gen  27800/30000      elitist  1.4076928E+20 feasible? F
gen  27900/30000      elitist  1.4076928E+20 feasible? F
gen  28000/30000      elitist  1.4076928E+20 feasible? F
gen  28100/30000      elitist  1.4076928E+20 feasible? F
gen  28200/30000      elitist  1.4076928E+20 feasible? F
gen  28300/30000      elitist  1.4076928E+20 feasible? F
gen  28400/30000      elitist  1.4076928E+20 feasible? F
gen  28500/30000      elitist  1.4076928E+20 feasible? F
gen  28600/30000      elitist  1.4076928E+20 feasible? F
gen  28700/30000      elitist  1.4076928E+20 feasible? F
gen  28800/30000      elitist  1.4076928E+20 feasible? F
gen  28900/30000      elitist  1.4076928E+20 feasible? F
gen  29000/30000      elitist  1.4076928E+20 feasible? F
gen  29100/30000      elitist  1.4076928E+20 feasible? F
gen  29200/30000      elitist  1.4076928E+20 feasible? F
gen  29300/30000      elitist  1.4076928E+20 feasible? F
gen  29400/30000      elitist  1.4076928E+20 feasible? F
gen  29500/30000      elitist  1.4076928E+20 feasible? F
gen  29600/30000      elitist  1.4076928E+20 feasible? F
gen  29700/30000      elitist  1.4076928E+20 feasible? F
gen  29800/30000      elitist  1.4076928E+20 feasible? F
gen  29900/30000      elitist  1.4076928E+20 feasible? F
gen  30000/30000      elitist  1.4076928E+20 feasible? F
WARNING: No feasible solution was found!
Starting local simplex optimization:
Solution before refinement:      1.4076927683E+20
Solution after  refinement:      1.4076927683E+20
RMSE         1.407692768E+20 Hartree

Starting fitting procedure for 15 charges, trial 3
gen      0/30000      elitist  2.5146196E-02 feasible? F
gen    100/30000      elitist  2.9559329E+18 feasible? F
gen    200/30000      elitist  3.8275044E+20 feasible? F
gen    300/30000      elitist  3.8275044E+20 feasible? F
gen    400/30000      elitist  3.8275044E+20 feasible? F
gen    500/30000      elitist  3.8275044E+20 feasible? F
gen    600/30000      elitist  3.8275044E+20 feasible? F
gen    700/30000      elitist  3.8275044E+20 feasible? F
gen    800/30000      elitist  3.8275044E+20 feasible? F
gen    900/30000      elitist  3.8275044E+20 feasible? F
gen   1000/30000      elitist  3.8275044E+20 feasible? F
gen   1100/30000      elitist  3.8275044E+20 feasible? F
gen   1200/30000      elitist  3.8275044E+20 feasible? F
gen   1300/30000      elitist  3.8275044E+20 feasible? F
gen   1400/30000      elitist  3.8275044E+20 feasible? F
gen   1500/30000      elitist  3.8275044E+20 feasible? F
gen   1600/30000      elitist  3.8275044E+20 feasible? F
gen   1700/30000      elitist  3.8275044E+20 feasible? F
gen   1800/30000      elitist  3.8275044E+20 feasible? F
gen   1900/30000      elitist  3.8275044E+20 feasible? F
gen   2000/30000      elitist  3.8275044E+20 feasible? F
gen   2100/30000      elitist  3.8275044E+20 feasible? F
gen   2200/30000      elitist  3.8275044E+20 feasible? F
gen   2300/30000      elitist  3.8275044E+20 feasible? F
gen   2400/30000      elitist  3.8275044E+20 feasible? F
gen   2500/30000      elitist  3.8275044E+20 feasible? F
gen   2600/30000      elitist  3.8275044E+20 feasible? F
gen   2700/30000      elitist  3.8275044E+20 feasible? F
gen   2800/30000      elitist  3.8275044E+20 feasible? F
gen   2900/30000      elitist  3.8275044E+20 feasible? F
gen   3000/30000      elitist  3.8275044E+20 feasible? F
gen   3100/30000      elitist  3.8275044E+20 feasible? F
gen   3200/30000      elitist  3.8275044E+20 feasible? F
gen   3300/30000      elitist  3.8275044E+20 feasible? F
gen   3400/30000      elitist  3.8275044E+20 feasible? F
gen   3500/30000      elitist  3.8275044E+20 feasible? F
gen   3600/30000      elitist  3.8275044E+20 feasible? F
gen   3700/30000      elitist  3.8275044E+20 feasible? F
gen   3800/30000      elitist  3.8275044E+20 feasible? F
gen   3900/30000      elitist  3.8275044E+20 feasible? F
gen   4000/30000      elitist  3.8275044E+20 feasible? F
gen   4100/30000      elitist  3.8275044E+20 feasible? F
gen   4200/30000      elitist  3.8275044E+20 feasible? F
gen   4300/30000      elitist  3.8275044E+20 feasible? F
gen   4400/30000      elitist  3.8275044E+20 feasible? F
gen   4500/30000      elitist  3.8275044E+20 feasible? F
gen   4600/30000      elitist  3.8275044E+20 feasible? F
gen   4700/30000      elitist  3.8275044E+20 feasible? F
gen   4800/30000      elitist  3.8275044E+20 feasible? F
gen   4900/30000      elitist  3.8275044E+20 feasible? F
gen   5000/30000      elitist  3.8275044E+20 feasible? F
gen   5100/30000      elitist  3.8275044E+20 feasible? F
gen   5200/30000      elitist  3.8275044E+20 feasible? F
gen   5300/30000      elitist  3.8275044E+20 feasible? F
gen   5400/30000      elitist  3.8275044E+20 feasible? F
gen   5500/30000      elitist  3.8275044E+20 feasible? F
gen   5600/30000      elitist  3.8275044E+20 feasible? F
gen   5700/30000      elitist  3.8275044E+20 feasible? F
gen   5800/30000      elitist  3.8275044E+20 feasible? F
gen   5900/30000      elitist  3.8275044E+20 feasible? F
gen   6000/30000      elitist  3.8275044E+20 feasible? F
gen   6100/30000      elitist  3.8275044E+20 feasible? F
gen   6200/30000      elitist  3.8275044E+20 feasible? F
gen   6300/30000      elitist  3.8275044E+20 feasible? F
gen   6400/30000      elitist  3.8275044E+20 feasible? F
gen   6500/30000      elitist  3.8275044E+20 feasible? F
gen   6600/30000      elitist  3.8275044E+20 feasible? F
gen   6700/30000      elitist  3.8275044E+20 feasible? F
gen   6800/30000      elitist  3.8275044E+20 feasible? F
gen   6900/30000      elitist  3.8275044E+20 feasible? F
gen   7000/30000      elitist  3.8275044E+20 feasible? F
gen   7100/30000      elitist  3.8275044E+20 feasible? F
gen   7200/30000      elitist  3.8275044E+20 feasible? F
gen   7300/30000      elitist  3.8275044E+20 feasible? F
gen   7400/30000      elitist  3.8275044E+20 feasible? F
gen   7500/30000      elitist  3.8275044E+20 feasible? F
gen   7600/30000      elitist  3.8275044E+20 feasible? F
gen   7700/30000      elitist  3.8275044E+20 feasible? F
gen   7800/30000      elitist  3.8275044E+20 feasible? F
gen   7900/30000      elitist  3.8275044E+20 feasible? F
gen   8000/30000      elitist  3.8275044E+20 feasible? F
gen   8100/30000      elitist  3.8275044E+20 feasible? F
gen   8200/30000      elitist  3.8275044E+20 feasible? F
gen   8300/30000      elitist  3.8275044E+20 feasible? F
gen   8400/30000      elitist  3.8275044E+20 feasible? F
gen   8500/30000      elitist  3.8275044E+20 feasible? F
gen   8600/30000      elitist  3.8275044E+20 feasible? F
gen   8700/30000      elitist  3.8275044E+20 feasible? F
gen   8800/30000      elitist  3.8275044E+20 feasible? F
gen   8900/30000      elitist  3.8275044E+20 feasible? F
gen   9000/30000      elitist  3.8275044E+20 feasible? F
gen   9100/30000      elitist  3.8275044E+20 feasible? F
gen   9200/30000      elitist  3.8275044E+20 feasible? F
gen   9300/30000      elitist  3.8275044E+20 feasible? F
gen   9400/30000      elitist  3.8275044E+20 feasible? F
gen   9500/30000      elitist  3.8275044E+20 feasible? F
gen   9600/30000      elitist  3.8275044E+20 feasible? F
gen   9700/30000      elitist  3.8275044E+20 feasible? F
gen   9800/30000      elitist  3.8275044E+20 feasible? F
gen   9900/30000      elitist  3.8275044E+20 feasible? F
gen  10000/30000      elitist  3.8275044E+20 feasible? F
gen  10100/30000      elitist  3.8275044E+20 feasible? F
gen  10200/30000      elitist  3.8275044E+20 feasible? F
gen  10300/30000      elitist  3.8275044E+20 feasible? F
gen  10400/30000      elitist  3.8275044E+20 feasible? F
gen  10500/30000      elitist  3.8275044E+20 feasible? F
gen  10600/30000      elitist  3.8275044E+20 feasible? F
gen  10700/30000      elitist  3.8275044E+20 feasible? F
gen  10800/30000      elitist  3.8275044E+20 feasible? F
gen  10900/30000      elitist  3.8275044E+20 feasible? F
gen  11000/30000      elitist  3.8275044E+20 feasible? F
gen  11100/30000      elitist  3.8275044E+20 feasible? F
gen  11200/30000      elitist  3.8275044E+20 feasible? F
gen  11300/30000      elitist  3.8275044E+20 feasible? F
gen  11400/30000      elitist  3.8275044E+20 feasible? F
gen  11500/30000      elitist  3.8275044E+20 feasible? F
gen  11600/30000      elitist  3.8275044E+20 feasible? F
gen  11700/30000      elitist  3.8275044E+20 feasible? F
gen  11800/30000      elitist  3.8275044E+20 feasible? F
gen  11900/30000      elitist  3.8275044E+20 feasible? F
gen  12000/30000      elitist  3.8275044E+20 feasible? F
gen  12100/30000      elitist  3.8275044E+20 feasible? F
gen  12200/30000      elitist  3.8275044E+20 feasible? F
gen  12300/30000      elitist  3.8275044E+20 feasible? F
gen  12400/30000      elitist  3.8275044E+20 feasible? F
gen  12500/30000      elitist  3.8275044E+20 feasible? F
gen  12600/30000      elitist  3.8275044E+20 feasible? F
gen  12700/30000      elitist  3.8275044E+20 feasible? F
gen  12800/30000      elitist  3.8275044E+20 feasible? F
gen  12900/30000      elitist  3.8275044E+20 feasible? F
gen  13000/30000      elitist  3.8275044E+20 feasible? F
gen  13100/30000      elitist  3.8275044E+20 feasible? F
gen  13200/30000      elitist  3.8275044E+20 feasible? F
gen  13300/30000      elitist  3.8275044E+20 feasible? F
gen  13400/30000      elitist  3.8275044E+20 feasible? F
gen  13500/30000      elitist  3.8275044E+20 feasible? F
gen  13600/30000      elitist  3.8275044E+20 feasible? F
gen  13700/30000      elitist  3.8275044E+20 feasible? F
gen  13800/30000      elitist  3.8275044E+20 feasible? F
gen  13900/30000      elitist  3.8275044E+20 feasible? F
gen  14000/30000      elitist  3.8275044E+20 feasible? F
gen  14100/30000      elitist  3.8275044E+20 feasible? F
gen  14200/30000      elitist  3.8275044E+20 feasible? F
gen  14300/30000      elitist  3.8275044E+20 feasible? F
gen  14400/30000      elitist  3.8275044E+20 feasible? F
gen  14500/30000      elitist  3.8275044E+20 feasible? F
gen  14600/30000      elitist  3.8275044E+20 feasible? F
gen  14700/30000      elitist  3.8275044E+20 feasible? F
gen  14800/30000      elitist  3.8275044E+20 feasible? F
gen  14900/30000      elitist  3.8275044E+20 feasible? F
gen  15000/30000      elitist  3.8275044E+20 feasible? F
gen  15100/30000      elitist  3.8275044E+20 feasible? F
gen  15200/30000      elitist  3.8275044E+20 feasible? F
gen  15300/30000      elitist  3.8275044E+20 feasible? F
gen  15400/30000      elitist  3.8275044E+20 feasible? F
gen  15500/30000      elitist  3.8275044E+20 feasible? F
gen  15600/30000      elitist  3.8275044E+20 feasible? F
gen  15700/30000      elitist  3.8275044E+20 feasible? F
gen  15800/30000      elitist  3.8275044E+20 feasible? F
gen  15900/30000      elitist  3.8275044E+20 feasible? F
gen  16000/30000      elitist  3.8275044E+20 feasible? F
gen  16100/30000      elitist  3.8275044E+20 feasible? F
gen  16200/30000      elitist  3.8275044E+20 feasible? F
gen  16300/30000      elitist  3.8275044E+20 feasible? F
gen  16400/30000      elitist  3.8275044E+20 feasible? F
gen  16500/30000      elitist  3.8275044E+20 feasible? F
gen  16600/30000      elitist  3.8275044E+20 feasible? F
gen  16700/30000      elitist  3.8275044E+20 feasible? F
gen  16800/30000      elitist  3.8275044E+20 feasible? F
gen  16900/30000      elitist  3.8275044E+20 feasible? F
gen  17000/30000      elitist  3.8275044E+20 feasible? F
gen  17100/30000      elitist  3.8275044E+20 feasible? F
gen  17200/30000      elitist  3.8275044E+20 feasible? F
gen  17300/30000      elitist  3.8275044E+20 feasible? F
gen  17400/30000      elitist  3.8275044E+20 feasible? F
gen  17500/30000      elitist  3.8275044E+20 feasible? F
gen  17600/30000      elitist  3.8275044E+20 feasible? F
gen  17700/30000      elitist  3.8275044E+20 feasible? F
gen  17800/30000      elitist  3.8275044E+20 feasible? F
gen  17900/30000      elitist  3.8275044E+20 feasible? F
gen  18000/30000      elitist  3.8275044E+20 feasible? F
gen  18100/30000      elitist  3.8275044E+20 feasible? F
gen  18200/30000      elitist  3.8275044E+20 feasible? F
gen  18300/30000      elitist  3.8275044E+20 feasible? F
gen  18400/30000      elitist  3.8275044E+20 feasible? F
gen  18500/30000      elitist  3.8275044E+20 feasible? F
gen  18600/30000      elitist  3.8275044E+20 feasible? F
gen  18700/30000      elitist  3.8275044E+20 feasible? F
gen  18800/30000      elitist  3.8275044E+20 feasible? F
gen  18900/30000      elitist  3.8275044E+20 feasible? F
gen  19000/30000      elitist  3.8275044E+20 feasible? F
gen  19100/30000      elitist  3.8275044E+20 feasible? F
gen  19200/30000      elitist  3.8275044E+20 feasible? F
gen  19300/30000      elitist  3.8275044E+20 feasible? F
gen  19400/30000      elitist  3.8275044E+20 feasible? F
gen  19500/30000      elitist  3.8275044E+20 feasible? F
gen  19600/30000      elitist  3.8275044E+20 feasible? F
gen  19700/30000      elitist  3.8275044E+20 feasible? F
gen  19800/30000      elitist  3.8275044E+20 feasible? F
gen  19900/30000      elitist  3.8275044E+20 feasible? F
gen  20000/30000      elitist  3.8275044E+20 feasible? F
gen  20100/30000      elitist  3.8275044E+20 feasible? F
gen  20200/30000      elitist  3.8275044E+20 feasible? F
gen  20300/30000      elitist  3.8275044E+20 feasible? F
gen  20400/30000      elitist  3.8275044E+20 feasible? F
gen  20500/30000      elitist  3.8275044E+20 feasible? F
gen  20600/30000      elitist  3.8275044E+20 feasible? F
gen  20700/30000      elitist  3.8275044E+20 feasible? F
gen  20800/30000      elitist  3.8275044E+20 feasible? F
gen  20900/30000      elitist  3.8275044E+20 feasible? F
gen  21000/30000      elitist  3.8275044E+20 feasible? F
gen  21100/30000      elitist  3.8275044E+20 feasible? F
gen  21200/30000      elitist  3.8275044E+20 feasible? F
gen  21300/30000      elitist  3.8275044E+20 feasible? F
gen  21400/30000      elitist  3.8275044E+20 feasible? F
gen  21500/30000      elitist  3.8275044E+20 feasible? F
gen  21600/30000      elitist  3.8275044E+20 feasible? F
gen  21700/30000      elitist  3.8275044E+20 feasible? F
gen  21800/30000      elitist  3.8275044E+20 feasible? F
gen  21900/30000      elitist  3.8275044E+20 feasible? F
gen  22000/30000      elitist  3.8275044E+20 feasible? F
gen  22100/30000      elitist  3.8275044E+20 feasible? F
gen  22200/30000      elitist  3.8275044E+20 feasible? F
gen  22300/30000      elitist  3.8275044E+20 feasible? F
gen  22400/30000      elitist  3.8275044E+20 feasible? F
gen  22500/30000      elitist  3.8275044E+20 feasible? F
gen  22600/30000      elitist  3.8275044E+20 feasible? F
gen  22700/30000      elitist  3.8275044E+20 feasible? F
gen  22800/30000      elitist  3.8275044E+20 feasible? F
gen  22900/30000      elitist  3.8275044E+20 feasible? F
gen  23000/30000      elitist  3.8275044E+20 feasible? F
gen  23100/30000      elitist  3.8275044E+20 feasible? F
gen  23200/30000      elitist  3.8275044E+20 feasible? F
gen  23300/30000      elitist  3.8275044E+20 feasible? F
gen  23400/30000      elitist  3.8275044E+20 feasible? F
gen  23500/30000      elitist  3.8275044E+20 feasible? F
gen  23600/30000      elitist  3.8275044E+20 feasible? F
gen  23700/30000      elitist  3.8275044E+20 feasible? F
gen  23800/30000      elitist  3.8275044E+20 feasible? F
gen  23900/30000      elitist  3.8275044E+20 feasible? F
gen  24000/30000      elitist  3.8275044E+20 feasible? F
gen  24100/30000      elitist  3.8275044E+20 feasible? F
gen  24200/30000      elitist  3.8275044E+20 feasible? F
gen  24300/30000      elitist  3.8275044E+20 feasible? F
gen  24400/30000      elitist  3.8275044E+20 feasible? F
gen  24500/30000      elitist  3.8275044E+20 feasible? F
gen  24600/30000      elitist  3.8275044E+20 feasible? F
gen  24700/30000      elitist  3.8275044E+20 feasible? F
gen  24800/30000      elitist  3.8275044E+20 feasible? F
gen  24900/30000      elitist  3.8275044E+20 feasible? F
gen  25000/30000      elitist  3.8275044E+20 feasible? F
gen  25100/30000      elitist  3.8275044E+20 feasible? F
gen  25200/30000      elitist  3.8275044E+20 feasible? F
gen  25300/30000      elitist  3.8275044E+20 feasible? F
gen  25400/30000      elitist  3.8275044E+20 feasible? F
gen  25500/30000      elitist  3.8275044E+20 feasible? F
gen  25600/30000      elitist  3.8275044E+20 feasible? F
gen  25700/30000      elitist  3.8275044E+20 feasible? F
gen  25800/30000      elitist  3.8275044E+20 feasible? F
gen  25900/30000      elitist  3.8275044E+20 feasible? F
gen  26000/30000      elitist  3.8275044E+20 feasible? F
gen  26100/30000      elitist  3.8275044E+20 feasible? F
gen  26200/30000      elitist  3.8275044E+20 feasible? F
gen  26300/30000      elitist  3.8275044E+20 feasible? F
gen  26400/30000      elitist  3.8275044E+20 feasible? F
gen  26500/30000      elitist  3.8275044E+20 feasible? F
gen  26600/30000      elitist  3.8275044E+20 feasible? F
gen  26700/30000      elitist  3.8275044E+20 feasible? F
gen  26800/30000      elitist  3.8275044E+20 feasible? F
gen  26900/30000      elitist  3.8275044E+20 feasible? F
gen  27000/30000      elitist  3.8275044E+20 feasible? F
gen  27100/30000      elitist  3.8275044E+20 feasible? F
gen  27200/30000      elitist  3.8275044E+20 feasible? F
gen  27300/30000      elitist  3.8275044E+20 feasible? F
gen  27400/30000      elitist  3.8275044E+20 feasible? F
gen  27500/30000      elitist  3.8275044E+20 feasible? F
gen  27600/30000      elitist  3.8275044E+20 feasible? F
gen  27700/30000      elitist  3.8275044E+20 feasible? F
gen  27800/30000      elitist  3.8275044E+20 feasible? F
gen  27900/30000      elitist  3.8275044E+20 feasible? F
gen  28000/30000      elitist  3.8275044E+20 feasible? F
gen  28100/30000      elitist  3.8275044E+20 feasible? F
gen  28200/30000      elitist  3.8275044E+20 feasible? F
gen  28300/30000      elitist  3.8275044E+20 feasible? F
gen  28400/30000      elitist  3.8275044E+20 feasible? F
gen  28500/30000      elitist  3.8275044E+20 feasible? F
gen  28600/30000      elitist  3.8275044E+20 feasible? F
gen  28700/30000      elitist  3.8275044E+20 feasible? F
gen  28800/30000      elitist  3.8275044E+20 feasible? F
gen  28900/30000      elitist  3.8275044E+20 feasible? F
gen  29000/30000      elitist  3.8275044E+20 feasible? F
gen  29100/30000      elitist  3.8275044E+20 feasible? F
gen  29200/30000      elitist  3.8275044E+20 feasible? F
gen  29300/30000      elitist  3.8275044E+20 feasible? F
gen  29400/30000      elitist  3.8275044E+20 feasible? F
gen  29500/30000      elitist  3.8275044E+20 feasible? F
gen  29600/30000      elitist  3.8275044E+20 feasible? F
gen  29700/30000      elitist  3.8275044E+20 feasible? F
gen  29800/30000      elitist  3.8275044E+20 feasible? F
gen  29900/30000      elitist  3.8275044E+20 feasible? F
gen  30000/30000      elitist  3.8275044E+20 feasible? F
WARNING: No feasible solution was found!
Starting local simplex optimization:
Solution before refinement:      3.8275044157E+20
Solution after  refinement:      3.8275044157E+20
RMSE         3.827504416E+20 Hartree

Best found solution for 15 charges:
        RMSE         2.401793468E+23 kcal/mol
         MAE         7.812847873E-01 kcal/mol
     max. AE         1.297552584E+01 kcal/mol
WARNING, SOLUTION IS NOT FEASIBLE!

       x[bohr]       y[bohr]       z[bohr]          q[e]
    -2.1740964     2.7597939     0.2267010    -0.2650547
    -0.1402329     2.2358535    -0.7201816     0.0528772
     4.8871043     0.3670544    -0.2514840    -0.3925785
    -3.1921326     2.8635904     0.3767561     0.7313673
    -3.5642441     2.5961984     0.0467041    -0.3687184
    -3.0716688     3.0259797     0.0287356    -0.8695052
    -3.6213653     2.9275320    -0.2366033     0.6219156
    -1.4882002     6.1063834     0.0398027     0.0846225
    -0.7373249    -1.4496560     0.8512879    -0.0537158
     3.3884151     3.4585372    -0.0047752    -0.4892480
     3.7834985     3.5420613    -0.0230550     0.7983295
     2.6450880     3.9817921    -0.0007067     0.4204912
     3.4455003     3.5888482    -0.0164375    -0.6310375
     4.4950199    -1.3887112     0.0151941     0.1888549
     6.6748681     0.8198280    -0.3623260     0.1713999

