Running in fitting mode

Reading "/data/boittier/gaussian_scans/bromobutadiene/scan_extract_0.xyz.chk.fchk.pot.cube"...

  opt Potential
  Electrostatic potential from Total SCF Density
   10  -10.982195  -11.443988   -9.769128
   84    0.265911    0.000000    0.000000
   82    0.000000    0.265911    0.000000
   74    0.000000    0.000000    0.265911
    6    6.000000   -1.673952    3.606648    0.000000
    6    6.000000    0.000000    1.721109    0.000000
    6    6.000000    2.723878    2.103773    0.000000
    6    6.000000    4.508290    0.324643    0.000000
    1    1.000000   -3.687195    3.287689    0.000000
    1    1.000000   -0.999128    5.537939    0.000000
   35   35.000000   -1.213067   -1.674860    0.000000
    1    1.000000    3.266739    4.081797    0.000000
    1    1.000000    4.043439   -1.663450    0.000000
    1    1.000000    6.484203    0.839077    0.000000
 -4.50402E-03 -4.51053E-03 -4.51179E-03 -4.50778E-03 -4.37950E-03 -4.39021E-03
       .            .            .            .            .            .
       .            .            .            .            .            .
       .            .            .            .            .            .
  7.70629E-03  7.78523E-03  7.80058E-03  7.75172E-03  7.64058E-03  7.47148E-03

132359 out of 509712 gridpoints are considered ( 26.0%).

...done!




USING GREEDY MODE
File "multipole1_1charges.xyz" already exists. Fitting procedure is skipped.
File "multipole1_2charges.xyz" already exists. Fitting procedure is skipped.
File "multipole1_3charges.xyz" already exists. Fitting procedure is skipped.
File "multipole1_4charges.xyz" already exists. Fitting procedure is skipped.
File "multipole2_1charges.xyz" already exists. Fitting procedure is skipped.
File "multipole2_2charges.xyz" already exists. Fitting procedure is skipped.
File "multipole2_3charges.xyz" already exists. Fitting procedure is skipped.
File "multipole2_4charges.xyz" already exists. Fitting procedure is skipped.
File "multipole3_1charges.xyz" already exists. Fitting procedure is skipped.
File "multipole3_2charges.xyz" already exists. Fitting procedure is skipped.
File "multipole3_3charges.xyz" already exists. Fitting procedure is skipped.
File "multipole3_4charges.xyz" already exists. Fitting procedure is skipped.
File "multipole4_1charges.xyz" already exists. Fitting procedure is skipped.
File "multipole4_2charges.xyz" already exists. Fitting procedure is skipped.
File "multipole4_3charges.xyz" already exists. Fitting procedure is skipped.
File "multipole4_4charges.xyz" already exists. Fitting procedure is skipped.
File "multipole5_1charges.xyz" already exists. Fitting procedure is skipped.
File "multipole5_2charges.xyz" already exists. Fitting procedure is skipped.
File "multipole5_3charges.xyz" already exists. Fitting procedure is skipped.
File "multipole5_4charges.xyz" already exists. Fitting procedure is skipped.
File "multipole6_1charges.xyz" already exists. Fitting procedure is skipped.
File "multipole6_2charges.xyz" already exists. Fitting procedure is skipped.
File "multipole6_3charges.xyz" already exists. Fitting procedure is skipped.
File "multipole6_4charges.xyz" already exists. Fitting procedure is skipped.
File "multipole7_1charges.xyz" already exists. Fitting procedure is skipped.
File "multipole7_2charges.xyz" already exists. Fitting procedure is skipped.
File "multipole7_3charges.xyz" already exists. Fitting procedure is skipped.
File "multipole7_4charges.xyz" already exists. Fitting procedure is skipped.
File "multipole8_1charges.xyz" already exists. Fitting procedure is skipped.
File "multipole8_2charges.xyz" already exists. Fitting procedure is skipped.
File "multipole8_3charges.xyz" already exists. Fitting procedure is skipped.
File "multipole8_4charges.xyz" already exists. Fitting procedure is skipped.
File "multipole9_1charges.xyz" already exists. Fitting procedure is skipped.
File "multipole9_2charges.xyz" already exists. Fitting procedure is skipped.
File "multipole9_3charges.xyz" already exists. Fitting procedure is skipped.
File "multipole9_4charges.xyz" already exists. Fitting procedure is skipped.
File "multipole10_1charges.xyz" already exists. Fitting procedure is skipped.
File "multipole10_2charges.xyz" already exists. Fitting procedure is skipped.
File "multipole10_3charges.xyz" already exists. Fitting procedure is skipped.
File "multipole10_4charges.xyz" already exists. Fitting procedure is skipped.
Total fragment charge (a.u.):         1.040834086E-16
Running DE in parallel with 4 thread(s)!

Starting fitting procedure for 16 charges, trial 1
gen      0/32000      elitist  2.6053729E-02 feasible? F
gen    100/32000      elitist  2.5576009E-02 feasible? F
gen    200/32000      elitist  1.3867916E-02 feasible? T
gen    300/32000      elitist  1.1782688E-02 feasible? T
gen    400/32000      elitist  8.0604790E-03 feasible? T
gen    500/32000      elitist  4.6318973E-03 feasible? T
gen    600/32000      elitist  4.0688385E-03 feasible? T
gen    700/32000      elitist  3.5685525E-03 feasible? T
gen    800/32000      elitist  2.8313270E-03 feasible? T
gen    900/32000      elitist  2.7015735E-03 feasible? T
gen   1000/32000      elitist  2.5293973E-03 feasible? T
gen   1100/32000      elitist  2.3962256E-03 feasible? T
gen   1200/32000      elitist  2.3404138E-03 feasible? T
gen   1300/32000      elitist  2.3262036E-03 feasible? T
gen   1400/32000      elitist  2.2107292E-03 feasible? T
gen   1500/32000      elitist  2.1558225E-03 feasible? T
gen   1600/32000      elitist  2.1086865E-03 feasible? T
gen   1700/32000      elitist  2.0784193E-03 feasible? T
gen   1800/32000      elitist  2.0611533E-03 feasible? T
gen   1900/32000      elitist  2.0436260E-03 feasible? T
gen   2000/32000      elitist  2.0213737E-03 feasible? T
gen   2100/32000      elitist  2.0069720E-03 feasible? T
gen   2200/32000      elitist  2.0044911E-03 feasible? T
gen   2300/32000      elitist  1.9844469E-03 feasible? T
gen   2400/32000      elitist  1.9551990E-03 feasible? T
gen   2500/32000      elitist  1.9472059E-03 feasible? T
gen   2600/32000      elitist  1.9387410E-03 feasible? T
gen   2700/32000      elitist  1.9362679E-03 feasible? T
gen   2800/32000      elitist  1.9360521E-03 feasible? T
gen   2900/32000      elitist  1.9329060E-03 feasible? T
gen   3000/32000      elitist  1.9324928E-03 feasible? T
gen   3100/32000      elitist  1.9308538E-03 feasible? T
gen   3200/32000      elitist  1.9250297E-03 feasible? T
gen   3300/32000      elitist  1.9190947E-03 feasible? T
gen   3400/32000      elitist  1.8927247E-03 feasible? T
gen   3500/32000      elitist  1.8703033E-03 feasible? T
gen   3600/32000      elitist  1.8576684E-03 feasible? T
gen   3700/32000      elitist  1.8509399E-03 feasible? T
gen   3800/32000      elitist  1.8468258E-03 feasible? T
gen   3900/32000      elitist  1.8435926E-03 feasible? T
gen   4000/32000      elitist  1.8407584E-03 feasible? T
gen   4100/32000      elitist  1.8375195E-03 feasible? T
gen   4200/32000      elitist  1.8374428E-03 feasible? T
gen   4300/32000      elitist  1.8368588E-03 feasible? T
gen   4400/32000      elitist  1.8367562E-03 feasible? T
gen   4500/32000      elitist  1.8366337E-03 feasible? T
gen   4600/32000      elitist  1.8365986E-03 feasible? T
gen   4700/32000      elitist  1.8365082E-03 feasible? T
gen   4800/32000      elitist  1.8349728E-03 feasible? T
gen   4900/32000      elitist  1.8334485E-03 feasible? T
gen   5000/32000      elitist  1.8318066E-03 feasible? T
gen   5100/32000      elitist  1.8310864E-03 feasible? T
gen   5200/32000      elitist  1.8307757E-03 feasible? T
gen   5300/32000      elitist  1.8304200E-03 feasible? T
gen   5400/32000      elitist  1.8278646E-03 feasible? T
gen   5500/32000      elitist  1.8265812E-03 feasible? T
gen   5600/32000      elitist  1.8251181E-03 feasible? T
gen   5700/32000      elitist  1.8247839E-03 feasible? T
gen   5800/32000      elitist  1.8238269E-03 feasible? T
gen   5900/32000      elitist  1.8230674E-03 feasible? T
gen   6000/32000      elitist  1.8225665E-03 feasible? T
gen   6100/32000      elitist  1.8221313E-03 feasible? T
gen   6200/32000      elitist  1.8217634E-03 feasible? T
gen   6300/32000      elitist  1.8213663E-03 feasible? T
gen   6400/32000      elitist  1.8210600E-03 feasible? T
gen   6500/32000      elitist  1.8206146E-03 feasible? T
gen   6600/32000      elitist  1.8201939E-03 feasible? T
gen   6700/32000      elitist  1.8199557E-03 feasible? T
gen   6800/32000      elitist  1.8198699E-03 feasible? T
gen   6900/32000      elitist  1.8195221E-03 feasible? T
gen   7000/32000      elitist  1.8194345E-03 feasible? T
gen   7100/32000      elitist  1.8194129E-03 feasible? T
gen   7200/32000      elitist  1.8193111E-03 feasible? T
gen   7300/32000      elitist  1.8192048E-03 feasible? T
gen   7400/32000      elitist  1.8191313E-03 feasible? T
gen   7500/32000      elitist  1.8191086E-03 feasible? T
gen   7600/32000      elitist  1.8191009E-03 feasible? T
gen   7700/32000      elitist  1.8190899E-03 feasible? T
gen   7800/32000      elitist  1.8190552E-03 feasible? T
gen   7900/32000      elitist  1.8190508E-03 feasible? T
gen   8000/32000      elitist  1.8190436E-03 feasible? T
gen   8100/32000      elitist  1.8190395E-03 feasible? T
gen   8200/32000      elitist  1.8190368E-03 feasible? T
gen   8300/32000      elitist  1.8190300E-03 feasible? T
gen   8400/32000      elitist  1.8190280E-03 feasible? T
gen   8500/32000      elitist  1.8190268E-03 feasible? T
gen   8600/32000      elitist  1.8190259E-03 feasible? T
gen   8700/32000      elitist  1.8190247E-03 feasible? T
gen   8800/32000      elitist  1.8189931E-03 feasible? T
gen   8900/32000      elitist  1.8189702E-03 feasible? T
gen   9000/32000      elitist  1.8189560E-03 feasible? T
gen   9100/32000      elitist  1.8189434E-03 feasible? T
gen   9200/32000      elitist  1.8189307E-03 feasible? T
gen   9300/32000      elitist  1.8189094E-03 feasible? T
gen   9400/32000      elitist  1.8188975E-03 feasible? T
gen   9500/32000      elitist  1.8188899E-03 feasible? T
gen   9600/32000      elitist  1.8188863E-03 feasible? T
gen   9700/32000      elitist  1.8188831E-03 feasible? T
gen   9800/32000      elitist  1.8188817E-03 feasible? T
gen   9900/32000      elitist  1.8188793E-03 feasible? T
gen  10000/32000      elitist  1.8188731E-03 feasible? T
gen  10100/32000      elitist  1.8188697E-03 feasible? T
gen  10200/32000      elitist  1.8188668E-03 feasible? T
gen  10300/32000      elitist  1.8188656E-03 feasible? T
gen  10400/32000      elitist  1.8188639E-03 feasible? T
gen  10500/32000      elitist  1.8188633E-03 feasible? T
gen  10600/32000      elitist  1.8188589E-03 feasible? T
gen  10700/32000      elitist  1.8188569E-03 feasible? T
gen  10800/32000      elitist  1.8188552E-03 feasible? T
gen  10900/32000      elitist  1.8188539E-03 feasible? T
gen  11000/32000      elitist  1.8188530E-03 feasible? T
gen  11100/32000      elitist  1.8188513E-03 feasible? T
gen  11200/32000      elitist  1.8188506E-03 feasible? T
gen  11300/32000      elitist  1.8188504E-03 feasible? T
gen  11400/32000      elitist  1.8188499E-03 feasible? T
gen  11500/32000      elitist  1.8188498E-03 feasible? T
gen  11600/32000      elitist  1.8188495E-03 feasible? T
gen  11700/32000      elitist  1.8188494E-03 feasible? T
gen  11800/32000      elitist  1.8188492E-03 feasible? T
gen  11900/32000      elitist  1.8188491E-03 feasible? T
gen  12000/32000      elitist  1.8188480E-03 feasible? T
gen  12100/32000      elitist  1.8188470E-03 feasible? T
gen  12200/32000      elitist  1.8188467E-03 feasible? T
gen  12300/32000      elitist  1.8188454E-03 feasible? T
gen  12400/32000      elitist  1.8188448E-03 feasible? T
gen  12500/32000      elitist  1.8188446E-03 feasible? T
gen  12600/32000      elitist  1.8188444E-03 feasible? T
gen  12700/32000      elitist  1.8188443E-03 feasible? T
gen  12800/32000      elitist  1.8188440E-03 feasible? T
gen  12900/32000      elitist  1.8188437E-03 feasible? T
gen  13000/32000      elitist  1.8188434E-03 feasible? T
gen  13100/32000      elitist  1.8188430E-03 feasible? T
gen  13200/32000      elitist  1.8188423E-03 feasible? T
gen  13300/32000      elitist  1.8188419E-03 feasible? T
gen  13400/32000      elitist  1.8188411E-03 feasible? T
gen  13500/32000      elitist  1.8188406E-03 feasible? T
gen  13600/32000      elitist  1.8188404E-03 feasible? T
gen  13700/32000      elitist  1.8188400E-03 feasible? T
gen  13800/32000      elitist  1.8188389E-03 feasible? T
gen  13900/32000      elitist  1.8188371E-03 feasible? T
gen  14000/32000      elitist  1.8188357E-03 feasible? T
gen  14100/32000      elitist  1.8188141E-03 feasible? T
gen  14200/32000      elitist  1.8187109E-03 feasible? T
gen  14300/32000      elitist  1.8165701E-03 feasible? T
gen  14400/32000      elitist  1.8120656E-03 feasible? T
gen  14500/32000      elitist  1.8104309E-03 feasible? T
gen  14600/32000      elitist  1.8102431E-03 feasible? T
gen  14700/32000      elitist  1.8099998E-03 feasible? T
gen  14800/32000      elitist  1.8098891E-03 feasible? T
gen  14900/32000      elitist  1.8098079E-03 feasible? T
gen  15000/32000      elitist  1.8087723E-03 feasible? T
gen  15100/32000      elitist  1.8085116E-03 feasible? T
gen  15200/32000      elitist  1.8084457E-03 feasible? T
gen  15300/32000      elitist  1.8083669E-03 feasible? T
gen  15400/32000      elitist  1.8082631E-03 feasible? T
gen  15500/32000      elitist  1.8082400E-03 feasible? T
gen  15600/32000      elitist  1.8081961E-03 feasible? T
gen  15700/32000      elitist  1.8080476E-03 feasible? T
gen  15800/32000      elitist  1.8060386E-03 feasible? T
gen  15900/32000      elitist  1.8054599E-03 feasible? T
gen  16000/32000      elitist  1.8052483E-03 feasible? T
gen  16100/32000      elitist  1.8047523E-03 feasible? T
gen  16200/32000      elitist  1.8042439E-03 feasible? T
gen  16300/32000      elitist  1.8039549E-03 feasible? T
gen  16400/32000      elitist  1.8038458E-03 feasible? T
gen  16500/32000      elitist  1.8037511E-03 feasible? T
gen  16600/32000      elitist  1.8037346E-03 feasible? T
gen  16700/32000      elitist  1.8034161E-03 feasible? T
gen  16800/32000      elitist  1.8033129E-03 feasible? T
gen  16900/32000      elitist  1.8032278E-03 feasible? T
gen  17000/32000      elitist  1.8031990E-03 feasible? T
gen  17100/32000      elitist  1.8031816E-03 feasible? T
gen  17200/32000      elitist  1.8031772E-03 feasible? T
gen  17300/32000      elitist  1.8031746E-03 feasible? T
gen  17400/32000      elitist  1.8031692E-03 feasible? T
gen  17500/32000      elitist  1.8031664E-03 feasible? T
gen  17600/32000      elitist  1.8031570E-03 feasible? T
gen  17700/32000      elitist  1.8031495E-03 feasible? T
gen  17800/32000      elitist  1.8031401E-03 feasible? T
gen  17900/32000      elitist  1.8031161E-03 feasible? T
gen  18000/32000      elitist  1.8031116E-03 feasible? T
gen  18100/32000      elitist  1.8030982E-03 feasible? T
gen  18200/32000      elitist  1.8030951E-03 feasible? T
gen  18300/32000      elitist  1.8030937E-03 feasible? T
gen  18400/32000      elitist  1.8030931E-03 feasible? T
gen  18500/32000      elitist  1.8030930E-03 feasible? T
gen  18600/32000      elitist  1.8030920E-03 feasible? T
gen  18700/32000      elitist  1.8030913E-03 feasible? T
gen  18800/32000      elitist  1.8030902E-03 feasible? T
gen  18900/32000      elitist  1.8030881E-03 feasible? T
gen  19000/32000      elitist  1.8030870E-03 feasible? T
gen  19100/32000      elitist  1.8030857E-03 feasible? T
gen  19200/32000      elitist  1.8030846E-03 feasible? T
gen  19300/32000      elitist  1.8030835E-03 feasible? T
gen  19400/32000      elitist  1.8030819E-03 feasible? T
gen  19500/32000      elitist  1.8030813E-03 feasible? T
gen  19600/32000      elitist  1.8030805E-03 feasible? T
gen  19700/32000      elitist  1.8030782E-03 feasible? T
gen  19800/32000      elitist  1.8030737E-03 feasible? T
gen  19900/32000      elitist  1.8030692E-03 feasible? T
gen  20000/32000      elitist  1.8030656E-03 feasible? T
gen  20100/32000      elitist  1.8030549E-03 feasible? T
gen  20200/32000      elitist  1.8030407E-03 feasible? T
gen  20300/32000      elitist  1.8030323E-03 feasible? T
gen  20400/32000      elitist  1.8030285E-03 feasible? T
gen  20500/32000      elitist  1.8030257E-03 feasible? T
gen  20600/32000      elitist  1.8030228E-03 feasible? T
gen  20700/32000      elitist  1.8030217E-03 feasible? T
gen  20800/32000      elitist  1.8030209E-03 feasible? T
gen  20900/32000      elitist  1.8030202E-03 feasible? T
gen  21000/32000      elitist  1.8030168E-03 feasible? T
gen  21100/32000      elitist  1.8030160E-03 feasible? T
gen  21200/32000      elitist  1.8030147E-03 feasible? T
gen  21300/32000      elitist  1.8030140E-03 feasible? T
gen  21400/32000      elitist  1.8030127E-03 feasible? T
gen  21500/32000      elitist  1.8030121E-03 feasible? T
gen  21600/32000      elitist  1.8030112E-03 feasible? T
gen  21700/32000      elitist  1.8030088E-03 feasible? T
gen  21800/32000      elitist  1.8030063E-03 feasible? T
gen  21900/32000      elitist  1.8029991E-03 feasible? T
gen  22000/32000      elitist  1.8029818E-03 feasible? T
gen  22100/32000      elitist  1.8029751E-03 feasible? T
gen  22200/32000      elitist  1.8029340E-03 feasible? T
gen  22300/32000      elitist  1.8027601E-03 feasible? T
gen  22400/32000      elitist  1.7979622E-03 feasible? T
gen  22500/32000      elitist  1.7883374E-03 feasible? T
gen  22600/32000      elitist  1.7727852E-03 feasible? T
gen  22700/32000      elitist  1.7656651E-03 feasible? T
gen  22800/32000      elitist  1.7605179E-03 feasible? T
gen  22900/32000      elitist  1.7292867E-03 feasible? T
gen  23000/32000      elitist  1.7196209E-03 feasible? T
gen  23100/32000      elitist  1.7179827E-03 feasible? T
gen  23200/32000      elitist  1.7165303E-03 feasible? T
gen  23300/32000      elitist  1.7158587E-03 feasible? T
gen  23400/32000      elitist  1.7156650E-03 feasible? T
gen  23500/32000      elitist  1.7152755E-03 feasible? T
gen  23600/32000      elitist  1.7134648E-03 feasible? T
gen  23700/32000      elitist  1.7129713E-03 feasible? T
gen  23800/32000      elitist  1.7121406E-03 feasible? T
gen  23900/32000      elitist  1.7119826E-03 feasible? T
gen  24000/32000      elitist  1.7118669E-03 feasible? T
gen  24100/32000      elitist  1.7118401E-03 feasible? T
gen  24200/32000      elitist  1.7118056E-03 feasible? T
gen  24300/32000      elitist  1.7117933E-03 feasible? T
gen  24400/32000      elitist  1.7117866E-03 feasible? T
gen  24500/32000      elitist  1.7117840E-03 feasible? T
gen  24600/32000      elitist  1.7117753E-03 feasible? T
gen  24700/32000      elitist  1.7117729E-03 feasible? T
gen  24800/32000      elitist  1.7117666E-03 feasible? T
gen  24900/32000      elitist  1.7117539E-03 feasible? T
gen  25000/32000      elitist  1.7117266E-03 feasible? T
gen  25100/32000      elitist  1.7117126E-03 feasible? T
gen  25200/32000      elitist  1.7117045E-03 feasible? T
gen  25300/32000      elitist  1.7098664E-03 feasible? T
gen  25400/32000      elitist  1.7072050E-03 feasible? T
gen  25500/32000      elitist  1.7055900E-03 feasible? T
gen  25600/32000      elitist  1.7040780E-03 feasible? T
gen  25700/32000      elitist  1.7018892E-03 feasible? T
gen  25800/32000      elitist  1.7011961E-03 feasible? T
gen  25900/32000      elitist  1.7009009E-03 feasible? T
gen  26000/32000      elitist  1.7007514E-03 feasible? T
gen  26100/32000      elitist  1.7005679E-03 feasible? T
gen  26200/32000      elitist  1.7004421E-03 feasible? T
gen  26300/32000      elitist  1.7003906E-03 feasible? T
gen  26400/32000      elitist  1.7003834E-03 feasible? T
gen  26500/32000      elitist  1.7003785E-03 feasible? T
gen  26600/32000      elitist  1.7003769E-03 feasible? T
gen  26700/32000      elitist  1.7003761E-03 feasible? T
gen  26800/32000      elitist  1.7003687E-03 feasible? T
gen  26900/32000      elitist  1.7003537E-03 feasible? T
gen  27000/32000      elitist  1.7003469E-03 feasible? T
gen  27100/32000      elitist  1.7003447E-03 feasible? T
gen  27200/32000      elitist  1.7003436E-03 feasible? T
gen  27300/32000      elitist  1.7003435E-03 feasible? T
gen  27400/32000      elitist  1.7003421E-03 feasible? T
gen  27500/32000      elitist  1.7003415E-03 feasible? T
gen  27600/32000      elitist  1.7003412E-03 feasible? T
gen  27700/32000      elitist  1.7003407E-03 feasible? T
gen  27800/32000      elitist  1.7003405E-03 feasible? T
gen  27900/32000      elitist  1.7003402E-03 feasible? T
gen  28000/32000      elitist  1.7003399E-03 feasible? T
gen  28100/32000      elitist  1.7003395E-03 feasible? T
gen  28200/32000      elitist  1.7003034E-03 feasible? T
gen  28300/32000      elitist  1.6993452E-03 feasible? T
gen  28400/32000      elitist  1.6990858E-03 feasible? T
gen  28500/32000      elitist  1.6990264E-03 feasible? T
gen  28600/32000      elitist  1.6988362E-03 feasible? T
gen  28700/32000      elitist  1.6987484E-03 feasible? T
gen  28800/32000      elitist  1.6983801E-03 feasible? T
gen  28900/32000      elitist  1.6983281E-03 feasible? T
gen  29000/32000      elitist  1.6982412E-03 feasible? T
gen  29100/32000      elitist  1.6982214E-03 feasible? T
gen  29200/32000      elitist  1.6981913E-03 feasible? T
gen  29300/32000      elitist  1.6980838E-03 feasible? T
gen  29400/32000      elitist  1.6980634E-03 feasible? T
gen  29500/32000      elitist  1.6980483E-03 feasible? T
gen  29600/32000      elitist  1.6980420E-03 feasible? T
gen  29700/32000      elitist  1.6980335E-03 feasible? T
gen  29800/32000      elitist  1.6980279E-03 feasible? T
gen  29900/32000      elitist  1.6980163E-03 feasible? T
gen  30000/32000      elitist  1.6980084E-03 feasible? T
gen  30100/32000      elitist  1.6980017E-03 feasible? T
gen  30200/32000      elitist  1.6979997E-03 feasible? T
gen  30300/32000      elitist  1.6979981E-03 feasible? T
gen  30400/32000      elitist  1.6979879E-03 feasible? T
gen  30500/32000      elitist  1.6979681E-03 feasible? T
gen  30600/32000      elitist  1.6979346E-03 feasible? T
gen  30700/32000      elitist  1.6978227E-03 feasible? T
gen  30800/32000      elitist  1.6977401E-03 feasible? T
gen  30900/32000      elitist  1.6976927E-03 feasible? T
gen  31000/32000      elitist  1.6976818E-03 feasible? T
gen  31100/32000      elitist  1.6976732E-03 feasible? T
gen  31200/32000      elitist  1.6976713E-03 feasible? T
gen  31300/32000      elitist  1.6976619E-03 feasible? T
gen  31400/32000      elitist  1.6976523E-03 feasible? T
gen  31500/32000      elitist  1.6976449E-03 feasible? T
gen  31600/32000      elitist  1.6976400E-03 feasible? T
gen  31700/32000      elitist  1.6976319E-03 feasible? T
gen  31800/32000      elitist  1.6976302E-03 feasible? T
gen  31900/32000      elitist  1.6976176E-03 feasible? T
gen  32000/32000      elitist  1.6976083E-03 feasible? T
Starting local simplex optimization:
Solution before refinement:      1.6976083426E-03
 performing expansion, best =    1.6975741488326234E-003
 performing expansion, best =    1.6975229458948999E-003
 performing expansion, best =    1.6964505106879181E-003
 performing expansion, best =    1.6945139081046489E-003
 performing expansion, best =    1.6943123332023551E-003
 performing expansion, best =    1.6939282842411644E-003
 performing expansion, best =    1.6937834375851477E-003
 performing expansion, best =    1.6932460479325653E-003
 performing expansion, best =    1.6929704563942618E-003
 performing expansion, best =    1.6928400716850784E-003
 performing expansion, best =    1.6925085969303319E-003
 performing expansion, best =    1.6924880521881820E-003
 performing expansion, best =    1.6922622243703272E-003
 performing expansion, best =    1.6919967276902846E-003
 performing expansion, best =    1.6918377494705235E-003
 performing expansion, best =    1.6916864978285867E-003
 performing expansion, best =    1.6913373577378389E-003
 performing expansion, best =    1.6912565092992544E-003
 performing expansion, best =    1.6911884602415612E-003
 performing expansion, best =    1.6910576753612818E-003
 performing expansion, best =    1.6910340378627530E-003
 performing expansion, best =    1.6908492533902345E-003
 performing expansion, best =    1.6907593140030159E-003
 performing expansion, best =    1.6907515462974967E-003
 performing expansion, best =    1.6906901094498553E-003
 performing expansion, best =    1.6906705521544099E-003
 performing expansion, best =    1.6905723891449381E-003
 performing expansion, best =    1.6905662567574108E-003
 performing expansion, best =    1.6904365982937691E-003
 performing expansion, best =    1.6904362972457653E-003
 performing expansion, best =    1.6903928391469581E-003
 performing expansion, best =    1.6903513422232975E-003
 performing expansion, best =    1.6902286206769259E-003
 performing expansion, best =    1.6902103221789430E-003
 performing expansion, best =    1.6896816914062185E-003
 performing expansion, best =    1.6896561882745245E-003
 performing expansion, best =    1.6893448380730632E-003
 performing expansion, best =    1.6888172508153585E-003
 performing expansion, best =    1.6881861232460023E-003
 performing expansion, best =    1.6876691712908512E-003
 performing expansion, best =    1.6873347270897684E-003
 performing expansion, best =    1.6867635406558295E-003
 performing expansion, best =    1.6867148345788656E-003
 performing expansion, best =    1.6862966774799600E-003
 performing expansion, best =    1.6862421935655476E-003
 performing expansion, best =    1.6857248251888183E-003
 performing expansion, best =    1.6856329766219218E-003
 performing expansion, best =    1.6849676649059572E-003
 performing expansion, best =    1.6843507873649380E-003
 performing expansion, best =    1.6837988674328344E-003
 performing expansion, best =    1.6837873969713394E-003
 performing expansion, best =    1.6832918197244890E-003
 performing expansion, best =    1.6832745128670494E-003
 performing expansion, best =    1.6832156688093808E-003
 performing expansion, best =    1.6828392184034195E-003
 performing expansion, best =    1.6828220397320938E-003
 performing expansion, best =    1.6824470382966691E-003
 performing expansion, best =    1.6824247076010854E-003
 performing expansion, best =    1.6820020183009867E-003
 performing expansion, best =    1.6815846089447098E-003
 performing expansion, best =    1.6810635340254701E-003
 performing expansion, best =    1.6806335279072942E-003
 performing expansion, best =    1.6800635093353984E-003
 performing expansion, best =    1.6796333371654282E-003
 performing expansion, best =    1.6795130781013415E-003
 performing expansion, best =    1.6788995872858970E-003
 performing expansion, best =    1.6782641935493483E-003
 performing expansion, best =    1.6775256080194842E-003
 performing expansion, best =    1.6769929656603579E-003
 performing expansion, best =    1.6768966566025831E-003
 performing expansion, best =    1.6768403726111999E-003
 performing expansion, best =    1.6764007140195316E-003
 performing expansion, best =    1.6757106409416224E-003
 performing expansion, best =    1.6755889429316243E-003
 performing expansion, best =    1.6751151994773015E-003
 performing expansion, best =    1.6743273216515131E-003
 performing expansion, best =    1.6737312874661940E-003
 performing expansion, best =    1.6732380783745532E-003
 performing expansion, best =    1.6726202787445943E-003
 performing expansion, best =    1.6721541368877918E-003
 performing expansion, best =    1.6715255697938760E-003
 performing expansion, best =    1.6711408010339104E-003
 performing expansion, best =    1.6706303856402125E-003
 performing expansion, best =    1.6701938571055384E-003
 performing expansion, best =    1.6699338058283680E-003
 performing expansion, best =    1.6695982354040071E-003
 performing expansion, best =    1.6692897255154884E-003
 performing expansion, best =    1.6689197450041506E-003
 performing expansion, best =    1.6688649593015060E-003
 performing expansion, best =    1.6688026584476226E-003
 performing expansion, best =    1.6687982365399011E-003
 performing expansion, best =    1.6687872312049008E-003
 performing expansion, best =    1.6687684667242028E-003
 performing expansion, best =    1.6687419700561730E-003
 performing expansion, best =    1.6686984409931475E-003
 performing expansion, best =    1.6686690715200108E-003
 performing expansion, best =    1.6686425048654343E-003
 performing expansion, best =    1.6686163982269442E-003
 performing expansion, best =    1.6685542236895461E-003
 performing expansion, best =    1.6685421745340676E-003
 performing expansion, best =    1.6685053480243912E-003
 performing expansion, best =    1.6684313625090911E-003
 performing expansion, best =    1.6683934834284247E-003
 performing expansion, best =    1.6683827894246510E-003
 performing expansion, best =    1.6680804441770334E-003
 performing expansion, best =    1.6680276658369549E-003
 performing expansion, best =    1.6680062173679642E-003
 performing expansion, best =    1.6679832770297030E-003
 performing expansion, best =    1.6679333861376580E-003
 performing expansion, best =    1.6679247982870427E-003
 performing expansion, best =    1.6678915269718552E-003
 performing expansion, best =    1.6678492327035996E-003
 performing expansion, best =    1.6678454064915325E-003
 performing expansion, best =    1.6677990011074104E-003
 performing expansion, best =    1.6677875245056893E-003
 performing expansion, best =    1.6677754531853005E-003
 performing expansion, best =    1.6676624098586911E-003
 performing expansion, best =    1.6676567199526893E-003
 performing expansion, best =    1.6676412591124653E-003
 performing expansion, best =    1.6675108195194645E-003
 performing expansion, best =    1.6675104576866998E-003
 performing expansion, best =    1.6673519188347818E-003
 performing expansion, best =    1.6673402061599680E-003
 performing expansion, best =    1.6671983669092714E-003
 performing expansion, best =    1.6670355411306753E-003
 performing expansion, best =    1.6668516127621550E-003
 performing expansion, best =    1.6666617037607192E-003
 performing expansion, best =    1.6664843842133523E-003
 performing expansion, best =    1.6662899815646428E-003
 performing expansion, best =    1.6661079497490372E-003
 performing expansion, best =    1.6659126947957121E-003
 performing expansion, best =    1.6658734849511892E-003
 performing expansion, best =    1.6656608761656893E-003
 performing expansion, best =    1.6654293753757135E-003
 performing expansion, best =    1.6652353422767570E-003
 performing expansion, best =    1.6650803674437163E-003
 performing expansion, best =    1.6648793411462612E-003
 performing expansion, best =    1.6646053890656196E-003
 performing expansion, best =    1.6643664490153126E-003
 performing expansion, best =    1.6641396771598937E-003
 performing expansion, best =    1.6638724396595705E-003
 performing expansion, best =    1.6636251556908499E-003
 performing expansion, best =    1.6633882554988111E-003
 performing expansion, best =    1.6630344620491356E-003
 performing expansion, best =    1.6627243539476923E-003
 performing expansion, best =    1.6624296792492668E-003
 performing expansion, best =    1.6621076959373818E-003
 performing expansion, best =    1.6618859160190962E-003
 performing expansion, best =    1.6618513274599045E-003
 performing expansion, best =    1.6615724587199239E-003
 performing expansion, best =    1.6613320577145265E-003
 performing expansion, best =    1.6612689569394546E-003
 performing expansion, best =    1.6612614943498562E-003
 performing expansion, best =    1.6612387612619454E-003
 performing expansion, best =    1.6612278717588777E-003
 performing expansion, best =    1.6610409231565158E-003
 performing expansion, best =    1.6610353018862148E-003
 performing expansion, best =    1.6610207848436337E-003
 performing expansion, best =    1.6610045147060471E-003
 performing expansion, best =    1.6608073687536305E-003
 performing expansion, best =    1.6607928657920593E-003
 performing expansion, best =    1.6606028815515923E-003
 performing expansion, best =    1.6604074052754597E-003
 performing expansion, best =    1.6603906434221707E-003
 performing expansion, best =    1.6603715888275710E-003
 performing expansion, best =    1.6601738338944427E-003
 performing expansion, best =    1.6601711365475413E-003
 performing expansion, best =    1.6600140899849065E-003
 performing expansion, best =    1.6598608924808262E-003
 performing expansion, best =    1.6598481837452252E-003
 performing expansion, best =    1.6596117419561075E-003
 performing expansion, best =    1.6593845538221670E-003
 performing expansion, best =    1.6591825860845020E-003
 performing expansion, best =    1.6590305224877028E-003
 performing expansion, best =    1.6587663943759712E-003
 performing expansion, best =    1.6584499356921468E-003
 performing expansion, best =    1.6581326910693054E-003
 performing expansion, best =    1.6578709322663801E-003
 performing expansion, best =    1.6575369962066339E-003
 performing expansion, best =    1.6572572945008058E-003
 performing expansion, best =    1.6569363973576324E-003
 performing expansion, best =    1.6569358325150044E-003
 performing expansion, best =    1.6565910254994511E-003
 performing expansion, best =    1.6562559132523313E-003
 performing expansion, best =    1.6560052993212675E-003
 performing expansion, best =    1.6556571787920196E-003
 performing expansion, best =    1.6553961642799839E-003
 performing expansion, best =    1.6550028020325836E-003
 performing expansion, best =    1.6547057119452623E-003
 performing expansion, best =    1.6544489562267393E-003
 performing expansion, best =    1.6541048079186966E-003
 performing expansion, best =    1.6537860515237243E-003
 performing expansion, best =    1.6534592909206612E-003
 performing expansion, best =    1.6531693430947363E-003
 performing expansion, best =    1.6528618636189407E-003
 performing expansion, best =    1.6528100722168993E-003
 performing expansion, best =    1.6528053142349361E-003
 performing expansion, best =    1.6527832510633438E-003
 performing expansion, best =    1.6527657563405371E-003
 performing expansion, best =    1.6523863826166795E-003
 performing expansion, best =    1.6523721154203322E-003
 performing expansion, best =    1.6521523554809676E-003
 performing expansion, best =    1.6518554854534947E-003
 performing expansion, best =    1.6515434071395754E-003
 performing expansion, best =    1.6511903426802647E-003
 performing expansion, best =    1.6508282022248430E-003
 performing expansion, best =    1.6504393248176173E-003
 performing expansion, best =    1.6500718313931480E-003
 performing expansion, best =    1.6498253187811310E-003
 performing expansion, best =    1.6494766890335559E-003
 performing expansion, best =    1.6491127375827463E-003
 performing expansion, best =    1.6487309218521985E-003
 performing expansion, best =    1.6483295608523043E-003
 performing expansion, best =    1.6479500275677821E-003
 performing expansion, best =    1.6475361693469536E-003
 performing expansion, best =    1.6470594373673762E-003
 performing expansion, best =    1.6465603069658000E-003
 performing expansion, best =    1.6461147025967845E-003
 performing expansion, best =    1.6456631461983198E-003
 performing expansion, best =    1.6451349545596999E-003
 performing expansion, best =    1.6446200231562895E-003
 performing expansion, best =    1.6442714800913769E-003
 performing expansion, best =    1.6438221904284296E-003
 performing expansion, best =    1.6432447246782860E-003
 performing expansion, best =    1.6426725796141561E-003
 performing expansion, best =    1.6420900562699589E-003
 performing expansion, best =    1.6415733917468196E-003
 performing expansion, best =    1.6409825852096833E-003
 performing expansion, best =    1.6404563140651821E-003
 performing expansion, best =    1.6400540589828520E-003
 performing expansion, best =    1.6394584641541256E-003
 performing expansion, best =    1.6388704410960188E-003
 performing expansion, best =    1.6383726909946685E-003
 performing expansion, best =    1.6377553303297627E-003
 performing expansion, best =    1.6371755911008677E-003
 performing expansion, best =    1.6365877559216240E-003
 performing expansion, best =    1.6359995711968179E-003
 performing expansion, best =    1.6356243883044784E-003
 performing expansion, best =    1.6352484061469888E-003
 performing expansion, best =    1.6346977751301843E-003
 performing expansion, best =    1.6340455005587769E-003
 performing expansion, best =    1.6335302178126243E-003
 performing expansion, best =    1.6333268448491991E-003
 performing expansion, best =    1.6329674863558084E-003
 performing expansion, best =    1.6326130427192229E-003
 performing expansion, best =    1.6319545077518303E-003
 performing expansion, best =    1.6314290802931473E-003
 performing expansion, best =    1.6311862070285841E-003
 performing expansion, best =    1.6309786285328223E-003
 performing expansion, best =    1.6307425093972383E-003
 performing expansion, best =    1.6306040728591208E-003
 performing expansion, best =    1.6302719619100325E-003
 performing expansion, best =    1.6301913157666383E-003
 performing expansion, best =    1.6301179196625780E-003
 performing expansion, best =    1.6300713039687528E-003
 performing expansion, best =    1.6300482535485767E-003
 performing expansion, best =    1.6300476487753123E-003
 performing expansion, best =    1.6299991055886661E-003
 performing expansion, best =    1.6299621861527969E-003
 performing expansion, best =    1.6298898927362613E-003
 performing expansion, best =    1.6298004895716077E-003
 performing expansion, best =    1.6295656198614375E-003
 performing expansion, best =    1.6293107737752018E-003
 performing expansion, best =    1.6291179007464280E-003
 performing expansion, best =    1.6288413276528970E-003
 performing expansion, best =    1.6285332489934963E-003
 performing expansion, best =    1.6282552519843872E-003
 performing expansion, best =    1.6280039541346019E-003
 performing expansion, best =    1.6277810239530308E-003
 performing expansion, best =    1.6275793039901125E-003
 performing expansion, best =    1.6271648065797587E-003
 performing expansion, best =    1.6271622545124724E-003
 performing expansion, best =    1.6269149519717808E-003
 performing expansion, best =    1.6265902826053055E-003
 performing expansion, best =    1.6265489264272121E-003
 performing expansion, best =    1.6265269435915511E-003
 performing expansion, best =    1.6263462750779340E-003
 performing expansion, best =    1.6261549478385083E-003
 performing expansion, best =    1.6260400514701301E-003
 performing expansion, best =    1.6259000499610373E-003
 performing expansion, best =    1.6258906594639249E-003
 performing expansion, best =    1.6255942360814605E-003
 performing expansion, best =    1.6255047438578705E-003
 performing expansion, best =    1.6250743723799747E-003
 performing expansion, best =    1.6246394155286406E-003
 performing expansion, best =    1.6243166598761175E-003
 performing expansion, best =    1.6239545501047403E-003
 performing expansion, best =    1.6236785657350226E-003
 performing expansion, best =    1.6232567352924168E-003
 performing expansion, best =    1.6229883827058097E-003
 performing expansion, best =    1.6227370559165749E-003
 performing expansion, best =    1.6226852529092201E-003
 performing expansion, best =    1.6226436798222512E-003
 performing expansion, best =    1.6223109070335627E-003
 performing expansion, best =    1.6219726972835733E-003
 performing expansion, best =    1.6216754100867032E-003
 performing expansion, best =    1.6214844633179173E-003
 performing expansion, best =    1.6211098656746035E-003
 performing expansion, best =    1.6207776373376509E-003
 performing expansion, best =    1.6206335924365807E-003
 performing expansion, best =    1.6202932234733059E-003
 performing expansion, best =    1.6201494544870218E-003
 performing expansion, best =    1.6200689469582454E-003
 performing expansion, best =    1.6200110982634932E-003
 performing expansion, best =    1.6199595903111821E-003
 performing expansion, best =    1.6199077094930865E-003
 performing expansion, best =    1.6198394476142014E-003
 performing expansion, best =    1.6198182280145852E-003
 performing expansion, best =    1.6197945640412381E-003
 performing expansion, best =    1.6197450425503455E-003
 performing expansion, best =    1.6197298469275302E-003
 performing expansion, best =    1.6196955602599465E-003
 performing expansion, best =    1.6196318299278221E-003
 performing expansion, best =    1.6195524731334389E-003
 performing expansion, best =    1.6195281753241027E-003
 performing expansion, best =    1.6194602817638502E-003
 performing expansion, best =    1.6194201494927223E-003
 performing expansion, best =    1.6191022950402124E-003
 performing expansion, best =    1.6190626593324776E-003
 performing expansion, best =    1.6190522456983553E-003
 performing expansion, best =    1.6189665508913333E-003
 performing expansion, best =    1.6187014453185788E-003
 performing expansion, best =    1.6186699073711161E-003
 performing expansion, best =    1.6184645475957791E-003
 performing expansion, best =    1.6184525959164959E-003
 performing expansion, best =    1.6183961438491175E-003
 performing expansion, best =    1.6183666299514907E-003
 performing expansion, best =    1.6183560589596150E-003
 performing expansion, best =    1.6182134554897135E-003
 performing expansion, best =    1.6178783329029636E-003
 performing expansion, best =    1.6176339730571724E-003
 performing expansion, best =    1.6172649754138584E-003
 performing expansion, best =    1.6169136150031573E-003
 performing expansion, best =    1.6166095617635282E-003
 performing expansion, best =    1.6163305432883401E-003
 performing expansion, best =    1.6159606174600291E-003
 performing expansion, best =    1.6159162666277722E-003
 performing expansion, best =    1.6155734886363672E-003
 performing expansion, best =    1.6152817922422994E-003
 performing expansion, best =    1.6149940525046543E-003
 performing expansion, best =    1.6146188673949345E-003
 performing expansion, best =    1.6142556877785774E-003
 performing expansion, best =    1.6137960094520397E-003
 performing expansion, best =    1.6133604700497245E-003
 performing expansion, best =    1.6130210570402706E-003
 performing expansion, best =    1.6129509996958829E-003
 performing expansion, best =    1.6128945508792534E-003
 performing expansion, best =    1.6124428361265282E-003
 performing expansion, best =    1.6119427645246479E-003
 performing expansion, best =    1.6119413767760791E-003
 performing expansion, best =    1.6119205822860236E-003
 performing expansion, best =    1.6115743318780864E-003
 performing expansion, best =    1.6111839310548692E-003
 performing expansion, best =    1.6107438290642825E-003
 performing expansion, best =    1.6107305570053345E-003
 performing expansion, best =    1.6104389316459289E-003
 performing expansion, best =    1.6103499247027955E-003
 performing expansion, best =    1.6099257679412463E-003
 performing expansion, best =    1.6096506625112924E-003
 performing expansion, best =    1.6092852611005281E-003
 performing expansion, best =    1.6088997538086665E-003
 performing expansion, best =    1.6088660296648899E-003
 performing expansion, best =    1.6088630905429708E-003
 performing expansion, best =    1.6085415646365116E-003
 performing expansion, best =    1.6085316633832917E-003
 performing expansion, best =    1.6082287568653128E-003
 performing expansion, best =    1.6082103055542151E-003
 performing expansion, best =    1.6081247078116266E-003
 performing expansion, best =    1.6076789159974428E-003
 performing expansion, best =    1.6073153068117691E-003
 performing expansion, best =    1.6072967555131085E-003
 performing expansion, best =    1.6072736653435487E-003
 performing expansion, best =    1.6072615365351024E-003
 performing expansion, best =    1.6072258800130942E-003
 performing expansion, best =    1.6071764339816912E-003
 performing expansion, best =    1.6071511686289921E-003
 performing expansion, best =    1.6071275671966374E-003
 performing expansion, best =    1.6071086395765212E-003
 performing expansion, best =    1.6070824883863577E-003
 performing expansion, best =    1.6070662918288674E-003
 performing expansion, best =    1.6070378629894702E-003
 performing expansion, best =    1.6070351814139112E-003
 performing expansion, best =    1.6070294616866835E-003
 performing expansion, best =    1.6070243025750944E-003
 performing expansion, best =    1.6070197172447680E-003
 performing expansion, best =    1.6070103015173233E-003
 performing expansion, best =    1.6070053763340493E-003
 performing expansion, best =    1.6069208298884043E-003
 performing expansion, best =    1.6067707140273784E-003
 performing expansion, best =    1.6067406357897394E-003
 performing expansion, best =    1.6067305596492983E-003
 performing expansion, best =    1.6067190821470762E-003
 performing expansion, best =    1.6067073311529334E-003
 performing expansion, best =    1.6066937479234863E-003
 performing expansion, best =    1.6065736206094540E-003
 performing expansion, best =    1.6065546327625995E-003
 performing expansion, best =    1.6065534922955569E-003
 performing expansion, best =    1.6065420049480631E-003
 performing expansion, best =    1.6064642489246894E-003
 performing expansion, best =    1.6064593608884723E-003
 performing expansion, best =    1.6064428947102380E-003
 performing expansion, best =    1.6064365223119412E-003
 performing expansion, best =    1.6064275913037825E-003
 performing expansion, best =    1.6063208299680349E-003
 performing expansion, best =    1.6063166729229075E-003
 performing expansion, best =    1.6062469595913705E-003
 performing expansion, best =    1.6062435102031367E-003
 performing expansion, best =    1.6061769363815675E-003
 performing expansion, best =    1.6060861822583862E-003
 performing expansion, best =    1.6059918233803303E-003
 performing expansion, best =    1.6058987897989735E-003
 performing expansion, best =    1.6057937925849099E-003
 performing expansion, best =    1.6056774635862942E-003
 performing expansion, best =    1.6056604118028029E-003
 performing expansion, best =    1.6055457144471463E-003
 performing expansion, best =    1.6054379281005117E-003
 performing expansion, best =    1.6053285465362193E-003
 performing expansion, best =    1.6051976819474426E-003
 performing expansion, best =    1.6050742648148449E-003
 performing expansion, best =    1.6049509963051004E-003
 performing expansion, best =    1.6048209109878260E-003
 performing expansion, best =    1.6047142521948181E-003
 performing expansion, best =    1.6045671890820169E-003
 performing expansion, best =    1.6044547099434555E-003
 performing expansion, best =    1.6043212231445095E-003
 performing expansion, best =    1.6041770376747685E-003
Exiting simplex optimization after 10001 iterations
Solution after  refinement:      1.6040187751E-03
RMSE         1.604018775E-03 Hartree
NEW BEST!

Starting fitting procedure for 16 charges, trial 2
gen      0/32000      elitist  2.5549811E-02 feasible? F
gen    100/32000      elitist  1.5845547E+18 feasible? F
gen    200/32000      elitist  3.0832128E+18 feasible? F
gen    300/32000      elitist  3.0832128E+18 feasible? F
gen    400/32000      elitist  3.0832128E+18 feasible? F
gen    500/32000      elitist  3.0832128E+18 feasible? F
gen    600/32000      elitist  3.0832128E+18 feasible? F
gen    700/32000      elitist  3.0832128E+18 feasible? F
gen    800/32000      elitist  3.0832128E+18 feasible? F
gen    900/32000      elitist  3.0832128E+18 feasible? F
gen   1000/32000      elitist  3.0832128E+18 feasible? F
gen   1100/32000      elitist  3.0832128E+18 feasible? F
gen   1200/32000      elitist  3.0832128E+18 feasible? F
gen   1300/32000      elitist  3.0832128E+18 feasible? F
gen   1400/32000      elitist  3.0832128E+18 feasible? F
gen   1500/32000      elitist  3.0832128E+18 feasible? F
gen   1600/32000      elitist  3.0832128E+18 feasible? F
gen   1700/32000      elitist  3.0832128E+18 feasible? F
gen   1800/32000      elitist  3.0832128E+18 feasible? F
gen   1900/32000      elitist  3.0832128E+18 feasible? F
gen   2000/32000      elitist  3.0832128E+18 feasible? F
gen   2100/32000      elitist  3.0832128E+18 feasible? F
gen   2200/32000      elitist  3.0832128E+18 feasible? F
gen   2300/32000      elitist  3.0832128E+18 feasible? F
gen   2400/32000      elitist  3.0832128E+18 feasible? F
gen   2500/32000      elitist  3.0832128E+18 feasible? F
gen   2600/32000      elitist  3.0832128E+18 feasible? F
gen   2700/32000      elitist  3.0832128E+18 feasible? F
gen   2800/32000      elitist  3.0832128E+18 feasible? F
gen   2900/32000      elitist  3.0832128E+18 feasible? F
gen   3000/32000      elitist  3.0832128E+18 feasible? F
gen   3100/32000      elitist  3.0832128E+18 feasible? F
gen   3200/32000      elitist  3.0832128E+18 feasible? F
gen   3300/32000      elitist  3.0832128E+18 feasible? F
gen   3400/32000      elitist  3.0832128E+18 feasible? F
gen   3500/32000      elitist  3.0832128E+18 feasible? F
gen   3600/32000      elitist  3.0832128E+18 feasible? F
gen   3700/32000      elitist  3.0832128E+18 feasible? F
gen   3800/32000      elitist  3.0832128E+18 feasible? F
gen   3900/32000      elitist  3.0832128E+18 feasible? F
gen   4000/32000      elitist  3.0832128E+18 feasible? F
gen   4100/32000      elitist  3.0832128E+18 feasible? F
gen   4200/32000      elitist  3.0832128E+18 feasible? F
gen   4300/32000      elitist  3.0832128E+18 feasible? F
gen   4400/32000      elitist  3.0832128E+18 feasible? F
gen   4500/32000      elitist  3.0832128E+18 feasible? F
gen   4600/32000      elitist  3.0832128E+18 feasible? F
gen   4700/32000      elitist  3.0832128E+18 feasible? F
gen   4800/32000      elitist  3.0832128E+18 feasible? F
gen   4900/32000      elitist  3.0832128E+18 feasible? F
gen   5000/32000      elitist  3.0832128E+18 feasible? F
gen   5100/32000      elitist  3.0832128E+18 feasible? F
gen   5200/32000      elitist  3.0832128E+18 feasible? F
gen   5300/32000      elitist  3.0832128E+18 feasible? F
gen   5400/32000      elitist  3.0832128E+18 feasible? F
gen   5500/32000      elitist  3.0832128E+18 feasible? F
gen   5600/32000      elitist  3.0832128E+18 feasible? F
gen   5700/32000      elitist  3.0832128E+18 feasible? F
gen   5800/32000      elitist  3.0832128E+18 feasible? F
gen   5900/32000      elitist  3.0832128E+18 feasible? F
gen   6000/32000      elitist  3.0832128E+18 feasible? F
gen   6100/32000      elitist  3.0832128E+18 feasible? F
gen   6200/32000      elitist  3.0832128E+18 feasible? F
gen   6300/32000      elitist  3.0832128E+18 feasible? F
gen   6400/32000      elitist  3.0832128E+18 feasible? F
gen   6500/32000      elitist  3.0832128E+18 feasible? F
gen   6600/32000      elitist  3.0832128E+18 feasible? F
gen   6700/32000      elitist  3.0832128E+18 feasible? F
gen   6800/32000      elitist  3.0832128E+18 feasible? F
gen   6900/32000      elitist  3.0832128E+18 feasible? F
gen   7000/32000      elitist  3.0832128E+18 feasible? F
gen   7100/32000      elitist  3.0832128E+18 feasible? F
gen   7200/32000      elitist  3.0832128E+18 feasible? F
gen   7300/32000      elitist  3.0832128E+18 feasible? F
gen   7400/32000      elitist  3.0832128E+18 feasible? F
gen   7500/32000      elitist  3.0832128E+18 feasible? F
gen   7600/32000      elitist  3.0832128E+18 feasible? F
gen   7700/32000      elitist  3.0832128E+18 feasible? F
gen   7800/32000      elitist  3.0832128E+18 feasible? F
gen   7900/32000      elitist  3.0832128E+18 feasible? F
gen   8000/32000      elitist  3.0832128E+18 feasible? F
gen   8100/32000      elitist  3.0832128E+18 feasible? F
gen   8200/32000      elitist  3.0832128E+18 feasible? F
gen   8300/32000      elitist  3.0832128E+18 feasible? F
gen   8400/32000      elitist  3.0832128E+18 feasible? F
gen   8500/32000      elitist  3.0832128E+18 feasible? F
gen   8600/32000      elitist  3.0832128E+18 feasible? F
gen   8700/32000      elitist  3.0832128E+18 feasible? F
gen   8800/32000      elitist  3.0832128E+18 feasible? F
gen   8900/32000      elitist  3.0832128E+18 feasible? F
gen   9000/32000      elitist  3.0832128E+18 feasible? F
gen   9100/32000      elitist  3.0832128E+18 feasible? F
gen   9200/32000      elitist  3.0832128E+18 feasible? F
gen   9300/32000      elitist  3.0832128E+18 feasible? F
gen   9400/32000      elitist  3.0832128E+18 feasible? F
gen   9500/32000      elitist  3.0832128E+18 feasible? F
gen   9600/32000      elitist  3.0832128E+18 feasible? F
gen   9700/32000      elitist  3.0832128E+18 feasible? F
gen   9800/32000      elitist  3.0832128E+18 feasible? F
gen   9900/32000      elitist  3.0832128E+18 feasible? F
gen  10000/32000      elitist  3.0832128E+18 feasible? F
gen  10100/32000      elitist  3.0832128E+18 feasible? F
gen  10200/32000      elitist  3.0832128E+18 feasible? F
gen  10300/32000      elitist  3.0832128E+18 feasible? F
gen  10400/32000      elitist  3.0832128E+18 feasible? F
gen  10500/32000      elitist  3.0832128E+18 feasible? F
gen  10600/32000      elitist  3.0832128E+18 feasible? F
gen  10700/32000      elitist  3.0832128E+18 feasible? F
gen  10800/32000      elitist  3.0832128E+18 feasible? F
gen  10900/32000      elitist  3.0832128E+18 feasible? F
gen  11000/32000      elitist  3.0832128E+18 feasible? F
gen  11100/32000      elitist  3.0832128E+18 feasible? F
gen  11200/32000      elitist  3.0832128E+18 feasible? F
gen  11300/32000      elitist  3.0832128E+18 feasible? F
gen  11400/32000      elitist  3.0832128E+18 feasible? F
gen  11500/32000      elitist  3.0832128E+18 feasible? F
gen  11600/32000      elitist  3.0832128E+18 feasible? F
gen  11700/32000      elitist  3.0832128E+18 feasible? F
gen  11800/32000      elitist  3.0832128E+18 feasible? F
gen  11900/32000      elitist  3.0832128E+18 feasible? F
gen  12000/32000      elitist  3.0832128E+18 feasible? F
gen  12100/32000      elitist  3.0832128E+18 feasible? F
gen  12200/32000      elitist  3.0832128E+18 feasible? F
gen  12300/32000      elitist  3.0832128E+18 feasible? F
gen  12400/32000      elitist  3.0832128E+18 feasible? F
gen  12500/32000      elitist  3.0832128E+18 feasible? F
gen  12600/32000      elitist  3.0832128E+18 feasible? F
gen  12700/32000      elitist  3.0832128E+18 feasible? F
gen  12800/32000      elitist  3.0832128E+18 feasible? F
gen  12900/32000      elitist  3.0832128E+18 feasible? F
gen  13000/32000      elitist  3.0832128E+18 feasible? F
gen  13100/32000      elitist  3.0832128E+18 feasible? F
gen  13200/32000      elitist  3.0832128E+18 feasible? F
gen  13300/32000      elitist  3.0832128E+18 feasible? F
gen  13400/32000      elitist  3.0832128E+18 feasible? F
gen  13500/32000      elitist  3.0832128E+18 feasible? F
gen  13600/32000      elitist  3.0832128E+18 feasible? F
gen  13700/32000      elitist  3.0832128E+18 feasible? F
gen  13800/32000      elitist  3.0832128E+18 feasible? F
gen  13900/32000      elitist  3.0832128E+18 feasible? F
gen  14000/32000      elitist  3.0832128E+18 feasible? F
gen  14100/32000      elitist  3.0832128E+18 feasible? F
gen  14200/32000      elitist  3.0832128E+18 feasible? F
gen  14300/32000      elitist  3.0832128E+18 feasible? F
gen  14400/32000      elitist  3.0832128E+18 feasible? F
gen  14500/32000      elitist  3.0832128E+18 feasible? F
gen  14600/32000      elitist  3.0832128E+18 feasible? F
gen  14700/32000      elitist  3.0832128E+18 feasible? F
gen  14800/32000      elitist  3.0832128E+18 feasible? F
gen  14900/32000      elitist  3.0832128E+18 feasible? F
gen  15000/32000      elitist  3.0832128E+18 feasible? F
gen  15100/32000      elitist  3.0832128E+18 feasible? F
gen  15200/32000      elitist  3.0832128E+18 feasible? F
gen  15300/32000      elitist  3.0832128E+18 feasible? F
gen  15400/32000      elitist  3.0832128E+18 feasible? F
gen  15500/32000      elitist  3.0832128E+18 feasible? F
gen  15600/32000      elitist  3.0832128E+18 feasible? F
gen  15700/32000      elitist  3.0832128E+18 feasible? F
gen  15800/32000      elitist  3.0832128E+18 feasible? F
gen  15900/32000      elitist  3.0832128E+18 feasible? F
gen  16000/32000      elitist  3.0832128E+18 feasible? F
gen  16100/32000      elitist  3.0832128E+18 feasible? F
gen  16200/32000      elitist  3.0832128E+18 feasible? F
gen  16300/32000      elitist  3.0832128E+18 feasible? F
gen  16400/32000      elitist  3.0832128E+18 feasible? F
gen  16500/32000      elitist  3.0832128E+18 feasible? F
gen  16600/32000      elitist  3.0832128E+18 feasible? F
gen  16700/32000      elitist  3.0832128E+18 feasible? F
gen  16800/32000      elitist  3.0832128E+18 feasible? F
gen  16900/32000      elitist  3.0832128E+18 feasible? F
gen  17000/32000      elitist  3.0832128E+18 feasible? F
gen  17100/32000      elitist  3.0832128E+18 feasible? F
gen  17200/32000      elitist  3.0832128E+18 feasible? F
gen  17300/32000      elitist  3.0832128E+18 feasible? F
gen  17400/32000      elitist  3.0832128E+18 feasible? F
gen  17500/32000      elitist  3.0832128E+18 feasible? F
gen  17600/32000      elitist  3.0832128E+18 feasible? F
gen  17700/32000      elitist  3.0832128E+18 feasible? F
gen  17800/32000      elitist  3.0832128E+18 feasible? F
gen  17900/32000      elitist  3.0832128E+18 feasible? F
gen  18000/32000      elitist  3.0832128E+18 feasible? F
gen  18100/32000      elitist  3.0832128E+18 feasible? F
gen  18200/32000      elitist  3.0832128E+18 feasible? F
gen  18300/32000      elitist  3.0832128E+18 feasible? F
gen  18400/32000      elitist  3.0832128E+18 feasible? F
gen  18500/32000      elitist  3.0832128E+18 feasible? F
gen  18600/32000      elitist  3.0832128E+18 feasible? F
gen  18700/32000      elitist  3.0832128E+18 feasible? F
gen  18800/32000      elitist  3.0832128E+18 feasible? F
gen  18900/32000      elitist  3.0832128E+18 feasible? F
gen  19000/32000      elitist  3.0832128E+18 feasible? F
gen  19100/32000      elitist  3.0832128E+18 feasible? F
gen  19200/32000      elitist  3.0832128E+18 feasible? F
gen  19300/32000      elitist  3.0832128E+18 feasible? F
gen  19400/32000      elitist  3.0832128E+18 feasible? F
gen  19500/32000      elitist  3.0832128E+18 feasible? F
gen  19600/32000      elitist  3.0832128E+18 feasible? F
gen  19700/32000      elitist  3.0832128E+18 feasible? F
gen  19800/32000      elitist  3.0832128E+18 feasible? F
gen  19900/32000      elitist  3.0832128E+18 feasible? F
gen  20000/32000      elitist  3.0832128E+18 feasible? F
gen  20100/32000      elitist  3.0832128E+18 feasible? F
gen  20200/32000      elitist  3.0832128E+18 feasible? F
gen  20300/32000      elitist  3.0832128E+18 feasible? F
gen  20400/32000      elitist  3.0832128E+18 feasible? F
gen  20500/32000      elitist  3.0832128E+18 feasible? F
gen  20600/32000      elitist  3.0832128E+18 feasible? F
gen  20700/32000      elitist  3.0832128E+18 feasible? F
gen  20800/32000      elitist  3.0832128E+18 feasible? F
gen  20900/32000      elitist  3.0832128E+18 feasible? F
gen  21000/32000      elitist  3.0832128E+18 feasible? F
gen  21100/32000      elitist  3.0832128E+18 feasible? F
gen  21200/32000      elitist  3.0832128E+18 feasible? F
gen  21300/32000      elitist  3.0832128E+18 feasible? F
gen  21400/32000      elitist  3.0832128E+18 feasible? F
gen  21500/32000      elitist  3.0832128E+18 feasible? F
gen  21600/32000      elitist  3.0832128E+18 feasible? F
gen  21700/32000      elitist  3.0832128E+18 feasible? F
gen  21800/32000      elitist  3.0832128E+18 feasible? F
gen  21900/32000      elitist  3.0832128E+18 feasible? F
gen  22000/32000      elitist  3.0832128E+18 feasible? F
gen  22100/32000      elitist  3.0832128E+18 feasible? F
gen  22200/32000      elitist  3.0832128E+18 feasible? F
gen  22300/32000      elitist  3.0832128E+18 feasible? F
gen  22400/32000      elitist  3.0832128E+18 feasible? F
gen  22500/32000      elitist  3.0832128E+18 feasible? F
gen  22600/32000      elitist  3.0832128E+18 feasible? F
gen  22700/32000      elitist  3.0832128E+18 feasible? F
gen  22800/32000      elitist  3.0832128E+18 feasible? F
gen  22900/32000      elitist  3.0832128E+18 feasible? F
gen  23000/32000      elitist  3.0832128E+18 feasible? F
gen  23100/32000      elitist  3.0832128E+18 feasible? F
gen  23200/32000      elitist  3.0832128E+18 feasible? F
gen  23300/32000      elitist  3.0832128E+18 feasible? F
gen  23400/32000      elitist  3.0832128E+18 feasible? F
gen  23500/32000      elitist  3.0832128E+18 feasible? F
gen  23600/32000      elitist  3.0832128E+18 feasible? F
gen  23700/32000      elitist  3.0832128E+18 feasible? F
gen  23800/32000      elitist  3.0832128E+18 feasible? F
gen  23900/32000      elitist  3.0832128E+18 feasible? F
gen  24000/32000      elitist  3.0832128E+18 feasible? F
gen  24100/32000      elitist  3.0832128E+18 feasible? F
gen  24200/32000      elitist  3.0832128E+18 feasible? F
gen  24300/32000      elitist  3.0832128E+18 feasible? F
gen  24400/32000      elitist  3.0832128E+18 feasible? F
gen  24500/32000      elitist  3.0832128E+18 feasible? F
gen  24600/32000      elitist  3.0832128E+18 feasible? F
gen  24700/32000      elitist  3.0832128E+18 feasible? F
gen  24800/32000      elitist  3.0832128E+18 feasible? F
gen  24900/32000      elitist  3.0832128E+18 feasible? F
gen  25000/32000      elitist  3.0832128E+18 feasible? F
gen  25100/32000      elitist  3.0832128E+18 feasible? F
gen  25200/32000      elitist  3.0832128E+18 feasible? F
gen  25300/32000      elitist  3.0832128E+18 feasible? F
gen  25400/32000      elitist  3.0832128E+18 feasible? F
gen  25500/32000      elitist  3.0832128E+18 feasible? F
gen  25600/32000      elitist  3.0832128E+18 feasible? F
gen  25700/32000      elitist  3.0832128E+18 feasible? F
gen  25800/32000      elitist  3.0832128E+18 feasible? F
gen  25900/32000      elitist  3.0832128E+18 feasible? F
gen  26000/32000      elitist  3.0832128E+18 feasible? F
gen  26100/32000      elitist  3.0832128E+18 feasible? F
gen  26200/32000      elitist  3.0832128E+18 feasible? F
gen  26300/32000      elitist  3.0832128E+18 feasible? F
gen  26400/32000      elitist  3.0832128E+18 feasible? F
gen  26500/32000      elitist  3.0832128E+18 feasible? F
gen  26600/32000      elitist  3.0832128E+18 feasible? F
gen  26700/32000      elitist  3.0832128E+18 feasible? F
gen  26800/32000      elitist  3.0832128E+18 feasible? F
gen  26900/32000      elitist  3.0832128E+18 feasible? F
gen  27000/32000      elitist  3.0832128E+18 feasible? F
gen  27100/32000      elitist  3.0832128E+18 feasible? F
gen  27200/32000      elitist  3.0832128E+18 feasible? F
gen  27300/32000      elitist  3.0832128E+18 feasible? F
gen  27400/32000      elitist  3.0832128E+18 feasible? F
gen  27500/32000      elitist  3.0832128E+18 feasible? F
gen  27600/32000      elitist  3.0832128E+18 feasible? F
gen  27700/32000      elitist  3.0832128E+18 feasible? F
gen  27800/32000      elitist  3.0832128E+18 feasible? F
gen  27900/32000      elitist  3.0832128E+18 feasible? F
gen  28000/32000      elitist  3.0832128E+18 feasible? F
gen  28100/32000      elitist  3.0832128E+18 feasible? F
gen  28200/32000      elitist  3.0832128E+18 feasible? F
gen  28300/32000      elitist  3.0832128E+18 feasible? F
gen  28400/32000      elitist  3.0832128E+18 feasible? F
gen  28500/32000      elitist  3.0832128E+18 feasible? F
gen  28600/32000      elitist  3.0832128E+18 feasible? F
gen  28700/32000      elitist  3.0832128E+18 feasible? F
gen  28800/32000      elitist  3.0832128E+18 feasible? F
gen  28900/32000      elitist  3.0832128E+18 feasible? F
gen  29000/32000      elitist  3.0832128E+18 feasible? F
gen  29100/32000      elitist  3.0832128E+18 feasible? F
gen  29200/32000      elitist  3.0832128E+18 feasible? F
gen  29300/32000      elitist  3.0832128E+18 feasible? F
gen  29400/32000      elitist  3.0832128E+18 feasible? F
gen  29500/32000      elitist  3.0832128E+18 feasible? F
gen  29600/32000      elitist  3.0832128E+18 feasible? F
gen  29700/32000      elitist  3.0832128E+18 feasible? F
gen  29800/32000      elitist  3.0832128E+18 feasible? F
gen  29900/32000      elitist  3.0832128E+18 feasible? F
gen  30000/32000      elitist  3.0832128E+18 feasible? F
gen  30100/32000      elitist  3.0832128E+18 feasible? F
gen  30200/32000      elitist  3.0832128E+18 feasible? F
gen  30300/32000      elitist  3.0832128E+18 feasible? F
gen  30400/32000      elitist  3.0832128E+18 feasible? F
gen  30500/32000      elitist  3.0832128E+18 feasible? F
gen  30600/32000      elitist  3.0832128E+18 feasible? F
gen  30700/32000      elitist  3.0832128E+18 feasible? F
gen  30800/32000      elitist  3.0832128E+18 feasible? F
gen  30900/32000      elitist  3.0832128E+18 feasible? F
gen  31000/32000      elitist  3.0832128E+18 feasible? F
gen  31100/32000      elitist  3.0832128E+18 feasible? F
gen  31200/32000      elitist  3.0832128E+18 feasible? F
gen  31300/32000      elitist  3.0832128E+18 feasible? F
gen  31400/32000      elitist  3.0832128E+18 feasible? F
gen  31500/32000      elitist  3.0832128E+18 feasible? F
gen  31600/32000      elitist  3.0832128E+18 feasible? F
gen  31700/32000      elitist  3.0832128E+18 feasible? F
gen  31800/32000      elitist  3.0832128E+18 feasible? F
gen  31900/32000      elitist  3.0832128E+18 feasible? F
gen  32000/32000      elitist  3.0832128E+18 feasible? F
WARNING: No feasible solution was found!
Starting local simplex optimization:
Solution before refinement:      3.0832128021E+18
Solution after  refinement:      3.0832128021E+18
RMSE         3.083212802E+18 Hartree

Starting fitting procedure for 16 charges, trial 3
gen      0/32000      elitist  2.8903669E-02 feasible? F
gen    100/32000      elitist  3.8258448E+18 feasible? F
gen    200/32000      elitist  7.3706689E+18 feasible? F
gen    300/32000      elitist  7.3706689E+18 feasible? F
gen    400/32000      elitist  7.3706689E+18 feasible? F
gen    500/32000      elitist  7.3706689E+18 feasible? F
gen    600/32000      elitist  7.3706689E+18 feasible? F
gen    700/32000      elitist  7.3706689E+18 feasible? F
gen    800/32000      elitist  7.3706689E+18 feasible? F
gen    900/32000      elitist  7.3706689E+18 feasible? F
gen   1000/32000      elitist  7.3706689E+18 feasible? F
gen   1100/32000      elitist  7.3706689E+18 feasible? F
gen   1200/32000      elitist  7.3706689E+18 feasible? F
gen   1300/32000      elitist  7.3706689E+18 feasible? F
gen   1400/32000      elitist  7.3706689E+18 feasible? F
gen   1500/32000      elitist  7.3706689E+18 feasible? F
gen   1600/32000      elitist  7.3706689E+18 feasible? F
gen   1700/32000      elitist  7.3706689E+18 feasible? F
gen   1800/32000      elitist  7.3706689E+18 feasible? F
gen   1900/32000      elitist  7.3706689E+18 feasible? F
gen   2000/32000      elitist  7.3706689E+18 feasible? F
gen   2100/32000      elitist  7.3706689E+18 feasible? F
gen   2200/32000      elitist  7.3706689E+18 feasible? F
gen   2300/32000      elitist  7.3706689E+18 feasible? F
gen   2400/32000      elitist  7.3706689E+18 feasible? F
gen   2500/32000      elitist  7.3706689E+18 feasible? F
gen   2600/32000      elitist  7.3706689E+18 feasible? F
gen   2700/32000      elitist  7.3706689E+18 feasible? F
gen   2800/32000      elitist  7.3706689E+18 feasible? F
gen   2900/32000      elitist  7.3706689E+18 feasible? F
gen   3000/32000      elitist  7.3706689E+18 feasible? F
gen   3100/32000      elitist  7.3706689E+18 feasible? F
gen   3200/32000      elitist  7.3706689E+18 feasible? F
gen   3300/32000      elitist  7.3706689E+18 feasible? F
gen   3400/32000      elitist  7.3706689E+18 feasible? F
gen   3500/32000      elitist  7.3706689E+18 feasible? F
gen   3600/32000      elitist  7.3706689E+18 feasible? F
gen   3700/32000      elitist  7.3706689E+18 feasible? F
gen   3800/32000      elitist  7.3706689E+18 feasible? F
gen   3900/32000      elitist  7.3706689E+18 feasible? F
gen   4000/32000      elitist  7.3706689E+18 feasible? F
gen   4100/32000      elitist  7.3706689E+18 feasible? F
gen   4200/32000      elitist  7.3706689E+18 feasible? F
gen   4300/32000      elitist  7.3706689E+18 feasible? F
gen   4400/32000      elitist  7.3706689E+18 feasible? F
gen   4500/32000      elitist  7.3706689E+18 feasible? F
gen   4600/32000      elitist  7.3706689E+18 feasible? F
gen   4700/32000      elitist  7.3706689E+18 feasible? F
gen   4800/32000      elitist  7.3706689E+18 feasible? F
gen   4900/32000      elitist  7.3706689E+18 feasible? F
gen   5000/32000      elitist  7.3706689E+18 feasible? F
gen   5100/32000      elitist  7.3706689E+18 feasible? F
gen   5200/32000      elitist  7.3706689E+18 feasible? F
gen   5300/32000      elitist  7.3706689E+18 feasible? F
gen   5400/32000      elitist  7.3706689E+18 feasible? F
gen   5500/32000      elitist  7.3706689E+18 feasible? F
gen   5600/32000      elitist  7.3706689E+18 feasible? F
gen   5700/32000      elitist  7.3706689E+18 feasible? F
gen   5800/32000      elitist  7.3706689E+18 feasible? F
gen   5900/32000      elitist  7.3706689E+18 feasible? F
gen   6000/32000      elitist  7.3706689E+18 feasible? F
gen   6100/32000      elitist  7.3706689E+18 feasible? F
gen   6200/32000      elitist  7.3706689E+18 feasible? F
gen   6300/32000      elitist  7.3706689E+18 feasible? F
gen   6400/32000      elitist  7.3706689E+18 feasible? F
gen   6500/32000      elitist  7.3706689E+18 feasible? F
gen   6600/32000      elitist  7.3706689E+18 feasible? F
gen   6700/32000      elitist  7.3706689E+18 feasible? F
gen   6800/32000      elitist  7.3706689E+18 feasible? F
gen   6900/32000      elitist  7.3706689E+18 feasible? F
gen   7000/32000      elitist  7.3706689E+18 feasible? F
gen   7100/32000      elitist  7.3706689E+18 feasible? F
gen   7200/32000      elitist  7.3706689E+18 feasible? F
gen   7300/32000      elitist  7.3706689E+18 feasible? F
gen   7400/32000      elitist  7.3706689E+18 feasible? F
gen   7500/32000      elitist  7.3706689E+18 feasible? F
gen   7600/32000      elitist  7.3706689E+18 feasible? F
gen   7700/32000      elitist  7.3706689E+18 feasible? F
gen   7800/32000      elitist  7.3706689E+18 feasible? F
gen   7900/32000      elitist  7.3706689E+18 feasible? F
gen   8000/32000      elitist  7.3706689E+18 feasible? F
gen   8100/32000      elitist  7.3706689E+18 feasible? F
gen   8200/32000      elitist  7.3706689E+18 feasible? F
gen   8300/32000      elitist  7.3706689E+18 feasible? F
gen   8400/32000      elitist  7.3706689E+18 feasible? F
gen   8500/32000      elitist  7.3706689E+18 feasible? F
gen   8600/32000      elitist  7.3706689E+18 feasible? F
gen   8700/32000      elitist  7.3706689E+18 feasible? F
gen   8800/32000      elitist  7.3706689E+18 feasible? F
gen   8900/32000      elitist  7.3706689E+18 feasible? F
gen   9000/32000      elitist  7.3706689E+18 feasible? F
gen   9100/32000      elitist  7.3706689E+18 feasible? F
gen   9200/32000      elitist  7.3706689E+18 feasible? F
gen   9300/32000      elitist  7.3706689E+18 feasible? F
gen   9400/32000      elitist  7.3706689E+18 feasible? F
gen   9500/32000      elitist  7.3706689E+18 feasible? F
gen   9600/32000      elitist  7.3706689E+18 feasible? F
gen   9700/32000      elitist  7.3706689E+18 feasible? F
gen   9800/32000      elitist  7.3706689E+18 feasible? F
gen   9900/32000      elitist  7.3706689E+18 feasible? F
gen  10000/32000      elitist  7.3706689E+18 feasible? F
gen  10100/32000      elitist  7.3706689E+18 feasible? F
gen  10200/32000      elitist  7.3706689E+18 feasible? F
gen  10300/32000      elitist  7.3706689E+18 feasible? F
gen  10400/32000      elitist  7.3706689E+18 feasible? F
gen  10500/32000      elitist  7.3706689E+18 feasible? F
gen  10600/32000      elitist  7.3706689E+18 feasible? F
gen  10700/32000      elitist  7.3706689E+18 feasible? F
gen  10800/32000      elitist  7.3706689E+18 feasible? F
gen  10900/32000      elitist  7.3706689E+18 feasible? F
gen  11000/32000      elitist  7.3706689E+18 feasible? F
gen  11100/32000      elitist  7.3706689E+18 feasible? F
gen  11200/32000      elitist  7.3706689E+18 feasible? F
gen  11300/32000      elitist  7.3706689E+18 feasible? F
gen  11400/32000      elitist  7.3706689E+18 feasible? F
gen  11500/32000      elitist  7.3706689E+18 feasible? F
gen  11600/32000      elitist  7.3706689E+18 feasible? F
gen  11700/32000      elitist  7.3706689E+18 feasible? F
gen  11800/32000      elitist  7.3706689E+18 feasible? F
gen  11900/32000      elitist  7.3706689E+18 feasible? F
gen  12000/32000      elitist  7.3706689E+18 feasible? F
gen  12100/32000      elitist  7.3706689E+18 feasible? F
gen  12200/32000      elitist  7.3706689E+18 feasible? F
gen  12300/32000      elitist  7.3706689E+18 feasible? F
gen  12400/32000      elitist  7.3706689E+18 feasible? F
gen  12500/32000      elitist  7.3706689E+18 feasible? F
gen  12600/32000      elitist  7.3706689E+18 feasible? F
gen  12700/32000      elitist  7.3706689E+18 feasible? F
gen  12800/32000      elitist  7.3706689E+18 feasible? F
gen  12900/32000      elitist  7.3706689E+18 feasible? F
gen  13000/32000      elitist  7.3706689E+18 feasible? F
gen  13100/32000      elitist  7.3706689E+18 feasible? F
gen  13200/32000      elitist  7.3706689E+18 feasible? F
gen  13300/32000      elitist  7.3706689E+18 feasible? F
gen  13400/32000      elitist  7.3706689E+18 feasible? F
gen  13500/32000      elitist  7.3706689E+18 feasible? F
gen  13600/32000      elitist  7.3706689E+18 feasible? F
gen  13700/32000      elitist  7.3706689E+18 feasible? F
gen  13800/32000      elitist  7.3706689E+18 feasible? F
gen  13900/32000      elitist  7.3706689E+18 feasible? F
gen  14000/32000      elitist  7.3706689E+18 feasible? F
gen  14100/32000      elitist  7.3706689E+18 feasible? F
gen  14200/32000      elitist  7.3706689E+18 feasible? F
gen  14300/32000      elitist  7.3706689E+18 feasible? F
gen  14400/32000      elitist  7.3706689E+18 feasible? F
gen  14500/32000      elitist  7.3706689E+18 feasible? F
gen  14600/32000      elitist  7.3706689E+18 feasible? F
gen  14700/32000      elitist  7.3706689E+18 feasible? F
gen  14800/32000      elitist  7.3706689E+18 feasible? F
gen  14900/32000      elitist  7.3706689E+18 feasible? F
gen  15000/32000      elitist  7.3706689E+18 feasible? F
gen  15100/32000      elitist  7.3706689E+18 feasible? F
gen  15200/32000      elitist  7.3706689E+18 feasible? F
gen  15300/32000      elitist  7.3706689E+18 feasible? F
gen  15400/32000      elitist  7.3706689E+18 feasible? F
gen  15500/32000      elitist  7.3706689E+18 feasible? F
gen  15600/32000      elitist  7.3706689E+18 feasible? F
gen  15700/32000      elitist  7.3706689E+18 feasible? F
gen  15800/32000      elitist  7.3706689E+18 feasible? F
gen  15900/32000      elitist  7.3706689E+18 feasible? F
gen  16000/32000      elitist  7.3706689E+18 feasible? F
gen  16100/32000      elitist  7.3706689E+18 feasible? F
gen  16200/32000      elitist  7.3706689E+18 feasible? F
gen  16300/32000      elitist  7.3706689E+18 feasible? F
gen  16400/32000      elitist  7.3706689E+18 feasible? F
gen  16500/32000      elitist  7.3706689E+18 feasible? F
gen  16600/32000      elitist  7.3706689E+18 feasible? F
gen  16700/32000      elitist  7.3706689E+18 feasible? F
gen  16800/32000      elitist  7.3706689E+18 feasible? F
gen  16900/32000      elitist  7.3706689E+18 feasible? F
gen  17000/32000      elitist  7.3706689E+18 feasible? F
gen  17100/32000      elitist  7.3706689E+18 feasible? F
gen  17200/32000      elitist  7.3706689E+18 feasible? F
gen  17300/32000      elitist  7.3706689E+18 feasible? F
gen  17400/32000      elitist  7.3706689E+18 feasible? F
gen  17500/32000      elitist  7.3706689E+18 feasible? F
gen  17600/32000      elitist  7.3706689E+18 feasible? F
gen  17700/32000      elitist  7.3706689E+18 feasible? F
gen  17800/32000      elitist  7.3706689E+18 feasible? F
gen  17900/32000      elitist  7.3706689E+18 feasible? F
gen  18000/32000      elitist  7.3706689E+18 feasible? F
gen  18100/32000      elitist  7.3706689E+18 feasible? F
gen  18200/32000      elitist  7.3706689E+18 feasible? F
gen  18300/32000      elitist  7.3706689E+18 feasible? F
gen  18400/32000      elitist  7.3706689E+18 feasible? F
gen  18500/32000      elitist  7.3706689E+18 feasible? F
gen  18600/32000      elitist  7.3706689E+18 feasible? F
gen  18700/32000      elitist  7.3706689E+18 feasible? F
gen  18800/32000      elitist  7.3706689E+18 feasible? F
gen  18900/32000      elitist  7.3706689E+18 feasible? F
gen  19000/32000      elitist  7.3706689E+18 feasible? F
gen  19100/32000      elitist  7.3706689E+18 feasible? F
gen  19200/32000      elitist  7.3706689E+18 feasible? F
gen  19300/32000      elitist  7.3706689E+18 feasible? F
gen  19400/32000      elitist  7.3706689E+18 feasible? F
gen  19500/32000      elitist  7.3706689E+18 feasible? F
gen  19600/32000      elitist  7.3706689E+18 feasible? F
gen  19700/32000      elitist  7.3706689E+18 feasible? F
gen  19800/32000      elitist  7.3706689E+18 feasible? F
gen  19900/32000      elitist  7.3706689E+18 feasible? F
gen  20000/32000      elitist  7.3706689E+18 feasible? F
gen  20100/32000      elitist  7.3706689E+18 feasible? F
gen  20200/32000      elitist  7.3706689E+18 feasible? F
gen  20300/32000      elitist  7.3706689E+18 feasible? F
gen  20400/32000      elitist  7.3706689E+18 feasible? F
gen  20500/32000      elitist  7.3706689E+18 feasible? F
gen  20600/32000      elitist  7.3706689E+18 feasible? F
gen  20700/32000      elitist  7.3706689E+18 feasible? F
gen  20800/32000      elitist  7.3706689E+18 feasible? F
gen  20900/32000      elitist  7.3706689E+18 feasible? F
gen  21000/32000      elitist  7.3706689E+18 feasible? F
gen  21100/32000      elitist  7.3706689E+18 feasible? F
gen  21200/32000      elitist  7.3706689E+18 feasible? F
gen  21300/32000      elitist  7.3706689E+18 feasible? F
gen  21400/32000      elitist  7.3706689E+18 feasible? F
gen  21500/32000      elitist  7.3706689E+18 feasible? F
gen  21600/32000      elitist  7.3706689E+18 feasible? F
gen  21700/32000      elitist  7.3706689E+18 feasible? F
gen  21800/32000      elitist  7.3706689E+18 feasible? F
gen  21900/32000      elitist  7.3706689E+18 feasible? F
gen  22000/32000      elitist  7.3706689E+18 feasible? F
gen  22100/32000      elitist  7.3706689E+18 feasible? F
gen  22200/32000      elitist  7.3706689E+18 feasible? F
gen  22300/32000      elitist  7.3706689E+18 feasible? F
gen  22400/32000      elitist  7.3706689E+18 feasible? F
gen  22500/32000      elitist  7.3706689E+18 feasible? F
gen  22600/32000      elitist  7.3706689E+18 feasible? F
gen  22700/32000      elitist  7.3706689E+18 feasible? F
gen  22800/32000      elitist  7.3706689E+18 feasible? F
gen  22900/32000      elitist  7.3706689E+18 feasible? F
gen  23000/32000      elitist  7.3706689E+18 feasible? F
gen  23100/32000      elitist  7.3706689E+18 feasible? F
gen  23200/32000      elitist  7.3706689E+18 feasible? F
gen  23300/32000      elitist  7.3706689E+18 feasible? F
gen  23400/32000      elitist  7.3706689E+18 feasible? F
gen  23500/32000      elitist  7.3706689E+18 feasible? F
gen  23600/32000      elitist  7.3706689E+18 feasible? F
gen  23700/32000      elitist  7.3706689E+18 feasible? F
gen  23800/32000      elitist  7.3706689E+18 feasible? F
gen  23900/32000      elitist  7.3706689E+18 feasible? F
gen  24000/32000      elitist  7.3706689E+18 feasible? F
gen  24100/32000      elitist  7.3706689E+18 feasible? F
gen  24200/32000      elitist  7.3706689E+18 feasible? F
gen  24300/32000      elitist  7.3706689E+18 feasible? F
gen  24400/32000      elitist  7.3706689E+18 feasible? F
gen  24500/32000      elitist  7.3706689E+18 feasible? F
gen  24600/32000      elitist  7.3706689E+18 feasible? F
gen  24700/32000      elitist  7.3706689E+18 feasible? F
gen  24800/32000      elitist  7.3706689E+18 feasible? F
gen  24900/32000      elitist  7.3706689E+18 feasible? F
gen  25000/32000      elitist  7.3706689E+18 feasible? F
gen  25100/32000      elitist  7.3706689E+18 feasible? F
gen  25200/32000      elitist  7.3706689E+18 feasible? F
gen  25300/32000      elitist  7.3706689E+18 feasible? F
gen  25400/32000      elitist  7.3706689E+18 feasible? F
gen  25500/32000      elitist  7.3706689E+18 feasible? F
gen  25600/32000      elitist  7.3706689E+18 feasible? F
gen  25700/32000      elitist  7.3706689E+18 feasible? F
gen  25800/32000      elitist  7.3706689E+18 feasible? F
gen  25900/32000      elitist  7.3706689E+18 feasible? F
gen  26000/32000      elitist  7.3706689E+18 feasible? F
gen  26100/32000      elitist  7.3706689E+18 feasible? F
gen  26200/32000      elitist  7.3706689E+18 feasible? F
gen  26300/32000      elitist  7.3706689E+18 feasible? F
gen  26400/32000      elitist  7.3706689E+18 feasible? F
gen  26500/32000      elitist  7.3706689E+18 feasible? F
gen  26600/32000      elitist  7.3706689E+18 feasible? F
gen  26700/32000      elitist  7.3706689E+18 feasible? F
gen  26800/32000      elitist  7.3706689E+18 feasible? F
gen  26900/32000      elitist  7.3706689E+18 feasible? F
gen  27000/32000      elitist  7.3706689E+18 feasible? F
gen  27100/32000      elitist  7.3706689E+18 feasible? F
gen  27200/32000      elitist  7.3706689E+18 feasible? F
gen  27300/32000      elitist  7.3706689E+18 feasible? F
gen  27400/32000      elitist  7.3706689E+18 feasible? F
gen  27500/32000      elitist  7.3706689E+18 feasible? F
gen  27600/32000      elitist  7.3706689E+18 feasible? F
gen  27700/32000      elitist  7.3706689E+18 feasible? F
gen  27800/32000      elitist  7.3706689E+18 feasible? F
gen  27900/32000      elitist  7.3706689E+18 feasible? F
gen  28000/32000      elitist  7.3706689E+18 feasible? F
gen  28100/32000      elitist  7.3706689E+18 feasible? F
gen  28200/32000      elitist  7.3706689E+18 feasible? F
gen  28300/32000      elitist  7.3706689E+18 feasible? F
gen  28400/32000      elitist  7.3706689E+18 feasible? F
gen  28500/32000      elitist  7.3706689E+18 feasible? F
gen  28600/32000      elitist  7.3706689E+18 feasible? F
gen  28700/32000      elitist  7.3706689E+18 feasible? F
gen  28800/32000      elitist  7.3706689E+18 feasible? F
gen  28900/32000      elitist  7.3706689E+18 feasible? F
gen  29000/32000      elitist  7.3706689E+18 feasible? F
gen  29100/32000      elitist  7.3706689E+18 feasible? F
gen  29200/32000      elitist  7.3706689E+18 feasible? F
gen  29300/32000      elitist  7.3706689E+18 feasible? F
gen  29400/32000      elitist  7.3706689E+18 feasible? F
gen  29500/32000      elitist  7.3706689E+18 feasible? F
gen  29600/32000      elitist  7.3706689E+18 feasible? F
gen  29700/32000      elitist  7.3706689E+18 feasible? F
gen  29800/32000      elitist  7.3706689E+18 feasible? F
gen  29900/32000      elitist  7.3706689E+18 feasible? F
gen  30000/32000      elitist  7.3706689E+18 feasible? F
gen  30100/32000      elitist  7.3706689E+18 feasible? F
gen  30200/32000      elitist  7.3706689E+18 feasible? F
gen  30300/32000      elitist  7.3706689E+18 feasible? F
gen  30400/32000      elitist  7.3706689E+18 feasible? F
gen  30500/32000      elitist  7.3706689E+18 feasible? F
gen  30600/32000      elitist  7.3706689E+18 feasible? F
gen  30700/32000      elitist  7.3706689E+18 feasible? F
gen  30800/32000      elitist  7.3706689E+18 feasible? F
gen  30900/32000      elitist  7.3706689E+18 feasible? F
gen  31000/32000      elitist  7.3706689E+18 feasible? F
gen  31100/32000      elitist  7.3706689E+18 feasible? F
gen  31200/32000      elitist  7.3706689E+18 feasible? F
gen  31300/32000      elitist  7.3706689E+18 feasible? F
gen  31400/32000      elitist  7.3706689E+18 feasible? F
gen  31500/32000      elitist  7.3706689E+18 feasible? F
gen  31600/32000      elitist  7.3706689E+18 feasible? F
gen  31700/32000      elitist  7.3706689E+18 feasible? F
gen  31800/32000      elitist  7.3706689E+18 feasible? F
gen  31900/32000      elitist  7.3706689E+18 feasible? F
gen  32000/32000      elitist  7.3706689E+18 feasible? F
WARNING: No feasible solution was found!
Starting local simplex optimization:
Solution before refinement:      7.3706689191E+18
Solution after  refinement:      7.3706689191E+18
RMSE         7.370668919E+18 Hartree

Best found solution for 16 charges:
        RMSE         4.625161083E+21 kcal/mol
         MAE         6.370653620E-01 kcal/mol
     max. AE         1.080854978E+01 kcal/mol
WARNING, SOLUTION IS NOT FEASIBLE!

       x[bohr]       y[bohr]       z[bohr]          q[e]
    -1.7355093     3.9655198     0.2800801    -0.1022733
    -0.3566755     1.7576807    -0.9917247     0.0199677
     2.4244212     2.6601326    -0.5783592    -0.5811387
     2.8076401     2.5652117     0.8318212    -0.3123049
     2.5315682     2.2708282    -0.1216191     0.9794935
     4.3242666     0.4581715    -0.2597300    -0.3974018
    -4.3081219     3.0520398    -0.1362498     0.0983489
    -0.7207985     6.2403624     0.0144357     0.0696776
    -1.7129774    -2.7241498    -0.0684772     0.6462037
    -1.5200086    -2.1956854    -0.0714007    -0.8349449
     3.3968881     4.2574451     0.0010531    -0.4120078
     3.7020749     3.8472961     0.0257845     0.9810923
     2.9564251     4.3054159     0.0006864     0.5405078
     3.4566541     3.7569742    -0.0143972    -0.9997951
     4.0190574    -1.4062824    -0.0243035     0.1889358
     6.8037625     0.9742575    -0.5021981     0.1156390

