Running in fitting mode

Reading "/data/boittier/gaussian_scans/bromobutadiene/scan_extract_0.xyz.chk.fchk.pot.cube"...

  opt Potential
  Electrostatic potential from Total SCF Density
   10  -10.982195  -11.443988   -9.769128
   84    0.265911    0.000000    0.000000
   82    0.000000    0.265911    0.000000
   74    0.000000    0.000000    0.265911
    6    6.000000   -1.673952    3.606648    0.000000
    6    6.000000    0.000000    1.721109    0.000000
    6    6.000000    2.723878    2.103773    0.000000
    6    6.000000    4.508290    0.324643    0.000000
    1    1.000000   -3.687195    3.287689    0.000000
    1    1.000000   -0.999128    5.537939    0.000000
   35   35.000000   -1.213067   -1.674860    0.000000
    1    1.000000    3.266739    4.081797    0.000000
    1    1.000000    4.043439   -1.663450    0.000000
    1    1.000000    6.484203    0.839077    0.000000
 -4.50402E-03 -4.51053E-03 -4.51179E-03 -4.50778E-03 -4.37950E-03 -4.39021E-03
       .            .            .            .            .            .
       .            .            .            .            .            .
       .            .            .            .            .            .
  7.70629E-03  7.78523E-03  7.80058E-03  7.75172E-03  7.64058E-03  7.47148E-03

132359 out of 509712 gridpoints are considered ( 26.0%).

...done!




USING GREEDY MODE
File "multipole1_1charges.xyz" already exists. Fitting procedure is skipped.
File "multipole1_2charges.xyz" already exists. Fitting procedure is skipped.
File "multipole1_3charges.xyz" already exists. Fitting procedure is skipped.
File "multipole1_4charges.xyz" already exists. Fitting procedure is skipped.
File "multipole2_1charges.xyz" already exists. Fitting procedure is skipped.
File "multipole2_2charges.xyz" already exists. Fitting procedure is skipped.
File "multipole2_3charges.xyz" already exists. Fitting procedure is skipped.
File "multipole2_4charges.xyz" already exists. Fitting procedure is skipped.
File "multipole3_1charges.xyz" already exists. Fitting procedure is skipped.
File "multipole3_2charges.xyz" already exists. Fitting procedure is skipped.
File "multipole3_3charges.xyz" already exists. Fitting procedure is skipped.
File "multipole3_4charges.xyz" already exists. Fitting procedure is skipped.
File "multipole4_1charges.xyz" already exists. Fitting procedure is skipped.
File "multipole4_2charges.xyz" already exists. Fitting procedure is skipped.
File "multipole4_3charges.xyz" already exists. Fitting procedure is skipped.
File "multipole4_4charges.xyz" already exists. Fitting procedure is skipped.
File "multipole5_1charges.xyz" already exists. Fitting procedure is skipped.
File "multipole5_2charges.xyz" already exists. Fitting procedure is skipped.
File "multipole5_3charges.xyz" already exists. Fitting procedure is skipped.
File "multipole5_4charges.xyz" already exists. Fitting procedure is skipped.
File "multipole6_1charges.xyz" already exists. Fitting procedure is skipped.
File "multipole6_2charges.xyz" already exists. Fitting procedure is skipped.
File "multipole6_3charges.xyz" already exists. Fitting procedure is skipped.
File "multipole6_4charges.xyz" already exists. Fitting procedure is skipped.
File "multipole7_1charges.xyz" already exists. Fitting procedure is skipped.
File "multipole7_2charges.xyz" already exists. Fitting procedure is skipped.
File "multipole7_3charges.xyz" already exists. Fitting procedure is skipped.
File "multipole7_4charges.xyz" already exists. Fitting procedure is skipped.
File "multipole8_1charges.xyz" already exists. Fitting procedure is skipped.
File "multipole8_2charges.xyz" already exists. Fitting procedure is skipped.
File "multipole8_3charges.xyz" already exists. Fitting procedure is skipped.
File "multipole8_4charges.xyz" already exists. Fitting procedure is skipped.
File "multipole9_1charges.xyz" already exists. Fitting procedure is skipped.
File "multipole9_2charges.xyz" already exists. Fitting procedure is skipped.
File "multipole9_3charges.xyz" already exists. Fitting procedure is skipped.
File "multipole9_4charges.xyz" already exists. Fitting procedure is skipped.
File "multipole10_1charges.xyz" already exists. Fitting procedure is skipped.
File "multipole10_2charges.xyz" already exists. Fitting procedure is skipped.
File "multipole10_3charges.xyz" already exists. Fitting procedure is skipped.
File "multipole10_4charges.xyz" already exists. Fitting procedure is skipped.
Total fragment charge (a.u.):         1.040834086E-16
Running DE in parallel with 4 thread(s)!

Starting fitting procedure for 21 charges, trial 1
gen      0/42000      elitist  2.5651755E-02 feasible? F
gen    100/42000      elitist  2.5651755E-02 feasible? F
gen    200/42000      elitist  1.1146569E-02 feasible? T
gen    300/42000      elitist  9.0364929E-03 feasible? T
gen    400/42000      elitist  7.5133980E-03 feasible? T
gen    500/42000      elitist  5.2517049E-03 feasible? T
gen    600/42000      elitist  4.6205365E-03 feasible? T
gen    700/42000      elitist  3.6167822E-03 feasible? T
gen    800/42000      elitist  2.9321277E-03 feasible? T
gen    900/42000      elitist  2.6079444E-03 feasible? T
gen   1000/42000      elitist  2.5110706E-03 feasible? T
gen   1100/42000      elitist  2.3105757E-03 feasible? T
gen   1200/42000      elitist  2.2385218E-03 feasible? T
gen   1300/42000      elitist  2.1330639E-03 feasible? T
gen   1400/42000      elitist  2.0254309E-03 feasible? T
gen   1500/42000      elitist  1.9504204E-03 feasible? T
gen   1600/42000      elitist  1.9421120E-03 feasible? T
gen   1700/42000      elitist  1.9160337E-03 feasible? T
gen   1800/42000      elitist  1.8980922E-03 feasible? T
gen   1900/42000      elitist  1.8782048E-03 feasible? T
gen   2000/42000      elitist  1.8637463E-03 feasible? T
gen   2100/42000      elitist  1.8465017E-03 feasible? T
gen   2200/42000      elitist  1.8257627E-03 feasible? T
gen   2300/42000      elitist  1.8148674E-03 feasible? T
gen   2400/42000      elitist  1.7973295E-03 feasible? T
gen   2500/42000      elitist  1.7896570E-03 feasible? T
gen   2600/42000      elitist  1.7730851E-03 feasible? T
gen   2700/42000      elitist  1.7694366E-03 feasible? T
gen   2800/42000      elitist  1.7468269E-03 feasible? T
gen   2900/42000      elitist  1.7102557E-03 feasible? T
gen   3000/42000      elitist  1.6806573E-03 feasible? T
gen   3100/42000      elitist  1.6781792E-03 feasible? T
gen   3200/42000      elitist  1.6685658E-03 feasible? T
gen   3300/42000      elitist  1.6563572E-03 feasible? T
gen   3400/42000      elitist  1.6447736E-03 feasible? T
gen   3500/42000      elitist  1.6287630E-03 feasible? T
gen   3600/42000      elitist  1.6157187E-03 feasible? T
gen   3700/42000      elitist  1.6087879E-03 feasible? T
gen   3800/42000      elitist  1.6069117E-03 feasible? T
gen   3900/42000      elitist  1.6048070E-03 feasible? T
gen   4000/42000      elitist  1.6041542E-03 feasible? T
gen   4100/42000      elitist  1.6039549E-03 feasible? T
gen   4200/42000      elitist  1.6037206E-03 feasible? T
gen   4300/42000      elitist  1.6036322E-03 feasible? T
gen   4400/42000      elitist  1.6034585E-03 feasible? T
gen   4500/42000      elitist  1.6033968E-03 feasible? T
gen   4600/42000      elitist  1.6033475E-03 feasible? T
gen   4700/42000      elitist  1.6030041E-03 feasible? T
gen   4800/42000      elitist  1.6025999E-03 feasible? T
gen   4900/42000      elitist  1.5967908E-03 feasible? T
gen   5000/42000      elitist  1.5937468E-03 feasible? T
gen   5100/42000      elitist  1.5919550E-03 feasible? T
gen   5200/42000      elitist  1.5916170E-03 feasible? T
gen   5300/42000      elitist  1.5907472E-03 feasible? T
gen   5400/42000      elitist  1.5905025E-03 feasible? T
gen   5500/42000      elitist  1.5904608E-03 feasible? T
gen   5600/42000      elitist  1.5194482E-03 feasible? T
gen   5700/42000      elitist  1.5108903E-03 feasible? T
gen   5800/42000      elitist  1.4910283E-03 feasible? T
gen   5900/42000      elitist  1.4834780E-03 feasible? T
gen   6000/42000      elitist  1.4806094E-03 feasible? T
gen   6100/42000      elitist  1.4763806E-03 feasible? T
gen   6200/42000      elitist  1.4753072E-03 feasible? T
gen   6300/42000      elitist  1.4724660E-03 feasible? T
gen   6400/42000      elitist  1.4400622E-03 feasible? T
gen   6500/42000      elitist  1.4324886E-03 feasible? T
gen   6600/42000      elitist  1.4231157E-03 feasible? T
gen   6700/42000      elitist  1.4192557E-03 feasible? T
gen   6800/42000      elitist  1.4176061E-03 feasible? T
gen   6900/42000      elitist  1.4165620E-03 feasible? T
gen   7000/42000      elitist  1.4151275E-03 feasible? T
gen   7100/42000      elitist  1.4149873E-03 feasible? T
gen   7200/42000      elitist  1.4136318E-03 feasible? T
gen   7300/42000      elitist  1.4131399E-03 feasible? T
gen   7400/42000      elitist  1.4124039E-03 feasible? T
gen   7500/42000      elitist  1.4121158E-03 feasible? T
gen   7600/42000      elitist  1.4119418E-03 feasible? T
gen   7700/42000      elitist  1.4116005E-03 feasible? T
gen   7800/42000      elitist  1.4115302E-03 feasible? T
gen   7900/42000      elitist  1.4113654E-03 feasible? T
gen   8000/42000      elitist  1.4112249E-03 feasible? T
gen   8100/42000      elitist  1.4108641E-03 feasible? T
gen   8200/42000      elitist  1.4108603E-03 feasible? T
gen   8300/42000      elitist  1.4047244E-03 feasible? T
gen   8400/42000      elitist  1.4037953E-03 feasible? T
gen   8500/42000      elitist  1.4019759E-03 feasible? T
gen   8600/42000      elitist  1.4013980E-03 feasible? T
gen   8700/42000      elitist  1.4005944E-03 feasible? T
gen   8800/42000      elitist  1.4000185E-03 feasible? T
gen   8900/42000      elitist  1.3998124E-03 feasible? T
gen   9000/42000      elitist  1.3986525E-03 feasible? T
gen   9100/42000      elitist  1.3982928E-03 feasible? T
gen   9200/42000      elitist  1.3978301E-03 feasible? T
gen   9300/42000      elitist  1.3977386E-03 feasible? T
gen   9400/42000      elitist  1.3975142E-03 feasible? T
gen   9500/42000      elitist  1.3973025E-03 feasible? T
gen   9600/42000      elitist  1.3957113E-03 feasible? T
gen   9700/42000      elitist  1.3947382E-03 feasible? T
gen   9800/42000      elitist  1.3941574E-03 feasible? T
gen   9900/42000      elitist  1.3928259E-03 feasible? T
gen  10000/42000      elitist  1.3925038E-03 feasible? T
gen  10100/42000      elitist  1.3918769E-03 feasible? T
gen  10200/42000      elitist  1.3915575E-03 feasible? T
gen  10300/42000      elitist  1.3908078E-03 feasible? T
gen  10400/42000      elitist  1.3904534E-03 feasible? T
gen  10500/42000      elitist  1.3901552E-03 feasible? T
gen  10600/42000      elitist  1.3897052E-03 feasible? T
gen  10700/42000      elitist  1.3892989E-03 feasible? T
gen  10800/42000      elitist  1.3885969E-03 feasible? T
gen  10900/42000      elitist  1.3883361E-03 feasible? T
gen  11000/42000      elitist  1.3880031E-03 feasible? T
gen  11100/42000      elitist  1.3878188E-03 feasible? T
gen  11200/42000      elitist  1.3869970E-03 feasible? T
gen  11300/42000      elitist  1.3867242E-03 feasible? T
gen  11400/42000      elitist  1.3865576E-03 feasible? T
gen  11500/42000      elitist  1.3862803E-03 feasible? T
gen  11600/42000      elitist  1.3862206E-03 feasible? T
gen  11700/42000      elitist  1.3860005E-03 feasible? T
gen  11800/42000      elitist  1.3859447E-03 feasible? T
gen  11900/42000      elitist  1.3858827E-03 feasible? T
gen  12000/42000      elitist  1.3857978E-03 feasible? T
gen  12100/42000      elitist  1.3857757E-03 feasible? T
gen  12200/42000      elitist  1.3857522E-03 feasible? T
gen  12300/42000      elitist  1.3857039E-03 feasible? T
gen  12400/42000      elitist  1.3856050E-03 feasible? T
gen  12500/42000      elitist  1.3852024E-03 feasible? T
gen  12600/42000      elitist  1.3844977E-03 feasible? T
gen  12700/42000      elitist  1.3840313E-03 feasible? T
gen  12800/42000      elitist  1.3837947E-03 feasible? T
gen  12900/42000      elitist  1.3836792E-03 feasible? T
gen  13000/42000      elitist  1.3836450E-03 feasible? T
gen  13100/42000      elitist  1.3835101E-03 feasible? T
gen  13200/42000      elitist  1.3834924E-03 feasible? T
gen  13300/42000      elitist  1.3834545E-03 feasible? T
gen  13400/42000      elitist  1.3834141E-03 feasible? T
gen  13500/42000      elitist  1.3833978E-03 feasible? T
gen  13600/42000      elitist  1.3833741E-03 feasible? T
gen  13700/42000      elitist  1.3831931E-03 feasible? T
gen  13800/42000      elitist  1.3831374E-03 feasible? T
gen  13900/42000      elitist  1.3830652E-03 feasible? T
gen  14000/42000      elitist  1.3829983E-03 feasible? T
gen  14100/42000      elitist  1.3829735E-03 feasible? T
gen  14200/42000      elitist  1.3829552E-03 feasible? T
gen  14300/42000      elitist  1.3829502E-03 feasible? T
gen  14400/42000      elitist  1.3829406E-03 feasible? T
gen  14500/42000      elitist  1.3829367E-03 feasible? T
gen  14600/42000      elitist  1.3829352E-03 feasible? T
gen  14700/42000      elitist  1.3829334E-03 feasible? T
gen  14800/42000      elitist  1.3829323E-03 feasible? T
gen  14900/42000      elitist  1.3829300E-03 feasible? T
gen  15000/42000      elitist  1.3829242E-03 feasible? T
gen  15100/42000      elitist  1.3829177E-03 feasible? T
gen  15200/42000      elitist  1.3829150E-03 feasible? T
gen  15300/42000      elitist  1.3829008E-03 feasible? T
gen  15400/42000      elitist  1.3828810E-03 feasible? T
gen  15500/42000      elitist  1.3828654E-03 feasible? T
gen  15600/42000      elitist  1.3828573E-03 feasible? T
gen  15700/42000      elitist  1.3828537E-03 feasible? T
gen  15800/42000      elitist  1.3828525E-03 feasible? T
gen  15900/42000      elitist  1.3828507E-03 feasible? T
gen  16000/42000      elitist  1.3828501E-03 feasible? T
gen  16100/42000      elitist  1.3828493E-03 feasible? T
gen  16200/42000      elitist  1.3828470E-03 feasible? T
gen  16300/42000      elitist  1.3828418E-03 feasible? T
gen  16400/42000      elitist  1.3828390E-03 feasible? T
gen  16500/42000      elitist  1.3828374E-03 feasible? T
gen  16600/42000      elitist  1.3828371E-03 feasible? T
gen  16700/42000      elitist  1.3828363E-03 feasible? T
gen  16800/42000      elitist  1.3828354E-03 feasible? T
gen  16900/42000      elitist  1.3828354E-03 feasible? T
gen  17000/42000      elitist  1.3828347E-03 feasible? T
gen  17100/42000      elitist  1.3828335E-03 feasible? T
gen  17200/42000      elitist  1.3828332E-03 feasible? T
gen  17300/42000      elitist  1.3828187E-03 feasible? T
gen  17400/42000      elitist  1.3828097E-03 feasible? T
gen  17500/42000      elitist  1.3828066E-03 feasible? T
gen  17600/42000      elitist  1.3828045E-03 feasible? T
gen  17700/42000      elitist  1.3828041E-03 feasible? T
gen  17800/42000      elitist  1.3828030E-03 feasible? T
gen  17900/42000      elitist  1.3828028E-03 feasible? T
gen  18000/42000      elitist  1.3828026E-03 feasible? T
gen  18100/42000      elitist  1.3828025E-03 feasible? T
gen  18200/42000      elitist  1.3828025E-03 feasible? T
gen  18300/42000      elitist  1.3828024E-03 feasible? T
gen  18400/42000      elitist  1.3828024E-03 feasible? T
gen  18500/42000      elitist  1.3828023E-03 feasible? T
gen  18600/42000      elitist  1.3828023E-03 feasible? T
gen  18700/42000      elitist  1.3828023E-03 feasible? T
gen  18800/42000      elitist  1.3828023E-03 feasible? T
gen  18900/42000      elitist  1.3828023E-03 feasible? T
gen  19000/42000      elitist  1.3828022E-03 feasible? T
gen  19100/42000      elitist  1.3828021E-03 feasible? T
gen  19200/42000      elitist  1.3828001E-03 feasible? T
gen  19300/42000      elitist  1.3827993E-03 feasible? T
gen  19400/42000      elitist  1.3827992E-03 feasible? T
gen  19500/42000      elitist  1.3827992E-03 feasible? T
gen  19600/42000      elitist  1.3827989E-03 feasible? T
gen  19700/42000      elitist  1.3827983E-03 feasible? T
gen  19800/42000      elitist  1.3827979E-03 feasible? T
gen  19900/42000      elitist  1.3827965E-03 feasible? T
gen  20000/42000      elitist  1.3827957E-03 feasible? T
gen  20100/42000      elitist  1.3827952E-03 feasible? T
gen  20200/42000      elitist  1.3827951E-03 feasible? T
gen  20300/42000      elitist  1.3827950E-03 feasible? T
gen  20400/42000      elitist  1.3827950E-03 feasible? T
gen  20500/42000      elitist  1.3827949E-03 feasible? T
gen  20600/42000      elitist  1.3827948E-03 feasible? T
gen  20700/42000      elitist  1.3827946E-03 feasible? T
gen  20800/42000      elitist  1.3827944E-03 feasible? T
gen  20900/42000      elitist  1.3827926E-03 feasible? T
gen  21000/42000      elitist  1.3827922E-03 feasible? T
gen  21100/42000      elitist  1.3827918E-03 feasible? T
gen  21200/42000      elitist  1.3827917E-03 feasible? T
gen  21300/42000      elitist  1.3827917E-03 feasible? T
gen  21400/42000      elitist  1.3827916E-03 feasible? T
gen  21500/42000      elitist  1.3827916E-03 feasible? T
gen  21600/42000      elitist  1.3827916E-03 feasible? T
gen  21700/42000      elitist  1.3827915E-03 feasible? T
gen  21800/42000      elitist  1.3827912E-03 feasible? T
gen  21900/42000      elitist  1.3827902E-03 feasible? T
gen  22000/42000      elitist  1.3827900E-03 feasible? T
gen  22100/42000      elitist  1.3827898E-03 feasible? T
gen  22200/42000      elitist  1.3827897E-03 feasible? T
gen  22300/42000      elitist  1.3827896E-03 feasible? T
gen  22400/42000      elitist  1.3827895E-03 feasible? T
gen  22500/42000      elitist  1.3827895E-03 feasible? T
gen  22600/42000      elitist  1.3827895E-03 feasible? T
gen  22700/42000      elitist  1.3827895E-03 feasible? T
gen  22800/42000      elitist  1.3827895E-03 feasible? T
gen  22900/42000      elitist  1.3827895E-03 feasible? T
gen  23000/42000      elitist  1.3827895E-03 feasible? T
gen  23100/42000      elitist  1.3827895E-03 feasible? T
population converged towards a single solution after 23163 generations.
Starting local simplex optimization:
Solution before refinement:      1.3827894954E-03
 performing expansion, best =    1.3804406892694743E-003
 performing expansion, best =    1.3798531910689184E-003
 performing expansion, best =    1.3790513741504338E-003
 performing expansion, best =    1.3789931206925538E-003
 performing expansion, best =    1.3786773966759063E-003
 performing expansion, best =    1.3784327436957542E-003
 performing expansion, best =    1.3782908522512684E-003
 performing expansion, best =    1.3780270046457692E-003
 performing expansion, best =    1.3777104901685859E-003
 performing expansion, best =    1.3775879369097941E-003
 performing expansion, best =    1.3775781718920043E-003
 performing expansion, best =    1.3775506715633949E-003
 performing expansion, best =    1.3772846270359233E-003
 performing expansion, best =    1.3770028510835871E-003
 performing expansion, best =    1.3767378328257819E-003
 performing expansion, best =    1.3766804454782627E-003
 performing expansion, best =    1.3765870829617619E-003
 performing expansion, best =    1.3763484972251442E-003
 performing expansion, best =    1.3763064960386233E-003
 performing expansion, best =    1.3761202701273764E-003
 performing expansion, best =    1.3754003665062543E-003
 performing expansion, best =    1.3753957174258017E-003
 performing expansion, best =    1.3753176453055686E-003
 performing expansion, best =    1.3752690849759956E-003
 performing expansion, best =    1.3748909325197400E-003
 performing expansion, best =    1.3743522137233148E-003
 performing expansion, best =    1.3743436413464775E-003
 performing expansion, best =    1.3742557681469211E-003
 performing expansion, best =    1.3737309339029960E-003
 performing expansion, best =    1.3732187319118389E-003
 performing expansion, best =    1.3725385099110324E-003
 performing expansion, best =    1.3725053657900014E-003
 performing expansion, best =    1.3718291002390100E-003
 performing expansion, best =    1.3717575097208778E-003
 performing expansion, best =    1.3715850532229810E-003
 performing expansion, best =    1.3715642515826014E-003
 performing expansion, best =    1.3709221881090567E-003
 performing expansion, best =    1.3701677889827772E-003
 performing expansion, best =    1.3693676036129951E-003
 performing expansion, best =    1.3684686435016047E-003
 performing expansion, best =    1.3674767109471829E-003
 performing expansion, best =    1.3664059150703472E-003
 performing expansion, best =    1.3654877496611236E-003
 performing expansion, best =    1.3654819352283425E-003
 performing expansion, best =    1.3653328660872251E-003
 performing expansion, best =    1.3652989377607766E-003
 performing expansion, best =    1.3645018028316444E-003
 performing expansion, best =    1.3635315455536783E-003
 performing expansion, best =    1.3623974286520125E-003
 performing expansion, best =    1.3611533046016767E-003
 performing expansion, best =    1.3601485267217589E-003
 performing expansion, best =    1.3599047228380944E-003
 performing expansion, best =    1.3598255314686762E-003
 performing expansion, best =    1.3588810613504557E-003
 performing expansion, best =    1.3578132013868410E-003
 performing expansion, best =    1.3576622769510124E-003
 performing expansion, best =    1.3574716675992297E-003
 performing expansion, best =    1.3563240936072703E-003
 performing expansion, best =    1.3553216675435242E-003
 performing expansion, best =    1.3541487940028748E-003
 performing expansion, best =    1.3530759888235862E-003
 performing expansion, best =    1.3519165630961802E-003
 performing expansion, best =    1.3506558944901617E-003
 performing expansion, best =    1.3505950503905069E-003
 performing expansion, best =    1.3494999358381109E-003
 performing expansion, best =    1.3482208538791595E-003
 performing expansion, best =    1.3480612100689520E-003
 performing expansion, best =    1.3465275472389095E-003
 performing expansion, best =    1.3449876401381033E-003
 performing expansion, best =    1.3449346888032704E-003
 performing expansion, best =    1.3436776359382423E-003
 performing expansion, best =    1.3424174469652160E-003
 performing expansion, best =    1.3423872407236606E-003
 performing expansion, best =    1.3411237559620838E-003
 performing expansion, best =    1.3396206048502408E-003
 performing expansion, best =    1.3380277703570658E-003
 performing expansion, best =    1.3379612114145561E-003
 performing expansion, best =    1.3368269578483238E-003
 performing expansion, best =    1.3353663400515227E-003
 performing expansion, best =    1.3339014537357779E-003
 performing expansion, best =    1.3323321547112584E-003
 performing expansion, best =    1.3308209027637450E-003
 performing expansion, best =    1.3295821848030294E-003
 performing expansion, best =    1.3282033449352408E-003
 performing expansion, best =    1.3280291486291469E-003
 performing expansion, best =    1.3280042269863291E-003
 performing expansion, best =    1.3279506805147655E-003
 performing expansion, best =    1.3268849352971093E-003
 performing expansion, best =    1.3267745642443149E-003
 performing expansion, best =    1.3257573909646555E-003
 performing expansion, best =    1.3247754247954855E-003
 performing expansion, best =    1.3245928243199266E-003
 performing expansion, best =    1.3237962922721498E-003
 performing expansion, best =    1.3231912100398506E-003
 performing expansion, best =    1.3231180295749600E-003
 performing expansion, best =    1.3225552812004175E-003
 performing expansion, best =    1.3225347522358363E-003
 performing expansion, best =    1.3224545873124307E-003
 performing expansion, best =    1.3219021178175396E-003
 performing expansion, best =    1.3214986996300789E-003
 performing expansion, best =    1.3214528939960552E-003
 performing expansion, best =    1.3214107396841898E-003
 performing expansion, best =    1.3211705287655587E-003
 performing expansion, best =    1.3207701453886176E-003
 performing expansion, best =    1.3206700903901812E-003
 performing expansion, best =    1.3206426858445870E-003
 performing expansion, best =    1.3205171827332524E-003
 performing expansion, best =    1.3200681180127133E-003
 performing expansion, best =    1.3198265452008045E-003
 performing expansion, best =    1.3197938659043585E-003
 performing expansion, best =    1.3193735492265705E-003
 performing expansion, best =    1.3188289995066647E-003
 performing expansion, best =    1.3184227065743373E-003
 performing expansion, best =    1.3183266951006234E-003
 performing expansion, best =    1.3183244415407849E-003
 performing expansion, best =    1.3179784137224519E-003
 performing expansion, best =    1.3176309830136171E-003
 performing expansion, best =    1.3172412070213062E-003
 performing expansion, best =    1.3167525866650939E-003
 performing expansion, best =    1.3163194130196693E-003
 performing expansion, best =    1.3162871593864769E-003
 performing expansion, best =    1.3162617019400976E-003
 performing expansion, best =    1.3158882886251770E-003
 performing expansion, best =    1.3155636368717893E-003
 performing expansion, best =    1.3155516557410685E-003
 performing expansion, best =    1.3152375605219022E-003
 performing expansion, best =    1.3147870783322504E-003
 performing expansion, best =    1.3144076711655531E-003
 performing expansion, best =    1.3140738636645954E-003
 performing expansion, best =    1.3137800200772626E-003
 performing expansion, best =    1.3137194178518339E-003
 performing expansion, best =    1.3136753029339226E-003
 performing expansion, best =    1.3136554379413123E-003
 performing expansion, best =    1.3134060259599718E-003
 performing expansion, best =    1.3130951436073925E-003
 performing expansion, best =    1.3128256602936862E-003
 performing expansion, best =    1.3128095962328121E-003
 performing expansion, best =    1.3123995212435450E-003
 performing expansion, best =    1.3122959738866304E-003
 performing expansion, best =    1.3122722065470585E-003
 performing expansion, best =    1.3119275308228263E-003
 performing expansion, best =    1.3118946203563315E-003
 performing expansion, best =    1.3115616494057682E-003
 performing expansion, best =    1.3114978786771822E-003
 performing expansion, best =    1.3114556059632848E-003
 performing expansion, best =    1.3114017542787291E-003
 performing expansion, best =    1.3113804565606292E-003
 performing expansion, best =    1.3110446097785986E-003
 performing expansion, best =    1.3106985633583941E-003
 performing expansion, best =    1.3106725806439122E-003
 performing expansion, best =    1.3104069717299294E-003
 performing expansion, best =    1.3100054044134632E-003
 performing expansion, best =    1.3095904787653781E-003
 performing expansion, best =    1.3093354671539117E-003
 performing expansion, best =    1.3090901848419633E-003
 performing expansion, best =    1.3086318359775578E-003
 performing expansion, best =    1.3082239408789783E-003
 performing expansion, best =    1.3078463970115930E-003
 performing expansion, best =    1.3077989894463376E-003
 performing expansion, best =    1.3073795851372722E-003
 performing expansion, best =    1.3070435505786997E-003
 performing expansion, best =    1.3067262606046106E-003
 performing expansion, best =    1.3064081416840098E-003
 performing expansion, best =    1.3063542181052713E-003
 performing expansion, best =    1.3059379233368203E-003
 performing expansion, best =    1.3054669817698316E-003
 performing expansion, best =    1.3051205969390367E-003
 performing expansion, best =    1.3051021215637405E-003
 performing expansion, best =    1.3050858251308453E-003
 performing expansion, best =    1.3050423110211621E-003
 performing expansion, best =    1.3046723499171324E-003
 performing expansion, best =    1.3042689276339637E-003
 performing expansion, best =    1.3038864475613809E-003
 performing expansion, best =    1.3038495167073554E-003
 performing expansion, best =    1.3034275312550803E-003
 performing expansion, best =    1.3029094793088215E-003
 performing expansion, best =    1.3025518537580388E-003
 performing expansion, best =    1.3025389545393703E-003
 performing expansion, best =    1.3020993729229852E-003
 performing expansion, best =    1.3017366444751093E-003
 performing expansion, best =    1.3013044681208612E-003
 performing expansion, best =    1.3013018936876373E-003
 performing expansion, best =    1.3012624397394745E-003
 performing expansion, best =    1.3012000870142224E-003
 performing expansion, best =    1.3011392646202294E-003
 performing expansion, best =    1.3006973455650514E-003
 performing expansion, best =    1.3006629999842108E-003
 performing expansion, best =    1.3005935227049445E-003
 performing expansion, best =    1.3001408416855845E-003
 performing expansion, best =    1.3000569215235549E-003
 performing expansion, best =    1.3000407911550242E-003
 performing expansion, best =    1.2999830163427438E-003
 performing expansion, best =    1.2999166274998916E-003
 performing expansion, best =    1.2994760708768649E-003
 performing expansion, best =    1.2990949516091654E-003
 performing expansion, best =    1.2990466744467249E-003
 performing expansion, best =    1.2990230101706187E-003
 performing expansion, best =    1.2987054611995276E-003
 performing expansion, best =    1.2986226944842034E-003
 performing expansion, best =    1.2982457784265142E-003
 performing expansion, best =    1.2978732934763922E-003
 performing expansion, best =    1.2978485862496622E-003
 performing expansion, best =    1.2978000601113603E-003
 performing expansion, best =    1.2977890265410933E-003
 performing expansion, best =    1.2974412835805732E-003
 performing expansion, best =    1.2974363245570116E-003
 performing expansion, best =    1.2973552552090521E-003
 performing expansion, best =    1.2973069084356230E-003
 performing expansion, best =    1.2969716943208860E-003
 performing expansion, best =    1.2968621642640878E-003
 performing expansion, best =    1.2968467375758105E-003
 performing expansion, best =    1.2965521441522410E-003
 performing expansion, best =    1.2962462691765678E-003
 performing expansion, best =    1.2959880809643601E-003
 performing expansion, best =    1.2956816350321871E-003
 performing expansion, best =    1.2953562146431456E-003
 performing expansion, best =    1.2950282474899716E-003
 performing expansion, best =    1.2947201335301506E-003
 performing expansion, best =    1.2944192917899177E-003
 performing expansion, best =    1.2940449079692237E-003
 performing expansion, best =    1.2936729543296902E-003
 performing expansion, best =    1.2933724863131498E-003
 performing expansion, best =    1.2929679400298783E-003
 performing expansion, best =    1.2925972049259932E-003
 performing expansion, best =    1.2922359759872813E-003
 performing expansion, best =    1.2918718938644445E-003
 performing expansion, best =    1.2913627250868058E-003
 performing expansion, best =    1.2909147248625738E-003
 performing expansion, best =    1.2904666110239084E-003
 performing expansion, best =    1.2902001825391403E-003
 performing expansion, best =    1.2897784756424481E-003
 performing expansion, best =    1.2894394865679297E-003
 performing expansion, best =    1.2891560619262385E-003
 performing expansion, best =    1.2888555555082295E-003
 performing expansion, best =    1.2884488037976007E-003
 performing expansion, best =    1.2881108883300589E-003
 performing expansion, best =    1.2878500145561140E-003
 performing expansion, best =    1.2874492190064184E-003
 performing expansion, best =    1.2870897743537362E-003
 performing expansion, best =    1.2867742986313669E-003
 performing expansion, best =    1.2863605617242772E-003
 performing expansion, best =    1.2859304592573347E-003
 performing expansion, best =    1.2855828020755806E-003
 performing expansion, best =    1.2853289542779369E-003
 performing expansion, best =    1.2850067861757139E-003
 performing expansion, best =    1.2846916900312571E-003
 performing expansion, best =    1.2843436940795918E-003
 performing expansion, best =    1.2838554434361708E-003
 performing expansion, best =    1.2833486405772259E-003
 performing expansion, best =    1.2828504450220961E-003
 performing expansion, best =    1.2824069183983114E-003
 performing expansion, best =    1.2818991958203610E-003
 performing expansion, best =    1.2813246349169189E-003
 performing expansion, best =    1.2808019284332366E-003
 performing expansion, best =    1.2802767473678465E-003
 performing expansion, best =    1.2797130606738137E-003
 performing expansion, best =    1.2792814041895301E-003
 performing expansion, best =    1.2787494738856352E-003
 performing expansion, best =    1.2781955903586099E-003
 performing expansion, best =    1.2777228608713879E-003
 performing expansion, best =    1.2771298133802762E-003
 performing expansion, best =    1.2765812995256334E-003
 performing expansion, best =    1.2762426164601908E-003
 performing expansion, best =    1.2757065994615348E-003
 performing expansion, best =    1.2752331553809121E-003
 performing expansion, best =    1.2749726294727034E-003
 performing expansion, best =    1.2745916279194634E-003
 performing expansion, best =    1.2741662876551163E-003
 performing expansion, best =    1.2736627181588701E-003
 performing expansion, best =    1.2732506771893433E-003
 performing expansion, best =    1.2728967992055424E-003
 performing expansion, best =    1.2726198003115614E-003
 performing expansion, best =    1.2722541666697566E-003
 performing expansion, best =    1.2721592895037859E-003
 performing expansion, best =    1.2720996350310940E-003
 performing expansion, best =    1.2719622674937682E-003
 performing expansion, best =    1.2719452638759779E-003
 performing expansion, best =    1.2719257446511454E-003
 performing expansion, best =    1.2718957778742358E-003
 performing expansion, best =    1.2718286394581284E-003
 performing expansion, best =    1.2717904831862580E-003
 performing expansion, best =    1.2717103629876216E-003
 performing expansion, best =    1.2716645487309802E-003
 performing expansion, best =    1.2716505058345245E-003
 performing expansion, best =    1.2715184994995144E-003
 performing expansion, best =    1.2714773373663740E-003
 performing expansion, best =    1.2712718541538312E-003
 performing expansion, best =    1.2709350585890212E-003
 performing expansion, best =    1.2708607308443726E-003
 performing expansion, best =    1.2707950624861156E-003
 performing expansion, best =    1.2706484844246082E-003
 performing expansion, best =    1.2704111166572691E-003
 performing expansion, best =    1.2703730607158325E-003
 performing expansion, best =    1.2703448177559501E-003
 performing expansion, best =    1.2703084519091463E-003
 performing expansion, best =    1.2702849555359856E-003
 performing expansion, best =    1.2702046506573770E-003
 performing expansion, best =    1.2701705595688664E-003
 performing expansion, best =    1.2700548224711125E-003
 performing expansion, best =    1.2699412606301151E-003
 performing expansion, best =    1.2698217710724888E-003
 performing expansion, best =    1.2696504948878707E-003
 performing expansion, best =    1.2694788208594515E-003
 performing expansion, best =    1.2693155697015180E-003
 performing expansion, best =    1.2691659866066150E-003
 performing expansion, best =    1.2688428776090584E-003
 performing expansion, best =    1.2685215702548762E-003
 performing expansion, best =    1.2682945978368151E-003
 performing expansion, best =    1.2680350074402607E-003
 performing expansion, best =    1.2678144034504717E-003
 performing expansion, best =    1.2675713257168889E-003
 performing expansion, best =    1.2674530987981530E-003
 performing expansion, best =    1.2671506370111737E-003
 performing expansion, best =    1.2671403901594479E-003
 performing expansion, best =    1.2670920519641672E-003
 performing expansion, best =    1.2668862166533557E-003
 performing expansion, best =    1.2664102629034513E-003
 performing expansion, best =    1.2657879176917639E-003
 performing expansion, best =    1.2657133601666928E-003
 performing expansion, best =    1.2656994184332185E-003
 performing expansion, best =    1.2655970288335163E-003
 performing expansion, best =    1.2655892508583169E-003
 performing expansion, best =    1.2655369899558244E-003
 performing expansion, best =    1.2655176522861763E-003
 performing expansion, best =    1.2654706465270978E-003
 performing expansion, best =    1.2654303734205563E-003
 performing expansion, best =    1.2653766751682376E-003
 performing expansion, best =    1.2653461399366750E-003
 performing expansion, best =    1.2652712127305603E-003
 performing expansion, best =    1.2652546732898843E-003
 performing expansion, best =    1.2652475466113262E-003
 performing expansion, best =    1.2652351786762955E-003
 performing expansion, best =    1.2650881676151090E-003
 performing expansion, best =    1.2648175145966317E-003
 performing expansion, best =    1.2648092335329653E-003
 performing expansion, best =    1.2648088135738132E-003
 performing expansion, best =    1.2645284257491059E-003
 performing expansion, best =    1.2645249068575699E-003
 performing expansion, best =    1.2642000507848245E-003
 performing expansion, best =    1.2637251593684640E-003
 performing expansion, best =    1.2632409304514538E-003
 performing expansion, best =    1.2632296316426768E-003
 performing expansion, best =    1.2632272326407571E-003
 performing expansion, best =    1.2628412903181137E-003
 performing expansion, best =    1.2627896413992601E-003
Exiting simplex optimization after 10001 iterations
Solution after  refinement:      1.2624066370E-03
RMSE         1.262406637E-03 Hartree
NEW BEST!

Starting fitting procedure for 21 charges, trial 2
gen      0/42000      elitist  4.3908342E-02 feasible? F
gen    100/42000      elitist  4.3908342E-02 feasible? F
gen    200/42000      elitist  2.1511441E+22 feasible? F
gen    300/42000      elitist  4.6399335E+22 feasible? F
gen    400/42000      elitist  4.6399335E+22 feasible? F
gen    500/42000      elitist  4.6399335E+22 feasible? F
gen    600/42000      elitist  4.6399335E+22 feasible? F
gen    700/42000      elitist  4.6399335E+22 feasible? F
gen    800/42000      elitist  4.6399335E+22 feasible? F
gen    900/42000      elitist  4.6399335E+22 feasible? F
gen   1000/42000      elitist  4.6399335E+22 feasible? F
gen   1100/42000      elitist  4.6399335E+22 feasible? F
gen   1200/42000      elitist  4.6399335E+22 feasible? F
gen   1300/42000      elitist  4.6399335E+22 feasible? F
gen   1400/42000      elitist  4.6399335E+22 feasible? F
gen   1500/42000      elitist  4.6399335E+22 feasible? F
gen   1600/42000      elitist  4.6399335E+22 feasible? F
gen   1700/42000      elitist  4.6399335E+22 feasible? F
gen   1800/42000      elitist  4.6399335E+22 feasible? F
gen   1900/42000      elitist  4.6399335E+22 feasible? F
gen   2000/42000      elitist  4.6399335E+22 feasible? F
gen   2100/42000      elitist  4.6399335E+22 feasible? F
gen   2200/42000      elitist  4.6399335E+22 feasible? F
gen   2300/42000      elitist  4.6399335E+22 feasible? F
gen   2400/42000      elitist  4.6399335E+22 feasible? F
gen   2500/42000      elitist  4.6399335E+22 feasible? F
gen   2600/42000      elitist  4.6399335E+22 feasible? F
gen   2700/42000      elitist  4.6399335E+22 feasible? F
gen   2800/42000      elitist  4.6399335E+22 feasible? F
gen   2900/42000      elitist  4.6399335E+22 feasible? F
gen   3000/42000      elitist  4.6399335E+22 feasible? F
gen   3100/42000      elitist  4.6399335E+22 feasible? F
gen   3200/42000      elitist  4.6399335E+22 feasible? F
gen   3300/42000      elitist  4.6399335E+22 feasible? F
gen   3400/42000      elitist  4.6399335E+22 feasible? F
gen   3500/42000      elitist  4.6399335E+22 feasible? F
gen   3600/42000      elitist  4.6399335E+22 feasible? F
gen   3700/42000      elitist  4.6399335E+22 feasible? F
gen   3800/42000      elitist  4.6399335E+22 feasible? F
gen   3900/42000      elitist  4.6399335E+22 feasible? F
gen   4000/42000      elitist  4.6399335E+22 feasible? F
gen   4100/42000      elitist  4.6399335E+22 feasible? F
gen   4200/42000      elitist  4.6399335E+22 feasible? F
gen   4300/42000      elitist  4.6399335E+22 feasible? F
gen   4400/42000      elitist  4.6399335E+22 feasible? F
gen   4500/42000      elitist  4.6399335E+22 feasible? F
gen   4600/42000      elitist  4.6399335E+22 feasible? F
gen   4700/42000      elitist  4.6399335E+22 feasible? F
gen   4800/42000      elitist  4.6399335E+22 feasible? F
gen   4900/42000      elitist  4.6399335E+22 feasible? F
gen   5000/42000      elitist  4.6399335E+22 feasible? F
gen   5100/42000      elitist  4.6399335E+22 feasible? F
gen   5200/42000      elitist  4.6399335E+22 feasible? F
gen   5300/42000      elitist  4.6399335E+22 feasible? F
gen   5400/42000      elitist  4.6399335E+22 feasible? F
gen   5500/42000      elitist  4.6399335E+22 feasible? F
gen   5600/42000      elitist  4.6399335E+22 feasible? F
gen   5700/42000      elitist  4.6399335E+22 feasible? F
gen   5800/42000      elitist  4.6399335E+22 feasible? F
gen   5900/42000      elitist  4.6399335E+22 feasible? F
gen   6000/42000      elitist  4.6399335E+22 feasible? F
gen   6100/42000      elitist  4.6399335E+22 feasible? F
gen   6200/42000      elitist  4.6399335E+22 feasible? F
gen   6300/42000      elitist  4.6399335E+22 feasible? F
gen   6400/42000      elitist  4.6399335E+22 feasible? F
gen   6500/42000      elitist  4.6399335E+22 feasible? F
gen   6600/42000      elitist  4.6399335E+22 feasible? F
gen   6700/42000      elitist  4.6399335E+22 feasible? F
gen   6800/42000      elitist  4.6399335E+22 feasible? F
gen   6900/42000      elitist  4.6399335E+22 feasible? F
gen   7000/42000      elitist  4.6399335E+22 feasible? F
gen   7100/42000      elitist  4.6399335E+22 feasible? F
gen   7200/42000      elitist  4.6399335E+22 feasible? F
gen   7300/42000      elitist  4.6399335E+22 feasible? F
gen   7400/42000      elitist  4.6399335E+22 feasible? F
gen   7500/42000      elitist  4.6399335E+22 feasible? F
gen   7600/42000      elitist  4.6399335E+22 feasible? F
gen   7700/42000      elitist  4.6399335E+22 feasible? F
gen   7800/42000      elitist  4.6399335E+22 feasible? F
gen   7900/42000      elitist  4.6399335E+22 feasible? F
gen   8000/42000      elitist  4.6399335E+22 feasible? F
gen   8100/42000      elitist  4.6399335E+22 feasible? F
gen   8200/42000      elitist  4.6399335E+22 feasible? F
gen   8300/42000      elitist  4.6399335E+22 feasible? F
gen   8400/42000      elitist  4.6399335E+22 feasible? F
gen   8500/42000      elitist  4.6399335E+22 feasible? F
gen   8600/42000      elitist  4.6399335E+22 feasible? F
gen   8700/42000      elitist  4.6399335E+22 feasible? F
gen   8800/42000      elitist  4.6399335E+22 feasible? F
gen   8900/42000      elitist  4.6399335E+22 feasible? F
gen   9000/42000      elitist  4.6399335E+22 feasible? F
gen   9100/42000      elitist  4.6399335E+22 feasible? F
gen   9200/42000      elitist  4.6399335E+22 feasible? F
gen   9300/42000      elitist  4.6399335E+22 feasible? F
gen   9400/42000      elitist  4.6399335E+22 feasible? F
gen   9500/42000      elitist  4.6399335E+22 feasible? F
gen   9600/42000      elitist  4.6399335E+22 feasible? F
gen   9700/42000      elitist  4.6399335E+22 feasible? F
gen   9800/42000      elitist  4.6399335E+22 feasible? F
gen   9900/42000      elitist  4.6399335E+22 feasible? F
gen  10000/42000      elitist  4.6399335E+22 feasible? F
gen  10100/42000      elitist  4.6399335E+22 feasible? F
gen  10200/42000      elitist  4.6399335E+22 feasible? F
gen  10300/42000      elitist  4.6399335E+22 feasible? F
gen  10400/42000      elitist  4.6399335E+22 feasible? F
gen  10500/42000      elitist  4.6399335E+22 feasible? F
gen  10600/42000      elitist  4.6399335E+22 feasible? F
gen  10700/42000      elitist  4.6399335E+22 feasible? F
gen  10800/42000      elitist  4.6399335E+22 feasible? F
gen  10900/42000      elitist  4.6399335E+22 feasible? F
gen  11000/42000      elitist  4.6399335E+22 feasible? F
gen  11100/42000      elitist  4.6399335E+22 feasible? F
gen  11200/42000      elitist  4.6399335E+22 feasible? F
gen  11300/42000      elitist  4.6399335E+22 feasible? F
gen  11400/42000      elitist  4.6399335E+22 feasible? F
gen  11500/42000      elitist  4.6399335E+22 feasible? F
gen  11600/42000      elitist  4.6399335E+22 feasible? F
gen  11700/42000      elitist  4.6399335E+22 feasible? F
gen  11800/42000      elitist  4.6399335E+22 feasible? F
gen  11900/42000      elitist  4.6399335E+22 feasible? F
gen  12000/42000      elitist  4.6399335E+22 feasible? F
gen  12100/42000      elitist  4.6399335E+22 feasible? F
gen  12200/42000      elitist  4.6399335E+22 feasible? F
gen  12300/42000      elitist  4.6399335E+22 feasible? F
gen  12400/42000      elitist  4.6399335E+22 feasible? F
gen  12500/42000      elitist  4.6399335E+22 feasible? F
gen  12600/42000      elitist  4.6399335E+22 feasible? F
gen  12700/42000      elitist  4.6399335E+22 feasible? F
gen  12800/42000      elitist  4.6399335E+22 feasible? F
gen  12900/42000      elitist  4.6399335E+22 feasible? F
gen  13000/42000      elitist  4.6399335E+22 feasible? F
gen  13100/42000      elitist  4.6399335E+22 feasible? F
gen  13200/42000      elitist  4.6399335E+22 feasible? F
gen  13300/42000      elitist  4.6399335E+22 feasible? F
gen  13400/42000      elitist  4.6399335E+22 feasible? F
gen  13500/42000      elitist  4.6399335E+22 feasible? F
gen  13600/42000      elitist  4.6399335E+22 feasible? F
gen  13700/42000      elitist  4.6399335E+22 feasible? F
gen  13800/42000      elitist  4.6399335E+22 feasible? F
gen  13900/42000      elitist  4.6399335E+22 feasible? F
gen  14000/42000      elitist  4.6399335E+22 feasible? F
gen  14100/42000      elitist  4.6399335E+22 feasible? F
gen  14200/42000      elitist  4.6399335E+22 feasible? F
gen  14300/42000      elitist  4.6399335E+22 feasible? F
gen  14400/42000      elitist  4.6399335E+22 feasible? F
gen  14500/42000      elitist  4.6399335E+22 feasible? F
gen  14600/42000      elitist  4.6399335E+22 feasible? F
gen  14700/42000      elitist  4.6399335E+22 feasible? F
gen  14800/42000      elitist  4.6399335E+22 feasible? F
gen  14900/42000      elitist  4.6399335E+22 feasible? F
gen  15000/42000      elitist  4.6399335E+22 feasible? F
gen  15100/42000      elitist  4.6399335E+22 feasible? F
gen  15200/42000      elitist  4.6399335E+22 feasible? F
gen  15300/42000      elitist  4.6399335E+22 feasible? F
gen  15400/42000      elitist  4.6399335E+22 feasible? F
gen  15500/42000      elitist  4.6399335E+22 feasible? F
gen  15600/42000      elitist  4.6399335E+22 feasible? F
gen  15700/42000      elitist  4.6399335E+22 feasible? F
gen  15800/42000      elitist  4.6399335E+22 feasible? F
gen  15900/42000      elitist  4.6399335E+22 feasible? F
gen  16000/42000      elitist  4.6399335E+22 feasible? F
gen  16100/42000      elitist  4.6399335E+22 feasible? F
gen  16200/42000      elitist  4.6399335E+22 feasible? F
gen  16300/42000      elitist  4.6399335E+22 feasible? F
gen  16400/42000      elitist  4.6399335E+22 feasible? F
gen  16500/42000      elitist  4.6399335E+22 feasible? F
gen  16600/42000      elitist  4.6399335E+22 feasible? F
gen  16700/42000      elitist  4.6399335E+22 feasible? F
gen  16800/42000      elitist  4.6399335E+22 feasible? F
gen  16900/42000      elitist  4.6399335E+22 feasible? F
gen  17000/42000      elitist  4.6399335E+22 feasible? F
gen  17100/42000      elitist  4.6399335E+22 feasible? F
gen  17200/42000      elitist  4.6399335E+22 feasible? F
gen  17300/42000      elitist  4.6399335E+22 feasible? F
gen  17400/42000      elitist  4.6399335E+22 feasible? F
gen  17500/42000      elitist  4.6399335E+22 feasible? F
gen  17600/42000      elitist  4.6399335E+22 feasible? F
gen  17700/42000      elitist  4.6399335E+22 feasible? F
gen  17800/42000      elitist  4.6399335E+22 feasible? F
gen  17900/42000      elitist  4.6399335E+22 feasible? F
gen  18000/42000      elitist  4.6399335E+22 feasible? F
gen  18100/42000      elitist  4.6399335E+22 feasible? F
gen  18200/42000      elitist  4.6399335E+22 feasible? F
gen  18300/42000      elitist  4.6399335E+22 feasible? F
gen  18400/42000      elitist  4.6399335E+22 feasible? F
gen  18500/42000      elitist  4.6399335E+22 feasible? F
gen  18600/42000      elitist  4.6399335E+22 feasible? F
gen  18700/42000      elitist  4.6399335E+22 feasible? F
gen  18800/42000      elitist  4.6399335E+22 feasible? F
gen  18900/42000      elitist  4.6399335E+22 feasible? F
gen  19000/42000      elitist  4.6399335E+22 feasible? F
gen  19100/42000      elitist  4.6399335E+22 feasible? F
gen  19200/42000      elitist  4.6399335E+22 feasible? F
gen  19300/42000      elitist  4.6399335E+22 feasible? F
gen  19400/42000      elitist  4.6399335E+22 feasible? F
gen  19500/42000      elitist  4.6399335E+22 feasible? F
gen  19600/42000      elitist  4.6399335E+22 feasible? F
gen  19700/42000      elitist  4.6399335E+22 feasible? F
gen  19800/42000      elitist  4.6399335E+22 feasible? F
gen  19900/42000      elitist  4.6399335E+22 feasible? F
gen  20000/42000      elitist  4.6399335E+22 feasible? F
gen  20100/42000      elitist  4.6399335E+22 feasible? F
gen  20200/42000      elitist  4.6399335E+22 feasible? F
gen  20300/42000      elitist  4.6399335E+22 feasible? F
gen  20400/42000      elitist  4.6399335E+22 feasible? F
gen  20500/42000      elitist  4.6399335E+22 feasible? F
gen  20600/42000      elitist  4.6399335E+22 feasible? F
gen  20700/42000      elitist  4.6399335E+22 feasible? F
gen  20800/42000      elitist  4.6399335E+22 feasible? F
gen  20900/42000      elitist  4.6399335E+22 feasible? F
gen  21000/42000      elitist  4.6399335E+22 feasible? F
gen  21100/42000      elitist  4.6399335E+22 feasible? F
gen  21200/42000      elitist  4.6399335E+22 feasible? F
gen  21300/42000      elitist  4.6399335E+22 feasible? F
gen  21400/42000      elitist  4.6399335E+22 feasible? F
gen  21500/42000      elitist  4.6399335E+22 feasible? F
gen  21600/42000      elitist  4.6399335E+22 feasible? F
gen  21700/42000      elitist  4.6399335E+22 feasible? F
gen  21800/42000      elitist  4.6399335E+22 feasible? F
gen  21900/42000      elitist  4.6399335E+22 feasible? F
gen  22000/42000      elitist  4.6399335E+22 feasible? F
gen  22100/42000      elitist  4.6399335E+22 feasible? F
gen  22200/42000      elitist  4.6399335E+22 feasible? F
gen  22300/42000      elitist  4.6399335E+22 feasible? F
gen  22400/42000      elitist  4.6399335E+22 feasible? F
gen  22500/42000      elitist  4.6399335E+22 feasible? F
gen  22600/42000      elitist  4.6399335E+22 feasible? F
gen  22700/42000      elitist  4.6399335E+22 feasible? F
gen  22800/42000      elitist  4.6399335E+22 feasible? F
gen  22900/42000      elitist  4.6399335E+22 feasible? F
gen  23000/42000      elitist  4.6399335E+22 feasible? F
gen  23100/42000      elitist  4.6399335E+22 feasible? F
gen  23200/42000      elitist  4.6399335E+22 feasible? F
gen  23300/42000      elitist  4.6399335E+22 feasible? F
gen  23400/42000      elitist  4.6399335E+22 feasible? F
gen  23500/42000      elitist  4.6399335E+22 feasible? F
gen  23600/42000      elitist  4.6399335E+22 feasible? F
gen  23700/42000      elitist  4.6399335E+22 feasible? F
gen  23800/42000      elitist  4.6399335E+22 feasible? F
gen  23900/42000      elitist  4.6399335E+22 feasible? F
gen  24000/42000      elitist  4.6399335E+22 feasible? F
gen  24100/42000      elitist  4.6399335E+22 feasible? F
gen  24200/42000      elitist  4.6399335E+22 feasible? F
gen  24300/42000      elitist  4.6399335E+22 feasible? F
gen  24400/42000      elitist  4.6399335E+22 feasible? F
gen  24500/42000      elitist  4.6399335E+22 feasible? F
gen  24600/42000      elitist  4.6399335E+22 feasible? F
gen  24700/42000      elitist  4.6399335E+22 feasible? F
gen  24800/42000      elitist  4.6399335E+22 feasible? F
gen  24900/42000      elitist  4.6399335E+22 feasible? F
gen  25000/42000      elitist  4.6399335E+22 feasible? F
gen  25100/42000      elitist  4.6399335E+22 feasible? F
gen  25200/42000      elitist  4.6399335E+22 feasible? F
gen  25300/42000      elitist  4.6399335E+22 feasible? F
gen  25400/42000      elitist  4.6399335E+22 feasible? F
gen  25500/42000      elitist  4.6399335E+22 feasible? F
gen  25600/42000      elitist  4.6399335E+22 feasible? F
gen  25700/42000      elitist  4.6399335E+22 feasible? F
gen  25800/42000      elitist  4.6399335E+22 feasible? F
gen  25900/42000      elitist  4.6399335E+22 feasible? F
gen  26000/42000      elitist  4.6399335E+22 feasible? F
gen  26100/42000      elitist  4.6399335E+22 feasible? F
gen  26200/42000      elitist  4.6399335E+22 feasible? F
gen  26300/42000      elitist  4.6399335E+22 feasible? F
gen  26400/42000      elitist  4.6399335E+22 feasible? F
gen  26500/42000      elitist  4.6399335E+22 feasible? F
gen  26600/42000      elitist  4.6399335E+22 feasible? F
gen  26700/42000      elitist  4.6399335E+22 feasible? F
gen  26800/42000      elitist  4.6399335E+22 feasible? F
gen  26900/42000      elitist  4.6399335E+22 feasible? F
gen  27000/42000      elitist  4.6399335E+22 feasible? F
gen  27100/42000      elitist  4.6399335E+22 feasible? F
gen  27200/42000      elitist  4.6399335E+22 feasible? F
gen  27300/42000      elitist  4.6399335E+22 feasible? F
gen  27400/42000      elitist  4.6399335E+22 feasible? F
gen  27500/42000      elitist  4.6399335E+22 feasible? F
gen  27600/42000      elitist  4.6399335E+22 feasible? F
gen  27700/42000      elitist  4.6399335E+22 feasible? F
gen  27800/42000      elitist  4.6399335E+22 feasible? F
gen  27900/42000      elitist  4.6399335E+22 feasible? F
gen  28000/42000      elitist  4.6399335E+22 feasible? F
gen  28100/42000      elitist  4.6399335E+22 feasible? F
gen  28200/42000      elitist  4.6399335E+22 feasible? F
gen  28300/42000      elitist  4.6399335E+22 feasible? F
gen  28400/42000      elitist  4.6399335E+22 feasible? F
gen  28500/42000      elitist  4.6399335E+22 feasible? F
gen  28600/42000      elitist  4.6399335E+22 feasible? F
gen  28700/42000      elitist  4.6399335E+22 feasible? F
gen  28800/42000      elitist  4.6399335E+22 feasible? F
gen  28900/42000      elitist  4.6399335E+22 feasible? F
gen  29000/42000      elitist  4.6399335E+22 feasible? F
gen  29100/42000      elitist  4.6399335E+22 feasible? F
gen  29200/42000      elitist  4.6399335E+22 feasible? F
gen  29300/42000      elitist  4.6399335E+22 feasible? F
gen  29400/42000      elitist  4.6399335E+22 feasible? F
gen  29500/42000      elitist  4.6399335E+22 feasible? F
gen  29600/42000      elitist  4.6399335E+22 feasible? F
gen  29700/42000      elitist  4.6399335E+22 feasible? F
gen  29800/42000      elitist  4.6399335E+22 feasible? F
gen  29900/42000      elitist  4.6399335E+22 feasible? F
gen  30000/42000      elitist  4.6399335E+22 feasible? F
gen  30100/42000      elitist  4.6399335E+22 feasible? F
gen  30200/42000      elitist  4.6399335E+22 feasible? F
gen  30300/42000      elitist  4.6399335E+22 feasible? F
gen  30400/42000      elitist  4.6399335E+22 feasible? F
gen  30500/42000      elitist  4.6399335E+22 feasible? F
gen  30600/42000      elitist  4.6399335E+22 feasible? F
gen  30700/42000      elitist  4.6399335E+22 feasible? F
gen  30800/42000      elitist  4.6399335E+22 feasible? F
gen  30900/42000      elitist  4.6399335E+22 feasible? F
gen  31000/42000      elitist  4.6399335E+22 feasible? F
gen  31100/42000      elitist  4.6399335E+22 feasible? F
gen  31200/42000      elitist  4.6399335E+22 feasible? F
gen  31300/42000      elitist  4.6399335E+22 feasible? F
gen  31400/42000      elitist  4.6399335E+22 feasible? F
gen  31500/42000      elitist  4.6399335E+22 feasible? F
gen  31600/42000      elitist  4.6399335E+22 feasible? F
gen  31700/42000      elitist  4.6399335E+22 feasible? F
gen  31800/42000      elitist  4.6399335E+22 feasible? F
gen  31900/42000      elitist  4.6399335E+22 feasible? F
gen  32000/42000      elitist  4.6399335E+22 feasible? F
gen  32100/42000      elitist  4.6399335E+22 feasible? F
gen  32200/42000      elitist  4.6399335E+22 feasible? F
gen  32300/42000      elitist  4.6399335E+22 feasible? F
gen  32400/42000      elitist  4.6399335E+22 feasible? F
gen  32500/42000      elitist  4.6399335E+22 feasible? F
gen  32600/42000      elitist  4.6399335E+22 feasible? F
gen  32700/42000      elitist  4.6399335E+22 feasible? F
gen  32800/42000      elitist  4.6399335E+22 feasible? F
gen  32900/42000      elitist  4.6399335E+22 feasible? F
gen  33000/42000      elitist  4.6399335E+22 feasible? F
gen  33100/42000      elitist  4.6399335E+22 feasible? F
gen  33200/42000      elitist  4.6399335E+22 feasible? F
gen  33300/42000      elitist  4.6399335E+22 feasible? F
gen  33400/42000      elitist  4.6399335E+22 feasible? F
gen  33500/42000      elitist  4.6399335E+22 feasible? F
gen  33600/42000      elitist  4.6399335E+22 feasible? F
gen  33700/42000      elitist  4.6399335E+22 feasible? F
gen  33800/42000      elitist  4.6399335E+22 feasible? F
gen  33900/42000      elitist  4.6399335E+22 feasible? F
gen  34000/42000      elitist  4.6399335E+22 feasible? F
gen  34100/42000      elitist  4.6399335E+22 feasible? F
gen  34200/42000      elitist  4.6399335E+22 feasible? F
gen  34300/42000      elitist  4.6399335E+22 feasible? F
gen  34400/42000      elitist  4.6399335E+22 feasible? F
gen  34500/42000      elitist  4.6399335E+22 feasible? F
gen  34600/42000      elitist  4.6399335E+22 feasible? F
gen  34700/42000      elitist  4.6399335E+22 feasible? F
gen  34800/42000      elitist  4.6399335E+22 feasible? F
gen  34900/42000      elitist  4.6399335E+22 feasible? F
gen  35000/42000      elitist  4.6399335E+22 feasible? F
gen  35100/42000      elitist  4.6399335E+22 feasible? F
gen  35200/42000      elitist  4.6399335E+22 feasible? F
gen  35300/42000      elitist  4.6399335E+22 feasible? F
gen  35400/42000      elitist  4.6399335E+22 feasible? F
gen  35500/42000      elitist  4.6399335E+22 feasible? F
gen  35600/42000      elitist  4.6399335E+22 feasible? F
gen  35700/42000      elitist  4.6399335E+22 feasible? F
gen  35800/42000      elitist  4.6399335E+22 feasible? F
gen  35900/42000      elitist  4.6399335E+22 feasible? F
gen  36000/42000      elitist  4.6399335E+22 feasible? F
gen  36100/42000      elitist  4.6399335E+22 feasible? F
gen  36200/42000      elitist  4.6399335E+22 feasible? F
gen  36300/42000      elitist  4.6399335E+22 feasible? F
gen  36400/42000      elitist  4.6399335E+22 feasible? F
gen  36500/42000      elitist  4.6399335E+22 feasible? F
gen  36600/42000      elitist  4.6399335E+22 feasible? F
gen  36700/42000      elitist  4.6399335E+22 feasible? F
gen  36800/42000      elitist  4.6399335E+22 feasible? F
gen  36900/42000      elitist  4.6399335E+22 feasible? F
gen  37000/42000      elitist  4.6399335E+22 feasible? F
gen  37100/42000      elitist  4.6399335E+22 feasible? F
gen  37200/42000      elitist  4.6399335E+22 feasible? F
gen  37300/42000      elitist  4.6399335E+22 feasible? F
gen  37400/42000      elitist  4.6399335E+22 feasible? F
gen  37500/42000      elitist  4.6399335E+22 feasible? F
gen  37600/42000      elitist  4.6399335E+22 feasible? F
gen  37700/42000      elitist  4.6399335E+22 feasible? F
gen  37800/42000      elitist  4.6399335E+22 feasible? F
gen  37900/42000      elitist  4.6399335E+22 feasible? F
gen  38000/42000      elitist  4.6399335E+22 feasible? F
gen  38100/42000      elitist  4.6399335E+22 feasible? F
gen  38200/42000      elitist  4.6399335E+22 feasible? F
gen  38300/42000      elitist  4.6399335E+22 feasible? F
gen  38400/42000      elitist  4.6399335E+22 feasible? F
gen  38500/42000      elitist  4.6399335E+22 feasible? F
gen  38600/42000      elitist  4.6399335E+22 feasible? F
gen  38700/42000      elitist  4.6399335E+22 feasible? F
gen  38800/42000      elitist  4.6399335E+22 feasible? F
gen  38900/42000      elitist  4.6399335E+22 feasible? F
gen  39000/42000      elitist  4.6399335E+22 feasible? F
gen  39100/42000      elitist  4.6399335E+22 feasible? F
gen  39200/42000      elitist  4.6399335E+22 feasible? F
gen  39300/42000      elitist  4.6399335E+22 feasible? F
gen  39400/42000      elitist  4.6399335E+22 feasible? F
gen  39500/42000      elitist  4.6399335E+22 feasible? F
gen  39600/42000      elitist  4.6399335E+22 feasible? F
gen  39700/42000      elitist  4.6399335E+22 feasible? F
gen  39800/42000      elitist  4.6399335E+22 feasible? F
gen  39900/42000      elitist  4.6399335E+22 feasible? F
gen  40000/42000      elitist  4.6399335E+22 feasible? F
gen  40100/42000      elitist  4.6399335E+22 feasible? F
gen  40200/42000      elitist  4.6399335E+22 feasible? F
gen  40300/42000      elitist  4.6399335E+22 feasible? F
gen  40400/42000      elitist  4.6399335E+22 feasible? F
gen  40500/42000      elitist  4.6399335E+22 feasible? F
gen  40600/42000      elitist  4.6399335E+22 feasible? F
gen  40700/42000      elitist  4.6399335E+22 feasible? F
gen  40800/42000      elitist  4.6399335E+22 feasible? F
gen  40900/42000      elitist  4.6399335E+22 feasible? F
gen  41000/42000      elitist  4.6399335E+22 feasible? F
gen  41100/42000      elitist  4.6399335E+22 feasible? F
gen  41200/42000      elitist  4.6399335E+22 feasible? F
gen  41300/42000      elitist  4.6399335E+22 feasible? F
gen  41400/42000      elitist  4.6399335E+22 feasible? F
gen  41500/42000      elitist  4.6399335E+22 feasible? F
gen  41600/42000      elitist  4.6399335E+22 feasible? F
gen  41700/42000      elitist  4.6399335E+22 feasible? F
gen  41800/42000      elitist  4.6399335E+22 feasible? F
gen  41900/42000      elitist  4.6399335E+22 feasible? F
gen  42000/42000      elitist  4.6399335E+22 feasible? F
WARNING: No feasible solution was found!
Starting local simplex optimization:
Solution before refinement:      4.6399335329E+22
Solution after  refinement:      4.6399335329E+22
RMSE         4.639933533E+22 Hartree

Starting fitting procedure for 21 charges, trial 3
gen      0/42000      elitist  4.1708051E-02 feasible? F
gen    100/42000      elitist  1.3246032E+22 feasible? F
gen    200/42000      elitist  3.0463017E+22 feasible? F
gen    300/42000      elitist  3.0463017E+22 feasible? F
gen    400/42000      elitist  3.0463017E+22 feasible? F
gen    500/42000      elitist  3.0463017E+22 feasible? F
gen    600/42000      elitist  3.0463017E+22 feasible? F
gen    700/42000      elitist  3.0463017E+22 feasible? F
gen    800/42000      elitist  3.0463017E+22 feasible? F
gen    900/42000      elitist  3.0463017E+22 feasible? F
gen   1000/42000      elitist  3.0463017E+22 feasible? F
gen   1100/42000      elitist  3.0463017E+22 feasible? F
gen   1200/42000      elitist  3.0463017E+22 feasible? F
gen   1300/42000      elitist  3.0463017E+22 feasible? F
gen   1400/42000      elitist  3.0463017E+22 feasible? F
gen   1500/42000      elitist  3.0463017E+22 feasible? F
gen   1600/42000      elitist  3.0463017E+22 feasible? F
gen   1700/42000      elitist  3.0463017E+22 feasible? F
gen   1800/42000      elitist  3.0463017E+22 feasible? F
gen   1900/42000      elitist  3.0463017E+22 feasible? F
gen   2000/42000      elitist  3.0463017E+22 feasible? F
gen   2100/42000      elitist  3.0463017E+22 feasible? F
gen   2200/42000      elitist  3.0463017E+22 feasible? F
gen   2300/42000      elitist  3.0463017E+22 feasible? F
gen   2400/42000      elitist  3.0463017E+22 feasible? F
gen   2500/42000      elitist  3.0463017E+22 feasible? F
gen   2600/42000      elitist  3.0463017E+22 feasible? F
gen   2700/42000      elitist  3.0463017E+22 feasible? F
gen   2800/42000      elitist  3.0463017E+22 feasible? F
gen   2900/42000      elitist  3.0463017E+22 feasible? F
gen   3000/42000      elitist  3.0463017E+22 feasible? F
gen   3100/42000      elitist  3.0463017E+22 feasible? F
gen   3200/42000      elitist  3.0463017E+22 feasible? F
gen   3300/42000      elitist  3.0463017E+22 feasible? F
gen   3400/42000      elitist  3.0463017E+22 feasible? F
gen   3500/42000      elitist  3.0463017E+22 feasible? F
gen   3600/42000      elitist  3.0463017E+22 feasible? F
gen   3700/42000      elitist  3.0463017E+22 feasible? F
gen   3800/42000      elitist  3.0463017E+22 feasible? F
gen   3900/42000      elitist  3.0463017E+22 feasible? F
gen   4000/42000      elitist  3.0463017E+22 feasible? F
gen   4100/42000      elitist  3.0463017E+22 feasible? F
gen   4200/42000      elitist  3.0463017E+22 feasible? F
gen   4300/42000      elitist  3.0463017E+22 feasible? F
gen   4400/42000      elitist  3.0463017E+22 feasible? F
gen   4500/42000      elitist  3.0463017E+22 feasible? F
gen   4600/42000      elitist  3.0463017E+22 feasible? F
gen   4700/42000      elitist  3.0463017E+22 feasible? F
gen   4800/42000      elitist  3.0463017E+22 feasible? F
gen   4900/42000      elitist  3.0463017E+22 feasible? F
gen   5000/42000      elitist  3.0463017E+22 feasible? F
gen   5100/42000      elitist  3.0463017E+22 feasible? F
gen   5200/42000      elitist  3.0463017E+22 feasible? F
gen   5300/42000      elitist  3.0463017E+22 feasible? F
gen   5400/42000      elitist  3.0463017E+22 feasible? F
gen   5500/42000      elitist  3.0463017E+22 feasible? F
gen   5600/42000      elitist  3.0463017E+22 feasible? F
gen   5700/42000      elitist  3.0463017E+22 feasible? F
gen   5800/42000      elitist  3.0463017E+22 feasible? F
gen   5900/42000      elitist  3.0463017E+22 feasible? F
gen   6000/42000      elitist  3.0463017E+22 feasible? F
gen   6100/42000      elitist  3.0463017E+22 feasible? F
gen   6200/42000      elitist  3.0463017E+22 feasible? F
gen   6300/42000      elitist  3.0463017E+22 feasible? F
gen   6400/42000      elitist  3.0463017E+22 feasible? F
gen   6500/42000      elitist  3.0463017E+22 feasible? F
gen   6600/42000      elitist  3.0463017E+22 feasible? F
gen   6700/42000      elitist  3.0463017E+22 feasible? F
gen   6800/42000      elitist  3.0463017E+22 feasible? F
gen   6900/42000      elitist  3.0463017E+22 feasible? F
gen   7000/42000      elitist  3.0463017E+22 feasible? F
gen   7100/42000      elitist  3.0463017E+22 feasible? F
gen   7200/42000      elitist  3.0463017E+22 feasible? F
gen   7300/42000      elitist  3.0463017E+22 feasible? F
gen   7400/42000      elitist  3.0463017E+22 feasible? F
gen   7500/42000      elitist  3.0463017E+22 feasible? F
gen   7600/42000      elitist  3.0463017E+22 feasible? F
gen   7700/42000      elitist  3.0463017E+22 feasible? F
gen   7800/42000      elitist  3.0463017E+22 feasible? F
gen   7900/42000      elitist  3.0463017E+22 feasible? F
gen   8000/42000      elitist  3.0463017E+22 feasible? F
gen   8100/42000      elitist  3.0463017E+22 feasible? F
gen   8200/42000      elitist  3.0463017E+22 feasible? F
gen   8300/42000      elitist  3.0463017E+22 feasible? F
gen   8400/42000      elitist  3.0463017E+22 feasible? F
gen   8500/42000      elitist  3.0463017E+22 feasible? F
gen   8600/42000      elitist  3.0463017E+22 feasible? F
gen   8700/42000      elitist  3.0463017E+22 feasible? F
gen   8800/42000      elitist  3.0463017E+22 feasible? F
gen   8900/42000      elitist  3.0463017E+22 feasible? F
gen   9000/42000      elitist  3.0463017E+22 feasible? F
gen   9100/42000      elitist  3.0463017E+22 feasible? F
gen   9200/42000      elitist  3.0463017E+22 feasible? F
gen   9300/42000      elitist  3.0463017E+22 feasible? F
gen   9400/42000      elitist  3.0463017E+22 feasible? F
gen   9500/42000      elitist  3.0463017E+22 feasible? F
gen   9600/42000      elitist  3.0463017E+22 feasible? F
gen   9700/42000      elitist  3.0463017E+22 feasible? F
gen   9800/42000      elitist  3.0463017E+22 feasible? F
gen   9900/42000      elitist  3.0463017E+22 feasible? F
gen  10000/42000      elitist  3.0463017E+22 feasible? F
gen  10100/42000      elitist  3.0463017E+22 feasible? F
gen  10200/42000      elitist  3.0463017E+22 feasible? F
gen  10300/42000      elitist  3.0463017E+22 feasible? F
gen  10400/42000      elitist  3.0463017E+22 feasible? F
gen  10500/42000      elitist  3.0463017E+22 feasible? F
gen  10600/42000      elitist  3.0463017E+22 feasible? F
gen  10700/42000      elitist  3.0463017E+22 feasible? F
gen  10800/42000      elitist  3.0463017E+22 feasible? F
gen  10900/42000      elitist  3.0463017E+22 feasible? F
gen  11000/42000      elitist  3.0463017E+22 feasible? F
gen  11100/42000      elitist  3.0463017E+22 feasible? F
gen  11200/42000      elitist  3.0463017E+22 feasible? F
gen  11300/42000      elitist  3.0463017E+22 feasible? F
gen  11400/42000      elitist  3.0463017E+22 feasible? F
gen  11500/42000      elitist  3.0463017E+22 feasible? F
gen  11600/42000      elitist  3.0463017E+22 feasible? F
gen  11700/42000      elitist  3.0463017E+22 feasible? F
gen  11800/42000      elitist  3.0463017E+22 feasible? F
gen  11900/42000      elitist  3.0463017E+22 feasible? F
gen  12000/42000      elitist  3.0463017E+22 feasible? F
gen  12100/42000      elitist  3.0463017E+22 feasible? F
gen  12200/42000      elitist  3.0463017E+22 feasible? F
gen  12300/42000      elitist  3.0463017E+22 feasible? F
gen  12400/42000      elitist  3.0463017E+22 feasible? F
gen  12500/42000      elitist  3.0463017E+22 feasible? F
gen  12600/42000      elitist  3.0463017E+22 feasible? F
gen  12700/42000      elitist  3.0463017E+22 feasible? F
gen  12800/42000      elitist  3.0463017E+22 feasible? F
gen  12900/42000      elitist  3.0463017E+22 feasible? F
gen  13000/42000      elitist  3.0463017E+22 feasible? F
gen  13100/42000      elitist  3.0463017E+22 feasible? F
gen  13200/42000      elitist  3.0463017E+22 feasible? F
gen  13300/42000      elitist  3.0463017E+22 feasible? F
gen  13400/42000      elitist  3.0463017E+22 feasible? F
gen  13500/42000      elitist  3.0463017E+22 feasible? F
gen  13600/42000      elitist  3.0463017E+22 feasible? F
gen  13700/42000      elitist  3.0463017E+22 feasible? F
gen  13800/42000      elitist  3.0463017E+22 feasible? F
gen  13900/42000      elitist  3.0463017E+22 feasible? F
gen  14000/42000      elitist  3.0463017E+22 feasible? F
gen  14100/42000      elitist  3.0463017E+22 feasible? F
gen  14200/42000      elitist  3.0463017E+22 feasible? F
gen  14300/42000      elitist  3.0463017E+22 feasible? F
gen  14400/42000      elitist  3.0463017E+22 feasible? F
gen  14500/42000      elitist  3.0463017E+22 feasible? F
gen  14600/42000      elitist  3.0463017E+22 feasible? F
gen  14700/42000      elitist  3.0463017E+22 feasible? F
gen  14800/42000      elitist  3.0463017E+22 feasible? F
gen  14900/42000      elitist  3.0463017E+22 feasible? F
gen  15000/42000      elitist  3.0463017E+22 feasible? F
gen  15100/42000      elitist  3.0463017E+22 feasible? F
gen  15200/42000      elitist  3.0463017E+22 feasible? F
gen  15300/42000      elitist  3.0463017E+22 feasible? F
gen  15400/42000      elitist  3.0463017E+22 feasible? F
gen  15500/42000      elitist  3.0463017E+22 feasible? F
gen  15600/42000      elitist  3.0463017E+22 feasible? F
gen  15700/42000      elitist  3.0463017E+22 feasible? F
gen  15800/42000      elitist  3.0463017E+22 feasible? F
gen  15900/42000      elitist  3.0463017E+22 feasible? F
gen  16000/42000      elitist  3.0463017E+22 feasible? F
gen  16100/42000      elitist  3.0463017E+22 feasible? F
gen  16200/42000      elitist  3.0463017E+22 feasible? F
gen  16300/42000      elitist  3.0463017E+22 feasible? F
gen  16400/42000      elitist  3.0463017E+22 feasible? F
gen  16500/42000      elitist  3.0463017E+22 feasible? F
gen  16600/42000      elitist  3.0463017E+22 feasible? F
gen  16700/42000      elitist  3.0463017E+22 feasible? F
gen  16800/42000      elitist  3.0463017E+22 feasible? F
gen  16900/42000      elitist  3.0463017E+22 feasible? F
gen  17000/42000      elitist  3.0463017E+22 feasible? F
gen  17100/42000      elitist  3.0463017E+22 feasible? F
gen  17200/42000      elitist  3.0463017E+22 feasible? F
gen  17300/42000      elitist  3.0463017E+22 feasible? F
gen  17400/42000      elitist  3.0463017E+22 feasible? F
gen  17500/42000      elitist  3.0463017E+22 feasible? F
gen  17600/42000      elitist  3.0463017E+22 feasible? F
gen  17700/42000      elitist  3.0463017E+22 feasible? F
gen  17800/42000      elitist  3.0463017E+22 feasible? F
gen  17900/42000      elitist  3.0463017E+22 feasible? F
gen  18000/42000      elitist  3.0463017E+22 feasible? F
gen  18100/42000      elitist  3.0463017E+22 feasible? F
gen  18200/42000      elitist  3.0463017E+22 feasible? F
gen  18300/42000      elitist  3.0463017E+22 feasible? F
gen  18400/42000      elitist  3.0463017E+22 feasible? F
gen  18500/42000      elitist  3.0463017E+22 feasible? F
gen  18600/42000      elitist  3.0463017E+22 feasible? F
gen  18700/42000      elitist  3.0463017E+22 feasible? F
gen  18800/42000      elitist  3.0463017E+22 feasible? F
gen  18900/42000      elitist  3.0463017E+22 feasible? F
gen  19000/42000      elitist  3.0463017E+22 feasible? F
gen  19100/42000      elitist  3.0463017E+22 feasible? F
gen  19200/42000      elitist  3.0463017E+22 feasible? F
gen  19300/42000      elitist  3.0463017E+22 feasible? F
gen  19400/42000      elitist  3.0463017E+22 feasible? F
gen  19500/42000      elitist  3.0463017E+22 feasible? F
gen  19600/42000      elitist  3.0463017E+22 feasible? F
gen  19700/42000      elitist  3.0463017E+22 feasible? F
gen  19800/42000      elitist  3.0463017E+22 feasible? F
gen  19900/42000      elitist  3.0463017E+22 feasible? F
gen  20000/42000      elitist  3.0463017E+22 feasible? F
gen  20100/42000      elitist  3.0463017E+22 feasible? F
gen  20200/42000      elitist  3.0463017E+22 feasible? F
gen  20300/42000      elitist  3.0463017E+22 feasible? F
gen  20400/42000      elitist  3.0463017E+22 feasible? F
gen  20500/42000      elitist  3.0463017E+22 feasible? F
gen  20600/42000      elitist  3.0463017E+22 feasible? F
gen  20700/42000      elitist  3.0463017E+22 feasible? F
gen  20800/42000      elitist  3.0463017E+22 feasible? F
gen  20900/42000      elitist  3.0463017E+22 feasible? F
gen  21000/42000      elitist  3.0463017E+22 feasible? F
gen  21100/42000      elitist  3.0463017E+22 feasible? F
gen  21200/42000      elitist  3.0463017E+22 feasible? F
gen  21300/42000      elitist  3.0463017E+22 feasible? F
gen  21400/42000      elitist  3.0463017E+22 feasible? F
gen  21500/42000      elitist  3.0463017E+22 feasible? F
gen  21600/42000      elitist  3.0463017E+22 feasible? F
gen  21700/42000      elitist  3.0463017E+22 feasible? F
gen  21800/42000      elitist  3.0463017E+22 feasible? F
gen  21900/42000      elitist  3.0463017E+22 feasible? F
gen  22000/42000      elitist  3.0463017E+22 feasible? F
gen  22100/42000      elitist  3.0463017E+22 feasible? F
gen  22200/42000      elitist  3.0463017E+22 feasible? F
gen  22300/42000      elitist  3.0463017E+22 feasible? F
gen  22400/42000      elitist  3.0463017E+22 feasible? F
gen  22500/42000      elitist  3.0463017E+22 feasible? F
gen  22600/42000      elitist  3.0463017E+22 feasible? F
gen  22700/42000      elitist  3.0463017E+22 feasible? F
gen  22800/42000      elitist  3.0463017E+22 feasible? F
gen  22900/42000      elitist  3.0463017E+22 feasible? F
gen  23000/42000      elitist  3.0463017E+22 feasible? F
gen  23100/42000      elitist  3.0463017E+22 feasible? F
gen  23200/42000      elitist  3.0463017E+22 feasible? F
gen  23300/42000      elitist  3.0463017E+22 feasible? F
gen  23400/42000      elitist  3.0463017E+22 feasible? F
gen  23500/42000      elitist  3.0463017E+22 feasible? F
gen  23600/42000      elitist  3.0463017E+22 feasible? F
gen  23700/42000      elitist  3.0463017E+22 feasible? F
gen  23800/42000      elitist  3.0463017E+22 feasible? F
gen  23900/42000      elitist  3.0463017E+22 feasible? F
gen  24000/42000      elitist  3.0463017E+22 feasible? F
gen  24100/42000      elitist  3.0463017E+22 feasible? F
gen  24200/42000      elitist  3.0463017E+22 feasible? F
gen  24300/42000      elitist  3.0463017E+22 feasible? F
gen  24400/42000      elitist  3.0463017E+22 feasible? F
gen  24500/42000      elitist  3.0463017E+22 feasible? F
gen  24600/42000      elitist  3.0463017E+22 feasible? F
gen  24700/42000      elitist  3.0463017E+22 feasible? F
gen  24800/42000      elitist  3.0463017E+22 feasible? F
gen  24900/42000      elitist  3.0463017E+22 feasible? F
gen  25000/42000      elitist  3.0463017E+22 feasible? F
gen  25100/42000      elitist  3.0463017E+22 feasible? F
gen  25200/42000      elitist  3.0463017E+22 feasible? F
gen  25300/42000      elitist  3.0463017E+22 feasible? F
gen  25400/42000      elitist  3.0463017E+22 feasible? F
gen  25500/42000      elitist  3.0463017E+22 feasible? F
gen  25600/42000      elitist  3.0463017E+22 feasible? F
gen  25700/42000      elitist  3.0463017E+22 feasible? F
gen  25800/42000      elitist  3.0463017E+22 feasible? F
gen  25900/42000      elitist  3.0463017E+22 feasible? F
gen  26000/42000      elitist  3.0463017E+22 feasible? F
gen  26100/42000      elitist  3.0463017E+22 feasible? F
gen  26200/42000      elitist  3.0463017E+22 feasible? F
gen  26300/42000      elitist  3.0463017E+22 feasible? F
gen  26400/42000      elitist  3.0463017E+22 feasible? F
gen  26500/42000      elitist  3.0463017E+22 feasible? F
gen  26600/42000      elitist  3.0463017E+22 feasible? F
gen  26700/42000      elitist  3.0463017E+22 feasible? F
gen  26800/42000      elitist  3.0463017E+22 feasible? F
gen  26900/42000      elitist  3.0463017E+22 feasible? F
gen  27000/42000      elitist  3.0463017E+22 feasible? F
gen  27100/42000      elitist  3.0463017E+22 feasible? F
gen  27200/42000      elitist  3.0463017E+22 feasible? F
gen  27300/42000      elitist  3.0463017E+22 feasible? F
gen  27400/42000      elitist  3.0463017E+22 feasible? F
gen  27500/42000      elitist  3.0463017E+22 feasible? F
gen  27600/42000      elitist  3.0463017E+22 feasible? F
gen  27700/42000      elitist  3.0463017E+22 feasible? F
gen  27800/42000      elitist  3.0463017E+22 feasible? F
gen  27900/42000      elitist  3.0463017E+22 feasible? F
gen  28000/42000      elitist  3.0463017E+22 feasible? F
gen  28100/42000      elitist  3.0463017E+22 feasible? F
gen  28200/42000      elitist  3.0463017E+22 feasible? F
gen  28300/42000      elitist  3.0463017E+22 feasible? F
gen  28400/42000      elitist  3.0463017E+22 feasible? F
gen  28500/42000      elitist  3.0463017E+22 feasible? F
gen  28600/42000      elitist  3.0463017E+22 feasible? F
gen  28700/42000      elitist  3.0463017E+22 feasible? F
gen  28800/42000      elitist  3.0463017E+22 feasible? F
gen  28900/42000      elitist  3.0463017E+22 feasible? F
gen  29000/42000      elitist  3.0463017E+22 feasible? F
gen  29100/42000      elitist  3.0463017E+22 feasible? F
gen  29200/42000      elitist  3.0463017E+22 feasible? F
gen  29300/42000      elitist  3.0463017E+22 feasible? F
gen  29400/42000      elitist  3.0463017E+22 feasible? F
gen  29500/42000      elitist  3.0463017E+22 feasible? F
gen  29600/42000      elitist  3.0463017E+22 feasible? F
gen  29700/42000      elitist  3.0463017E+22 feasible? F
gen  29800/42000      elitist  3.0463017E+22 feasible? F
gen  29900/42000      elitist  3.0463017E+22 feasible? F
gen  30000/42000      elitist  3.0463017E+22 feasible? F
gen  30100/42000      elitist  3.0463017E+22 feasible? F
gen  30200/42000      elitist  3.0463017E+22 feasible? F
gen  30300/42000      elitist  3.0463017E+22 feasible? F
gen  30400/42000      elitist  3.0463017E+22 feasible? F
gen  30500/42000      elitist  3.0463017E+22 feasible? F
gen  30600/42000      elitist  3.0463017E+22 feasible? F
gen  30700/42000      elitist  3.0463017E+22 feasible? F
gen  30800/42000      elitist  3.0463017E+22 feasible? F
gen  30900/42000      elitist  3.0463017E+22 feasible? F
gen  31000/42000      elitist  3.0463017E+22 feasible? F
gen  31100/42000      elitist  3.0463017E+22 feasible? F
gen  31200/42000      elitist  3.0463017E+22 feasible? F
gen  31300/42000      elitist  3.0463017E+22 feasible? F
gen  31400/42000      elitist  3.0463017E+22 feasible? F
gen  31500/42000      elitist  3.0463017E+22 feasible? F
gen  31600/42000      elitist  3.0463017E+22 feasible? F
gen  31700/42000      elitist  3.0463017E+22 feasible? F
gen  31800/42000      elitist  3.0463017E+22 feasible? F
gen  31900/42000      elitist  3.0463017E+22 feasible? F
gen  32000/42000      elitist  3.0463017E+22 feasible? F
gen  32100/42000      elitist  3.0463017E+22 feasible? F
gen  32200/42000      elitist  3.0463017E+22 feasible? F
gen  32300/42000      elitist  3.0463017E+22 feasible? F
gen  32400/42000      elitist  3.0463017E+22 feasible? F
gen  32500/42000      elitist  3.0463017E+22 feasible? F
gen  32600/42000      elitist  3.0463017E+22 feasible? F
gen  32700/42000      elitist  3.0463017E+22 feasible? F
gen  32800/42000      elitist  3.0463017E+22 feasible? F
gen  32900/42000      elitist  3.0463017E+22 feasible? F
gen  33000/42000      elitist  3.0463017E+22 feasible? F
gen  33100/42000      elitist  3.0463017E+22 feasible? F
gen  33200/42000      elitist  3.0463017E+22 feasible? F
gen  33300/42000      elitist  3.0463017E+22 feasible? F
gen  33400/42000      elitist  3.0463017E+22 feasible? F
gen  33500/42000      elitist  3.0463017E+22 feasible? F
gen  33600/42000      elitist  3.0463017E+22 feasible? F
gen  33700/42000      elitist  3.0463017E+22 feasible? F
gen  33800/42000      elitist  3.0463017E+22 feasible? F
gen  33900/42000      elitist  3.0463017E+22 feasible? F
gen  34000/42000      elitist  3.0463017E+22 feasible? F
gen  34100/42000      elitist  3.0463017E+22 feasible? F
gen  34200/42000      elitist  3.0463017E+22 feasible? F
gen  34300/42000      elitist  3.0463017E+22 feasible? F
gen  34400/42000      elitist  3.0463017E+22 feasible? F
gen  34500/42000      elitist  3.0463017E+22 feasible? F
gen  34600/42000      elitist  3.0463017E+22 feasible? F
gen  34700/42000      elitist  3.0463017E+22 feasible? F
gen  34800/42000      elitist  3.0463017E+22 feasible? F
gen  34900/42000      elitist  3.0463017E+22 feasible? F
gen  35000/42000      elitist  3.0463017E+22 feasible? F
gen  35100/42000      elitist  3.0463017E+22 feasible? F
gen  35200/42000      elitist  3.0463017E+22 feasible? F
gen  35300/42000      elitist  3.0463017E+22 feasible? F
gen  35400/42000      elitist  3.0463017E+22 feasible? F
gen  35500/42000      elitist  3.0463017E+22 feasible? F
gen  35600/42000      elitist  3.0463017E+22 feasible? F
gen  35700/42000      elitist  3.0463017E+22 feasible? F
gen  35800/42000      elitist  3.0463017E+22 feasible? F
gen  35900/42000      elitist  3.0463017E+22 feasible? F
gen  36000/42000      elitist  3.0463017E+22 feasible? F
gen  36100/42000      elitist  3.0463017E+22 feasible? F
gen  36200/42000      elitist  3.0463017E+22 feasible? F
gen  36300/42000      elitist  3.0463017E+22 feasible? F
gen  36400/42000      elitist  3.0463017E+22 feasible? F
gen  36500/42000      elitist  3.0463017E+22 feasible? F
gen  36600/42000      elitist  3.0463017E+22 feasible? F
gen  36700/42000      elitist  3.0463017E+22 feasible? F
gen  36800/42000      elitist  3.0463017E+22 feasible? F
gen  36900/42000      elitist  3.0463017E+22 feasible? F
gen  37000/42000      elitist  3.0463017E+22 feasible? F
gen  37100/42000      elitist  3.0463017E+22 feasible? F
gen  37200/42000      elitist  3.0463017E+22 feasible? F
gen  37300/42000      elitist  3.0463017E+22 feasible? F
gen  37400/42000      elitist  3.0463017E+22 feasible? F
gen  37500/42000      elitist  3.0463017E+22 feasible? F
gen  37600/42000      elitist  3.0463017E+22 feasible? F
gen  37700/42000      elitist  3.0463017E+22 feasible? F
gen  37800/42000      elitist  3.0463017E+22 feasible? F
gen  37900/42000      elitist  3.0463017E+22 feasible? F
gen  38000/42000      elitist  3.0463017E+22 feasible? F
gen  38100/42000      elitist  3.0463017E+22 feasible? F
gen  38200/42000      elitist  3.0463017E+22 feasible? F
gen  38300/42000      elitist  3.0463017E+22 feasible? F
gen  38400/42000      elitist  3.0463017E+22 feasible? F
gen  38500/42000      elitist  3.0463017E+22 feasible? F
gen  38600/42000      elitist  3.0463017E+22 feasible? F
gen  38700/42000      elitist  3.0463017E+22 feasible? F
gen  38800/42000      elitist  3.0463017E+22 feasible? F
gen  38900/42000      elitist  3.0463017E+22 feasible? F
gen  39000/42000      elitist  3.0463017E+22 feasible? F
gen  39100/42000      elitist  3.0463017E+22 feasible? F
gen  39200/42000      elitist  3.0463017E+22 feasible? F
gen  39300/42000      elitist  3.0463017E+22 feasible? F
gen  39400/42000      elitist  3.0463017E+22 feasible? F
gen  39500/42000      elitist  3.0463017E+22 feasible? F
gen  39600/42000      elitist  3.0463017E+22 feasible? F
gen  39700/42000      elitist  3.0463017E+22 feasible? F
gen  39800/42000      elitist  3.0463017E+22 feasible? F
gen  39900/42000      elitist  3.0463017E+22 feasible? F
gen  40000/42000      elitist  3.0463017E+22 feasible? F
gen  40100/42000      elitist  3.0463017E+22 feasible? F
gen  40200/42000      elitist  3.0463017E+22 feasible? F
gen  40300/42000      elitist  3.0463017E+22 feasible? F
gen  40400/42000      elitist  3.0463017E+22 feasible? F
gen  40500/42000      elitist  3.0463017E+22 feasible? F
gen  40600/42000      elitist  3.0463017E+22 feasible? F
gen  40700/42000      elitist  3.0463017E+22 feasible? F
gen  40800/42000      elitist  3.0463017E+22 feasible? F
gen  40900/42000      elitist  3.0463017E+22 feasible? F
gen  41000/42000      elitist  3.0463017E+22 feasible? F
gen  41100/42000      elitist  3.0463017E+22 feasible? F
gen  41200/42000      elitist  3.0463017E+22 feasible? F
gen  41300/42000      elitist  3.0463017E+22 feasible? F
gen  41400/42000      elitist  3.0463017E+22 feasible? F
gen  41500/42000      elitist  3.0463017E+22 feasible? F
gen  41600/42000      elitist  3.0463017E+22 feasible? F
gen  41700/42000      elitist  3.0463017E+22 feasible? F
gen  41800/42000      elitist  3.0463017E+22 feasible? F
gen  41900/42000      elitist  3.0463017E+22 feasible? F
gen  42000/42000      elitist  3.0463017E+22 feasible? F
WARNING: No feasible solution was found!
Starting local simplex optimization:
Solution before refinement:      3.0463017474E+22
Solution after  refinement:      3.0463017474E+22
RMSE         3.046301747E+22 Hartree

Best found solution for 21 charges:
        RMSE         1.911581763E+25 kcal/mol
         MAE         4.789379697E-01 kcal/mol
     max. AE         8.106694705E+00 kcal/mol
WARNING, SOLUTION IS NOT FEASIBLE!

       x[bohr]       y[bohr]       z[bohr]          q[e]
    -1.9323194     3.6814760     0.4565861    -0.1016849
    -0.5017287     2.4702046    -0.3166931    -0.1955585
     0.3888350     2.2095316     0.5207838     0.1046124
    -0.5510547     1.9712422     0.1959549    -0.0727836
     0.7810837     1.2026426    -0.3517146    -0.0442759
     2.8632879     1.6163731    -0.5536137    -0.1711030
     3.1115981     1.4731576     0.2213008    -0.3358195
     2.3279930     1.5358997    -0.0723478     0.3161105
     3.8053087     1.1095455    -0.0343458    -0.0607904
    -3.8272537     3.7731986    -0.3452216     0.0034077
    -4.3963708     3.0645751    -0.0252983     0.1028408
    -0.9585421     6.2738898     0.1633801     0.0869067
    -0.6351673    -0.6848032    -0.0426045     0.9958886
    -1.4298693    -2.7448237     0.0819646     0.9072927
    -1.3467686    -1.8824630     0.1104976    -0.8701042
    -0.8800548    -1.9265893    -0.0213973    -0.9837584
     3.4732396     4.1489295    -0.0660506     0.8962597
     3.4928263     4.1601440    -0.0021718    -0.7265274
     4.1423435    -1.6797428    -0.0764435     0.1835656
     6.2377289     0.5513907     0.1122213     0.7622109
     5.8934350     0.3732403     0.0705707    -0.7966901

