Running in fitting mode

Reading "/data/boittier/gaussian_scans/bromobutadiene/scan_extract_0.xyz.chk.fchk.pot.cube"...

  opt Potential
  Electrostatic potential from Total SCF Density
   10  -10.982195  -11.443988   -9.769128
   84    0.265911    0.000000    0.000000
   82    0.000000    0.265911    0.000000
   74    0.000000    0.000000    0.265911
    6    6.000000   -1.673952    3.606648    0.000000
    6    6.000000    0.000000    1.721109    0.000000
    6    6.000000    2.723878    2.103773    0.000000
    6    6.000000    4.508290    0.324643    0.000000
    1    1.000000   -3.687195    3.287689    0.000000
    1    1.000000   -0.999128    5.537939    0.000000
   35   35.000000   -1.213067   -1.674860    0.000000
    1    1.000000    3.266739    4.081797    0.000000
    1    1.000000    4.043439   -1.663450    0.000000
    1    1.000000    6.484203    0.839077    0.000000
 -4.50402E-03 -4.51053E-03 -4.51179E-03 -4.50778E-03 -4.37950E-03 -4.39021E-03
       .            .            .            .            .            .
       .            .            .            .            .            .
       .            .            .            .            .            .
  7.70629E-03  7.78523E-03  7.80058E-03  7.75172E-03  7.64058E-03  7.47148E-03

132359 out of 509712 gridpoints are considered ( 26.0%).

...done!




USING GREEDY MODE
File "multipole1_1charges.xyz" already exists. Fitting procedure is skipped.
File "multipole1_2charges.xyz" already exists. Fitting procedure is skipped.
File "multipole1_3charges.xyz" already exists. Fitting procedure is skipped.
File "multipole1_4charges.xyz" already exists. Fitting procedure is skipped.
File "multipole2_1charges.xyz" already exists. Fitting procedure is skipped.
File "multipole2_2charges.xyz" already exists. Fitting procedure is skipped.
File "multipole2_3charges.xyz" already exists. Fitting procedure is skipped.
File "multipole2_4charges.xyz" already exists. Fitting procedure is skipped.
File "multipole3_1charges.xyz" already exists. Fitting procedure is skipped.
File "multipole3_2charges.xyz" already exists. Fitting procedure is skipped.
File "multipole3_3charges.xyz" already exists. Fitting procedure is skipped.
File "multipole3_4charges.xyz" already exists. Fitting procedure is skipped.
File "multipole4_1charges.xyz" already exists. Fitting procedure is skipped.
File "multipole4_2charges.xyz" already exists. Fitting procedure is skipped.
File "multipole4_3charges.xyz" already exists. Fitting procedure is skipped.
File "multipole4_4charges.xyz" already exists. Fitting procedure is skipped.
File "multipole5_1charges.xyz" already exists. Fitting procedure is skipped.
File "multipole5_2charges.xyz" already exists. Fitting procedure is skipped.
File "multipole5_3charges.xyz" already exists. Fitting procedure is skipped.
File "multipole5_4charges.xyz" already exists. Fitting procedure is skipped.
File "multipole6_1charges.xyz" already exists. Fitting procedure is skipped.
File "multipole6_2charges.xyz" already exists. Fitting procedure is skipped.
File "multipole6_3charges.xyz" already exists. Fitting procedure is skipped.
File "multipole6_4charges.xyz" already exists. Fitting procedure is skipped.
File "multipole7_1charges.xyz" already exists. Fitting procedure is skipped.
File "multipole7_2charges.xyz" already exists. Fitting procedure is skipped.
File "multipole7_3charges.xyz" already exists. Fitting procedure is skipped.
File "multipole7_4charges.xyz" already exists. Fitting procedure is skipped.
File "multipole8_1charges.xyz" already exists. Fitting procedure is skipped.
File "multipole8_2charges.xyz" already exists. Fitting procedure is skipped.
File "multipole8_3charges.xyz" already exists. Fitting procedure is skipped.
File "multipole8_4charges.xyz" already exists. Fitting procedure is skipped.
File "multipole9_1charges.xyz" already exists. Fitting procedure is skipped.
File "multipole9_2charges.xyz" already exists. Fitting procedure is skipped.
File "multipole9_3charges.xyz" already exists. Fitting procedure is skipped.
File "multipole9_4charges.xyz" already exists. Fitting procedure is skipped.
File "multipole10_1charges.xyz" already exists. Fitting procedure is skipped.
File "multipole10_2charges.xyz" already exists. Fitting procedure is skipped.
File "multipole10_3charges.xyz" already exists. Fitting procedure is skipped.
File "multipole10_4charges.xyz" already exists. Fitting procedure is skipped.
Total fragment charge (a.u.):         1.040834086E-16
Running DE in parallel with 4 thread(s)!

Starting fitting procedure for 22 charges, trial 1
gen      0/44000      elitist  2.2364327E-02 feasible? F
gen    100/44000      elitist  2.5948209E-02 feasible? T
gen    200/44000      elitist  1.7692417E-02 feasible? T
gen    300/44000      elitist  1.1406342E-02 feasible? T
gen    400/44000      elitist  7.7873436E-03 feasible? T
gen    500/44000      elitist  5.9106815E-03 feasible? T
gen    600/44000      elitist  5.2894108E-03 feasible? T
gen    700/44000      elitist  4.2948483E-03 feasible? T
gen    800/44000      elitist  3.5453742E-03 feasible? T
gen    900/44000      elitist  3.4024719E-03 feasible? T
gen   1000/44000      elitist  3.2338120E-03 feasible? T
gen   1100/44000      elitist  3.0100518E-03 feasible? T
gen   1200/44000      elitist  2.9944850E-03 feasible? T
gen   1300/44000      elitist  2.9188520E-03 feasible? T
gen   1400/44000      elitist  2.9029162E-03 feasible? T
gen   1500/44000      elitist  2.8433525E-03 feasible? T
gen   1600/44000      elitist  2.8393606E-03 feasible? T
gen   1700/44000      elitist  2.8193704E-03 feasible? T
gen   1800/44000      elitist  2.8109062E-03 feasible? T
gen   1900/44000      elitist  2.8081440E-03 feasible? T
gen   2000/44000      elitist  2.7921893E-03 feasible? T
gen   2100/44000      elitist  2.7902311E-03 feasible? T
gen   2200/44000      elitist  2.7898416E-03 feasible? T
gen   2300/44000      elitist  2.7840903E-03 feasible? T
gen   2400/44000      elitist  2.7749306E-03 feasible? T
gen   2500/44000      elitist  2.7683306E-03 feasible? T
gen   2600/44000      elitist  2.7683306E-03 feasible? T
gen   2700/44000      elitist  2.7683306E-03 feasible? T
gen   2800/44000      elitist  2.7683306E-03 feasible? T
gen   2900/44000      elitist  2.7663201E-03 feasible? T
gen   3000/44000      elitist  2.7663201E-03 feasible? T
gen   3100/44000      elitist  2.7662812E-03 feasible? T
gen   3200/44000      elitist  2.7651397E-03 feasible? T
gen   3300/44000      elitist  2.7644485E-03 feasible? T
gen   3400/44000      elitist  2.7642045E-03 feasible? T
gen   3500/44000      elitist  2.7642045E-03 feasible? T
gen   3600/44000      elitist  2.7642045E-03 feasible? T
gen   3700/44000      elitist  2.7642045E-03 feasible? T
gen   3800/44000      elitist  2.7640822E-03 feasible? T
gen   3900/44000      elitist  2.7640822E-03 feasible? T
gen   4000/44000      elitist  2.7640822E-03 feasible? T
gen   4100/44000      elitist  2.7634180E-03 feasible? T
gen   4200/44000      elitist  2.7634180E-03 feasible? T
gen   4300/44000      elitist  2.7632147E-03 feasible? T
gen   4400/44000      elitist  2.7632147E-03 feasible? T
gen   4500/44000      elitist  2.7632147E-03 feasible? T
gen   4600/44000      elitist  2.7632147E-03 feasible? T
gen   4700/44000      elitist  2.7632147E-03 feasible? T
gen   4800/44000      elitist  2.7628881E-03 feasible? T
gen   4900/44000      elitist  2.7626987E-03 feasible? T
gen   5000/44000      elitist  2.7620937E-03 feasible? T
gen   5100/44000      elitist  2.7613416E-03 feasible? T
gen   5200/44000      elitist  2.7600999E-03 feasible? T
gen   5300/44000      elitist  2.7600999E-03 feasible? T
gen   5400/44000      elitist  2.7595610E-03 feasible? T
gen   5500/44000      elitist  2.7586605E-03 feasible? T
gen   5600/44000      elitist  2.7579102E-03 feasible? T
gen   5700/44000      elitist  2.7579102E-03 feasible? T
gen   5800/44000      elitist  2.7579102E-03 feasible? T
gen   5900/44000      elitist  2.7579102E-03 feasible? T
gen   6000/44000      elitist  2.7575389E-03 feasible? T
gen   6100/44000      elitist  2.7560242E-03 feasible? T
gen   6200/44000      elitist  2.7548385E-03 feasible? T
gen   6300/44000      elitist  2.7548385E-03 feasible? T
gen   6400/44000      elitist  2.7548385E-03 feasible? T
gen   6500/44000      elitist  2.7542778E-03 feasible? T
gen   6600/44000      elitist  2.7542778E-03 feasible? T
gen   6700/44000      elitist  2.7542778E-03 feasible? T
gen   6800/44000      elitist  2.7527615E-03 feasible? T
gen   6900/44000      elitist  2.7513277E-03 feasible? T
gen   7000/44000      elitist  2.7489647E-03 feasible? T
gen   7100/44000      elitist  2.7485234E-03 feasible? T
gen   7200/44000      elitist  2.7485234E-03 feasible? T
gen   7300/44000      elitist  2.7482787E-03 feasible? T
gen   7400/44000      elitist  2.7480462E-03 feasible? T
gen   7500/44000      elitist  2.7477437E-03 feasible? T
gen   7600/44000      elitist  2.7466851E-03 feasible? T
gen   7700/44000      elitist  2.7466262E-03 feasible? T
gen   7800/44000      elitist  2.7466262E-03 feasible? T
gen   7900/44000      elitist  2.7460842E-03 feasible? T
gen   8000/44000      elitist  2.7459389E-03 feasible? T
gen   8100/44000      elitist  2.7459389E-03 feasible? T
gen   8200/44000      elitist  2.7456635E-03 feasible? T
gen   8300/44000      elitist  2.7456635E-03 feasible? T
gen   8400/44000      elitist  2.7455767E-03 feasible? T
gen   8500/44000      elitist  2.7453758E-03 feasible? T
gen   8600/44000      elitist  2.7453758E-03 feasible? T
gen   8700/44000      elitist  2.7453577E-03 feasible? T
gen   8800/44000      elitist  2.7450452E-03 feasible? T
gen   8900/44000      elitist  2.7440122E-03 feasible? T
gen   9000/44000      elitist  2.7430332E-03 feasible? T
gen   9100/44000      elitist  2.7421965E-03 feasible? T
gen   9200/44000      elitist  2.7421965E-03 feasible? T
gen   9300/44000      elitist  2.7418586E-03 feasible? T
gen   9400/44000      elitist  2.7329899E-03 feasible? T
gen   9500/44000      elitist  2.7323359E-03 feasible? T
gen   9600/44000      elitist  2.7304618E-03 feasible? T
gen   9700/44000      elitist  2.7304618E-03 feasible? T
gen   9800/44000      elitist  2.7304618E-03 feasible? T
gen   9900/44000      elitist  2.7304618E-03 feasible? T
gen  10000/44000      elitist  2.7304618E-03 feasible? T
gen  10100/44000      elitist  2.7304618E-03 feasible? T
gen  10200/44000      elitist  2.7304618E-03 feasible? T
gen  10300/44000      elitist  2.7303817E-03 feasible? T
gen  10400/44000      elitist  2.7302132E-03 feasible? T
gen  10500/44000      elitist  2.7301486E-03 feasible? T
gen  10600/44000      elitist  2.7296585E-03 feasible? T
gen  10700/44000      elitist  2.7220844E-03 feasible? T
gen  10800/44000      elitist  2.7211802E-03 feasible? T
gen  10900/44000      elitist  2.7163566E-03 feasible? T
gen  11000/44000      elitist  2.7114533E-03 feasible? T
gen  11100/44000      elitist  2.7081598E-03 feasible? T
gen  11200/44000      elitist  2.7079703E-03 feasible? T
gen  11300/44000      elitist  2.6916238E-03 feasible? T
gen  11400/44000      elitist  2.6784949E-03 feasible? T
gen  11500/44000      elitist  2.6723899E-03 feasible? T
gen  11600/44000      elitist  2.6677599E-03 feasible? T
gen  11700/44000      elitist  2.6645758E-03 feasible? T
gen  11800/44000      elitist  2.6587859E-03 feasible? T
gen  11900/44000      elitist  2.6553999E-03 feasible? T
gen  12000/44000      elitist  2.6501600E-03 feasible? T
gen  12100/44000      elitist  2.6471724E-03 feasible? T
gen  12200/44000      elitist  2.6411625E-03 feasible? T
gen  12300/44000      elitist  2.6398546E-03 feasible? T
gen  12400/44000      elitist  2.6363227E-03 feasible? T
gen  12500/44000      elitist  2.6356210E-03 feasible? T
gen  12600/44000      elitist  2.6352793E-03 feasible? T
gen  12700/44000      elitist  2.6347428E-03 feasible? T
gen  12800/44000      elitist  2.6339881E-03 feasible? T
gen  12900/44000      elitist  2.6307661E-03 feasible? T
gen  13000/44000      elitist  2.6300069E-03 feasible? T
gen  13100/44000      elitist  2.6277764E-03 feasible? T
gen  13200/44000      elitist  2.6251543E-03 feasible? T
gen  13300/44000      elitist  2.6219948E-03 feasible? T
gen  13400/44000      elitist  2.6163898E-03 feasible? T
gen  13500/44000      elitist  2.6155350E-03 feasible? T
gen  13600/44000      elitist  2.6148165E-03 feasible? T
gen  13700/44000      elitist  2.6145703E-03 feasible? T
gen  13800/44000      elitist  2.6139569E-03 feasible? T
gen  13900/44000      elitist  2.6134848E-03 feasible? T
gen  14000/44000      elitist  2.6109074E-03 feasible? T
gen  14100/44000      elitist  2.6093249E-03 feasible? T
gen  14200/44000      elitist  2.6070981E-03 feasible? T
gen  14300/44000      elitist  2.6064314E-03 feasible? T
gen  14400/44000      elitist  2.6059063E-03 feasible? T
gen  14500/44000      elitist  2.6019105E-03 feasible? T
gen  14600/44000      elitist  2.5983093E-03 feasible? T
gen  14700/44000      elitist  2.5964241E-03 feasible? T
gen  14800/44000      elitist  2.5945037E-03 feasible? T
gen  14900/44000      elitist  2.5942488E-03 feasible? T
gen  15000/44000      elitist  2.5939526E-03 feasible? T
gen  15100/44000      elitist  2.5938970E-03 feasible? T
gen  15200/44000      elitist  2.5932716E-03 feasible? T
gen  15300/44000      elitist  2.5930146E-03 feasible? T
gen  15400/44000      elitist  2.5928414E-03 feasible? T
gen  15500/44000      elitist  2.5928115E-03 feasible? T
gen  15600/44000      elitist  2.5926844E-03 feasible? T
gen  15700/44000      elitist  2.5926747E-03 feasible? T
gen  15800/44000      elitist  2.5926498E-03 feasible? T
gen  15900/44000      elitist  2.5926269E-03 feasible? T
gen  16000/44000      elitist  2.5926244E-03 feasible? T
gen  16100/44000      elitist  2.5926203E-03 feasible? T
gen  16200/44000      elitist  2.5926198E-03 feasible? T
gen  16300/44000      elitist  2.5926164E-03 feasible? T
gen  16400/44000      elitist  2.5926145E-03 feasible? T
gen  16500/44000      elitist  2.5926128E-03 feasible? T
gen  16600/44000      elitist  2.5926117E-03 feasible? T
gen  16700/44000      elitist  2.5925045E-03 feasible? T
gen  16800/44000      elitist  2.5922126E-03 feasible? T
gen  16900/44000      elitist  2.5919604E-03 feasible? T
gen  17000/44000      elitist  2.5918995E-03 feasible? T
gen  17100/44000      elitist  2.5917149E-03 feasible? T
gen  17200/44000      elitist  2.5916548E-03 feasible? T
gen  17300/44000      elitist  2.5915899E-03 feasible? T
gen  17400/44000      elitist  2.5915714E-03 feasible? T
gen  17500/44000      elitist  2.5915590E-03 feasible? T
gen  17600/44000      elitist  2.5915487E-03 feasible? T
gen  17700/44000      elitist  2.5915427E-03 feasible? T
gen  17800/44000      elitist  2.5915399E-03 feasible? T
gen  17900/44000      elitist  2.5915367E-03 feasible? T
gen  18000/44000      elitist  2.5915290E-03 feasible? T
gen  18100/44000      elitist  2.5915257E-03 feasible? T
gen  18200/44000      elitist  2.5915249E-03 feasible? T
gen  18300/44000      elitist  2.5915210E-03 feasible? T
gen  18400/44000      elitist  2.5915200E-03 feasible? T
gen  18500/44000      elitist  2.5915185E-03 feasible? T
gen  18600/44000      elitist  2.5915173E-03 feasible? T
gen  18700/44000      elitist  2.5915153E-03 feasible? T
gen  18800/44000      elitist  2.5915005E-03 feasible? T
gen  18900/44000      elitist  2.5914951E-03 feasible? T
gen  19000/44000      elitist  2.5914883E-03 feasible? T
gen  19100/44000      elitist  2.5914827E-03 feasible? T
gen  19200/44000      elitist  2.5914818E-03 feasible? T
gen  19300/44000      elitist  2.5914808E-03 feasible? T
gen  19400/44000      elitist  2.5914803E-03 feasible? T
gen  19500/44000      elitist  2.5914802E-03 feasible? T
gen  19600/44000      elitist  2.5914798E-03 feasible? T
gen  19700/44000      elitist  2.5914795E-03 feasible? T
gen  19800/44000      elitist  2.5914793E-03 feasible? T
gen  19900/44000      elitist  2.5914790E-03 feasible? T
gen  20000/44000      elitist  2.5914790E-03 feasible? T
gen  20100/44000      elitist  2.5914789E-03 feasible? T
gen  20200/44000      elitist  2.5914789E-03 feasible? T
gen  20300/44000      elitist  2.5914788E-03 feasible? T
gen  20400/44000      elitist  2.5914788E-03 feasible? T
gen  20500/44000      elitist  2.5914787E-03 feasible? T
gen  20600/44000      elitist  2.5914775E-03 feasible? T
gen  20700/44000      elitist  2.5914737E-03 feasible? T
gen  20800/44000      elitist  2.5914736E-03 feasible? T
gen  20900/44000      elitist  2.5914717E-03 feasible? T
gen  21000/44000      elitist  2.5914703E-03 feasible? T
gen  21100/44000      elitist  2.5914696E-03 feasible? T
gen  21200/44000      elitist  2.5914665E-03 feasible? T
gen  21300/44000      elitist  2.5914657E-03 feasible? T
gen  21400/44000      elitist  2.5914647E-03 feasible? T
gen  21500/44000      elitist  2.5914639E-03 feasible? T
gen  21600/44000      elitist  2.5914632E-03 feasible? T
gen  21700/44000      elitist  2.5914606E-03 feasible? T
gen  21800/44000      elitist  2.5914602E-03 feasible? T
gen  21900/44000      elitist  2.5914593E-03 feasible? T
gen  22000/44000      elitist  2.5914580E-03 feasible? T
gen  22100/44000      elitist  2.5914576E-03 feasible? T
gen  22200/44000      elitist  2.5914569E-03 feasible? T
gen  22300/44000      elitist  2.5914564E-03 feasible? T
gen  22400/44000      elitist  2.5914563E-03 feasible? T
gen  22500/44000      elitist  2.5914561E-03 feasible? T
gen  22600/44000      elitist  2.5914559E-03 feasible? T
gen  22700/44000      elitist  2.5914556E-03 feasible? T
gen  22800/44000      elitist  2.5914554E-03 feasible? T
gen  22900/44000      elitist  2.5914549E-03 feasible? T
gen  23000/44000      elitist  2.5914548E-03 feasible? T
gen  23100/44000      elitist  2.5914546E-03 feasible? T
gen  23200/44000      elitist  2.5914544E-03 feasible? T
gen  23300/44000      elitist  2.5914543E-03 feasible? T
gen  23400/44000      elitist  2.5914542E-03 feasible? T
gen  23500/44000      elitist  2.5914542E-03 feasible? T
gen  23600/44000      elitist  2.5914542E-03 feasible? T
gen  23700/44000      elitist  2.5914541E-03 feasible? T
gen  23800/44000      elitist  2.5914540E-03 feasible? T
gen  23900/44000      elitist  2.5914540E-03 feasible? T
gen  24000/44000      elitist  2.5914539E-03 feasible? T
gen  24100/44000      elitist  2.5914538E-03 feasible? T
gen  24200/44000      elitist  2.5914538E-03 feasible? T
gen  24300/44000      elitist  2.5914537E-03 feasible? T
gen  24400/44000      elitist  2.5914536E-03 feasible? T
gen  24500/44000      elitist  2.5914535E-03 feasible? T
gen  24600/44000      elitist  2.5914535E-03 feasible? T
gen  24700/44000      elitist  2.5914534E-03 feasible? T
gen  24800/44000      elitist  2.5914534E-03 feasible? T
gen  24900/44000      elitist  2.5914534E-03 feasible? T
gen  25000/44000      elitist  2.5914534E-03 feasible? T
gen  25100/44000      elitist  2.5914534E-03 feasible? T
gen  25200/44000      elitist  2.5914534E-03 feasible? T
gen  25300/44000      elitist  2.5914534E-03 feasible? T
gen  25400/44000      elitist  2.5914534E-03 feasible? T
gen  25500/44000      elitist  2.5914534E-03 feasible? T
gen  25600/44000      elitist  2.5914533E-03 feasible? T
gen  25700/44000      elitist  2.5914533E-03 feasible? T
gen  25800/44000      elitist  2.5914533E-03 feasible? T
gen  25900/44000      elitist  2.5914533E-03 feasible? T
gen  26000/44000      elitist  2.5914533E-03 feasible? T
gen  26100/44000      elitist  2.5914532E-03 feasible? T
gen  26200/44000      elitist  2.5914532E-03 feasible? T
gen  26300/44000      elitist  2.5914532E-03 feasible? T
gen  26400/44000      elitist  2.5914532E-03 feasible? T
gen  26500/44000      elitist  2.5914531E-03 feasible? T
gen  26600/44000      elitist  2.5914531E-03 feasible? T
gen  26700/44000      elitist  2.5914531E-03 feasible? T
gen  26800/44000      elitist  2.5914531E-03 feasible? T
gen  26900/44000      elitist  2.5914531E-03 feasible? T
gen  27000/44000      elitist  2.5914531E-03 feasible? T
gen  27100/44000      elitist  2.5914531E-03 feasible? T
gen  27200/44000      elitist  2.5914531E-03 feasible? T
gen  27300/44000      elitist  2.5914531E-03 feasible? T
gen  27400/44000      elitist  2.5914531E-03 feasible? T
gen  27500/44000      elitist  2.5914531E-03 feasible? T
gen  27600/44000      elitist  2.5914530E-03 feasible? T
gen  27700/44000      elitist  2.5914530E-03 feasible? T
gen  27800/44000      elitist  2.5914530E-03 feasible? T
gen  27900/44000      elitist  2.5914530E-03 feasible? T
gen  28000/44000      elitist  2.5914530E-03 feasible? T
gen  28100/44000      elitist  2.5914530E-03 feasible? T
gen  28200/44000      elitist  2.5914530E-03 feasible? T
population converged towards a single solution after 28261 generations.
Starting local simplex optimization:
Solution before refinement:      2.5914529571E-03
 performing expansion, best =    2.5502437974785986E-003
 performing expansion, best =    2.5381858920161511E-003
 performing expansion, best =    2.5346264807050716E-003
 performing expansion, best =    2.5338445487355769E-003
 performing expansion, best =    2.5296487061210022E-003
 performing expansion, best =    2.5283745711891094E-003
 performing expansion, best =    2.5278711780591257E-003
 performing expansion, best =    2.5215325276298638E-003
 performing expansion, best =    2.5185224193983728E-003
 performing expansion, best =    2.5183076744928275E-003
 performing expansion, best =    2.5170257826138075E-003
 performing expansion, best =    2.5102913575723211E-003
 performing expansion, best =    2.5061469240084014E-003
 performing expansion, best =    2.5014606490451666E-003
 performing expansion, best =    2.4937913837440001E-003
 performing expansion, best =    2.4905731406456668E-003
 performing expansion, best =    2.4880509372558674E-003
 performing expansion, best =    2.4819431264933760E-003
 performing expansion, best =    2.4807173099107250E-003
 performing expansion, best =    2.4791529076786992E-003
 performing expansion, best =    2.4777325614190842E-003
 performing expansion, best =    2.4733392660901566E-003
 performing expansion, best =    2.4693401249483338E-003
 performing expansion, best =    2.4685312842697635E-003
 performing expansion, best =    2.4665770533383305E-003
 performing expansion, best =    2.4659420993525410E-003
 performing expansion, best =    2.4589541380564653E-003
 performing expansion, best =    2.4548091897647986E-003
 performing expansion, best =    2.4535035863785934E-003
 performing expansion, best =    2.4497663894246314E-003
 performing expansion, best =    2.4448232109793742E-003
 performing expansion, best =    2.4422066402406519E-003
 performing expansion, best =    2.4391174574610154E-003
 performing expansion, best =    2.4319912837549740E-003
 performing expansion, best =    2.4221297108899991E-003
 performing expansion, best =    2.4190224070501070E-003
 performing expansion, best =    2.4161077326612713E-003
 performing expansion, best =    2.4141683622566699E-003
 performing expansion, best =    2.4114467889097017E-003
 performing expansion, best =    2.4081726523430633E-003
 performing expansion, best =    2.4035872432351764E-003
 performing expansion, best =    2.4002074053394895E-003
 performing expansion, best =    2.3994474735987230E-003
 performing expansion, best =    2.3978575030957467E-003
 performing expansion, best =    2.3973906939854547E-003
 performing expansion, best =    2.3951927694795391E-003
 performing expansion, best =    2.3941725330299999E-003
 performing expansion, best =    2.3912062307105955E-003
 performing expansion, best =    2.3882764762796394E-003
 performing expansion, best =    2.3840785296647569E-003
 performing expansion, best =    2.3825732878731002E-003
 performing expansion, best =    2.3805624373222619E-003
 performing expansion, best =    2.3795589908735442E-003
 performing expansion, best =    2.3774416321529451E-003
 performing expansion, best =    2.3740088958431175E-003
 performing expansion, best =    2.3719226641916681E-003
 performing expansion, best =    2.3677947369339044E-003
 performing expansion, best =    2.3637513785526908E-003
 performing expansion, best =    2.3624614121070496E-003
 performing expansion, best =    2.3599503644551045E-003
 performing expansion, best =    2.3592209908020892E-003
 performing expansion, best =    2.3580970465267724E-003
 performing expansion, best =    2.3567467272668785E-003
 performing expansion, best =    2.3567201331445393E-003
 performing expansion, best =    2.3549705077500461E-003
 performing expansion, best =    2.3549038385600766E-003
 performing expansion, best =    2.3534364416695082E-003
 performing expansion, best =    2.3517043428389166E-003
 performing expansion, best =    2.3504787488759530E-003
 performing expansion, best =    2.3463402208026246E-003
 performing expansion, best =    2.3436721880114027E-003
 performing expansion, best =    2.3435042259686606E-003
 performing expansion, best =    2.3432142344236794E-003
 performing expansion, best =    2.3429856739960787E-003
 performing expansion, best =    2.3425516208792803E-003
 performing expansion, best =    2.3424106269417252E-003
 performing expansion, best =    2.3423057323775807E-003
 performing expansion, best =    2.3407024751048978E-003
 performing expansion, best =    2.3381565430325656E-003
 performing expansion, best =    2.3349154559572849E-003
 performing expansion, best =    2.3331610528882088E-003
 performing expansion, best =    2.3323711288799134E-003
 performing expansion, best =    2.3320162595006715E-003
 performing expansion, best =    2.3309624436687383E-003
 performing expansion, best =    2.3291361031085511E-003
 performing expansion, best =    2.3269546486759957E-003
 performing expansion, best =    2.3259609429118512E-003
 performing expansion, best =    2.3237387699556532E-003
 performing expansion, best =    2.3209301950005579E-003
 performing expansion, best =    2.3203249140084266E-003
 performing expansion, best =    2.3193722047873447E-003
 performing expansion, best =    2.3188637929314930E-003
 performing expansion, best =    2.3160761142276384E-003
 performing expansion, best =    2.3124441004750865E-003
 performing expansion, best =    2.3115633765660045E-003
 performing expansion, best =    2.3108865221579769E-003
 performing expansion, best =    2.3098309473336713E-003
 performing expansion, best =    2.3085898199486773E-003
 performing expansion, best =    2.3085643867239184E-003
 performing expansion, best =    2.3076070589640716E-003
 performing expansion, best =    2.3054266557089348E-003
 performing expansion, best =    2.3041053194865694E-003
 performing expansion, best =    2.3031264844668616E-003
 performing expansion, best =    2.3016299940517475E-003
 performing expansion, best =    2.3005226695550903E-003
 performing expansion, best =    2.2982157963450777E-003
 performing expansion, best =    2.2972629466181081E-003
 performing expansion, best =    2.2968059974946453E-003
 performing expansion, best =    2.2962588139940794E-003
 performing expansion, best =    2.2954927485982664E-003
 performing expansion, best =    2.2935881082038877E-003
 performing expansion, best =    2.2934526868427013E-003
 performing expansion, best =    2.2919126386919601E-003
 performing expansion, best =    2.2915158352882197E-003
 performing expansion, best =    2.2912010868560090E-003
 performing expansion, best =    2.2907585394638485E-003
 performing expansion, best =    2.2899770255604903E-003
 performing expansion, best =    2.2892353758973433E-003
 performing expansion, best =    2.2890599777585191E-003
 performing expansion, best =    2.2890078792499528E-003
 performing expansion, best =    2.2883245199558145E-003
 performing expansion, best =    2.2881970212540043E-003
 performing expansion, best =    2.2871604120341428E-003
 performing expansion, best =    2.2852364588249541E-003
 performing expansion, best =    2.2834930554338122E-003
 performing expansion, best =    2.2827035007501077E-003
 performing expansion, best =    2.2817473019507311E-003
 performing expansion, best =    2.2811967757037348E-003
 performing expansion, best =    2.2800742833144973E-003
 performing expansion, best =    2.2792429262662320E-003
 performing expansion, best =    2.2783684433379733E-003
 performing expansion, best =    2.2775016754469643E-003
 performing expansion, best =    2.2754844111143686E-003
 performing expansion, best =    2.2750335187893492E-003
 performing expansion, best =    2.2738848867545963E-003
 performing expansion, best =    2.2722083338458541E-003
 performing expansion, best =    2.2699360230910189E-003
 performing expansion, best =    2.2695605799570879E-003
 performing expansion, best =    2.2691401134252091E-003
 performing expansion, best =    2.2685400897613311E-003
 performing expansion, best =    2.2676462552526418E-003
 performing expansion, best =    2.2662153326475139E-003
 performing expansion, best =    2.2647901347950324E-003
 performing expansion, best =    2.2612458304244278E-003
 performing expansion, best =    2.2588046601178446E-003
 performing expansion, best =    2.2563359278795310E-003
 performing expansion, best =    2.2544834661577485E-003
 performing expansion, best =    2.2522346936474330E-003
 performing expansion, best =    2.2517824583644960E-003
 performing expansion, best =    2.2500449873224791E-003
 performing expansion, best =    2.2464463278025117E-003
 performing expansion, best =    2.2442468629330918E-003
 performing expansion, best =    2.2441483258950931E-003
 performing expansion, best =    2.2426460242979201E-003
 performing expansion, best =    2.2423852289395725E-003
 performing expansion, best =    2.2410756858189189E-003
 performing expansion, best =    2.2364757801431219E-003
 performing expansion, best =    2.2351105132830244E-003
 performing expansion, best =    2.2341269022469494E-003
 performing expansion, best =    2.2316580672996026E-003
 performing expansion, best =    2.2305331456801635E-003
 performing expansion, best =    2.2302572980578794E-003
 performing expansion, best =    2.2302293833322074E-003
 performing expansion, best =    2.2292413044446529E-003
 performing expansion, best =    2.2286365928264914E-003
 performing expansion, best =    2.2283428398393048E-003
 performing expansion, best =    2.2257346210137296E-003
 performing expansion, best =    2.2237290669321359E-003
 performing expansion, best =    2.2235055085270280E-003
 performing expansion, best =    2.2231299460409456E-003
 performing expansion, best =    2.2225560335847588E-003
 performing expansion, best =    2.2193178919573883E-003
 performing expansion, best =    2.2169939026580091E-003
 performing expansion, best =    2.2166695841658009E-003
 performing expansion, best =    2.2166113002616132E-003
 performing expansion, best =    2.2165226064936663E-003
 performing expansion, best =    2.2143269086415565E-003
 performing expansion, best =    2.2136583122326953E-003
 performing expansion, best =    2.2127228053175456E-003
 performing expansion, best =    2.2126646087336252E-003
 performing expansion, best =    2.2108723518139387E-003
 performing expansion, best =    2.2088509806459339E-003
 performing expansion, best =    2.2049234267390353E-003
 performing expansion, best =    2.2046043165837382E-003
 performing expansion, best =    2.2010290204821019E-003
 performing expansion, best =    2.1979948636948574E-003
 performing expansion, best =    2.1978036862525742E-003
 performing expansion, best =    2.1969991830866828E-003
 performing expansion, best =    2.1965277140978427E-003
 performing expansion, best =    2.1964260458889385E-003
 performing expansion, best =    2.1962095081402852E-003
 performing expansion, best =    2.1953505166273329E-003
 performing expansion, best =    2.1953426865723878E-003
 performing expansion, best =    2.1951305335088239E-003
 performing expansion, best =    2.1937939112565866E-003
 performing expansion, best =    2.1933988194611865E-003
 performing expansion, best =    2.1915274072747347E-003
 performing expansion, best =    2.1898910431379136E-003
 performing expansion, best =    2.1898112829777236E-003
 performing expansion, best =    2.1896845441834352E-003
 performing expansion, best =    2.1891883068731982E-003
 performing expansion, best =    2.1880709998644528E-003
 performing expansion, best =    2.1875206930448217E-003
 performing expansion, best =    2.1866178331243907E-003
 performing expansion, best =    2.1843999984876333E-003
 performing expansion, best =    2.1816343710012059E-003
 performing expansion, best =    2.1787504839678160E-003
 performing expansion, best =    2.1770878196424107E-003
 performing expansion, best =    2.1749689147835169E-003
 performing expansion, best =    2.1731182645670704E-003
 performing expansion, best =    2.1715026857887640E-003
 performing expansion, best =    2.1692084829099366E-003
 performing expansion, best =    2.1676198067930178E-003
 performing expansion, best =    2.1657655196445800E-003
 performing expansion, best =    2.1633379506354553E-003
 performing expansion, best =    2.1601792736203429E-003
 performing expansion, best =    2.1570856759422934E-003
 performing expansion, best =    2.1567161436355795E-003
 performing expansion, best =    2.1565961939120303E-003
 performing expansion, best =    2.1565678572930745E-003
 performing expansion, best =    2.1560339908127759E-003
 performing expansion, best =    2.1555740100726497E-003
 performing expansion, best =    2.1553579434076286E-003
 performing expansion, best =    2.1552158576964900E-003
 performing expansion, best =    2.1551634604053730E-003
 performing expansion, best =    2.1547456945742428E-003
 performing expansion, best =    2.1546354850485116E-003
 performing expansion, best =    2.1542372433199361E-003
 performing expansion, best =    2.1536106694100780E-003
 performing expansion, best =    2.1532789399384008E-003
 performing expansion, best =    2.1528949923477611E-003
 performing expansion, best =    2.1528459512052903E-003
 performing expansion, best =    2.1525425719064392E-003
 performing expansion, best =    2.1524803326296968E-003
 performing expansion, best =    2.1522650845185831E-003
 performing expansion, best =    2.1518384706253669E-003
 performing expansion, best =    2.1502780865975900E-003
 performing expansion, best =    2.1502600312183965E-003
 performing expansion, best =    2.1499551767115810E-003
 performing expansion, best =    2.1496965780645012E-003
 performing expansion, best =    2.1495972560927148E-003
 performing expansion, best =    2.1495954110023721E-003
 performing expansion, best =    2.1490231925730091E-003
 performing expansion, best =    2.1490028576544333E-003
 performing expansion, best =    2.1476421483219181E-003
 performing expansion, best =    2.1472701391304192E-003
 performing expansion, best =    2.1459682726876605E-003
 performing expansion, best =    2.1450571934941375E-003
 performing expansion, best =    2.1435687049206611E-003
 performing expansion, best =    2.1422144275669453E-003
 performing expansion, best =    2.1409682993480750E-003
 performing expansion, best =    2.1408631522598100E-003
 performing expansion, best =    2.1407459452891936E-003
 performing expansion, best =    2.1405993268304177E-003
 performing expansion, best =    2.1395314733572775E-003
 performing expansion, best =    2.1383057127352762E-003
 performing expansion, best =    2.1382037575132127E-003
 performing expansion, best =    2.1370475879451344E-003
 performing expansion, best =    2.1353750808106153E-003
 performing expansion, best =    2.1350193129312917E-003
 performing expansion, best =    2.1349604711297953E-003
 performing expansion, best =    2.1339914718312950E-003
 performing expansion, best =    2.1326668018545117E-003
 performing expansion, best =    2.1309755355647659E-003
 performing expansion, best =    2.1297575126108361E-003
 performing expansion, best =    2.1297259153783624E-003
 performing expansion, best =    2.1295341445412520E-003
 performing expansion, best =    2.1281646732019964E-003
 performing expansion, best =    2.1277811644006580E-003
 performing expansion, best =    2.1277031523233253E-003
 performing expansion, best =    2.1274307654458196E-003
 performing expansion, best =    2.1266552718956794E-003
 performing expansion, best =    2.1265108199599505E-003
 performing expansion, best =    2.1255992432222082E-003
 performing expansion, best =    2.1243121240811032E-003
 performing expansion, best =    2.1233643071119110E-003
 performing expansion, best =    2.1232277026996919E-003
 performing expansion, best =    2.1230784644337801E-003
 performing expansion, best =    2.1222235938205434E-003
 performing expansion, best =    2.1212415394593178E-003
 performing expansion, best =    2.1209344052343327E-003
 performing expansion, best =    2.1203897300107037E-003
 performing expansion, best =    2.1186499451981409E-003
 performing expansion, best =    2.1176357338140994E-003
 performing expansion, best =    2.1165261720266135E-003
 performing expansion, best =    2.1162950891279132E-003
 performing expansion, best =    2.1158981492857541E-003
 performing expansion, best =    2.1158074624823414E-003
 performing expansion, best =    2.1152547027935842E-003
 performing expansion, best =    2.1150651422331781E-003
 performing expansion, best =    2.1148872319157104E-003
 performing expansion, best =    2.1145347144369076E-003
 performing expansion, best =    2.1137027477138469E-003
 performing expansion, best =    2.1133367549175715E-003
 performing expansion, best =    2.1127505709436461E-003
 performing expansion, best =    2.1121026536726913E-003
 performing expansion, best =    2.1119202947683202E-003
 performing expansion, best =    2.1118908265156436E-003
 performing expansion, best =    2.1116151761792798E-003
 performing expansion, best =    2.1114928912634901E-003
 performing expansion, best =    2.1108791279977864E-003
 performing expansion, best =    2.1100273135867937E-003
 performing expansion, best =    2.1091542578244053E-003
 performing expansion, best =    2.1082948729812352E-003
 performing expansion, best =    2.1081802549057869E-003
 performing expansion, best =    2.1075332746051507E-003
 performing expansion, best =    2.1066477594116634E-003
 performing expansion, best =    2.1065819126271815E-003
 performing expansion, best =    2.1058519877362614E-003
 performing expansion, best =    2.1057845416697280E-003
 performing expansion, best =    2.1049467780266656E-003
 performing expansion, best =    2.1041944624940016E-003
 performing expansion, best =    2.1040669159106025E-003
 performing expansion, best =    2.1034160845274028E-003
 performing expansion, best =    2.1033437838961959E-003
 performing expansion, best =    2.1032311317041017E-003
 performing expansion, best =    2.1031160569546840E-003
 performing expansion, best =    2.1030338343465552E-003
 performing expansion, best =    2.1024283548096573E-003
 performing expansion, best =    2.1022832152642590E-003
 performing expansion, best =    2.1013721526127287E-003
 performing expansion, best =    2.1004978195273351E-003
 performing expansion, best =    2.0999500939040405E-003
 performing expansion, best =    2.0991201910443287E-003
 performing expansion, best =    2.0982897124783889E-003
 performing expansion, best =    2.0977965865388612E-003
 performing expansion, best =    2.0977616197881345E-003
 performing expansion, best =    2.0974771153701717E-003
 performing expansion, best =    2.0970967289451531E-003
 performing expansion, best =    2.0969766328472377E-003
 performing expansion, best =    2.0963177155898021E-003
 performing expansion, best =    2.0956812140639379E-003
 performing expansion, best =    2.0948447844974134E-003
 performing expansion, best =    2.0939614329069860E-003
 performing expansion, best =    2.0931930111045684E-003
 performing expansion, best =    2.0923011868733644E-003
 performing expansion, best =    2.0922112838515261E-003
 performing expansion, best =    2.0921953369735162E-003
 performing expansion, best =    2.0914029083305146E-003
 performing expansion, best =    2.0906739408871732E-003
 performing expansion, best =    2.0901334293580804E-003
 performing expansion, best =    2.0900654634849764E-003
 performing expansion, best =    2.0894597108986161E-003
 performing expansion, best =    2.0885587717985872E-003
 performing expansion, best =    2.0878217930802778E-003
 performing expansion, best =    2.0868971825966256E-003
 performing expansion, best =    2.0860698439656281E-003
 performing expansion, best =    2.0853985327452169E-003
 performing expansion, best =    2.0847845065679995E-003
 performing expansion, best =    2.0840709330454954E-003
 performing expansion, best =    2.0837921272861609E-003
 performing expansion, best =    2.0835063442048193E-003
 performing expansion, best =    2.0833449089216502E-003
 performing expansion, best =    2.0832282627484783E-003
 performing expansion, best =    2.0831696565678888E-003
 performing expansion, best =    2.0824202375740882E-003
 performing expansion, best =    2.0814542033510438E-003
 performing expansion, best =    2.0813150293584755E-003
 performing expansion, best =    2.0812492244137869E-003
 performing expansion, best =    2.0811948494323510E-003
 performing expansion, best =    2.0811411150132835E-003
 performing expansion, best =    2.0808944215810620E-003
 performing expansion, best =    2.0808797619105554E-003
 performing expansion, best =    2.0808253785792588E-003
 performing expansion, best =    2.0807666038439596E-003
 performing expansion, best =    2.0801367749313337E-003
 performing expansion, best =    2.0793361509444312E-003
 performing expansion, best =    2.0787158570061913E-003
 performing expansion, best =    2.0786972374436594E-003
 performing expansion, best =    2.0786841550519573E-003
 performing expansion, best =    2.0781393936150465E-003
 performing expansion, best =    2.0780313890435068E-003
 performing expansion, best =    2.0774777119045951E-003
 performing expansion, best =    2.0773498826845973E-003
 performing expansion, best =    2.0766051877245113E-003
 performing expansion, best =    2.0766015671185309E-003
 performing expansion, best =    2.0760261557137257E-003
 performing expansion, best =    2.0760112700983283E-003
 performing expansion, best =    2.0759827363946589E-003
 performing expansion, best =    2.0759201159801983E-003
 performing expansion, best =    2.0754228808690274E-003
 performing expansion, best =    2.0754151289054091E-003
 performing expansion, best =    2.0753505927788040E-003
 performing expansion, best =    2.0752429284814720E-003
 performing expansion, best =    2.0752332613502358E-003
 performing expansion, best =    2.0751816030259019E-003
 performing expansion, best =    2.0746836104187476E-003
 performing expansion, best =    2.0745985947242260E-003
 performing expansion, best =    2.0745844095794888E-003
 performing expansion, best =    2.0745274030317235E-003
 performing expansion, best =    2.0745159544597503E-003
 performing expansion, best =    2.0744919903511292E-003
 performing expansion, best =    2.0744067734418475E-003
 performing expansion, best =    2.0743982556519084E-003
 performing expansion, best =    2.0743561452771712E-003
 performing expansion, best =    2.0743509351091620E-003
Exiting simplex optimization after 10001 iterations
Solution after  refinement:      2.0743509351E-03
RMSE         2.074350935E-03 Hartree
NEW BEST!

Starting fitting procedure for 22 charges, trial 2
gen      0/44000      elitist  2.0051073E-02 feasible? F
gen    100/44000      elitist  2.0051073E-02 feasible? F
gen    200/44000      elitist  5.4342904E+22 feasible? F
gen    300/44000      elitist  7.3491332E+22 feasible? F
gen    400/44000      elitist  7.3491332E+22 feasible? F
gen    500/44000      elitist  7.3491332E+22 feasible? F
gen    600/44000      elitist  7.3491332E+22 feasible? F
gen    700/44000      elitist  7.3491332E+22 feasible? F
gen    800/44000      elitist  7.3491332E+22 feasible? F
gen    900/44000      elitist  7.3491332E+22 feasible? F
gen   1000/44000      elitist  7.3491332E+22 feasible? F
gen   1100/44000      elitist  7.3491332E+22 feasible? F
gen   1200/44000      elitist  7.3491332E+22 feasible? F
gen   1300/44000      elitist  7.3491332E+22 feasible? F
gen   1400/44000      elitist  7.3491332E+22 feasible? F
gen   1500/44000      elitist  7.3491332E+22 feasible? F
gen   1600/44000      elitist  7.3491332E+22 feasible? F
gen   1700/44000      elitist  7.3491332E+22 feasible? F
gen   1800/44000      elitist  7.3491332E+22 feasible? F
gen   1900/44000      elitist  7.3491332E+22 feasible? F
gen   2000/44000      elitist  7.3491332E+22 feasible? F
gen   2100/44000      elitist  7.3491332E+22 feasible? F
gen   2200/44000      elitist  7.3491332E+22 feasible? F
gen   2300/44000      elitist  7.3491332E+22 feasible? F
gen   2400/44000      elitist  7.3491332E+22 feasible? F
gen   2500/44000      elitist  7.3491332E+22 feasible? F
gen   2600/44000      elitist  7.3491332E+22 feasible? F
gen   2700/44000      elitist  7.3491332E+22 feasible? F
gen   2800/44000      elitist  7.3491332E+22 feasible? F
gen   2900/44000      elitist  7.3491332E+22 feasible? F
gen   3000/44000      elitist  7.3491332E+22 feasible? F
gen   3100/44000      elitist  7.3491332E+22 feasible? F
gen   3200/44000      elitist  7.3491332E+22 feasible? F
gen   3300/44000      elitist  7.3491332E+22 feasible? F
gen   3400/44000      elitist  7.3491332E+22 feasible? F
gen   3500/44000      elitist  7.3491332E+22 feasible? F
gen   3600/44000      elitist  7.3491332E+22 feasible? F
gen   3700/44000      elitist  7.3491332E+22 feasible? F
gen   3800/44000      elitist  7.3491332E+22 feasible? F
gen   3900/44000      elitist  7.3491332E+22 feasible? F
gen   4000/44000      elitist  7.3491332E+22 feasible? F
gen   4100/44000      elitist  7.3491332E+22 feasible? F
gen   4200/44000      elitist  7.3491332E+22 feasible? F
gen   4300/44000      elitist  7.3491332E+22 feasible? F
gen   4400/44000      elitist  7.3491332E+22 feasible? F
gen   4500/44000      elitist  7.3491332E+22 feasible? F
gen   4600/44000      elitist  7.3491332E+22 feasible? F
gen   4700/44000      elitist  7.3491332E+22 feasible? F
gen   4800/44000      elitist  7.3491332E+22 feasible? F
gen   4900/44000      elitist  7.3491332E+22 feasible? F
gen   5000/44000      elitist  7.3491332E+22 feasible? F
gen   5100/44000      elitist  7.3491332E+22 feasible? F
gen   5200/44000      elitist  7.3491332E+22 feasible? F
gen   5300/44000      elitist  7.3491332E+22 feasible? F
gen   5400/44000      elitist  7.3491332E+22 feasible? F
gen   5500/44000      elitist  7.3491332E+22 feasible? F
gen   5600/44000      elitist  7.3491332E+22 feasible? F
gen   5700/44000      elitist  7.3491332E+22 feasible? F
gen   5800/44000      elitist  7.3491332E+22 feasible? F
gen   5900/44000      elitist  7.3491332E+22 feasible? F
gen   6000/44000      elitist  7.3491332E+22 feasible? F
gen   6100/44000      elitist  7.3491332E+22 feasible? F
gen   6200/44000      elitist  7.3491332E+22 feasible? F
gen   6300/44000      elitist  7.3491332E+22 feasible? F
gen   6400/44000      elitist  7.3491332E+22 feasible? F
gen   6500/44000      elitist  7.3491332E+22 feasible? F
gen   6600/44000      elitist  7.3491332E+22 feasible? F
gen   6700/44000      elitist  7.3491332E+22 feasible? F
gen   6800/44000      elitist  7.3491332E+22 feasible? F
gen   6900/44000      elitist  7.3491332E+22 feasible? F
gen   7000/44000      elitist  7.3491332E+22 feasible? F
gen   7100/44000      elitist  7.3491332E+22 feasible? F
gen   7200/44000      elitist  7.3491332E+22 feasible? F
gen   7300/44000      elitist  7.3491332E+22 feasible? F
gen   7400/44000      elitist  7.3491332E+22 feasible? F
gen   7500/44000      elitist  7.3491332E+22 feasible? F
gen   7600/44000      elitist  7.3491332E+22 feasible? F
gen   7700/44000      elitist  7.3491332E+22 feasible? F
gen   7800/44000      elitist  7.3491332E+22 feasible? F
gen   7900/44000      elitist  7.3491332E+22 feasible? F
gen   8000/44000      elitist  7.3491332E+22 feasible? F
gen   8100/44000      elitist  7.3491332E+22 feasible? F
gen   8200/44000      elitist  7.3491332E+22 feasible? F
gen   8300/44000      elitist  7.3491332E+22 feasible? F
gen   8400/44000      elitist  7.3491332E+22 feasible? F
gen   8500/44000      elitist  7.3491332E+22 feasible? F
gen   8600/44000      elitist  7.3491332E+22 feasible? F
gen   8700/44000      elitist  7.3491332E+22 feasible? F
gen   8800/44000      elitist  7.3491332E+22 feasible? F
gen   8900/44000      elitist  7.3491332E+22 feasible? F
gen   9000/44000      elitist  7.3491332E+22 feasible? F
gen   9100/44000      elitist  7.3491332E+22 feasible? F
gen   9200/44000      elitist  7.3491332E+22 feasible? F
gen   9300/44000      elitist  7.3491332E+22 feasible? F
gen   9400/44000      elitist  7.3491332E+22 feasible? F
gen   9500/44000      elitist  7.3491332E+22 feasible? F
gen   9600/44000      elitist  7.3491332E+22 feasible? F
gen   9700/44000      elitist  7.3491332E+22 feasible? F
gen   9800/44000      elitist  7.3491332E+22 feasible? F
gen   9900/44000      elitist  7.3491332E+22 feasible? F
gen  10000/44000      elitist  7.3491332E+22 feasible? F
gen  10100/44000      elitist  7.3491332E+22 feasible? F
gen  10200/44000      elitist  7.3491332E+22 feasible? F
gen  10300/44000      elitist  7.3491332E+22 feasible? F
gen  10400/44000      elitist  7.3491332E+22 feasible? F
gen  10500/44000      elitist  7.3491332E+22 feasible? F
gen  10600/44000      elitist  7.3491332E+22 feasible? F
gen  10700/44000      elitist  7.3491332E+22 feasible? F
gen  10800/44000      elitist  7.3491332E+22 feasible? F
gen  10900/44000      elitist  7.3491332E+22 feasible? F
gen  11000/44000      elitist  7.3491332E+22 feasible? F
gen  11100/44000      elitist  7.3491332E+22 feasible? F
gen  11200/44000      elitist  7.3491332E+22 feasible? F
gen  11300/44000      elitist  7.3491332E+22 feasible? F
gen  11400/44000      elitist  7.3491332E+22 feasible? F
gen  11500/44000      elitist  7.3491332E+22 feasible? F
gen  11600/44000      elitist  7.3491332E+22 feasible? F
gen  11700/44000      elitist  7.3491332E+22 feasible? F
gen  11800/44000      elitist  7.3491332E+22 feasible? F
gen  11900/44000      elitist  7.3491332E+22 feasible? F
gen  12000/44000      elitist  7.3491332E+22 feasible? F
gen  12100/44000      elitist  7.3491332E+22 feasible? F
gen  12200/44000      elitist  7.3491332E+22 feasible? F
gen  12300/44000      elitist  7.3491332E+22 feasible? F
gen  12400/44000      elitist  7.3491332E+22 feasible? F
gen  12500/44000      elitist  7.3491332E+22 feasible? F
gen  12600/44000      elitist  7.3491332E+22 feasible? F
gen  12700/44000      elitist  7.3491332E+22 feasible? F
gen  12800/44000      elitist  7.3491332E+22 feasible? F
gen  12900/44000      elitist  7.3491332E+22 feasible? F
gen  13000/44000      elitist  7.3491332E+22 feasible? F
gen  13100/44000      elitist  7.3491332E+22 feasible? F
gen  13200/44000      elitist  7.3491332E+22 feasible? F
gen  13300/44000      elitist  7.3491332E+22 feasible? F
gen  13400/44000      elitist  7.3491332E+22 feasible? F
gen  13500/44000      elitist  7.3491332E+22 feasible? F
gen  13600/44000      elitist  7.3491332E+22 feasible? F
gen  13700/44000      elitist  7.3491332E+22 feasible? F
gen  13800/44000      elitist  7.3491332E+22 feasible? F
gen  13900/44000      elitist  7.3491332E+22 feasible? F
gen  14000/44000      elitist  7.3491332E+22 feasible? F
gen  14100/44000      elitist  7.3491332E+22 feasible? F
gen  14200/44000      elitist  7.3491332E+22 feasible? F
gen  14300/44000      elitist  7.3491332E+22 feasible? F
gen  14400/44000      elitist  7.3491332E+22 feasible? F
gen  14500/44000      elitist  7.3491332E+22 feasible? F
gen  14600/44000      elitist  7.3491332E+22 feasible? F
gen  14700/44000      elitist  7.3491332E+22 feasible? F
gen  14800/44000      elitist  7.3491332E+22 feasible? F
gen  14900/44000      elitist  7.3491332E+22 feasible? F
gen  15000/44000      elitist  7.3491332E+22 feasible? F
gen  15100/44000      elitist  7.3491332E+22 feasible? F
gen  15200/44000      elitist  7.3491332E+22 feasible? F
gen  15300/44000      elitist  7.3491332E+22 feasible? F
gen  15400/44000      elitist  7.3491332E+22 feasible? F
gen  15500/44000      elitist  7.3491332E+22 feasible? F
gen  15600/44000      elitist  7.3491332E+22 feasible? F
gen  15700/44000      elitist  7.3491332E+22 feasible? F
gen  15800/44000      elitist  7.3491332E+22 feasible? F
gen  15900/44000      elitist  7.3491332E+22 feasible? F
gen  16000/44000      elitist  7.3491332E+22 feasible? F
gen  16100/44000      elitist  7.3491332E+22 feasible? F
gen  16200/44000      elitist  7.3491332E+22 feasible? F
gen  16300/44000      elitist  7.3491332E+22 feasible? F
gen  16400/44000      elitist  7.3491332E+22 feasible? F
gen  16500/44000      elitist  7.3491332E+22 feasible? F
gen  16600/44000      elitist  7.3491332E+22 feasible? F
gen  16700/44000      elitist  7.3491332E+22 feasible? F
gen  16800/44000      elitist  7.3491332E+22 feasible? F
gen  16900/44000      elitist  7.3491332E+22 feasible? F
gen  17000/44000      elitist  7.3491332E+22 feasible? F
gen  17100/44000      elitist  7.3491332E+22 feasible? F
gen  17200/44000      elitist  7.3491332E+22 feasible? F
gen  17300/44000      elitist  7.3491332E+22 feasible? F
gen  17400/44000      elitist  7.3491332E+22 feasible? F
gen  17500/44000      elitist  7.3491332E+22 feasible? F
gen  17600/44000      elitist  7.3491332E+22 feasible? F
gen  17700/44000      elitist  7.3491332E+22 feasible? F
gen  17800/44000      elitist  7.3491332E+22 feasible? F
gen  17900/44000      elitist  7.3491332E+22 feasible? F
gen  18000/44000      elitist  7.3491332E+22 feasible? F
gen  18100/44000      elitist  7.3491332E+22 feasible? F
gen  18200/44000      elitist  7.3491332E+22 feasible? F
gen  18300/44000      elitist  7.3491332E+22 feasible? F
gen  18400/44000      elitist  7.3491332E+22 feasible? F
gen  18500/44000      elitist  7.3491332E+22 feasible? F
gen  18600/44000      elitist  7.3491332E+22 feasible? F
gen  18700/44000      elitist  7.3491332E+22 feasible? F
gen  18800/44000      elitist  7.3491332E+22 feasible? F
gen  18900/44000      elitist  7.3491332E+22 feasible? F
gen  19000/44000      elitist  7.3491332E+22 feasible? F
gen  19100/44000      elitist  7.3491332E+22 feasible? F
gen  19200/44000      elitist  7.3491332E+22 feasible? F
gen  19300/44000      elitist  7.3491332E+22 feasible? F
gen  19400/44000      elitist  7.3491332E+22 feasible? F
gen  19500/44000      elitist  7.3491332E+22 feasible? F
gen  19600/44000      elitist  7.3491332E+22 feasible? F
gen  19700/44000      elitist  7.3491332E+22 feasible? F
gen  19800/44000      elitist  7.3491332E+22 feasible? F
gen  19900/44000      elitist  7.3491332E+22 feasible? F
gen  20000/44000      elitist  7.3491332E+22 feasible? F
gen  20100/44000      elitist  7.3491332E+22 feasible? F
gen  20200/44000      elitist  7.3491332E+22 feasible? F
gen  20300/44000      elitist  7.3491332E+22 feasible? F
gen  20400/44000      elitist  7.3491332E+22 feasible? F
gen  20500/44000      elitist  7.3491332E+22 feasible? F
gen  20600/44000      elitist  7.3491332E+22 feasible? F
gen  20700/44000      elitist  7.3491332E+22 feasible? F
gen  20800/44000      elitist  7.3491332E+22 feasible? F
gen  20900/44000      elitist  7.3491332E+22 feasible? F
gen  21000/44000      elitist  7.3491332E+22 feasible? F
gen  21100/44000      elitist  7.3491332E+22 feasible? F
gen  21200/44000      elitist  7.3491332E+22 feasible? F
gen  21300/44000      elitist  7.3491332E+22 feasible? F
gen  21400/44000      elitist  7.3491332E+22 feasible? F
gen  21500/44000      elitist  7.3491332E+22 feasible? F
gen  21600/44000      elitist  7.3491332E+22 feasible? F
gen  21700/44000      elitist  7.3491332E+22 feasible? F
gen  21800/44000      elitist  7.3491332E+22 feasible? F
gen  21900/44000      elitist  7.3491332E+22 feasible? F
gen  22000/44000      elitist  7.3491332E+22 feasible? F
gen  22100/44000      elitist  7.3491332E+22 feasible? F
gen  22200/44000      elitist  7.3491332E+22 feasible? F
gen  22300/44000      elitist  7.3491332E+22 feasible? F
gen  22400/44000      elitist  7.3491332E+22 feasible? F
gen  22500/44000      elitist  7.3491332E+22 feasible? F
gen  22600/44000      elitist  7.3491332E+22 feasible? F
gen  22700/44000      elitist  7.3491332E+22 feasible? F
gen  22800/44000      elitist  7.3491332E+22 feasible? F
gen  22900/44000      elitist  7.3491332E+22 feasible? F
gen  23000/44000      elitist  7.3491332E+22 feasible? F
gen  23100/44000      elitist  7.3491332E+22 feasible? F
gen  23200/44000      elitist  7.3491332E+22 feasible? F
gen  23300/44000      elitist  7.3491332E+22 feasible? F
gen  23400/44000      elitist  7.3491332E+22 feasible? F
gen  23500/44000      elitist  7.3491332E+22 feasible? F
gen  23600/44000      elitist  7.3491332E+22 feasible? F
gen  23700/44000      elitist  7.3491332E+22 feasible? F
gen  23800/44000      elitist  7.3491332E+22 feasible? F
gen  23900/44000      elitist  7.3491332E+22 feasible? F
gen  24000/44000      elitist  7.3491332E+22 feasible? F
gen  24100/44000      elitist  7.3491332E+22 feasible? F
gen  24200/44000      elitist  7.3491332E+22 feasible? F
gen  24300/44000      elitist  7.3491332E+22 feasible? F
gen  24400/44000      elitist  7.3491332E+22 feasible? F
gen  24500/44000      elitist  7.3491332E+22 feasible? F
gen  24600/44000      elitist  7.3491332E+22 feasible? F
gen  24700/44000      elitist  7.3491332E+22 feasible? F
gen  24800/44000      elitist  7.3491332E+22 feasible? F
gen  24900/44000      elitist  7.3491332E+22 feasible? F
gen  25000/44000      elitist  7.3491332E+22 feasible? F
gen  25100/44000      elitist  7.3491332E+22 feasible? F
gen  25200/44000      elitist  7.3491332E+22 feasible? F
gen  25300/44000      elitist  7.3491332E+22 feasible? F
gen  25400/44000      elitist  7.3491332E+22 feasible? F
gen  25500/44000      elitist  7.3491332E+22 feasible? F
gen  25600/44000      elitist  7.3491332E+22 feasible? F
gen  25700/44000      elitist  7.3491332E+22 feasible? F
gen  25800/44000      elitist  7.3491332E+22 feasible? F
gen  25900/44000      elitist  7.3491332E+22 feasible? F
gen  26000/44000      elitist  7.3491332E+22 feasible? F
gen  26100/44000      elitist  7.3491332E+22 feasible? F
gen  26200/44000      elitist  7.3491332E+22 feasible? F
gen  26300/44000      elitist  7.3491332E+22 feasible? F
gen  26400/44000      elitist  7.3491332E+22 feasible? F
gen  26500/44000      elitist  7.3491332E+22 feasible? F
gen  26600/44000      elitist  7.3491332E+22 feasible? F
gen  26700/44000      elitist  7.3491332E+22 feasible? F
gen  26800/44000      elitist  7.3491332E+22 feasible? F
gen  26900/44000      elitist  7.3491332E+22 feasible? F
gen  27000/44000      elitist  7.3491332E+22 feasible? F
gen  27100/44000      elitist  7.3491332E+22 feasible? F
gen  27200/44000      elitist  7.3491332E+22 feasible? F
gen  27300/44000      elitist  7.3491332E+22 feasible? F
gen  27400/44000      elitist  7.3491332E+22 feasible? F
gen  27500/44000      elitist  7.3491332E+22 feasible? F
gen  27600/44000      elitist  7.3491332E+22 feasible? F
gen  27700/44000      elitist  7.3491332E+22 feasible? F
gen  27800/44000      elitist  7.3491332E+22 feasible? F
gen  27900/44000      elitist  7.3491332E+22 feasible? F
gen  28000/44000      elitist  7.3491332E+22 feasible? F
gen  28100/44000      elitist  7.3491332E+22 feasible? F
gen  28200/44000      elitist  7.3491332E+22 feasible? F
gen  28300/44000      elitist  7.3491332E+22 feasible? F
gen  28400/44000      elitist  7.3491332E+22 feasible? F
gen  28500/44000      elitist  7.3491332E+22 feasible? F
gen  28600/44000      elitist  7.3491332E+22 feasible? F
gen  28700/44000      elitist  7.3491332E+22 feasible? F
gen  28800/44000      elitist  7.3491332E+22 feasible? F
gen  28900/44000      elitist  7.3491332E+22 feasible? F
gen  29000/44000      elitist  7.3491332E+22 feasible? F
gen  29100/44000      elitist  7.3491332E+22 feasible? F
gen  29200/44000      elitist  7.3491332E+22 feasible? F
gen  29300/44000      elitist  7.3491332E+22 feasible? F
gen  29400/44000      elitist  7.3491332E+22 feasible? F
gen  29500/44000      elitist  7.3491332E+22 feasible? F
gen  29600/44000      elitist  7.3491332E+22 feasible? F
gen  29700/44000      elitist  7.3491332E+22 feasible? F
gen  29800/44000      elitist  7.3491332E+22 feasible? F
gen  29900/44000      elitist  7.3491332E+22 feasible? F
gen  30000/44000      elitist  7.3491332E+22 feasible? F
gen  30100/44000      elitist  7.3491332E+22 feasible? F
gen  30200/44000      elitist  7.3491332E+22 feasible? F
gen  30300/44000      elitist  7.3491332E+22 feasible? F
gen  30400/44000      elitist  7.3491332E+22 feasible? F
gen  30500/44000      elitist  7.3491332E+22 feasible? F
gen  30600/44000      elitist  7.3491332E+22 feasible? F
gen  30700/44000      elitist  7.3491332E+22 feasible? F
gen  30800/44000      elitist  7.3491332E+22 feasible? F
gen  30900/44000      elitist  7.3491332E+22 feasible? F
gen  31000/44000      elitist  7.3491332E+22 feasible? F
gen  31100/44000      elitist  7.3491332E+22 feasible? F
gen  31200/44000      elitist  7.3491332E+22 feasible? F
gen  31300/44000      elitist  7.3491332E+22 feasible? F
gen  31400/44000      elitist  7.3491332E+22 feasible? F
gen  31500/44000      elitist  7.3491332E+22 feasible? F
gen  31600/44000      elitist  7.3491332E+22 feasible? F
gen  31700/44000      elitist  7.3491332E+22 feasible? F
gen  31800/44000      elitist  7.3491332E+22 feasible? F
gen  31900/44000      elitist  7.3491332E+22 feasible? F
gen  32000/44000      elitist  7.3491332E+22 feasible? F
gen  32100/44000      elitist  7.3491332E+22 feasible? F
gen  32200/44000      elitist  7.3491332E+22 feasible? F
gen  32300/44000      elitist  7.3491332E+22 feasible? F
gen  32400/44000      elitist  7.3491332E+22 feasible? F
gen  32500/44000      elitist  7.3491332E+22 feasible? F
gen  32600/44000      elitist  7.3491332E+22 feasible? F
gen  32700/44000      elitist  7.3491332E+22 feasible? F
gen  32800/44000      elitist  7.3491332E+22 feasible? F
gen  32900/44000      elitist  7.3491332E+22 feasible? F
gen  33000/44000      elitist  7.3491332E+22 feasible? F
gen  33100/44000      elitist  7.3491332E+22 feasible? F
gen  33200/44000      elitist  7.3491332E+22 feasible? F
gen  33300/44000      elitist  7.3491332E+22 feasible? F
gen  33400/44000      elitist  7.3491332E+22 feasible? F
gen  33500/44000      elitist  7.3491332E+22 feasible? F
gen  33600/44000      elitist  7.3491332E+22 feasible? F
gen  33700/44000      elitist  7.3491332E+22 feasible? F
gen  33800/44000      elitist  7.3491332E+22 feasible? F
gen  33900/44000      elitist  7.3491332E+22 feasible? F
gen  34000/44000      elitist  7.3491332E+22 feasible? F
gen  34100/44000      elitist  7.3491332E+22 feasible? F
gen  34200/44000      elitist  7.3491332E+22 feasible? F
gen  34300/44000      elitist  7.3491332E+22 feasible? F
gen  34400/44000      elitist  7.3491332E+22 feasible? F
gen  34500/44000      elitist  7.3491332E+22 feasible? F
gen  34600/44000      elitist  7.3491332E+22 feasible? F
gen  34700/44000      elitist  7.3491332E+22 feasible? F
gen  34800/44000      elitist  7.3491332E+22 feasible? F
gen  34900/44000      elitist  7.3491332E+22 feasible? F
gen  35000/44000      elitist  7.3491332E+22 feasible? F
gen  35100/44000      elitist  7.3491332E+22 feasible? F
gen  35200/44000      elitist  7.3491332E+22 feasible? F
gen  35300/44000      elitist  7.3491332E+22 feasible? F
gen  35400/44000      elitist  7.3491332E+22 feasible? F
gen  35500/44000      elitist  7.3491332E+22 feasible? F
gen  35600/44000      elitist  7.3491332E+22 feasible? F
gen  35700/44000      elitist  7.3491332E+22 feasible? F
gen  35800/44000      elitist  7.3491332E+22 feasible? F
gen  35900/44000      elitist  7.3491332E+22 feasible? F
gen  36000/44000      elitist  7.3491332E+22 feasible? F
gen  36100/44000      elitist  7.3491332E+22 feasible? F
gen  36200/44000      elitist  7.3491332E+22 feasible? F
gen  36300/44000      elitist  7.3491332E+22 feasible? F
gen  36400/44000      elitist  7.3491332E+22 feasible? F
gen  36500/44000      elitist  7.3491332E+22 feasible? F
gen  36600/44000      elitist  7.3491332E+22 feasible? F
gen  36700/44000      elitist  7.3491332E+22 feasible? F
gen  36800/44000      elitist  7.3491332E+22 feasible? F
gen  36900/44000      elitist  7.3491332E+22 feasible? F
gen  37000/44000      elitist  7.3491332E+22 feasible? F
gen  37100/44000      elitist  7.3491332E+22 feasible? F
gen  37200/44000      elitist  7.3491332E+22 feasible? F
gen  37300/44000      elitist  7.3491332E+22 feasible? F
gen  37400/44000      elitist  7.3491332E+22 feasible? F
gen  37500/44000      elitist  7.3491332E+22 feasible? F
gen  37600/44000      elitist  7.3491332E+22 feasible? F
gen  37700/44000      elitist  7.3491332E+22 feasible? F
gen  37800/44000      elitist  7.3491332E+22 feasible? F
gen  37900/44000      elitist  7.3491332E+22 feasible? F
gen  38000/44000      elitist  7.3491332E+22 feasible? F
gen  38100/44000      elitist  7.3491332E+22 feasible? F
gen  38200/44000      elitist  7.3491332E+22 feasible? F
gen  38300/44000      elitist  7.3491332E+22 feasible? F
gen  38400/44000      elitist  7.3491332E+22 feasible? F
gen  38500/44000      elitist  7.3491332E+22 feasible? F
gen  38600/44000      elitist  7.3491332E+22 feasible? F
gen  38700/44000      elitist  7.3491332E+22 feasible? F
gen  38800/44000      elitist  7.3491332E+22 feasible? F
gen  38900/44000      elitist  7.3491332E+22 feasible? F
gen  39000/44000      elitist  7.3491332E+22 feasible? F
gen  39100/44000      elitist  7.3491332E+22 feasible? F
gen  39200/44000      elitist  7.3491332E+22 feasible? F
gen  39300/44000      elitist  7.3491332E+22 feasible? F
gen  39400/44000      elitist  7.3491332E+22 feasible? F
gen  39500/44000      elitist  7.3491332E+22 feasible? F
gen  39600/44000      elitist  7.3491332E+22 feasible? F
gen  39700/44000      elitist  7.3491332E+22 feasible? F
gen  39800/44000      elitist  7.3491332E+22 feasible? F
gen  39900/44000      elitist  7.3491332E+22 feasible? F
gen  40000/44000      elitist  7.3491332E+22 feasible? F
gen  40100/44000      elitist  7.3491332E+22 feasible? F
gen  40200/44000      elitist  7.3491332E+22 feasible? F
gen  40300/44000      elitist  7.3491332E+22 feasible? F
gen  40400/44000      elitist  7.3491332E+22 feasible? F
gen  40500/44000      elitist  7.3491332E+22 feasible? F
gen  40600/44000      elitist  7.3491332E+22 feasible? F
gen  40700/44000      elitist  7.3491332E+22 feasible? F
gen  40800/44000      elitist  7.3491332E+22 feasible? F
gen  40900/44000      elitist  7.3491332E+22 feasible? F
gen  41000/44000      elitist  7.3491332E+22 feasible? F
gen  41100/44000      elitist  7.3491332E+22 feasible? F
gen  41200/44000      elitist  7.3491332E+22 feasible? F
gen  41300/44000      elitist  7.3491332E+22 feasible? F
gen  41400/44000      elitist  7.3491332E+22 feasible? F
gen  41500/44000      elitist  7.3491332E+22 feasible? F
gen  41600/44000      elitist  7.3491332E+22 feasible? F
gen  41700/44000      elitist  7.3491332E+22 feasible? F
gen  41800/44000      elitist  7.3491332E+22 feasible? F
gen  41900/44000      elitist  7.3491332E+22 feasible? F
gen  42000/44000      elitist  7.3491332E+22 feasible? F
gen  42100/44000      elitist  7.3491332E+22 feasible? F
gen  42200/44000      elitist  7.3491332E+22 feasible? F
gen  42300/44000      elitist  7.3491332E+22 feasible? F
gen  42400/44000      elitist  7.3491332E+22 feasible? F
gen  42500/44000      elitist  7.3491332E+22 feasible? F
gen  42600/44000      elitist  7.3491332E+22 feasible? F
gen  42700/44000      elitist  7.3491332E+22 feasible? F
gen  42800/44000      elitist  7.3491332E+22 feasible? F
gen  42900/44000      elitist  7.3491332E+22 feasible? F
gen  43000/44000      elitist  7.3491332E+22 feasible? F
gen  43100/44000      elitist  7.3491332E+22 feasible? F
gen  43200/44000      elitist  7.3491332E+22 feasible? F
gen  43300/44000      elitist  7.3491332E+22 feasible? F
gen  43400/44000      elitist  7.3491332E+22 feasible? F
gen  43500/44000      elitist  7.3491332E+22 feasible? F
gen  43600/44000      elitist  7.3491332E+22 feasible? F
gen  43700/44000      elitist  7.3491332E+22 feasible? F
gen  43800/44000      elitist  7.3491332E+22 feasible? F
gen  43900/44000      elitist  7.3491332E+22 feasible? F
gen  44000/44000      elitist  7.3491332E+22 feasible? F
WARNING: No feasible solution was found!
Starting local simplex optimization:
Solution before refinement:      7.3491331510E+22
Solution after  refinement:      7.3491331510E+22
RMSE         7.349133151E+22 Hartree

Starting fitting procedure for 22 charges, trial 3
gen      0/44000      elitist  2.0202594E-02 feasible? F
gen    100/44000      elitist  2.0202594E-02 feasible? F
gen    200/44000      elitist  1.5499632E+20 feasible? F
gen    300/44000      elitist  5.0638086E+20 feasible? F
gen    400/44000      elitist  5.0638086E+20 feasible? F
gen    500/44000      elitist  5.0638086E+20 feasible? F
gen    600/44000      elitist  5.0638086E+20 feasible? F
gen    700/44000      elitist  5.0638086E+20 feasible? F
gen    800/44000      elitist  5.0638086E+20 feasible? F
gen    900/44000      elitist  5.0638086E+20 feasible? F
gen   1000/44000      elitist  5.0638086E+20 feasible? F
gen   1100/44000      elitist  5.0638086E+20 feasible? F
gen   1200/44000      elitist  5.0638086E+20 feasible? F
gen   1300/44000      elitist  5.0638086E+20 feasible? F
gen   1400/44000      elitist  5.0638086E+20 feasible? F
gen   1500/44000      elitist  5.0638086E+20 feasible? F
gen   1600/44000      elitist  5.0638086E+20 feasible? F
gen   1700/44000      elitist  5.0638086E+20 feasible? F
gen   1800/44000      elitist  5.0638086E+20 feasible? F
gen   1900/44000      elitist  5.0638086E+20 feasible? F
gen   2000/44000      elitist  5.0638086E+20 feasible? F
gen   2100/44000      elitist  5.0638086E+20 feasible? F
gen   2200/44000      elitist  5.0638086E+20 feasible? F
gen   2300/44000      elitist  5.0638086E+20 feasible? F
gen   2400/44000      elitist  5.0638086E+20 feasible? F
gen   2500/44000      elitist  5.0638086E+20 feasible? F
gen   2600/44000      elitist  5.0638086E+20 feasible? F
gen   2700/44000      elitist  5.0638086E+20 feasible? F
gen   2800/44000      elitist  5.0638086E+20 feasible? F
gen   2900/44000      elitist  5.0638086E+20 feasible? F
gen   3000/44000      elitist  5.0638086E+20 feasible? F
gen   3100/44000      elitist  5.0638086E+20 feasible? F
gen   3200/44000      elitist  5.0638086E+20 feasible? F
gen   3300/44000      elitist  5.0638086E+20 feasible? F
gen   3400/44000      elitist  5.0638086E+20 feasible? F
gen   3500/44000      elitist  5.0638086E+20 feasible? F
gen   3600/44000      elitist  5.0638086E+20 feasible? F
gen   3700/44000      elitist  5.0638086E+20 feasible? F
gen   3800/44000      elitist  5.0638086E+20 feasible? F
gen   3900/44000      elitist  5.0638086E+20 feasible? F
gen   4000/44000      elitist  5.0638086E+20 feasible? F
gen   4100/44000      elitist  5.0638086E+20 feasible? F
gen   4200/44000      elitist  5.0638086E+20 feasible? F
gen   4300/44000      elitist  5.0638086E+20 feasible? F
gen   4400/44000      elitist  5.0638086E+20 feasible? F
gen   4500/44000      elitist  5.0638086E+20 feasible? F
gen   4600/44000      elitist  5.0638086E+20 feasible? F
gen   4700/44000      elitist  5.0638086E+20 feasible? F
gen   4800/44000      elitist  5.0638086E+20 feasible? F
gen   4900/44000      elitist  5.0638086E+20 feasible? F
gen   5000/44000      elitist  5.0638086E+20 feasible? F
gen   5100/44000      elitist  5.0638086E+20 feasible? F
gen   5200/44000      elitist  5.0638086E+20 feasible? F
gen   5300/44000      elitist  5.0638086E+20 feasible? F
gen   5400/44000      elitist  5.0638086E+20 feasible? F
gen   5500/44000      elitist  5.0638086E+20 feasible? F
gen   5600/44000      elitist  5.0638086E+20 feasible? F
gen   5700/44000      elitist  5.0638086E+20 feasible? F
gen   5800/44000      elitist  5.0638086E+20 feasible? F
gen   5900/44000      elitist  5.0638086E+20 feasible? F
gen   6000/44000      elitist  5.0638086E+20 feasible? F
gen   6100/44000      elitist  5.0638086E+20 feasible? F
gen   6200/44000      elitist  5.0638086E+20 feasible? F
gen   6300/44000      elitist  5.0638086E+20 feasible? F
gen   6400/44000      elitist  5.0638086E+20 feasible? F
gen   6500/44000      elitist  5.0638086E+20 feasible? F
gen   6600/44000      elitist  5.0638086E+20 feasible? F
gen   6700/44000      elitist  5.0638086E+20 feasible? F
gen   6800/44000      elitist  5.0638086E+20 feasible? F
gen   6900/44000      elitist  5.0638086E+20 feasible? F
gen   7000/44000      elitist  5.0638086E+20 feasible? F
gen   7100/44000      elitist  5.0638086E+20 feasible? F
gen   7200/44000      elitist  5.0638086E+20 feasible? F
gen   7300/44000      elitist  5.0638086E+20 feasible? F
gen   7400/44000      elitist  5.0638086E+20 feasible? F
gen   7500/44000      elitist  5.0638086E+20 feasible? F
gen   7600/44000      elitist  5.0638086E+20 feasible? F
gen   7700/44000      elitist  5.0638086E+20 feasible? F
gen   7800/44000      elitist  5.0638086E+20 feasible? F
gen   7900/44000      elitist  5.0638086E+20 feasible? F
gen   8000/44000      elitist  5.0638086E+20 feasible? F
gen   8100/44000      elitist  5.0638086E+20 feasible? F
gen   8200/44000      elitist  5.0638086E+20 feasible? F
gen   8300/44000      elitist  5.0638086E+20 feasible? F
gen   8400/44000      elitist  5.0638086E+20 feasible? F
gen   8500/44000      elitist  5.0638086E+20 feasible? F
gen   8600/44000      elitist  5.0638086E+20 feasible? F
gen   8700/44000      elitist  5.0638086E+20 feasible? F
gen   8800/44000      elitist  5.0638086E+20 feasible? F
gen   8900/44000      elitist  5.0638086E+20 feasible? F
gen   9000/44000      elitist  5.0638086E+20 feasible? F
gen   9100/44000      elitist  5.0638086E+20 feasible? F
gen   9200/44000      elitist  5.0638086E+20 feasible? F
gen   9300/44000      elitist  5.0638086E+20 feasible? F
gen   9400/44000      elitist  5.0638086E+20 feasible? F
gen   9500/44000      elitist  5.0638086E+20 feasible? F
gen   9600/44000      elitist  5.0638086E+20 feasible? F
gen   9700/44000      elitist  5.0638086E+20 feasible? F
gen   9800/44000      elitist  5.0638086E+20 feasible? F
gen   9900/44000      elitist  5.0638086E+20 feasible? F
gen  10000/44000      elitist  5.0638086E+20 feasible? F
gen  10100/44000      elitist  5.0638086E+20 feasible? F
gen  10200/44000      elitist  5.0638086E+20 feasible? F
gen  10300/44000      elitist  5.0638086E+20 feasible? F
gen  10400/44000      elitist  5.0638086E+20 feasible? F
gen  10500/44000      elitist  5.0638086E+20 feasible? F
gen  10600/44000      elitist  5.0638086E+20 feasible? F
gen  10700/44000      elitist  5.0638086E+20 feasible? F
gen  10800/44000      elitist  5.0638086E+20 feasible? F
gen  10900/44000      elitist  5.0638086E+20 feasible? F
gen  11000/44000      elitist  5.0638086E+20 feasible? F
gen  11100/44000      elitist  5.0638086E+20 feasible? F
gen  11200/44000      elitist  5.0638086E+20 feasible? F
gen  11300/44000      elitist  5.0638086E+20 feasible? F
gen  11400/44000      elitist  5.0638086E+20 feasible? F
gen  11500/44000      elitist  5.0638086E+20 feasible? F
gen  11600/44000      elitist  5.0638086E+20 feasible? F
gen  11700/44000      elitist  5.0638086E+20 feasible? F
gen  11800/44000      elitist  5.0638086E+20 feasible? F
gen  11900/44000      elitist  5.0638086E+20 feasible? F
gen  12000/44000      elitist  5.0638086E+20 feasible? F
gen  12100/44000      elitist  5.0638086E+20 feasible? F
gen  12200/44000      elitist  5.0638086E+20 feasible? F
gen  12300/44000      elitist  5.0638086E+20 feasible? F
gen  12400/44000      elitist  5.0638086E+20 feasible? F
gen  12500/44000      elitist  5.0638086E+20 feasible? F
gen  12600/44000      elitist  5.0638086E+20 feasible? F
gen  12700/44000      elitist  5.0638086E+20 feasible? F
gen  12800/44000      elitist  5.0638086E+20 feasible? F
gen  12900/44000      elitist  5.0638086E+20 feasible? F
gen  13000/44000      elitist  5.0638086E+20 feasible? F
gen  13100/44000      elitist  5.0638086E+20 feasible? F
gen  13200/44000      elitist  5.0638086E+20 feasible? F
gen  13300/44000      elitist  5.0638086E+20 feasible? F
gen  13400/44000      elitist  5.0638086E+20 feasible? F
gen  13500/44000      elitist  5.0638086E+20 feasible? F
gen  13600/44000      elitist  5.0638086E+20 feasible? F
gen  13700/44000      elitist  5.0638086E+20 feasible? F
gen  13800/44000      elitist  5.0638086E+20 feasible? F
gen  13900/44000      elitist  5.0638086E+20 feasible? F
gen  14000/44000      elitist  5.0638086E+20 feasible? F
gen  14100/44000      elitist  5.0638086E+20 feasible? F
gen  14200/44000      elitist  5.0638086E+20 feasible? F
gen  14300/44000      elitist  5.0638086E+20 feasible? F
gen  14400/44000      elitist  5.0638086E+20 feasible? F
gen  14500/44000      elitist  5.0638086E+20 feasible? F
gen  14600/44000      elitist  5.0638086E+20 feasible? F
gen  14700/44000      elitist  5.0638086E+20 feasible? F
gen  14800/44000      elitist  5.0638086E+20 feasible? F
gen  14900/44000      elitist  5.0638086E+20 feasible? F
gen  15000/44000      elitist  5.0638086E+20 feasible? F
gen  15100/44000      elitist  5.0638086E+20 feasible? F
gen  15200/44000      elitist  5.0638086E+20 feasible? F
gen  15300/44000      elitist  5.0638086E+20 feasible? F
gen  15400/44000      elitist  5.0638086E+20 feasible? F
gen  15500/44000      elitist  5.0638086E+20 feasible? F
gen  15600/44000      elitist  5.0638086E+20 feasible? F
gen  15700/44000      elitist  5.0638086E+20 feasible? F
gen  15800/44000      elitist  5.0638086E+20 feasible? F
gen  15900/44000      elitist  5.0638086E+20 feasible? F
gen  16000/44000      elitist  5.0638086E+20 feasible? F
gen  16100/44000      elitist  5.0638086E+20 feasible? F
gen  16200/44000      elitist  5.0638086E+20 feasible? F
gen  16300/44000      elitist  5.0638086E+20 feasible? F
gen  16400/44000      elitist  5.0638086E+20 feasible? F
gen  16500/44000      elitist  5.0638086E+20 feasible? F
gen  16600/44000      elitist  5.0638086E+20 feasible? F
gen  16700/44000      elitist  5.0638086E+20 feasible? F
gen  16800/44000      elitist  5.0638086E+20 feasible? F
gen  16900/44000      elitist  5.0638086E+20 feasible? F
gen  17000/44000      elitist  5.0638086E+20 feasible? F
gen  17100/44000      elitist  5.0638086E+20 feasible? F
gen  17200/44000      elitist  5.0638086E+20 feasible? F
gen  17300/44000      elitist  5.0638086E+20 feasible? F
gen  17400/44000      elitist  5.0638086E+20 feasible? F
gen  17500/44000      elitist  5.0638086E+20 feasible? F
gen  17600/44000      elitist  5.0638086E+20 feasible? F
gen  17700/44000      elitist  5.0638086E+20 feasible? F
gen  17800/44000      elitist  5.0638086E+20 feasible? F
gen  17900/44000      elitist  5.0638086E+20 feasible? F
gen  18000/44000      elitist  5.0638086E+20 feasible? F
gen  18100/44000      elitist  5.0638086E+20 feasible? F
gen  18200/44000      elitist  5.0638086E+20 feasible? F
gen  18300/44000      elitist  5.0638086E+20 feasible? F
gen  18400/44000      elitist  5.0638086E+20 feasible? F
gen  18500/44000      elitist  5.0638086E+20 feasible? F
gen  18600/44000      elitist  5.0638086E+20 feasible? F
gen  18700/44000      elitist  5.0638086E+20 feasible? F
gen  18800/44000      elitist  5.0638086E+20 feasible? F
gen  18900/44000      elitist  5.0638086E+20 feasible? F
gen  19000/44000      elitist  5.0638086E+20 feasible? F
gen  19100/44000      elitist  5.0638086E+20 feasible? F
gen  19200/44000      elitist  5.0638086E+20 feasible? F
gen  19300/44000      elitist  5.0638086E+20 feasible? F
gen  19400/44000      elitist  5.0638086E+20 feasible? F
gen  19500/44000      elitist  5.0638086E+20 feasible? F
gen  19600/44000      elitist  5.0638086E+20 feasible? F
gen  19700/44000      elitist  5.0638086E+20 feasible? F
gen  19800/44000      elitist  5.0638086E+20 feasible? F
gen  19900/44000      elitist  5.0638086E+20 feasible? F
gen  20000/44000      elitist  5.0638086E+20 feasible? F
gen  20100/44000      elitist  5.0638086E+20 feasible? F
gen  20200/44000      elitist  5.0638086E+20 feasible? F
gen  20300/44000      elitist  5.0638086E+20 feasible? F
gen  20400/44000      elitist  5.0638086E+20 feasible? F
gen  20500/44000      elitist  5.0638086E+20 feasible? F
gen  20600/44000      elitist  5.0638086E+20 feasible? F
gen  20700/44000      elitist  5.0638086E+20 feasible? F
gen  20800/44000      elitist  5.0638086E+20 feasible? F
gen  20900/44000      elitist  5.0638086E+20 feasible? F
gen  21000/44000      elitist  5.0638086E+20 feasible? F
gen  21100/44000      elitist  5.0638086E+20 feasible? F
gen  21200/44000      elitist  5.0638086E+20 feasible? F
gen  21300/44000      elitist  5.0638086E+20 feasible? F
gen  21400/44000      elitist  5.0638086E+20 feasible? F
gen  21500/44000      elitist  5.0638086E+20 feasible? F
gen  21600/44000      elitist  5.0638086E+20 feasible? F
gen  21700/44000      elitist  5.0638086E+20 feasible? F
gen  21800/44000      elitist  5.0638086E+20 feasible? F
gen  21900/44000      elitist  5.0638086E+20 feasible? F
gen  22000/44000      elitist  5.0638086E+20 feasible? F
gen  22100/44000      elitist  5.0638086E+20 feasible? F
gen  22200/44000      elitist  5.0638086E+20 feasible? F
gen  22300/44000      elitist  5.0638086E+20 feasible? F
gen  22400/44000      elitist  5.0638086E+20 feasible? F
gen  22500/44000      elitist  5.0638086E+20 feasible? F
gen  22600/44000      elitist  5.0638086E+20 feasible? F
gen  22700/44000      elitist  5.0638086E+20 feasible? F
gen  22800/44000      elitist  5.0638086E+20 feasible? F
gen  22900/44000      elitist  5.0638086E+20 feasible? F
gen  23000/44000      elitist  5.0638086E+20 feasible? F
gen  23100/44000      elitist  5.0638086E+20 feasible? F
gen  23200/44000      elitist  5.0638086E+20 feasible? F
gen  23300/44000      elitist  5.0638086E+20 feasible? F
gen  23400/44000      elitist  5.0638086E+20 feasible? F
gen  23500/44000      elitist  5.0638086E+20 feasible? F
gen  23600/44000      elitist  5.0638086E+20 feasible? F
gen  23700/44000      elitist  5.0638086E+20 feasible? F
gen  23800/44000      elitist  5.0638086E+20 feasible? F
gen  23900/44000      elitist  5.0638086E+20 feasible? F
gen  24000/44000      elitist  5.0638086E+20 feasible? F
gen  24100/44000      elitist  5.0638086E+20 feasible? F
gen  24200/44000      elitist  5.0638086E+20 feasible? F
gen  24300/44000      elitist  5.0638086E+20 feasible? F
gen  24400/44000      elitist  5.0638086E+20 feasible? F
gen  24500/44000      elitist  5.0638086E+20 feasible? F
gen  24600/44000      elitist  5.0638086E+20 feasible? F
gen  24700/44000      elitist  5.0638086E+20 feasible? F
gen  24800/44000      elitist  5.0638086E+20 feasible? F
gen  24900/44000      elitist  5.0638086E+20 feasible? F
gen  25000/44000      elitist  5.0638086E+20 feasible? F
gen  25100/44000      elitist  5.0638086E+20 feasible? F
gen  25200/44000      elitist  5.0638086E+20 feasible? F
gen  25300/44000      elitist  5.0638086E+20 feasible? F
gen  25400/44000      elitist  5.0638086E+20 feasible? F
gen  25500/44000      elitist  5.0638086E+20 feasible? F
gen  25600/44000      elitist  5.0638086E+20 feasible? F
gen  25700/44000      elitist  5.0638086E+20 feasible? F
gen  25800/44000      elitist  5.0638086E+20 feasible? F
gen  25900/44000      elitist  5.0638086E+20 feasible? F
gen  26000/44000      elitist  5.0638086E+20 feasible? F
gen  26100/44000      elitist  5.0638086E+20 feasible? F
gen  26200/44000      elitist  5.0638086E+20 feasible? F
gen  26300/44000      elitist  5.0638086E+20 feasible? F
gen  26400/44000      elitist  5.0638086E+20 feasible? F
gen  26500/44000      elitist  5.0638086E+20 feasible? F
gen  26600/44000      elitist  5.0638086E+20 feasible? F
gen  26700/44000      elitist  5.0638086E+20 feasible? F
gen  26800/44000      elitist  5.0638086E+20 feasible? F
gen  26900/44000      elitist  5.0638086E+20 feasible? F
gen  27000/44000      elitist  5.0638086E+20 feasible? F
gen  27100/44000      elitist  5.0638086E+20 feasible? F
gen  27200/44000      elitist  5.0638086E+20 feasible? F
gen  27300/44000      elitist  5.0638086E+20 feasible? F
gen  27400/44000      elitist  5.0638086E+20 feasible? F
gen  27500/44000      elitist  5.0638086E+20 feasible? F
gen  27600/44000      elitist  5.0638086E+20 feasible? F
gen  27700/44000      elitist  5.0638086E+20 feasible? F
gen  27800/44000      elitist  5.0638086E+20 feasible? F
gen  27900/44000      elitist  5.0638086E+20 feasible? F
gen  28000/44000      elitist  5.0638086E+20 feasible? F
gen  28100/44000      elitist  5.0638086E+20 feasible? F
gen  28200/44000      elitist  5.0638086E+20 feasible? F
gen  28300/44000      elitist  5.0638086E+20 feasible? F
gen  28400/44000      elitist  5.0638086E+20 feasible? F
gen  28500/44000      elitist  5.0638086E+20 feasible? F
gen  28600/44000      elitist  5.0638086E+20 feasible? F
gen  28700/44000      elitist  5.0638086E+20 feasible? F
gen  28800/44000      elitist  5.0638086E+20 feasible? F
gen  28900/44000      elitist  5.0638086E+20 feasible? F
gen  29000/44000      elitist  5.0638086E+20 feasible? F
gen  29100/44000      elitist  5.0638086E+20 feasible? F
gen  29200/44000      elitist  5.0638086E+20 feasible? F
gen  29300/44000      elitist  5.0638086E+20 feasible? F
gen  29400/44000      elitist  5.0638086E+20 feasible? F
gen  29500/44000      elitist  5.0638086E+20 feasible? F
gen  29600/44000      elitist  5.0638086E+20 feasible? F
gen  29700/44000      elitist  5.0638086E+20 feasible? F
gen  29800/44000      elitist  5.0638086E+20 feasible? F
gen  29900/44000      elitist  5.0638086E+20 feasible? F
gen  30000/44000      elitist  5.0638086E+20 feasible? F
gen  30100/44000      elitist  5.0638086E+20 feasible? F
gen  30200/44000      elitist  5.0638086E+20 feasible? F
gen  30300/44000      elitist  5.0638086E+20 feasible? F
gen  30400/44000      elitist  5.0638086E+20 feasible? F
gen  30500/44000      elitist  5.0638086E+20 feasible? F
gen  30600/44000      elitist  5.0638086E+20 feasible? F
gen  30700/44000      elitist  5.0638086E+20 feasible? F
gen  30800/44000      elitist  5.0638086E+20 feasible? F
gen  30900/44000      elitist  5.0638086E+20 feasible? F
gen  31000/44000      elitist  5.0638086E+20 feasible? F
gen  31100/44000      elitist  5.0638086E+20 feasible? F
gen  31200/44000      elitist  5.0638086E+20 feasible? F
gen  31300/44000      elitist  5.0638086E+20 feasible? F
gen  31400/44000      elitist  5.0638086E+20 feasible? F
gen  31500/44000      elitist  5.0638086E+20 feasible? F
gen  31600/44000      elitist  5.0638086E+20 feasible? F
gen  31700/44000      elitist  5.0638086E+20 feasible? F
gen  31800/44000      elitist  5.0638086E+20 feasible? F
gen  31900/44000      elitist  5.0638086E+20 feasible? F
gen  32000/44000      elitist  5.0638086E+20 feasible? F
gen  32100/44000      elitist  5.0638086E+20 feasible? F
gen  32200/44000      elitist  5.0638086E+20 feasible? F
gen  32300/44000      elitist  5.0638086E+20 feasible? F
gen  32400/44000      elitist  5.0638086E+20 feasible? F
gen  32500/44000      elitist  5.0638086E+20 feasible? F
gen  32600/44000      elitist  5.0638086E+20 feasible? F
gen  32700/44000      elitist  5.0638086E+20 feasible? F
gen  32800/44000      elitist  5.0638086E+20 feasible? F
gen  32900/44000      elitist  5.0638086E+20 feasible? F
gen  33000/44000      elitist  5.0638086E+20 feasible? F
gen  33100/44000      elitist  5.0638086E+20 feasible? F
gen  33200/44000      elitist  5.0638086E+20 feasible? F
gen  33300/44000      elitist  5.0638086E+20 feasible? F
gen  33400/44000      elitist  5.0638086E+20 feasible? F
gen  33500/44000      elitist  5.0638086E+20 feasible? F
gen  33600/44000      elitist  5.0638086E+20 feasible? F
gen  33700/44000      elitist  5.0638086E+20 feasible? F
gen  33800/44000      elitist  5.0638086E+20 feasible? F
gen  33900/44000      elitist  5.0638086E+20 feasible? F
gen  34000/44000      elitist  5.0638086E+20 feasible? F
gen  34100/44000      elitist  5.0638086E+20 feasible? F
gen  34200/44000      elitist  5.0638086E+20 feasible? F
gen  34300/44000      elitist  5.0638086E+20 feasible? F
gen  34400/44000      elitist  5.0638086E+20 feasible? F
gen  34500/44000      elitist  5.0638086E+20 feasible? F
gen  34600/44000      elitist  5.0638086E+20 feasible? F
gen  34700/44000      elitist  5.0638086E+20 feasible? F
gen  34800/44000      elitist  5.0638086E+20 feasible? F
gen  34900/44000      elitist  5.0638086E+20 feasible? F
gen  35000/44000      elitist  5.0638086E+20 feasible? F
gen  35100/44000      elitist  5.0638086E+20 feasible? F
gen  35200/44000      elitist  5.0638086E+20 feasible? F
gen  35300/44000      elitist  5.0638086E+20 feasible? F
gen  35400/44000      elitist  5.0638086E+20 feasible? F
gen  35500/44000      elitist  5.0638086E+20 feasible? F
gen  35600/44000      elitist  5.0638086E+20 feasible? F
gen  35700/44000      elitist  5.0638086E+20 feasible? F
gen  35800/44000      elitist  5.0638086E+20 feasible? F
gen  35900/44000      elitist  5.0638086E+20 feasible? F
gen  36000/44000      elitist  5.0638086E+20 feasible? F
gen  36100/44000      elitist  5.0638086E+20 feasible? F
gen  36200/44000      elitist  5.0638086E+20 feasible? F
gen  36300/44000      elitist  5.0638086E+20 feasible? F
gen  36400/44000      elitist  5.0638086E+20 feasible? F
gen  36500/44000      elitist  5.0638086E+20 feasible? F
gen  36600/44000      elitist  5.0638086E+20 feasible? F
gen  36700/44000      elitist  5.0638086E+20 feasible? F
gen  36800/44000      elitist  5.0638086E+20 feasible? F
gen  36900/44000      elitist  5.0638086E+20 feasible? F
gen  37000/44000      elitist  5.0638086E+20 feasible? F
gen  37100/44000      elitist  5.0638086E+20 feasible? F
gen  37200/44000      elitist  5.0638086E+20 feasible? F
gen  37300/44000      elitist  5.0638086E+20 feasible? F
gen  37400/44000      elitist  5.0638086E+20 feasible? F
gen  37500/44000      elitist  5.0638086E+20 feasible? F
gen  37600/44000      elitist  5.0638086E+20 feasible? F
gen  37700/44000      elitist  5.0638086E+20 feasible? F
gen  37800/44000      elitist  5.0638086E+20 feasible? F
gen  37900/44000      elitist  5.0638086E+20 feasible? F
gen  38000/44000      elitist  5.0638086E+20 feasible? F
gen  38100/44000      elitist  5.0638086E+20 feasible? F
gen  38200/44000      elitist  5.0638086E+20 feasible? F
gen  38300/44000      elitist  5.0638086E+20 feasible? F
gen  38400/44000      elitist  5.0638086E+20 feasible? F
gen  38500/44000      elitist  5.0638086E+20 feasible? F
gen  38600/44000      elitist  5.0638086E+20 feasible? F
gen  38700/44000      elitist  5.0638086E+20 feasible? F
gen  38800/44000      elitist  5.0638086E+20 feasible? F
gen  38900/44000      elitist  5.0638086E+20 feasible? F
gen  39000/44000      elitist  5.0638086E+20 feasible? F
gen  39100/44000      elitist  5.0638086E+20 feasible? F
gen  39200/44000      elitist  5.0638086E+20 feasible? F
gen  39300/44000      elitist  5.0638086E+20 feasible? F
gen  39400/44000      elitist  5.0638086E+20 feasible? F
gen  39500/44000      elitist  5.0638086E+20 feasible? F
gen  39600/44000      elitist  5.0638086E+20 feasible? F
gen  39700/44000      elitist  5.0638086E+20 feasible? F
gen  39800/44000      elitist  5.0638086E+20 feasible? F
gen  39900/44000      elitist  5.0638086E+20 feasible? F
gen  40000/44000      elitist  5.0638086E+20 feasible? F
gen  40100/44000      elitist  5.0638086E+20 feasible? F
gen  40200/44000      elitist  5.0638086E+20 feasible? F
gen  40300/44000      elitist  5.0638086E+20 feasible? F
gen  40400/44000      elitist  5.0638086E+20 feasible? F
gen  40500/44000      elitist  5.0638086E+20 feasible? F
gen  40600/44000      elitist  5.0638086E+20 feasible? F
gen  40700/44000      elitist  5.0638086E+20 feasible? F
gen  40800/44000      elitist  5.0638086E+20 feasible? F
gen  40900/44000      elitist  5.0638086E+20 feasible? F
gen  41000/44000      elitist  5.0638086E+20 feasible? F
gen  41100/44000      elitist  5.0638086E+20 feasible? F
gen  41200/44000      elitist  5.0638086E+20 feasible? F
gen  41300/44000      elitist  5.0638086E+20 feasible? F
gen  41400/44000      elitist  5.0638086E+20 feasible? F
gen  41500/44000      elitist  5.0638086E+20 feasible? F
gen  41600/44000      elitist  5.0638086E+20 feasible? F
gen  41700/44000      elitist  5.0638086E+20 feasible? F
gen  41800/44000      elitist  5.0638086E+20 feasible? F
gen  41900/44000      elitist  5.0638086E+20 feasible? F
gen  42000/44000      elitist  5.0638086E+20 feasible? F
gen  42100/44000      elitist  5.0638086E+20 feasible? F
gen  42200/44000      elitist  5.0638086E+20 feasible? F
gen  42300/44000      elitist  5.0638086E+20 feasible? F
gen  42400/44000      elitist  5.0638086E+20 feasible? F
gen  42500/44000      elitist  5.0638086E+20 feasible? F
gen  42600/44000      elitist  5.0638086E+20 feasible? F
gen  42700/44000      elitist  5.0638086E+20 feasible? F
gen  42800/44000      elitist  5.0638086E+20 feasible? F
gen  42900/44000      elitist  5.0638086E+20 feasible? F
gen  43000/44000      elitist  5.0638086E+20 feasible? F
gen  43100/44000      elitist  5.0638086E+20 feasible? F
gen  43200/44000      elitist  5.0638086E+20 feasible? F
gen  43300/44000      elitist  5.0638086E+20 feasible? F
gen  43400/44000      elitist  5.0638086E+20 feasible? F
gen  43500/44000      elitist  5.0638086E+20 feasible? F
gen  43600/44000      elitist  5.0638086E+20 feasible? F
gen  43700/44000      elitist  5.0638086E+20 feasible? F
gen  43800/44000      elitist  5.0638086E+20 feasible? F
gen  43900/44000      elitist  5.0638086E+20 feasible? F
gen  44000/44000      elitist  5.0638086E+20 feasible? F
WARNING: No feasible solution was found!
Starting local simplex optimization:
Solution before refinement:      5.0638085650E+20
Solution after  refinement:      5.0638085650E+20
RMSE         5.063808565E+20 Hartree

Best found solution for 22 charges:
        RMSE         3.177585449E+23 kcal/mol
         MAE         7.752989905E-01 kcal/mol
     max. AE         1.287307805E+01 kcal/mol
WARNING, SOLUTION IS NOT FEASIBLE!

       x[bohr]       y[bohr]       z[bohr]          q[e]
    -1.7816895     3.6179778     0.5152698    -0.1246906
     0.1659739     2.1020922    -0.8088828     0.0100643
     1.9966100     1.8200227     0.1776064     0.8579304
     2.6547855     2.1944884    -0.7852176    -0.7891465
     3.1427160     2.1202547     0.5695979    -0.7962740
     2.8299863     2.4288225    -0.4491929     0.5837154
     4.1980943     1.2516478    -0.0996281     0.1694100
    -3.9655530     3.2524236     0.1956563     0.1411275
    -0.5119225     5.1579148    -0.0506734     0.7161701
    -1.5748947     5.1761570     0.1328736     0.6671460
    -1.4989502     4.9878375    -0.1297041    -0.4571847
    -0.9375631     4.9820867     0.1260252    -0.9011294
    -1.2391368    -0.6859999    -0.0812269     0.6170947
    -1.1489801    -0.5131787     0.0659635    -0.8227831
     2.5973132     3.7584048     0.0010423    -0.4603313
     3.3388647     3.7152032     0.0613085     0.9193110
     3.3019425     3.3339241     0.0324250     0.6272163
     3.4644654     3.5840335     0.0190431    -0.8926729
     3.7452451    -0.9796329    -0.1021918    -0.6251021
     4.0532660    -1.2341002    -0.0641892     0.6787540
     6.4647064     0.4370419     0.1695631     0.7025601
     6.0567194     0.2956645     0.1250229    -0.8211849

