Running in fitting mode

Reading "/data/boittier/gaussian_scans/bromobutadiene/scan_extract_0.xyz.chk.fchk.pot.cube"...

  opt Potential
  Electrostatic potential from Total SCF Density
   10  -10.982195  -11.443988   -9.769128
   84    0.265911    0.000000    0.000000
   82    0.000000    0.265911    0.000000
   74    0.000000    0.000000    0.265911
    6    6.000000   -1.673952    3.606648    0.000000
    6    6.000000    0.000000    1.721109    0.000000
    6    6.000000    2.723878    2.103773    0.000000
    6    6.000000    4.508290    0.324643    0.000000
    1    1.000000   -3.687195    3.287689    0.000000
    1    1.000000   -0.999128    5.537939    0.000000
   35   35.000000   -1.213067   -1.674860    0.000000
    1    1.000000    3.266739    4.081797    0.000000
    1    1.000000    4.043439   -1.663450    0.000000
    1    1.000000    6.484203    0.839077    0.000000
 -4.50402E-03 -4.51053E-03 -4.51179E-03 -4.50778E-03 -4.37950E-03 -4.39021E-03
       .            .            .            .            .            .
       .            .            .            .            .            .
       .            .            .            .            .            .
  7.70629E-03  7.78523E-03  7.80058E-03  7.75172E-03  7.64058E-03  7.47148E-03

132359 out of 509712 gridpoints are considered ( 26.0%).

...done!




USING GREEDY MODE
File "multipole1_1charges.xyz" already exists. Fitting procedure is skipped.
File "multipole1_2charges.xyz" already exists. Fitting procedure is skipped.
File "multipole1_3charges.xyz" already exists. Fitting procedure is skipped.
File "multipole1_4charges.xyz" already exists. Fitting procedure is skipped.
File "multipole2_1charges.xyz" already exists. Fitting procedure is skipped.
File "multipole2_2charges.xyz" already exists. Fitting procedure is skipped.
File "multipole2_3charges.xyz" already exists. Fitting procedure is skipped.
File "multipole2_4charges.xyz" already exists. Fitting procedure is skipped.
File "multipole3_1charges.xyz" already exists. Fitting procedure is skipped.
File "multipole3_2charges.xyz" already exists. Fitting procedure is skipped.
File "multipole3_3charges.xyz" already exists. Fitting procedure is skipped.
File "multipole3_4charges.xyz" already exists. Fitting procedure is skipped.
File "multipole4_1charges.xyz" already exists. Fitting procedure is skipped.
File "multipole4_2charges.xyz" already exists. Fitting procedure is skipped.
File "multipole4_3charges.xyz" already exists. Fitting procedure is skipped.
File "multipole4_4charges.xyz" already exists. Fitting procedure is skipped.
File "multipole5_1charges.xyz" already exists. Fitting procedure is skipped.
File "multipole5_2charges.xyz" already exists. Fitting procedure is skipped.
File "multipole5_3charges.xyz" already exists. Fitting procedure is skipped.
File "multipole5_4charges.xyz" already exists. Fitting procedure is skipped.
File "multipole6_1charges.xyz" already exists. Fitting procedure is skipped.
File "multipole6_2charges.xyz" already exists. Fitting procedure is skipped.
File "multipole6_3charges.xyz" already exists. Fitting procedure is skipped.
File "multipole6_4charges.xyz" already exists. Fitting procedure is skipped.
File "multipole7_1charges.xyz" already exists. Fitting procedure is skipped.
File "multipole7_2charges.xyz" already exists. Fitting procedure is skipped.
File "multipole7_3charges.xyz" already exists. Fitting procedure is skipped.
File "multipole7_4charges.xyz" already exists. Fitting procedure is skipped.
File "multipole8_1charges.xyz" already exists. Fitting procedure is skipped.
File "multipole8_2charges.xyz" already exists. Fitting procedure is skipped.
File "multipole8_3charges.xyz" already exists. Fitting procedure is skipped.
File "multipole8_4charges.xyz" already exists. Fitting procedure is skipped.
File "multipole9_1charges.xyz" already exists. Fitting procedure is skipped.
File "multipole9_2charges.xyz" already exists. Fitting procedure is skipped.
File "multipole9_3charges.xyz" already exists. Fitting procedure is skipped.
File "multipole9_4charges.xyz" already exists. Fitting procedure is skipped.
File "multipole10_1charges.xyz" already exists. Fitting procedure is skipped.
File "multipole10_2charges.xyz" already exists. Fitting procedure is skipped.
File "multipole10_3charges.xyz" already exists. Fitting procedure is skipped.
File "multipole10_4charges.xyz" already exists. Fitting procedure is skipped.
Total fragment charge (a.u.):         1.040834086E-16
Running DE in parallel with 4 thread(s)!

Starting fitting procedure for 23 charges, trial 1
gen      0/46000      elitist  3.5796085E-02 feasible? F
gen    100/46000      elitist  3.5796085E-02 feasible? F
gen    200/46000      elitist  9.9238537E-03 feasible? T
gen    300/46000      elitist  8.6713522E-03 feasible? T
gen    400/46000      elitist  6.9082907E-03 feasible? T
gen    500/46000      elitist  4.4168673E-03 feasible? T
gen    600/46000      elitist  3.2805110E-03 feasible? T
gen    700/46000      elitist  3.0400644E-03 feasible? T
gen    800/46000      elitist  2.5068011E-03 feasible? T
gen    900/46000      elitist  2.4285466E-03 feasible? T
gen   1000/46000      elitist  2.3729180E-03 feasible? T
gen   1100/46000      elitist  2.3239272E-03 feasible? T
gen   1200/46000      elitist  2.2951629E-03 feasible? T
gen   1300/46000      elitist  2.2317187E-03 feasible? T
gen   1400/46000      elitist  2.2099623E-03 feasible? T
gen   1500/46000      elitist  2.1903546E-03 feasible? T
gen   1600/46000      elitist  2.1760251E-03 feasible? T
gen   1700/46000      elitist  2.1734008E-03 feasible? T
gen   1800/46000      elitist  2.1676662E-03 feasible? T
gen   1900/46000      elitist  2.1644540E-03 feasible? T
gen   2000/46000      elitist  2.1590934E-03 feasible? T
gen   2100/46000      elitist  2.1498363E-03 feasible? T
gen   2200/46000      elitist  2.1456541E-03 feasible? T
gen   2300/46000      elitist  2.1451644E-03 feasible? T
gen   2400/46000      elitist  2.1436616E-03 feasible? T
gen   2500/46000      elitist  2.1428146E-03 feasible? T
gen   2600/46000      elitist  2.1427281E-03 feasible? T
gen   2700/46000      elitist  2.1423489E-03 feasible? T
gen   2800/46000      elitist  2.1422430E-03 feasible? T
gen   2900/46000      elitist  2.1421974E-03 feasible? T
gen   3000/46000      elitist  2.1414632E-03 feasible? T
gen   3100/46000      elitist  2.1412748E-03 feasible? T
gen   3200/46000      elitist  2.1403414E-03 feasible? T
gen   3300/46000      elitist  2.1402527E-03 feasible? T
gen   3400/46000      elitist  2.1399252E-03 feasible? T
gen   3500/46000      elitist  2.1397197E-03 feasible? T
gen   3600/46000      elitist  2.1396810E-03 feasible? T
gen   3700/46000      elitist  2.1396151E-03 feasible? T
gen   3800/46000      elitist  2.1395174E-03 feasible? T
gen   3900/46000      elitist  2.1394821E-03 feasible? T
gen   4000/46000      elitist  2.1394638E-03 feasible? T
gen   4100/46000      elitist  2.1394555E-03 feasible? T
gen   4200/46000      elitist  2.1394363E-03 feasible? T
gen   4300/46000      elitist  2.1394213E-03 feasible? T
gen   4400/46000      elitist  2.1394169E-03 feasible? T
gen   4500/46000      elitist  2.1393099E-03 feasible? T
gen   4600/46000      elitist  2.1392696E-03 feasible? T
gen   4700/46000      elitist  2.1391665E-03 feasible? T
gen   4800/46000      elitist  2.1390766E-03 feasible? T
gen   4900/46000      elitist  2.1389267E-03 feasible? T
gen   5000/46000      elitist  2.1388291E-03 feasible? T
gen   5100/46000      elitist  2.1388144E-03 feasible? T
gen   5200/46000      elitist  2.1387973E-03 feasible? T
gen   5300/46000      elitist  2.1387855E-03 feasible? T
gen   5400/46000      elitist  2.1387583E-03 feasible? T
gen   5500/46000      elitist  2.1387513E-03 feasible? T
gen   5600/46000      elitist  2.1387440E-03 feasible? T
gen   5700/46000      elitist  2.1387070E-03 feasible? T
gen   5800/46000      elitist  2.1362866E-03 feasible? T
gen   5900/46000      elitist  2.1355844E-03 feasible? T
gen   6000/46000      elitist  2.1350031E-03 feasible? T
gen   6100/46000      elitist  2.1348161E-03 feasible? T
gen   6200/46000      elitist  2.1346674E-03 feasible? T
gen   6300/46000      elitist  2.1345320E-03 feasible? T
gen   6400/46000      elitist  2.1344902E-03 feasible? T
gen   6500/46000      elitist  2.1344452E-03 feasible? T
gen   6600/46000      elitist  2.1343671E-03 feasible? T
gen   6700/46000      elitist  2.1343161E-03 feasible? T
gen   6800/46000      elitist  2.1342790E-03 feasible? T
gen   6900/46000      elitist  2.1342386E-03 feasible? T
gen   7000/46000      elitist  2.1341728E-03 feasible? T
gen   7100/46000      elitist  2.1341428E-03 feasible? T
gen   7200/46000      elitist  2.1341070E-03 feasible? T
gen   7300/46000      elitist  2.1340789E-03 feasible? T
gen   7400/46000      elitist  2.1340578E-03 feasible? T
gen   7500/46000      elitist  2.1340441E-03 feasible? T
gen   7600/46000      elitist  2.1340234E-03 feasible? T
gen   7700/46000      elitist  2.1340014E-03 feasible? T
gen   7800/46000      elitist  2.1339780E-03 feasible? T
gen   7900/46000      elitist  2.1339563E-03 feasible? T
gen   8000/46000      elitist  2.1339385E-03 feasible? T
gen   8100/46000      elitist  2.1339303E-03 feasible? T
gen   8200/46000      elitist  2.1339282E-03 feasible? T
gen   8300/46000      elitist  2.1339229E-03 feasible? T
gen   8400/46000      elitist  2.1339215E-03 feasible? T
gen   8500/46000      elitist  2.1339200E-03 feasible? T
gen   8600/46000      elitist  2.1339190E-03 feasible? T
gen   8700/46000      elitist  2.1339181E-03 feasible? T
gen   8800/46000      elitist  2.1339177E-03 feasible? T
gen   8900/46000      elitist  2.1339170E-03 feasible? T
gen   9000/46000      elitist  2.1339170E-03 feasible? T
gen   9100/46000      elitist  2.1339168E-03 feasible? T
gen   9200/46000      elitist  2.1339168E-03 feasible? T
gen   9300/46000      elitist  2.1339168E-03 feasible? T
gen   9400/46000      elitist  2.1339168E-03 feasible? T
gen   9500/46000      elitist  2.1339167E-03 feasible? T
gen   9600/46000      elitist  2.1339167E-03 feasible? T
gen   9700/46000      elitist  2.1339167E-03 feasible? T
gen   9800/46000      elitist  2.1339167E-03 feasible? T
gen   9900/46000      elitist  2.1339166E-03 feasible? T
gen  10000/46000      elitist  2.1339165E-03 feasible? T
gen  10100/46000      elitist  2.1339165E-03 feasible? T
gen  10200/46000      elitist  2.1339163E-03 feasible? T
gen  10300/46000      elitist  2.1339163E-03 feasible? T
gen  10400/46000      elitist  2.1339161E-03 feasible? T
gen  10500/46000      elitist  2.1339160E-03 feasible? T
gen  10600/46000      elitist  2.1339092E-03 feasible? T
gen  10700/46000      elitist  2.1339089E-03 feasible? T
gen  10800/46000      elitist  2.1339045E-03 feasible? T
gen  10900/46000      elitist  2.1339010E-03 feasible? T
gen  11000/46000      elitist  2.1338998E-03 feasible? T
gen  11100/46000      elitist  2.1338987E-03 feasible? T
gen  11200/46000      elitist  2.1338985E-03 feasible? T
gen  11300/46000      elitist  2.1338981E-03 feasible? T
gen  11400/46000      elitist  2.1338940E-03 feasible? T
gen  11500/46000      elitist  2.1338921E-03 feasible? T
gen  11600/46000      elitist  2.1338902E-03 feasible? T
gen  11700/46000      elitist  2.1338884E-03 feasible? T
gen  11800/46000      elitist  2.1338882E-03 feasible? T
gen  11900/46000      elitist  2.1338863E-03 feasible? T
gen  12000/46000      elitist  2.1338854E-03 feasible? T
gen  12100/46000      elitist  2.1338847E-03 feasible? T
gen  12200/46000      elitist  2.1338843E-03 feasible? T
gen  12300/46000      elitist  2.1338839E-03 feasible? T
gen  12400/46000      elitist  2.1338838E-03 feasible? T
gen  12500/46000      elitist  2.1338836E-03 feasible? T
gen  12600/46000      elitist  2.1338835E-03 feasible? T
gen  12700/46000      elitist  2.1338834E-03 feasible? T
gen  12800/46000      elitist  2.1338833E-03 feasible? T
gen  12900/46000      elitist  2.1338833E-03 feasible? T
gen  13000/46000      elitist  2.1338832E-03 feasible? T
gen  13100/46000      elitist  2.1338832E-03 feasible? T
gen  13200/46000      elitist  2.1338832E-03 feasible? T
gen  13300/46000      elitist  2.1338832E-03 feasible? T
gen  13400/46000      elitist  2.1338832E-03 feasible? T
gen  13500/46000      elitist  2.1338832E-03 feasible? T
gen  13600/46000      elitist  2.1338832E-03 feasible? T
population converged towards a single solution after 13664 generations.
Starting local simplex optimization:
Solution before refinement:      2.1338832067E-03
 performing expansion, best =    2.1334584957637685E-003
 performing expansion, best =    2.1328762173987064E-003
 performing expansion, best =    2.1327438027719135E-003
 performing expansion, best =    2.1317000302338699E-003
 performing expansion, best =    2.1316422744669297E-003
 performing expansion, best =    2.1315682782867018E-003
 performing expansion, best =    2.1311089379635606E-003
 performing expansion, best =    2.1310164942216657E-003
 performing expansion, best =    2.1309633290514606E-003
 performing expansion, best =    2.1309306399745899E-003
 performing expansion, best =    2.1305880264945705E-003
 performing expansion, best =    2.1305218240245064E-003
 performing expansion, best =    2.1303120206404504E-003
 performing expansion, best =    2.1302664835917825E-003
 performing expansion, best =    2.1302101992194730E-003
 performing expansion, best =    2.1302028010058388E-003
 performing expansion, best =    2.1300994820488586E-003
 performing expansion, best =    2.1299615648228752E-003
 performing expansion, best =    2.1299596443404289E-003
 performing expansion, best =    2.1298908453567587E-003
 performing expansion, best =    2.1298797302670338E-003
 performing expansion, best =    2.1298344656334590E-003
 performing expansion, best =    2.1296840368179135E-003
 performing expansion, best =    2.1295223955861932E-003
 performing expansion, best =    2.1294865394581673E-003
 performing expansion, best =    2.1294407541330223E-003
 performing expansion, best =    2.1293887428313779E-003
 performing expansion, best =    2.1293610949946677E-003
 performing expansion, best =    2.1293325726338586E-003
 performing expansion, best =    2.1292079218263493E-003
 performing expansion, best =    2.1291910261819775E-003
 performing expansion, best =    2.1291643591959623E-003
 performing expansion, best =    2.1290469540702528E-003
 performing expansion, best =    2.1290412518104877E-003
 performing expansion, best =    2.1290409185401407E-003
 performing expansion, best =    2.1289973790278327E-003
 performing expansion, best =    2.1289941132629940E-003
 performing expansion, best =    2.1289381548377311E-003
 performing expansion, best =    2.1287485391365130E-003
 performing expansion, best =    2.1287411279797669E-003
 performing expansion, best =    2.1287368985774217E-003
 performing expansion, best =    2.1285788058545601E-003
 performing expansion, best =    2.1285512645843152E-003
 performing expansion, best =    2.1282351146919422E-003
 performing expansion, best =    2.1282044433184938E-003
 performing expansion, best =    2.1280369099547975E-003
 performing expansion, best =    2.1277522993886156E-003
 performing expansion, best =    2.1275144663154199E-003
 performing expansion, best =    2.1274944831493493E-003
 performing expansion, best =    2.1274469886958108E-003
 performing expansion, best =    2.1272787474367057E-003
 performing expansion, best =    2.1272442730468320E-003
 performing expansion, best =    2.1270557141423239E-003
 performing expansion, best =    2.1268520688500817E-003
 performing expansion, best =    2.1265576854071861E-003
 performing expansion, best =    2.1262399882501135E-003
 performing expansion, best =    2.1259421736898169E-003
 performing expansion, best =    2.1255931882409786E-003
 performing expansion, best =    2.1252728538142169E-003
 performing expansion, best =    2.1248476653569818E-003
 performing expansion, best =    2.1245360862179223E-003
 performing expansion, best =    2.1245244140439142E-003
 performing expansion, best =    2.1241531895744058E-003
 performing expansion, best =    2.1237541048169935E-003
 performing expansion, best =    2.1237214776574070E-003
 performing expansion, best =    2.1233968878899955E-003
 performing expansion, best =    2.1233632109375045E-003
 performing expansion, best =    2.1233515660063506E-003
 performing expansion, best =    2.1229967930451637E-003
 performing expansion, best =    2.1229600432288052E-003
 performing expansion, best =    2.1225472897962979E-003
 performing expansion, best =    2.1222368678476527E-003
 performing expansion, best =    2.1217912713455437E-003
 performing expansion, best =    2.1213045865889151E-003
 performing expansion, best =    2.1208157370799772E-003
 performing expansion, best =    2.1203869689123017E-003
 performing expansion, best =    2.1203049344333583E-003
 performing expansion, best =    2.1202581643224062E-003
 performing expansion, best =    2.1202135050504066E-003
 performing expansion, best =    2.1201527107455355E-003
 performing expansion, best =    2.1197746418529775E-003
 performing expansion, best =    2.1194969084200616E-003
 performing expansion, best =    2.1194628256753219E-003
 performing expansion, best =    2.1194534343506682E-003
 performing expansion, best =    2.1194346254732261E-003
 performing expansion, best =    2.1191221066601379E-003
 performing expansion, best =    2.1190942884048080E-003
 performing expansion, best =    2.1188070063878216E-003
 performing expansion, best =    2.1187069128618327E-003
 performing expansion, best =    2.1186998309872074E-003
 performing expansion, best =    2.1183591196712336E-003
 performing expansion, best =    2.1183374976714146E-003
 performing expansion, best =    2.1180488676171652E-003
 performing expansion, best =    2.1180157863095461E-003
 performing expansion, best =    2.1179944654688451E-003
 performing expansion, best =    2.1179504263588974E-003
 performing expansion, best =    2.1179094185699455E-003
 performing expansion, best =    2.1178740661713736E-003
 performing expansion, best =    2.1178420951936147E-003
 performing expansion, best =    2.1178202097274982E-003
 performing expansion, best =    2.1177912141769444E-003
 performing expansion, best =    2.1177035913469470E-003
 performing expansion, best =    2.1173532186077640E-003
 performing expansion, best =    2.1171116109348570E-003
 performing expansion, best =    2.1170855990897712E-003
 performing expansion, best =    2.1170638551165589E-003
 performing expansion, best =    2.1167793549313231E-003
 performing expansion, best =    2.1167529278235059E-003
 performing expansion, best =    2.1167434228524704E-003
 performing expansion, best =    2.1167182060486504E-003
 performing expansion, best =    2.1167073964462684E-003
 performing expansion, best =    2.1166752086989944E-003
 performing expansion, best =    2.1164163452238815E-003
 performing expansion, best =    2.1161623358355859E-003
 performing expansion, best =    2.1158312530964898E-003
 performing expansion, best =    2.1155679586382123E-003
 performing expansion, best =    2.1155115218489907E-003
 performing expansion, best =    2.1154981467572734E-003
 performing expansion, best =    2.1154859515880174E-003
 performing expansion, best =    2.1154677009833133E-003
 performing expansion, best =    2.1154229440539705E-003
 performing expansion, best =    2.1154173396520891E-003
 performing expansion, best =    2.1151213075374427E-003
 performing expansion, best =    2.1151073366850355E-003
 performing expansion, best =    2.1150796264119659E-003
 performing expansion, best =    2.1150758046863142E-003
 performing expansion, best =    2.1148678985066934E-003
 performing expansion, best =    2.1148553144184124E-003
 performing expansion, best =    2.1146595991527778E-003
 performing expansion, best =    2.1144376083534594E-003
 performing expansion, best =    2.1144095219470947E-003
 performing expansion, best =    2.1144002014406630E-003
 performing expansion, best =    2.1143836726180256E-003
 performing expansion, best =    2.1143806659716870E-003
 performing expansion, best =    2.1143552873591665E-003
 performing expansion, best =    2.1141465659392251E-003
 performing expansion, best =    2.1139644204306251E-003
 performing expansion, best =    2.1139477703159275E-003
 performing expansion, best =    2.1138018812971965E-003
 performing expansion, best =    2.1137827797696905E-003
 performing expansion, best =    2.1135913161627559E-003
 performing expansion, best =    2.1135883207353151E-003
 performing expansion, best =    2.1134135525208422E-003
 performing expansion, best =    2.1132022741769843E-003
 performing expansion, best =    2.1131884764187536E-003
 performing expansion, best =    2.1131448067749884E-003
 performing expansion, best =    2.1131158408347656E-003
 performing expansion, best =    2.1130806786119828E-003
 performing expansion, best =    2.1130630872857009E-003
 performing expansion, best =    2.1128397003340395E-003
 performing expansion, best =    2.1128346703937120E-003
 performing expansion, best =    2.1126589144264954E-003
 performing expansion, best =    2.1126574423593909E-003
 performing expansion, best =    2.1126150744898188E-003
 performing expansion, best =    2.1126127996401803E-003
 performing expansion, best =    2.1126016362913594E-003
 performing expansion, best =    2.1125671367786896E-003
 performing expansion, best =    2.1123558541658151E-003
 performing expansion, best =    2.1121672305063404E-003
 performing expansion, best =    2.1121510481862597E-003
 performing expansion, best =    2.1119403982297171E-003
 performing expansion, best =    2.1119317247816215E-003
 performing expansion, best =    2.1119236591884186E-003
 performing expansion, best =    2.1117604351988668E-003
 performing expansion, best =    2.1115825504333372E-003
 performing expansion, best =    2.1115754010124586E-003
 performing expansion, best =    2.1113749620644772E-003
 performing expansion, best =    2.1113707558998644E-003
 performing expansion, best =    2.1112017615401548E-003
 performing expansion, best =    2.1111637868637401E-003
 performing expansion, best =    2.1111553624508232E-003
 performing expansion, best =    2.1109749760173857E-003
 performing expansion, best =    2.1107712237956487E-003
 performing expansion, best =    2.1107500141044691E-003
 performing expansion, best =    2.1107336004355637E-003
 performing expansion, best =    2.1105779060012495E-003
 performing expansion, best =    2.1105756412748448E-003
 performing expansion, best =    2.1104011804827807E-003
 performing expansion, best =    2.1103541311925972E-003
 performing expansion, best =    2.1101343474366108E-003
 performing expansion, best =    2.1101326651154616E-003
 performing expansion, best =    2.1099492314002387E-003
 performing expansion, best =    2.1097262266489393E-003
 performing expansion, best =    2.1096943430832698E-003
 performing expansion, best =    2.1096671952407471E-003
 performing expansion, best =    2.1096597080783892E-003
 performing expansion, best =    2.1096281160994765E-003
 performing expansion, best =    2.1096241847580804E-003
 performing expansion, best =    2.1094559175188301E-003
 performing expansion, best =    2.1092194259995345E-003
 performing expansion, best =    2.1090332145771830E-003
 performing expansion, best =    2.1088469606701482E-003
 performing expansion, best =    2.1086345629196391E-003
 performing expansion, best =    2.1084333551932371E-003
 performing expansion, best =    2.1084287206212392E-003
 performing expansion, best =    2.1084109662039652E-003
 performing expansion, best =    2.1084024600091394E-003
 performing expansion, best =    2.1082713052408561E-003
 performing expansion, best =    2.1082568967294084E-003
 performing expansion, best =    2.1082138776607048E-003
 performing expansion, best =    2.1082022214723079E-003
 performing expansion, best =    2.1080028964446814E-003
 performing expansion, best =    2.1077969905735970E-003
 performing expansion, best =    2.1076136672852721E-003
 performing expansion, best =    2.1074224602894032E-003
 performing expansion, best =    2.1074163982752110E-003
 performing expansion, best =    2.1074065022571730E-003
 performing expansion, best =    2.1073814408475436E-003
 performing expansion, best =    2.1073738410687290E-003
 performing expansion, best =    2.1071850582048387E-003
 performing expansion, best =    2.1071678415764553E-003
 performing expansion, best =    2.1071585083932138E-003
 performing expansion, best =    2.1071291778424362E-003
 performing expansion, best =    2.1069583067207780E-003
 performing expansion, best =    2.1067771845803222E-003
 performing expansion, best =    2.1065609621575905E-003
 performing expansion, best =    2.1063789534779939E-003
 performing expansion, best =    2.1062326300030263E-003
 performing expansion, best =    2.1060696782625181E-003
 performing expansion, best =    2.1060469941257616E-003
 performing expansion, best =    2.1058301842980325E-003
 performing expansion, best =    2.1057945304673946E-003
 performing expansion, best =    2.1055595598416139E-003
 performing expansion, best =    2.1055530201529301E-003
 performing expansion, best =    2.1055309220398668E-003
 performing expansion, best =    2.1055214225878987E-003
 performing expansion, best =    2.1055069107815752E-003
 performing expansion, best =    2.1053599712168329E-003
 performing expansion, best =    2.1053357832427986E-003
 performing expansion, best =    2.1053223219083491E-003
 performing expansion, best =    2.1053073278207769E-003
 performing expansion, best =    2.1052784701535961E-003
 performing expansion, best =    2.1052745046600801E-003
 performing expansion, best =    2.1051460534839013E-003
 performing expansion, best =    2.1051350865258613E-003
 performing expansion, best =    2.1051313358691768E-003
 performing expansion, best =    2.1049549550229952E-003
 performing expansion, best =    2.1049431260636883E-003
 performing expansion, best =    2.1048285233954351E-003
 performing expansion, best =    2.1046150176147970E-003
 performing expansion, best =    2.1044345396680872E-003
 performing expansion, best =    2.1044180374116960E-003
 performing expansion, best =    2.1043944370668548E-003
 performing expansion, best =    2.1042230106425000E-003
 performing expansion, best =    2.1040204347148265E-003
 performing expansion, best =    2.1040183037891948E-003
 performing expansion, best =    2.1038600981348782E-003
 performing expansion, best =    2.1036898515331181E-003
 performing expansion, best =    2.1035241560068496E-003
 performing expansion, best =    2.1034900789965779E-003
 performing expansion, best =    2.1033237326059761E-003
 performing expansion, best =    2.1032942139616109E-003
 performing expansion, best =    2.1032801557385895E-003
 performing expansion, best =    2.1030892589107490E-003
 performing expansion, best =    2.1029053253826466E-003
 performing expansion, best =    2.1028934713596633E-003
 performing expansion, best =    2.1028854600978419E-003
 performing expansion, best =    2.1028835368140575E-003
 performing expansion, best =    2.1027520775024166E-003
 performing expansion, best =    2.1025681639412690E-003
 performing expansion, best =    2.1023763746572340E-003
 performing expansion, best =    2.1021893776644617E-003
 performing expansion, best =    2.1020111915307517E-003
 performing expansion, best =    2.1020024501696350E-003
 performing expansion, best =    2.1018156827915671E-003
 performing expansion, best =    2.1017856163949738E-003
 performing expansion, best =    2.1015643552398018E-003
 performing expansion, best =    2.1013338453157947E-003
 performing expansion, best =    2.1011137542370681E-003
 performing expansion, best =    2.1008927730288974E-003
 performing expansion, best =    2.1006744865777424E-003
 performing expansion, best =    2.1004922068828809E-003
 performing expansion, best =    2.1002990895276990E-003
 performing expansion, best =    2.1002748593271056E-003
 performing expansion, best =    2.1001038052317869E-003
 performing expansion, best =    2.0999274177682966E-003
 performing expansion, best =    2.0997381807039174E-003
 performing expansion, best =    2.0997349842975235E-003
 performing expansion, best =    2.0995998680482862E-003
 performing expansion, best =    2.0994070401498554E-003
 performing expansion, best =    2.0992669476202594E-003
 performing expansion, best =    2.0992549173341388E-003
 performing expansion, best =    2.0990180836406888E-003
 performing expansion, best =    2.0988386424810783E-003
 performing expansion, best =    2.0987335764022252E-003
 performing expansion, best =    2.0985989149691314E-003
 performing expansion, best =    2.0984725520756717E-003
 performing expansion, best =    2.0982976300689266E-003
 performing expansion, best =    2.0981436842654640E-003
 performing expansion, best =    2.0979853012816564E-003
 performing expansion, best =    2.0978267773800038E-003
 performing expansion, best =    2.0976520504298012E-003
 performing expansion, best =    2.0974802707109733E-003
 performing expansion, best =    2.0973059540140494E-003
 performing expansion, best =    2.0971598089504981E-003
 performing expansion, best =    2.0970510409003928E-003
 performing expansion, best =    2.0968823105789627E-003
 performing expansion, best =    2.0966764812809665E-003
 performing expansion, best =    2.0965242847445103E-003
 performing expansion, best =    2.0963170742185583E-003
 performing expansion, best =    2.0961454846678469E-003
 performing expansion, best =    2.0959715740204127E-003
 performing expansion, best =    2.0957707718472166E-003
 performing expansion, best =    2.0957648583522712E-003
 performing expansion, best =    2.0955632315138358E-003
 performing expansion, best =    2.0953339836609569E-003
 performing expansion, best =    2.0950777198795916E-003
 performing expansion, best =    2.0948293728612886E-003
 performing expansion, best =    2.0948034667635220E-003
 performing expansion, best =    2.0945899500957716E-003
 performing expansion, best =    2.0945304705357595E-003
 performing expansion, best =    2.0942401617091806E-003
 performing expansion, best =    2.0939746937727690E-003
 performing expansion, best =    2.0937308027241539E-003
 performing expansion, best =    2.0934891263815849E-003
 performing expansion, best =    2.0932206569642090E-003
 performing expansion, best =    2.0930080622475976E-003
 performing expansion, best =    2.0927525806926596E-003
 performing expansion, best =    2.0924363372148576E-003
 performing expansion, best =    2.0924283252012725E-003
 performing expansion, best =    2.0921819830457692E-003
 performing expansion, best =    2.0919210731155918E-003
 performing expansion, best =    2.0918931795964554E-003
 performing expansion, best =    2.0916994599891976E-003
Exiting simplex optimization after 10001 iterations
Solution after  refinement:      2.0914840243E-03
RMSE         2.091484024E-03 Hartree
NEW BEST!

Starting fitting procedure for 23 charges, trial 2
gen      0/46000      elitist  2.8782977E-02 feasible? F
gen    100/46000      elitist  2.8782977E-02 feasible? F
gen    200/46000      elitist  2.8782977E-02 feasible? F
gen    300/46000      elitist  2.8782977E-02 feasible? F
gen    400/46000      elitist  1.3514231E+12 feasible? F
gen    500/46000      elitist  2.5449067E+11 feasible? F
gen    600/46000      elitist  2.5449067E+11 feasible? F
gen    700/46000      elitist  2.5449067E+11 feasible? F
gen    800/46000      elitist  2.5449067E+11 feasible? F
gen    900/46000      elitist  2.5449067E+11 feasible? F
gen   1000/46000      elitist  2.5449067E+11 feasible? F
gen   1100/46000      elitist  2.5449067E+11 feasible? F
gen   1200/46000      elitist  2.5449067E+11 feasible? F
gen   1300/46000      elitist  2.5449067E+11 feasible? F
gen   1400/46000      elitist  2.5449067E+11 feasible? F
gen   1500/46000      elitist  2.5449067E+11 feasible? F
gen   1600/46000      elitist  2.5449067E+11 feasible? F
gen   1700/46000      elitist  2.5449067E+11 feasible? F
gen   1800/46000      elitist  2.5449067E+11 feasible? F
gen   1900/46000      elitist  2.5449067E+11 feasible? F
gen   2000/46000      elitist  2.5449067E+11 feasible? F
gen   2100/46000      elitist  2.5449067E+11 feasible? F
gen   2200/46000      elitist  2.5449067E+11 feasible? F
gen   2300/46000      elitist  2.5449067E+11 feasible? F
gen   2400/46000      elitist  2.5449067E+11 feasible? F
gen   2500/46000      elitist  2.5449067E+11 feasible? F
gen   2600/46000      elitist  2.5449067E+11 feasible? F
gen   2700/46000      elitist  2.5449067E+11 feasible? F
gen   2800/46000      elitist  2.5449067E+11 feasible? F
gen   2900/46000      elitist  2.5449067E+11 feasible? F
gen   3000/46000      elitist  2.5449067E+11 feasible? F
gen   3100/46000      elitist  2.5449067E+11 feasible? F
gen   3200/46000      elitist  2.5449067E+11 feasible? F
gen   3300/46000      elitist  2.5449067E+11 feasible? F
gen   3400/46000      elitist  2.5449067E+11 feasible? F
gen   3500/46000      elitist  2.5449067E+11 feasible? F
gen   3600/46000      elitist  2.5449067E+11 feasible? F
gen   3700/46000      elitist  2.5449067E+11 feasible? F
gen   3800/46000      elitist  2.5449067E+11 feasible? F
gen   3900/46000      elitist  2.5449067E+11 feasible? F
gen   4000/46000      elitist  2.5449067E+11 feasible? F
gen   4100/46000      elitist  2.5449067E+11 feasible? F
gen   4200/46000      elitist  2.5449067E+11 feasible? F
gen   4300/46000      elitist  2.5449067E+11 feasible? F
gen   4400/46000      elitist  2.5449067E+11 feasible? F
gen   4500/46000      elitist  2.5449067E+11 feasible? F
gen   4600/46000      elitist  2.5449067E+11 feasible? F
gen   4700/46000      elitist  2.5449067E+11 feasible? F
gen   4800/46000      elitist  2.5449067E+11 feasible? F
gen   4900/46000      elitist  2.5449067E+11 feasible? F
gen   5000/46000      elitist  2.5449067E+11 feasible? F
gen   5100/46000      elitist  2.5449067E+11 feasible? F
gen   5200/46000      elitist  2.5449067E+11 feasible? F
gen   5300/46000      elitist  2.5449067E+11 feasible? F
gen   5400/46000      elitist  2.5449067E+11 feasible? F
gen   5500/46000      elitist  2.5449067E+11 feasible? F
gen   5600/46000      elitist  2.5449067E+11 feasible? F
gen   5700/46000      elitist  2.5449067E+11 feasible? F
gen   5800/46000      elitist  2.5449067E+11 feasible? F
gen   5900/46000      elitist  2.5449067E+11 feasible? F
gen   6000/46000      elitist  2.5449067E+11 feasible? F
gen   6100/46000      elitist  2.5449067E+11 feasible? F
gen   6200/46000      elitist  2.5449067E+11 feasible? F
gen   6300/46000      elitist  2.5449067E+11 feasible? F
gen   6400/46000      elitist  2.5449067E+11 feasible? F
gen   6500/46000      elitist  2.5449067E+11 feasible? F
gen   6600/46000      elitist  2.5449067E+11 feasible? F
gen   6700/46000      elitist  2.5449067E+11 feasible? F
gen   6800/46000      elitist  2.5449067E+11 feasible? F
gen   6900/46000      elitist  2.5449067E+11 feasible? F
gen   7000/46000      elitist  2.5449067E+11 feasible? F
gen   7100/46000      elitist  2.5449067E+11 feasible? F
gen   7200/46000      elitist  2.5449067E+11 feasible? F
gen   7300/46000      elitist  2.5449067E+11 feasible? F
gen   7400/46000      elitist  2.5449067E+11 feasible? F
gen   7500/46000      elitist  2.5449067E+11 feasible? F
gen   7600/46000      elitist  2.5449067E+11 feasible? F
gen   7700/46000      elitist  2.5449067E+11 feasible? F
gen   7800/46000      elitist  2.5449067E+11 feasible? F
gen   7900/46000      elitist  2.5449067E+11 feasible? F
gen   8000/46000      elitist  2.5449067E+11 feasible? F
gen   8100/46000      elitist  2.5449067E+11 feasible? F
gen   8200/46000      elitist  2.5449067E+11 feasible? F
gen   8300/46000      elitist  2.5449067E+11 feasible? F
gen   8400/46000      elitist  2.5449067E+11 feasible? F
gen   8500/46000      elitist  2.5449067E+11 feasible? F
gen   8600/46000      elitist  2.5449067E+11 feasible? F
gen   8700/46000      elitist  2.5449067E+11 feasible? F
gen   8800/46000      elitist  2.5449067E+11 feasible? F
gen   8900/46000      elitist  2.5449067E+11 feasible? F
gen   9000/46000      elitist  2.5449067E+11 feasible? F
gen   9100/46000      elitist  2.5449067E+11 feasible? F
gen   9200/46000      elitist  2.5449067E+11 feasible? F
gen   9300/46000      elitist  2.5449067E+11 feasible? F
gen   9400/46000      elitist  2.5449067E+11 feasible? F
gen   9500/46000      elitist  2.5449067E+11 feasible? F
gen   9600/46000      elitist  2.5449067E+11 feasible? F
gen   9700/46000      elitist  2.5449067E+11 feasible? F
gen   9800/46000      elitist  2.5449067E+11 feasible? F
gen   9900/46000      elitist  2.5449067E+11 feasible? F
gen  10000/46000      elitist  2.5449067E+11 feasible? F
gen  10100/46000      elitist  2.5449067E+11 feasible? F
gen  10200/46000      elitist  2.5449067E+11 feasible? F
gen  10300/46000      elitist  2.5449067E+11 feasible? F
gen  10400/46000      elitist  2.5449067E+11 feasible? F
gen  10500/46000      elitist  2.5449067E+11 feasible? F
gen  10600/46000      elitist  2.5449067E+11 feasible? F
gen  10700/46000      elitist  2.5449067E+11 feasible? F
gen  10800/46000      elitist  2.5449067E+11 feasible? F
gen  10900/46000      elitist  2.5449067E+11 feasible? F
gen  11000/46000      elitist  2.5449067E+11 feasible? F
gen  11100/46000      elitist  2.5449067E+11 feasible? F
gen  11200/46000      elitist  2.5449067E+11 feasible? F
gen  11300/46000      elitist  2.5449067E+11 feasible? F
gen  11400/46000      elitist  2.5449067E+11 feasible? F
gen  11500/46000      elitist  2.5449067E+11 feasible? F
gen  11600/46000      elitist  2.5449067E+11 feasible? F
gen  11700/46000      elitist  2.5449067E+11 feasible? F
gen  11800/46000      elitist  2.5449067E+11 feasible? F
gen  11900/46000      elitist  2.5449067E+11 feasible? F
gen  12000/46000      elitist  2.5449067E+11 feasible? F
gen  12100/46000      elitist  2.5449067E+11 feasible? F
gen  12200/46000      elitist  2.5449067E+11 feasible? F
gen  12300/46000      elitist  2.5449067E+11 feasible? F
gen  12400/46000      elitist  2.5449067E+11 feasible? F
gen  12500/46000      elitist  2.5449067E+11 feasible? F
gen  12600/46000      elitist  2.5449067E+11 feasible? F
gen  12700/46000      elitist  2.5449067E+11 feasible? F
gen  12800/46000      elitist  2.5449067E+11 feasible? F
gen  12900/46000      elitist  2.5449067E+11 feasible? F
gen  13000/46000      elitist  2.5449067E+11 feasible? F
gen  13100/46000      elitist  2.5449067E+11 feasible? F
gen  13200/46000      elitist  2.5449067E+11 feasible? F
gen  13300/46000      elitist  2.5449067E+11 feasible? F
gen  13400/46000      elitist  2.5449067E+11 feasible? F
gen  13500/46000      elitist  2.5449067E+11 feasible? F
gen  13600/46000      elitist  2.5449067E+11 feasible? F
gen  13700/46000      elitist  2.5449067E+11 feasible? F
gen  13800/46000      elitist  2.5449067E+11 feasible? F
gen  13900/46000      elitist  2.5449067E+11 feasible? F
gen  14000/46000      elitist  2.5449067E+11 feasible? F
gen  14100/46000      elitist  2.5449067E+11 feasible? F
gen  14200/46000      elitist  2.5449067E+11 feasible? F
gen  14300/46000      elitist  2.5449067E+11 feasible? F
gen  14400/46000      elitist  2.5449067E+11 feasible? F
gen  14500/46000      elitist  2.5449067E+11 feasible? F
gen  14600/46000      elitist  2.5449067E+11 feasible? F
gen  14700/46000      elitist  2.5449067E+11 feasible? F
gen  14800/46000      elitist  2.5449067E+11 feasible? F
gen  14900/46000      elitist  2.5449067E+11 feasible? F
gen  15000/46000      elitist  2.5449067E+11 feasible? F
gen  15100/46000      elitist  2.5449067E+11 feasible? F
gen  15200/46000      elitist  2.5449067E+11 feasible? F
gen  15300/46000      elitist  2.5449067E+11 feasible? F
gen  15400/46000      elitist  2.5449067E+11 feasible? F
gen  15500/46000      elitist  2.5449067E+11 feasible? F
gen  15600/46000      elitist  2.5449067E+11 feasible? F
gen  15700/46000      elitist  2.5449067E+11 feasible? F
gen  15800/46000      elitist  2.5449067E+11 feasible? F
gen  15900/46000      elitist  2.5449067E+11 feasible? F
gen  16000/46000      elitist  2.5449067E+11 feasible? F
gen  16100/46000      elitist  2.5449067E+11 feasible? F
gen  16200/46000      elitist  2.5449067E+11 feasible? F
gen  16300/46000      elitist  2.5449067E+11 feasible? F
gen  16400/46000      elitist  2.5449067E+11 feasible? F
gen  16500/46000      elitist  2.5449067E+11 feasible? F
gen  16600/46000      elitist  2.5449067E+11 feasible? F
gen  16700/46000      elitist  2.5449067E+11 feasible? F
gen  16800/46000      elitist  2.5449067E+11 feasible? F
gen  16900/46000      elitist  2.5449067E+11 feasible? F
gen  17000/46000      elitist  2.5449067E+11 feasible? F
gen  17100/46000      elitist  2.5449067E+11 feasible? F
gen  17200/46000      elitist  2.5449067E+11 feasible? F
gen  17300/46000      elitist  2.5449067E+11 feasible? F
gen  17400/46000      elitist  2.5449067E+11 feasible? F
gen  17500/46000      elitist  2.5449067E+11 feasible? F
gen  17600/46000      elitist  2.5449067E+11 feasible? F
gen  17700/46000      elitist  2.5449067E+11 feasible? F
gen  17800/46000      elitist  2.5449067E+11 feasible? F
gen  17900/46000      elitist  2.5449067E+11 feasible? F
gen  18000/46000      elitist  2.5449067E+11 feasible? F
gen  18100/46000      elitist  2.5449067E+11 feasible? F
gen  18200/46000      elitist  2.5449067E+11 feasible? F
gen  18300/46000      elitist  2.5449067E+11 feasible? F
gen  18400/46000      elitist  2.5449067E+11 feasible? F
gen  18500/46000      elitist  2.5449067E+11 feasible? F
gen  18600/46000      elitist  2.5449067E+11 feasible? F
gen  18700/46000      elitist  2.5449067E+11 feasible? F
gen  18800/46000      elitist  2.5449067E+11 feasible? F
gen  18900/46000      elitist  2.5449067E+11 feasible? F
gen  19000/46000      elitist  2.5449067E+11 feasible? F
gen  19100/46000      elitist  2.5449067E+11 feasible? F
gen  19200/46000      elitist  2.5449067E+11 feasible? F
gen  19300/46000      elitist  2.5449067E+11 feasible? F
gen  19400/46000      elitist  2.5449067E+11 feasible? F
gen  19500/46000      elitist  2.5449067E+11 feasible? F
gen  19600/46000      elitist  2.5449067E+11 feasible? F
gen  19700/46000      elitist  2.5449067E+11 feasible? F
gen  19800/46000      elitist  2.5449067E+11 feasible? F
gen  19900/46000      elitist  2.5449067E+11 feasible? F
gen  20000/46000      elitist  2.5449067E+11 feasible? F
gen  20100/46000      elitist  2.5449067E+11 feasible? F
gen  20200/46000      elitist  2.5449067E+11 feasible? F
gen  20300/46000      elitist  2.5449067E+11 feasible? F
gen  20400/46000      elitist  2.5449067E+11 feasible? F
gen  20500/46000      elitist  2.5449067E+11 feasible? F
gen  20600/46000      elitist  2.5449067E+11 feasible? F
gen  20700/46000      elitist  2.5449067E+11 feasible? F
gen  20800/46000      elitist  2.5449067E+11 feasible? F
gen  20900/46000      elitist  2.5449067E+11 feasible? F
gen  21000/46000      elitist  2.5449067E+11 feasible? F
gen  21100/46000      elitist  2.5449067E+11 feasible? F
gen  21200/46000      elitist  2.5449067E+11 feasible? F
gen  21300/46000      elitist  2.5449067E+11 feasible? F
gen  21400/46000      elitist  2.5449067E+11 feasible? F
gen  21500/46000      elitist  2.5449067E+11 feasible? F
gen  21600/46000      elitist  2.5449067E+11 feasible? F
gen  21700/46000      elitist  2.5449067E+11 feasible? F
gen  21800/46000      elitist  2.5449067E+11 feasible? F
gen  21900/46000      elitist  2.5449067E+11 feasible? F
gen  22000/46000      elitist  2.5449067E+11 feasible? F
gen  22100/46000      elitist  2.5449067E+11 feasible? F
gen  22200/46000      elitist  2.5449067E+11 feasible? F
gen  22300/46000      elitist  2.5449067E+11 feasible? F
gen  22400/46000      elitist  2.5449067E+11 feasible? F
gen  22500/46000      elitist  2.5449067E+11 feasible? F
gen  22600/46000      elitist  2.5449067E+11 feasible? F
gen  22700/46000      elitist  2.5449067E+11 feasible? F
gen  22800/46000      elitist  2.5449067E+11 feasible? F
gen  22900/46000      elitist  2.5449067E+11 feasible? F
gen  23000/46000      elitist  2.5449067E+11 feasible? F
gen  23100/46000      elitist  2.5449067E+11 feasible? F
gen  23200/46000      elitist  2.5449067E+11 feasible? F
gen  23300/46000      elitist  2.5449067E+11 feasible? F
gen  23400/46000      elitist  2.5449067E+11 feasible? F
gen  23500/46000      elitist  2.5449067E+11 feasible? F
gen  23600/46000      elitist  2.5449067E+11 feasible? F
gen  23700/46000      elitist  2.5449067E+11 feasible? F
gen  23800/46000      elitist  2.5449067E+11 feasible? F
gen  23900/46000      elitist  2.5449067E+11 feasible? F
gen  24000/46000      elitist  2.5449067E+11 feasible? F
gen  24100/46000      elitist  2.5449067E+11 feasible? F
gen  24200/46000      elitist  2.5449067E+11 feasible? F
gen  24300/46000      elitist  2.5449067E+11 feasible? F
gen  24400/46000      elitist  2.5449067E+11 feasible? F
gen  24500/46000      elitist  2.5449067E+11 feasible? F
gen  24600/46000      elitist  2.5449067E+11 feasible? F
gen  24700/46000      elitist  2.5449067E+11 feasible? F
gen  24800/46000      elitist  2.5449067E+11 feasible? F
gen  24900/46000      elitist  2.5449067E+11 feasible? F
gen  25000/46000      elitist  2.5449067E+11 feasible? F
gen  25100/46000      elitist  2.5449067E+11 feasible? F
gen  25200/46000      elitist  2.5449067E+11 feasible? F
gen  25300/46000      elitist  2.5449067E+11 feasible? F
gen  25400/46000      elitist  2.5449067E+11 feasible? F
gen  25500/46000      elitist  2.5449067E+11 feasible? F
gen  25600/46000      elitist  2.5449067E+11 feasible? F
gen  25700/46000      elitist  2.5449067E+11 feasible? F
gen  25800/46000      elitist  2.5449067E+11 feasible? F
gen  25900/46000      elitist  2.5449067E+11 feasible? F
gen  26000/46000      elitist  2.5449067E+11 feasible? F
gen  26100/46000      elitist  2.5449067E+11 feasible? F
gen  26200/46000      elitist  2.5449067E+11 feasible? F
gen  26300/46000      elitist  2.5449067E+11 feasible? F
gen  26400/46000      elitist  2.5449067E+11 feasible? F
gen  26500/46000      elitist  2.5449067E+11 feasible? F
gen  26600/46000      elitist  2.5449067E+11 feasible? F
gen  26700/46000      elitist  2.5449067E+11 feasible? F
gen  26800/46000      elitist  2.5449067E+11 feasible? F
gen  26900/46000      elitist  2.5449067E+11 feasible? F
gen  27000/46000      elitist  2.5449067E+11 feasible? F
gen  27100/46000      elitist  2.5449067E+11 feasible? F
gen  27200/46000      elitist  2.5449067E+11 feasible? F
gen  27300/46000      elitist  2.5449067E+11 feasible? F
gen  27400/46000      elitist  2.5449067E+11 feasible? F
gen  27500/46000      elitist  2.5449067E+11 feasible? F
gen  27600/46000      elitist  2.5449067E+11 feasible? F
gen  27700/46000      elitist  2.5449067E+11 feasible? F
gen  27800/46000      elitist  2.5449067E+11 feasible? F
gen  27900/46000      elitist  2.5449067E+11 feasible? F
gen  28000/46000      elitist  2.5449067E+11 feasible? F
gen  28100/46000      elitist  2.5449067E+11 feasible? F
gen  28200/46000      elitist  2.5449067E+11 feasible? F
gen  28300/46000      elitist  2.5449067E+11 feasible? F
gen  28400/46000      elitist  2.5449067E+11 feasible? F
gen  28500/46000      elitist  2.5449067E+11 feasible? F
gen  28600/46000      elitist  2.5449067E+11 feasible? F
gen  28700/46000      elitist  2.5449067E+11 feasible? F
gen  28800/46000      elitist  2.5449067E+11 feasible? F
gen  28900/46000      elitist  2.5449067E+11 feasible? F
gen  29000/46000      elitist  2.5449067E+11 feasible? F
gen  29100/46000      elitist  2.5449067E+11 feasible? F
gen  29200/46000      elitist  2.5449067E+11 feasible? F
gen  29300/46000      elitist  2.5449067E+11 feasible? F
gen  29400/46000      elitist  2.5449067E+11 feasible? F
gen  29500/46000      elitist  2.5449067E+11 feasible? F
gen  29600/46000      elitist  2.5449067E+11 feasible? F
gen  29700/46000      elitist  2.5449067E+11 feasible? F
gen  29800/46000      elitist  2.5449067E+11 feasible? F
gen  29900/46000      elitist  2.5449067E+11 feasible? F
gen  30000/46000      elitist  2.5449067E+11 feasible? F
gen  30100/46000      elitist  2.5449067E+11 feasible? F
gen  30200/46000      elitist  2.5449067E+11 feasible? F
gen  30300/46000      elitist  2.5449067E+11 feasible? F
gen  30400/46000      elitist  2.5449067E+11 feasible? F
gen  30500/46000      elitist  2.5449067E+11 feasible? F
gen  30600/46000      elitist  2.5449067E+11 feasible? F
gen  30700/46000      elitist  2.5449067E+11 feasible? F
gen  30800/46000      elitist  2.5449067E+11 feasible? F
gen  30900/46000      elitist  2.5449067E+11 feasible? F
gen  31000/46000      elitist  2.5449067E+11 feasible? F
gen  31100/46000      elitist  2.5449067E+11 feasible? F
gen  31200/46000      elitist  2.5449067E+11 feasible? F
gen  31300/46000      elitist  2.5449067E+11 feasible? F
gen  31400/46000      elitist  2.5449067E+11 feasible? F
gen  31500/46000      elitist  2.5449067E+11 feasible? F
gen  31600/46000      elitist  2.5449067E+11 feasible? F
gen  31700/46000      elitist  2.5449067E+11 feasible? F
gen  31800/46000      elitist  2.5449067E+11 feasible? F
gen  31900/46000      elitist  2.5449067E+11 feasible? F
gen  32000/46000      elitist  2.5449067E+11 feasible? F
gen  32100/46000      elitist  2.5449067E+11 feasible? F
gen  32200/46000      elitist  2.5449067E+11 feasible? F
gen  32300/46000      elitist  2.5449067E+11 feasible? F
gen  32400/46000      elitist  2.5449067E+11 feasible? F
gen  32500/46000      elitist  2.5449067E+11 feasible? F
gen  32600/46000      elitist  2.5449067E+11 feasible? F
gen  32700/46000      elitist  2.5449067E+11 feasible? F
gen  32800/46000      elitist  2.5449067E+11 feasible? F
gen  32900/46000      elitist  2.5449067E+11 feasible? F
gen  33000/46000      elitist  2.5449067E+11 feasible? F
gen  33100/46000      elitist  2.5449067E+11 feasible? F
gen  33200/46000      elitist  2.5449067E+11 feasible? F
gen  33300/46000      elitist  2.5449067E+11 feasible? F
gen  33400/46000      elitist  2.5449067E+11 feasible? F
gen  33500/46000      elitist  2.5449067E+11 feasible? F
gen  33600/46000      elitist  2.5449067E+11 feasible? F
gen  33700/46000      elitist  2.5449067E+11 feasible? F
gen  33800/46000      elitist  2.5449067E+11 feasible? F
gen  33900/46000      elitist  2.5449067E+11 feasible? F
gen  34000/46000      elitist  2.5449067E+11 feasible? F
gen  34100/46000      elitist  2.5449067E+11 feasible? F
gen  34200/46000      elitist  2.5449067E+11 feasible? F
gen  34300/46000      elitist  2.5449067E+11 feasible? F
gen  34400/46000      elitist  2.5449067E+11 feasible? F
gen  34500/46000      elitist  2.5449067E+11 feasible? F
gen  34600/46000      elitist  2.5449067E+11 feasible? F
gen  34700/46000      elitist  2.5449067E+11 feasible? F
gen  34800/46000      elitist  2.5449067E+11 feasible? F
gen  34900/46000      elitist  2.5449067E+11 feasible? F
gen  35000/46000      elitist  2.5449067E+11 feasible? F
gen  35100/46000      elitist  2.5449067E+11 feasible? F
gen  35200/46000      elitist  2.5449067E+11 feasible? F
gen  35300/46000      elitist  2.5449067E+11 feasible? F
gen  35400/46000      elitist  2.5449067E+11 feasible? F
gen  35500/46000      elitist  2.5449067E+11 feasible? F
gen  35600/46000      elitist  2.5449067E+11 feasible? F
gen  35700/46000      elitist  2.5449067E+11 feasible? F
gen  35800/46000      elitist  2.5449067E+11 feasible? F
gen  35900/46000      elitist  2.5449067E+11 feasible? F
gen  36000/46000      elitist  2.5449067E+11 feasible? F
gen  36100/46000      elitist  2.5449067E+11 feasible? F
gen  36200/46000      elitist  2.5449067E+11 feasible? F
gen  36300/46000      elitist  2.5449067E+11 feasible? F
gen  36400/46000      elitist  2.5449067E+11 feasible? F
gen  36500/46000      elitist  2.5449067E+11 feasible? F
gen  36600/46000      elitist  2.5449067E+11 feasible? F
gen  36700/46000      elitist  2.5449067E+11 feasible? F
gen  36800/46000      elitist  2.5449067E+11 feasible? F
gen  36900/46000      elitist  2.5449067E+11 feasible? F
gen  37000/46000      elitist  2.5449067E+11 feasible? F
gen  37100/46000      elitist  2.5449067E+11 feasible? F
gen  37200/46000      elitist  2.5449067E+11 feasible? F
gen  37300/46000      elitist  2.5449067E+11 feasible? F
gen  37400/46000      elitist  2.5449067E+11 feasible? F
gen  37500/46000      elitist  2.5449067E+11 feasible? F
gen  37600/46000      elitist  2.5449067E+11 feasible? F
gen  37700/46000      elitist  2.5449067E+11 feasible? F
gen  37800/46000      elitist  2.5449067E+11 feasible? F
gen  37900/46000      elitist  2.5449067E+11 feasible? F
gen  38000/46000      elitist  2.5449067E+11 feasible? F
gen  38100/46000      elitist  2.5449067E+11 feasible? F
gen  38200/46000      elitist  2.5449067E+11 feasible? F
gen  38300/46000      elitist  2.5449067E+11 feasible? F
gen  38400/46000      elitist  2.5449067E+11 feasible? F
gen  38500/46000      elitist  2.5449067E+11 feasible? F
gen  38600/46000      elitist  2.5449067E+11 feasible? F
gen  38700/46000      elitist  2.5449067E+11 feasible? F
gen  38800/46000      elitist  2.5449067E+11 feasible? F
gen  38900/46000      elitist  2.5449067E+11 feasible? F
gen  39000/46000      elitist  2.5449067E+11 feasible? F
gen  39100/46000      elitist  2.5449067E+11 feasible? F
gen  39200/46000      elitist  2.5449067E+11 feasible? F
gen  39300/46000      elitist  2.5449067E+11 feasible? F
gen  39400/46000      elitist  2.5449067E+11 feasible? F
gen  39500/46000      elitist  2.5449067E+11 feasible? F
gen  39600/46000      elitist  2.5449067E+11 feasible? F
gen  39700/46000      elitist  2.5449067E+11 feasible? F
gen  39800/46000      elitist  2.5449067E+11 feasible? F
gen  39900/46000      elitist  2.5449067E+11 feasible? F
gen  40000/46000      elitist  2.5449067E+11 feasible? F
gen  40100/46000      elitist  2.5449067E+11 feasible? F
gen  40200/46000      elitist  2.5449067E+11 feasible? F
gen  40300/46000      elitist  2.5449067E+11 feasible? F
gen  40400/46000      elitist  2.5449067E+11 feasible? F
gen  40500/46000      elitist  2.5449067E+11 feasible? F
gen  40600/46000      elitist  2.5449067E+11 feasible? F
gen  40700/46000      elitist  2.5449067E+11 feasible? F
gen  40800/46000      elitist  2.5449067E+11 feasible? F
gen  40900/46000      elitist  2.5449067E+11 feasible? F
gen  41000/46000      elitist  2.5449067E+11 feasible? F
gen  41100/46000      elitist  2.5449067E+11 feasible? F
gen  41200/46000      elitist  2.5449067E+11 feasible? F
gen  41300/46000      elitist  2.5449067E+11 feasible? F
gen  41400/46000      elitist  2.5449067E+11 feasible? F
gen  41500/46000      elitist  2.5449067E+11 feasible? F
gen  41600/46000      elitist  2.5449067E+11 feasible? F
gen  41700/46000      elitist  2.5449067E+11 feasible? F
gen  41800/46000      elitist  2.5449067E+11 feasible? F
gen  41900/46000      elitist  2.5449067E+11 feasible? F
gen  42000/46000      elitist  2.5449067E+11 feasible? F
gen  42100/46000      elitist  2.5449067E+11 feasible? F
gen  42200/46000      elitist  2.5449067E+11 feasible? F
gen  42300/46000      elitist  2.5449067E+11 feasible? F
gen  42400/46000      elitist  2.5449067E+11 feasible? F
gen  42500/46000      elitist  2.5449067E+11 feasible? F
gen  42600/46000      elitist  2.5449067E+11 feasible? F
gen  42700/46000      elitist  2.5449067E+11 feasible? F
gen  42800/46000      elitist  2.5449067E+11 feasible? F
gen  42900/46000      elitist  2.5449067E+11 feasible? F
gen  43000/46000      elitist  2.5449067E+11 feasible? F
gen  43100/46000      elitist  2.5449067E+11 feasible? F
gen  43200/46000      elitist  2.5449067E+11 feasible? F
gen  43300/46000      elitist  2.5449067E+11 feasible? F
gen  43400/46000      elitist  2.5449067E+11 feasible? F
gen  43500/46000      elitist  2.5449067E+11 feasible? F
gen  43600/46000      elitist  2.5449067E+11 feasible? F
gen  43700/46000      elitist  2.5449067E+11 feasible? F
gen  43800/46000      elitist  2.5449067E+11 feasible? F
gen  43900/46000      elitist  2.5449067E+11 feasible? F
gen  44000/46000      elitist  2.5449067E+11 feasible? F
gen  44100/46000      elitist  2.5449067E+11 feasible? F
gen  44200/46000      elitist  2.5449067E+11 feasible? F
gen  44300/46000      elitist  2.5449067E+11 feasible? F
gen  44400/46000      elitist  2.5449067E+11 feasible? F
gen  44500/46000      elitist  2.5449067E+11 feasible? F
gen  44600/46000      elitist  2.5449067E+11 feasible? F
gen  44700/46000      elitist  2.5449067E+11 feasible? F
gen  44800/46000      elitist  2.5449067E+11 feasible? F
gen  44900/46000      elitist  2.5449067E+11 feasible? F
gen  45000/46000      elitist  2.5449067E+11 feasible? F
gen  45100/46000      elitist  2.5449067E+11 feasible? F
gen  45200/46000      elitist  2.5449067E+11 feasible? F
gen  45300/46000      elitist  2.5449067E+11 feasible? F
gen  45400/46000      elitist  2.5449067E+11 feasible? F
gen  45500/46000      elitist  2.5449067E+11 feasible? F
gen  45600/46000      elitist  2.5449067E+11 feasible? F
gen  45700/46000      elitist  2.5449067E+11 feasible? F
gen  45800/46000      elitist  2.5449067E+11 feasible? F
gen  45900/46000      elitist  2.5449067E+11 feasible? F
gen  46000/46000      elitist  2.5449067E+11 feasible? F
WARNING: No feasible solution was found!
Starting local simplex optimization:
Solution before refinement:      2.5449066649E+11
Solution after  refinement:      2.5449066649E+11
RMSE         2.544906665E+11 Hartree

Starting fitting procedure for 23 charges, trial 3
gen      0/46000      elitist  2.0560345E-02 feasible? F
gen    100/46000      elitist  1.2958780E+22 feasible? F
gen    200/46000      elitist  5.0819183E+22 feasible? F
gen    300/46000      elitist  1.7669120E+22 feasible? F
gen    400/46000      elitist  1.7669120E+22 feasible? F
gen    500/46000      elitist  1.7669120E+22 feasible? F
gen    600/46000      elitist  1.7669120E+22 feasible? F
gen    700/46000      elitist  1.7669120E+22 feasible? F
gen    800/46000      elitist  1.7669120E+22 feasible? F
gen    900/46000      elitist  1.7669120E+22 feasible? F
gen   1000/46000      elitist  1.7669120E+22 feasible? F
gen   1100/46000      elitist  1.7669120E+22 feasible? F
gen   1200/46000      elitist  1.7669120E+22 feasible? F
gen   1300/46000      elitist  1.7669120E+22 feasible? F
gen   1400/46000      elitist  1.7669120E+22 feasible? F
gen   1500/46000      elitist  1.7669120E+22 feasible? F
gen   1600/46000      elitist  1.7669120E+22 feasible? F
gen   1700/46000      elitist  1.7669120E+22 feasible? F
gen   1800/46000      elitist  1.7669120E+22 feasible? F
gen   1900/46000      elitist  1.7669120E+22 feasible? F
gen   2000/46000      elitist  1.7669120E+22 feasible? F
gen   2100/46000      elitist  1.7669120E+22 feasible? F
gen   2200/46000      elitist  1.7669120E+22 feasible? F
gen   2300/46000      elitist  1.7669120E+22 feasible? F
gen   2400/46000      elitist  1.7669120E+22 feasible? F
gen   2500/46000      elitist  1.7669120E+22 feasible? F
gen   2600/46000      elitist  1.7669120E+22 feasible? F
gen   2700/46000      elitist  1.7669120E+22 feasible? F
gen   2800/46000      elitist  1.7669120E+22 feasible? F
gen   2900/46000      elitist  1.7669120E+22 feasible? F
gen   3000/46000      elitist  1.7669120E+22 feasible? F
gen   3100/46000      elitist  1.7669120E+22 feasible? F
gen   3200/46000      elitist  1.7669120E+22 feasible? F
gen   3300/46000      elitist  1.7669120E+22 feasible? F
gen   3400/46000      elitist  1.7669120E+22 feasible? F
gen   3500/46000      elitist  1.7669120E+22 feasible? F
gen   3600/46000      elitist  1.7669120E+22 feasible? F
gen   3700/46000      elitist  1.7669120E+22 feasible? F
gen   3800/46000      elitist  1.7669120E+22 feasible? F
gen   3900/46000      elitist  1.7669120E+22 feasible? F
gen   4000/46000      elitist  1.7669120E+22 feasible? F
gen   4100/46000      elitist  1.7669120E+22 feasible? F
gen   4200/46000      elitist  1.7669120E+22 feasible? F
gen   4300/46000      elitist  1.7669120E+22 feasible? F
gen   4400/46000      elitist  1.7669120E+22 feasible? F
gen   4500/46000      elitist  1.7669120E+22 feasible? F
gen   4600/46000      elitist  1.7669120E+22 feasible? F
gen   4700/46000      elitist  1.7669120E+22 feasible? F
gen   4800/46000      elitist  1.7669120E+22 feasible? F
gen   4900/46000      elitist  1.7669120E+22 feasible? F
gen   5000/46000      elitist  1.7669120E+22 feasible? F
gen   5100/46000      elitist  1.7669120E+22 feasible? F
gen   5200/46000      elitist  1.7669120E+22 feasible? F
gen   5300/46000      elitist  1.7669120E+22 feasible? F
gen   5400/46000      elitist  1.7669120E+22 feasible? F
gen   5500/46000      elitist  1.7669120E+22 feasible? F
gen   5600/46000      elitist  1.7669120E+22 feasible? F
gen   5700/46000      elitist  1.7669120E+22 feasible? F
gen   5800/46000      elitist  1.7669120E+22 feasible? F
gen   5900/46000      elitist  1.7669120E+22 feasible? F
gen   6000/46000      elitist  1.7669120E+22 feasible? F
gen   6100/46000      elitist  1.7669120E+22 feasible? F
gen   6200/46000      elitist  1.7669120E+22 feasible? F
gen   6300/46000      elitist  1.7669120E+22 feasible? F
gen   6400/46000      elitist  1.7669120E+22 feasible? F
gen   6500/46000      elitist  1.7669120E+22 feasible? F
gen   6600/46000      elitist  1.7669120E+22 feasible? F
gen   6700/46000      elitist  1.7669120E+22 feasible? F
gen   6800/46000      elitist  1.7669120E+22 feasible? F
gen   6900/46000      elitist  1.7669120E+22 feasible? F
gen   7000/46000      elitist  1.7669120E+22 feasible? F
gen   7100/46000      elitist  1.7669120E+22 feasible? F
gen   7200/46000      elitist  1.7669120E+22 feasible? F
gen   7300/46000      elitist  1.7669120E+22 feasible? F
gen   7400/46000      elitist  1.7669120E+22 feasible? F
gen   7500/46000      elitist  1.7669120E+22 feasible? F
gen   7600/46000      elitist  1.7669120E+22 feasible? F
gen   7700/46000      elitist  1.7669120E+22 feasible? F
gen   7800/46000      elitist  1.7669120E+22 feasible? F
gen   7900/46000      elitist  1.7669120E+22 feasible? F
gen   8000/46000      elitist  1.7669120E+22 feasible? F
gen   8100/46000      elitist  1.7669120E+22 feasible? F
gen   8200/46000      elitist  1.7669120E+22 feasible? F
gen   8300/46000      elitist  1.7669120E+22 feasible? F
gen   8400/46000      elitist  1.7669120E+22 feasible? F
gen   8500/46000      elitist  1.7669120E+22 feasible? F
gen   8600/46000      elitist  1.7669120E+22 feasible? F
gen   8700/46000      elitist  1.7669120E+22 feasible? F
gen   8800/46000      elitist  1.7669120E+22 feasible? F
gen   8900/46000      elitist  1.7669120E+22 feasible? F
gen   9000/46000      elitist  1.7669120E+22 feasible? F
gen   9100/46000      elitist  1.7669120E+22 feasible? F
gen   9200/46000      elitist  1.7669120E+22 feasible? F
gen   9300/46000      elitist  1.7669120E+22 feasible? F
gen   9400/46000      elitist  1.7669120E+22 feasible? F
gen   9500/46000      elitist  1.7669120E+22 feasible? F
gen   9600/46000      elitist  1.7669120E+22 feasible? F
gen   9700/46000      elitist  1.7669120E+22 feasible? F
gen   9800/46000      elitist  1.7669120E+22 feasible? F
gen   9900/46000      elitist  1.7669120E+22 feasible? F
gen  10000/46000      elitist  1.7669120E+22 feasible? F
gen  10100/46000      elitist  1.7669120E+22 feasible? F
gen  10200/46000      elitist  1.7669120E+22 feasible? F
gen  10300/46000      elitist  1.7669120E+22 feasible? F
gen  10400/46000      elitist  1.7669120E+22 feasible? F
gen  10500/46000      elitist  1.7669120E+22 feasible? F
gen  10600/46000      elitist  1.7669120E+22 feasible? F
gen  10700/46000      elitist  1.7669120E+22 feasible? F
gen  10800/46000      elitist  1.7669120E+22 feasible? F
gen  10900/46000      elitist  1.7669120E+22 feasible? F
gen  11000/46000      elitist  1.7669120E+22 feasible? F
gen  11100/46000      elitist  1.7669120E+22 feasible? F
gen  11200/46000      elitist  1.7669120E+22 feasible? F
gen  11300/46000      elitist  1.7669120E+22 feasible? F
gen  11400/46000      elitist  1.7669120E+22 feasible? F
gen  11500/46000      elitist  1.7669120E+22 feasible? F
gen  11600/46000      elitist  1.7669120E+22 feasible? F
gen  11700/46000      elitist  1.7669120E+22 feasible? F
gen  11800/46000      elitist  1.7669120E+22 feasible? F
gen  11900/46000      elitist  1.7669120E+22 feasible? F
gen  12000/46000      elitist  1.7669120E+22 feasible? F
gen  12100/46000      elitist  1.7669120E+22 feasible? F
gen  12200/46000      elitist  1.7669120E+22 feasible? F
gen  12300/46000      elitist  1.7669120E+22 feasible? F
gen  12400/46000      elitist  1.7669120E+22 feasible? F
gen  12500/46000      elitist  1.7669120E+22 feasible? F
gen  12600/46000      elitist  1.7669120E+22 feasible? F
gen  12700/46000      elitist  1.7669120E+22 feasible? F
gen  12800/46000      elitist  1.7669120E+22 feasible? F
gen  12900/46000      elitist  1.7669120E+22 feasible? F
gen  13000/46000      elitist  1.7669120E+22 feasible? F
gen  13100/46000      elitist  1.7669120E+22 feasible? F
gen  13200/46000      elitist  1.7669120E+22 feasible? F
gen  13300/46000      elitist  1.7669120E+22 feasible? F
gen  13400/46000      elitist  1.7669120E+22 feasible? F
gen  13500/46000      elitist  1.7669120E+22 feasible? F
gen  13600/46000      elitist  1.7669120E+22 feasible? F
gen  13700/46000      elitist  1.7669120E+22 feasible? F
gen  13800/46000      elitist  1.7669120E+22 feasible? F
gen  13900/46000      elitist  1.7669120E+22 feasible? F
gen  14000/46000      elitist  1.7669120E+22 feasible? F
gen  14100/46000      elitist  1.7669120E+22 feasible? F
gen  14200/46000      elitist  1.7669120E+22 feasible? F
gen  14300/46000      elitist  1.7669120E+22 feasible? F
gen  14400/46000      elitist  1.7669120E+22 feasible? F
gen  14500/46000      elitist  1.7669120E+22 feasible? F
gen  14600/46000      elitist  1.7669120E+22 feasible? F
gen  14700/46000      elitist  1.7669120E+22 feasible? F
gen  14800/46000      elitist  1.7669120E+22 feasible? F
gen  14900/46000      elitist  1.7669120E+22 feasible? F
gen  15000/46000      elitist  1.7669120E+22 feasible? F
gen  15100/46000      elitist  1.7669120E+22 feasible? F
gen  15200/46000      elitist  1.7669120E+22 feasible? F
gen  15300/46000      elitist  1.7669120E+22 feasible? F
gen  15400/46000      elitist  1.7669120E+22 feasible? F
gen  15500/46000      elitist  1.7669120E+22 feasible? F
gen  15600/46000      elitist  1.7669120E+22 feasible? F
gen  15700/46000      elitist  1.7669120E+22 feasible? F
gen  15800/46000      elitist  1.7669120E+22 feasible? F
gen  15900/46000      elitist  1.7669120E+22 feasible? F
gen  16000/46000      elitist  1.7669120E+22 feasible? F
gen  16100/46000      elitist  1.7669120E+22 feasible? F
gen  16200/46000      elitist  1.7669120E+22 feasible? F
gen  16300/46000      elitist  1.7669120E+22 feasible? F
gen  16400/46000      elitist  1.7669120E+22 feasible? F
gen  16500/46000      elitist  1.7669120E+22 feasible? F
gen  16600/46000      elitist  1.7669120E+22 feasible? F
gen  16700/46000      elitist  1.7669120E+22 feasible? F
gen  16800/46000      elitist  1.7669120E+22 feasible? F
gen  16900/46000      elitist  1.7669120E+22 feasible? F
gen  17000/46000      elitist  1.7669120E+22 feasible? F
gen  17100/46000      elitist  1.7669120E+22 feasible? F
gen  17200/46000      elitist  1.7669120E+22 feasible? F
gen  17300/46000      elitist  1.7669120E+22 feasible? F
gen  17400/46000      elitist  1.7669120E+22 feasible? F
gen  17500/46000      elitist  1.7669120E+22 feasible? F
gen  17600/46000      elitist  1.7669120E+22 feasible? F
gen  17700/46000      elitist  1.7669120E+22 feasible? F
gen  17800/46000      elitist  1.7669120E+22 feasible? F
gen  17900/46000      elitist  1.7669120E+22 feasible? F
gen  18000/46000      elitist  1.7669120E+22 feasible? F
gen  18100/46000      elitist  1.7669120E+22 feasible? F
gen  18200/46000      elitist  1.7669120E+22 feasible? F
gen  18300/46000      elitist  1.7669120E+22 feasible? F
gen  18400/46000      elitist  1.7669120E+22 feasible? F
gen  18500/46000      elitist  1.7669120E+22 feasible? F
gen  18600/46000      elitist  1.7669120E+22 feasible? F
gen  18700/46000      elitist  1.7669120E+22 feasible? F
gen  18800/46000      elitist  1.7669120E+22 feasible? F
gen  18900/46000      elitist  1.7669120E+22 feasible? F
gen  19000/46000      elitist  1.7669120E+22 feasible? F
gen  19100/46000      elitist  1.7669120E+22 feasible? F
gen  19200/46000      elitist  1.7669120E+22 feasible? F
gen  19300/46000      elitist  1.7669120E+22 feasible? F
gen  19400/46000      elitist  1.7669120E+22 feasible? F
gen  19500/46000      elitist  1.7669120E+22 feasible? F
gen  19600/46000      elitist  1.7669120E+22 feasible? F
gen  19700/46000      elitist  1.7669120E+22 feasible? F
gen  19800/46000      elitist  1.7669120E+22 feasible? F
gen  19900/46000      elitist  1.7669120E+22 feasible? F
gen  20000/46000      elitist  1.7669120E+22 feasible? F
gen  20100/46000      elitist  1.7669120E+22 feasible? F
gen  20200/46000      elitist  1.7669120E+22 feasible? F
gen  20300/46000      elitist  1.7669120E+22 feasible? F
gen  20400/46000      elitist  1.7669120E+22 feasible? F
gen  20500/46000      elitist  1.7669120E+22 feasible? F
gen  20600/46000      elitist  1.7669120E+22 feasible? F
gen  20700/46000      elitist  1.7669120E+22 feasible? F
gen  20800/46000      elitist  1.7669120E+22 feasible? F
gen  20900/46000      elitist  1.7669120E+22 feasible? F
gen  21000/46000      elitist  1.7669120E+22 feasible? F
gen  21100/46000      elitist  1.7669120E+22 feasible? F
gen  21200/46000      elitist  1.7669120E+22 feasible? F
gen  21300/46000      elitist  1.7669120E+22 feasible? F
gen  21400/46000      elitist  1.7669120E+22 feasible? F
gen  21500/46000      elitist  1.7669120E+22 feasible? F
gen  21600/46000      elitist  1.7669120E+22 feasible? F
gen  21700/46000      elitist  1.7669120E+22 feasible? F
gen  21800/46000      elitist  1.7669120E+22 feasible? F
gen  21900/46000      elitist  1.7669120E+22 feasible? F
gen  22000/46000      elitist  1.7669120E+22 feasible? F
gen  22100/46000      elitist  1.7669120E+22 feasible? F
gen  22200/46000      elitist  1.7669120E+22 feasible? F
gen  22300/46000      elitist  1.7669120E+22 feasible? F
gen  22400/46000      elitist  1.7669120E+22 feasible? F
gen  22500/46000      elitist  1.7669120E+22 feasible? F
gen  22600/46000      elitist  1.7669120E+22 feasible? F
gen  22700/46000      elitist  1.7669120E+22 feasible? F
gen  22800/46000      elitist  1.7669120E+22 feasible? F
gen  22900/46000      elitist  1.7669120E+22 feasible? F
gen  23000/46000      elitist  1.7669120E+22 feasible? F
gen  23100/46000      elitist  1.7669120E+22 feasible? F
gen  23200/46000      elitist  1.7669120E+22 feasible? F
gen  23300/46000      elitist  1.7669120E+22 feasible? F
gen  23400/46000      elitist  1.7669120E+22 feasible? F
gen  23500/46000      elitist  1.7669120E+22 feasible? F
gen  23600/46000      elitist  1.7669120E+22 feasible? F
gen  23700/46000      elitist  1.7669120E+22 feasible? F
gen  23800/46000      elitist  1.7669120E+22 feasible? F
gen  23900/46000      elitist  1.7669120E+22 feasible? F
gen  24000/46000      elitist  1.7669120E+22 feasible? F
gen  24100/46000      elitist  1.7669120E+22 feasible? F
gen  24200/46000      elitist  1.7669120E+22 feasible? F
gen  24300/46000      elitist  1.7669120E+22 feasible? F
gen  24400/46000      elitist  1.7669120E+22 feasible? F
gen  24500/46000      elitist  1.7669120E+22 feasible? F
gen  24600/46000      elitist  1.7669120E+22 feasible? F
gen  24700/46000      elitist  1.7669120E+22 feasible? F
gen  24800/46000      elitist  1.7669120E+22 feasible? F
gen  24900/46000      elitist  1.7669120E+22 feasible? F
gen  25000/46000      elitist  1.7669120E+22 feasible? F
gen  25100/46000      elitist  1.7669120E+22 feasible? F
gen  25200/46000      elitist  1.7669120E+22 feasible? F
gen  25300/46000      elitist  1.7669120E+22 feasible? F
gen  25400/46000      elitist  1.7669120E+22 feasible? F
gen  25500/46000      elitist  1.7669120E+22 feasible? F
gen  25600/46000      elitist  1.7669120E+22 feasible? F
gen  25700/46000      elitist  1.7669120E+22 feasible? F
gen  25800/46000      elitist  1.7669120E+22 feasible? F
gen  25900/46000      elitist  1.7669120E+22 feasible? F
gen  26000/46000      elitist  1.7669120E+22 feasible? F
gen  26100/46000      elitist  1.7669120E+22 feasible? F
gen  26200/46000      elitist  1.7669120E+22 feasible? F
gen  26300/46000      elitist  1.7669120E+22 feasible? F
gen  26400/46000      elitist  1.7669120E+22 feasible? F
gen  26500/46000      elitist  1.7669120E+22 feasible? F
gen  26600/46000      elitist  1.7669120E+22 feasible? F
gen  26700/46000      elitist  1.7669120E+22 feasible? F
gen  26800/46000      elitist  1.7669120E+22 feasible? F
gen  26900/46000      elitist  1.7669120E+22 feasible? F
gen  27000/46000      elitist  1.7669120E+22 feasible? F
gen  27100/46000      elitist  1.7669120E+22 feasible? F
gen  27200/46000      elitist  1.7669120E+22 feasible? F
gen  27300/46000      elitist  1.7669120E+22 feasible? F
gen  27400/46000      elitist  1.7669120E+22 feasible? F
gen  27500/46000      elitist  1.7669120E+22 feasible? F
gen  27600/46000      elitist  1.7669120E+22 feasible? F
gen  27700/46000      elitist  1.7669120E+22 feasible? F
gen  27800/46000      elitist  1.7669120E+22 feasible? F
gen  27900/46000      elitist  1.7669120E+22 feasible? F
gen  28000/46000      elitist  1.7669120E+22 feasible? F
gen  28100/46000      elitist  1.7669120E+22 feasible? F
gen  28200/46000      elitist  1.7669120E+22 feasible? F
gen  28300/46000      elitist  1.7669120E+22 feasible? F
gen  28400/46000      elitist  1.7669120E+22 feasible? F
gen  28500/46000      elitist  1.7669120E+22 feasible? F
gen  28600/46000      elitist  1.7669120E+22 feasible? F
gen  28700/46000      elitist  1.7669120E+22 feasible? F
gen  28800/46000      elitist  1.7669120E+22 feasible? F
gen  28900/46000      elitist  1.7669120E+22 feasible? F
gen  29000/46000      elitist  1.7669120E+22 feasible? F
gen  29100/46000      elitist  1.7669120E+22 feasible? F
gen  29200/46000      elitist  1.7669120E+22 feasible? F
gen  29300/46000      elitist  1.7669120E+22 feasible? F
gen  29400/46000      elitist  1.7669120E+22 feasible? F
gen  29500/46000      elitist  1.7669120E+22 feasible? F
gen  29600/46000      elitist  1.7669120E+22 feasible? F
gen  29700/46000      elitist  1.7669120E+22 feasible? F
gen  29800/46000      elitist  1.7669120E+22 feasible? F
gen  29900/46000      elitist  1.7669120E+22 feasible? F
gen  30000/46000      elitist  1.7669120E+22 feasible? F
gen  30100/46000      elitist  1.7669120E+22 feasible? F
gen  30200/46000      elitist  1.7669120E+22 feasible? F
gen  30300/46000      elitist  1.7669120E+22 feasible? F
gen  30400/46000      elitist  1.7669120E+22 feasible? F
gen  30500/46000      elitist  1.7669120E+22 feasible? F
gen  30600/46000      elitist  1.7669120E+22 feasible? F
gen  30700/46000      elitist  1.7669120E+22 feasible? F
gen  30800/46000      elitist  1.7669120E+22 feasible? F
gen  30900/46000      elitist  1.7669120E+22 feasible? F
gen  31000/46000      elitist  1.7669120E+22 feasible? F
gen  31100/46000      elitist  1.7669120E+22 feasible? F
gen  31200/46000      elitist  1.7669120E+22 feasible? F
gen  31300/46000      elitist  1.7669120E+22 feasible? F
gen  31400/46000      elitist  1.7669120E+22 feasible? F
gen  31500/46000      elitist  1.7669120E+22 feasible? F
gen  31600/46000      elitist  1.7669120E+22 feasible? F
gen  31700/46000      elitist  1.7669120E+22 feasible? F
gen  31800/46000      elitist  1.7669120E+22 feasible? F
gen  31900/46000      elitist  1.7669120E+22 feasible? F
gen  32000/46000      elitist  1.7669120E+22 feasible? F
gen  32100/46000      elitist  1.7669120E+22 feasible? F
gen  32200/46000      elitist  1.7669120E+22 feasible? F
gen  32300/46000      elitist  1.7669120E+22 feasible? F
gen  32400/46000      elitist  1.7669120E+22 feasible? F
gen  32500/46000      elitist  1.7669120E+22 feasible? F
gen  32600/46000      elitist  1.7669120E+22 feasible? F
gen  32700/46000      elitist  1.7669120E+22 feasible? F
gen  32800/46000      elitist  1.7669120E+22 feasible? F
gen  32900/46000      elitist  1.7669120E+22 feasible? F
gen  33000/46000      elitist  1.7669120E+22 feasible? F
gen  33100/46000      elitist  1.7669120E+22 feasible? F
gen  33200/46000      elitist  1.7669120E+22 feasible? F
gen  33300/46000      elitist  1.7669120E+22 feasible? F
gen  33400/46000      elitist  1.7669120E+22 feasible? F
gen  33500/46000      elitist  1.7669120E+22 feasible? F
gen  33600/46000      elitist  1.7669120E+22 feasible? F
gen  33700/46000      elitist  1.7669120E+22 feasible? F
gen  33800/46000      elitist  1.7669120E+22 feasible? F
gen  33900/46000      elitist  1.7669120E+22 feasible? F
gen  34000/46000      elitist  1.7669120E+22 feasible? F
gen  34100/46000      elitist  1.7669120E+22 feasible? F
gen  34200/46000      elitist  1.7669120E+22 feasible? F
gen  34300/46000      elitist  1.7669120E+22 feasible? F
gen  34400/46000      elitist  1.7669120E+22 feasible? F
gen  34500/46000      elitist  1.7669120E+22 feasible? F
gen  34600/46000      elitist  1.7669120E+22 feasible? F
gen  34700/46000      elitist  1.7669120E+22 feasible? F
gen  34800/46000      elitist  1.7669120E+22 feasible? F
gen  34900/46000      elitist  1.7669120E+22 feasible? F
gen  35000/46000      elitist  1.7669120E+22 feasible? F
gen  35100/46000      elitist  1.7669120E+22 feasible? F
gen  35200/46000      elitist  1.7669120E+22 feasible? F
gen  35300/46000      elitist  1.7669120E+22 feasible? F
gen  35400/46000      elitist  1.7669120E+22 feasible? F
gen  35500/46000      elitist  1.7669120E+22 feasible? F
gen  35600/46000      elitist  1.7669120E+22 feasible? F
gen  35700/46000      elitist  1.7669120E+22 feasible? F
gen  35800/46000      elitist  1.7669120E+22 feasible? F
gen  35900/46000      elitist  1.7669120E+22 feasible? F
gen  36000/46000      elitist  1.7669120E+22 feasible? F
gen  36100/46000      elitist  1.7669120E+22 feasible? F
gen  36200/46000      elitist  1.7669120E+22 feasible? F
gen  36300/46000      elitist  1.7669120E+22 feasible? F
gen  36400/46000      elitist  1.7669120E+22 feasible? F
gen  36500/46000      elitist  1.7669120E+22 feasible? F
gen  36600/46000      elitist  1.7669120E+22 feasible? F
gen  36700/46000      elitist  1.7669120E+22 feasible? F
gen  36800/46000      elitist  1.7669120E+22 feasible? F
gen  36900/46000      elitist  1.7669120E+22 feasible? F
gen  37000/46000      elitist  1.7669120E+22 feasible? F
gen  37100/46000      elitist  1.7669120E+22 feasible? F
gen  37200/46000      elitist  1.7669120E+22 feasible? F
gen  37300/46000      elitist  1.7669120E+22 feasible? F
gen  37400/46000      elitist  1.7669120E+22 feasible? F
gen  37500/46000      elitist  1.7669120E+22 feasible? F
gen  37600/46000      elitist  1.7669120E+22 feasible? F
gen  37700/46000      elitist  1.7669120E+22 feasible? F
gen  37800/46000      elitist  1.7669120E+22 feasible? F
gen  37900/46000      elitist  1.7669120E+22 feasible? F
gen  38000/46000      elitist  1.7669120E+22 feasible? F
gen  38100/46000      elitist  1.7669120E+22 feasible? F
gen  38200/46000      elitist  1.7669120E+22 feasible? F
gen  38300/46000      elitist  1.7669120E+22 feasible? F
gen  38400/46000      elitist  1.7669120E+22 feasible? F
gen  38500/46000      elitist  1.7669120E+22 feasible? F
gen  38600/46000      elitist  1.7669120E+22 feasible? F
gen  38700/46000      elitist  1.7669120E+22 feasible? F
gen  38800/46000      elitist  1.7669120E+22 feasible? F
gen  38900/46000      elitist  1.7669120E+22 feasible? F
gen  39000/46000      elitist  1.7669120E+22 feasible? F
gen  39100/46000      elitist  1.7669120E+22 feasible? F
gen  39200/46000      elitist  1.7669120E+22 feasible? F
gen  39300/46000      elitist  1.7669120E+22 feasible? F
gen  39400/46000      elitist  1.7669120E+22 feasible? F
gen  39500/46000      elitist  1.7669120E+22 feasible? F
gen  39600/46000      elitist  1.7669120E+22 feasible? F
gen  39700/46000      elitist  1.7669120E+22 feasible? F
gen  39800/46000      elitist  1.7669120E+22 feasible? F
gen  39900/46000      elitist  1.7669120E+22 feasible? F
gen  40000/46000      elitist  1.7669120E+22 feasible? F
gen  40100/46000      elitist  1.7669120E+22 feasible? F
gen  40200/46000      elitist  1.7669120E+22 feasible? F
gen  40300/46000      elitist  1.7669120E+22 feasible? F
gen  40400/46000      elitist  1.7669120E+22 feasible? F
gen  40500/46000      elitist  1.7669120E+22 feasible? F
gen  40600/46000      elitist  1.7669120E+22 feasible? F
gen  40700/46000      elitist  1.7669120E+22 feasible? F
gen  40800/46000      elitist  1.7669120E+22 feasible? F
gen  40900/46000      elitist  1.7669120E+22 feasible? F
gen  41000/46000      elitist  1.7669120E+22 feasible? F
gen  41100/46000      elitist  1.7669120E+22 feasible? F
gen  41200/46000      elitist  1.7669120E+22 feasible? F
gen  41300/46000      elitist  1.7669120E+22 feasible? F
gen  41400/46000      elitist  1.7669120E+22 feasible? F
gen  41500/46000      elitist  1.7669120E+22 feasible? F
gen  41600/46000      elitist  1.7669120E+22 feasible? F
gen  41700/46000      elitist  1.7669120E+22 feasible? F
gen  41800/46000      elitist  1.7669120E+22 feasible? F
gen  41900/46000      elitist  1.7669120E+22 feasible? F
gen  42000/46000      elitist  1.7669120E+22 feasible? F
gen  42100/46000      elitist  1.7669120E+22 feasible? F
gen  42200/46000      elitist  1.7669120E+22 feasible? F
gen  42300/46000      elitist  1.7669120E+22 feasible? F
gen  42400/46000      elitist  1.7669120E+22 feasible? F
gen  42500/46000      elitist  1.7669120E+22 feasible? F
gen  42600/46000      elitist  1.7669120E+22 feasible? F
gen  42700/46000      elitist  1.7669120E+22 feasible? F
gen  42800/46000      elitist  1.7669120E+22 feasible? F
gen  42900/46000      elitist  1.7669120E+22 feasible? F
gen  43000/46000      elitist  1.7669120E+22 feasible? F
gen  43100/46000      elitist  1.7669120E+22 feasible? F
gen  43200/46000      elitist  1.7669120E+22 feasible? F
gen  43300/46000      elitist  1.7669120E+22 feasible? F
gen  43400/46000      elitist  1.7669120E+22 feasible? F
gen  43500/46000      elitist  1.7669120E+22 feasible? F
gen  43600/46000      elitist  1.7669120E+22 feasible? F
gen  43700/46000      elitist  1.7669120E+22 feasible? F
gen  43800/46000      elitist  1.7669120E+22 feasible? F
gen  43900/46000      elitist  1.7669120E+22 feasible? F
gen  44000/46000      elitist  1.7669120E+22 feasible? F
gen  44100/46000      elitist  1.7669120E+22 feasible? F
gen  44200/46000      elitist  1.7669120E+22 feasible? F
gen  44300/46000      elitist  1.7669120E+22 feasible? F
gen  44400/46000      elitist  1.7669120E+22 feasible? F
gen  44500/46000      elitist  1.7669120E+22 feasible? F
gen  44600/46000      elitist  1.7669120E+22 feasible? F
gen  44700/46000      elitist  1.7669120E+22 feasible? F
gen  44800/46000      elitist  1.7669120E+22 feasible? F
gen  44900/46000      elitist  1.7669120E+22 feasible? F
gen  45000/46000      elitist  1.7669120E+22 feasible? F
gen  45100/46000      elitist  1.7669120E+22 feasible? F
gen  45200/46000      elitist  1.7669120E+22 feasible? F
gen  45300/46000      elitist  1.7669120E+22 feasible? F
gen  45400/46000      elitist  1.7669120E+22 feasible? F
gen  45500/46000      elitist  1.7669120E+22 feasible? F
gen  45600/46000      elitist  1.7669120E+22 feasible? F
gen  45700/46000      elitist  1.7669120E+22 feasible? F
gen  45800/46000      elitist  1.7669120E+22 feasible? F
gen  45900/46000      elitist  1.7669120E+22 feasible? F
gen  46000/46000      elitist  1.7669120E+22 feasible? F
WARNING: No feasible solution was found!
Starting local simplex optimization:
Solution before refinement:      1.7669120369E+22
Solution after  refinement:      1.7669120369E+22
RMSE         1.766912037E+22 Hartree

Best found solution for 23 charges:
        RMSE         1.108753205E+25 kcal/mol
         MAE         7.798986911E-01 kcal/mol
     max. AE         1.291358643E+01 kcal/mol
WARNING, SOLUTION IS NOT FEASIBLE!

       x[bohr]       y[bohr]       z[bohr]          q[e]
    -1.5029480     3.5126300     0.0405350     0.1298544
    -0.7608669     3.0979071    -0.2243420    -0.4563088
     0.2777517     2.4537463    -0.1011117     0.0111141
     0.9723434     1.5574425     0.2867775    -0.2177521
     0.9769084     1.7239804     0.4364824    -0.0022887
     0.9728564     1.8861229    -0.3326380     0.2661596
     3.5311698     1.4270122    -0.1692037    -0.4582483
     3.4521782     1.7715452     0.4360555    -0.2585405
     2.5254416     2.2682135     0.1931703     0.9922877
     5.3017286     0.7008089     0.2374501    -0.3833238
    -3.5900333     2.7388459    -0.2973173    -0.0783580
    -4.2924065     3.0717542    -0.2312692     0.1461231
    -0.2542542     5.5826766    -0.0302957     0.1350284
    -1.3128384    -1.4202917     1.0109193    -0.0592380
     3.0424573     3.3627759     0.0261627    -0.7655822
     3.5232693     3.4042902    -0.0909553     0.7726681
     2.9888966     3.8439030     0.0381958     0.5550169
     3.0566464     3.3860591     0.0088921    -0.8668986
     3.7065494    -1.5817943    -0.0791547    -0.7518413
     3.7400752    -1.1290423     0.1438425     0.4507368
     3.8473931    -1.9813195    -0.1521342     0.4429844
     6.0495119     0.8092001     0.1261553     0.5350971
     6.0760809     0.5192299     0.0811050    -0.1386905

