Running in fitting mode

Reading "/data/boittier/gaussian_scans/bromobutadiene/scan_extract_0.xyz.chk.fchk.pot.cube"...

  opt Potential
  Electrostatic potential from Total SCF Density
   10  -10.982195  -11.443988   -9.769128
   84    0.265911    0.000000    0.000000
   82    0.000000    0.265911    0.000000
   74    0.000000    0.000000    0.265911
    6    6.000000   -1.673952    3.606648    0.000000
    6    6.000000    0.000000    1.721109    0.000000
    6    6.000000    2.723878    2.103773    0.000000
    6    6.000000    4.508290    0.324643    0.000000
    1    1.000000   -3.687195    3.287689    0.000000
    1    1.000000   -0.999128    5.537939    0.000000
   35   35.000000   -1.213067   -1.674860    0.000000
    1    1.000000    3.266739    4.081797    0.000000
    1    1.000000    4.043439   -1.663450    0.000000
    1    1.000000    6.484203    0.839077    0.000000
 -4.50402E-03 -4.51053E-03 -4.51179E-03 -4.50778E-03 -4.37950E-03 -4.39021E-03
       .            .            .            .            .            .
       .            .            .            .            .            .
       .            .            .            .            .            .
  7.70629E-03  7.78523E-03  7.80058E-03  7.75172E-03  7.64058E-03  7.47148E-03

132359 out of 509712 gridpoints are considered ( 26.0%).

...done!




USING GREEDY MODE
File "multipole1_1charges.xyz" already exists. Fitting procedure is skipped.
File "multipole1_2charges.xyz" already exists. Fitting procedure is skipped.
File "multipole1_3charges.xyz" already exists. Fitting procedure is skipped.
File "multipole1_4charges.xyz" already exists. Fitting procedure is skipped.
File "multipole2_1charges.xyz" already exists. Fitting procedure is skipped.
File "multipole2_2charges.xyz" already exists. Fitting procedure is skipped.
File "multipole2_3charges.xyz" already exists. Fitting procedure is skipped.
File "multipole2_4charges.xyz" already exists. Fitting procedure is skipped.
File "multipole3_1charges.xyz" already exists. Fitting procedure is skipped.
File "multipole3_2charges.xyz" already exists. Fitting procedure is skipped.
File "multipole3_3charges.xyz" already exists. Fitting procedure is skipped.
File "multipole3_4charges.xyz" already exists. Fitting procedure is skipped.
File "multipole4_1charges.xyz" already exists. Fitting procedure is skipped.
File "multipole4_2charges.xyz" already exists. Fitting procedure is skipped.
File "multipole4_3charges.xyz" already exists. Fitting procedure is skipped.
File "multipole4_4charges.xyz" already exists. Fitting procedure is skipped.
File "multipole5_1charges.xyz" already exists. Fitting procedure is skipped.
File "multipole5_2charges.xyz" already exists. Fitting procedure is skipped.
File "multipole5_3charges.xyz" already exists. Fitting procedure is skipped.
File "multipole5_4charges.xyz" already exists. Fitting procedure is skipped.
File "multipole6_1charges.xyz" already exists. Fitting procedure is skipped.
File "multipole6_2charges.xyz" already exists. Fitting procedure is skipped.
File "multipole6_3charges.xyz" already exists. Fitting procedure is skipped.
File "multipole6_4charges.xyz" already exists. Fitting procedure is skipped.
File "multipole7_1charges.xyz" already exists. Fitting procedure is skipped.
File "multipole7_2charges.xyz" already exists. Fitting procedure is skipped.
File "multipole7_3charges.xyz" already exists. Fitting procedure is skipped.
File "multipole7_4charges.xyz" already exists. Fitting procedure is skipped.
File "multipole8_1charges.xyz" already exists. Fitting procedure is skipped.
File "multipole8_2charges.xyz" already exists. Fitting procedure is skipped.
File "multipole8_3charges.xyz" already exists. Fitting procedure is skipped.
File "multipole8_4charges.xyz" already exists. Fitting procedure is skipped.
File "multipole9_1charges.xyz" already exists. Fitting procedure is skipped.
File "multipole9_2charges.xyz" already exists. Fitting procedure is skipped.
File "multipole9_3charges.xyz" already exists. Fitting procedure is skipped.
File "multipole9_4charges.xyz" already exists. Fitting procedure is skipped.
File "multipole10_1charges.xyz" already exists. Fitting procedure is skipped.
File "multipole10_2charges.xyz" already exists. Fitting procedure is skipped.
File "multipole10_3charges.xyz" already exists. Fitting procedure is skipped.
File "multipole10_4charges.xyz" already exists. Fitting procedure is skipped.
Total fragment charge (a.u.):         1.040834086E-16
Running DE in parallel with 4 thread(s)!

Starting fitting procedure for 24 charges, trial 1
gen      0/48000      elitist  2.0814387E-02 feasible? F
gen    100/48000      elitist  1.6379190E-02 feasible? T
gen    200/48000      elitist  9.2950161E-03 feasible? T
gen    300/48000      elitist  6.6702755E-03 feasible? T
gen    400/48000      elitist  4.4066982E-03 feasible? T
gen    500/48000      elitist  4.1917051E-03 feasible? T
gen    600/48000      elitist  3.2959354E-03 feasible? T
gen    700/48000      elitist  2.9678870E-03 feasible? T
gen    800/48000      elitist  2.7475341E-03 feasible? T
gen    900/48000      elitist  2.6213584E-03 feasible? T
gen   1000/48000      elitist  2.5699559E-03 feasible? T
gen   1100/48000      elitist  2.5475249E-03 feasible? T
gen   1200/48000      elitist  2.4968741E-03 feasible? T
gen   1300/48000      elitist  2.4902729E-03 feasible? T
gen   1400/48000      elitist  2.4697417E-03 feasible? T
gen   1500/48000      elitist  2.4607106E-03 feasible? T
gen   1600/48000      elitist  2.4470839E-03 feasible? T
gen   1700/48000      elitist  2.4455948E-03 feasible? T
gen   1800/48000      elitist  2.4205915E-03 feasible? T
gen   1900/48000      elitist  2.3915169E-03 feasible? T
gen   2000/48000      elitist  2.3831597E-03 feasible? T
gen   2100/48000      elitist  2.3770973E-03 feasible? T
gen   2200/48000      elitist  2.3618351E-03 feasible? T
gen   2300/48000      elitist  2.3557338E-03 feasible? T
gen   2400/48000      elitist  2.3502354E-03 feasible? T
gen   2500/48000      elitist  2.3446269E-03 feasible? T
gen   2600/48000      elitist  2.3424037E-03 feasible? T
gen   2700/48000      elitist  2.3413658E-03 feasible? T
gen   2800/48000      elitist  2.3400789E-03 feasible? T
gen   2900/48000      elitist  2.3387570E-03 feasible? T
gen   3000/48000      elitist  2.3386888E-03 feasible? T
gen   3100/48000      elitist  2.3381301E-03 feasible? T
gen   3200/48000      elitist  2.3371568E-03 feasible? T
gen   3300/48000      elitist  2.3355922E-03 feasible? T
gen   3400/48000      elitist  2.3324752E-03 feasible? T
gen   3500/48000      elitist  2.3298473E-03 feasible? T
gen   3600/48000      elitist  2.3268446E-03 feasible? T
gen   3700/48000      elitist  2.3234197E-03 feasible? T
gen   3800/48000      elitist  2.3182392E-03 feasible? T
gen   3900/48000      elitist  2.2834574E-03 feasible? T
gen   4000/48000      elitist  2.2754837E-03 feasible? T
gen   4100/48000      elitist  2.2577930E-03 feasible? T
gen   4200/48000      elitist  2.2562321E-03 feasible? T
gen   4300/48000      elitist  2.2551402E-03 feasible? T
gen   4400/48000      elitist  2.2536319E-03 feasible? T
gen   4500/48000      elitist  2.2534023E-03 feasible? T
gen   4600/48000      elitist  2.2442195E-03 feasible? T
gen   4700/48000      elitist  2.2431351E-03 feasible? T
gen   4800/48000      elitist  2.2412133E-03 feasible? T
gen   4900/48000      elitist  2.2375854E-03 feasible? T
gen   5000/48000      elitist  2.2367141E-03 feasible? T
gen   5100/48000      elitist  2.2354783E-03 feasible? T
gen   5200/48000      elitist  2.2341104E-03 feasible? T
gen   5300/48000      elitist  2.2337688E-03 feasible? T
gen   5400/48000      elitist  2.2334409E-03 feasible? T
gen   5500/48000      elitist  2.2329410E-03 feasible? T
gen   5600/48000      elitist  2.2329246E-03 feasible? T
gen   5700/48000      elitist  2.2317137E-03 feasible? T
gen   5800/48000      elitist  2.2312557E-03 feasible? T
gen   5900/48000      elitist  2.2253129E-03 feasible? T
gen   6000/48000      elitist  2.2236155E-03 feasible? T
gen   6100/48000      elitist  2.2214317E-03 feasible? T
gen   6200/48000      elitist  2.2115336E-03 feasible? T
gen   6300/48000      elitist  2.2082865E-03 feasible? T
gen   6400/48000      elitist  2.2021237E-03 feasible? T
gen   6500/48000      elitist  2.2002026E-03 feasible? T
gen   6600/48000      elitist  2.1985988E-03 feasible? T
gen   6700/48000      elitist  2.1913583E-03 feasible? T
gen   6800/48000      elitist  2.1888546E-03 feasible? T
gen   6900/48000      elitist  2.1869566E-03 feasible? T
gen   7000/48000      elitist  2.1867814E-03 feasible? T
gen   7100/48000      elitist  2.1850795E-03 feasible? T
gen   7200/48000      elitist  2.1847732E-03 feasible? T
gen   7300/48000      elitist  2.1843667E-03 feasible? T
gen   7400/48000      elitist  2.1839881E-03 feasible? T
gen   7500/48000      elitist  2.1839345E-03 feasible? T
gen   7600/48000      elitist  2.1801407E-03 feasible? T
gen   7700/48000      elitist  2.1769762E-03 feasible? T
gen   7800/48000      elitist  2.1758869E-03 feasible? T
gen   7900/48000      elitist  2.1729924E-03 feasible? T
gen   8000/48000      elitist  2.1700809E-03 feasible? T
gen   8100/48000      elitist  2.1689238E-03 feasible? T
gen   8200/48000      elitist  2.1676285E-03 feasible? T
gen   8300/48000      elitist  2.1673706E-03 feasible? T
gen   8400/48000      elitist  2.1672462E-03 feasible? T
gen   8500/48000      elitist  2.1670305E-03 feasible? T
gen   8600/48000      elitist  2.1669023E-03 feasible? T
gen   8700/48000      elitist  2.1666803E-03 feasible? T
gen   8800/48000      elitist  2.1665817E-03 feasible? T
gen   8900/48000      elitist  2.1665386E-03 feasible? T
gen   9000/48000      elitist  2.1664585E-03 feasible? T
gen   9100/48000      elitist  2.1664116E-03 feasible? T
gen   9200/48000      elitist  2.1663856E-03 feasible? T
gen   9300/48000      elitist  2.1663254E-03 feasible? T
gen   9400/48000      elitist  2.1655893E-03 feasible? T
gen   9500/48000      elitist  2.1654585E-03 feasible? T
gen   9600/48000      elitist  2.1652103E-03 feasible? T
gen   9700/48000      elitist  2.1646620E-03 feasible? T
gen   9800/48000      elitist  2.1643594E-03 feasible? T
gen   9900/48000      elitist  2.1641227E-03 feasible? T
gen  10000/48000      elitist  2.1636314E-03 feasible? T
gen  10100/48000      elitist  2.1634288E-03 feasible? T
gen  10200/48000      elitist  2.1632888E-03 feasible? T
gen  10300/48000      elitist  2.1625297E-03 feasible? T
gen  10400/48000      elitist  2.1624422E-03 feasible? T
gen  10500/48000      elitist  2.1621830E-03 feasible? T
gen  10600/48000      elitist  2.1619904E-03 feasible? T
gen  10700/48000      elitist  2.1613825E-03 feasible? T
gen  10800/48000      elitist  2.1608682E-03 feasible? T
gen  10900/48000      elitist  2.1576201E-03 feasible? T
gen  11000/48000      elitist  2.1560130E-03 feasible? T
gen  11100/48000      elitist  2.1550211E-03 feasible? T
gen  11200/48000      elitist  2.1549284E-03 feasible? T
gen  11300/48000      elitist  2.1546777E-03 feasible? T
gen  11400/48000      elitist  2.1544397E-03 feasible? T
gen  11500/48000      elitist  2.1544270E-03 feasible? T
gen  11600/48000      elitist  2.1541492E-03 feasible? T
gen  11700/48000      elitist  2.1537712E-03 feasible? T
gen  11800/48000      elitist  2.1530979E-03 feasible? T
gen  11900/48000      elitist  2.1523106E-03 feasible? T
gen  12000/48000      elitist  2.1518148E-03 feasible? T
gen  12100/48000      elitist  2.1510367E-03 feasible? T
gen  12200/48000      elitist  2.1507874E-03 feasible? T
gen  12300/48000      elitist  2.1505996E-03 feasible? T
gen  12400/48000      elitist  2.1504227E-03 feasible? T
gen  12500/48000      elitist  2.1498620E-03 feasible? T
gen  12600/48000      elitist  2.1497014E-03 feasible? T
gen  12700/48000      elitist  2.1495614E-03 feasible? T
gen  12800/48000      elitist  2.1495199E-03 feasible? T
gen  12900/48000      elitist  2.1494112E-03 feasible? T
gen  13000/48000      elitist  2.1492759E-03 feasible? T
gen  13100/48000      elitist  2.1491511E-03 feasible? T
gen  13200/48000      elitist  2.1488751E-03 feasible? T
gen  13300/48000      elitist  2.1487076E-03 feasible? T
gen  13400/48000      elitist  2.1486083E-03 feasible? T
gen  13500/48000      elitist  2.1484417E-03 feasible? T
gen  13600/48000      elitist  2.1484231E-03 feasible? T
gen  13700/48000      elitist  2.1483308E-03 feasible? T
gen  13800/48000      elitist  2.1483068E-03 feasible? T
gen  13900/48000      elitist  2.1482849E-03 feasible? T
gen  14000/48000      elitist  2.1482267E-03 feasible? T
gen  14100/48000      elitist  2.1482040E-03 feasible? T
gen  14200/48000      elitist  2.1481794E-03 feasible? T
gen  14300/48000      elitist  2.1481752E-03 feasible? T
gen  14400/48000      elitist  2.1481678E-03 feasible? T
gen  14500/48000      elitist  2.1481605E-03 feasible? T
gen  14600/48000      elitist  2.1481502E-03 feasible? T
gen  14700/48000      elitist  2.1481459E-03 feasible? T
gen  14800/48000      elitist  2.1481446E-03 feasible? T
gen  14900/48000      elitist  2.1481419E-03 feasible? T
gen  15000/48000      elitist  2.1481416E-03 feasible? T
gen  15100/48000      elitist  2.1481409E-03 feasible? T
gen  15200/48000      elitist  2.1481402E-03 feasible? T
gen  15300/48000      elitist  2.1481401E-03 feasible? T
gen  15400/48000      elitist  2.1481399E-03 feasible? T
gen  15500/48000      elitist  2.1481396E-03 feasible? T
gen  15600/48000      elitist  2.1481393E-03 feasible? T
gen  15700/48000      elitist  2.1481388E-03 feasible? T
gen  15800/48000      elitist  2.1481367E-03 feasible? T
gen  15900/48000      elitist  2.1481363E-03 feasible? T
gen  16000/48000      elitist  2.1481353E-03 feasible? T
gen  16100/48000      elitist  2.1481342E-03 feasible? T
gen  16200/48000      elitist  2.1481339E-03 feasible? T
gen  16300/48000      elitist  2.1481323E-03 feasible? T
gen  16400/48000      elitist  2.1481320E-03 feasible? T
gen  16500/48000      elitist  2.1481313E-03 feasible? T
gen  16600/48000      elitist  2.1481305E-03 feasible? T
gen  16700/48000      elitist  2.1481301E-03 feasible? T
gen  16800/48000      elitist  2.1481295E-03 feasible? T
gen  16900/48000      elitist  2.1481291E-03 feasible? T
gen  17000/48000      elitist  2.1481287E-03 feasible? T
gen  17100/48000      elitist  2.1481287E-03 feasible? T
gen  17200/48000      elitist  2.1481285E-03 feasible? T
gen  17300/48000      elitist  2.1481285E-03 feasible? T
gen  17400/48000      elitist  2.1481284E-03 feasible? T
gen  17500/48000      elitist  2.1481284E-03 feasible? T
gen  17600/48000      elitist  2.1481284E-03 feasible? T
gen  17700/48000      elitist  2.1481284E-03 feasible? T
gen  17800/48000      elitist  2.1481284E-03 feasible? T
gen  17900/48000      elitist  2.1481284E-03 feasible? T
gen  18000/48000      elitist  2.1481284E-03 feasible? T
gen  18100/48000      elitist  2.1481284E-03 feasible? T
gen  18200/48000      elitist  2.1481284E-03 feasible? T
gen  18300/48000      elitist  2.1481284E-03 feasible? T
gen  18400/48000      elitist  2.1481284E-03 feasible? T
gen  18500/48000      elitist  2.1481284E-03 feasible? T
gen  18600/48000      elitist  2.1481283E-03 feasible? T
gen  18700/48000      elitist  2.1481281E-03 feasible? T
gen  18800/48000      elitist  2.1481280E-03 feasible? T
gen  18900/48000      elitist  2.1481280E-03 feasible? T
gen  19000/48000      elitist  2.1481279E-03 feasible? T
gen  19100/48000      elitist  2.1481276E-03 feasible? T
gen  19200/48000      elitist  2.1481275E-03 feasible? T
gen  19300/48000      elitist  2.1481274E-03 feasible? T
gen  19400/48000      elitist  2.1481273E-03 feasible? T
gen  19500/48000      elitist  2.1481259E-03 feasible? T
gen  19600/48000      elitist  2.1481252E-03 feasible? T
gen  19700/48000      elitist  2.1481248E-03 feasible? T
gen  19800/48000      elitist  2.1481245E-03 feasible? T
gen  19900/48000      elitist  2.1481238E-03 feasible? T
gen  20000/48000      elitist  2.1481235E-03 feasible? T
gen  20100/48000      elitist  2.1481229E-03 feasible? T
gen  20200/48000      elitist  2.1481224E-03 feasible? T
gen  20300/48000      elitist  2.1481223E-03 feasible? T
gen  20400/48000      elitist  2.1481223E-03 feasible? T
gen  20500/48000      elitist  2.1481221E-03 feasible? T
gen  20600/48000      elitist  2.1481221E-03 feasible? T
gen  20700/48000      elitist  2.1481212E-03 feasible? T
gen  20800/48000      elitist  2.1481172E-03 feasible? T
gen  20900/48000      elitist  2.1480921E-03 feasible? T
gen  21000/48000      elitist  2.1477951E-03 feasible? T
gen  21100/48000      elitist  2.1471319E-03 feasible? T
gen  21200/48000      elitist  2.1470315E-03 feasible? T
gen  21300/48000      elitist  2.1468734E-03 feasible? T
gen  21400/48000      elitist  2.1468625E-03 feasible? T
gen  21500/48000      elitist  2.1468226E-03 feasible? T
gen  21600/48000      elitist  2.1467879E-03 feasible? T
gen  21700/48000      elitist  2.1467713E-03 feasible? T
gen  21800/48000      elitist  2.1467483E-03 feasible? T
gen  21900/48000      elitist  2.1467355E-03 feasible? T
gen  22000/48000      elitist  2.1467037E-03 feasible? T
gen  22100/48000      elitist  2.1466403E-03 feasible? T
gen  22200/48000      elitist  2.1466262E-03 feasible? T
gen  22300/48000      elitist  2.1465844E-03 feasible? T
gen  22400/48000      elitist  2.1465747E-03 feasible? T
gen  22500/48000      elitist  2.1465470E-03 feasible? T
gen  22600/48000      elitist  2.1465327E-03 feasible? T
gen  22700/48000      elitist  2.1465220E-03 feasible? T
gen  22800/48000      elitist  2.1465194E-03 feasible? T
gen  22900/48000      elitist  2.1465153E-03 feasible? T
gen  23000/48000      elitist  2.1465143E-03 feasible? T
gen  23100/48000      elitist  2.1465114E-03 feasible? T
gen  23200/48000      elitist  2.1465098E-03 feasible? T
gen  23300/48000      elitist  2.1465091E-03 feasible? T
gen  23400/48000      elitist  2.1465082E-03 feasible? T
gen  23500/48000      elitist  2.1465080E-03 feasible? T
gen  23600/48000      elitist  2.1465076E-03 feasible? T
gen  23700/48000      elitist  2.1465074E-03 feasible? T
gen  23800/48000      elitist  2.1465074E-03 feasible? T
gen  23900/48000      elitist  2.1465073E-03 feasible? T
gen  24000/48000      elitist  2.1465067E-03 feasible? T
gen  24100/48000      elitist  2.1465064E-03 feasible? T
gen  24200/48000      elitist  2.1465062E-03 feasible? T
gen  24300/48000      elitist  2.1465060E-03 feasible? T
gen  24400/48000      elitist  2.1465057E-03 feasible? T
gen  24500/48000      elitist  2.1465019E-03 feasible? T
gen  24600/48000      elitist  2.1464987E-03 feasible? T
gen  24700/48000      elitist  2.1464704E-03 feasible? T
gen  24800/48000      elitist  2.1464667E-03 feasible? T
gen  24900/48000      elitist  2.1464540E-03 feasible? T
gen  25000/48000      elitist  2.1464509E-03 feasible? T
gen  25100/48000      elitist  2.1464484E-03 feasible? T
gen  25200/48000      elitist  2.1464443E-03 feasible? T
gen  25300/48000      elitist  2.1464435E-03 feasible? T
gen  25400/48000      elitist  2.1464412E-03 feasible? T
gen  25500/48000      elitist  2.1464375E-03 feasible? T
gen  25600/48000      elitist  2.1464337E-03 feasible? T
gen  25700/48000      elitist  2.1464310E-03 feasible? T
gen  25800/48000      elitist  2.1464303E-03 feasible? T
gen  25900/48000      elitist  2.1464299E-03 feasible? T
gen  26000/48000      elitist  2.1464290E-03 feasible? T
gen  26100/48000      elitist  2.1464266E-03 feasible? T
gen  26200/48000      elitist  2.1464256E-03 feasible? T
gen  26300/48000      elitist  2.1464247E-03 feasible? T
gen  26400/48000      elitist  2.1464238E-03 feasible? T
gen  26500/48000      elitist  2.1464233E-03 feasible? T
gen  26600/48000      elitist  2.1464229E-03 feasible? T
gen  26700/48000      elitist  2.1464226E-03 feasible? T
gen  26800/48000      elitist  2.1464223E-03 feasible? T
gen  26900/48000      elitist  2.1464219E-03 feasible? T
gen  27000/48000      elitist  2.1464216E-03 feasible? T
gen  27100/48000      elitist  2.1464214E-03 feasible? T
gen  27200/48000      elitist  2.1464214E-03 feasible? T
gen  27300/48000      elitist  2.1464213E-03 feasible? T
gen  27400/48000      elitist  2.1464211E-03 feasible? T
gen  27500/48000      elitist  2.1464206E-03 feasible? T
gen  27600/48000      elitist  2.1463871E-03 feasible? T
gen  27700/48000      elitist  2.1463797E-03 feasible? T
gen  27800/48000      elitist  2.1463694E-03 feasible? T
gen  27900/48000      elitist  2.1463655E-03 feasible? T
gen  28000/48000      elitist  2.1463648E-03 feasible? T
gen  28100/48000      elitist  2.1463620E-03 feasible? T
gen  28200/48000      elitist  2.1463526E-03 feasible? T
gen  28300/48000      elitist  2.1463499E-03 feasible? T
gen  28400/48000      elitist  2.1463483E-03 feasible? T
gen  28500/48000      elitist  2.1463440E-03 feasible? T
gen  28600/48000      elitist  2.1463367E-03 feasible? T
gen  28700/48000      elitist  2.1463279E-03 feasible? T
gen  28800/48000      elitist  2.1463253E-03 feasible? T
gen  28900/48000      elitist  2.1463223E-03 feasible? T
gen  29000/48000      elitist  2.1463208E-03 feasible? T
gen  29100/48000      elitist  2.1463170E-03 feasible? T
gen  29200/48000      elitist  2.1463088E-03 feasible? T
gen  29300/48000      elitist  2.1463075E-03 feasible? T
gen  29400/48000      elitist  2.1463024E-03 feasible? T
gen  29500/48000      elitist  2.1462955E-03 feasible? T
gen  29600/48000      elitist  2.1462863E-03 feasible? T
gen  29700/48000      elitist  2.1462840E-03 feasible? T
gen  29800/48000      elitist  2.1462783E-03 feasible? T
gen  29900/48000      elitist  2.1462766E-03 feasible? T
gen  30000/48000      elitist  2.1462745E-03 feasible? T
gen  30100/48000      elitist  2.1462728E-03 feasible? T
gen  30200/48000      elitist  2.1462700E-03 feasible? T
gen  30300/48000      elitist  2.1462657E-03 feasible? T
gen  30400/48000      elitist  2.1462645E-03 feasible? T
gen  30500/48000      elitist  2.1462625E-03 feasible? T
gen  30600/48000      elitist  2.1462618E-03 feasible? T
gen  30700/48000      elitist  2.1462606E-03 feasible? T
gen  30800/48000      elitist  2.1462584E-03 feasible? T
gen  30900/48000      elitist  2.1462579E-03 feasible? T
gen  31000/48000      elitist  2.1462552E-03 feasible? T
gen  31100/48000      elitist  2.1462546E-03 feasible? T
gen  31200/48000      elitist  2.1462540E-03 feasible? T
gen  31300/48000      elitist  2.1462520E-03 feasible? T
gen  31400/48000      elitist  2.1462509E-03 feasible? T
gen  31500/48000      elitist  2.1462504E-03 feasible? T
gen  31600/48000      elitist  2.1462482E-03 feasible? T
gen  31700/48000      elitist  2.1462468E-03 feasible? T
gen  31800/48000      elitist  2.1462458E-03 feasible? T
gen  31900/48000      elitist  2.1462447E-03 feasible? T
gen  32000/48000      elitist  2.1462446E-03 feasible? T
gen  32100/48000      elitist  2.1462437E-03 feasible? T
gen  32200/48000      elitist  2.1462401E-03 feasible? T
gen  32300/48000      elitist  2.1462061E-03 feasible? T
gen  32400/48000      elitist  2.1462016E-03 feasible? T
gen  32500/48000      elitist  2.1461946E-03 feasible? T
gen  32600/48000      elitist  2.1461930E-03 feasible? T
gen  32700/48000      elitist  2.1461909E-03 feasible? T
gen  32800/48000      elitist  2.1461906E-03 feasible? T
gen  32900/48000      elitist  2.1461776E-03 feasible? T
gen  33000/48000      elitist  2.1461743E-03 feasible? T
gen  33100/48000      elitist  2.1461714E-03 feasible? T
gen  33200/48000      elitist  2.1461694E-03 feasible? T
gen  33300/48000      elitist  2.1461689E-03 feasible? T
gen  33400/48000      elitist  2.1461676E-03 feasible? T
gen  33500/48000      elitist  2.1461671E-03 feasible? T
gen  33600/48000      elitist  2.1461666E-03 feasible? T
gen  33700/48000      elitist  2.1461658E-03 feasible? T
gen  33800/48000      elitist  2.1461628E-03 feasible? T
gen  33900/48000      elitist  2.1461597E-03 feasible? T
gen  34000/48000      elitist  2.1460546E-03 feasible? T
gen  34100/48000      elitist  2.1459904E-03 feasible? T
gen  34200/48000      elitist  2.1459198E-03 feasible? T
gen  34300/48000      elitist  2.1459105E-03 feasible? T
gen  34400/48000      elitist  2.1458277E-03 feasible? T
gen  34500/48000      elitist  2.1457649E-03 feasible? T
gen  34600/48000      elitist  2.1457374E-03 feasible? T
gen  34700/48000      elitist  2.1457025E-03 feasible? T
gen  34800/48000      elitist  2.1456926E-03 feasible? T
gen  34900/48000      elitist  2.1456781E-03 feasible? T
gen  35000/48000      elitist  2.1456695E-03 feasible? T
gen  35100/48000      elitist  2.1456546E-03 feasible? T
gen  35200/48000      elitist  2.1456459E-03 feasible? T
gen  35300/48000      elitist  2.1456371E-03 feasible? T
gen  35400/48000      elitist  2.1456265E-03 feasible? T
gen  35500/48000      elitist  2.1456251E-03 feasible? T
gen  35600/48000      elitist  2.1456215E-03 feasible? T
gen  35700/48000      elitist  2.1456140E-03 feasible? T
gen  35800/48000      elitist  2.1456085E-03 feasible? T
gen  35900/48000      elitist  2.1456040E-03 feasible? T
gen  36000/48000      elitist  2.1456007E-03 feasible? T
gen  36100/48000      elitist  2.1455948E-03 feasible? T
gen  36200/48000      elitist  2.1455869E-03 feasible? T
gen  36300/48000      elitist  2.1455822E-03 feasible? T
gen  36400/48000      elitist  2.1455795E-03 feasible? T
gen  36500/48000      elitist  2.1455783E-03 feasible? T
gen  36600/48000      elitist  2.1455209E-03 feasible? T
gen  36700/48000      elitist  2.1455124E-03 feasible? T
gen  36800/48000      elitist  2.1455047E-03 feasible? T
gen  36900/48000      elitist  2.1455020E-03 feasible? T
gen  37000/48000      elitist  2.1454979E-03 feasible? T
gen  37100/48000      elitist  2.1454942E-03 feasible? T
gen  37200/48000      elitist  2.1454875E-03 feasible? T
gen  37300/48000      elitist  2.1454827E-03 feasible? T
gen  37400/48000      elitist  2.1454798E-03 feasible? T
gen  37500/48000      elitist  2.1454777E-03 feasible? T
gen  37600/48000      elitist  2.1454754E-03 feasible? T
gen  37700/48000      elitist  2.1454746E-03 feasible? T
gen  37800/48000      elitist  2.1454743E-03 feasible? T
gen  37900/48000      elitist  2.1454740E-03 feasible? T
gen  38000/48000      elitist  2.1454737E-03 feasible? T
gen  38100/48000      elitist  2.1454734E-03 feasible? T
gen  38200/48000      elitist  2.1454732E-03 feasible? T
gen  38300/48000      elitist  2.1454727E-03 feasible? T
gen  38400/48000      elitist  2.1454726E-03 feasible? T
gen  38500/48000      elitist  2.1454724E-03 feasible? T
gen  38600/48000      elitist  2.1454723E-03 feasible? T
gen  38700/48000      elitist  2.1454723E-03 feasible? T
gen  38800/48000      elitist  2.1454722E-03 feasible? T
gen  38900/48000      elitist  2.1454721E-03 feasible? T
gen  39000/48000      elitist  2.1454721E-03 feasible? T
gen  39100/48000      elitist  2.1454721E-03 feasible? T
gen  39200/48000      elitist  2.1454720E-03 feasible? T
gen  39300/48000      elitist  2.1454718E-03 feasible? T
gen  39400/48000      elitist  2.1454718E-03 feasible? T
gen  39500/48000      elitist  2.1454717E-03 feasible? T
gen  39600/48000      elitist  2.1454717E-03 feasible? T
gen  39700/48000      elitist  2.1454717E-03 feasible? T
gen  39800/48000      elitist  2.1454717E-03 feasible? T
gen  39900/48000      elitist  2.1454717E-03 feasible? T
gen  40000/48000      elitist  2.1454717E-03 feasible? T
gen  40100/48000      elitist  2.1454717E-03 feasible? T
gen  40200/48000      elitist  2.1454717E-03 feasible? T
gen  40300/48000      elitist  2.1454717E-03 feasible? T
gen  40400/48000      elitist  2.1454717E-03 feasible? T
gen  40500/48000      elitist  2.1454717E-03 feasible? T
gen  40600/48000      elitist  2.1454717E-03 feasible? T
gen  40700/48000      elitist  2.1454717E-03 feasible? T
gen  40800/48000      elitist  2.1454717E-03 feasible? T
gen  40900/48000      elitist  2.1454717E-03 feasible? T
gen  41000/48000      elitist  2.1454717E-03 feasible? T
gen  41100/48000      elitist  2.1454717E-03 feasible? T
gen  41200/48000      elitist  2.1454717E-03 feasible? T
gen  41300/48000      elitist  2.1454717E-03 feasible? T
gen  41400/48000      elitist  2.1454717E-03 feasible? T
gen  41500/48000      elitist  2.1454717E-03 feasible? T
gen  41600/48000      elitist  2.1454717E-03 feasible? T
gen  41700/48000      elitist  2.1454717E-03 feasible? T
gen  41800/48000      elitist  2.1454717E-03 feasible? T
gen  41900/48000      elitist  2.1454717E-03 feasible? T
gen  42000/48000      elitist  2.1454717E-03 feasible? T
gen  42100/48000      elitist  2.1454717E-03 feasible? T
gen  42200/48000      elitist  2.1454717E-03 feasible? T
gen  42300/48000      elitist  2.1454717E-03 feasible? T
gen  42400/48000      elitist  2.1454717E-03 feasible? T
gen  42500/48000      elitist  2.1454717E-03 feasible? T
gen  42600/48000      elitist  2.1454717E-03 feasible? T
gen  42700/48000      elitist  2.1454717E-03 feasible? T
gen  42800/48000      elitist  2.1454717E-03 feasible? T
gen  42900/48000      elitist  2.1454717E-03 feasible? T
gen  43000/48000      elitist  2.1454717E-03 feasible? T
gen  43100/48000      elitist  2.1454717E-03 feasible? T
gen  43200/48000      elitist  2.1454717E-03 feasible? T
gen  43300/48000      elitist  2.1454716E-03 feasible? T
gen  43400/48000      elitist  2.1454716E-03 feasible? T
gen  43500/48000      elitist  2.1454716E-03 feasible? T
gen  43600/48000      elitist  2.1454716E-03 feasible? T
gen  43700/48000      elitist  2.1454716E-03 feasible? T
gen  43800/48000      elitist  2.1454716E-03 feasible? T
gen  43900/48000      elitist  2.1454716E-03 feasible? T
gen  44000/48000      elitist  2.1454715E-03 feasible? T
gen  44100/48000      elitist  2.1454707E-03 feasible? T
gen  44200/48000      elitist  2.1454705E-03 feasible? T
gen  44300/48000      elitist  2.1454704E-03 feasible? T
gen  44400/48000      elitist  2.1454489E-03 feasible? T
gen  44500/48000      elitist  2.1436319E-03 feasible? T
gen  44600/48000      elitist  2.1432026E-03 feasible? T
gen  44700/48000      elitist  2.1428288E-03 feasible? T
gen  44800/48000      elitist  2.1420732E-03 feasible? T
gen  44900/48000      elitist  2.1418544E-03 feasible? T
gen  45000/48000      elitist  2.1415968E-03 feasible? T
gen  45100/48000      elitist  2.1409324E-03 feasible? T
gen  45200/48000      elitist  2.1405734E-03 feasible? T
gen  45300/48000      elitist  2.1402260E-03 feasible? T
gen  45400/48000      elitist  2.1401674E-03 feasible? T
gen  45500/48000      elitist  2.1400431E-03 feasible? T
gen  45600/48000      elitist  2.1400163E-03 feasible? T
gen  45700/48000      elitist  2.1399585E-03 feasible? T
gen  45800/48000      elitist  2.1399534E-03 feasible? T
gen  45900/48000      elitist  2.1399407E-03 feasible? T
gen  46000/48000      elitist  2.1399315E-03 feasible? T
gen  46100/48000      elitist  2.1396106E-03 feasible? T
gen  46200/48000      elitist  2.1395776E-03 feasible? T
gen  46300/48000      elitist  2.1395076E-03 feasible? T
gen  46400/48000      elitist  2.1394789E-03 feasible? T
gen  46500/48000      elitist  2.1394487E-03 feasible? T
gen  46600/48000      elitist  2.1394371E-03 feasible? T
gen  46700/48000      elitist  2.1394220E-03 feasible? T
gen  46800/48000      elitist  2.1394190E-03 feasible? T
gen  46900/48000      elitist  2.1394164E-03 feasible? T
gen  47000/48000      elitist  2.1394131E-03 feasible? T
gen  47100/48000      elitist  2.1394124E-03 feasible? T
gen  47200/48000      elitist  2.1394089E-03 feasible? T
gen  47300/48000      elitist  2.1394054E-03 feasible? T
gen  47400/48000      elitist  2.1393631E-03 feasible? T
gen  47500/48000      elitist  2.1393400E-03 feasible? T
gen  47600/48000      elitist  2.1393030E-03 feasible? T
gen  47700/48000      elitist  2.1391859E-03 feasible? T
gen  47800/48000      elitist  2.1391344E-03 feasible? T
gen  47900/48000      elitist  2.1390709E-03 feasible? T
gen  48000/48000      elitist  2.1390567E-03 feasible? T
Starting local simplex optimization:
Solution before refinement:      2.1390567484E-03
 performing expansion, best =    2.1386375410427558E-003
 performing expansion, best =    2.1376668828172992E-003
 performing expansion, best =    2.1365380287739323E-003
 performing expansion, best =    2.1356936855927862E-003
 performing expansion, best =    2.1356240794036204E-003
 performing expansion, best =    2.1341106239621296E-003
 performing expansion, best =    2.1337145139865682E-003
 performing expansion, best =    2.1329512464739017E-003
 performing expansion, best =    2.1325621101003938E-003
 performing expansion, best =    2.1315352270298809E-003
 performing expansion, best =    2.1306643965878628E-003
 performing expansion, best =    2.1306506051834476E-003
 performing expansion, best =    2.1304157557030011E-003
 performing expansion, best =    2.1304015436639278E-003
 performing expansion, best =    2.1301860600948831E-003
 performing expansion, best =    2.1299195686681348E-003
 performing expansion, best =    2.1298759274244795E-003
 performing expansion, best =    2.1297396868106208E-003
 performing expansion, best =    2.1296771711603927E-003
 performing expansion, best =    2.1296024636674694E-003
 performing expansion, best =    2.1295305884230708E-003
 performing expansion, best =    2.1294066884363686E-003
 performing expansion, best =    2.1287808579065191E-003
 performing expansion, best =    2.1283821564617098E-003
 performing expansion, best =    2.1279751442839045E-003
 performing expansion, best =    2.1265707207376045E-003
 performing expansion, best =    2.1250386449977589E-003
 performing expansion, best =    2.1238426396239475E-003
 performing expansion, best =    2.1224142312925116E-003
 performing expansion, best =    2.1216000500470468E-003
 performing expansion, best =    2.1204390571292826E-003
 performing expansion, best =    2.1193875650723612E-003
 performing expansion, best =    2.1184420730433668E-003
 performing expansion, best =    2.1176019402813543E-003
 performing expansion, best =    2.1172798148125522E-003
 performing expansion, best =    2.1167996141027096E-003
 performing expansion, best =    2.1166786119209587E-003
 performing expansion, best =    2.1165805688814062E-003
 performing expansion, best =    2.1162791517725307E-003
 performing expansion, best =    2.1159469289498915E-003
 performing expansion, best =    2.1151920456130785E-003
 performing expansion, best =    2.1146218878044911E-003
 performing expansion, best =    2.1145990319626795E-003
 performing expansion, best =    2.1145738123024647E-003
 performing expansion, best =    2.1145396398209392E-003
 performing expansion, best =    2.1140478789277621E-003
 performing expansion, best =    2.1134995742064415E-003
 performing expansion, best =    2.1133253563825317E-003
 performing expansion, best =    2.1131068672404756E-003
 performing expansion, best =    2.1130800775179342E-003
 performing expansion, best =    2.1130674126986506E-003
 performing expansion, best =    2.1128491329603068E-003
 performing expansion, best =    2.1126529229555640E-003
 performing expansion, best =    2.1123493839573333E-003
 performing expansion, best =    2.1119248858537543E-003
 performing expansion, best =    2.1117486567628057E-003
 performing expansion, best =    2.1114654623960584E-003
 performing expansion, best =    2.1112619778996984E-003
 performing expansion, best =    2.1108651047563490E-003
 performing expansion, best =    2.1107033259715738E-003
 performing expansion, best =    2.1102120607760827E-003
 performing expansion, best =    2.1098200486851467E-003
 performing expansion, best =    2.1095968967063867E-003
 performing expansion, best =    2.1093285617700941E-003
 performing expansion, best =    2.1088834260002088E-003
 performing expansion, best =    2.1082008530122851E-003
 performing expansion, best =    2.1074291192360239E-003
 performing expansion, best =    2.1072425141682740E-003
 performing expansion, best =    2.1066382054345319E-003
 performing expansion, best =    2.1062561344673270E-003
 performing expansion, best =    2.1062472125196203E-003
 performing expansion, best =    2.1060992926831535E-003
 performing expansion, best =    2.1060503999735685E-003
 performing expansion, best =    2.1058523225891647E-003
 performing expansion, best =    2.1054355594134194E-003
 performing expansion, best =    2.1045595596115184E-003
 performing expansion, best =    2.1041522246955722E-003
 performing expansion, best =    2.1040346717226656E-003
 performing expansion, best =    2.1039798638259710E-003
 performing expansion, best =    2.1033816930039508E-003
 performing expansion, best =    2.1033629882145550E-003
 performing expansion, best =    2.1029229770559827E-003
 performing expansion, best =    2.1022945628040605E-003
 performing expansion, best =    2.1013104828886790E-003
 performing expansion, best =    2.1006237992226085E-003
 performing expansion, best =    2.1000488214445354E-003
 performing expansion, best =    2.0995436004672880E-003
 performing expansion, best =    2.0987011716923241E-003
 performing expansion, best =    2.0986260364041802E-003
 performing expansion, best =    2.0984409530807641E-003
 performing expansion, best =    2.0979741989318196E-003
 performing expansion, best =    2.0973004438640487E-003
 performing expansion, best =    2.0971463859967140E-003
 performing expansion, best =    2.0966829810578382E-003
 performing expansion, best =    2.0965155259803016E-003
 performing expansion, best =    2.0960969171452772E-003
 performing expansion, best =    2.0959011287711507E-003
 performing expansion, best =    2.0954476141765285E-003
 performing expansion, best =    2.0952514753354678E-003
 performing expansion, best =    2.0950699650662931E-003
 performing expansion, best =    2.0946742713181719E-003
 performing expansion, best =    2.0945929216129771E-003
 performing expansion, best =    2.0943464113150748E-003
 performing expansion, best =    2.0939099497349245E-003
 performing expansion, best =    2.0937536663836898E-003
 performing expansion, best =    2.0936443793064716E-003
 performing expansion, best =    2.0934638054722699E-003
 performing expansion, best =    2.0928183447896597E-003
 performing expansion, best =    2.0927471022287470E-003
 performing expansion, best =    2.0926199978187152E-003
 performing expansion, best =    2.0925746852833876E-003
 performing expansion, best =    2.0923319816797173E-003
 performing expansion, best =    2.0922302166685941E-003
 performing expansion, best =    2.0920563862965140E-003
 performing expansion, best =    2.0920394158641014E-003
 performing expansion, best =    2.0915734153276340E-003
 performing expansion, best =    2.0915512972906180E-003
 performing expansion, best =    2.0915440633674075E-003
 performing expansion, best =    2.0907946012978904E-003
 performing expansion, best =    2.0907806071464694E-003
 performing expansion, best =    2.0907217672106516E-003
 performing expansion, best =    2.0905849875407622E-003
 performing expansion, best =    2.0905785795062876E-003
 performing expansion, best =    2.0904847310753388E-003
 performing expansion, best =    2.0903080369388590E-003
 performing expansion, best =    2.0902344916224561E-003
 performing expansion, best =    2.0902057989964193E-003
 performing expansion, best =    2.0900914462548439E-003
 performing expansion, best =    2.0900153772710705E-003
 performing expansion, best =    2.0900030087897979E-003
 performing expansion, best =    2.0895905833410939E-003
 performing expansion, best =    2.0895363505332052E-003
 performing expansion, best =    2.0895303133048591E-003
 performing expansion, best =    2.0894031699416008E-003
 performing expansion, best =    2.0891844307469928E-003
 performing expansion, best =    2.0891839754865163E-003
 performing expansion, best =    2.0890569235127920E-003
 performing expansion, best =    2.0889280102095787E-003
 performing expansion, best =    2.0886910303469413E-003
 performing expansion, best =    2.0886336107384836E-003
 performing expansion, best =    2.0882332136579712E-003
 performing expansion, best =    2.0879290654728126E-003
 performing expansion, best =    2.0873197256148076E-003
 performing expansion, best =    2.0868305903286757E-003
 performing expansion, best =    2.0865070426027438E-003
 performing expansion, best =    2.0864264524581943E-003
 performing expansion, best =    2.0863852222420265E-003
 performing expansion, best =    2.0860439814733805E-003
 performing expansion, best =    2.0858417822629100E-003
 performing expansion, best =    2.0858168323294331E-003
 performing expansion, best =    2.0857521686614760E-003
 performing expansion, best =    2.0857437295060733E-003
 performing expansion, best =    2.0854583456329434E-003
 performing expansion, best =    2.0854533898418460E-003
 performing expansion, best =    2.0851369357251137E-003
 performing expansion, best =    2.0851003622937405E-003
 performing expansion, best =    2.0850879976983916E-003
 performing expansion, best =    2.0849079670961037E-003
 performing expansion, best =    2.0846395268959272E-003
 performing expansion, best =    2.0844945099246278E-003
 performing expansion, best =    2.0842327996610354E-003
 performing expansion, best =    2.0841555328947438E-003
 performing expansion, best =    2.0841311893772152E-003
 performing expansion, best =    2.0841237583691524E-003
 performing expansion, best =    2.0839850537529938E-003
 performing expansion, best =    2.0839436668095472E-003
 performing expansion, best =    2.0839006563061185E-003
 performing expansion, best =    2.0837946673113407E-003
 performing expansion, best =    2.0837931558221317E-003
 performing expansion, best =    2.0835523422787945E-003
 performing expansion, best =    2.0834330841665387E-003
 performing expansion, best =    2.0834288262853492E-003
 performing expansion, best =    2.0833162088998024E-003
 performing expansion, best =    2.0832837294396003E-003
 performing expansion, best =    2.0831717698978612E-003
 performing expansion, best =    2.0831518393801571E-003
 performing expansion, best =    2.0829968885656388E-003
 performing expansion, best =    2.0826837847685953E-003
 performing expansion, best =    2.0824166654546316E-003
 performing expansion, best =    2.0823732092855683E-003
 performing expansion, best =    2.0823365610177199E-003
 performing expansion, best =    2.0821597180705142E-003
 performing expansion, best =    2.0821093471205306E-003
 performing expansion, best =    2.0820818222379292E-003
 performing expansion, best =    2.0819103462742482E-003
 performing expansion, best =    2.0817378714079867E-003
 performing expansion, best =    2.0815035155939566E-003
 performing expansion, best =    2.0813199840239273E-003
 performing expansion, best =    2.0810730884530072E-003
 performing expansion, best =    2.0807838714904047E-003
 performing expansion, best =    2.0805006501437360E-003
 performing expansion, best =    2.0803946560979223E-003
 performing expansion, best =    2.0801303200856879E-003
 performing expansion, best =    2.0799384474482667E-003
 performing expansion, best =    2.0796650907174089E-003
 performing expansion, best =    2.0794325765170901E-003
 performing expansion, best =    2.0792093367511611E-003
 performing expansion, best =    2.0790579269154468E-003
 performing expansion, best =    2.0787789099383355E-003
 performing expansion, best =    2.0786962330559778E-003
 performing expansion, best =    2.0786074346633987E-003
 performing expansion, best =    2.0785131897439707E-003
 performing expansion, best =    2.0783459371560577E-003
 performing expansion, best =    2.0780703903389287E-003
 performing expansion, best =    2.0779069009562029E-003
 performing expansion, best =    2.0778033815222921E-003
 performing expansion, best =    2.0777016643229169E-003
 performing expansion, best =    2.0775099297463085E-003
 performing expansion, best =    2.0774954025786895E-003
 performing expansion, best =    2.0773745991057900E-003
 performing expansion, best =    2.0772690966450965E-003
 performing expansion, best =    2.0772336506152838E-003
 performing expansion, best =    2.0771077265965884E-003
 performing expansion, best =    2.0769452313426189E-003
 performing expansion, best =    2.0768080013790985E-003
 performing expansion, best =    2.0767665835183090E-003
 performing expansion, best =    2.0766993839061534E-003
 performing expansion, best =    2.0766857434207026E-003
 performing expansion, best =    2.0765876982751100E-003
 performing expansion, best =    2.0764587696339787E-003
 performing expansion, best =    2.0763813743766685E-003
 performing expansion, best =    2.0763093732349656E-003
 performing expansion, best =    2.0762321385874192E-003
 performing expansion, best =    2.0761284412670090E-003
 performing expansion, best =    2.0760298304234718E-003
 performing expansion, best =    2.0759107751106643E-003
 performing expansion, best =    2.0757556438228374E-003
 performing expansion, best =    2.0757449166971882E-003
 performing expansion, best =    2.0755974366671614E-003
 performing expansion, best =    2.0754797470871819E-003
 performing expansion, best =    2.0753720084946930E-003
 performing expansion, best =    2.0753242230763581E-003
 performing expansion, best =    2.0752935827780569E-003
 performing expansion, best =    2.0752756882862406E-003
 performing expansion, best =    2.0751276471135190E-003
 performing expansion, best =    2.0750263471980899E-003
 performing expansion, best =    2.0750082242105600E-003
 performing expansion, best =    2.0749300983177624E-003
 performing expansion, best =    2.0747233088212703E-003
 performing expansion, best =    2.0746505499204173E-003
 performing expansion, best =    2.0745968868516942E-003
 performing expansion, best =    2.0745895746200164E-003
 performing expansion, best =    2.0744157540505044E-003
 performing expansion, best =    2.0741477664177966E-003
 performing expansion, best =    2.0739185299139271E-003
 performing expansion, best =    2.0736569682763134E-003
 performing expansion, best =    2.0735836922176191E-003
 performing expansion, best =    2.0734075736817017E-003
 performing expansion, best =    2.0731109457260517E-003
 performing expansion, best =    2.0729197897841026E-003
 performing expansion, best =    2.0727250845066054E-003
 performing expansion, best =    2.0725504459816347E-003
 performing expansion, best =    2.0721586601960113E-003
 performing expansion, best =    2.0721515776683684E-003
 performing expansion, best =    2.0721410160849038E-003
 performing expansion, best =    2.0720148098868035E-003
 performing expansion, best =    2.0717014652165437E-003
 performing expansion, best =    2.0715464907304065E-003
 performing expansion, best =    2.0715032787090790E-003
 performing expansion, best =    2.0714106804902289E-003
 performing expansion, best =    2.0712033490000391E-003
 performing expansion, best =    2.0710753229776675E-003
 performing expansion, best =    2.0710374338546197E-003
 performing expansion, best =    2.0708966424854659E-003
 performing expansion, best =    2.0708803436977870E-003
 performing expansion, best =    2.0707826275760300E-003
 performing expansion, best =    2.0705027400315075E-003
 performing expansion, best =    2.0704277633995399E-003
 performing expansion, best =    2.0701597547739562E-003
 performing expansion, best =    2.0698865555944601E-003
 performing expansion, best =    2.0697291265320212E-003
 performing expansion, best =    2.0696951745775172E-003
 performing expansion, best =    2.0695267719214997E-003
 performing expansion, best =    2.0695131379345750E-003
 performing expansion, best =    2.0693756048467443E-003
 performing expansion, best =    2.0693289604080231E-003
 performing expansion, best =    2.0690337890256808E-003
 performing expansion, best =    2.0690283665371393E-003
 performing expansion, best =    2.0688788762303037E-003
 performing expansion, best =    2.0688206541118921E-003
Exiting simplex optimization after 10001 iterations
Solution after  refinement:      2.0685716727E-03
RMSE         2.068571673E-03 Hartree
NEW BEST!

Starting fitting procedure for 24 charges, trial 2
gen      0/48000      elitist  2.1029949E-02 feasible? F
gen    100/48000      elitist  2.1843145E-02 feasible? T
gen    200/48000      elitist  2.1843145E-02 feasible? T
gen    300/48000      elitist  2.1843145E-02 feasible? T
gen    400/48000      elitist  2.1843145E-02 feasible? T
gen    500/48000      elitist  2.1843145E-02 feasible? T
gen    600/48000      elitist  2.1843145E-02 feasible? T
gen    700/48000      elitist  2.1843145E-02 feasible? T
gen    800/48000      elitist  2.1843145E-02 feasible? T
gen    900/48000      elitist  2.1843145E-02 feasible? T
gen   1000/48000      elitist  2.1843145E-02 feasible? T
gen   1100/48000      elitist  2.1843145E-02 feasible? T
gen   1200/48000      elitist  2.1843145E-02 feasible? T
gen   1300/48000      elitist  2.1843145E-02 feasible? T
gen   1400/48000      elitist  2.1843145E-02 feasible? T
gen   1500/48000      elitist  2.1843145E-02 feasible? T
gen   1600/48000      elitist  2.1843145E-02 feasible? T
gen   1700/48000      elitist  2.1843145E-02 feasible? T
gen   1800/48000      elitist  2.1843145E-02 feasible? T
gen   1900/48000      elitist  2.1843145E-02 feasible? T
gen   2000/48000      elitist  2.1843145E-02 feasible? T
gen   2100/48000      elitist  2.1843145E-02 feasible? T
gen   2200/48000      elitist  2.1843145E-02 feasible? T
gen   2300/48000      elitist  2.1843145E-02 feasible? T
gen   2400/48000      elitist  2.1843145E-02 feasible? T
gen   2500/48000      elitist  2.1843145E-02 feasible? T
gen   2600/48000      elitist  2.1843145E-02 feasible? T
gen   2700/48000      elitist  2.1843145E-02 feasible? T
gen   2800/48000      elitist  2.1843145E-02 feasible? T
gen   2900/48000      elitist  2.1843145E-02 feasible? T
gen   3000/48000      elitist  2.1843145E-02 feasible? T
gen   3100/48000      elitist  2.1843145E-02 feasible? T
gen   3200/48000      elitist  2.1843145E-02 feasible? T
gen   3300/48000      elitist  2.1843145E-02 feasible? T
gen   3400/48000      elitist  2.1843145E-02 feasible? T
gen   3500/48000      elitist  2.1843145E-02 feasible? T
gen   3600/48000      elitist  2.1843145E-02 feasible? T
gen   3700/48000      elitist  2.1843145E-02 feasible? T
gen   3800/48000      elitist  2.1843145E-02 feasible? T
gen   3900/48000      elitist  2.1843145E-02 feasible? T
gen   4000/48000      elitist  2.1843145E-02 feasible? T
gen   4100/48000      elitist  2.1843145E-02 feasible? T
gen   4200/48000      elitist  2.1843145E-02 feasible? T
gen   4300/48000      elitist  2.1843145E-02 feasible? T
gen   4400/48000      elitist  2.1843145E-02 feasible? T
gen   4500/48000      elitist  2.1843145E-02 feasible? T
gen   4600/48000      elitist  2.1843145E-02 feasible? T
gen   4700/48000      elitist  2.1843145E-02 feasible? T
gen   4800/48000      elitist  2.1843145E-02 feasible? T
gen   4900/48000      elitist  2.1843145E-02 feasible? T
gen   5000/48000      elitist  2.1843145E-02 feasible? T
gen   5100/48000      elitist  2.1843145E-02 feasible? T
gen   5200/48000      elitist  2.1843145E-02 feasible? T
gen   5300/48000      elitist  2.1843145E-02 feasible? T
gen   5400/48000      elitist  2.1843145E-02 feasible? T
gen   5500/48000      elitist  2.1843145E-02 feasible? T
gen   5600/48000      elitist  2.1843145E-02 feasible? T
gen   5700/48000      elitist  2.1843145E-02 feasible? T
gen   5800/48000      elitist  2.1843145E-02 feasible? T
gen   5900/48000      elitist  2.1843145E-02 feasible? T
gen   6000/48000      elitist  2.1843145E-02 feasible? T
gen   6100/48000      elitist  2.1843145E-02 feasible? T
gen   6200/48000      elitist  2.1843145E-02 feasible? T
gen   6300/48000      elitist  2.1843145E-02 feasible? T
gen   6400/48000      elitist  2.1843145E-02 feasible? T
gen   6500/48000      elitist  2.1843145E-02 feasible? T
gen   6600/48000      elitist  2.1843145E-02 feasible? T
gen   6700/48000      elitist  2.1843145E-02 feasible? T
gen   6800/48000      elitist  2.1843145E-02 feasible? T
gen   6900/48000      elitist  2.1843145E-02 feasible? T
gen   7000/48000      elitist  2.1843145E-02 feasible? T
gen   7100/48000      elitist  2.1843145E-02 feasible? T
gen   7200/48000      elitist  2.1843145E-02 feasible? T
gen   7300/48000      elitist  2.1843145E-02 feasible? T
gen   7400/48000      elitist  2.1843145E-02 feasible? T
gen   7500/48000      elitist  2.1843145E-02 feasible? T
gen   7600/48000      elitist  2.1843145E-02 feasible? T
gen   7700/48000      elitist  2.1843145E-02 feasible? T
gen   7800/48000      elitist  2.1843145E-02 feasible? T
gen   7900/48000      elitist  2.1843145E-02 feasible? T
gen   8000/48000      elitist  2.1843145E-02 feasible? T
gen   8100/48000      elitist  2.1843145E-02 feasible? T
gen   8200/48000      elitist  2.1843145E-02 feasible? T
gen   8300/48000      elitist  2.1843145E-02 feasible? T
gen   8400/48000      elitist  2.1843145E-02 feasible? T
gen   8500/48000      elitist  2.1843145E-02 feasible? T
gen   8600/48000      elitist  2.1843145E-02 feasible? T
gen   8700/48000      elitist  2.1843145E-02 feasible? T
gen   8800/48000      elitist  2.1843145E-02 feasible? T
gen   8900/48000      elitist  2.1843145E-02 feasible? T
gen   9000/48000      elitist  2.1843145E-02 feasible? T
gen   9100/48000      elitist  2.1843145E-02 feasible? T
gen   9200/48000      elitist  2.1843145E-02 feasible? T
gen   9300/48000      elitist  2.1843145E-02 feasible? T
gen   9400/48000      elitist  2.1843145E-02 feasible? T
gen   9500/48000      elitist  2.1843145E-02 feasible? T
gen   9600/48000      elitist  2.1843145E-02 feasible? T
gen   9700/48000      elitist  2.1843145E-02 feasible? T
gen   9800/48000      elitist  2.1843145E-02 feasible? T
gen   9900/48000      elitist  2.1843145E-02 feasible? T
gen  10000/48000      elitist  2.1843145E-02 feasible? T
gen  10100/48000      elitist  2.1843145E-02 feasible? T
gen  10200/48000      elitist  2.1843145E-02 feasible? T
gen  10300/48000      elitist  2.1843145E-02 feasible? T
gen  10400/48000      elitist  2.1843145E-02 feasible? T
gen  10500/48000      elitist  2.1843145E-02 feasible? T
gen  10600/48000      elitist  2.1843145E-02 feasible? T
gen  10700/48000      elitist  2.1843145E-02 feasible? T
gen  10800/48000      elitist  2.1843145E-02 feasible? T
gen  10900/48000      elitist  2.1843145E-02 feasible? T
gen  11000/48000      elitist  2.1843145E-02 feasible? T
gen  11100/48000      elitist  2.1843145E-02 feasible? T
gen  11200/48000      elitist  2.1843145E-02 feasible? T
gen  11300/48000      elitist  2.1843145E-02 feasible? T
gen  11400/48000      elitist  2.1843145E-02 feasible? T
gen  11500/48000      elitist  2.1843145E-02 feasible? T
gen  11600/48000      elitist  2.1843145E-02 feasible? T
gen  11700/48000      elitist  2.1843145E-02 feasible? T
gen  11800/48000      elitist  2.1843145E-02 feasible? T
gen  11900/48000      elitist  2.1843145E-02 feasible? T
gen  12000/48000      elitist  2.1843145E-02 feasible? T
gen  12100/48000      elitist  2.1843145E-02 feasible? T
gen  12200/48000      elitist  2.1843145E-02 feasible? T
gen  12300/48000      elitist  2.1843145E-02 feasible? T
gen  12400/48000      elitist  2.1843145E-02 feasible? T
gen  12500/48000      elitist  2.1843145E-02 feasible? T
gen  12600/48000      elitist  2.1843145E-02 feasible? T
gen  12700/48000      elitist  2.1843145E-02 feasible? T
gen  12800/48000      elitist  2.1843145E-02 feasible? T
gen  12900/48000      elitist  2.1843145E-02 feasible? T
gen  13000/48000      elitist  2.1843145E-02 feasible? T
gen  13100/48000      elitist  2.1843145E-02 feasible? T
gen  13200/48000      elitist  2.1843145E-02 feasible? T
gen  13300/48000      elitist  2.1843145E-02 feasible? T
gen  13400/48000      elitist  2.1843145E-02 feasible? T
gen  13500/48000      elitist  2.1843145E-02 feasible? T
gen  13600/48000      elitist  2.1843145E-02 feasible? T
gen  13700/48000      elitist  2.1843145E-02 feasible? T
gen  13800/48000      elitist  2.1843145E-02 feasible? T
gen  13900/48000      elitist  2.1843145E-02 feasible? T
gen  14000/48000      elitist  2.1843145E-02 feasible? T
gen  14100/48000      elitist  2.1843145E-02 feasible? T
gen  14200/48000      elitist  2.1843145E-02 feasible? T
gen  14300/48000      elitist  2.1843145E-02 feasible? T
gen  14400/48000      elitist  2.1843145E-02 feasible? T
gen  14500/48000      elitist  2.1843145E-02 feasible? T
gen  14600/48000      elitist  2.1843145E-02 feasible? T
gen  14700/48000      elitist  2.1843145E-02 feasible? T
gen  14800/48000      elitist  2.1843145E-02 feasible? T
gen  14900/48000      elitist  2.1843145E-02 feasible? T
gen  15000/48000      elitist  2.1843145E-02 feasible? T
gen  15100/48000      elitist  2.1843145E-02 feasible? T
gen  15200/48000      elitist  2.1843145E-02 feasible? T
gen  15300/48000      elitist  2.1843145E-02 feasible? T
gen  15400/48000      elitist  2.1843145E-02 feasible? T
gen  15500/48000      elitist  2.1843145E-02 feasible? T
gen  15600/48000      elitist  2.1843145E-02 feasible? T
gen  15700/48000      elitist  2.1843145E-02 feasible? T
gen  15800/48000      elitist  2.1843145E-02 feasible? T
gen  15900/48000      elitist  2.1843145E-02 feasible? T
gen  16000/48000      elitist  2.1843145E-02 feasible? T
gen  16100/48000      elitist  2.1843145E-02 feasible? T
gen  16200/48000      elitist  2.1843145E-02 feasible? T
gen  16300/48000      elitist  2.1843145E-02 feasible? T
gen  16400/48000      elitist  2.1843145E-02 feasible? T
gen  16500/48000      elitist  2.1843145E-02 feasible? T
gen  16600/48000      elitist  2.1843145E-02 feasible? T
gen  16700/48000      elitist  2.1843145E-02 feasible? T
gen  16800/48000      elitist  2.1843145E-02 feasible? T
gen  16900/48000      elitist  2.1843145E-02 feasible? T
gen  17000/48000      elitist  2.1843145E-02 feasible? T
gen  17100/48000      elitist  2.1843145E-02 feasible? T
gen  17200/48000      elitist  2.1843145E-02 feasible? T
gen  17300/48000      elitist  2.1843145E-02 feasible? T
gen  17400/48000      elitist  2.1843145E-02 feasible? T
gen  17500/48000      elitist  2.1843145E-02 feasible? T
gen  17600/48000      elitist  2.1843145E-02 feasible? T
gen  17700/48000      elitist  2.1843145E-02 feasible? T
gen  17800/48000      elitist  2.1843145E-02 feasible? T
gen  17900/48000      elitist  2.1843145E-02 feasible? T
gen  18000/48000      elitist  2.1843145E-02 feasible? T
gen  18100/48000      elitist  2.1843145E-02 feasible? T
gen  18200/48000      elitist  2.1843145E-02 feasible? T
gen  18300/48000      elitist  2.1843145E-02 feasible? T
gen  18400/48000      elitist  2.1843145E-02 feasible? T
gen  18500/48000      elitist  2.1843145E-02 feasible? T
gen  18600/48000      elitist  2.1843145E-02 feasible? T
gen  18700/48000      elitist  2.1843145E-02 feasible? T
gen  18800/48000      elitist  2.1843145E-02 feasible? T
gen  18900/48000      elitist  2.1843145E-02 feasible? T
gen  19000/48000      elitist  2.1843145E-02 feasible? T
gen  19100/48000      elitist  2.1843145E-02 feasible? T
gen  19200/48000      elitist  2.1843145E-02 feasible? T
gen  19300/48000      elitist  2.1843145E-02 feasible? T
gen  19400/48000      elitist  2.1843145E-02 feasible? T
gen  19500/48000      elitist  2.1843145E-02 feasible? T
gen  19600/48000      elitist  2.1843145E-02 feasible? T
gen  19700/48000      elitist  2.1843145E-02 feasible? T
gen  19800/48000      elitist  2.1843145E-02 feasible? T
gen  19900/48000      elitist  2.1843145E-02 feasible? T
gen  20000/48000      elitist  2.1843145E-02 feasible? T
gen  20100/48000      elitist  2.1843145E-02 feasible? T
gen  20200/48000      elitist  2.1843145E-02 feasible? T
gen  20300/48000      elitist  2.1843145E-02 feasible? T
gen  20400/48000      elitist  2.1843145E-02 feasible? T
gen  20500/48000      elitist  2.1843145E-02 feasible? T
gen  20600/48000      elitist  2.1843145E-02 feasible? T
gen  20700/48000      elitist  2.1843145E-02 feasible? T
gen  20800/48000      elitist  2.1843145E-02 feasible? T
gen  20900/48000      elitist  2.1843145E-02 feasible? T
gen  21000/48000      elitist  2.1843145E-02 feasible? T
gen  21100/48000      elitist  2.1843145E-02 feasible? T
gen  21200/48000      elitist  2.1843145E-02 feasible? T
gen  21300/48000      elitist  2.1843145E-02 feasible? T
gen  21400/48000      elitist  2.1843145E-02 feasible? T
gen  21500/48000      elitist  2.1843145E-02 feasible? T
gen  21600/48000      elitist  2.1843145E-02 feasible? T
gen  21700/48000      elitist  2.1843145E-02 feasible? T
gen  21800/48000      elitist  2.1843145E-02 feasible? T
gen  21900/48000      elitist  2.1843145E-02 feasible? T
gen  22000/48000      elitist  2.1843145E-02 feasible? T
gen  22100/48000      elitist  2.1843145E-02 feasible? T
gen  22200/48000      elitist  2.1843145E-02 feasible? T
gen  22300/48000      elitist  2.1843145E-02 feasible? T
gen  22400/48000      elitist  2.1843145E-02 feasible? T
gen  22500/48000      elitist  2.1843145E-02 feasible? T
gen  22600/48000      elitist  2.1843145E-02 feasible? T
gen  22700/48000      elitist  2.1843145E-02 feasible? T
gen  22800/48000      elitist  2.1843145E-02 feasible? T
gen  22900/48000      elitist  2.1843145E-02 feasible? T
gen  23000/48000      elitist  2.1843145E-02 feasible? T
gen  23100/48000      elitist  2.1843145E-02 feasible? T
gen  23200/48000      elitist  2.1843145E-02 feasible? T
gen  23300/48000      elitist  2.1843145E-02 feasible? T
gen  23400/48000      elitist  2.1843145E-02 feasible? T
gen  23500/48000      elitist  2.1843145E-02 feasible? T
gen  23600/48000      elitist  2.1843145E-02 feasible? T
gen  23700/48000      elitist  2.1843145E-02 feasible? T
gen  23800/48000      elitist  2.1843145E-02 feasible? T
gen  23900/48000      elitist  2.1843145E-02 feasible? T
gen  24000/48000      elitist  2.1843145E-02 feasible? T
gen  24100/48000      elitist  2.1843145E-02 feasible? T
gen  24200/48000      elitist  2.1843145E-02 feasible? T
gen  24300/48000      elitist  2.1843145E-02 feasible? T
gen  24400/48000      elitist  2.1843145E-02 feasible? T
gen  24500/48000      elitist  2.1843145E-02 feasible? T
gen  24600/48000      elitist  2.1843145E-02 feasible? T
gen  24700/48000      elitist  2.1843145E-02 feasible? T
gen  24800/48000      elitist  2.1843145E-02 feasible? T
gen  24900/48000      elitist  2.1843145E-02 feasible? T
gen  25000/48000      elitist  2.1843145E-02 feasible? T
gen  25100/48000      elitist  2.1843145E-02 feasible? T
gen  25200/48000      elitist  2.1843145E-02 feasible? T
gen  25300/48000      elitist  2.1843145E-02 feasible? T
gen  25400/48000      elitist  2.1843145E-02 feasible? T
gen  25500/48000      elitist  2.1843145E-02 feasible? T
gen  25600/48000      elitist  2.1843145E-02 feasible? T
gen  25700/48000      elitist  2.1843145E-02 feasible? T
gen  25800/48000      elitist  2.1843145E-02 feasible? T
gen  25900/48000      elitist  2.1843145E-02 feasible? T
gen  26000/48000      elitist  2.1843145E-02 feasible? T
gen  26100/48000      elitist  2.1843145E-02 feasible? T
gen  26200/48000      elitist  2.1843145E-02 feasible? T
gen  26300/48000      elitist  2.1843145E-02 feasible? T
gen  26400/48000      elitist  2.1843145E-02 feasible? T
gen  26500/48000      elitist  2.1843145E-02 feasible? T
gen  26600/48000      elitist  2.1843145E-02 feasible? T
gen  26700/48000      elitist  2.1843145E-02 feasible? T
gen  26800/48000      elitist  2.1843145E-02 feasible? T
gen  26900/48000      elitist  2.1843145E-02 feasible? T
gen  27000/48000      elitist  2.1843145E-02 feasible? T
gen  27100/48000      elitist  2.1843145E-02 feasible? T
gen  27200/48000      elitist  2.1843145E-02 feasible? T
gen  27300/48000      elitist  2.1843145E-02 feasible? T
gen  27400/48000      elitist  2.1843145E-02 feasible? T
gen  27500/48000      elitist  2.1843145E-02 feasible? T
gen  27600/48000      elitist  2.1843145E-02 feasible? T
gen  27700/48000      elitist  2.1843145E-02 feasible? T
gen  27800/48000      elitist  2.1843145E-02 feasible? T
gen  27900/48000      elitist  2.1843145E-02 feasible? T
gen  28000/48000      elitist  2.1843145E-02 feasible? T
gen  28100/48000      elitist  2.1843145E-02 feasible? T
gen  28200/48000      elitist  2.1843145E-02 feasible? T
gen  28300/48000      elitist  2.1843145E-02 feasible? T
gen  28400/48000      elitist  2.1843145E-02 feasible? T
gen  28500/48000      elitist  2.1843145E-02 feasible? T
gen  28600/48000      elitist  2.1843145E-02 feasible? T
gen  28700/48000      elitist  2.1843145E-02 feasible? T
gen  28800/48000      elitist  2.1843145E-02 feasible? T
gen  28900/48000      elitist  2.1843145E-02 feasible? T
gen  29000/48000      elitist  2.1843145E-02 feasible? T
gen  29100/48000      elitist  2.1843145E-02 feasible? T
gen  29200/48000      elitist  2.1843145E-02 feasible? T
gen  29300/48000      elitist  2.1843145E-02 feasible? T
gen  29400/48000      elitist  2.1843145E-02 feasible? T
gen  29500/48000      elitist  2.1843145E-02 feasible? T
gen  29600/48000      elitist  2.1843145E-02 feasible? T
gen  29700/48000      elitist  2.1843145E-02 feasible? T
gen  29800/48000      elitist  2.1843145E-02 feasible? T
gen  29900/48000      elitist  2.1843145E-02 feasible? T
gen  30000/48000      elitist  2.1843145E-02 feasible? T
gen  30100/48000      elitist  2.1843145E-02 feasible? T
gen  30200/48000      elitist  2.1843145E-02 feasible? T
gen  30300/48000      elitist  2.1843145E-02 feasible? T
gen  30400/48000      elitist  2.1843145E-02 feasible? T
gen  30500/48000      elitist  2.1843145E-02 feasible? T
gen  30600/48000      elitist  2.1843145E-02 feasible? T
gen  30700/48000      elitist  2.1843145E-02 feasible? T
gen  30800/48000      elitist  2.1843145E-02 feasible? T
gen  30900/48000      elitist  2.1843145E-02 feasible? T
gen  31000/48000      elitist  2.1843145E-02 feasible? T
gen  31100/48000      elitist  2.1843145E-02 feasible? T
gen  31200/48000      elitist  2.1843145E-02 feasible? T
gen  31300/48000      elitist  2.1843145E-02 feasible? T
gen  31400/48000      elitist  2.1843145E-02 feasible? T
gen  31500/48000      elitist  2.1843145E-02 feasible? T
gen  31600/48000      elitist  2.1843145E-02 feasible? T
gen  31700/48000      elitist  2.1843145E-02 feasible? T
gen  31800/48000      elitist  2.1843145E-02 feasible? T
gen  31900/48000      elitist  2.1843145E-02 feasible? T
gen  32000/48000      elitist  2.1843145E-02 feasible? T
gen  32100/48000      elitist  2.1843145E-02 feasible? T
gen  32200/48000      elitist  2.1843145E-02 feasible? T
gen  32300/48000      elitist  2.1843145E-02 feasible? T
gen  32400/48000      elitist  2.1843145E-02 feasible? T
gen  32500/48000      elitist  2.1843145E-02 feasible? T
gen  32600/48000      elitist  2.1843145E-02 feasible? T
gen  32700/48000      elitist  2.1843145E-02 feasible? T
gen  32800/48000      elitist  2.1843145E-02 feasible? T
gen  32900/48000      elitist  2.1843145E-02 feasible? T
gen  33000/48000      elitist  2.1843145E-02 feasible? T
gen  33100/48000      elitist  2.1843145E-02 feasible? T
gen  33200/48000      elitist  2.1843145E-02 feasible? T
gen  33300/48000      elitist  2.1843145E-02 feasible? T
gen  33400/48000      elitist  2.1843145E-02 feasible? T
gen  33500/48000      elitist  2.1843145E-02 feasible? T
gen  33600/48000      elitist  2.1843145E-02 feasible? T
gen  33700/48000      elitist  2.1843145E-02 feasible? T
gen  33800/48000      elitist  2.1843145E-02 feasible? T
gen  33900/48000      elitist  2.1843145E-02 feasible? T
gen  34000/48000      elitist  2.1843145E-02 feasible? T
gen  34100/48000      elitist  2.1843145E-02 feasible? T
gen  34200/48000      elitist  2.1843145E-02 feasible? T
gen  34300/48000      elitist  2.1843145E-02 feasible? T
gen  34400/48000      elitist  2.1843145E-02 feasible? T
gen  34500/48000      elitist  2.1843145E-02 feasible? T
gen  34600/48000      elitist  2.1843145E-02 feasible? T
gen  34700/48000      elitist  2.1843145E-02 feasible? T
gen  34800/48000      elitist  2.1843145E-02 feasible? T
gen  34900/48000      elitist  2.1843145E-02 feasible? T
gen  35000/48000      elitist  2.1843145E-02 feasible? T
gen  35100/48000      elitist  2.1843145E-02 feasible? T
gen  35200/48000      elitist  2.1843145E-02 feasible? T
gen  35300/48000      elitist  2.1843145E-02 feasible? T
gen  35400/48000      elitist  2.1843145E-02 feasible? T
gen  35500/48000      elitist  2.1843145E-02 feasible? T
gen  35600/48000      elitist  2.1843145E-02 feasible? T
gen  35700/48000      elitist  2.1843145E-02 feasible? T
gen  35800/48000      elitist  2.1843145E-02 feasible? T
gen  35900/48000      elitist  2.1843145E-02 feasible? T
gen  36000/48000      elitist  2.1843145E-02 feasible? T
gen  36100/48000      elitist  2.1843145E-02 feasible? T
gen  36200/48000      elitist  2.1843145E-02 feasible? T
gen  36300/48000      elitist  2.1843145E-02 feasible? T
gen  36400/48000      elitist  2.1843145E-02 feasible? T
gen  36500/48000      elitist  2.1843145E-02 feasible? T
gen  36600/48000      elitist  2.1843145E-02 feasible? T
gen  36700/48000      elitist  2.1843145E-02 feasible? T
gen  36800/48000      elitist  2.1843145E-02 feasible? T
gen  36900/48000      elitist  2.1843145E-02 feasible? T
gen  37000/48000      elitist  2.1843145E-02 feasible? T
gen  37100/48000      elitist  2.1843145E-02 feasible? T
gen  37200/48000      elitist  2.1843145E-02 feasible? T
gen  37300/48000      elitist  2.1843145E-02 feasible? T
gen  37400/48000      elitist  2.1843145E-02 feasible? T
gen  37500/48000      elitist  2.1843145E-02 feasible? T
gen  37600/48000      elitist  2.1843145E-02 feasible? T
gen  37700/48000      elitist  2.1843145E-02 feasible? T
gen  37800/48000      elitist  2.1843145E-02 feasible? T
gen  37900/48000      elitist  2.1843145E-02 feasible? T
gen  38000/48000      elitist  2.1843145E-02 feasible? T
gen  38100/48000      elitist  2.1843145E-02 feasible? T
gen  38200/48000      elitist  2.1843145E-02 feasible? T
gen  38300/48000      elitist  2.1843145E-02 feasible? T
gen  38400/48000      elitist  2.1843145E-02 feasible? T
gen  38500/48000      elitist  2.1843145E-02 feasible? T
gen  38600/48000      elitist  2.1843145E-02 feasible? T
gen  38700/48000      elitist  2.1843145E-02 feasible? T
gen  38800/48000      elitist  2.1843145E-02 feasible? T
gen  38900/48000      elitist  2.1843145E-02 feasible? T
gen  39000/48000      elitist  2.1843145E-02 feasible? T
gen  39100/48000      elitist  2.1843145E-02 feasible? T
gen  39200/48000      elitist  2.1843145E-02 feasible? T
gen  39300/48000      elitist  2.1843145E-02 feasible? T
gen  39400/48000      elitist  2.1843145E-02 feasible? T
gen  39500/48000      elitist  2.1843145E-02 feasible? T
gen  39600/48000      elitist  2.1843145E-02 feasible? T
gen  39700/48000      elitist  2.1843145E-02 feasible? T
gen  39800/48000      elitist  2.1843145E-02 feasible? T
gen  39900/48000      elitist  2.1843145E-02 feasible? T
gen  40000/48000      elitist  2.1843145E-02 feasible? T
gen  40100/48000      elitist  2.1843145E-02 feasible? T
gen  40200/48000      elitist  2.1843145E-02 feasible? T
gen  40300/48000      elitist  2.1843145E-02 feasible? T
gen  40400/48000      elitist  2.1843145E-02 feasible? T
gen  40500/48000      elitist  2.1843145E-02 feasible? T
gen  40600/48000      elitist  2.1843145E-02 feasible? T
gen  40700/48000      elitist  2.1843145E-02 feasible? T
gen  40800/48000      elitist  2.1843145E-02 feasible? T
gen  40900/48000      elitist  2.1843145E-02 feasible? T
gen  41000/48000      elitist  2.1843145E-02 feasible? T
gen  41100/48000      elitist  2.1843145E-02 feasible? T
gen  41200/48000      elitist  2.1843145E-02 feasible? T
gen  41300/48000      elitist  2.1843145E-02 feasible? T
gen  41400/48000      elitist  2.1843145E-02 feasible? T
gen  41500/48000      elitist  2.1843145E-02 feasible? T
gen  41600/48000      elitist  2.1843145E-02 feasible? T
gen  41700/48000      elitist  2.1843145E-02 feasible? T
gen  41800/48000      elitist  2.1843145E-02 feasible? T
gen  41900/48000      elitist  2.1843145E-02 feasible? T
gen  42000/48000      elitist  2.1843145E-02 feasible? T
gen  42100/48000      elitist  2.1843145E-02 feasible? T
gen  42200/48000      elitist  2.1843145E-02 feasible? T
gen  42300/48000      elitist  2.1843145E-02 feasible? T
gen  42400/48000      elitist  2.1843145E-02 feasible? T
gen  42500/48000      elitist  2.1843145E-02 feasible? T
gen  42600/48000      elitist  2.1843145E-02 feasible? T
gen  42700/48000      elitist  2.1843145E-02 feasible? T
gen  42800/48000      elitist  2.1843145E-02 feasible? T
gen  42900/48000      elitist  2.1843145E-02 feasible? T
gen  43000/48000      elitist  2.1843145E-02 feasible? T
gen  43100/48000      elitist  2.1843145E-02 feasible? T
gen  43200/48000      elitist  2.1843145E-02 feasible? T
gen  43300/48000      elitist  2.1843145E-02 feasible? T
gen  43400/48000      elitist  2.1843145E-02 feasible? T
gen  43500/48000      elitist  2.1843145E-02 feasible? T
gen  43600/48000      elitist  2.1843145E-02 feasible? T
gen  43700/48000      elitist  2.1843145E-02 feasible? T
gen  43800/48000      elitist  2.1843145E-02 feasible? T
gen  43900/48000      elitist  2.1843145E-02 feasible? T
gen  44000/48000      elitist  2.1843145E-02 feasible? T
gen  44100/48000      elitist  2.1843145E-02 feasible? T
gen  44200/48000      elitist  2.1843145E-02 feasible? T
gen  44300/48000      elitist  2.1843145E-02 feasible? T
gen  44400/48000      elitist  2.1843145E-02 feasible? T
gen  44500/48000      elitist  2.1843145E-02 feasible? T
gen  44600/48000      elitist  2.1843145E-02 feasible? T
gen  44700/48000      elitist  2.1843145E-02 feasible? T
gen  44800/48000      elitist  2.1843145E-02 feasible? T
gen  44900/48000      elitist  2.1843145E-02 feasible? T
gen  45000/48000      elitist  2.1843145E-02 feasible? T
gen  45100/48000      elitist  2.1843145E-02 feasible? T
gen  45200/48000      elitist  2.1843145E-02 feasible? T
gen  45300/48000      elitist  2.1843145E-02 feasible? T
gen  45400/48000      elitist  2.1843145E-02 feasible? T
gen  45500/48000      elitist  2.1843145E-02 feasible? T
gen  45600/48000      elitist  2.1843145E-02 feasible? T
gen  45700/48000      elitist  2.1843145E-02 feasible? T
gen  45800/48000      elitist  2.1843145E-02 feasible? T
gen  45900/48000      elitist  2.1843145E-02 feasible? T
gen  46000/48000      elitist  2.1843145E-02 feasible? T
gen  46100/48000      elitist  2.1843145E-02 feasible? T
gen  46200/48000      elitist  2.1843145E-02 feasible? T
gen  46300/48000      elitist  2.1843145E-02 feasible? T
gen  46400/48000      elitist  2.1843145E-02 feasible? T
gen  46500/48000      elitist  2.1843145E-02 feasible? T
gen  46600/48000      elitist  2.1843145E-02 feasible? T
gen  46700/48000      elitist  2.1843145E-02 feasible? T
gen  46800/48000      elitist  2.1843145E-02 feasible? T
gen  46900/48000      elitist  2.1843145E-02 feasible? T
gen  47000/48000      elitist  2.1843145E-02 feasible? T
gen  47100/48000      elitist  2.1843145E-02 feasible? T
gen  47200/48000      elitist  2.1843145E-02 feasible? T
gen  47300/48000      elitist  2.1843145E-02 feasible? T
gen  47400/48000      elitist  2.1843145E-02 feasible? T
gen  47500/48000      elitist  2.1843145E-02 feasible? T
gen  47600/48000      elitist  2.1843145E-02 feasible? T
gen  47700/48000      elitist  2.1843145E-02 feasible? T
gen  47800/48000      elitist  2.1843145E-02 feasible? T
gen  47900/48000      elitist  2.1843145E-02 feasible? T
gen  48000/48000      elitist  2.1843145E-02 feasible? T
Starting local simplex optimization:
Solution before refinement:      2.1843145419E-02
 performing expansion, best =    1.3947288198156658E-002
 performing expansion, best =    1.3711237186187731E-002
 performing expansion, best =    1.3061578244733299E-002
 performing expansion, best =    1.2359775122801829E-002
 performing expansion, best =    1.2226310435256280E-002
 performing expansion, best =    1.1814117679933098E-002
 performing expansion, best =    1.1576706432136149E-002
 performing expansion, best =    1.1265142198564095E-002
 performing expansion, best =    1.0982390771723919E-002
 performing expansion, best =    1.0980333153042240E-002
 performing expansion, best =    1.0884262284471870E-002
 performing expansion, best =    1.0860210221322941E-002
 performing expansion, best =    1.0799484810353061E-002
 performing expansion, best =    1.0686424360453847E-002
 performing expansion, best =    1.0659056093898590E-002
 performing expansion, best =    1.0537586414435559E-002
 performing expansion, best =    1.0467120972618158E-002
 performing expansion, best =    1.0387684267474617E-002
 performing expansion, best =    1.0318827912096805E-002
 performing expansion, best =    1.0285328683221146E-002
 performing expansion, best =    1.0211477914523039E-002
 performing expansion, best =    1.0102767833757966E-002
 performing expansion, best =    1.0052444049054173E-002
 performing expansion, best =    1.0005816784038271E-002
 performing expansion, best =    1.0005291088970280E-002
 performing expansion, best =    9.9401634781186837E-003
 performing expansion, best =    9.8091520409339539E-003
 performing expansion, best =    9.7177223415444852E-003
 performing expansion, best =    9.4768734048216782E-003
 performing expansion, best =    9.3949292192666168E-003
 performing expansion, best =    9.3614459248412135E-003
 performing expansion, best =    9.3483884870947092E-003
 performing expansion, best =    9.2564803434175332E-003
 performing expansion, best =    9.2007176327713255E-003
 performing expansion, best =    8.8760916669359379E-003
 performing expansion, best =    8.7566625070990833E-003
 performing expansion, best =    8.6889494371968443E-003
 performing expansion, best =    8.2730267984150469E-003
 performing expansion, best =    8.2409193567600375E-003
 performing expansion, best =    8.2330294394821445E-003
 performing expansion, best =    8.1908067600783754E-003
 performing expansion, best =    7.9481299836208826E-003
 performing expansion, best =    7.5923614419195319E-003
 performing expansion, best =    7.4382847726858639E-003
 performing expansion, best =    7.1434424422706904E-003
 performing expansion, best =    7.0852519253138055E-003
 performing expansion, best =    6.7570346742682422E-003
 performing expansion, best =    6.6585061256071157E-003
 performing expansion, best =    6.6414301776543446E-003
 performing expansion, best =    6.5488038075515306E-003
 performing expansion, best =    6.4767171840555927E-003
 performing expansion, best =    6.4507376003789469E-003
 performing expansion, best =    6.3754328254807865E-003
 performing expansion, best =    6.3399633843806112E-003
 performing expansion, best =    6.3201159449893162E-003
 performing expansion, best =    6.3090710474848957E-003
 performing expansion, best =    6.3010769112372333E-003
 performing expansion, best =    6.2789377741233497E-003
 performing expansion, best =    6.2681615807019201E-003
 performing expansion, best =    6.2605205489783952E-003
 performing expansion, best =    6.2547841005924729E-003
 performing expansion, best =    6.2165898550448724E-003
 performing expansion, best =    6.2154600658689864E-003
 performing expansion, best =    6.2093403078756710E-003
 performing expansion, best =    6.2073038785694021E-003
 performing expansion, best =    6.1912760926528263E-003
 performing expansion, best =    6.1611705708967133E-003
 performing expansion, best =    6.1572368410567867E-003
 performing expansion, best =    6.1536809348343557E-003
 performing expansion, best =    6.0757243321715535E-003
 performing expansion, best =    5.9863494997425236E-003
 performing expansion, best =    5.8886229084900744E-003
 performing expansion, best =    5.7890893830356213E-003
 performing expansion, best =    5.7005400781115012E-003
 performing expansion, best =    5.6989569897367672E-003
 performing expansion, best =    5.6251227683226518E-003
 performing expansion, best =    5.5596988994055701E-003
 performing expansion, best =    5.4715675432602841E-003
 performing expansion, best =    5.3985789345101180E-003
 performing expansion, best =    5.3944569683387683E-003
 performing expansion, best =    5.3893241833734796E-003
 performing expansion, best =    5.3840299806101376E-003
 performing expansion, best =    5.3803558392589591E-003
 performing expansion, best =    5.3240875702903140E-003
 performing expansion, best =    5.3203301899987284E-003
 performing expansion, best =    5.3155691994121474E-003
 performing expansion, best =    5.3143372323576120E-003
 performing expansion, best =    5.3045959643956437E-003
 performing expansion, best =    5.2471790704037681E-003
 performing expansion, best =    5.2416281562914242E-003
 performing expansion, best =    5.1921045156122936E-003
 performing expansion, best =    5.1462063333429751E-003
 performing expansion, best =    5.1018146980129032E-003
 performing expansion, best =    5.0484736932270473E-003
 performing expansion, best =    4.9909672054215303E-003
 performing expansion, best =    4.9414026242074046E-003
 performing expansion, best =    4.8856885935868585E-003
 performing expansion, best =    4.8229641479070563E-003
 performing expansion, best =    4.7577037421706672E-003
 performing expansion, best =    4.7502332373888902E-003
 performing expansion, best =    4.6789403644286118E-003
 performing expansion, best =    4.6029434787707149E-003
 performing expansion, best =    4.5429628120024134E-003
 performing expansion, best =    4.5428463757704674E-003
 performing expansion, best =    4.5374862872781599E-003
 performing expansion, best =    4.5354680152546222E-003
 performing expansion, best =    4.5297424778033809E-003
 performing expansion, best =    4.4771649036778839E-003
 performing expansion, best =    4.4765482013968032E-003
 performing expansion, best =    4.4704570709448062E-003
 performing expansion, best =    4.4663741483373775E-003
 performing expansion, best =    4.4631019702209311E-003
 performing expansion, best =    4.4609511241133328E-003
 performing expansion, best =    4.4270381810392811E-003
 performing expansion, best =    4.4262401562510144E-003
 performing expansion, best =    4.4240924794387588E-003
 performing expansion, best =    4.3955788828313374E-003
 performing expansion, best =    4.3938973634911147E-003
 performing expansion, best =    4.3922688939552739E-003
 performing expansion, best =    4.3877361069895515E-003
 performing expansion, best =    4.3807383863071281E-003
 performing expansion, best =    4.3785298318135771E-003
 performing expansion, best =    4.3759668212705518E-003
 performing expansion, best =    4.3416463890686950E-003
 performing expansion, best =    4.3410485242798011E-003
 performing expansion, best =    4.3402845926869601E-003
 performing expansion, best =    4.3376166198148712E-003
 performing expansion, best =    4.3361731682977946E-003
 performing expansion, best =    4.3216000488349457E-003
 performing expansion, best =    4.3199117209484919E-003
 performing expansion, best =    4.3191964311938115E-003
 performing expansion, best =    4.3178527209040227E-003
 performing expansion, best =    4.3166216363635995E-003
 performing expansion, best =    4.3147312134628754E-003
 performing expansion, best =    4.3130053958179478E-003
 performing expansion, best =    4.3127505112290727E-003
 performing expansion, best =    4.3111761708818658E-003
 performing expansion, best =    4.3092096313865711E-003
 performing expansion, best =    4.2975801347236156E-003
 performing expansion, best =    4.2967027184014983E-003
 performing expansion, best =    4.2862774771635064E-003
 performing expansion, best =    4.2856151650579027E-003
 performing expansion, best =    4.2744969754273171E-003
 performing expansion, best =    4.2644877377236608E-003
 performing expansion, best =    4.2637353797011944E-003
 performing expansion, best =    4.2635066499100748E-003
 performing expansion, best =    4.2621730408814269E-003
 performing expansion, best =    4.2616321683527350E-003
 performing expansion, best =    4.2614368927231657E-003
 performing expansion, best =    4.2607469882557543E-003
 performing expansion, best =    4.2605633864564296E-003
 performing expansion, best =    4.2599513128335651E-003
 performing expansion, best =    4.2599337312866168E-003
 performing expansion, best =    4.2591840476073383E-003
 performing expansion, best =    4.2589394259422569E-003
 performing expansion, best =    4.2585052949585542E-003
 performing expansion, best =    4.2577406096194672E-003
 performing expansion, best =    4.2571847585462820E-003
 performing expansion, best =    4.2567142867696089E-003
 performing expansion, best =    4.2558845705900029E-003
 performing expansion, best =    4.2557384266609004E-003
 performing expansion, best =    4.2477290085936288E-003
 performing expansion, best =    4.2468234107785807E-003
 performing expansion, best =    4.2462025014035837E-003
 performing expansion, best =    4.2461902212700539E-003
 performing expansion, best =    4.2395241318613454E-003
 performing expansion, best =    4.2331431456496416E-003
 performing expansion, best =    4.2251583887290695E-003
 performing expansion, best =    4.2182127422591784E-003
 performing expansion, best =    4.2104982277962159E-003
 performing expansion, best =    4.2025844698700843E-003
 performing expansion, best =    4.1938463095534863E-003
 performing expansion, best =    4.1929698531512202E-003
 performing expansion, best =    4.1853973184462689E-003
 performing expansion, best =    4.1844582577024716E-003
 performing expansion, best =    4.1777535262530691E-003
 performing expansion, best =    4.1697269361244838E-003
 performing expansion, best =    4.1691705333619542E-003
 performing expansion, best =    4.1613207533040091E-003
 performing expansion, best =    4.1534263207443235E-003
 performing expansion, best =    4.1449861292742664E-003
 performing expansion, best =    4.1448124115666292E-003
 performing expansion, best =    4.1442536025476772E-003
 performing expansion, best =    4.1351397267548346E-003
 performing expansion, best =    4.1338892519619391E-003
 performing expansion, best =    4.1246128541349075E-003
 performing expansion, best =    4.1241778622844814E-003
 performing expansion, best =    4.1160344917900889E-003
 performing expansion, best =    4.1074678830362570E-003
 performing expansion, best =    4.0994647784329732E-003
 performing expansion, best =    4.0980222715797099E-003
 performing expansion, best =    4.0978562481769759E-003
 performing expansion, best =    4.0892514856614142E-003
 performing expansion, best =    4.0796600426694970E-003
 performing expansion, best =    4.0706227557532762E-003
 performing expansion, best =    4.0613082395900627E-003
 performing expansion, best =    4.0539026824852678E-003
 performing expansion, best =    4.0450338950840633E-003
 performing expansion, best =    4.0362937881498308E-003
 performing expansion, best =    4.0276701648581806E-003
 performing expansion, best =    4.0183186216118270E-003
 performing expansion, best =    4.0085311395455115E-003
 performing expansion, best =    4.0078674369409106E-003
 performing expansion, best =    4.0075635600000381E-003
 performing expansion, best =    4.0073720808196040E-003
 performing expansion, best =    3.9990295083910388E-003
 performing expansion, best =    3.9882883307330872E-003
 performing expansion, best =    3.9801453740996133E-003
 performing expansion, best =    3.9716205693598175E-003
 performing expansion, best =    3.9625303366755257E-003
 performing expansion, best =    3.9532622316340929E-003
 performing expansion, best =    3.9439137149063982E-003
 performing expansion, best =    3.9352421279801953E-003
 performing expansion, best =    3.9238571272175535E-003
 performing expansion, best =    3.9138188740936233E-003
 performing expansion, best =    3.9032626188134851E-003
 performing expansion, best =    3.9031730112420050E-003
 performing expansion, best =    3.9026390561719784E-003
 performing expansion, best =    3.8939504601173541E-003
 performing expansion, best =    3.8841701886038874E-003
 performing expansion, best =    3.8779041285336548E-003
 performing expansion, best =    3.8776299444325075E-003
 performing expansion, best =    3.8768983682560027E-003
 performing expansion, best =    3.8766424625513969E-003
 performing expansion, best =    3.8764204609098925E-003
 performing expansion, best =    3.8759386586138108E-003
 performing expansion, best =    3.8758456634061605E-003
 performing expansion, best =    3.8753733509982059E-003
 performing expansion, best =    3.8687620776449135E-003
 performing expansion, best =    3.8684233677467438E-003
 performing expansion, best =    3.8678086722502320E-003
 performing expansion, best =    3.8613637844612226E-003
 performing expansion, best =    3.8610361715204523E-003
 performing expansion, best =    3.8604610399773092E-003
 performing expansion, best =    3.8604271556915370E-003
 performing expansion, best =    3.8603309655956485E-003
 performing expansion, best =    3.8594961986185786E-003
 performing expansion, best =    3.8591250561326538E-003
 performing expansion, best =    3.8584940079565916E-003
 performing expansion, best =    3.8584353886320908E-003
 performing expansion, best =    3.8528494261299800E-003
 performing expansion, best =    3.8526363583586852E-003
 performing expansion, best =    3.8523748659743473E-003
 performing expansion, best =    3.8523470474522551E-003
 performing expansion, best =    3.8520888989951535E-003
 performing expansion, best =    3.8512510051395537E-003
 performing expansion, best =    3.8511590770789182E-003
 performing expansion, best =    3.8508322783090501E-003
 performing expansion, best =    3.8504406825195293E-003
 performing expansion, best =    3.8502643591910974E-003
 performing expansion, best =    3.8500718621887653E-003
 performing expansion, best =    3.8470403587610477E-003
 performing expansion, best =    3.8443057861313168E-003
 performing expansion, best =    3.8419187266309092E-003
 performing expansion, best =    3.8417992143954939E-003
 performing expansion, best =    3.8396345191897109E-003
 performing expansion, best =    3.8396137216516577E-003
 performing expansion, best =    3.8372986838428940E-003
 performing expansion, best =    3.8351410805127560E-003
 performing expansion, best =    3.8350817761176321E-003
 performing expansion, best =    3.8349119794436506E-003
 performing expansion, best =    3.8326429625281924E-003
 performing expansion, best =    3.8303808103982134E-003
 performing expansion, best =    3.8302270349637123E-003
 performing expansion, best =    3.8300954772089893E-003
 performing expansion, best =    3.8298638380687340E-003
 performing expansion, best =    3.8297186993050932E-003
 performing expansion, best =    3.8296936508772886E-003
 performing expansion, best =    3.8293428125406800E-003
 performing expansion, best =    3.8292536710072150E-003
 performing expansion, best =    3.8291786464417030E-003
 performing expansion, best =    3.8290400478125145E-003
 performing expansion, best =    3.8268673254980680E-003
 performing expansion, best =    3.8245292397104942E-003
 performing expansion, best =    3.8244440045986294E-003
 performing expansion, best =    3.8243333190823132E-003
 performing expansion, best =    3.8221449766853827E-003
 performing expansion, best =    3.8201451693967640E-003
 performing expansion, best =    3.8182827142483281E-003
 performing expansion, best =    3.8182506011040633E-003
 performing expansion, best =    3.8162818763478649E-003
 performing expansion, best =    3.8161430777563145E-003
 performing expansion, best =    3.8139551447473686E-003
 performing expansion, best =    3.8116624776905073E-003
 performing expansion, best =    3.8093729548746721E-003
 performing expansion, best =    3.8070428687074715E-003
 performing expansion, best =    3.8068014736536027E-003
 performing expansion, best =    3.8043888644146433E-003
 performing expansion, best =    3.8042092188347643E-003
 performing expansion, best =    3.8015722321153682E-003
 performing expansion, best =    3.8014268862168340E-003
 performing expansion, best =    3.8013286601615136E-003
 performing expansion, best =    3.8012200549083744E-003
 performing expansion, best =    3.7991075953835124E-003
 performing expansion, best =    3.7990257293855092E-003
 performing expansion, best =    3.7966201323059393E-003
 performing expansion, best =    3.7939261564756397E-003
 performing expansion, best =    3.7938237276385037E-003
 performing expansion, best =    3.7911821234890824E-003
 performing expansion, best =    3.7883697660415216E-003
 performing expansion, best =    3.7854662997111139E-003
 performing expansion, best =    3.7822673280151816E-003
 performing expansion, best =    3.7822224092373138E-003
 performing expansion, best =    3.7796561385456547E-003
 performing expansion, best =    3.7769332448847875E-003
 performing expansion, best =    3.7767883363150159E-003
 performing expansion, best =    3.7767232240237419E-003
 performing expansion, best =    3.7765268781927001E-003
 performing expansion, best =    3.7764858199355136E-003
 performing expansion, best =    3.7763943575841075E-003
 performing expansion, best =    3.7736219831505115E-003
 performing expansion, best =    3.7704260289478709E-003
 performing expansion, best =    3.7704000267087937E-003
 performing expansion, best =    3.7703002369374821E-003
 performing expansion, best =    3.7678361190501119E-003
 performing expansion, best =    3.7676246385459230E-003
 performing expansion, best =    3.7645113250774961E-003
 performing expansion, best =    3.7616644387163853E-003
 performing expansion, best =    3.7616343609414332E-003
 performing expansion, best =    3.7590169257014894E-003
 performing expansion, best =    3.7563759605241638E-003
 performing expansion, best =    3.7534654679799895E-003
 performing expansion, best =    3.7533774905479200E-003
 performing expansion, best =    3.7502722454983888E-003
 performing expansion, best =    3.7470200492521954E-003
 performing expansion, best =    3.7438116829955556E-003
 performing expansion, best =    3.7406329037297688E-003
 performing expansion, best =    3.7371914327381213E-003
 performing expansion, best =    3.7335943717903210E-003
 performing expansion, best =    3.7300265313862310E-003
 performing expansion, best =    3.7266663502751279E-003
 performing expansion, best =    3.7228171441416732E-003
 performing expansion, best =    3.7188697133832931E-003
 performing expansion, best =    3.7153984300180324E-003
 performing expansion, best =    3.7152207318625731E-003
 performing expansion, best =    3.7111563917881186E-003
 performing expansion, best =    3.7072421051733738E-003
 performing expansion, best =    3.7033096845958085E-003
 performing expansion, best =    3.7031415844608912E-003
 performing expansion, best =    3.6994276624736917E-003
 performing expansion, best =    3.6953556760944829E-003
 performing expansion, best =    3.6911827353112896E-003
 performing expansion, best =    3.6871937143271661E-003
 performing expansion, best =    3.6830758303584336E-003
 performing expansion, best =    3.6785038952269170E-003
 performing expansion, best =    3.6741146522259118E-003
 performing expansion, best =    3.6691467847335367E-003
Exiting simplex optimization after 10001 iterations
Solution after  refinement:      3.6645766979E-03
RMSE         3.664576698E-03 Hartree

Starting fitting procedure for 24 charges, trial 3
gen      0/48000      elitist  2.9447020E-02 feasible? F
gen    100/48000      elitist  2.9447020E-02 feasible? F
gen    200/48000      elitist  7.4894193E+22 feasible? F
gen    300/48000      elitist  7.4894193E+22 feasible? F
gen    400/48000      elitist  7.4894193E+22 feasible? F
gen    500/48000      elitist  7.4894193E+22 feasible? F
gen    600/48000      elitist  7.4894193E+22 feasible? F
gen    700/48000      elitist  7.4894193E+22 feasible? F
gen    800/48000      elitist  7.4894193E+22 feasible? F
gen    900/48000      elitist  7.4894193E+22 feasible? F
gen   1000/48000      elitist  7.4894193E+22 feasible? F
gen   1100/48000      elitist  7.4894193E+22 feasible? F
gen   1200/48000      elitist  7.4894193E+22 feasible? F
gen   1300/48000      elitist  7.4894193E+22 feasible? F
gen   1400/48000      elitist  7.4894193E+22 feasible? F
gen   1500/48000      elitist  7.4894193E+22 feasible? F
gen   1600/48000      elitist  7.4894193E+22 feasible? F
gen   1700/48000      elitist  7.4894193E+22 feasible? F
gen   1800/48000      elitist  7.4894193E+22 feasible? F
gen   1900/48000      elitist  7.4894193E+22 feasible? F
gen   2000/48000      elitist  7.4894193E+22 feasible? F
gen   2100/48000      elitist  7.4894193E+22 feasible? F
gen   2200/48000      elitist  7.4894193E+22 feasible? F
gen   2300/48000      elitist  7.4894193E+22 feasible? F
gen   2400/48000      elitist  7.4894193E+22 feasible? F
