Running in fitting mode

Reading "/data/boittier/gaussian_scans/bromobutadiene/scan_extract_0.xyz.chk.fchk.pot.cube"...

  opt Potential
  Electrostatic potential from Total SCF Density
   10  -10.982195  -11.443988   -9.769128
   84    0.265911    0.000000    0.000000
   82    0.000000    0.265911    0.000000
   74    0.000000    0.000000    0.265911
    6    6.000000   -1.673952    3.606648    0.000000
    6    6.000000    0.000000    1.721109    0.000000
    6    6.000000    2.723878    2.103773    0.000000
    6    6.000000    4.508290    0.324643    0.000000
    1    1.000000   -3.687195    3.287689    0.000000
    1    1.000000   -0.999128    5.537939    0.000000
   35   35.000000   -1.213067   -1.674860    0.000000
    1    1.000000    3.266739    4.081797    0.000000
    1    1.000000    4.043439   -1.663450    0.000000
    1    1.000000    6.484203    0.839077    0.000000
 -4.50402E-03 -4.51053E-03 -4.51179E-03 -4.50778E-03 -4.37950E-03 -4.39021E-03
       .            .            .            .            .            .
       .            .            .            .            .            .
       .            .            .            .            .            .
  7.70629E-03  7.78523E-03  7.80058E-03  7.75172E-03  7.64058E-03  7.47148E-03

132359 out of 509712 gridpoints are considered ( 26.0%).

...done!




USING GREEDY MODE
File "multipole1_1charges.xyz" already exists. Fitting procedure is skipped.
File "multipole1_2charges.xyz" already exists. Fitting procedure is skipped.
File "multipole1_3charges.xyz" already exists. Fitting procedure is skipped.
File "multipole1_4charges.xyz" already exists. Fitting procedure is skipped.
File "multipole2_1charges.xyz" already exists. Fitting procedure is skipped.
File "multipole2_2charges.xyz" already exists. Fitting procedure is skipped.
File "multipole2_3charges.xyz" already exists. Fitting procedure is skipped.
File "multipole2_4charges.xyz" already exists. Fitting procedure is skipped.
File "multipole3_1charges.xyz" already exists. Fitting procedure is skipped.
File "multipole3_2charges.xyz" already exists. Fitting procedure is skipped.
File "multipole3_3charges.xyz" already exists. Fitting procedure is skipped.
File "multipole3_4charges.xyz" already exists. Fitting procedure is skipped.
File "multipole4_1charges.xyz" already exists. Fitting procedure is skipped.
File "multipole4_2charges.xyz" already exists. Fitting procedure is skipped.
File "multipole4_3charges.xyz" already exists. Fitting procedure is skipped.
File "multipole4_4charges.xyz" already exists. Fitting procedure is skipped.
File "multipole5_1charges.xyz" already exists. Fitting procedure is skipped.
File "multipole5_2charges.xyz" already exists. Fitting procedure is skipped.
File "multipole5_3charges.xyz" already exists. Fitting procedure is skipped.
File "multipole5_4charges.xyz" already exists. Fitting procedure is skipped.
File "multipole6_1charges.xyz" already exists. Fitting procedure is skipped.
File "multipole6_2charges.xyz" already exists. Fitting procedure is skipped.
File "multipole6_3charges.xyz" already exists. Fitting procedure is skipped.
File "multipole6_4charges.xyz" already exists. Fitting procedure is skipped.
File "multipole7_1charges.xyz" already exists. Fitting procedure is skipped.
File "multipole7_2charges.xyz" already exists. Fitting procedure is skipped.
File "multipole7_3charges.xyz" already exists. Fitting procedure is skipped.
File "multipole7_4charges.xyz" already exists. Fitting procedure is skipped.
File "multipole8_1charges.xyz" already exists. Fitting procedure is skipped.
File "multipole8_2charges.xyz" already exists. Fitting procedure is skipped.
File "multipole8_3charges.xyz" already exists. Fitting procedure is skipped.
File "multipole8_4charges.xyz" already exists. Fitting procedure is skipped.
File "multipole9_1charges.xyz" already exists. Fitting procedure is skipped.
File "multipole9_2charges.xyz" already exists. Fitting procedure is skipped.
File "multipole9_3charges.xyz" already exists. Fitting procedure is skipped.
File "multipole9_4charges.xyz" already exists. Fitting procedure is skipped.
File "multipole10_1charges.xyz" already exists. Fitting procedure is skipped.
File "multipole10_2charges.xyz" already exists. Fitting procedure is skipped.
File "multipole10_3charges.xyz" already exists. Fitting procedure is skipped.
File "multipole10_4charges.xyz" already exists. Fitting procedure is skipped.
Total fragment charge (a.u.):         1.040834086E-16
Running DE in parallel with 4 thread(s)!

Starting fitting procedure for 25 charges, trial 1
gen      0/50000      elitist  1.9405648E-02 feasible? F
gen    100/50000      elitist  1.9405648E-02 feasible? F
gen    200/50000      elitist  1.0164527E-02 feasible? T
gen    300/50000      elitist  1.0164527E-02 feasible? T
gen    400/50000      elitist  5.8838269E-03 feasible? T
gen    500/50000      elitist  4.4105449E-03 feasible? T
gen    600/50000      elitist  4.1276256E-03 feasible? T
gen    700/50000      elitist  2.8613242E-03 feasible? T
gen    800/50000      elitist  2.4796838E-03 feasible? T
gen    900/50000      elitist  2.3476907E-03 feasible? T
gen   1000/50000      elitist  2.2260363E-03 feasible? T
gen   1100/50000      elitist  2.2186121E-03 feasible? T
gen   1200/50000      elitist  2.2097052E-03 feasible? T
gen   1300/50000      elitist  2.1932288E-03 feasible? T
gen   1400/50000      elitist  2.1886535E-03 feasible? T
gen   1500/50000      elitist  2.1854480E-03 feasible? T
gen   1600/50000      elitist  2.1817348E-03 feasible? T
gen   1700/50000      elitist  2.1738945E-03 feasible? T
gen   1800/50000      elitist  2.1682992E-03 feasible? T
gen   1900/50000      elitist  2.1626037E-03 feasible? T
gen   2000/50000      elitist  2.1571749E-03 feasible? T
gen   2100/50000      elitist  2.1556292E-03 feasible? T
gen   2200/50000      elitist  2.1497501E-03 feasible? T
gen   2300/50000      elitist  2.1471384E-03 feasible? T
gen   2400/50000      elitist  2.1427638E-03 feasible? T
gen   2500/50000      elitist  2.1417055E-03 feasible? T
gen   2600/50000      elitist  2.1396836E-03 feasible? T
gen   2700/50000      elitist  2.1391234E-03 feasible? T
gen   2800/50000      elitist  2.1372602E-03 feasible? T
gen   2900/50000      elitist  2.1367231E-03 feasible? T
gen   3000/50000      elitist  2.1363924E-03 feasible? T
gen   3100/50000      elitist  2.1361477E-03 feasible? T
gen   3200/50000      elitist  2.1353417E-03 feasible? T
gen   3300/50000      elitist  2.1352341E-03 feasible? T
gen   3400/50000      elitist  2.1346399E-03 feasible? T
gen   3500/50000      elitist  2.1344845E-03 feasible? T
gen   3600/50000      elitist  2.1342019E-03 feasible? T
gen   3700/50000      elitist  2.1339938E-03 feasible? T
gen   3800/50000      elitist  2.1332805E-03 feasible? T
gen   3900/50000      elitist  2.1319452E-03 feasible? T
gen   4000/50000      elitist  2.1311617E-03 feasible? T
gen   4100/50000      elitist  2.1307579E-03 feasible? T
gen   4200/50000      elitist  2.1306174E-03 feasible? T
gen   4300/50000      elitist  2.1304854E-03 feasible? T
gen   4400/50000      elitist  2.1304369E-03 feasible? T
gen   4500/50000      elitist  2.1303898E-03 feasible? T
gen   4600/50000      elitist  2.1303561E-03 feasible? T
gen   4700/50000      elitist  2.1301984E-03 feasible? T
gen   4800/50000      elitist  2.1301513E-03 feasible? T
gen   4900/50000      elitist  2.1301034E-03 feasible? T
gen   5000/50000      elitist  2.1299171E-03 feasible? T
gen   5100/50000      elitist  2.1293298E-03 feasible? T
gen   5200/50000      elitist  2.1271542E-03 feasible? T
gen   5300/50000      elitist  2.1259479E-03 feasible? T
gen   5400/50000      elitist  2.1249028E-03 feasible? T
gen   5500/50000      elitist  2.1241829E-03 feasible? T
gen   5600/50000      elitist  2.1229898E-03 feasible? T
gen   5700/50000      elitist  2.1223546E-03 feasible? T
gen   5800/50000      elitist  2.1217634E-03 feasible? T
gen   5900/50000      elitist  2.1213643E-03 feasible? T
gen   6000/50000      elitist  2.1210925E-03 feasible? T
gen   6100/50000      elitist  2.1208687E-03 feasible? T
gen   6200/50000      elitist  2.1206659E-03 feasible? T
gen   6300/50000      elitist  2.1206310E-03 feasible? T
gen   6400/50000      elitist  2.1205384E-03 feasible? T
gen   6500/50000      elitist  2.1204684E-03 feasible? T
gen   6600/50000      elitist  2.1204682E-03 feasible? T
gen   6700/50000      elitist  2.1204379E-03 feasible? T
gen   6800/50000      elitist  2.1203791E-03 feasible? T
gen   6900/50000      elitist  2.1203736E-03 feasible? T
gen   7000/50000      elitist  2.1203574E-03 feasible? T
gen   7100/50000      elitist  2.1203260E-03 feasible? T
gen   7200/50000      elitist  2.1202803E-03 feasible? T
gen   7300/50000      elitist  2.1202643E-03 feasible? T
gen   7400/50000      elitist  2.1202462E-03 feasible? T
gen   7500/50000      elitist  2.1202445E-03 feasible? T
gen   7600/50000      elitist  2.1202390E-03 feasible? T
gen   7700/50000      elitist  2.1202380E-03 feasible? T
gen   7800/50000      elitist  2.1202332E-03 feasible? T
gen   7900/50000      elitist  2.1201897E-03 feasible? T
gen   8000/50000      elitist  2.1201157E-03 feasible? T
gen   8100/50000      elitist  2.1200725E-03 feasible? T
gen   8200/50000      elitist  2.1200306E-03 feasible? T
gen   8300/50000      elitist  2.1200245E-03 feasible? T
gen   8400/50000      elitist  2.1199910E-03 feasible? T
gen   8500/50000      elitist  2.1199826E-03 feasible? T
gen   8600/50000      elitist  2.1199452E-03 feasible? T
gen   8700/50000      elitist  2.1199229E-03 feasible? T
gen   8800/50000      elitist  2.1199202E-03 feasible? T
gen   8900/50000      elitist  2.1199114E-03 feasible? T
gen   9000/50000      elitist  2.1198992E-03 feasible? T
gen   9100/50000      elitist  2.1198691E-03 feasible? T
gen   9200/50000      elitist  2.1198566E-03 feasible? T
gen   9300/50000      elitist  2.1198361E-03 feasible? T
gen   9400/50000      elitist  2.1198300E-03 feasible? T
gen   9500/50000      elitist  2.1198266E-03 feasible? T
gen   9600/50000      elitist  2.1198236E-03 feasible? T
gen   9700/50000      elitist  2.1198227E-03 feasible? T
gen   9800/50000      elitist  2.1198211E-03 feasible? T
gen   9900/50000      elitist  2.1198199E-03 feasible? T
gen  10000/50000      elitist  2.1198158E-03 feasible? T
gen  10100/50000      elitist  2.1198125E-03 feasible? T
gen  10200/50000      elitist  2.1198059E-03 feasible? T
gen  10300/50000      elitist  2.1198016E-03 feasible? T
gen  10400/50000      elitist  2.1198002E-03 feasible? T
gen  10500/50000      elitist  2.1197991E-03 feasible? T
gen  10600/50000      elitist  2.1197985E-03 feasible? T
gen  10700/50000      elitist  2.1197983E-03 feasible? T
gen  10800/50000      elitist  2.1197982E-03 feasible? T
gen  10900/50000      elitist  2.1197980E-03 feasible? T
gen  11000/50000      elitist  2.1197978E-03 feasible? T
gen  11100/50000      elitist  2.1197978E-03 feasible? T
gen  11200/50000      elitist  2.1197977E-03 feasible? T
gen  11300/50000      elitist  2.1197975E-03 feasible? T
gen  11400/50000      elitist  2.1197975E-03 feasible? T
gen  11500/50000      elitist  2.1197974E-03 feasible? T
gen  11600/50000      elitist  2.1197974E-03 feasible? T
gen  11700/50000      elitist  2.1197974E-03 feasible? T
gen  11800/50000      elitist  2.1197973E-03 feasible? T
gen  11900/50000      elitist  2.1197973E-03 feasible? T
gen  12000/50000      elitist  2.1197973E-03 feasible? T
gen  12100/50000      elitist  2.1197972E-03 feasible? T
gen  12200/50000      elitist  2.1197971E-03 feasible? T
gen  12300/50000      elitist  2.1197971E-03 feasible? T
gen  12400/50000      elitist  2.1197969E-03 feasible? T
gen  12500/50000      elitist  2.1197969E-03 feasible? T
gen  12600/50000      elitist  2.1197968E-03 feasible? T
gen  12700/50000      elitist  2.1197968E-03 feasible? T
gen  12800/50000      elitist  2.1197968E-03 feasible? T
gen  12900/50000      elitist  2.1197968E-03 feasible? T
gen  13000/50000      elitist  2.1197964E-03 feasible? T
gen  13100/50000      elitist  2.1197961E-03 feasible? T
gen  13200/50000      elitist  2.1197959E-03 feasible? T
gen  13300/50000      elitist  2.1197958E-03 feasible? T
gen  13400/50000      elitist  2.1197957E-03 feasible? T
gen  13500/50000      elitist  2.1197956E-03 feasible? T
gen  13600/50000      elitist  2.1197954E-03 feasible? T
gen  13700/50000      elitist  2.1197953E-03 feasible? T
gen  13800/50000      elitist  2.1197952E-03 feasible? T
gen  13900/50000      elitist  2.1197952E-03 feasible? T
gen  14000/50000      elitist  2.1197951E-03 feasible? T
gen  14100/50000      elitist  2.1197951E-03 feasible? T
gen  14200/50000      elitist  2.1197951E-03 feasible? T
gen  14300/50000      elitist  2.1197950E-03 feasible? T
gen  14400/50000      elitist  2.1197937E-03 feasible? T
gen  14500/50000      elitist  2.1197892E-03 feasible? T
gen  14600/50000      elitist  2.1197868E-03 feasible? T
gen  14700/50000      elitist  2.1197853E-03 feasible? T
gen  14800/50000      elitist  2.1197844E-03 feasible? T
gen  14900/50000      elitist  2.1197842E-03 feasible? T
gen  15000/50000      elitist  2.1197838E-03 feasible? T
gen  15100/50000      elitist  2.1197837E-03 feasible? T
gen  15200/50000      elitist  2.1197837E-03 feasible? T
gen  15300/50000      elitist  2.1197837E-03 feasible? T
gen  15400/50000      elitist  2.1197836E-03 feasible? T
gen  15500/50000      elitist  2.1197836E-03 feasible? T
gen  15600/50000      elitist  2.1197836E-03 feasible? T
gen  15700/50000      elitist  2.1197834E-03 feasible? T
gen  15800/50000      elitist  2.1197828E-03 feasible? T
gen  15900/50000      elitist  2.1197826E-03 feasible? T
gen  16000/50000      elitist  2.1197823E-03 feasible? T
gen  16100/50000      elitist  2.1197822E-03 feasible? T
gen  16200/50000      elitist  2.1197822E-03 feasible? T
gen  16300/50000      elitist  2.1197822E-03 feasible? T
gen  16400/50000      elitist  2.1197822E-03 feasible? T
gen  16500/50000      elitist  2.1197821E-03 feasible? T
gen  16600/50000      elitist  2.1197821E-03 feasible? T
population converged towards a single solution after 16678 generations.
Starting local simplex optimization:
Solution before refinement:      2.1197821355E-03
 performing expansion, best =    2.1196377575852139E-003
 performing expansion, best =    2.1196036278298192E-003
 performing expansion, best =    2.1192042586097924E-003
 performing expansion, best =    2.1191610350435410E-003
 performing expansion, best =    2.1189672879159478E-003
 performing expansion, best =    2.1188099409515746E-003
 performing expansion, best =    2.1187719256794205E-003
 performing expansion, best =    2.1187560084215402E-003
 performing expansion, best =    2.1187201608597671E-003
 performing expansion, best =    2.1187095706966933E-003
 performing expansion, best =    2.1186966525968010E-003
 performing expansion, best =    2.1186646108623374E-003
 performing expansion, best =    2.1185816310536716E-003
 performing expansion, best =    2.1185814147129420E-003
 performing expansion, best =    2.1185345346576129E-003
 performing expansion, best =    2.1185296503119008E-003
 performing expansion, best =    2.1185224230634452E-003
 performing expansion, best =    2.1185038125066552E-003
 performing expansion, best =    2.1185027803848557E-003
 performing expansion, best =    2.1184909564396868E-003
 performing expansion, best =    2.1184853384410974E-003
 performing expansion, best =    2.1184790407641355E-003
 performing expansion, best =    2.1184525658800540E-003
 performing expansion, best =    2.1184425051898495E-003
 performing expansion, best =    2.1184341416546370E-003
 performing expansion, best =    2.1184231088752382E-003
 performing expansion, best =    2.1184111199630154E-003
 performing expansion, best =    2.1184052963746820E-003
 performing expansion, best =    2.1183943597857138E-003
 performing expansion, best =    2.1183901672708269E-003
 performing expansion, best =    2.1183820351530708E-003
 performing expansion, best =    2.1183739701688517E-003
 performing expansion, best =    2.1183622445773314E-003
 performing expansion, best =    2.1183492790629440E-003
 performing expansion, best =    2.1183380382135005E-003
 performing expansion, best =    2.1183352320774773E-003
 performing expansion, best =    2.1183174378231382E-003
 performing expansion, best =    2.1182930674869833E-003
 performing expansion, best =    2.1182807764176877E-003
 performing expansion, best =    2.1182650341505811E-003
 performing expansion, best =    2.1182614267653047E-003
 performing expansion, best =    2.1182603312180017E-003
 performing expansion, best =    2.1181965433795255E-003
 performing expansion, best =    2.1181287556958132E-003
 performing expansion, best =    2.1181107044161234E-003
 performing expansion, best =    2.1181086553425472E-003
 performing expansion, best =    2.1180640349463980E-003
 performing expansion, best =    2.1180055613792713E-003
 performing expansion, best =    2.1179436464868169E-003
 performing expansion, best =    2.1178749427745525E-003
 performing expansion, best =    2.1178230954389714E-003
 performing expansion, best =    2.1178170583644428E-003
 performing expansion, best =    2.1177680841788253E-003
 performing expansion, best =    2.1176936126736674E-003
 performing expansion, best =    2.1176301227858068E-003
 performing expansion, best =    2.1175564991998152E-003
 performing expansion, best =    2.1175414700333587E-003
 performing expansion, best =    2.1174665627413060E-003
 performing expansion, best =    2.1173942874581067E-003
 performing expansion, best =    2.1173257348283039E-003
 performing expansion, best =    2.1173110223458884E-003
 performing expansion, best =    2.1173045892988753E-003
 performing expansion, best =    2.1172341250598760E-003
 performing expansion, best =    2.1171633758894659E-003
 performing expansion, best =    2.1171550998399053E-003
 performing expansion, best =    2.1171508416893709E-003
 performing expansion, best =    2.1170680777980551E-003
 performing expansion, best =    2.1169804323533767E-003
 performing expansion, best =    2.1168952115700693E-003
 performing expansion, best =    2.1168217130950778E-003
 performing expansion, best =    2.1167229393846683E-003
 performing expansion, best =    2.1167196698343191E-003
 performing expansion, best =    2.1166334285590573E-003
 performing expansion, best =    2.1166259057677221E-003
 performing expansion, best =    2.1165314468230313E-003
 performing expansion, best =    2.1164369125965909E-003
 performing expansion, best =    2.1164299413285832E-003
 performing expansion, best =    2.1163457006402168E-003
 performing expansion, best =    2.1163368286018632E-003
 performing expansion, best =    2.1163265420338731E-003
 performing expansion, best =    2.1163265119773962E-003
 performing expansion, best =    2.1163143022776324E-003
 performing expansion, best =    2.1163085976854124E-003
 performing expansion, best =    2.1163076919657429E-003
 performing expansion, best =    2.1162225358654671E-003
 performing expansion, best =    2.1162196110271945E-003
 performing expansion, best =    2.1161404601885460E-003
 performing expansion, best =    2.1161386524908795E-003
 performing expansion, best =    2.1160729027479442E-003
 performing expansion, best =    2.1160710975624110E-003
 performing expansion, best =    2.1159812174627508E-003
 performing expansion, best =    2.1158840136718230E-003
 performing expansion, best =    2.1158023052615638E-003
 performing expansion, best =    2.1157008682027110E-003
 performing expansion, best =    2.1156904001990726E-003
 performing expansion, best =    2.1156690849411016E-003
 performing expansion, best =    2.1156478354566141E-003
 performing expansion, best =    2.1156360011770608E-003
 performing expansion, best =    2.1156321736001600E-003
 performing expansion, best =    2.1155281885444411E-003
 performing expansion, best =    2.1154218087056252E-003
 performing expansion, best =    2.1154101602360166E-003
 performing expansion, best =    2.1153107083205160E-003
 performing expansion, best =    2.1152110440561551E-003
 performing expansion, best =    2.1151244629277004E-003
 performing expansion, best =    2.1150129733279437E-003
 performing expansion, best =    2.1149163050848967E-003
 performing expansion, best =    2.1148351975010461E-003
 performing expansion, best =    2.1148244167935423E-003
 performing expansion, best =    2.1147052068806681E-003
 performing expansion, best =    2.1145929751321072E-003
 performing expansion, best =    2.1145919671412519E-003
 performing expansion, best =    2.1144975096841837E-003
 performing expansion, best =    2.1143808014009008E-003
 performing expansion, best =    2.1142589288790799E-003
 performing expansion, best =    2.1141632335918712E-003
 performing expansion, best =    2.1140240251200206E-003
 performing expansion, best =    2.1139048706565735E-003
 performing expansion, best =    2.1138124725611144E-003
 performing expansion, best =    2.1136628719624611E-003
 performing expansion, best =    2.1135330337318193E-003
 performing expansion, best =    2.1134039611856083E-003
 performing expansion, best =    2.1132855196579073E-003
 performing expansion, best =    2.1131654652766204E-003
 performing expansion, best =    2.1130231986022053E-003
 performing expansion, best =    2.1128958971330168E-003
 performing expansion, best =    2.1127785305295578E-003
 performing expansion, best =    2.1126197073368194E-003
 performing expansion, best =    2.1124697965584872E-003
 performing expansion, best =    2.1123583008437691E-003
 performing expansion, best =    2.1121999030146417E-003
 performing expansion, best =    2.1120620804363690E-003
 performing expansion, best =    2.1120557137948434E-003
 performing expansion, best =    2.1119208743791951E-003
 performing expansion, best =    2.1119055408743751E-003
 performing expansion, best =    2.1117400662174404E-003
 performing expansion, best =    2.1116198457488905E-003
 performing expansion, best =    2.1115072795686689E-003
 performing expansion, best =    2.1113523220324453E-003
 performing expansion, best =    2.1112191512015566E-003
 performing expansion, best =    2.1110883694140832E-003
 performing expansion, best =    2.1109578403277476E-003
 performing expansion, best =    2.1108540401275034E-003
 performing expansion, best =    2.1107242233100727E-003
 performing expansion, best =    2.1105637639139843E-003
 performing expansion, best =    2.1104466209236309E-003
 performing expansion, best =    2.1103585283595693E-003
 performing expansion, best =    2.1102440946129215E-003
 performing expansion, best =    2.1101351656076317E-003
 performing expansion, best =    2.1100049226823051E-003
 performing expansion, best =    2.1099795551500137E-003
 performing expansion, best =    2.1098536985543178E-003
 performing expansion, best =    2.1097411265966113E-003
 performing expansion, best =    2.1096321598888779E-003
 performing expansion, best =    2.1095575454691709E-003
 performing expansion, best =    2.1094482407055183E-003
 performing expansion, best =    2.1093805019320672E-003
 performing expansion, best =    2.1092757693004049E-003
 performing expansion, best =    2.1091742697277819E-003
 performing expansion, best =    2.1090966145479993E-003
 performing expansion, best =    2.1089915339813502E-003
 performing expansion, best =    2.1089233980588909E-003
 performing expansion, best =    2.1088638808112086E-003
 performing expansion, best =    2.1087872277868991E-003
 performing expansion, best =    2.1086868419252672E-003
 performing expansion, best =    2.1085913458251254E-003
 performing expansion, best =    2.1085043712817065E-003
 performing expansion, best =    2.1084019767996184E-003
 performing expansion, best =    2.1083538236709664E-003
 performing expansion, best =    2.1082531916349254E-003
 performing expansion, best =    2.1081844497422876E-003
 performing expansion, best =    2.1080982473541260E-003
 performing expansion, best =    2.1080144995861863E-003
 performing expansion, best =    2.1079334266838768E-003
 performing expansion, best =    2.1078901756370729E-003
 performing expansion, best =    2.1078839343670486E-003
 performing expansion, best =    2.1077859166011544E-003
 performing expansion, best =    2.1077708413492825E-003
 performing expansion, best =    2.1077494455309588E-003
 performing expansion, best =    2.1077361023133932E-003
 performing expansion, best =    2.1077122012204330E-003
 performing expansion, best =    2.1077122003643574E-003
 performing expansion, best =    2.1076994145435321E-003
 performing expansion, best =    2.1076954944704634E-003
 performing expansion, best =    2.1076137447334168E-003
 performing expansion, best =    2.1076092752139739E-003
 performing expansion, best =    2.1076084314188065E-003
 performing expansion, best =    2.1075896851818735E-003
 performing expansion, best =    2.1075782051145284E-003
 performing expansion, best =    2.1075723942957287E-003
 performing expansion, best =    2.1075670506498609E-003
 performing expansion, best =    2.1075535002161891E-003
 performing expansion, best =    2.1074981897689677E-003
 performing expansion, best =    2.1074434865770387E-003
 performing expansion, best =    2.1073835041128639E-003
 performing expansion, best =    2.1073747010282116E-003
 performing expansion, best =    2.1073156088534848E-003
 performing expansion, best =    2.1072427214166439E-003
 performing expansion, best =    2.1072323316329890E-003
 performing expansion, best =    2.1071853256398355E-003
 performing expansion, best =    2.1071234911523144E-003
 performing expansion, best =    2.1070535710770106E-003
 performing expansion, best =    2.1069969633395235E-003
 performing expansion, best =    2.1069397821008888E-003
 performing expansion, best =    2.1068706727771459E-003
 performing expansion, best =    2.1068111884466455E-003
 performing expansion, best =    2.1067569642443896E-003
 performing expansion, best =    2.1067560884246881E-003
 performing expansion, best =    2.1067010149243858E-003
 performing expansion, best =    2.1066214570183567E-003
 performing expansion, best =    2.1065708181242072E-003
 performing expansion, best =    2.1064859599395584E-003
 performing expansion, best =    2.1064324491367440E-003
 performing expansion, best =    2.1063504455213168E-003
 performing expansion, best =    2.1063157481471233E-003
 performing expansion, best =    2.1063137201912663E-003
 performing expansion, best =    2.1062643379254351E-003
 performing expansion, best =    2.1062634614924542E-003
 performing expansion, best =    2.1062378553278406E-003
 performing expansion, best =    2.1061752444789276E-003
 performing expansion, best =    2.1061727274240866E-003
 performing expansion, best =    2.1061156729541889E-003
 performing expansion, best =    2.1061116984753413E-003
 performing expansion, best =    2.1060739395634218E-003
 performing expansion, best =    2.1060628638948668E-003
 performing expansion, best =    2.1060597030510544E-003
 performing expansion, best =    2.1060486784474854E-003
 performing expansion, best =    2.1060390844525306E-003
 performing expansion, best =    2.1060309041791522E-003
 performing expansion, best =    2.1060262884323661E-003
 performing expansion, best =    2.1060250970712682E-003
 performing expansion, best =    2.1060164120988638E-003
 performing expansion, best =    2.1060139496991218E-003
 performing expansion, best =    2.1060036274473575E-003
 performing expansion, best =    2.1059996910990850E-003
 performing expansion, best =    2.1059971861715028E-003
 performing expansion, best =    2.1059954611535674E-003
 performing expansion, best =    2.1059864004401674E-003
 performing expansion, best =    2.1059836616562212E-003
 performing expansion, best =    2.1059774177101661E-003
 performing expansion, best =    2.1059743670811199E-003
 performing expansion, best =    2.1059664072832175E-003
 performing expansion, best =    2.1059577309814979E-003
 performing expansion, best =    2.1059495241487519E-003
 performing expansion, best =    2.1059492831058445E-003
 performing expansion, best =    2.1059409505278584E-003
 performing expansion, best =    2.1059358607720840E-003
 performing expansion, best =    2.1059354450468169E-003
 performing expansion, best =    2.1059341336621081E-003
 performing expansion, best =    2.1059285356375725E-003
 performing expansion, best =    2.1059156024494665E-003
 performing expansion, best =    2.1059135212995110E-003
 performing expansion, best =    2.1059118178341739E-003
 performing expansion, best =    2.1059081874715800E-003
 performing expansion, best =    2.1058741436896663E-003
 performing expansion, best =    2.1058699485339404E-003
 performing expansion, best =    2.1058690912598120E-003
 performing expansion, best =    2.1058491689130150E-003
 performing expansion, best =    2.1058456318246857E-003
 performing expansion, best =    2.1058440496939551E-003
 performing expansion, best =    2.1058129517838456E-003
Exiting simplex optimization after 10001 iterations
Solution after  refinement:      2.1057817734E-03
RMSE         2.105781773E-03 Hartree
NEW BEST!

Starting fitting procedure for 25 charges, trial 2
gen      0/50000      elitist  2.1594544E-02 feasible? F
gen    100/50000      elitist  2.1594544E-02 feasible? F
gen    200/50000      elitist  2.1594544E-02 feasible? F
gen    300/50000      elitist  2.3772744E+22 feasible? F
gen    400/50000      elitist  2.3772744E+22 feasible? F
gen    500/50000      elitist  2.3772744E+22 feasible? F
gen    600/50000      elitist  2.3772744E+22 feasible? F
gen    700/50000      elitist  2.3772744E+22 feasible? F
gen    800/50000      elitist  2.3772744E+22 feasible? F
gen    900/50000      elitist  2.3772744E+22 feasible? F
gen   1000/50000      elitist  2.3772744E+22 feasible? F
gen   1100/50000      elitist  2.3772744E+22 feasible? F
gen   1200/50000      elitist  2.3772744E+22 feasible? F
gen   1300/50000      elitist  2.3772744E+22 feasible? F
gen   1400/50000      elitist  2.3772744E+22 feasible? F
gen   1500/50000      elitist  2.3772744E+22 feasible? F
gen   1600/50000      elitist  2.3772744E+22 feasible? F
gen   1700/50000      elitist  2.3772744E+22 feasible? F
gen   1800/50000      elitist  2.3772744E+22 feasible? F
gen   1900/50000      elitist  2.3772744E+22 feasible? F
gen   2000/50000      elitist  2.3772744E+22 feasible? F
gen   2100/50000      elitist  2.3772744E+22 feasible? F
gen   2200/50000      elitist  2.3772744E+22 feasible? F
gen   2300/50000      elitist  2.3772744E+22 feasible? F
gen   2400/50000      elitist  2.3772744E+22 feasible? F
gen   2500/50000      elitist  2.3772744E+22 feasible? F
gen   2600/50000      elitist  2.3772744E+22 feasible? F
gen   2700/50000      elitist  2.3772744E+22 feasible? F
gen   2800/50000      elitist  2.3772744E+22 feasible? F
gen   2900/50000      elitist  2.3772744E+22 feasible? F
gen   3000/50000      elitist  2.3772744E+22 feasible? F
gen   3100/50000      elitist  2.3772744E+22 feasible? F
gen   3200/50000      elitist  2.3772744E+22 feasible? F
gen   3300/50000      elitist  2.3772744E+22 feasible? F
gen   3400/50000      elitist  2.3772744E+22 feasible? F
gen   3500/50000      elitist  2.3772744E+22 feasible? F
gen   3600/50000      elitist  2.3772744E+22 feasible? F
gen   3700/50000      elitist  2.3772744E+22 feasible? F
gen   3800/50000      elitist  2.3772744E+22 feasible? F
gen   3900/50000      elitist  2.3772744E+22 feasible? F
gen   4000/50000      elitist  2.3772744E+22 feasible? F
gen   4100/50000      elitist  2.3772744E+22 feasible? F
gen   4200/50000      elitist  2.3772744E+22 feasible? F
gen   4300/50000      elitist  2.3772744E+22 feasible? F
gen   4400/50000      elitist  2.3772744E+22 feasible? F
gen   4500/50000      elitist  2.3772744E+22 feasible? F
gen   4600/50000      elitist  2.3772744E+22 feasible? F
gen   4700/50000      elitist  2.3772744E+22 feasible? F
gen   4800/50000      elitist  2.3772744E+22 feasible? F
gen   4900/50000      elitist  2.3772744E+22 feasible? F
gen   5000/50000      elitist  2.3772744E+22 feasible? F
gen   5100/50000      elitist  2.3772744E+22 feasible? F
gen   5200/50000      elitist  2.3772744E+22 feasible? F
gen   5300/50000      elitist  2.3772744E+22 feasible? F
gen   5400/50000      elitist  2.3772744E+22 feasible? F
gen   5500/50000      elitist  2.3772744E+22 feasible? F
gen   5600/50000      elitist  2.3772744E+22 feasible? F
gen   5700/50000      elitist  2.3772744E+22 feasible? F
gen   5800/50000      elitist  2.3772744E+22 feasible? F
gen   5900/50000      elitist  2.3772744E+22 feasible? F
gen   6000/50000      elitist  2.3772744E+22 feasible? F
gen   6100/50000      elitist  2.3772744E+22 feasible? F
gen   6200/50000      elitist  2.3772744E+22 feasible? F
gen   6300/50000      elitist  2.3772744E+22 feasible? F
gen   6400/50000      elitist  2.3772744E+22 feasible? F
gen   6500/50000      elitist  2.3772744E+22 feasible? F
gen   6600/50000      elitist  2.3772744E+22 feasible? F
gen   6700/50000      elitist  2.3772744E+22 feasible? F
gen   6800/50000      elitist  2.3772744E+22 feasible? F
gen   6900/50000      elitist  2.3772744E+22 feasible? F
gen   7000/50000      elitist  2.3772744E+22 feasible? F
gen   7100/50000      elitist  2.3772744E+22 feasible? F
gen   7200/50000      elitist  2.3772744E+22 feasible? F
gen   7300/50000      elitist  2.3772744E+22 feasible? F
gen   7400/50000      elitist  2.3772744E+22 feasible? F
gen   7500/50000      elitist  2.3772744E+22 feasible? F
gen   7600/50000      elitist  2.3772744E+22 feasible? F
gen   7700/50000      elitist  2.3772744E+22 feasible? F
gen   7800/50000      elitist  2.3772744E+22 feasible? F
gen   7900/50000      elitist  2.3772744E+22 feasible? F
gen   8000/50000      elitist  2.3772744E+22 feasible? F
gen   8100/50000      elitist  2.3772744E+22 feasible? F
gen   8200/50000      elitist  2.3772744E+22 feasible? F
gen   8300/50000      elitist  2.3772744E+22 feasible? F
gen   8400/50000      elitist  2.3772744E+22 feasible? F
gen   8500/50000      elitist  2.3772744E+22 feasible? F
gen   8600/50000      elitist  2.3772744E+22 feasible? F
gen   8700/50000      elitist  2.3772744E+22 feasible? F
gen   8800/50000      elitist  2.3772744E+22 feasible? F
gen   8900/50000      elitist  2.3772744E+22 feasible? F
gen   9000/50000      elitist  2.3772744E+22 feasible? F
gen   9100/50000      elitist  2.3772744E+22 feasible? F
gen   9200/50000      elitist  2.3772744E+22 feasible? F
gen   9300/50000      elitist  2.3772744E+22 feasible? F
gen   9400/50000      elitist  2.3772744E+22 feasible? F
gen   9500/50000      elitist  2.3772744E+22 feasible? F
gen   9600/50000      elitist  2.3772744E+22 feasible? F
gen   9700/50000      elitist  2.3772744E+22 feasible? F
gen   9800/50000      elitist  2.3772744E+22 feasible? F
gen   9900/50000      elitist  2.3772744E+22 feasible? F
gen  10000/50000      elitist  2.3772744E+22 feasible? F
gen  10100/50000      elitist  2.3772744E+22 feasible? F
gen  10200/50000      elitist  2.3772744E+22 feasible? F
gen  10300/50000      elitist  2.3772744E+22 feasible? F
gen  10400/50000      elitist  2.3772744E+22 feasible? F
gen  10500/50000      elitist  2.3772744E+22 feasible? F
gen  10600/50000      elitist  2.3772744E+22 feasible? F
gen  10700/50000      elitist  2.3772744E+22 feasible? F
gen  10800/50000      elitist  2.3772744E+22 feasible? F
gen  10900/50000      elitist  2.3772744E+22 feasible? F
gen  11000/50000      elitist  2.3772744E+22 feasible? F
gen  11100/50000      elitist  2.3772744E+22 feasible? F
gen  11200/50000      elitist  2.3772744E+22 feasible? F
gen  11300/50000      elitist  2.3772744E+22 feasible? F
gen  11400/50000      elitist  2.3772744E+22 feasible? F
gen  11500/50000      elitist  2.3772744E+22 feasible? F
gen  11600/50000      elitist  2.3772744E+22 feasible? F
gen  11700/50000      elitist  2.3772744E+22 feasible? F
gen  11800/50000      elitist  2.3772744E+22 feasible? F
gen  11900/50000      elitist  2.3772744E+22 feasible? F
gen  12000/50000      elitist  2.3772744E+22 feasible? F
gen  12100/50000      elitist  2.3772744E+22 feasible? F
gen  12200/50000      elitist  2.3772744E+22 feasible? F
gen  12300/50000      elitist  2.3772744E+22 feasible? F
gen  12400/50000      elitist  2.3772744E+22 feasible? F
gen  12500/50000      elitist  2.3772744E+22 feasible? F
gen  12600/50000      elitist  2.3772744E+22 feasible? F
gen  12700/50000      elitist  2.3772744E+22 feasible? F
gen  12800/50000      elitist  2.3772744E+22 feasible? F
gen  12900/50000      elitist  2.3772744E+22 feasible? F
gen  13000/50000      elitist  2.3772744E+22 feasible? F
gen  13100/50000      elitist  2.3772744E+22 feasible? F
gen  13200/50000      elitist  2.3772744E+22 feasible? F
gen  13300/50000      elitist  2.3772744E+22 feasible? F
gen  13400/50000      elitist  2.3772744E+22 feasible? F
gen  13500/50000      elitist  2.3772744E+22 feasible? F
gen  13600/50000      elitist  2.3772744E+22 feasible? F
gen  13700/50000      elitist  2.3772744E+22 feasible? F
gen  13800/50000      elitist  2.3772744E+22 feasible? F
gen  13900/50000      elitist  2.3772744E+22 feasible? F
gen  14000/50000      elitist  2.3772744E+22 feasible? F
gen  14100/50000      elitist  2.3772744E+22 feasible? F
gen  14200/50000      elitist  2.3772744E+22 feasible? F
gen  14300/50000      elitist  2.3772744E+22 feasible? F
gen  14400/50000      elitist  2.3772744E+22 feasible? F
gen  14500/50000      elitist  2.3772744E+22 feasible? F
gen  14600/50000      elitist  2.3772744E+22 feasible? F
gen  14700/50000      elitist  2.3772744E+22 feasible? F
gen  14800/50000      elitist  2.3772744E+22 feasible? F
gen  14900/50000      elitist  2.3772744E+22 feasible? F
gen  15000/50000      elitist  2.3772744E+22 feasible? F
gen  15100/50000      elitist  2.3772744E+22 feasible? F
gen  15200/50000      elitist  2.3772744E+22 feasible? F
gen  15300/50000      elitist  2.3772744E+22 feasible? F
gen  15400/50000      elitist  2.3772744E+22 feasible? F
gen  15500/50000      elitist  2.3772744E+22 feasible? F
gen  15600/50000      elitist  2.3772744E+22 feasible? F
gen  15700/50000      elitist  2.3772744E+22 feasible? F
gen  15800/50000      elitist  2.3772744E+22 feasible? F
gen  15900/50000      elitist  2.3772744E+22 feasible? F
gen  16000/50000      elitist  2.3772744E+22 feasible? F
gen  16100/50000      elitist  2.3772744E+22 feasible? F
gen  16200/50000      elitist  2.3772744E+22 feasible? F
gen  16300/50000      elitist  2.3772744E+22 feasible? F
gen  16400/50000      elitist  2.3772744E+22 feasible? F
gen  16500/50000      elitist  2.3772744E+22 feasible? F
gen  16600/50000      elitist  2.3772744E+22 feasible? F
gen  16700/50000      elitist  2.3772744E+22 feasible? F
gen  16800/50000      elitist  2.3772744E+22 feasible? F
gen  16900/50000      elitist  2.3772744E+22 feasible? F
gen  17000/50000      elitist  2.3772744E+22 feasible? F
gen  17100/50000      elitist  2.3772744E+22 feasible? F
gen  17200/50000      elitist  2.3772744E+22 feasible? F
gen  17300/50000      elitist  2.3772744E+22 feasible? F
gen  17400/50000      elitist  2.3772744E+22 feasible? F
gen  17500/50000      elitist  2.3772744E+22 feasible? F
gen  17600/50000      elitist  2.3772744E+22 feasible? F
gen  17700/50000      elitist  2.3772744E+22 feasible? F
gen  17800/50000      elitist  2.3772744E+22 feasible? F
gen  17900/50000      elitist  2.3772744E+22 feasible? F
gen  18000/50000      elitist  2.3772744E+22 feasible? F
gen  18100/50000      elitist  2.3772744E+22 feasible? F
gen  18200/50000      elitist  2.3772744E+22 feasible? F
gen  18300/50000      elitist  2.3772744E+22 feasible? F
gen  18400/50000      elitist  2.3772744E+22 feasible? F
gen  18500/50000      elitist  2.3772744E+22 feasible? F
gen  18600/50000      elitist  2.3772744E+22 feasible? F
gen  18700/50000      elitist  2.3772744E+22 feasible? F
gen  18800/50000      elitist  2.3772744E+22 feasible? F
gen  18900/50000      elitist  2.3772744E+22 feasible? F
gen  19000/50000      elitist  2.3772744E+22 feasible? F
gen  19100/50000      elitist  2.3772744E+22 feasible? F
gen  19200/50000      elitist  2.3772744E+22 feasible? F
gen  19300/50000      elitist  2.3772744E+22 feasible? F
gen  19400/50000      elitist  2.3772744E+22 feasible? F
gen  19500/50000      elitist  2.3772744E+22 feasible? F
gen  19600/50000      elitist  2.3772744E+22 feasible? F
gen  19700/50000      elitist  2.3772744E+22 feasible? F
gen  19800/50000      elitist  2.3772744E+22 feasible? F
gen  19900/50000      elitist  2.3772744E+22 feasible? F
gen  20000/50000      elitist  2.3772744E+22 feasible? F
gen  20100/50000      elitist  2.3772744E+22 feasible? F
gen  20200/50000      elitist  2.3772744E+22 feasible? F
gen  20300/50000      elitist  2.3772744E+22 feasible? F
gen  20400/50000      elitist  2.3772744E+22 feasible? F
gen  20500/50000      elitist  2.3772744E+22 feasible? F
gen  20600/50000      elitist  2.3772744E+22 feasible? F
gen  20700/50000      elitist  2.3772744E+22 feasible? F
gen  20800/50000      elitist  2.3772744E+22 feasible? F
gen  20900/50000      elitist  2.3772744E+22 feasible? F
gen  21000/50000      elitist  2.3772744E+22 feasible? F
gen  21100/50000      elitist  2.3772744E+22 feasible? F
gen  21200/50000      elitist  2.3772744E+22 feasible? F
gen  21300/50000      elitist  2.3772744E+22 feasible? F
gen  21400/50000      elitist  2.3772744E+22 feasible? F
gen  21500/50000      elitist  2.3772744E+22 feasible? F
gen  21600/50000      elitist  2.3772744E+22 feasible? F
gen  21700/50000      elitist  2.3772744E+22 feasible? F
gen  21800/50000      elitist  2.3772744E+22 feasible? F
gen  21900/50000      elitist  2.3772744E+22 feasible? F
gen  22000/50000      elitist  2.3772744E+22 feasible? F
gen  22100/50000      elitist  2.3772744E+22 feasible? F
gen  22200/50000      elitist  2.3772744E+22 feasible? F
gen  22300/50000      elitist  2.3772744E+22 feasible? F
gen  22400/50000      elitist  2.3772744E+22 feasible? F
gen  22500/50000      elitist  2.3772744E+22 feasible? F
gen  22600/50000      elitist  2.3772744E+22 feasible? F
gen  22700/50000      elitist  2.3772744E+22 feasible? F
gen  22800/50000      elitist  2.3772744E+22 feasible? F
gen  22900/50000      elitist  2.3772744E+22 feasible? F
gen  23000/50000      elitist  2.3772744E+22 feasible? F
gen  23100/50000      elitist  2.3772744E+22 feasible? F
gen  23200/50000      elitist  2.3772744E+22 feasible? F
gen  23300/50000      elitist  2.3772744E+22 feasible? F
gen  23400/50000      elitist  2.3772744E+22 feasible? F
gen  23500/50000      elitist  2.3772744E+22 feasible? F
gen  23600/50000      elitist  2.3772744E+22 feasible? F
gen  23700/50000      elitist  2.3772744E+22 feasible? F
gen  23800/50000      elitist  2.3772744E+22 feasible? F
gen  23900/50000      elitist  2.3772744E+22 feasible? F
gen  24000/50000      elitist  2.3772744E+22 feasible? F
gen  24100/50000      elitist  2.3772744E+22 feasible? F
gen  24200/50000      elitist  2.3772744E+22 feasible? F
gen  24300/50000      elitist  2.3772744E+22 feasible? F
gen  24400/50000      elitist  2.3772744E+22 feasible? F
gen  24500/50000      elitist  2.3772744E+22 feasible? F
gen  24600/50000      elitist  2.3772744E+22 feasible? F
gen  24700/50000      elitist  2.3772744E+22 feasible? F
gen  24800/50000      elitist  2.3772744E+22 feasible? F
gen  24900/50000      elitist  2.3772744E+22 feasible? F
gen  25000/50000      elitist  2.3772744E+22 feasible? F
gen  25100/50000      elitist  2.3772744E+22 feasible? F
gen  25200/50000      elitist  2.3772744E+22 feasible? F
gen  25300/50000      elitist  2.3772744E+22 feasible? F
gen  25400/50000      elitist  2.3772744E+22 feasible? F
gen  25500/50000      elitist  2.3772744E+22 feasible? F
gen  25600/50000      elitist  2.3772744E+22 feasible? F
gen  25700/50000      elitist  2.3772744E+22 feasible? F
gen  25800/50000      elitist  2.3772744E+22 feasible? F
gen  25900/50000      elitist  2.3772744E+22 feasible? F
gen  26000/50000      elitist  2.3772744E+22 feasible? F
gen  26100/50000      elitist  2.3772744E+22 feasible? F
gen  26200/50000      elitist  2.3772744E+22 feasible? F
gen  26300/50000      elitist  2.3772744E+22 feasible? F
gen  26400/50000      elitist  2.3772744E+22 feasible? F
gen  26500/50000      elitist  2.3772744E+22 feasible? F
gen  26600/50000      elitist  2.3772744E+22 feasible? F
gen  26700/50000      elitist  2.3772744E+22 feasible? F
gen  26800/50000      elitist  2.3772744E+22 feasible? F
gen  26900/50000      elitist  2.3772744E+22 feasible? F
gen  27000/50000      elitist  2.3772744E+22 feasible? F
gen  27100/50000      elitist  2.3772744E+22 feasible? F
gen  27200/50000      elitist  2.3772744E+22 feasible? F
gen  27300/50000      elitist  2.3772744E+22 feasible? F
gen  27400/50000      elitist  2.3772744E+22 feasible? F
gen  27500/50000      elitist  2.3772744E+22 feasible? F
gen  27600/50000      elitist  2.3772744E+22 feasible? F
gen  27700/50000      elitist  2.3772744E+22 feasible? F
gen  27800/50000      elitist  2.3772744E+22 feasible? F
gen  27900/50000      elitist  2.3772744E+22 feasible? F
gen  28000/50000      elitist  2.3772744E+22 feasible? F
gen  28100/50000      elitist  2.3772744E+22 feasible? F
gen  28200/50000      elitist  2.3772744E+22 feasible? F
gen  28300/50000      elitist  2.3772744E+22 feasible? F
gen  28400/50000      elitist  2.3772744E+22 feasible? F
gen  28500/50000      elitist  2.3772744E+22 feasible? F
gen  28600/50000      elitist  2.3772744E+22 feasible? F
gen  28700/50000      elitist  2.3772744E+22 feasible? F
gen  28800/50000      elitist  2.3772744E+22 feasible? F
gen  28900/50000      elitist  2.3772744E+22 feasible? F
gen  29000/50000      elitist  2.3772744E+22 feasible? F
gen  29100/50000      elitist  2.3772744E+22 feasible? F
gen  29200/50000      elitist  2.3772744E+22 feasible? F
gen  29300/50000      elitist  2.3772744E+22 feasible? F
gen  29400/50000      elitist  2.3772744E+22 feasible? F
gen  29500/50000      elitist  2.3772744E+22 feasible? F
gen  29600/50000      elitist  2.3772744E+22 feasible? F
gen  29700/50000      elitist  2.3772744E+22 feasible? F
gen  29800/50000      elitist  2.3772744E+22 feasible? F
gen  29900/50000      elitist  2.3772744E+22 feasible? F
gen  30000/50000      elitist  2.3772744E+22 feasible? F
gen  30100/50000      elitist  2.3772744E+22 feasible? F
gen  30200/50000      elitist  2.3772744E+22 feasible? F
gen  30300/50000      elitist  2.3772744E+22 feasible? F
gen  30400/50000      elitist  2.3772744E+22 feasible? F
gen  30500/50000      elitist  2.3772744E+22 feasible? F
gen  30600/50000      elitist  2.3772744E+22 feasible? F
gen  30700/50000      elitist  2.3772744E+22 feasible? F
gen  30800/50000      elitist  2.3772744E+22 feasible? F
gen  30900/50000      elitist  2.3772744E+22 feasible? F
gen  31000/50000      elitist  2.3772744E+22 feasible? F
gen  31100/50000      elitist  2.3772744E+22 feasible? F
gen  31200/50000      elitist  2.3772744E+22 feasible? F
gen  31300/50000      elitist  2.3772744E+22 feasible? F
gen  31400/50000      elitist  2.3772744E+22 feasible? F
gen  31500/50000      elitist  2.3772744E+22 feasible? F
gen  31600/50000      elitist  2.3772744E+22 feasible? F
gen  31700/50000      elitist  2.3772744E+22 feasible? F
gen  31800/50000      elitist  2.3772744E+22 feasible? F
gen  31900/50000      elitist  2.3772744E+22 feasible? F
gen  32000/50000      elitist  2.3772744E+22 feasible? F
gen  32100/50000      elitist  2.3772744E+22 feasible? F
gen  32200/50000      elitist  2.3772744E+22 feasible? F
gen  32300/50000      elitist  2.3772744E+22 feasible? F
gen  32400/50000      elitist  2.3772744E+22 feasible? F
gen  32500/50000      elitist  2.3772744E+22 feasible? F
gen  32600/50000      elitist  2.3772744E+22 feasible? F
gen  32700/50000      elitist  2.3772744E+22 feasible? F
gen  32800/50000      elitist  2.3772744E+22 feasible? F
gen  32900/50000      elitist  2.3772744E+22 feasible? F
gen  33000/50000      elitist  2.3772744E+22 feasible? F
gen  33100/50000      elitist  2.3772744E+22 feasible? F
gen  33200/50000      elitist  2.3772744E+22 feasible? F
gen  33300/50000      elitist  2.3772744E+22 feasible? F
gen  33400/50000      elitist  2.3772744E+22 feasible? F
gen  33500/50000      elitist  2.3772744E+22 feasible? F
gen  33600/50000      elitist  2.3772744E+22 feasible? F
gen  33700/50000      elitist  2.3772744E+22 feasible? F
gen  33800/50000      elitist  2.3772744E+22 feasible? F
gen  33900/50000      elitist  2.3772744E+22 feasible? F
gen  34000/50000      elitist  2.3772744E+22 feasible? F
gen  34100/50000      elitist  2.3772744E+22 feasible? F
gen  34200/50000      elitist  2.3772744E+22 feasible? F
gen  34300/50000      elitist  2.3772744E+22 feasible? F
gen  34400/50000      elitist  2.3772744E+22 feasible? F
gen  34500/50000      elitist  2.3772744E+22 feasible? F
gen  34600/50000      elitist  2.3772744E+22 feasible? F
gen  34700/50000      elitist  2.3772744E+22 feasible? F
gen  34800/50000      elitist  2.3772744E+22 feasible? F
gen  34900/50000      elitist  2.3772744E+22 feasible? F
gen  35000/50000      elitist  2.3772744E+22 feasible? F
gen  35100/50000      elitist  2.3772744E+22 feasible? F
gen  35200/50000      elitist  2.3772744E+22 feasible? F
gen  35300/50000      elitist  2.3772744E+22 feasible? F
gen  35400/50000      elitist  2.3772744E+22 feasible? F
gen  35500/50000      elitist  2.3772744E+22 feasible? F
gen  35600/50000      elitist  2.3772744E+22 feasible? F
gen  35700/50000      elitist  2.3772744E+22 feasible? F
gen  35800/50000      elitist  2.3772744E+22 feasible? F
gen  35900/50000      elitist  2.3772744E+22 feasible? F
gen  36000/50000      elitist  2.3772744E+22 feasible? F
gen  36100/50000      elitist  2.3772744E+22 feasible? F
gen  36200/50000      elitist  2.3772744E+22 feasible? F
gen  36300/50000      elitist  2.3772744E+22 feasible? F
gen  36400/50000      elitist  2.3772744E+22 feasible? F
gen  36500/50000      elitist  2.3772744E+22 feasible? F
gen  36600/50000      elitist  2.3772744E+22 feasible? F
gen  36700/50000      elitist  2.3772744E+22 feasible? F
gen  36800/50000      elitist  2.3772744E+22 feasible? F
gen  36900/50000      elitist  2.3772744E+22 feasible? F
gen  37000/50000      elitist  2.3772744E+22 feasible? F
gen  37100/50000      elitist  2.3772744E+22 feasible? F
gen  37200/50000      elitist  2.3772744E+22 feasible? F
gen  37300/50000      elitist  2.3772744E+22 feasible? F
gen  37400/50000      elitist  2.3772744E+22 feasible? F
gen  37500/50000      elitist  2.3772744E+22 feasible? F
gen  37600/50000      elitist  2.3772744E+22 feasible? F
gen  37700/50000      elitist  2.3772744E+22 feasible? F
gen  37800/50000      elitist  2.3772744E+22 feasible? F
gen  37900/50000      elitist  2.3772744E+22 feasible? F
gen  38000/50000      elitist  2.3772744E+22 feasible? F
gen  38100/50000      elitist  2.3772744E+22 feasible? F
gen  38200/50000      elitist  2.3772744E+22 feasible? F
gen  38300/50000      elitist  2.3772744E+22 feasible? F
gen  38400/50000      elitist  2.3772744E+22 feasible? F
gen  38500/50000      elitist  2.3772744E+22 feasible? F
gen  38600/50000      elitist  2.3772744E+22 feasible? F
gen  38700/50000      elitist  2.3772744E+22 feasible? F
gen  38800/50000      elitist  2.3772744E+22 feasible? F
gen  38900/50000      elitist  2.3772744E+22 feasible? F
gen  39000/50000      elitist  2.3772744E+22 feasible? F
gen  39100/50000      elitist  2.3772744E+22 feasible? F
gen  39200/50000      elitist  2.3772744E+22 feasible? F
gen  39300/50000      elitist  2.3772744E+22 feasible? F
gen  39400/50000      elitist  2.3772744E+22 feasible? F
gen  39500/50000      elitist  2.3772744E+22 feasible? F
gen  39600/50000      elitist  2.3772744E+22 feasible? F
gen  39700/50000      elitist  2.3772744E+22 feasible? F
gen  39800/50000      elitist  2.3772744E+22 feasible? F
gen  39900/50000      elitist  2.3772744E+22 feasible? F
gen  40000/50000      elitist  2.3772744E+22 feasible? F
gen  40100/50000      elitist  2.3772744E+22 feasible? F
gen  40200/50000      elitist  2.3772744E+22 feasible? F
gen  40300/50000      elitist  2.3772744E+22 feasible? F
gen  40400/50000      elitist  2.3772744E+22 feasible? F
gen  40500/50000      elitist  2.3772744E+22 feasible? F
gen  40600/50000      elitist  2.3772744E+22 feasible? F
gen  40700/50000      elitist  2.3772744E+22 feasible? F
gen  40800/50000      elitist  2.3772744E+22 feasible? F
gen  40900/50000      elitist  2.3772744E+22 feasible? F
gen  41000/50000      elitist  2.3772744E+22 feasible? F
gen  41100/50000      elitist  2.3772744E+22 feasible? F
gen  41200/50000      elitist  2.3772744E+22 feasible? F
gen  41300/50000      elitist  2.3772744E+22 feasible? F
gen  41400/50000      elitist  2.3772744E+22 feasible? F
gen  41500/50000      elitist  2.3772744E+22 feasible? F
gen  41600/50000      elitist  2.3772744E+22 feasible? F
gen  41700/50000      elitist  2.3772744E+22 feasible? F
gen  41800/50000      elitist  2.3772744E+22 feasible? F
gen  41900/50000      elitist  2.3772744E+22 feasible? F
gen  42000/50000      elitist  2.3772744E+22 feasible? F
gen  42100/50000      elitist  2.3772744E+22 feasible? F
gen  42200/50000      elitist  2.3772744E+22 feasible? F
gen  42300/50000      elitist  2.3772744E+22 feasible? F
gen  42400/50000      elitist  2.3772744E+22 feasible? F
gen  42500/50000      elitist  2.3772744E+22 feasible? F
gen  42600/50000      elitist  2.3772744E+22 feasible? F
gen  42700/50000      elitist  2.3772744E+22 feasible? F
gen  42800/50000      elitist  2.3772744E+22 feasible? F
gen  42900/50000      elitist  2.3772744E+22 feasible? F
gen  43000/50000      elitist  2.3772744E+22 feasible? F
gen  43100/50000      elitist  2.3772744E+22 feasible? F
gen  43200/50000      elitist  2.3772744E+22 feasible? F
gen  43300/50000      elitist  2.3772744E+22 feasible? F
gen  43400/50000      elitist  2.3772744E+22 feasible? F
gen  43500/50000      elitist  2.3772744E+22 feasible? F
gen  43600/50000      elitist  2.3772744E+22 feasible? F
gen  43700/50000      elitist  2.3772744E+22 feasible? F
gen  43800/50000      elitist  2.3772744E+22 feasible? F
gen  43900/50000      elitist  2.3772744E+22 feasible? F
gen  44000/50000      elitist  2.3772744E+22 feasible? F
gen  44100/50000      elitist  2.3772744E+22 feasible? F
gen  44200/50000      elitist  2.3772744E+22 feasible? F
gen  44300/50000      elitist  2.3772744E+22 feasible? F
gen  44400/50000      elitist  2.3772744E+22 feasible? F
gen  44500/50000      elitist  2.3772744E+22 feasible? F
gen  44600/50000      elitist  2.3772744E+22 feasible? F
gen  44700/50000      elitist  2.3772744E+22 feasible? F
gen  44800/50000      elitist  2.3772744E+22 feasible? F
gen  44900/50000      elitist  2.3772744E+22 feasible? F
gen  45000/50000      elitist  2.3772744E+22 feasible? F
gen  45100/50000      elitist  2.3772744E+22 feasible? F
gen  45200/50000      elitist  2.3772744E+22 feasible? F
gen  45300/50000      elitist  2.3772744E+22 feasible? F
gen  45400/50000      elitist  2.3772744E+22 feasible? F
gen  45500/50000      elitist  2.3772744E+22 feasible? F
gen  45600/50000      elitist  2.3772744E+22 feasible? F
gen  45700/50000      elitist  2.3772744E+22 feasible? F
gen  45800/50000      elitist  2.3772744E+22 feasible? F
gen  45900/50000      elitist  2.3772744E+22 feasible? F
gen  46000/50000      elitist  2.3772744E+22 feasible? F
gen  46100/50000      elitist  2.3772744E+22 feasible? F
gen  46200/50000      elitist  2.3772744E+22 feasible? F
gen  46300/50000      elitist  2.3772744E+22 feasible? F
gen  46400/50000      elitist  2.3772744E+22 feasible? F
gen  46500/50000      elitist  2.3772744E+22 feasible? F
gen  46600/50000      elitist  2.3772744E+22 feasible? F
gen  46700/50000      elitist  2.3772744E+22 feasible? F
gen  46800/50000      elitist  2.3772744E+22 feasible? F
gen  46900/50000      elitist  2.3772744E+22 feasible? F
gen  47000/50000      elitist  2.3772744E+22 feasible? F
gen  47100/50000      elitist  2.3772744E+22 feasible? F
gen  47200/50000      elitist  2.3772744E+22 feasible? F
gen  47300/50000      elitist  2.3772744E+22 feasible? F
gen  47400/50000      elitist  2.3772744E+22 feasible? F
gen  47500/50000      elitist  2.3772744E+22 feasible? F
gen  47600/50000      elitist  2.3772744E+22 feasible? F
gen  47700/50000      elitist  2.3772744E+22 feasible? F
gen  47800/50000      elitist  2.3772744E+22 feasible? F
gen  47900/50000      elitist  2.3772744E+22 feasible? F
gen  48000/50000      elitist  2.3772744E+22 feasible? F
gen  48100/50000      elitist  2.3772744E+22 feasible? F
gen  48200/50000      elitist  2.3772744E+22 feasible? F
gen  48300/50000      elitist  2.3772744E+22 feasible? F
gen  48400/50000      elitist  2.3772744E+22 feasible? F
gen  48500/50000      elitist  2.3772744E+22 feasible? F
gen  48600/50000      elitist  2.3772744E+22 feasible? F
gen  48700/50000      elitist  2.3772744E+22 feasible? F
gen  48800/50000      elitist  2.3772744E+22 feasible? F
gen  48900/50000      elitist  2.3772744E+22 feasible? F
gen  49000/50000      elitist  2.3772744E+22 feasible? F
gen  49100/50000      elitist  2.3772744E+22 feasible? F
gen  49200/50000      elitist  2.3772744E+22 feasible? F
gen  49300/50000      elitist  2.3772744E+22 feasible? F
gen  49400/50000      elitist  2.3772744E+22 feasible? F
gen  49500/50000      elitist  2.3772744E+22 feasible? F
gen  49600/50000      elitist  2.3772744E+22 feasible? F
gen  49700/50000      elitist  2.3772744E+22 feasible? F
gen  49800/50000      elitist  2.3772744E+22 feasible? F
gen  49900/50000      elitist  2.3772744E+22 feasible? F
gen  50000/50000      elitist  2.3772744E+22 feasible? F
WARNING: No feasible solution was found!
Starting local simplex optimization:
Solution before refinement:      2.3772743841E+22
Solution after  refinement:      2.3772743841E+22
RMSE         2.377274384E+22 Hartree

Starting fitting procedure for 25 charges, trial 3
gen      0/50000      elitist  2.6411525E-02 feasible? F
gen    100/50000      elitist  3.9053855E+22 feasible? F
gen    200/50000      elitist  3.7959324E+22 feasible? F
gen    300/50000      elitist  5.6381857E+22 feasible? F
gen    400/50000      elitist  5.6381857E+22 feasible? F
gen    500/50000      elitist  5.6381857E+22 feasible? F
gen    600/50000      elitist  5.6381857E+22 feasible? F
gen    700/50000      elitist  5.6381857E+22 feasible? F
gen    800/50000      elitist  5.6381857E+22 feasible? F
gen    900/50000      elitist  5.6381857E+22 feasible? F
gen   1000/50000      elitist  5.6381857E+22 feasible? F
gen   1100/50000      elitist  5.6381857E+22 feasible? F
gen   1200/50000      elitist  5.6381857E+22 feasible? F
gen   1300/50000      elitist  5.6381857E+22 feasible? F
gen   1400/50000      elitist  5.6381857E+22 feasible? F
gen   1500/50000      elitist  5.6381857E+22 feasible? F
gen   1600/50000      elitist  5.6381857E+22 feasible? F
gen   1700/50000      elitist  5.6381857E+22 feasible? F
gen   1800/50000      elitist  5.6381857E+22 feasible? F
gen   1900/50000      elitist  5.6381857E+22 feasible? F
gen   2000/50000      elitist  5.6381857E+22 feasible? F
gen   2100/50000      elitist  5.6381857E+22 feasible? F
gen   2200/50000      elitist  5.6381857E+22 feasible? F
gen   2300/50000      elitist  5.6381857E+22 feasible? F
gen   2400/50000      elitist  5.6381857E+22 feasible? F
gen   2500/50000      elitist  5.6381857E+22 feasible? F
gen   2600/50000      elitist  5.6381857E+22 feasible? F
gen   2700/50000      elitist  5.6381857E+22 feasible? F
gen   2800/50000      elitist  5.6381857E+22 feasible? F
gen   2900/50000      elitist  5.6381857E+22 feasible? F
gen   3000/50000      elitist  5.6381857E+22 feasible? F
gen   3100/50000      elitist  5.6381857E+22 feasible? F
gen   3200/50000      elitist  5.6381857E+22 feasible? F
gen   3300/50000      elitist  5.6381857E+22 feasible? F
gen   3400/50000      elitist  5.6381857E+22 feasible? F
gen   3500/50000      elitist  5.6381857E+22 feasible? F
gen   3600/50000      elitist  5.6381857E+22 feasible? F
gen   3700/50000      elitist  5.6381857E+22 feasible? F
gen   3800/50000      elitist  5.6381857E+22 feasible? F
gen   3900/50000      elitist  5.6381857E+22 feasible? F
gen   4000/50000      elitist  5.6381857E+22 feasible? F
gen   4100/50000      elitist  5.6381857E+22 feasible? F
gen   4200/50000      elitist  5.6381857E+22 feasible? F
gen   4300/50000      elitist  5.6381857E+22 feasible? F
gen   4400/50000      elitist  5.6381857E+22 feasible? F
gen   4500/50000      elitist  5.6381857E+22 feasible? F
gen   4600/50000      elitist  5.6381857E+22 feasible? F
gen   4700/50000      elitist  5.6381857E+22 feasible? F
gen   4800/50000      elitist  5.6381857E+22 feasible? F
gen   4900/50000      elitist  5.6381857E+22 feasible? F
gen   5000/50000      elitist  5.6381857E+22 feasible? F
gen   5100/50000      elitist  5.6381857E+22 feasible? F
gen   5200/50000      elitist  5.6381857E+22 feasible? F
gen   5300/50000      elitist  5.6381857E+22 feasible? F
gen   5400/50000      elitist  5.6381857E+22 feasible? F
gen   5500/50000      elitist  5.6381857E+22 feasible? F
gen   5600/50000      elitist  5.6381857E+22 feasible? F
gen   5700/50000      elitist  5.6381857E+22 feasible? F
gen   5800/50000      elitist  5.6381857E+22 feasible? F
gen   5900/50000      elitist  5.6381857E+22 feasible? F
gen   6000/50000      elitist  5.6381857E+22 feasible? F
gen   6100/50000      elitist  5.6381857E+22 feasible? F
gen   6200/50000      elitist  5.6381857E+22 feasible? F
gen   6300/50000      elitist  5.6381857E+22 feasible? F
gen   6400/50000      elitist  5.6381857E+22 feasible? F
gen   6500/50000      elitist  5.6381857E+22 feasible? F
gen   6600/50000      elitist  5.6381857E+22 feasible? F
gen   6700/50000      elitist  5.6381857E+22 feasible? F
gen   6800/50000      elitist  5.6381857E+22 feasible? F
gen   6900/50000      elitist  5.6381857E+22 feasible? F
gen   7000/50000      elitist  5.6381857E+22 feasible? F
gen   7100/50000      elitist  5.6381857E+22 feasible? F
gen   7200/50000      elitist  5.6381857E+22 feasible? F
gen   7300/50000      elitist  5.6381857E+22 feasible? F
gen   7400/50000      elitist  5.6381857E+22 feasible? F
gen   7500/50000      elitist  5.6381857E+22 feasible? F
gen   7600/50000      elitist  5.6381857E+22 feasible? F
gen   7700/50000      elitist  5.6381857E+22 feasible? F
gen   7800/50000      elitist  5.6381857E+22 feasible? F
gen   7900/50000      elitist  5.6381857E+22 feasible? F
gen   8000/50000      elitist  5.6381857E+22 feasible? F
gen   8100/50000      elitist  5.6381857E+22 feasible? F
gen   8200/50000      elitist  5.6381857E+22 feasible? F
gen   8300/50000      elitist  5.6381857E+22 feasible? F
gen   8400/50000      elitist  5.6381857E+22 feasible? F
gen   8500/50000      elitist  5.6381857E+22 feasible? F
gen   8600/50000      elitist  5.6381857E+22 feasible? F
gen   8700/50000      elitist  5.6381857E+22 feasible? F
gen   8800/50000      elitist  5.6381857E+22 feasible? F
gen   8900/50000      elitist  5.6381857E+22 feasible? F
gen   9000/50000      elitist  5.6381857E+22 feasible? F
gen   9100/50000      elitist  5.6381857E+22 feasible? F
gen   9200/50000      elitist  5.6381857E+22 feasible? F
gen   9300/50000      elitist  5.6381857E+22 feasible? F
gen   9400/50000      elitist  5.6381857E+22 feasible? F
gen   9500/50000      elitist  5.6381857E+22 feasible? F
gen   9600/50000      elitist  5.6381857E+22 feasible? F
gen   9700/50000      elitist  5.6381857E+22 feasible? F
gen   9800/50000      elitist  5.6381857E+22 feasible? F
gen   9900/50000      elitist  5.6381857E+22 feasible? F
gen  10000/50000      elitist  5.6381857E+22 feasible? F
gen  10100/50000      elitist  5.6381857E+22 feasible? F
gen  10200/50000      elitist  5.6381857E+22 feasible? F
gen  10300/50000      elitist  5.6381857E+22 feasible? F
gen  10400/50000      elitist  5.6381857E+22 feasible? F
gen  10500/50000      elitist  5.6381857E+22 feasible? F
gen  10600/50000      elitist  5.6381857E+22 feasible? F
gen  10700/50000      elitist  5.6381857E+22 feasible? F
gen  10800/50000      elitist  5.6381857E+22 feasible? F
gen  10900/50000      elitist  5.6381857E+22 feasible? F
gen  11000/50000      elitist  5.6381857E+22 feasible? F
gen  11100/50000      elitist  5.6381857E+22 feasible? F
gen  11200/50000      elitist  5.6381857E+22 feasible? F
gen  11300/50000      elitist  5.6381857E+22 feasible? F
gen  11400/50000      elitist  5.6381857E+22 feasible? F
gen  11500/50000      elitist  5.6381857E+22 feasible? F
gen  11600/50000      elitist  5.6381857E+22 feasible? F
gen  11700/50000      elitist  5.6381857E+22 feasible? F
gen  11800/50000      elitist  5.6381857E+22 feasible? F
gen  11900/50000      elitist  5.6381857E+22 feasible? F
gen  12000/50000      elitist  5.6381857E+22 feasible? F
gen  12100/50000      elitist  5.6381857E+22 feasible? F
gen  12200/50000      elitist  5.6381857E+22 feasible? F
gen  12300/50000      elitist  5.6381857E+22 feasible? F
gen  12400/50000      elitist  5.6381857E+22 feasible? F
gen  12500/50000      elitist  5.6381857E+22 feasible? F
gen  12600/50000      elitist  5.6381857E+22 feasible? F
gen  12700/50000      elitist  5.6381857E+22 feasible? F
gen  12800/50000      elitist  5.6381857E+22 feasible? F
gen  12900/50000      elitist  5.6381857E+22 feasible? F
gen  13000/50000      elitist  5.6381857E+22 feasible? F
gen  13100/50000      elitist  5.6381857E+22 feasible? F
gen  13200/50000      elitist  5.6381857E+22 feasible? F
gen  13300/50000      elitist  5.6381857E+22 feasible? F
gen  13400/50000      elitist  5.6381857E+22 feasible? F
gen  13500/50000      elitist  5.6381857E+22 feasible? F
gen  13600/50000      elitist  5.6381857E+22 feasible? F
gen  13700/50000      elitist  5.6381857E+22 feasible? F
gen  13800/50000      elitist  5.6381857E+22 feasible? F
gen  13900/50000      elitist  5.6381857E+22 feasible? F
gen  14000/50000      elitist  5.6381857E+22 feasible? F
gen  14100/50000      elitist  5.6381857E+22 feasible? F
gen  14200/50000      elitist  5.6381857E+22 feasible? F
gen  14300/50000      elitist  5.6381857E+22 feasible? F
gen  14400/50000      elitist  5.6381857E+22 feasible? F
gen  14500/50000      elitist  5.6381857E+22 feasible? F
gen  14600/50000      elitist  5.6381857E+22 feasible? F
gen  14700/50000      elitist  5.6381857E+22 feasible? F
gen  14800/50000      elitist  5.6381857E+22 feasible? F
gen  14900/50000      elitist  5.6381857E+22 feasible? F
gen  15000/50000      elitist  5.6381857E+22 feasible? F
gen  15100/50000      elitist  5.6381857E+22 feasible? F
gen  15200/50000      elitist  5.6381857E+22 feasible? F
gen  15300/50000      elitist  5.6381857E+22 feasible? F
gen  15400/50000      elitist  5.6381857E+22 feasible? F
gen  15500/50000      elitist  5.6381857E+22 feasible? F
gen  15600/50000      elitist  5.6381857E+22 feasible? F
gen  15700/50000      elitist  5.6381857E+22 feasible? F
gen  15800/50000      elitist  5.6381857E+22 feasible? F
gen  15900/50000      elitist  5.6381857E+22 feasible? F
gen  16000/50000      elitist  5.6381857E+22 feasible? F
gen  16100/50000      elitist  5.6381857E+22 feasible? F
gen  16200/50000      elitist  5.6381857E+22 feasible? F
gen  16300/50000      elitist  5.6381857E+22 feasible? F
gen  16400/50000      elitist  5.6381857E+22 feasible? F
gen  16500/50000      elitist  5.6381857E+22 feasible? F
gen  16600/50000      elitist  5.6381857E+22 feasible? F
gen  16700/50000      elitist  5.6381857E+22 feasible? F
gen  16800/50000      elitist  5.6381857E+22 feasible? F
gen  16900/50000      elitist  5.6381857E+22 feasible? F
gen  17000/50000      elitist  5.6381857E+22 feasible? F
gen  17100/50000      elitist  5.6381857E+22 feasible? F
gen  17200/50000      elitist  5.6381857E+22 feasible? F
gen  17300/50000      elitist  5.6381857E+22 feasible? F
gen  17400/50000      elitist  5.6381857E+22 feasible? F
gen  17500/50000      elitist  5.6381857E+22 feasible? F
gen  17600/50000      elitist  5.6381857E+22 feasible? F
gen  17700/50000      elitist  5.6381857E+22 feasible? F
gen  17800/50000      elitist  5.6381857E+22 feasible? F
gen  17900/50000      elitist  5.6381857E+22 feasible? F
gen  18000/50000      elitist  5.6381857E+22 feasible? F
gen  18100/50000      elitist  5.6381857E+22 feasible? F
gen  18200/50000      elitist  5.6381857E+22 feasible? F
gen  18300/50000      elitist  5.6381857E+22 feasible? F
gen  18400/50000      elitist  5.6381857E+22 feasible? F
gen  18500/50000      elitist  5.6381857E+22 feasible? F
gen  18600/50000      elitist  5.6381857E+22 feasible? F
gen  18700/50000      elitist  5.6381857E+22 feasible? F
gen  18800/50000      elitist  5.6381857E+22 feasible? F
gen  18900/50000      elitist  5.6381857E+22 feasible? F
gen  19000/50000      elitist  5.6381857E+22 feasible? F
gen  19100/50000      elitist  5.6381857E+22 feasible? F
gen  19200/50000      elitist  5.6381857E+22 feasible? F
gen  19300/50000      elitist  5.6381857E+22 feasible? F
gen  19400/50000      elitist  5.6381857E+22 feasible? F
gen  19500/50000      elitist  5.6381857E+22 feasible? F
gen  19600/50000      elitist  5.6381857E+22 feasible? F
gen  19700/50000      elitist  5.6381857E+22 feasible? F
gen  19800/50000      elitist  5.6381857E+22 feasible? F
gen  19900/50000      elitist  5.6381857E+22 feasible? F
gen  20000/50000      elitist  5.6381857E+22 feasible? F
gen  20100/50000      elitist  5.6381857E+22 feasible? F
gen  20200/50000      elitist  5.6381857E+22 feasible? F
gen  20300/50000      elitist  5.6381857E+22 feasible? F
gen  20400/50000      elitist  5.6381857E+22 feasible? F
gen  20500/50000      elitist  5.6381857E+22 feasible? F
gen  20600/50000      elitist  5.6381857E+22 feasible? F
gen  20700/50000      elitist  5.6381857E+22 feasible? F
gen  20800/50000      elitist  5.6381857E+22 feasible? F
