Running in fitting mode

Reading "/data/boittier/gaussian_scans/bromobutadiene/scan_extract_0.xyz.chk.fchk.pot.cube"...

  opt Potential
  Electrostatic potential from Total SCF Density
   10  -10.982195  -11.443988   -9.769128
   84    0.265911    0.000000    0.000000
   82    0.000000    0.265911    0.000000
   74    0.000000    0.000000    0.265911
    6    6.000000   -1.673952    3.606648    0.000000
    6    6.000000    0.000000    1.721109    0.000000
    6    6.000000    2.723878    2.103773    0.000000
    6    6.000000    4.508290    0.324643    0.000000
    1    1.000000   -3.687195    3.287689    0.000000
    1    1.000000   -0.999128    5.537939    0.000000
   35   35.000000   -1.213067   -1.674860    0.000000
    1    1.000000    3.266739    4.081797    0.000000
    1    1.000000    4.043439   -1.663450    0.000000
    1    1.000000    6.484203    0.839077    0.000000
 -4.50402E-03 -4.51053E-03 -4.51179E-03 -4.50778E-03 -4.37950E-03 -4.39021E-03
       .            .            .            .            .            .
       .            .            .            .            .            .
       .            .            .            .            .            .
  7.70629E-03  7.78523E-03  7.80058E-03  7.75172E-03  7.64058E-03  7.47148E-03

132359 out of 509712 gridpoints are considered ( 26.0%).

...done!




USING GREEDY MODE
File "multipole1_1charges.xyz" already exists. Fitting procedure is skipped.
File "multipole1_2charges.xyz" already exists. Fitting procedure is skipped.
File "multipole1_3charges.xyz" already exists. Fitting procedure is skipped.
File "multipole1_4charges.xyz" already exists. Fitting procedure is skipped.
File "multipole2_1charges.xyz" already exists. Fitting procedure is skipped.
File "multipole2_2charges.xyz" already exists. Fitting procedure is skipped.
File "multipole2_3charges.xyz" already exists. Fitting procedure is skipped.
File "multipole2_4charges.xyz" already exists. Fitting procedure is skipped.
File "multipole3_1charges.xyz" already exists. Fitting procedure is skipped.
File "multipole3_2charges.xyz" already exists. Fitting procedure is skipped.
File "multipole3_3charges.xyz" already exists. Fitting procedure is skipped.
File "multipole3_4charges.xyz" already exists. Fitting procedure is skipped.
File "multipole4_1charges.xyz" already exists. Fitting procedure is skipped.
File "multipole4_2charges.xyz" already exists. Fitting procedure is skipped.
File "multipole4_3charges.xyz" already exists. Fitting procedure is skipped.
File "multipole4_4charges.xyz" already exists. Fitting procedure is skipped.
File "multipole5_1charges.xyz" already exists. Fitting procedure is skipped.
File "multipole5_2charges.xyz" already exists. Fitting procedure is skipped.
File "multipole5_3charges.xyz" already exists. Fitting procedure is skipped.
File "multipole5_4charges.xyz" already exists. Fitting procedure is skipped.
File "multipole6_1charges.xyz" already exists. Fitting procedure is skipped.
File "multipole6_2charges.xyz" already exists. Fitting procedure is skipped.
File "multipole6_3charges.xyz" already exists. Fitting procedure is skipped.
File "multipole6_4charges.xyz" already exists. Fitting procedure is skipped.
File "multipole7_1charges.xyz" already exists. Fitting procedure is skipped.
File "multipole7_2charges.xyz" already exists. Fitting procedure is skipped.
File "multipole7_3charges.xyz" already exists. Fitting procedure is skipped.
File "multipole7_4charges.xyz" already exists. Fitting procedure is skipped.
File "multipole8_1charges.xyz" already exists. Fitting procedure is skipped.
File "multipole8_2charges.xyz" already exists. Fitting procedure is skipped.
File "multipole8_3charges.xyz" already exists. Fitting procedure is skipped.
File "multipole8_4charges.xyz" already exists. Fitting procedure is skipped.
File "multipole9_1charges.xyz" already exists. Fitting procedure is skipped.
File "multipole9_2charges.xyz" already exists. Fitting procedure is skipped.
File "multipole9_3charges.xyz" already exists. Fitting procedure is skipped.
File "multipole9_4charges.xyz" already exists. Fitting procedure is skipped.
File "multipole10_1charges.xyz" already exists. Fitting procedure is skipped.
File "multipole10_2charges.xyz" already exists. Fitting procedure is skipped.
File "multipole10_3charges.xyz" already exists. Fitting procedure is skipped.
File "multipole10_4charges.xyz" already exists. Fitting procedure is skipped.
Total fragment charge (a.u.):         1.040834086E-16
Running DE in parallel with 4 thread(s)!

Starting fitting procedure for 26 charges, trial 1
gen      0/52000      elitist  3.0283190E-02 feasible? F
gen    100/52000      elitist  3.0283190E-02 feasible? F
gen    200/52000      elitist  3.0283190E-02 feasible? F
gen    300/52000      elitist  1.3730604E-02 feasible? T
gen    400/52000      elitist  6.9049117E-03 feasible? T
gen    500/52000      elitist  6.1601931E-03 feasible? T
gen    600/52000      elitist  5.3894595E-03 feasible? T
gen    700/52000      elitist  4.9597548E-03 feasible? T
gen    800/52000      elitist  3.4013854E-03 feasible? T
gen    900/52000      elitist  3.1306208E-03 feasible? T
gen   1000/52000      elitist  3.0070136E-03 feasible? T
gen   1100/52000      elitist  2.8507390E-03 feasible? T
gen   1200/52000      elitist  2.8162651E-03 feasible? T
gen   1300/52000      elitist  2.7985071E-03 feasible? T
gen   1400/52000      elitist  2.6392924E-03 feasible? T
gen   1500/52000      elitist  2.5766721E-03 feasible? T
gen   1600/52000      elitist  2.5034774E-03 feasible? T
gen   1700/52000      elitist  2.4729363E-03 feasible? T
gen   1800/52000      elitist  2.4442392E-03 feasible? T
gen   1900/52000      elitist  2.4277710E-03 feasible? T
gen   2000/52000      elitist  2.4071751E-03 feasible? T
gen   2100/52000      elitist  2.4032527E-03 feasible? T
gen   2200/52000      elitist  2.3970893E-03 feasible? T
gen   2300/52000      elitist  2.3963565E-03 feasible? T
gen   2400/52000      elitist  2.3899326E-03 feasible? T
gen   2500/52000      elitist  2.3898522E-03 feasible? T
gen   2600/52000      elitist  2.3898450E-03 feasible? T
gen   2700/52000      elitist  2.3886792E-03 feasible? T
gen   2800/52000      elitist  2.3879877E-03 feasible? T
gen   2900/52000      elitist  2.3876032E-03 feasible? T
gen   3000/52000      elitist  2.3869082E-03 feasible? T
gen   3100/52000      elitist  2.3864423E-03 feasible? T
gen   3200/52000      elitist  2.3854449E-03 feasible? T
gen   3300/52000      elitist  2.3852149E-03 feasible? T
gen   3400/52000      elitist  2.3847356E-03 feasible? T
gen   3500/52000      elitist  2.3844887E-03 feasible? T
gen   3600/52000      elitist  2.3841672E-03 feasible? T
gen   3700/52000      elitist  2.3837770E-03 feasible? T
gen   3800/52000      elitist  2.3834995E-03 feasible? T
gen   3900/52000      elitist  2.3826827E-03 feasible? T
gen   4000/52000      elitist  2.3807066E-03 feasible? T
gen   4100/52000      elitist  2.3803138E-03 feasible? T
gen   4200/52000      elitist  2.3790294E-03 feasible? T
gen   4300/52000      elitist  2.3786240E-03 feasible? T
gen   4400/52000      elitist  2.3772226E-03 feasible? T
gen   4500/52000      elitist  2.3758700E-03 feasible? T
gen   4600/52000      elitist  2.3752893E-03 feasible? T
gen   4700/52000      elitist  2.3741891E-03 feasible? T
gen   4800/52000      elitist  2.3740768E-03 feasible? T
gen   4900/52000      elitist  2.3735658E-03 feasible? T
gen   5000/52000      elitist  2.3735010E-03 feasible? T
gen   5100/52000      elitist  2.3732488E-03 feasible? T
gen   5200/52000      elitist  2.3731065E-03 feasible? T
gen   5300/52000      elitist  2.3730713E-03 feasible? T
gen   5400/52000      elitist  2.3729868E-03 feasible? T
gen   5500/52000      elitist  2.3729076E-03 feasible? T
gen   5600/52000      elitist  2.3727764E-03 feasible? T
gen   5700/52000      elitist  2.3727204E-03 feasible? T
gen   5800/52000      elitist  2.3726349E-03 feasible? T
gen   5900/52000      elitist  2.3725551E-03 feasible? T
gen   6000/52000      elitist  2.3725195E-03 feasible? T
gen   6100/52000      elitist  2.3725112E-03 feasible? T
gen   6200/52000      elitist  2.3724759E-03 feasible? T
gen   6300/52000      elitist  2.3724653E-03 feasible? T
gen   6400/52000      elitist  2.3724538E-03 feasible? T
gen   6500/52000      elitist  2.3724372E-03 feasible? T
gen   6600/52000      elitist  2.3722179E-03 feasible? T
gen   6700/52000      elitist  2.3720151E-03 feasible? T
gen   6800/52000      elitist  2.3719977E-03 feasible? T
gen   6900/52000      elitist  2.3717568E-03 feasible? T
gen   7000/52000      elitist  2.3715428E-03 feasible? T
gen   7100/52000      elitist  2.3714568E-03 feasible? T
gen   7200/52000      elitist  2.3714235E-03 feasible? T
gen   7300/52000      elitist  2.3713496E-03 feasible? T
gen   7400/52000      elitist  2.3712521E-03 feasible? T
gen   7500/52000      elitist  2.3712348E-03 feasible? T
gen   7600/52000      elitist  2.3711801E-03 feasible? T
gen   7700/52000      elitist  2.3711397E-03 feasible? T
gen   7800/52000      elitist  2.3710595E-03 feasible? T
gen   7900/52000      elitist  2.3709813E-03 feasible? T
gen   8000/52000      elitist  2.3709449E-03 feasible? T
gen   8100/52000      elitist  2.3709075E-03 feasible? T
gen   8200/52000      elitist  2.3708826E-03 feasible? T
gen   8300/52000      elitist  2.3708636E-03 feasible? T
gen   8400/52000      elitist  2.3708416E-03 feasible? T
gen   8500/52000      elitist  2.3708366E-03 feasible? T
gen   8600/52000      elitist  2.3708092E-03 feasible? T
gen   8700/52000      elitist  2.3708032E-03 feasible? T
gen   8800/52000      elitist  2.3707962E-03 feasible? T
gen   8900/52000      elitist  2.3707919E-03 feasible? T
gen   9000/52000      elitist  2.3707905E-03 feasible? T
gen   9100/52000      elitist  2.3707881E-03 feasible? T
gen   9200/52000      elitist  2.3707846E-03 feasible? T
gen   9300/52000      elitist  2.3707745E-03 feasible? T
gen   9400/52000      elitist  2.3707681E-03 feasible? T
gen   9500/52000      elitist  2.3707657E-03 feasible? T
gen   9600/52000      elitist  2.3707401E-03 feasible? T
gen   9700/52000      elitist  2.3707355E-03 feasible? T
gen   9800/52000      elitist  2.3707331E-03 feasible? T
gen   9900/52000      elitist  2.3707327E-03 feasible? T
gen  10000/52000      elitist  2.3707324E-03 feasible? T
gen  10100/52000      elitist  2.3707319E-03 feasible? T
gen  10200/52000      elitist  2.3707318E-03 feasible? T
gen  10300/52000      elitist  2.3706928E-03 feasible? T
gen  10400/52000      elitist  2.3706785E-03 feasible? T
gen  10500/52000      elitist  2.3706664E-03 feasible? T
gen  10600/52000      elitist  2.3706524E-03 feasible? T
gen  10700/52000      elitist  2.3706497E-03 feasible? T
gen  10800/52000      elitist  2.3706485E-03 feasible? T
gen  10900/52000      elitist  2.3706456E-03 feasible? T
gen  11000/52000      elitist  2.3706428E-03 feasible? T
gen  11100/52000      elitist  2.3706427E-03 feasible? T
gen  11200/52000      elitist  2.3706412E-03 feasible? T
gen  11300/52000      elitist  2.3706402E-03 feasible? T
gen  11400/52000      elitist  2.3706399E-03 feasible? T
gen  11500/52000      elitist  2.3706392E-03 feasible? T
gen  11600/52000      elitist  2.3706383E-03 feasible? T
gen  11700/52000      elitist  2.3706381E-03 feasible? T
gen  11800/52000      elitist  2.3706353E-03 feasible? T
gen  11900/52000      elitist  2.3706285E-03 feasible? T
gen  12000/52000      elitist  2.3706258E-03 feasible? T
gen  12100/52000      elitist  2.3705513E-03 feasible? T
gen  12200/52000      elitist  2.3705014E-03 feasible? T
gen  12300/52000      elitist  2.3704783E-03 feasible? T
gen  12400/52000      elitist  2.3704518E-03 feasible? T
gen  12500/52000      elitist  2.3704444E-03 feasible? T
gen  12600/52000      elitist  2.3704364E-03 feasible? T
gen  12700/52000      elitist  2.3703778E-03 feasible? T
gen  12800/52000      elitist  2.3703702E-03 feasible? T
gen  12900/52000      elitist  2.3703379E-03 feasible? T
gen  13000/52000      elitist  2.3703165E-03 feasible? T
gen  13100/52000      elitist  2.3702991E-03 feasible? T
gen  13200/52000      elitist  2.3702374E-03 feasible? T
gen  13300/52000      elitist  2.3698568E-03 feasible? T
gen  13400/52000      elitist  2.3696764E-03 feasible? T
gen  13500/52000      elitist  2.3694599E-03 feasible? T
gen  13600/52000      elitist  2.3694229E-03 feasible? T
gen  13700/52000      elitist  2.3694032E-03 feasible? T
gen  13800/52000      elitist  2.3693704E-03 feasible? T
gen  13900/52000      elitist  2.3693499E-03 feasible? T
gen  14000/52000      elitist  2.3692662E-03 feasible? T
gen  14100/52000      elitist  2.3692121E-03 feasible? T
gen  14200/52000      elitist  2.3691403E-03 feasible? T
gen  14300/52000      elitist  2.3690811E-03 feasible? T
gen  14400/52000      elitist  2.3690451E-03 feasible? T
gen  14500/52000      elitist  2.3689600E-03 feasible? T
gen  14600/52000      elitist  2.3689340E-03 feasible? T
gen  14700/52000      elitist  2.3688898E-03 feasible? T
gen  14800/52000      elitist  2.3688843E-03 feasible? T
gen  14900/52000      elitist  2.3676061E-03 feasible? T
gen  15000/52000      elitist  2.3661399E-03 feasible? T
gen  15100/52000      elitist  2.3651873E-03 feasible? T
gen  15200/52000      elitist  2.3642964E-03 feasible? T
gen  15300/52000      elitist  2.3638804E-03 feasible? T
gen  15400/52000      elitist  2.3638248E-03 feasible? T
gen  15500/52000      elitist  2.3634530E-03 feasible? T
gen  15600/52000      elitist  2.3633345E-03 feasible? T
gen  15700/52000      elitist  2.3632178E-03 feasible? T
gen  15800/52000      elitist  2.3631658E-03 feasible? T
gen  15900/52000      elitist  2.3631500E-03 feasible? T
gen  16000/52000      elitist  2.3631288E-03 feasible? T
gen  16100/52000      elitist  2.3630962E-03 feasible? T
gen  16200/52000      elitist  2.3630668E-03 feasible? T
gen  16300/52000      elitist  2.3630567E-03 feasible? T
gen  16400/52000      elitist  2.3630453E-03 feasible? T
gen  16500/52000      elitist  2.3630164E-03 feasible? T
gen  16600/52000      elitist  2.3629969E-03 feasible? T
gen  16700/52000      elitist  2.3629601E-03 feasible? T
gen  16800/52000      elitist  2.3629473E-03 feasible? T
gen  16900/52000      elitist  2.3629184E-03 feasible? T
gen  17000/52000      elitist  2.3629118E-03 feasible? T
gen  17100/52000      elitist  2.3628925E-03 feasible? T
gen  17200/52000      elitist  2.3628877E-03 feasible? T
gen  17300/52000      elitist  2.3628751E-03 feasible? T
gen  17400/52000      elitist  2.3628607E-03 feasible? T
gen  17500/52000      elitist  2.3628579E-03 feasible? T
gen  17600/52000      elitist  2.3628444E-03 feasible? T
gen  17700/52000      elitist  2.3628407E-03 feasible? T
gen  17800/52000      elitist  2.3628365E-03 feasible? T
gen  17900/52000      elitist  2.3628319E-03 feasible? T
gen  18000/52000      elitist  2.3628301E-03 feasible? T
gen  18100/52000      elitist  2.3628248E-03 feasible? T
gen  18200/52000      elitist  2.3628185E-03 feasible? T
gen  18300/52000      elitist  2.3628164E-03 feasible? T
gen  18400/52000      elitist  2.3628109E-03 feasible? T
gen  18500/52000      elitist  2.3628085E-03 feasible? T
gen  18600/52000      elitist  2.3628052E-03 feasible? T
gen  18700/52000      elitist  2.3627993E-03 feasible? T
gen  18800/52000      elitist  2.3627983E-03 feasible? T
gen  18900/52000      elitist  2.3627955E-03 feasible? T
gen  19000/52000      elitist  2.3627947E-03 feasible? T
gen  19100/52000      elitist  2.3627937E-03 feasible? T
gen  19200/52000      elitist  2.3627913E-03 feasible? T
gen  19300/52000      elitist  2.3627905E-03 feasible? T
gen  19400/52000      elitist  2.3627895E-03 feasible? T
gen  19500/52000      elitist  2.3627865E-03 feasible? T
gen  19600/52000      elitist  2.3627815E-03 feasible? T
gen  19700/52000      elitist  2.3627809E-03 feasible? T
gen  19800/52000      elitist  2.3627784E-03 feasible? T
gen  19900/52000      elitist  2.3627773E-03 feasible? T
gen  20000/52000      elitist  2.3627770E-03 feasible? T
gen  20100/52000      elitist  2.3627757E-03 feasible? T
gen  20200/52000      elitist  2.3627743E-03 feasible? T
gen  20300/52000      elitist  2.3627727E-03 feasible? T
gen  20400/52000      elitist  2.3627722E-03 feasible? T
gen  20500/52000      elitist  2.3627718E-03 feasible? T
gen  20600/52000      elitist  2.3627707E-03 feasible? T
gen  20700/52000      elitist  2.3627706E-03 feasible? T
gen  20800/52000      elitist  2.3627704E-03 feasible? T
gen  20900/52000      elitist  2.3627651E-03 feasible? T
gen  21000/52000      elitist  2.3627645E-03 feasible? T
gen  21100/52000      elitist  2.3627632E-03 feasible? T
gen  21200/52000      elitist  2.3627620E-03 feasible? T
gen  21300/52000      elitist  2.3627615E-03 feasible? T
gen  21400/52000      elitist  2.3627588E-03 feasible? T
gen  21500/52000      elitist  2.3627587E-03 feasible? T
gen  21600/52000      elitist  2.3627563E-03 feasible? T
gen  21700/52000      elitist  2.3627546E-03 feasible? T
gen  21800/52000      elitist  2.3627502E-03 feasible? T
gen  21900/52000      elitist  2.3627476E-03 feasible? T
gen  22000/52000      elitist  2.3627382E-03 feasible? T
gen  22100/52000      elitist  2.3627285E-03 feasible? T
gen  22200/52000      elitist  2.3627231E-03 feasible? T
gen  22300/52000      elitist  2.3627079E-03 feasible? T
gen  22400/52000      elitist  2.3627077E-03 feasible? T
gen  22500/52000      elitist  2.3626949E-03 feasible? T
gen  22600/52000      elitist  2.3626785E-03 feasible? T
gen  22700/52000      elitist  2.3626584E-03 feasible? T
gen  22800/52000      elitist  2.3626134E-03 feasible? T
gen  22900/52000      elitist  2.3625653E-03 feasible? T
gen  23000/52000      elitist  2.3625392E-03 feasible? T
gen  23100/52000      elitist  2.3625211E-03 feasible? T
gen  23200/52000      elitist  2.3625115E-03 feasible? T
gen  23300/52000      elitist  2.3624769E-03 feasible? T
gen  23400/52000      elitist  2.3624711E-03 feasible? T
gen  23500/52000      elitist  2.3624432E-03 feasible? T
gen  23600/52000      elitist  2.3624093E-03 feasible? T
gen  23700/52000      elitist  2.3624036E-03 feasible? T
gen  23800/52000      elitist  2.3623861E-03 feasible? T
gen  23900/52000      elitist  2.3623299E-03 feasible? T
gen  24000/52000      elitist  2.3623192E-03 feasible? T
gen  24100/52000      elitist  2.3623024E-03 feasible? T
gen  24200/52000      elitist  2.3622982E-03 feasible? T
gen  24300/52000      elitist  2.3622956E-03 feasible? T
gen  24400/52000      elitist  2.3622872E-03 feasible? T
gen  24500/52000      elitist  2.3622816E-03 feasible? T
gen  24600/52000      elitist  2.3622741E-03 feasible? T
gen  24700/52000      elitist  2.3622578E-03 feasible? T
gen  24800/52000      elitist  2.3622547E-03 feasible? T
gen  24900/52000      elitist  2.3622442E-03 feasible? T
gen  25000/52000      elitist  2.3622357E-03 feasible? T
gen  25100/52000      elitist  2.3622350E-03 feasible? T
gen  25200/52000      elitist  2.3622188E-03 feasible? T
gen  25300/52000      elitist  2.3622033E-03 feasible? T
gen  25400/52000      elitist  2.3602990E-03 feasible? T
gen  25500/52000      elitist  2.3595898E-03 feasible? T
gen  25600/52000      elitist  2.3589575E-03 feasible? T
gen  25700/52000      elitist  2.3585284E-03 feasible? T
gen  25800/52000      elitist  2.3584017E-03 feasible? T
gen  25900/52000      elitist  2.3581684E-03 feasible? T
gen  26000/52000      elitist  2.3580748E-03 feasible? T
gen  26100/52000      elitist  2.3579431E-03 feasible? T
gen  26200/52000      elitist  2.3579298E-03 feasible? T
gen  26300/52000      elitist  2.3578868E-03 feasible? T
gen  26400/52000      elitist  2.3578652E-03 feasible? T
gen  26500/52000      elitist  2.3577841E-03 feasible? T
gen  26600/52000      elitist  2.3577662E-03 feasible? T
gen  26700/52000      elitist  2.3577240E-03 feasible? T
gen  26800/52000      elitist  2.3576602E-03 feasible? T
gen  26900/52000      elitist  2.3576339E-03 feasible? T
gen  27000/52000      elitist  2.3576055E-03 feasible? T
gen  27100/52000      elitist  2.3575906E-03 feasible? T
gen  27200/52000      elitist  2.3575817E-03 feasible? T
gen  27300/52000      elitist  2.3575689E-03 feasible? T
gen  27400/52000      elitist  2.3575670E-03 feasible? T
gen  27500/52000      elitist  2.3575616E-03 feasible? T
gen  27600/52000      elitist  2.3575595E-03 feasible? T
gen  27700/52000      elitist  2.3575586E-03 feasible? T
gen  27800/52000      elitist  2.3575556E-03 feasible? T
gen  27900/52000      elitist  2.3575524E-03 feasible? T
gen  28000/52000      elitist  2.3575496E-03 feasible? T
gen  28100/52000      elitist  2.3575491E-03 feasible? T
gen  28200/52000      elitist  2.3575471E-03 feasible? T
gen  28300/52000      elitist  2.3575469E-03 feasible? T
gen  28400/52000      elitist  2.3575231E-03 feasible? T
gen  28500/52000      elitist  2.3574946E-03 feasible? T
gen  28600/52000      elitist  2.3574700E-03 feasible? T
gen  28700/52000      elitist  2.3574392E-03 feasible? T
gen  28800/52000      elitist  2.3574072E-03 feasible? T
gen  28900/52000      elitist  2.3574015E-03 feasible? T
gen  29000/52000      elitist  2.3573841E-03 feasible? T
gen  29100/52000      elitist  2.3573805E-03 feasible? T
gen  29200/52000      elitist  2.3573777E-03 feasible? T
gen  29300/52000      elitist  2.3573760E-03 feasible? T
gen  29400/52000      elitist  2.3573748E-03 feasible? T
gen  29500/52000      elitist  2.3573741E-03 feasible? T
gen  29600/52000      elitist  2.3573738E-03 feasible? T
gen  29700/52000      elitist  2.3573732E-03 feasible? T
gen  29800/52000      elitist  2.3573728E-03 feasible? T
gen  29900/52000      elitist  2.3573721E-03 feasible? T
gen  30000/52000      elitist  2.3573630E-03 feasible? T
gen  30100/52000      elitist  2.3573619E-03 feasible? T
gen  30200/52000      elitist  2.3573583E-03 feasible? T
gen  30300/52000      elitist  2.3573541E-03 feasible? T
gen  30400/52000      elitist  2.3573525E-03 feasible? T
gen  30500/52000      elitist  2.3573388E-03 feasible? T
gen  30600/52000      elitist  2.3573355E-03 feasible? T
gen  30700/52000      elitist  2.3573317E-03 feasible? T
gen  30800/52000      elitist  2.3572690E-03 feasible? T
gen  30900/52000      elitist  2.3572430E-03 feasible? T
gen  31000/52000      elitist  2.3572136E-03 feasible? T
gen  31100/52000      elitist  2.3571796E-03 feasible? T
gen  31200/52000      elitist  2.3571725E-03 feasible? T
gen  31300/52000      elitist  2.3571577E-03 feasible? T
gen  31400/52000      elitist  2.3571450E-03 feasible? T
gen  31500/52000      elitist  2.3571410E-03 feasible? T
gen  31600/52000      elitist  2.3571179E-03 feasible? T
gen  31700/52000      elitist  2.3571131E-03 feasible? T
gen  31800/52000      elitist  2.3571102E-03 feasible? T
gen  31900/52000      elitist  2.3571040E-03 feasible? T
gen  32000/52000      elitist  2.3571010E-03 feasible? T
gen  32100/52000      elitist  2.3570997E-03 feasible? T
gen  32200/52000      elitist  2.3570880E-03 feasible? T
gen  32300/52000      elitist  2.3570864E-03 feasible? T
gen  32400/52000      elitist  2.3570824E-03 feasible? T
gen  32500/52000      elitist  2.3570809E-03 feasible? T
gen  32600/52000      elitist  2.3570722E-03 feasible? T
gen  32700/52000      elitist  2.3570695E-03 feasible? T
gen  32800/52000      elitist  2.3570677E-03 feasible? T
gen  32900/52000      elitist  2.3570648E-03 feasible? T
gen  33000/52000      elitist  2.3570640E-03 feasible? T
gen  33100/52000      elitist  2.3570635E-03 feasible? T
gen  33200/52000      elitist  2.3570629E-03 feasible? T
gen  33300/52000      elitist  2.3570573E-03 feasible? T
gen  33400/52000      elitist  2.3570557E-03 feasible? T
gen  33500/52000      elitist  2.3570542E-03 feasible? T
gen  33600/52000      elitist  2.3570531E-03 feasible? T
gen  33700/52000      elitist  2.3570526E-03 feasible? T
gen  33800/52000      elitist  2.3570520E-03 feasible? T
gen  33900/52000      elitist  2.3570515E-03 feasible? T
gen  34000/52000      elitist  2.3570513E-03 feasible? T
gen  34100/52000      elitist  2.3570512E-03 feasible? T
gen  34200/52000      elitist  2.3570506E-03 feasible? T
gen  34300/52000      elitist  2.3570367E-03 feasible? T
gen  34400/52000      elitist  2.3570279E-03 feasible? T
gen  34500/52000      elitist  2.3570239E-03 feasible? T
gen  34600/52000      elitist  2.3570182E-03 feasible? T
gen  34700/52000      elitist  2.3570147E-03 feasible? T
gen  34800/52000      elitist  2.3570122E-03 feasible? T
gen  34900/52000      elitist  2.3570079E-03 feasible? T
gen  35000/52000      elitist  2.3570063E-03 feasible? T
gen  35100/52000      elitist  2.3570042E-03 feasible? T
gen  35200/52000      elitist  2.3570004E-03 feasible? T
gen  35300/52000      elitist  2.3569994E-03 feasible? T
gen  35400/52000      elitist  2.3569967E-03 feasible? T
gen  35500/52000      elitist  2.3569953E-03 feasible? T
gen  35600/52000      elitist  2.3569931E-03 feasible? T
gen  35700/52000      elitist  2.3569908E-03 feasible? T
gen  35800/52000      elitist  2.3569897E-03 feasible? T
gen  35900/52000      elitist  2.3569885E-03 feasible? T
gen  36000/52000      elitist  2.3569877E-03 feasible? T
gen  36100/52000      elitist  2.3569875E-03 feasible? T
gen  36200/52000      elitist  2.3569870E-03 feasible? T
gen  36300/52000      elitist  2.3569868E-03 feasible? T
gen  36400/52000      elitist  2.3569859E-03 feasible? T
gen  36500/52000      elitist  2.3569856E-03 feasible? T
gen  36600/52000      elitist  2.3569847E-03 feasible? T
gen  36700/52000      elitist  2.3569844E-03 feasible? T
gen  36800/52000      elitist  2.3569836E-03 feasible? T
gen  36900/52000      elitist  2.3569833E-03 feasible? T
gen  37000/52000      elitist  2.3569824E-03 feasible? T
gen  37100/52000      elitist  2.3569803E-03 feasible? T
gen  37200/52000      elitist  2.3569800E-03 feasible? T
gen  37300/52000      elitist  2.3569777E-03 feasible? T
gen  37400/52000      elitist  2.3569766E-03 feasible? T
gen  37500/52000      elitist  2.3569754E-03 feasible? T
gen  37600/52000      elitist  2.3569748E-03 feasible? T
gen  37700/52000      elitist  2.3569739E-03 feasible? T
gen  37800/52000      elitist  2.3569734E-03 feasible? T
gen  37900/52000      elitist  2.3569732E-03 feasible? T
gen  38000/52000      elitist  2.3569731E-03 feasible? T
gen  38100/52000      elitist  2.3569730E-03 feasible? T
gen  38200/52000      elitist  2.3569729E-03 feasible? T
gen  38300/52000      elitist  2.3569729E-03 feasible? T
gen  38400/52000      elitist  2.3569729E-03 feasible? T
gen  38500/52000      elitist  2.3569729E-03 feasible? T
gen  38600/52000      elitist  2.3569729E-03 feasible? T
gen  38700/52000      elitist  2.3569729E-03 feasible? T
gen  38800/52000      elitist  2.3569729E-03 feasible? T
gen  38900/52000      elitist  2.3569729E-03 feasible? T
gen  39000/52000      elitist  2.3569729E-03 feasible? T
gen  39100/52000      elitist  2.3569729E-03 feasible? T
population converged towards a single solution after 39131 generations.
Starting local simplex optimization:
Solution before refinement:      2.3569728672E-03
 performing expansion, best =    2.3452992672253147E-003
 performing expansion, best =    2.3427991060680779E-003
 performing expansion, best =    2.3424660887385292E-003
 performing expansion, best =    2.3405917448013811E-003
 performing expansion, best =    2.3402281965412865E-003
 performing expansion, best =    2.3397758111919718E-003
 performing expansion, best =    2.3372754922743899E-003
 performing expansion, best =    2.3364975003449225E-003
 performing expansion, best =    2.3362621232393683E-003
 performing expansion, best =    2.3353590339298433E-003
 performing expansion, best =    2.3344293833578457E-003
 performing expansion, best =    2.3342402988814118E-003
 performing expansion, best =    2.3337125287779849E-003
 performing expansion, best =    2.3334857632195359E-003
 performing expansion, best =    2.3333959698321684E-003
 performing expansion, best =    2.3332156170814094E-003
 performing expansion, best =    2.3325515741584530E-003
 performing expansion, best =    2.3319259757683540E-003
 performing expansion, best =    2.3314127812274193E-003
 performing expansion, best =    2.3305362815098352E-003
 performing expansion, best =    2.3288068721741047E-003
 performing expansion, best =    2.3287785274646788E-003
 performing expansion, best =    2.3267529260873653E-003
 performing expansion, best =    2.3250224462805849E-003
 performing expansion, best =    2.3244540557471648E-003
 performing expansion, best =    2.3231345543223590E-003
 performing expansion, best =    2.3223650318265998E-003
 performing expansion, best =    2.3220955459903035E-003
 performing expansion, best =    2.3215446120206078E-003
 performing expansion, best =    2.3201340070088355E-003
 performing expansion, best =    2.3185434380939259E-003
 performing expansion, best =    2.3170502913998537E-003
 performing expansion, best =    2.3153408965426096E-003
 performing expansion, best =    2.3136017415759389E-003
 performing expansion, best =    2.3135009093584800E-003
 performing expansion, best =    2.3134936426237335E-003
 performing expansion, best =    2.3132475821394192E-003
 performing expansion, best =    2.3121895402284146E-003
 performing expansion, best =    2.3104832095967869E-003
 performing expansion, best =    2.3091589070035924E-003
 performing expansion, best =    2.3055349962367122E-003
 performing expansion, best =    2.3037531398828861E-003
 performing expansion, best =    2.3017899448862251E-003
 performing expansion, best =    2.2994379488382329E-003
 performing expansion, best =    2.2977804077597996E-003
 performing expansion, best =    2.2956932623915140E-003
 performing expansion, best =    2.2922394977293440E-003
 performing expansion, best =    2.2901624332977407E-003
 performing expansion, best =    2.2878818009879828E-003
 performing expansion, best =    2.2840031823919147E-003
 performing expansion, best =    2.2818653515201282E-003
 performing expansion, best =    2.2788805805690929E-003
 performing expansion, best =    2.2757481161921229E-003
 performing expansion, best =    2.2721684920348900E-003
 performing expansion, best =    2.2720338856575821E-003
 performing expansion, best =    2.2708096861794947E-003
 performing expansion, best =    2.2679670143726277E-003
 performing expansion, best =    2.2671421341752592E-003
 performing expansion, best =    2.2644130269708707E-003
 performing expansion, best =    2.2630219514090974E-003
 performing expansion, best =    2.2625846309429708E-003
 performing expansion, best =    2.2587741145512668E-003
 performing expansion, best =    2.2561335869839276E-003
 performing expansion, best =    2.2519187936465576E-003
 performing expansion, best =    2.2476256777970503E-003
 performing expansion, best =    2.2451456078362540E-003
 performing expansion, best =    2.2418624813490152E-003
 performing expansion, best =    2.2377457192847066E-003
 performing expansion, best =    2.2350638879275334E-003
 performing expansion, best =    2.2330561487830230E-003
 performing expansion, best =    2.2296741097015313E-003
 performing expansion, best =    2.2271052504879230E-003
 performing expansion, best =    2.2234925885145458E-003
 performing expansion, best =    2.2192967776403423E-003
 performing expansion, best =    2.2188556998701081E-003
 performing expansion, best =    2.2185204275352666E-003
 performing expansion, best =    2.2164481115965634E-003
 performing expansion, best =    2.2157107600744687E-003
 performing expansion, best =    2.2149207433625391E-003
 performing expansion, best =    2.2142347902191976E-003
 performing expansion, best =    2.2140882951727629E-003
 performing expansion, best =    2.2135696661109514E-003
 performing expansion, best =    2.2129710784394908E-003
 performing expansion, best =    2.2127633483470686E-003
 performing expansion, best =    2.2124395853036854E-003
 performing expansion, best =    2.2124074196995139E-003
 performing expansion, best =    2.2123760236231037E-003
 performing expansion, best =    2.2112380771584241E-003
 performing expansion, best =    2.2091521147384330E-003
 performing expansion, best =    2.2091437145226158E-003
 performing expansion, best =    2.2076745572963915E-003
 performing expansion, best =    2.2070666254548781E-003
 performing expansion, best =    2.2055607673506232E-003
 performing expansion, best =    2.2046209046621373E-003
 performing expansion, best =    2.2039434663972566E-003
 performing expansion, best =    2.2030238240711647E-003
 performing expansion, best =    2.2024955883217763E-003
 performing expansion, best =    2.2014940955525459E-003
 performing expansion, best =    2.2002526945568944E-003
 performing expansion, best =    2.2001997230673776E-003
 performing expansion, best =    2.2001870987260483E-003
 performing expansion, best =    2.1992091433207556E-003
 performing expansion, best =    2.1982095718806414E-003
 performing expansion, best =    2.1981387028880586E-003
 performing expansion, best =    2.1979141084188746E-003
 performing expansion, best =    2.1972856409906310E-003
 performing expansion, best =    2.1967121461985103E-003
 performing expansion, best =    2.1957950226781588E-003
 performing expansion, best =    2.1950094676804577E-003
 performing expansion, best =    2.1945991665249663E-003
 performing expansion, best =    2.1944762763616015E-003
 performing expansion, best =    2.1921397540224001E-003
 performing expansion, best =    2.1919285358460343E-003
 performing expansion, best =    2.1905853076570614E-003
 performing expansion, best =    2.1886613384540193E-003
 performing expansion, best =    2.1854628500959203E-003
 performing expansion, best =    2.1831199865291976E-003
 performing expansion, best =    2.1811474655517751E-003
 performing expansion, best =    2.1794700035414230E-003
 performing expansion, best =    2.1766263303795107E-003
 performing expansion, best =    2.1741750560498809E-003
 performing expansion, best =    2.1735713904919404E-003
 performing expansion, best =    2.1717546189094338E-003
 performing expansion, best =    2.1692440344576705E-003
 performing expansion, best =    2.1691736617728812E-003
 performing expansion, best =    2.1677308218833150E-003
 performing expansion, best =    2.1676908886974016E-003
 performing expansion, best =    2.1663725288108794E-003
 performing expansion, best =    2.1655666383569188E-003
 performing expansion, best =    2.1650147655512555E-003
 performing expansion, best =    2.1647184525260829E-003
 performing expansion, best =    2.1635078494543769E-003
 performing expansion, best =    2.1632127467122167E-003
 performing expansion, best =    2.1614042746260068E-003
 performing expansion, best =    2.1613192572135960E-003
 performing expansion, best =    2.1599074250891730E-003
 performing expansion, best =    2.1578611795409573E-003
 performing expansion, best =    2.1565018511319383E-003
 performing expansion, best =    2.1541307365495338E-003
 performing expansion, best =    2.1524163815147238E-003
 performing expansion, best =    2.1512730938962471E-003
 performing expansion, best =    2.1482792271028555E-003
 performing expansion, best =    2.1456180380267677E-003
 performing expansion, best =    2.1427672459003511E-003
 performing expansion, best =    2.1411227364815676E-003
 performing expansion, best =    2.1397517115381024E-003
 performing expansion, best =    2.1396719928882695E-003
 performing expansion, best =    2.1393037512783368E-003
 performing expansion, best =    2.1388655137254023E-003
 performing expansion, best =    2.1383090543237379E-003
 performing expansion, best =    2.1380259384649130E-003
 performing expansion, best =    2.1373940912239623E-003
 performing expansion, best =    2.1365579414826833E-003
 performing expansion, best =    2.1357037280848195E-003
 performing expansion, best =    2.1339526524045993E-003
 performing expansion, best =    2.1316337972898743E-003
 performing expansion, best =    2.1311571273962032E-003
 performing expansion, best =    2.1303503923596908E-003
 performing expansion, best =    2.1302929733256863E-003
 performing expansion, best =    2.1299124555307094E-003
 performing expansion, best =    2.1297758219489980E-003
 performing expansion, best =    2.1296888549030488E-003
 performing expansion, best =    2.1294552309924263E-003
 performing expansion, best =    2.1293867722458584E-003
 performing expansion, best =    2.1291431197312683E-003
 performing expansion, best =    2.1289873250933664E-003
 performing expansion, best =    2.1288695974350600E-003
 performing expansion, best =    2.1286815361617525E-003
 performing expansion, best =    2.1285943547290184E-003
 performing expansion, best =    2.1281011052530813E-003
 performing expansion, best =    2.1280630277176059E-003
 performing expansion, best =    2.1276980432610466E-003
 performing expansion, best =    2.1276874128395300E-003
 performing expansion, best =    2.1275554933048828E-003
 performing expansion, best =    2.1274660159199287E-003
 performing expansion, best =    2.1274236251247192E-003
 performing expansion, best =    2.1272690436546782E-003
 performing expansion, best =    2.1272637811463120E-003
 performing expansion, best =    2.1266874824492086E-003
 performing expansion, best =    2.1266361971649214E-003
 performing expansion, best =    2.1259736963250412E-003
 performing expansion, best =    2.1247957229543761E-003
 performing expansion, best =    2.1246526931005447E-003
 performing expansion, best =    2.1246413999236511E-003
 performing expansion, best =    2.1245781902840184E-003
 performing expansion, best =    2.1244621754462020E-003
 performing expansion, best =    2.1243900535921284E-003
 performing expansion, best =    2.1236875842356577E-003
 performing expansion, best =    2.1235859814871115E-003
 performing expansion, best =    2.1235428071005031E-003
 performing expansion, best =    2.1234805461524567E-003
 performing expansion, best =    2.1234023112050820E-003
 performing expansion, best =    2.1233067728418926E-003
 performing expansion, best =    2.1228875700244386E-003
 performing expansion, best =    2.1228185136962295E-003
 performing expansion, best =    2.1228110718091216E-003
 performing expansion, best =    2.1226814990796270E-003
 performing expansion, best =    2.1226263945482971E-003
 performing expansion, best =    2.1226198635356671E-003
 performing expansion, best =    2.1219945434897891E-003
 performing expansion, best =    2.1215900686712146E-003
 performing expansion, best =    2.1207800041961595E-003
 performing expansion, best =    2.1200272454275082E-003
 performing expansion, best =    2.1192807492230979E-003
 performing expansion, best =    2.1192139742957777E-003
 performing expansion, best =    2.1191235724924797E-003
 performing expansion, best =    2.1190471801940994E-003
 performing expansion, best =    2.1182836930548248E-003
 performing expansion, best =    2.1176934739280495E-003
 performing expansion, best =    2.1169665119451717E-003
 performing expansion, best =    2.1161873275360042E-003
 performing expansion, best =    2.1161596831900339E-003
 performing expansion, best =    2.1160856904780261E-003
 performing expansion, best =    2.1160022432714356E-003
 performing expansion, best =    2.1159192062226275E-003
 performing expansion, best =    2.1152574905864310E-003
 performing expansion, best =    2.1151718636737492E-003
 performing expansion, best =    2.1145037736128866E-003
 performing expansion, best =    2.1143825438671789E-003
 performing expansion, best =    2.1143450494958390E-003
 performing expansion, best =    2.1137561896953207E-003
 performing expansion, best =    2.1130738045763058E-003
 performing expansion, best =    2.1130678281344826E-003
 performing expansion, best =    2.1129724898298601E-003
 performing expansion, best =    2.1129429211041214E-003
 performing expansion, best =    2.1129081601823797E-003
 performing expansion, best =    2.1128815055005347E-003
 performing expansion, best =    2.1127818974506830E-003
 performing expansion, best =    2.1121008847215408E-003
 performing expansion, best =    2.1120755396479558E-003
 performing expansion, best =    2.1120149408825279E-003
 performing expansion, best =    2.1113971197440741E-003
 performing expansion, best =    2.1113643830174382E-003
 performing expansion, best =    2.1108919723865729E-003
 performing expansion, best =    2.1108080126260279E-003
 performing expansion, best =    2.1102629421504279E-003
 performing expansion, best =    2.1095532652074451E-003
 performing expansion, best =    2.1088418892626043E-003
 performing expansion, best =    2.1080564658830787E-003
 performing expansion, best =    2.1072758300554402E-003
 performing expansion, best =    2.1072147935585566E-003
 performing expansion, best =    2.1071618709738228E-003
 performing expansion, best =    2.1071278011393995E-003
 performing expansion, best =    2.1065161608225659E-003
 performing expansion, best =    2.1058579543871223E-003
 performing expansion, best =    2.1058503492428393E-003
 performing expansion, best =    2.1053887782720906E-003
 performing expansion, best =    2.1048073242887978E-003
 performing expansion, best =    2.1041105918179429E-003
 performing expansion, best =    2.1039553848847090E-003
 performing expansion, best =    2.1039525290879922E-003
 performing expansion, best =    2.1038872544864606E-003
 performing expansion, best =    2.1033325044036099E-003
 performing expansion, best =    2.1032975020932624E-003
 performing expansion, best =    2.1032910317424014E-003
 performing expansion, best =    2.1032178811057731E-003
 performing expansion, best =    2.1031687130389871E-003
 performing expansion, best =    2.1031549005522312E-003
 performing expansion, best =    2.1030912310866499E-003
 performing expansion, best =    2.1030055153755467E-003
 performing expansion, best =    2.1024382009170364E-003
 performing expansion, best =    2.1024133505933270E-003
 performing expansion, best =    2.1019184730288977E-003
 performing expansion, best =    2.1019132026751804E-003
 performing expansion, best =    2.1014951741991370E-003
 performing expansion, best =    2.1010750363436716E-003
 performing expansion, best =    2.1009425021970424E-003
 performing expansion, best =    2.1008879779479284E-003
 performing expansion, best =    2.1008467450237761E-003
 performing expansion, best =    2.1007643312284949E-003
 performing expansion, best =    2.1003129118633938E-003
 performing expansion, best =    2.0999181819584384E-003
 performing expansion, best =    2.0998160648267499E-003
 performing expansion, best =    2.0992871697849465E-003
 performing expansion, best =    2.0989117965565496E-003
 performing expansion, best =    2.0988867220482588E-003
 performing expansion, best =    2.0988535315281062E-003
 performing expansion, best =    2.0988425352664090E-003
 performing expansion, best =    2.0988412432943336E-003
 performing expansion, best =    2.0985023319436717E-003
 performing expansion, best =    2.0980950102646801E-003
 performing expansion, best =    2.0976703418787673E-003
 performing expansion, best =    2.0976505453175745E-003
 performing expansion, best =    2.0976419826865020E-003
 performing expansion, best =    2.0975732673193196E-003
 performing expansion, best =    2.0975728353067476E-003
 performing expansion, best =    2.0975410048854341E-003
 performing expansion, best =    2.0972321977368743E-003
 performing expansion, best =    2.0968706345883157E-003
 performing expansion, best =    2.0965532380265235E-003
 performing expansion, best =    2.0965468562632521E-003
 performing expansion, best =    2.0961777643755488E-003
 performing expansion, best =    2.0961770643347886E-003
 performing expansion, best =    2.0961623166981381E-003
 performing expansion, best =    2.0958967086923746E-003
 performing expansion, best =    2.0954880086486594E-003
 performing expansion, best =    2.0954782043885868E-003
 performing expansion, best =    2.0951945641172797E-003
 performing expansion, best =    2.0949128195871048E-003
 performing expansion, best =    2.0945271864738456E-003
 performing expansion, best =    2.0944782281095225E-003
 performing expansion, best =    2.0941070069801729E-003
 performing expansion, best =    2.0940687594439831E-003
 performing expansion, best =    2.0940602047855826E-003
 performing expansion, best =    2.0940247097100237E-003
 performing expansion, best =    2.0939786882576347E-003
 performing expansion, best =    2.0936580236003434E-003
 performing expansion, best =    2.0932463273883183E-003
 performing expansion, best =    2.0928526991314204E-003
Exiting simplex optimization after 10001 iterations
Solution after  refinement:      2.0924578590E-03
RMSE         2.092457859E-03 Hartree
NEW BEST!

Starting fitting procedure for 26 charges, trial 2
gen      0/52000      elitist  2.2553958E-02 feasible? F
gen    100/52000      elitist  7.6306879E+21 feasible? F
gen    200/52000      elitist  6.1787710E+22 feasible? F
gen    300/52000      elitist  6.1787710E+22 feasible? F
gen    400/52000      elitist  6.1787710E+22 feasible? F
gen    500/52000      elitist  6.1787710E+22 feasible? F
gen    600/52000      elitist  6.1787710E+22 feasible? F
gen    700/52000      elitist  6.1787710E+22 feasible? F
gen    800/52000      elitist  6.1787710E+22 feasible? F
gen    900/52000      elitist  6.1787710E+22 feasible? F
gen   1000/52000      elitist  6.1787710E+22 feasible? F
gen   1100/52000      elitist  6.1787710E+22 feasible? F
gen   1200/52000      elitist  6.1787710E+22 feasible? F
gen   1300/52000      elitist  6.1787710E+22 feasible? F
gen   1400/52000      elitist  6.1787710E+22 feasible? F
gen   1500/52000      elitist  6.1787710E+22 feasible? F
gen   1600/52000      elitist  6.1787710E+22 feasible? F
gen   1700/52000      elitist  6.1787710E+22 feasible? F
gen   1800/52000      elitist  6.1787710E+22 feasible? F
gen   1900/52000      elitist  6.1787710E+22 feasible? F
gen   2000/52000      elitist  6.1787710E+22 feasible? F
gen   2100/52000      elitist  6.1787710E+22 feasible? F
gen   2200/52000      elitist  6.1787710E+22 feasible? F
gen   2300/52000      elitist  6.1787710E+22 feasible? F
gen   2400/52000      elitist  6.1787710E+22 feasible? F
gen   2500/52000      elitist  6.1787710E+22 feasible? F
gen   2600/52000      elitist  6.1787710E+22 feasible? F
gen   2700/52000      elitist  6.1787710E+22 feasible? F
gen   2800/52000      elitist  6.1787710E+22 feasible? F
gen   2900/52000      elitist  6.1787710E+22 feasible? F
gen   3000/52000      elitist  6.1787710E+22 feasible? F
gen   3100/52000      elitist  6.1787710E+22 feasible? F
gen   3200/52000      elitist  6.1787710E+22 feasible? F
gen   3300/52000      elitist  6.1787710E+22 feasible? F
gen   3400/52000      elitist  6.1787710E+22 feasible? F
gen   3500/52000      elitist  6.1787710E+22 feasible? F
gen   3600/52000      elitist  6.1787710E+22 feasible? F
gen   3700/52000      elitist  6.1787710E+22 feasible? F
gen   3800/52000      elitist  6.1787710E+22 feasible? F
gen   3900/52000      elitist  6.1787710E+22 feasible? F
gen   4000/52000      elitist  6.1787710E+22 feasible? F
gen   4100/52000      elitist  6.1787710E+22 feasible? F
gen   4200/52000      elitist  6.1787710E+22 feasible? F
gen   4300/52000      elitist  6.1787710E+22 feasible? F
gen   4400/52000      elitist  6.1787710E+22 feasible? F
gen   4500/52000      elitist  6.1787710E+22 feasible? F
gen   4600/52000      elitist  6.1787710E+22 feasible? F
gen   4700/52000      elitist  6.1787710E+22 feasible? F
gen   4800/52000      elitist  6.1787710E+22 feasible? F
gen   4900/52000      elitist  6.1787710E+22 feasible? F
gen   5000/52000      elitist  6.1787710E+22 feasible? F
gen   5100/52000      elitist  6.1787710E+22 feasible? F
gen   5200/52000      elitist  6.1787710E+22 feasible? F
gen   5300/52000      elitist  6.1787710E+22 feasible? F
gen   5400/52000      elitist  6.1787710E+22 feasible? F
gen   5500/52000      elitist  6.1787710E+22 feasible? F
gen   5600/52000      elitist  6.1787710E+22 feasible? F
gen   5700/52000      elitist  6.1787710E+22 feasible? F
gen   5800/52000      elitist  6.1787710E+22 feasible? F
gen   5900/52000      elitist  6.1787710E+22 feasible? F
gen   6000/52000      elitist  6.1787710E+22 feasible? F
gen   6100/52000      elitist  6.1787710E+22 feasible? F
gen   6200/52000      elitist  6.1787710E+22 feasible? F
gen   6300/52000      elitist  6.1787710E+22 feasible? F
gen   6400/52000      elitist  6.1787710E+22 feasible? F
gen   6500/52000      elitist  6.1787710E+22 feasible? F
gen   6600/52000      elitist  6.1787710E+22 feasible? F
gen   6700/52000      elitist  6.1787710E+22 feasible? F
gen   6800/52000      elitist  6.1787710E+22 feasible? F
gen   6900/52000      elitist  6.1787710E+22 feasible? F
gen   7000/52000      elitist  6.1787710E+22 feasible? F
gen   7100/52000      elitist  6.1787710E+22 feasible? F
gen   7200/52000      elitist  6.1787710E+22 feasible? F
gen   7300/52000      elitist  6.1787710E+22 feasible? F
gen   7400/52000      elitist  6.1787710E+22 feasible? F
gen   7500/52000      elitist  6.1787710E+22 feasible? F
gen   7600/52000      elitist  6.1787710E+22 feasible? F
gen   7700/52000      elitist  6.1787710E+22 feasible? F
gen   7800/52000      elitist  6.1787710E+22 feasible? F
gen   7900/52000      elitist  6.1787710E+22 feasible? F
gen   8000/52000      elitist  6.1787710E+22 feasible? F
gen   8100/52000      elitist  6.1787710E+22 feasible? F
gen   8200/52000      elitist  6.1787710E+22 feasible? F
gen   8300/52000      elitist  6.1787710E+22 feasible? F
gen   8400/52000      elitist  6.1787710E+22 feasible? F
gen   8500/52000      elitist  6.1787710E+22 feasible? F
gen   8600/52000      elitist  6.1787710E+22 feasible? F
gen   8700/52000      elitist  6.1787710E+22 feasible? F
gen   8800/52000      elitist  6.1787710E+22 feasible? F
gen   8900/52000      elitist  6.1787710E+22 feasible? F
gen   9000/52000      elitist  6.1787710E+22 feasible? F
gen   9100/52000      elitist  6.1787710E+22 feasible? F
gen   9200/52000      elitist  6.1787710E+22 feasible? F
gen   9300/52000      elitist  6.1787710E+22 feasible? F
gen   9400/52000      elitist  6.1787710E+22 feasible? F
gen   9500/52000      elitist  6.1787710E+22 feasible? F
gen   9600/52000      elitist  6.1787710E+22 feasible? F
gen   9700/52000      elitist  6.1787710E+22 feasible? F
gen   9800/52000      elitist  6.1787710E+22 feasible? F
gen   9900/52000      elitist  6.1787710E+22 feasible? F
gen  10000/52000      elitist  6.1787710E+22 feasible? F
gen  10100/52000      elitist  6.1787710E+22 feasible? F
gen  10200/52000      elitist  6.1787710E+22 feasible? F
gen  10300/52000      elitist  6.1787710E+22 feasible? F
gen  10400/52000      elitist  6.1787710E+22 feasible? F
gen  10500/52000      elitist  6.1787710E+22 feasible? F
gen  10600/52000      elitist  6.1787710E+22 feasible? F
gen  10700/52000      elitist  6.1787710E+22 feasible? F
gen  10800/52000      elitist  6.1787710E+22 feasible? F
gen  10900/52000      elitist  6.1787710E+22 feasible? F
gen  11000/52000      elitist  6.1787710E+22 feasible? F
gen  11100/52000      elitist  6.1787710E+22 feasible? F
gen  11200/52000      elitist  6.1787710E+22 feasible? F
gen  11300/52000      elitist  6.1787710E+22 feasible? F
gen  11400/52000      elitist  6.1787710E+22 feasible? F
gen  11500/52000      elitist  6.1787710E+22 feasible? F
gen  11600/52000      elitist  6.1787710E+22 feasible? F
gen  11700/52000      elitist  6.1787710E+22 feasible? F
gen  11800/52000      elitist  6.1787710E+22 feasible? F
gen  11900/52000      elitist  6.1787710E+22 feasible? F
gen  12000/52000      elitist  6.1787710E+22 feasible? F
gen  12100/52000      elitist  6.1787710E+22 feasible? F
gen  12200/52000      elitist  6.1787710E+22 feasible? F
gen  12300/52000      elitist  6.1787710E+22 feasible? F
gen  12400/52000      elitist  6.1787710E+22 feasible? F
gen  12500/52000      elitist  6.1787710E+22 feasible? F
gen  12600/52000      elitist  6.1787710E+22 feasible? F
gen  12700/52000      elitist  6.1787710E+22 feasible? F
gen  12800/52000      elitist  6.1787710E+22 feasible? F
gen  12900/52000      elitist  6.1787710E+22 feasible? F
gen  13000/52000      elitist  6.1787710E+22 feasible? F
gen  13100/52000      elitist  6.1787710E+22 feasible? F
gen  13200/52000      elitist  6.1787710E+22 feasible? F
gen  13300/52000      elitist  6.1787710E+22 feasible? F
gen  13400/52000      elitist  6.1787710E+22 feasible? F
gen  13500/52000      elitist  6.1787710E+22 feasible? F
gen  13600/52000      elitist  6.1787710E+22 feasible? F
gen  13700/52000      elitist  6.1787710E+22 feasible? F
gen  13800/52000      elitist  6.1787710E+22 feasible? F
gen  13900/52000      elitist  6.1787710E+22 feasible? F
gen  14000/52000      elitist  6.1787710E+22 feasible? F
gen  14100/52000      elitist  6.1787710E+22 feasible? F
gen  14200/52000      elitist  6.1787710E+22 feasible? F
gen  14300/52000      elitist  6.1787710E+22 feasible? F
gen  14400/52000      elitist  6.1787710E+22 feasible? F
gen  14500/52000      elitist  6.1787710E+22 feasible? F
gen  14600/52000      elitist  6.1787710E+22 feasible? F
gen  14700/52000      elitist  6.1787710E+22 feasible? F
gen  14800/52000      elitist  6.1787710E+22 feasible? F
gen  14900/52000      elitist  6.1787710E+22 feasible? F
gen  15000/52000      elitist  6.1787710E+22 feasible? F
gen  15100/52000      elitist  6.1787710E+22 feasible? F
gen  15200/52000      elitist  6.1787710E+22 feasible? F
gen  15300/52000      elitist  6.1787710E+22 feasible? F
gen  15400/52000      elitist  6.1787710E+22 feasible? F
gen  15500/52000      elitist  6.1787710E+22 feasible? F
gen  15600/52000      elitist  6.1787710E+22 feasible? F
gen  15700/52000      elitist  6.1787710E+22 feasible? F
gen  15800/52000      elitist  6.1787710E+22 feasible? F
gen  15900/52000      elitist  6.1787710E+22 feasible? F
gen  16000/52000      elitist  6.1787710E+22 feasible? F
gen  16100/52000      elitist  6.1787710E+22 feasible? F
gen  16200/52000      elitist  6.1787710E+22 feasible? F
gen  16300/52000      elitist  6.1787710E+22 feasible? F
gen  16400/52000      elitist  6.1787710E+22 feasible? F
gen  16500/52000      elitist  6.1787710E+22 feasible? F
gen  16600/52000      elitist  6.1787710E+22 feasible? F
gen  16700/52000      elitist  6.1787710E+22 feasible? F
gen  16800/52000      elitist  6.1787710E+22 feasible? F
gen  16900/52000      elitist  6.1787710E+22 feasible? F
gen  17000/52000      elitist  6.1787710E+22 feasible? F
gen  17100/52000      elitist  6.1787710E+22 feasible? F
gen  17200/52000      elitist  6.1787710E+22 feasible? F
gen  17300/52000      elitist  6.1787710E+22 feasible? F
gen  17400/52000      elitist  6.1787710E+22 feasible? F
gen  17500/52000      elitist  6.1787710E+22 feasible? F
gen  17600/52000      elitist  6.1787710E+22 feasible? F
gen  17700/52000      elitist  6.1787710E+22 feasible? F
gen  17800/52000      elitist  6.1787710E+22 feasible? F
gen  17900/52000      elitist  6.1787710E+22 feasible? F
gen  18000/52000      elitist  6.1787710E+22 feasible? F
gen  18100/52000      elitist  6.1787710E+22 feasible? F
gen  18200/52000      elitist  6.1787710E+22 feasible? F
gen  18300/52000      elitist  6.1787710E+22 feasible? F
gen  18400/52000      elitist  6.1787710E+22 feasible? F
gen  18500/52000      elitist  6.1787710E+22 feasible? F
gen  18600/52000      elitist  6.1787710E+22 feasible? F
gen  18700/52000      elitist  6.1787710E+22 feasible? F
gen  18800/52000      elitist  6.1787710E+22 feasible? F
gen  18900/52000      elitist  6.1787710E+22 feasible? F
gen  19000/52000      elitist  6.1787710E+22 feasible? F
gen  19100/52000      elitist  6.1787710E+22 feasible? F
gen  19200/52000      elitist  6.1787710E+22 feasible? F
gen  19300/52000      elitist  6.1787710E+22 feasible? F
gen  19400/52000      elitist  6.1787710E+22 feasible? F
gen  19500/52000      elitist  6.1787710E+22 feasible? F
gen  19600/52000      elitist  6.1787710E+22 feasible? F
gen  19700/52000      elitist  6.1787710E+22 feasible? F
gen  19800/52000      elitist  6.1787710E+22 feasible? F
gen  19900/52000      elitist  6.1787710E+22 feasible? F
gen  20000/52000      elitist  6.1787710E+22 feasible? F
gen  20100/52000      elitist  6.1787710E+22 feasible? F
gen  20200/52000      elitist  6.1787710E+22 feasible? F
gen  20300/52000      elitist  6.1787710E+22 feasible? F
gen  20400/52000      elitist  6.1787710E+22 feasible? F
gen  20500/52000      elitist  6.1787710E+22 feasible? F
gen  20600/52000      elitist  6.1787710E+22 feasible? F
gen  20700/52000      elitist  6.1787710E+22 feasible? F
gen  20800/52000      elitist  6.1787710E+22 feasible? F
gen  20900/52000      elitist  6.1787710E+22 feasible? F
gen  21000/52000      elitist  6.1787710E+22 feasible? F
gen  21100/52000      elitist  6.1787710E+22 feasible? F
gen  21200/52000      elitist  6.1787710E+22 feasible? F
gen  21300/52000      elitist  6.1787710E+22 feasible? F
gen  21400/52000      elitist  6.1787710E+22 feasible? F
gen  21500/52000      elitist  6.1787710E+22 feasible? F
gen  21600/52000      elitist  6.1787710E+22 feasible? F
gen  21700/52000      elitist  6.1787710E+22 feasible? F
gen  21800/52000      elitist  6.1787710E+22 feasible? F
gen  21900/52000      elitist  6.1787710E+22 feasible? F
gen  22000/52000      elitist  6.1787710E+22 feasible? F
gen  22100/52000      elitist  6.1787710E+22 feasible? F
gen  22200/52000      elitist  6.1787710E+22 feasible? F
gen  22300/52000      elitist  6.1787710E+22 feasible? F
gen  22400/52000      elitist  6.1787710E+22 feasible? F
gen  22500/52000      elitist  6.1787710E+22 feasible? F
gen  22600/52000      elitist  6.1787710E+22 feasible? F
gen  22700/52000      elitist  6.1787710E+22 feasible? F
gen  22800/52000      elitist  6.1787710E+22 feasible? F
gen  22900/52000      elitist  6.1787710E+22 feasible? F
gen  23000/52000      elitist  6.1787710E+22 feasible? F
gen  23100/52000      elitist  6.1787710E+22 feasible? F
gen  23200/52000      elitist  6.1787710E+22 feasible? F
gen  23300/52000      elitist  6.1787710E+22 feasible? F
gen  23400/52000      elitist  6.1787710E+22 feasible? F
gen  23500/52000      elitist  6.1787710E+22 feasible? F
gen  23600/52000      elitist  6.1787710E+22 feasible? F
gen  23700/52000      elitist  6.1787710E+22 feasible? F
gen  23800/52000      elitist  6.1787710E+22 feasible? F
gen  23900/52000      elitist  6.1787710E+22 feasible? F
gen  24000/52000      elitist  6.1787710E+22 feasible? F
gen  24100/52000      elitist  6.1787710E+22 feasible? F
gen  24200/52000      elitist  6.1787710E+22 feasible? F
gen  24300/52000      elitist  6.1787710E+22 feasible? F
gen  24400/52000      elitist  6.1787710E+22 feasible? F
gen  24500/52000      elitist  6.1787710E+22 feasible? F
gen  24600/52000      elitist  6.1787710E+22 feasible? F
gen  24700/52000      elitist  6.1787710E+22 feasible? F
gen  24800/52000      elitist  6.1787710E+22 feasible? F
gen  24900/52000      elitist  6.1787710E+22 feasible? F
gen  25000/52000      elitist  6.1787710E+22 feasible? F
gen  25100/52000      elitist  6.1787710E+22 feasible? F
gen  25200/52000      elitist  6.1787710E+22 feasible? F
gen  25300/52000      elitist  6.1787710E+22 feasible? F
gen  25400/52000      elitist  6.1787710E+22 feasible? F
gen  25500/52000      elitist  6.1787710E+22 feasible? F
gen  25600/52000      elitist  6.1787710E+22 feasible? F
gen  25700/52000      elitist  6.1787710E+22 feasible? F
gen  25800/52000      elitist  6.1787710E+22 feasible? F
gen  25900/52000      elitist  6.1787710E+22 feasible? F
gen  26000/52000      elitist  6.1787710E+22 feasible? F
gen  26100/52000      elitist  6.1787710E+22 feasible? F
gen  26200/52000      elitist  6.1787710E+22 feasible? F
gen  26300/52000      elitist  6.1787710E+22 feasible? F
gen  26400/52000      elitist  6.1787710E+22 feasible? F
gen  26500/52000      elitist  6.1787710E+22 feasible? F
gen  26600/52000      elitist  6.1787710E+22 feasible? F
gen  26700/52000      elitist  6.1787710E+22 feasible? F
gen  26800/52000      elitist  6.1787710E+22 feasible? F
gen  26900/52000      elitist  6.1787710E+22 feasible? F
gen  27000/52000      elitist  6.1787710E+22 feasible? F
gen  27100/52000      elitist  6.1787710E+22 feasible? F
gen  27200/52000      elitist  6.1787710E+22 feasible? F
gen  27300/52000      elitist  6.1787710E+22 feasible? F
gen  27400/52000      elitist  6.1787710E+22 feasible? F
gen  27500/52000      elitist  6.1787710E+22 feasible? F
gen  27600/52000      elitist  6.1787710E+22 feasible? F
gen  27700/52000      elitist  6.1787710E+22 feasible? F
gen  27800/52000      elitist  6.1787710E+22 feasible? F
gen  27900/52000      elitist  6.1787710E+22 feasible? F
gen  28000/52000      elitist  6.1787710E+22 feasible? F
gen  28100/52000      elitist  6.1787710E+22 feasible? F
gen  28200/52000      elitist  6.1787710E+22 feasible? F
gen  28300/52000      elitist  6.1787710E+22 feasible? F
gen  28400/52000      elitist  6.1787710E+22 feasible? F
gen  28500/52000      elitist  6.1787710E+22 feasible? F
gen  28600/52000      elitist  6.1787710E+22 feasible? F
gen  28700/52000      elitist  6.1787710E+22 feasible? F
gen  28800/52000      elitist  6.1787710E+22 feasible? F
gen  28900/52000      elitist  6.1787710E+22 feasible? F
gen  29000/52000      elitist  6.1787710E+22 feasible? F
gen  29100/52000      elitist  6.1787710E+22 feasible? F
gen  29200/52000      elitist  6.1787710E+22 feasible? F
gen  29300/52000      elitist  6.1787710E+22 feasible? F
gen  29400/52000      elitist  6.1787710E+22 feasible? F
gen  29500/52000      elitist  6.1787710E+22 feasible? F
gen  29600/52000      elitist  6.1787710E+22 feasible? F
gen  29700/52000      elitist  6.1787710E+22 feasible? F
gen  29800/52000      elitist  6.1787710E+22 feasible? F
gen  29900/52000      elitist  6.1787710E+22 feasible? F
gen  30000/52000      elitist  6.1787710E+22 feasible? F
gen  30100/52000      elitist  6.1787710E+22 feasible? F
gen  30200/52000      elitist  6.1787710E+22 feasible? F
gen  30300/52000      elitist  6.1787710E+22 feasible? F
gen  30400/52000      elitist  6.1787710E+22 feasible? F
gen  30500/52000      elitist  6.1787710E+22 feasible? F
gen  30600/52000      elitist  6.1787710E+22 feasible? F
gen  30700/52000      elitist  6.1787710E+22 feasible? F
gen  30800/52000      elitist  6.1787710E+22 feasible? F
gen  30900/52000      elitist  6.1787710E+22 feasible? F
gen  31000/52000      elitist  6.1787710E+22 feasible? F
gen  31100/52000      elitist  6.1787710E+22 feasible? F
gen  31200/52000      elitist  6.1787710E+22 feasible? F
gen  31300/52000      elitist  6.1787710E+22 feasible? F
gen  31400/52000      elitist  6.1787710E+22 feasible? F
gen  31500/52000      elitist  6.1787710E+22 feasible? F
gen  31600/52000      elitist  6.1787710E+22 feasible? F
gen  31700/52000      elitist  6.1787710E+22 feasible? F
gen  31800/52000      elitist  6.1787710E+22 feasible? F
gen  31900/52000      elitist  6.1787710E+22 feasible? F
gen  32000/52000      elitist  6.1787710E+22 feasible? F
gen  32100/52000      elitist  6.1787710E+22 feasible? F
gen  32200/52000      elitist  6.1787710E+22 feasible? F
gen  32300/52000      elitist  6.1787710E+22 feasible? F
gen  32400/52000      elitist  6.1787710E+22 feasible? F
gen  32500/52000      elitist  6.1787710E+22 feasible? F
gen  32600/52000      elitist  6.1787710E+22 feasible? F
gen  32700/52000      elitist  6.1787710E+22 feasible? F
gen  32800/52000      elitist  6.1787710E+22 feasible? F
gen  32900/52000      elitist  6.1787710E+22 feasible? F
gen  33000/52000      elitist  6.1787710E+22 feasible? F
gen  33100/52000      elitist  6.1787710E+22 feasible? F
gen  33200/52000      elitist  6.1787710E+22 feasible? F
gen  33300/52000      elitist  6.1787710E+22 feasible? F
gen  33400/52000      elitist  6.1787710E+22 feasible? F
gen  33500/52000      elitist  6.1787710E+22 feasible? F
gen  33600/52000      elitist  6.1787710E+22 feasible? F
gen  33700/52000      elitist  6.1787710E+22 feasible? F
gen  33800/52000      elitist  6.1787710E+22 feasible? F
gen  33900/52000      elitist  6.1787710E+22 feasible? F
gen  34000/52000      elitist  6.1787710E+22 feasible? F
gen  34100/52000      elitist  6.1787710E+22 feasible? F
gen  34200/52000      elitist  6.1787710E+22 feasible? F
gen  34300/52000      elitist  6.1787710E+22 feasible? F
gen  34400/52000      elitist  6.1787710E+22 feasible? F
gen  34500/52000      elitist  6.1787710E+22 feasible? F
gen  34600/52000      elitist  6.1787710E+22 feasible? F
gen  34700/52000      elitist  6.1787710E+22 feasible? F
gen  34800/52000      elitist  6.1787710E+22 feasible? F
gen  34900/52000      elitist  6.1787710E+22 feasible? F
gen  35000/52000      elitist  6.1787710E+22 feasible? F
gen  35100/52000      elitist  6.1787710E+22 feasible? F
gen  35200/52000      elitist  6.1787710E+22 feasible? F
gen  35300/52000      elitist  6.1787710E+22 feasible? F
gen  35400/52000      elitist  6.1787710E+22 feasible? F
gen  35500/52000      elitist  6.1787710E+22 feasible? F
gen  35600/52000      elitist  6.1787710E+22 feasible? F
gen  35700/52000      elitist  6.1787710E+22 feasible? F
gen  35800/52000      elitist  6.1787710E+22 feasible? F
gen  35900/52000      elitist  6.1787710E+22 feasible? F
gen  36000/52000      elitist  6.1787710E+22 feasible? F
gen  36100/52000      elitist  6.1787710E+22 feasible? F
gen  36200/52000      elitist  6.1787710E+22 feasible? F
gen  36300/52000      elitist  6.1787710E+22 feasible? F
gen  36400/52000      elitist  6.1787710E+22 feasible? F
gen  36500/52000      elitist  6.1787710E+22 feasible? F
gen  36600/52000      elitist  6.1787710E+22 feasible? F
gen  36700/52000      elitist  6.1787710E+22 feasible? F
gen  36800/52000      elitist  6.1787710E+22 feasible? F
gen  36900/52000      elitist  6.1787710E+22 feasible? F
gen  37000/52000      elitist  6.1787710E+22 feasible? F
gen  37100/52000      elitist  6.1787710E+22 feasible? F
gen  37200/52000      elitist  6.1787710E+22 feasible? F
gen  37300/52000      elitist  6.1787710E+22 feasible? F
gen  37400/52000      elitist  6.1787710E+22 feasible? F
gen  37500/52000      elitist  6.1787710E+22 feasible? F
gen  37600/52000      elitist  6.1787710E+22 feasible? F
gen  37700/52000      elitist  6.1787710E+22 feasible? F
gen  37800/52000      elitist  6.1787710E+22 feasible? F
gen  37900/52000      elitist  6.1787710E+22 feasible? F
gen  38000/52000      elitist  6.1787710E+22 feasible? F
gen  38100/52000      elitist  6.1787710E+22 feasible? F
gen  38200/52000      elitist  6.1787710E+22 feasible? F
gen  38300/52000      elitist  6.1787710E+22 feasible? F
gen  38400/52000      elitist  6.1787710E+22 feasible? F
gen  38500/52000      elitist  6.1787710E+22 feasible? F
gen  38600/52000      elitist  6.1787710E+22 feasible? F
gen  38700/52000      elitist  6.1787710E+22 feasible? F
gen  38800/52000      elitist  6.1787710E+22 feasible? F
gen  38900/52000      elitist  6.1787710E+22 feasible? F
gen  39000/52000      elitist  6.1787710E+22 feasible? F
gen  39100/52000      elitist  6.1787710E+22 feasible? F
gen  39200/52000      elitist  6.1787710E+22 feasible? F
gen  39300/52000      elitist  6.1787710E+22 feasible? F
gen  39400/52000      elitist  6.1787710E+22 feasible? F
gen  39500/52000      elitist  6.1787710E+22 feasible? F
gen  39600/52000      elitist  6.1787710E+22 feasible? F
gen  39700/52000      elitist  6.1787710E+22 feasible? F
gen  39800/52000      elitist  6.1787710E+22 feasible? F
gen  39900/52000      elitist  6.1787710E+22 feasible? F
gen  40000/52000      elitist  6.1787710E+22 feasible? F
gen  40100/52000      elitist  6.1787710E+22 feasible? F
gen  40200/52000      elitist  6.1787710E+22 feasible? F
gen  40300/52000      elitist  6.1787710E+22 feasible? F
gen  40400/52000      elitist  6.1787710E+22 feasible? F
gen  40500/52000      elitist  6.1787710E+22 feasible? F
gen  40600/52000      elitist  6.1787710E+22 feasible? F
gen  40700/52000      elitist  6.1787710E+22 feasible? F
gen  40800/52000      elitist  6.1787710E+22 feasible? F
gen  40900/52000      elitist  6.1787710E+22 feasible? F
gen  41000/52000      elitist  6.1787710E+22 feasible? F
gen  41100/52000      elitist  6.1787710E+22 feasible? F
gen  41200/52000      elitist  6.1787710E+22 feasible? F
gen  41300/52000      elitist  6.1787710E+22 feasible? F
gen  41400/52000      elitist  6.1787710E+22 feasible? F
gen  41500/52000      elitist  6.1787710E+22 feasible? F
gen  41600/52000      elitist  6.1787710E+22 feasible? F
gen  41700/52000      elitist  6.1787710E+22 feasible? F
gen  41800/52000      elitist  6.1787710E+22 feasible? F
gen  41900/52000      elitist  6.1787710E+22 feasible? F
gen  42000/52000      elitist  6.1787710E+22 feasible? F
gen  42100/52000      elitist  6.1787710E+22 feasible? F
gen  42200/52000      elitist  6.1787710E+22 feasible? F
gen  42300/52000      elitist  6.1787710E+22 feasible? F
gen  42400/52000      elitist  6.1787710E+22 feasible? F
gen  42500/52000      elitist  6.1787710E+22 feasible? F
gen  42600/52000      elitist  6.1787710E+22 feasible? F
gen  42700/52000      elitist  6.1787710E+22 feasible? F
