Running in fitting mode

Reading "/data/boittier/gaussian_scans/bromobutadiene/scan_extract_0.xyz.chk.fchk.pot.cube"...

  opt Potential
  Electrostatic potential from Total SCF Density
   10  -10.982195  -11.443988   -9.769128
   84    0.265911    0.000000    0.000000
   82    0.000000    0.265911    0.000000
   74    0.000000    0.000000    0.265911
    6    6.000000   -1.673952    3.606648    0.000000
    6    6.000000    0.000000    1.721109    0.000000
    6    6.000000    2.723878    2.103773    0.000000
    6    6.000000    4.508290    0.324643    0.000000
    1    1.000000   -3.687195    3.287689    0.000000
    1    1.000000   -0.999128    5.537939    0.000000
   35   35.000000   -1.213067   -1.674860    0.000000
    1    1.000000    3.266739    4.081797    0.000000
    1    1.000000    4.043439   -1.663450    0.000000
    1    1.000000    6.484203    0.839077    0.000000
 -4.50402E-03 -4.51053E-03 -4.51179E-03 -4.50778E-03 -4.37950E-03 -4.39021E-03
       .            .            .            .            .            .
       .            .            .            .            .            .
       .            .            .            .            .            .
  7.70629E-03  7.78523E-03  7.80058E-03  7.75172E-03  7.64058E-03  7.47148E-03

132359 out of 509712 gridpoints are considered ( 26.0%).

...done!




USING GREEDY MODE
File "multipole1_1charges.xyz" already exists. Fitting procedure is skipped.
File "multipole1_2charges.xyz" already exists. Fitting procedure is skipped.
File "multipole1_3charges.xyz" already exists. Fitting procedure is skipped.
File "multipole1_4charges.xyz" already exists. Fitting procedure is skipped.
File "multipole2_1charges.xyz" already exists. Fitting procedure is skipped.
File "multipole2_2charges.xyz" already exists. Fitting procedure is skipped.
File "multipole2_3charges.xyz" already exists. Fitting procedure is skipped.
File "multipole2_4charges.xyz" already exists. Fitting procedure is skipped.
File "multipole3_1charges.xyz" already exists. Fitting procedure is skipped.
File "multipole3_2charges.xyz" already exists. Fitting procedure is skipped.
File "multipole3_3charges.xyz" already exists. Fitting procedure is skipped.
File "multipole3_4charges.xyz" already exists. Fitting procedure is skipped.
File "multipole4_1charges.xyz" already exists. Fitting procedure is skipped.
File "multipole4_2charges.xyz" already exists. Fitting procedure is skipped.
File "multipole4_3charges.xyz" already exists. Fitting procedure is skipped.
File "multipole4_4charges.xyz" already exists. Fitting procedure is skipped.
File "multipole5_1charges.xyz" already exists. Fitting procedure is skipped.
File "multipole5_2charges.xyz" already exists. Fitting procedure is skipped.
File "multipole5_3charges.xyz" already exists. Fitting procedure is skipped.
File "multipole5_4charges.xyz" already exists. Fitting procedure is skipped.
File "multipole6_1charges.xyz" already exists. Fitting procedure is skipped.
File "multipole6_2charges.xyz" already exists. Fitting procedure is skipped.
File "multipole6_3charges.xyz" already exists. Fitting procedure is skipped.
File "multipole6_4charges.xyz" already exists. Fitting procedure is skipped.
File "multipole7_1charges.xyz" already exists. Fitting procedure is skipped.
File "multipole7_2charges.xyz" already exists. Fitting procedure is skipped.
File "multipole7_3charges.xyz" already exists. Fitting procedure is skipped.
File "multipole7_4charges.xyz" already exists. Fitting procedure is skipped.
File "multipole8_1charges.xyz" already exists. Fitting procedure is skipped.
File "multipole8_2charges.xyz" already exists. Fitting procedure is skipped.
File "multipole8_3charges.xyz" already exists. Fitting procedure is skipped.
File "multipole8_4charges.xyz" already exists. Fitting procedure is skipped.
File "multipole9_1charges.xyz" already exists. Fitting procedure is skipped.
File "multipole9_2charges.xyz" already exists. Fitting procedure is skipped.
File "multipole9_3charges.xyz" already exists. Fitting procedure is skipped.
File "multipole9_4charges.xyz" already exists. Fitting procedure is skipped.
File "multipole10_1charges.xyz" already exists. Fitting procedure is skipped.
File "multipole10_2charges.xyz" already exists. Fitting procedure is skipped.
File "multipole10_3charges.xyz" already exists. Fitting procedure is skipped.
File "multipole10_4charges.xyz" already exists. Fitting procedure is skipped.
Total fragment charge (a.u.):         1.040834086E-16
Running DE in parallel with 4 thread(s)!

Starting fitting procedure for 27 charges, trial 1
gen      0/54000      elitist  1.8092363E-02 feasible? F
gen    100/54000      elitist  1.8092363E-02 feasible? F
gen    200/54000      elitist  1.8092363E-02 feasible? F
gen    300/54000      elitist  1.8092363E-02 feasible? F
gen    400/54000      elitist  1.9675378E-02 feasible? F
gen    500/54000      elitist  1.9675378E-02 feasible? F
gen    600/54000      elitist  1.9675378E-02 feasible? F
gen    700/54000      elitist  1.9675378E-02 feasible? F
gen    800/54000      elitist  1.9675378E-02 feasible? F
gen    900/54000      elitist  1.9675378E-02 feasible? F
gen   1000/54000      elitist  1.9675378E-02 feasible? F
gen   1100/54000      elitist  1.9675378E-02 feasible? F
gen   1200/54000      elitist  1.9675378E-02 feasible? F
gen   1300/54000      elitist  1.9675378E-02 feasible? F
gen   1400/54000      elitist  1.9675378E-02 feasible? F
gen   1500/54000      elitist  1.9675378E-02 feasible? F
gen   1600/54000      elitist  1.9675378E-02 feasible? F
gen   1700/54000      elitist  1.9675378E-02 feasible? F
gen   1800/54000      elitist  1.9675378E-02 feasible? F
gen   1900/54000      elitist  1.9675378E-02 feasible? F
gen   2000/54000      elitist  1.9675378E-02 feasible? F
gen   2100/54000      elitist  1.9675378E-02 feasible? F
gen   2200/54000      elitist  1.9675378E-02 feasible? F
gen   2300/54000      elitist  1.9675378E-02 feasible? F
gen   2400/54000      elitist  1.9675378E-02 feasible? F
gen   2500/54000      elitist  1.9675378E-02 feasible? F
gen   2600/54000      elitist  1.9675378E-02 feasible? F
gen   2700/54000      elitist  1.9675378E-02 feasible? F
gen   2800/54000      elitist  1.9675378E-02 feasible? F
gen   2900/54000      elitist  1.9675378E-02 feasible? F
gen   3000/54000      elitist  1.9675378E-02 feasible? F
gen   3100/54000      elitist  1.9675378E-02 feasible? F
gen   3200/54000      elitist  1.9675378E-02 feasible? F
gen   3300/54000      elitist  1.9675378E-02 feasible? F
gen   3400/54000      elitist  1.9675378E-02 feasible? F
gen   3500/54000      elitist  1.9675378E-02 feasible? F
gen   3600/54000      elitist  1.9675378E-02 feasible? F
gen   3700/54000      elitist  1.9675378E-02 feasible? F
gen   3800/54000      elitist  1.9675378E-02 feasible? F
gen   3900/54000      elitist  1.9675378E-02 feasible? F
gen   4000/54000      elitist  1.9675378E-02 feasible? F
gen   4100/54000      elitist  1.9675378E-02 feasible? F
gen   4200/54000      elitist  1.9675378E-02 feasible? F
gen   4300/54000      elitist  1.9675378E-02 feasible? F
gen   4400/54000      elitist  1.9675378E-02 feasible? F
gen   4500/54000      elitist  1.9675378E-02 feasible? F
gen   4600/54000      elitist  1.9675378E-02 feasible? F
gen   4700/54000      elitist  1.9675378E-02 feasible? F
gen   4800/54000      elitist  1.9675378E-02 feasible? F
gen   4900/54000      elitist  1.9675378E-02 feasible? F
gen   5000/54000      elitist  1.9675378E-02 feasible? F
gen   5100/54000      elitist  1.9675378E-02 feasible? F
gen   5200/54000      elitist  1.9675378E-02 feasible? F
gen   5300/54000      elitist  1.9675378E-02 feasible? F
gen   5400/54000      elitist  1.9675378E-02 feasible? F
gen   5500/54000      elitist  1.9675378E-02 feasible? F
gen   5600/54000      elitist  1.9675378E-02 feasible? F
gen   5700/54000      elitist  1.9675378E-02 feasible? F
gen   5800/54000      elitist  1.9675378E-02 feasible? F
gen   5900/54000      elitist  1.9675378E-02 feasible? F
gen   6000/54000      elitist  1.9675378E-02 feasible? F
gen   6100/54000      elitist  1.9675378E-02 feasible? F
gen   6200/54000      elitist  1.9675378E-02 feasible? F
gen   6300/54000      elitist  1.9675378E-02 feasible? F
gen   6400/54000      elitist  1.9675378E-02 feasible? F
gen   6500/54000      elitist  1.9675378E-02 feasible? F
gen   6600/54000      elitist  1.9675378E-02 feasible? F
gen   6700/54000      elitist  1.9675378E-02 feasible? F
gen   6800/54000      elitist  1.9675378E-02 feasible? F
gen   6900/54000      elitist  1.9675378E-02 feasible? F
gen   7000/54000      elitist  1.9675378E-02 feasible? F
gen   7100/54000      elitist  1.9675378E-02 feasible? F
gen   7200/54000      elitist  1.9675378E-02 feasible? F
gen   7300/54000      elitist  1.9675378E-02 feasible? F
gen   7400/54000      elitist  1.9675378E-02 feasible? F
gen   7500/54000      elitist  1.9675378E-02 feasible? F
gen   7600/54000      elitist  1.9675378E-02 feasible? F
gen   7700/54000      elitist  1.9675378E-02 feasible? F
gen   7800/54000      elitist  1.9675378E-02 feasible? F
gen   7900/54000      elitist  1.9675378E-02 feasible? F
gen   8000/54000      elitist  1.9675378E-02 feasible? F
gen   8100/54000      elitist  1.9675378E-02 feasible? F
gen   8200/54000      elitist  1.9675378E-02 feasible? F
gen   8300/54000      elitist  1.9675378E-02 feasible? F
gen   8400/54000      elitist  1.9675378E-02 feasible? F
gen   8500/54000      elitist  1.9675378E-02 feasible? F
gen   8600/54000      elitist  1.9675378E-02 feasible? F
gen   8700/54000      elitist  1.9675378E-02 feasible? F
gen   8800/54000      elitist  1.9675378E-02 feasible? F
gen   8900/54000      elitist  1.9675378E-02 feasible? F
gen   9000/54000      elitist  1.9675378E-02 feasible? F
gen   9100/54000      elitist  1.9675378E-02 feasible? F
gen   9200/54000      elitist  1.9675378E-02 feasible? F
gen   9300/54000      elitist  1.9675378E-02 feasible? F
gen   9400/54000      elitist  1.9675378E-02 feasible? F
gen   9500/54000      elitist  1.9675378E-02 feasible? F
gen   9600/54000      elitist  1.9675378E-02 feasible? F
gen   9700/54000      elitist  1.9675378E-02 feasible? F
gen   9800/54000      elitist  1.9675378E-02 feasible? F
gen   9900/54000      elitist  1.9675378E-02 feasible? F
gen  10000/54000      elitist  1.9675378E-02 feasible? F
gen  10100/54000      elitist  1.9675378E-02 feasible? F
gen  10200/54000      elitist  1.9675378E-02 feasible? F
gen  10300/54000      elitist  1.9675378E-02 feasible? F
gen  10400/54000      elitist  1.9675378E-02 feasible? F
gen  10500/54000      elitist  1.9675378E-02 feasible? F
gen  10600/54000      elitist  1.9675378E-02 feasible? F
gen  10700/54000      elitist  1.9675378E-02 feasible? F
gen  10800/54000      elitist  1.9675378E-02 feasible? F
gen  10900/54000      elitist  1.9675378E-02 feasible? F
gen  11000/54000      elitist  1.9675378E-02 feasible? F
gen  11100/54000      elitist  1.9675378E-02 feasible? F
gen  11200/54000      elitist  1.9675378E-02 feasible? F
gen  11300/54000      elitist  1.9675378E-02 feasible? F
gen  11400/54000      elitist  1.9675378E-02 feasible? F
gen  11500/54000      elitist  1.9675378E-02 feasible? F
gen  11600/54000      elitist  1.9675378E-02 feasible? F
gen  11700/54000      elitist  1.9675378E-02 feasible? F
gen  11800/54000      elitist  1.9675378E-02 feasible? F
gen  11900/54000      elitist  1.9675378E-02 feasible? F
gen  12000/54000      elitist  1.9675378E-02 feasible? F
gen  12100/54000      elitist  1.9675378E-02 feasible? F
gen  12200/54000      elitist  1.9675378E-02 feasible? F
gen  12300/54000      elitist  1.9675378E-02 feasible? F
gen  12400/54000      elitist  1.9675378E-02 feasible? F
gen  12500/54000      elitist  1.9675378E-02 feasible? F
gen  12600/54000      elitist  1.9675378E-02 feasible? F
gen  12700/54000      elitist  1.9675378E-02 feasible? F
gen  12800/54000      elitist  1.9675378E-02 feasible? F
gen  12900/54000      elitist  1.9675378E-02 feasible? F
gen  13000/54000      elitist  1.9675378E-02 feasible? F
gen  13100/54000      elitist  1.9675378E-02 feasible? F
gen  13200/54000      elitist  1.9675378E-02 feasible? F
gen  13300/54000      elitist  1.9675378E-02 feasible? F
gen  13400/54000      elitist  1.9675378E-02 feasible? F
gen  13500/54000      elitist  1.9675378E-02 feasible? F
gen  13600/54000      elitist  1.9675378E-02 feasible? F
gen  13700/54000      elitist  1.9675378E-02 feasible? F
gen  13800/54000      elitist  1.9675378E-02 feasible? F
gen  13900/54000      elitist  1.9675378E-02 feasible? F
gen  14000/54000      elitist  1.9675378E-02 feasible? F
gen  14100/54000      elitist  1.9675378E-02 feasible? F
gen  14200/54000      elitist  1.9675378E-02 feasible? F
gen  14300/54000      elitist  1.9675378E-02 feasible? F
gen  14400/54000      elitist  1.9675378E-02 feasible? F
gen  14500/54000      elitist  1.9675378E-02 feasible? F
gen  14600/54000      elitist  1.9675378E-02 feasible? F
gen  14700/54000      elitist  1.9675378E-02 feasible? F
gen  14800/54000      elitist  1.9675378E-02 feasible? F
gen  14900/54000      elitist  1.9675378E-02 feasible? F
gen  15000/54000      elitist  1.9675378E-02 feasible? F
gen  15100/54000      elitist  1.9675378E-02 feasible? F
gen  15200/54000      elitist  1.9675378E-02 feasible? F
gen  15300/54000      elitist  1.9675378E-02 feasible? F
gen  15400/54000      elitist  1.9675378E-02 feasible? F
gen  15500/54000      elitist  1.9675378E-02 feasible? F
gen  15600/54000      elitist  1.9675378E-02 feasible? F
gen  15700/54000      elitist  1.9675378E-02 feasible? F
gen  15800/54000      elitist  1.9675378E-02 feasible? F
gen  15900/54000      elitist  1.9675378E-02 feasible? F
gen  16000/54000      elitist  1.9675378E-02 feasible? F
gen  16100/54000      elitist  1.9675378E-02 feasible? F
gen  16200/54000      elitist  1.9675378E-02 feasible? F
gen  16300/54000      elitist  1.9675378E-02 feasible? F
gen  16400/54000      elitist  1.9675378E-02 feasible? F
gen  16500/54000      elitist  1.9675378E-02 feasible? F
gen  16600/54000      elitist  1.9675378E-02 feasible? F
gen  16700/54000      elitist  1.9675378E-02 feasible? F
gen  16800/54000      elitist  1.9675378E-02 feasible? F
gen  16900/54000      elitist  1.9675378E-02 feasible? F
gen  17000/54000      elitist  1.9675378E-02 feasible? F
gen  17100/54000      elitist  1.9675378E-02 feasible? F
gen  17200/54000      elitist  1.9675378E-02 feasible? F
gen  17300/54000      elitist  1.9675378E-02 feasible? F
gen  17400/54000      elitist  1.9675378E-02 feasible? F
gen  17500/54000      elitist  1.9675378E-02 feasible? F
gen  17600/54000      elitist  1.9675378E-02 feasible? F
gen  17700/54000      elitist  1.9675378E-02 feasible? F
gen  17800/54000      elitist  1.9675378E-02 feasible? F
gen  17900/54000      elitist  1.9675378E-02 feasible? F
gen  18000/54000      elitist  1.9675378E-02 feasible? F
gen  18100/54000      elitist  1.9675378E-02 feasible? F
gen  18200/54000      elitist  1.9675378E-02 feasible? F
gen  18300/54000      elitist  1.9675378E-02 feasible? F
gen  18400/54000      elitist  1.9675378E-02 feasible? F
gen  18500/54000      elitist  1.9675378E-02 feasible? F
gen  18600/54000      elitist  1.9675378E-02 feasible? F
gen  18700/54000      elitist  1.9675378E-02 feasible? F
gen  18800/54000      elitist  1.9675378E-02 feasible? F
gen  18900/54000      elitist  1.9675378E-02 feasible? F
gen  19000/54000      elitist  1.9675378E-02 feasible? F
gen  19100/54000      elitist  1.9675378E-02 feasible? F
gen  19200/54000      elitist  1.9675378E-02 feasible? F
gen  19300/54000      elitist  1.9675378E-02 feasible? F
gen  19400/54000      elitist  1.9675378E-02 feasible? F
gen  19500/54000      elitist  1.9675378E-02 feasible? F
gen  19600/54000      elitist  1.9675378E-02 feasible? F
gen  19700/54000      elitist  1.9675378E-02 feasible? F
gen  19800/54000      elitist  1.9675378E-02 feasible? F
gen  19900/54000      elitist  1.9675378E-02 feasible? F
gen  20000/54000      elitist  1.9675378E-02 feasible? F
gen  20100/54000      elitist  1.9675378E-02 feasible? F
gen  20200/54000      elitist  1.9675378E-02 feasible? F
gen  20300/54000      elitist  1.9675378E-02 feasible? F
gen  20400/54000      elitist  1.9675378E-02 feasible? F
gen  20500/54000      elitist  1.9675378E-02 feasible? F
gen  20600/54000      elitist  1.9675378E-02 feasible? F
gen  20700/54000      elitist  1.9675378E-02 feasible? F
gen  20800/54000      elitist  1.9675378E-02 feasible? F
gen  20900/54000      elitist  1.9675378E-02 feasible? F
gen  21000/54000      elitist  1.9675378E-02 feasible? F
gen  21100/54000      elitist  1.9675378E-02 feasible? F
gen  21200/54000      elitist  1.9675378E-02 feasible? F
gen  21300/54000      elitist  1.9675378E-02 feasible? F
gen  21400/54000      elitist  1.9675378E-02 feasible? F
gen  21500/54000      elitist  1.9675378E-02 feasible? F
gen  21600/54000      elitist  1.9675378E-02 feasible? F
gen  21700/54000      elitist  1.9675378E-02 feasible? F
gen  21800/54000      elitist  1.9675378E-02 feasible? F
gen  21900/54000      elitist  1.9675378E-02 feasible? F
gen  22000/54000      elitist  1.9675378E-02 feasible? F
gen  22100/54000      elitist  1.9675378E-02 feasible? F
gen  22200/54000      elitist  1.9675378E-02 feasible? F
gen  22300/54000      elitist  1.9675378E-02 feasible? F
gen  22400/54000      elitist  1.9675378E-02 feasible? F
gen  22500/54000      elitist  1.9675378E-02 feasible? F
gen  22600/54000      elitist  1.9675378E-02 feasible? F
gen  22700/54000      elitist  1.9675378E-02 feasible? F
gen  22800/54000      elitist  1.9675378E-02 feasible? F
gen  22900/54000      elitist  1.9675378E-02 feasible? F
gen  23000/54000      elitist  1.9675378E-02 feasible? F
gen  23100/54000      elitist  1.9675378E-02 feasible? F
gen  23200/54000      elitist  1.9675378E-02 feasible? F
gen  23300/54000      elitist  1.9675378E-02 feasible? F
gen  23400/54000      elitist  1.9675378E-02 feasible? F
gen  23500/54000      elitist  1.9675378E-02 feasible? F
gen  23600/54000      elitist  1.9675378E-02 feasible? F
gen  23700/54000      elitist  1.9675378E-02 feasible? F
gen  23800/54000      elitist  1.9675378E-02 feasible? F
gen  23900/54000      elitist  1.9675378E-02 feasible? F
gen  24000/54000      elitist  1.9675378E-02 feasible? F
gen  24100/54000      elitist  1.9675378E-02 feasible? F
gen  24200/54000      elitist  1.9675378E-02 feasible? F
gen  24300/54000      elitist  1.9675378E-02 feasible? F
gen  24400/54000      elitist  1.9675378E-02 feasible? F
gen  24500/54000      elitist  1.9675378E-02 feasible? F
gen  24600/54000      elitist  1.9675378E-02 feasible? F
gen  24700/54000      elitist  1.9675378E-02 feasible? F
gen  24800/54000      elitist  1.9675378E-02 feasible? F
gen  24900/54000      elitist  1.9675378E-02 feasible? F
gen  25000/54000      elitist  1.9675378E-02 feasible? F
gen  25100/54000      elitist  1.9675378E-02 feasible? F
gen  25200/54000      elitist  1.9675378E-02 feasible? F
gen  25300/54000      elitist  1.9675378E-02 feasible? F
gen  25400/54000      elitist  1.9675378E-02 feasible? F
gen  25500/54000      elitist  1.9675378E-02 feasible? F
gen  25600/54000      elitist  1.9675378E-02 feasible? F
gen  25700/54000      elitist  1.9675378E-02 feasible? F
gen  25800/54000      elitist  1.9675378E-02 feasible? F
gen  25900/54000      elitist  1.9675378E-02 feasible? F
gen  26000/54000      elitist  1.9675378E-02 feasible? F
gen  26100/54000      elitist  1.9675378E-02 feasible? F
gen  26200/54000      elitist  1.9675378E-02 feasible? F
gen  26300/54000      elitist  1.9675378E-02 feasible? F
gen  26400/54000      elitist  1.9675378E-02 feasible? F
gen  26500/54000      elitist  1.9675378E-02 feasible? F
gen  26600/54000      elitist  1.9675378E-02 feasible? F
gen  26700/54000      elitist  1.9675378E-02 feasible? F
gen  26800/54000      elitist  1.9675378E-02 feasible? F
gen  26900/54000      elitist  1.9675378E-02 feasible? F
gen  27000/54000      elitist  1.9675378E-02 feasible? F
gen  27100/54000      elitist  1.9675378E-02 feasible? F
gen  27200/54000      elitist  1.9675378E-02 feasible? F
gen  27300/54000      elitist  1.9675378E-02 feasible? F
gen  27400/54000      elitist  1.9675378E-02 feasible? F
gen  27500/54000      elitist  1.9675378E-02 feasible? F
gen  27600/54000      elitist  1.9675378E-02 feasible? F
gen  27700/54000      elitist  1.9675378E-02 feasible? F
gen  27800/54000      elitist  1.9675378E-02 feasible? F
gen  27900/54000      elitist  1.9675378E-02 feasible? F
gen  28000/54000      elitist  1.9675378E-02 feasible? F
gen  28100/54000      elitist  1.9675378E-02 feasible? F
gen  28200/54000      elitist  1.9675378E-02 feasible? F
gen  28300/54000      elitist  1.9675378E-02 feasible? F
gen  28400/54000      elitist  1.9675378E-02 feasible? F
gen  28500/54000      elitist  1.9675378E-02 feasible? F
gen  28600/54000      elitist  1.9675378E-02 feasible? F
gen  28700/54000      elitist  1.9675378E-02 feasible? F
gen  28800/54000      elitist  1.9675378E-02 feasible? F
gen  28900/54000      elitist  1.9675378E-02 feasible? F
gen  29000/54000      elitist  1.9675378E-02 feasible? F
gen  29100/54000      elitist  1.9675378E-02 feasible? F
gen  29200/54000      elitist  1.9675378E-02 feasible? F
gen  29300/54000      elitist  1.9675378E-02 feasible? F
gen  29400/54000      elitist  1.9675378E-02 feasible? F
gen  29500/54000      elitist  1.9675378E-02 feasible? F
gen  29600/54000      elitist  1.9675378E-02 feasible? F
gen  29700/54000      elitist  1.9675378E-02 feasible? F
gen  29800/54000      elitist  1.9675378E-02 feasible? F
gen  29900/54000      elitist  1.9675378E-02 feasible? F
gen  30000/54000      elitist  1.9675378E-02 feasible? F
gen  30100/54000      elitist  1.9675378E-02 feasible? F
gen  30200/54000      elitist  1.9675378E-02 feasible? F
gen  30300/54000      elitist  1.9675378E-02 feasible? F
gen  30400/54000      elitist  1.9675378E-02 feasible? F
gen  30500/54000      elitist  1.9675378E-02 feasible? F
gen  30600/54000      elitist  1.9675378E-02 feasible? F
gen  30700/54000      elitist  1.9675378E-02 feasible? F
gen  30800/54000      elitist  1.9675378E-02 feasible? F
gen  30900/54000      elitist  1.9675378E-02 feasible? F
gen  31000/54000      elitist  1.9675378E-02 feasible? F
gen  31100/54000      elitist  1.9675378E-02 feasible? F
gen  31200/54000      elitist  1.9675378E-02 feasible? F
gen  31300/54000      elitist  1.9675378E-02 feasible? F
gen  31400/54000      elitist  1.9675378E-02 feasible? F
gen  31500/54000      elitist  1.9675378E-02 feasible? F
gen  31600/54000      elitist  1.9675378E-02 feasible? F
gen  31700/54000      elitist  1.9675378E-02 feasible? F
gen  31800/54000      elitist  1.9675378E-02 feasible? F
gen  31900/54000      elitist  1.9675378E-02 feasible? F
gen  32000/54000      elitist  1.9675378E-02 feasible? F
gen  32100/54000      elitist  1.9675378E-02 feasible? F
gen  32200/54000      elitist  1.9675378E-02 feasible? F
gen  32300/54000      elitist  1.9675378E-02 feasible? F
gen  32400/54000      elitist  1.9675378E-02 feasible? F
gen  32500/54000      elitist  1.9675378E-02 feasible? F
gen  32600/54000      elitist  1.9675378E-02 feasible? F
gen  32700/54000      elitist  1.9675378E-02 feasible? F
gen  32800/54000      elitist  1.9675378E-02 feasible? F
gen  32900/54000      elitist  1.9675378E-02 feasible? F
gen  33000/54000      elitist  1.9675378E-02 feasible? F
gen  33100/54000      elitist  1.9675378E-02 feasible? F
gen  33200/54000      elitist  1.9675378E-02 feasible? F
gen  33300/54000      elitist  1.9675378E-02 feasible? F
gen  33400/54000      elitist  1.9675378E-02 feasible? F
gen  33500/54000      elitist  1.9675378E-02 feasible? F
gen  33600/54000      elitist  1.9675378E-02 feasible? F
gen  33700/54000      elitist  1.9675378E-02 feasible? F
gen  33800/54000      elitist  1.9675378E-02 feasible? F
gen  33900/54000      elitist  1.9675378E-02 feasible? F
gen  34000/54000      elitist  1.9675378E-02 feasible? F
gen  34100/54000      elitist  1.9675378E-02 feasible? F
gen  34200/54000      elitist  1.9675378E-02 feasible? F
gen  34300/54000      elitist  1.9675378E-02 feasible? F
gen  34400/54000      elitist  1.9675378E-02 feasible? F
gen  34500/54000      elitist  1.9675378E-02 feasible? F
gen  34600/54000      elitist  1.9675378E-02 feasible? F
gen  34700/54000      elitist  1.9675378E-02 feasible? F
gen  34800/54000      elitist  1.9675378E-02 feasible? F
gen  34900/54000      elitist  1.9675378E-02 feasible? F
gen  35000/54000      elitist  1.9675378E-02 feasible? F
gen  35100/54000      elitist  1.9675378E-02 feasible? F
gen  35200/54000      elitist  1.9675378E-02 feasible? F
gen  35300/54000      elitist  1.9675378E-02 feasible? F
gen  35400/54000      elitist  1.9675378E-02 feasible? F
gen  35500/54000      elitist  1.9675378E-02 feasible? F
gen  35600/54000      elitist  1.9675378E-02 feasible? F
gen  35700/54000      elitist  1.9675378E-02 feasible? F
gen  35800/54000      elitist  1.9675378E-02 feasible? F
gen  35900/54000      elitist  1.9675378E-02 feasible? F
gen  36000/54000      elitist  1.9675378E-02 feasible? F
gen  36100/54000      elitist  1.9675378E-02 feasible? F
gen  36200/54000      elitist  1.9675378E-02 feasible? F
gen  36300/54000      elitist  1.9675378E-02 feasible? F
gen  36400/54000      elitist  1.9675378E-02 feasible? F
gen  36500/54000      elitist  1.9675378E-02 feasible? F
gen  36600/54000      elitist  1.9675378E-02 feasible? F
gen  36700/54000      elitist  1.9675378E-02 feasible? F
gen  36800/54000      elitist  1.9675378E-02 feasible? F
gen  36900/54000      elitist  1.9675378E-02 feasible? F
gen  37000/54000      elitist  1.9675378E-02 feasible? F
gen  37100/54000      elitist  1.9675378E-02 feasible? F
gen  37200/54000      elitist  1.9675378E-02 feasible? F
gen  37300/54000      elitist  1.9675378E-02 feasible? F
gen  37400/54000      elitist  1.9675378E-02 feasible? F
gen  37500/54000      elitist  1.9675378E-02 feasible? F
gen  37600/54000      elitist  1.9675378E-02 feasible? F
gen  37700/54000      elitist  1.9675378E-02 feasible? F
gen  37800/54000      elitist  1.9675378E-02 feasible? F
gen  37900/54000      elitist  1.9675378E-02 feasible? F
gen  38000/54000      elitist  1.9675378E-02 feasible? F
gen  38100/54000      elitist  1.9675378E-02 feasible? F
gen  38200/54000      elitist  1.9675378E-02 feasible? F
gen  38300/54000      elitist  1.9675378E-02 feasible? F
gen  38400/54000      elitist  1.9675378E-02 feasible? F
gen  38500/54000      elitist  1.9675378E-02 feasible? F
gen  38600/54000      elitist  1.9675378E-02 feasible? F
gen  38700/54000      elitist  1.9675378E-02 feasible? F
gen  38800/54000      elitist  1.9675378E-02 feasible? F
gen  38900/54000      elitist  1.9675378E-02 feasible? F
gen  39000/54000      elitist  1.9675378E-02 feasible? F
gen  39100/54000      elitist  1.9675378E-02 feasible? F
gen  39200/54000      elitist  1.9675378E-02 feasible? F
gen  39300/54000      elitist  1.9675378E-02 feasible? F
gen  39400/54000      elitist  1.9675378E-02 feasible? F
gen  39500/54000      elitist  1.9675378E-02 feasible? F
gen  39600/54000      elitist  1.9675378E-02 feasible? F
gen  39700/54000      elitist  1.9675378E-02 feasible? F
gen  39800/54000      elitist  1.9675378E-02 feasible? F
gen  39900/54000      elitist  1.9675378E-02 feasible? F
gen  40000/54000      elitist  1.9675378E-02 feasible? F
gen  40100/54000      elitist  1.9675378E-02 feasible? F
gen  40200/54000      elitist  1.9675378E-02 feasible? F
gen  40300/54000      elitist  1.9675378E-02 feasible? F
gen  40400/54000      elitist  1.9675378E-02 feasible? F
gen  40500/54000      elitist  1.9675378E-02 feasible? F
gen  40600/54000      elitist  1.9675378E-02 feasible? F
gen  40700/54000      elitist  1.9675378E-02 feasible? F
gen  40800/54000      elitist  1.9675378E-02 feasible? F
gen  40900/54000      elitist  1.9675378E-02 feasible? F
gen  41000/54000      elitist  1.9675378E-02 feasible? F
gen  41100/54000      elitist  1.9675378E-02 feasible? F
gen  41200/54000      elitist  1.9675378E-02 feasible? F
gen  41300/54000      elitist  1.9675378E-02 feasible? F
gen  41400/54000      elitist  1.9675378E-02 feasible? F
gen  41500/54000      elitist  1.9675378E-02 feasible? F
gen  41600/54000      elitist  1.9675378E-02 feasible? F
gen  41700/54000      elitist  1.9675378E-02 feasible? F
gen  41800/54000      elitist  1.9675378E-02 feasible? F
gen  41900/54000      elitist  1.9675378E-02 feasible? F
gen  42000/54000      elitist  1.9675378E-02 feasible? F
gen  42100/54000      elitist  1.9675378E-02 feasible? F
gen  42200/54000      elitist  1.9675378E-02 feasible? F
gen  42300/54000      elitist  1.9675378E-02 feasible? F
gen  42400/54000      elitist  1.9675378E-02 feasible? F
gen  42500/54000      elitist  1.9675378E-02 feasible? F
gen  42600/54000      elitist  1.9675378E-02 feasible? F
gen  42700/54000      elitist  1.9675378E-02 feasible? F
gen  42800/54000      elitist  1.9675378E-02 feasible? F
gen  42900/54000      elitist  1.9675378E-02 feasible? F
gen  43000/54000      elitist  1.9675378E-02 feasible? F
gen  43100/54000      elitist  1.9675378E-02 feasible? F
gen  43200/54000      elitist  1.9675378E-02 feasible? F
gen  43300/54000      elitist  1.9675378E-02 feasible? F
gen  43400/54000      elitist  1.9675378E-02 feasible? F
gen  43500/54000      elitist  1.9675378E-02 feasible? F
gen  43600/54000      elitist  1.9675378E-02 feasible? F
gen  43700/54000      elitist  1.9675378E-02 feasible? F
gen  43800/54000      elitist  1.9675378E-02 feasible? F
gen  43900/54000      elitist  1.9675378E-02 feasible? F
gen  44000/54000      elitist  1.9675378E-02 feasible? F
gen  44100/54000      elitist  1.9675378E-02 feasible? F
gen  44200/54000      elitist  1.9675378E-02 feasible? F
gen  44300/54000      elitist  1.9675378E-02 feasible? F
gen  44400/54000      elitist  1.9675378E-02 feasible? F
gen  44500/54000      elitist  1.9675378E-02 feasible? F
gen  44600/54000      elitist  1.9675378E-02 feasible? F
gen  44700/54000      elitist  1.9675378E-02 feasible? F
gen  44800/54000      elitist  1.9675378E-02 feasible? F
gen  44900/54000      elitist  1.9675378E-02 feasible? F
gen  45000/54000      elitist  1.9675378E-02 feasible? F
gen  45100/54000      elitist  1.9675378E-02 feasible? F
gen  45200/54000      elitist  1.9675378E-02 feasible? F
gen  45300/54000      elitist  1.9675378E-02 feasible? F
gen  45400/54000      elitist  1.9675378E-02 feasible? F
gen  45500/54000      elitist  1.9675378E-02 feasible? F
gen  45600/54000      elitist  1.9675378E-02 feasible? F
gen  45700/54000      elitist  1.9675378E-02 feasible? F
gen  45800/54000      elitist  1.9675378E-02 feasible? F
gen  45900/54000      elitist  1.9675378E-02 feasible? F
gen  46000/54000      elitist  1.9675378E-02 feasible? F
gen  46100/54000      elitist  1.9675378E-02 feasible? F
gen  46200/54000      elitist  1.9675378E-02 feasible? F
gen  46300/54000      elitist  1.9675378E-02 feasible? F
gen  46400/54000      elitist  1.9675378E-02 feasible? F
gen  46500/54000      elitist  1.9675378E-02 feasible? F
gen  46600/54000      elitist  1.9675378E-02 feasible? F
gen  46700/54000      elitist  1.9675378E-02 feasible? F
gen  46800/54000      elitist  1.9675378E-02 feasible? F
gen  46900/54000      elitist  1.9675378E-02 feasible? F
gen  47000/54000      elitist  1.9675378E-02 feasible? F
gen  47100/54000      elitist  1.9675378E-02 feasible? F
gen  47200/54000      elitist  1.9675378E-02 feasible? F
gen  47300/54000      elitist  1.9675378E-02 feasible? F
gen  47400/54000      elitist  1.9675378E-02 feasible? F
gen  47500/54000      elitist  1.9675378E-02 feasible? F
gen  47600/54000      elitist  1.9675378E-02 feasible? F
gen  47700/54000      elitist  1.9675378E-02 feasible? F
gen  47800/54000      elitist  1.9675378E-02 feasible? F
gen  47900/54000      elitist  1.9675378E-02 feasible? F
gen  48000/54000      elitist  1.9675378E-02 feasible? F
gen  48100/54000      elitist  1.9675378E-02 feasible? F
gen  48200/54000      elitist  1.9675378E-02 feasible? F
gen  48300/54000      elitist  1.9675378E-02 feasible? F
gen  48400/54000      elitist  1.9675378E-02 feasible? F
gen  48500/54000      elitist  1.9675378E-02 feasible? F
gen  48600/54000      elitist  1.9675378E-02 feasible? F
gen  48700/54000      elitist  1.9675378E-02 feasible? F
gen  48800/54000      elitist  1.9675378E-02 feasible? F
gen  48900/54000      elitist  1.9675378E-02 feasible? F
gen  49000/54000      elitist  1.9675378E-02 feasible? F
gen  49100/54000      elitist  1.9675378E-02 feasible? F
gen  49200/54000      elitist  1.9675378E-02 feasible? F
gen  49300/54000      elitist  1.9675378E-02 feasible? F
gen  49400/54000      elitist  1.9675378E-02 feasible? F
gen  49500/54000      elitist  1.9675378E-02 feasible? F
gen  49600/54000      elitist  1.9675378E-02 feasible? F
gen  49700/54000      elitist  1.9675378E-02 feasible? F
gen  49800/54000      elitist  1.9675378E-02 feasible? F
gen  49900/54000      elitist  1.9675378E-02 feasible? F
gen  50000/54000      elitist  1.9675378E-02 feasible? F
gen  50100/54000      elitist  1.9675378E-02 feasible? F
gen  50200/54000      elitist  1.9675378E-02 feasible? F
gen  50300/54000      elitist  1.9675378E-02 feasible? F
gen  50400/54000      elitist  1.9675378E-02 feasible? F
gen  50500/54000      elitist  1.9675378E-02 feasible? F
gen  50600/54000      elitist  1.9675378E-02 feasible? F
gen  50700/54000      elitist  1.9675378E-02 feasible? F
gen  50800/54000      elitist  1.9675378E-02 feasible? F
gen  50900/54000      elitist  1.9675378E-02 feasible? F
gen  51000/54000      elitist  1.9675378E-02 feasible? F
gen  51100/54000      elitist  1.9675378E-02 feasible? F
gen  51200/54000      elitist  1.9675378E-02 feasible? F
gen  51300/54000      elitist  1.9675378E-02 feasible? F
gen  51400/54000      elitist  1.9675378E-02 feasible? F
gen  51500/54000      elitist  1.9675378E-02 feasible? F
gen  51600/54000      elitist  1.9675378E-02 feasible? F
gen  51700/54000      elitist  1.9675378E-02 feasible? F
gen  51800/54000      elitist  1.9675378E-02 feasible? F
gen  51900/54000      elitist  1.9675378E-02 feasible? F
gen  52000/54000      elitist  1.9675378E-02 feasible? F
gen  52100/54000      elitist  1.9675378E-02 feasible? F
gen  52200/54000      elitist  1.9675378E-02 feasible? F
gen  52300/54000      elitist  1.9675378E-02 feasible? F
gen  52400/54000      elitist  1.9675378E-02 feasible? F
gen  52500/54000      elitist  1.9675378E-02 feasible? F
gen  52600/54000      elitist  1.9675378E-02 feasible? F
gen  52700/54000      elitist  1.9675378E-02 feasible? F
gen  52800/54000      elitist  1.9675378E-02 feasible? F
gen  52900/54000      elitist  1.9675378E-02 feasible? F
gen  53000/54000      elitist  1.9675378E-02 feasible? F
gen  53100/54000      elitist  1.9675378E-02 feasible? F
gen  53200/54000      elitist  1.9675378E-02 feasible? F
gen  53300/54000      elitist  1.9675378E-02 feasible? F
gen  53400/54000      elitist  1.9675378E-02 feasible? F
gen  53500/54000      elitist  1.9675378E-02 feasible? F
gen  53600/54000      elitist  1.9675378E-02 feasible? F
gen  53700/54000      elitist  1.9675378E-02 feasible? F
gen  53800/54000      elitist  1.9675378E-02 feasible? F
gen  53900/54000      elitist  1.9675378E-02 feasible? F
gen  54000/54000      elitist  1.9675378E-02 feasible? F
WARNING: No feasible solution was found!
Starting local simplex optimization:
Solution before refinement:      1.9675378313E-02
Solution after  refinement:      1.9675378313E-02
RMSE         1.967537831E-02 Hartree
NEW BEST!

Starting fitting procedure for 27 charges, trial 2
gen      0/54000      elitist  2.6930071E-02 feasible? F
gen    100/54000      elitist  2.6930071E-02 feasible? F
gen    200/54000      elitist  4.7858351E+22 feasible? F
gen    300/54000      elitist  1.3679754E+23 feasible? F
gen    400/54000      elitist  1.3679754E+23 feasible? F
gen    500/54000      elitist  1.3679754E+23 feasible? F
gen    600/54000      elitist  1.3679754E+23 feasible? F
gen    700/54000      elitist  1.3679754E+23 feasible? F
gen    800/54000      elitist  1.3679754E+23 feasible? F
gen    900/54000      elitist  1.3679754E+23 feasible? F
gen   1000/54000      elitist  1.3679754E+23 feasible? F
gen   1100/54000      elitist  1.3679754E+23 feasible? F
gen   1200/54000      elitist  1.3679754E+23 feasible? F
gen   1300/54000      elitist  1.3679754E+23 feasible? F
gen   1400/54000      elitist  1.3679754E+23 feasible? F
gen   1500/54000      elitist  1.3679754E+23 feasible? F
gen   1600/54000      elitist  1.3679754E+23 feasible? F
gen   1700/54000      elitist  1.3679754E+23 feasible? F
gen   1800/54000      elitist  1.3679754E+23 feasible? F
gen   1900/54000      elitist  1.3679754E+23 feasible? F
gen   2000/54000      elitist  1.3679754E+23 feasible? F
gen   2100/54000      elitist  1.3679754E+23 feasible? F
gen   2200/54000      elitist  1.3679754E+23 feasible? F
gen   2300/54000      elitist  1.3679754E+23 feasible? F
gen   2400/54000      elitist  1.3679754E+23 feasible? F
gen   2500/54000      elitist  1.3679754E+23 feasible? F
gen   2600/54000      elitist  1.3679754E+23 feasible? F
gen   2700/54000      elitist  1.3679754E+23 feasible? F
gen   2800/54000      elitist  1.3679754E+23 feasible? F
gen   2900/54000      elitist  1.3679754E+23 feasible? F
gen   3000/54000      elitist  1.3679754E+23 feasible? F
gen   3100/54000      elitist  1.3679754E+23 feasible? F
gen   3200/54000      elitist  1.3679754E+23 feasible? F
gen   3300/54000      elitist  1.3679754E+23 feasible? F
gen   3400/54000      elitist  1.3679754E+23 feasible? F
gen   3500/54000      elitist  1.3679754E+23 feasible? F
gen   3600/54000      elitist  1.3679754E+23 feasible? F
gen   3700/54000      elitist  1.3679754E+23 feasible? F
gen   3800/54000      elitist  1.3679754E+23 feasible? F
gen   3900/54000      elitist  1.3679754E+23 feasible? F
gen   4000/54000      elitist  1.3679754E+23 feasible? F
gen   4100/54000      elitist  1.3679754E+23 feasible? F
gen   4200/54000      elitist  1.3679754E+23 feasible? F
gen   4300/54000      elitist  1.3679754E+23 feasible? F
gen   4400/54000      elitist  1.3679754E+23 feasible? F
gen   4500/54000      elitist  1.3679754E+23 feasible? F
gen   4600/54000      elitist  1.3679754E+23 feasible? F
gen   4700/54000      elitist  1.3679754E+23 feasible? F
gen   4800/54000      elitist  1.3679754E+23 feasible? F
gen   4900/54000      elitist  1.3679754E+23 feasible? F
gen   5000/54000      elitist  1.3679754E+23 feasible? F
gen   5100/54000      elitist  1.3679754E+23 feasible? F
gen   5200/54000      elitist  1.3679754E+23 feasible? F
gen   5300/54000      elitist  1.3679754E+23 feasible? F
gen   5400/54000      elitist  1.3679754E+23 feasible? F
gen   5500/54000      elitist  1.3679754E+23 feasible? F
gen   5600/54000      elitist  1.3679754E+23 feasible? F
gen   5700/54000      elitist  1.3679754E+23 feasible? F
gen   5800/54000      elitist  1.3679754E+23 feasible? F
gen   5900/54000      elitist  1.3679754E+23 feasible? F
gen   6000/54000      elitist  1.3679754E+23 feasible? F
gen   6100/54000      elitist  1.3679754E+23 feasible? F
gen   6200/54000      elitist  1.3679754E+23 feasible? F
gen   6300/54000      elitist  1.3679754E+23 feasible? F
gen   6400/54000      elitist  1.3679754E+23 feasible? F
gen   6500/54000      elitist  1.3679754E+23 feasible? F
gen   6600/54000      elitist  1.3679754E+23 feasible? F
gen   6700/54000      elitist  1.3679754E+23 feasible? F
gen   6800/54000      elitist  1.3679754E+23 feasible? F
gen   6900/54000      elitist  1.3679754E+23 feasible? F
gen   7000/54000      elitist  1.3679754E+23 feasible? F
gen   7100/54000      elitist  1.3679754E+23 feasible? F
gen   7200/54000      elitist  1.3679754E+23 feasible? F
gen   7300/54000      elitist  1.3679754E+23 feasible? F
gen   7400/54000      elitist  1.3679754E+23 feasible? F
gen   7500/54000      elitist  1.3679754E+23 feasible? F
gen   7600/54000      elitist  1.3679754E+23 feasible? F
gen   7700/54000      elitist  1.3679754E+23 feasible? F
gen   7800/54000      elitist  1.3679754E+23 feasible? F
gen   7900/54000      elitist  1.3679754E+23 feasible? F
gen   8000/54000      elitist  1.3679754E+23 feasible? F
gen   8100/54000      elitist  1.3679754E+23 feasible? F
gen   8200/54000      elitist  1.3679754E+23 feasible? F
gen   8300/54000      elitist  1.3679754E+23 feasible? F
gen   8400/54000      elitist  1.3679754E+23 feasible? F
gen   8500/54000      elitist  1.3679754E+23 feasible? F
gen   8600/54000      elitist  1.3679754E+23 feasible? F
gen   8700/54000      elitist  1.3679754E+23 feasible? F
gen   8800/54000      elitist  1.3679754E+23 feasible? F
gen   8900/54000      elitist  1.3679754E+23 feasible? F
gen   9000/54000      elitist  1.3679754E+23 feasible? F
gen   9100/54000      elitist  1.3679754E+23 feasible? F
gen   9200/54000      elitist  1.3679754E+23 feasible? F
gen   9300/54000      elitist  1.3679754E+23 feasible? F
gen   9400/54000      elitist  1.3679754E+23 feasible? F
gen   9500/54000      elitist  1.3679754E+23 feasible? F
gen   9600/54000      elitist  1.3679754E+23 feasible? F
gen   9700/54000      elitist  1.3679754E+23 feasible? F
gen   9800/54000      elitist  1.3679754E+23 feasible? F
gen   9900/54000      elitist  1.3679754E+23 feasible? F
gen  10000/54000      elitist  1.3679754E+23 feasible? F
gen  10100/54000      elitist  1.3679754E+23 feasible? F
gen  10200/54000      elitist  1.3679754E+23 feasible? F
gen  10300/54000      elitist  1.3679754E+23 feasible? F
gen  10400/54000      elitist  1.3679754E+23 feasible? F
gen  10500/54000      elitist  1.3679754E+23 feasible? F
gen  10600/54000      elitist  1.3679754E+23 feasible? F
gen  10700/54000      elitist  1.3679754E+23 feasible? F
gen  10800/54000      elitist  1.3679754E+23 feasible? F
gen  10900/54000      elitist  1.3679754E+23 feasible? F
gen  11000/54000      elitist  1.3679754E+23 feasible? F
gen  11100/54000      elitist  1.3679754E+23 feasible? F
gen  11200/54000      elitist  1.3679754E+23 feasible? F
gen  11300/54000      elitist  1.3679754E+23 feasible? F
gen  11400/54000      elitist  1.3679754E+23 feasible? F
gen  11500/54000      elitist  1.3679754E+23 feasible? F
gen  11600/54000      elitist  1.3679754E+23 feasible? F
gen  11700/54000      elitist  1.3679754E+23 feasible? F
gen  11800/54000      elitist  1.3679754E+23 feasible? F
gen  11900/54000      elitist  1.3679754E+23 feasible? F
gen  12000/54000      elitist  1.3679754E+23 feasible? F
gen  12100/54000      elitist  1.3679754E+23 feasible? F
gen  12200/54000      elitist  1.3679754E+23 feasible? F
gen  12300/54000      elitist  1.3679754E+23 feasible? F
gen  12400/54000      elitist  1.3679754E+23 feasible? F
gen  12500/54000      elitist  1.3679754E+23 feasible? F
gen  12600/54000      elitist  1.3679754E+23 feasible? F
gen  12700/54000      elitist  1.3679754E+23 feasible? F
gen  12800/54000      elitist  1.3679754E+23 feasible? F
gen  12900/54000      elitist  1.3679754E+23 feasible? F
gen  13000/54000      elitist  1.3679754E+23 feasible? F
gen  13100/54000      elitist  1.3679754E+23 feasible? F
gen  13200/54000      elitist  1.3679754E+23 feasible? F
gen  13300/54000      elitist  1.3679754E+23 feasible? F
gen  13400/54000      elitist  1.3679754E+23 feasible? F
gen  13500/54000      elitist  1.3679754E+23 feasible? F
gen  13600/54000      elitist  1.3679754E+23 feasible? F
gen  13700/54000      elitist  1.3679754E+23 feasible? F
gen  13800/54000      elitist  1.3679754E+23 feasible? F
gen  13900/54000      elitist  1.3679754E+23 feasible? F
gen  14000/54000      elitist  1.3679754E+23 feasible? F
gen  14100/54000      elitist  1.3679754E+23 feasible? F
