Running in fitting mode

Reading "/data/boittier/gaussian_scans/bromobutadiene/scan_extract_0.xyz.chk.fchk.pot.cube"...

  opt Potential
  Electrostatic potential from Total SCF Density
   10  -10.982195  -11.443988   -9.769128
   84    0.265911    0.000000    0.000000
   82    0.000000    0.265911    0.000000
   74    0.000000    0.000000    0.265911
    6    6.000000   -1.673952    3.606648    0.000000
    6    6.000000    0.000000    1.721109    0.000000
    6    6.000000    2.723878    2.103773    0.000000
    6    6.000000    4.508290    0.324643    0.000000
    1    1.000000   -3.687195    3.287689    0.000000
    1    1.000000   -0.999128    5.537939    0.000000
   35   35.000000   -1.213067   -1.674860    0.000000
    1    1.000000    3.266739    4.081797    0.000000
    1    1.000000    4.043439   -1.663450    0.000000
    1    1.000000    6.484203    0.839077    0.000000
 -4.50402E-03 -4.51053E-03 -4.51179E-03 -4.50778E-03 -4.37950E-03 -4.39021E-03
       .            .            .            .            .            .
       .            .            .            .            .            .
       .            .            .            .            .            .
  7.70629E-03  7.78523E-03  7.80058E-03  7.75172E-03  7.64058E-03  7.47148E-03

132359 out of 509712 gridpoints are considered ( 26.0%).

...done!




USING GREEDY MODE
File "multipole1_1charges.xyz" already exists. Fitting procedure is skipped.
File "multipole1_2charges.xyz" already exists. Fitting procedure is skipped.
File "multipole1_3charges.xyz" already exists. Fitting procedure is skipped.
File "multipole1_4charges.xyz" already exists. Fitting procedure is skipped.
File "multipole2_1charges.xyz" already exists. Fitting procedure is skipped.
File "multipole2_2charges.xyz" already exists. Fitting procedure is skipped.
File "multipole2_3charges.xyz" already exists. Fitting procedure is skipped.
File "multipole2_4charges.xyz" already exists. Fitting procedure is skipped.
File "multipole3_1charges.xyz" already exists. Fitting procedure is skipped.
File "multipole3_2charges.xyz" already exists. Fitting procedure is skipped.
File "multipole3_3charges.xyz" already exists. Fitting procedure is skipped.
File "multipole3_4charges.xyz" already exists. Fitting procedure is skipped.
File "multipole4_1charges.xyz" already exists. Fitting procedure is skipped.
File "multipole4_2charges.xyz" already exists. Fitting procedure is skipped.
File "multipole4_3charges.xyz" already exists. Fitting procedure is skipped.
File "multipole4_4charges.xyz" already exists. Fitting procedure is skipped.
File "multipole5_1charges.xyz" already exists. Fitting procedure is skipped.
File "multipole5_2charges.xyz" already exists. Fitting procedure is skipped.
File "multipole5_3charges.xyz" already exists. Fitting procedure is skipped.
File "multipole5_4charges.xyz" already exists. Fitting procedure is skipped.
File "multipole6_1charges.xyz" already exists. Fitting procedure is skipped.
File "multipole6_2charges.xyz" already exists. Fitting procedure is skipped.
File "multipole6_3charges.xyz" already exists. Fitting procedure is skipped.
File "multipole6_4charges.xyz" already exists. Fitting procedure is skipped.
File "multipole7_1charges.xyz" already exists. Fitting procedure is skipped.
File "multipole7_2charges.xyz" already exists. Fitting procedure is skipped.
File "multipole7_3charges.xyz" already exists. Fitting procedure is skipped.
File "multipole7_4charges.xyz" already exists. Fitting procedure is skipped.
File "multipole8_1charges.xyz" already exists. Fitting procedure is skipped.
File "multipole8_2charges.xyz" already exists. Fitting procedure is skipped.
File "multipole8_3charges.xyz" already exists. Fitting procedure is skipped.
File "multipole8_4charges.xyz" already exists. Fitting procedure is skipped.
File "multipole9_1charges.xyz" already exists. Fitting procedure is skipped.
File "multipole9_2charges.xyz" already exists. Fitting procedure is skipped.
File "multipole9_3charges.xyz" already exists. Fitting procedure is skipped.
File "multipole9_4charges.xyz" already exists. Fitting procedure is skipped.
File "multipole10_1charges.xyz" already exists. Fitting procedure is skipped.
File "multipole10_2charges.xyz" already exists. Fitting procedure is skipped.
File "multipole10_3charges.xyz" already exists. Fitting procedure is skipped.
File "multipole10_4charges.xyz" already exists. Fitting procedure is skipped.
Total fragment charge (a.u.):         1.040834086E-16
Running DE in parallel with 4 thread(s)!

Starting fitting procedure for 28 charges, trial 1
gen      0/56000      elitist  2.0821054E-02 feasible? F
gen    100/56000      elitist  2.0821054E-02 feasible? F
gen    200/56000      elitist  1.2900723E-02 feasible? T
gen    300/56000      elitist  1.0876745E-02 feasible? T
gen    400/56000      elitist  7.5054665E-03 feasible? T
gen    500/56000      elitist  5.5701425E-03 feasible? T
gen    600/56000      elitist  5.2794370E-03 feasible? T
gen    700/56000      elitist  5.0020957E-03 feasible? T
gen    800/56000      elitist  4.1189494E-03 feasible? T
gen    900/56000      elitist  3.9467872E-03 feasible? T
gen   1000/56000      elitist  3.7799029E-03 feasible? T
gen   1100/56000      elitist  3.7609900E-03 feasible? T
gen   1200/56000      elitist  3.6538046E-03 feasible? T
gen   1300/56000      elitist  3.6221193E-03 feasible? T
gen   1400/56000      elitist  3.5569226E-03 feasible? T
gen   1500/56000      elitist  3.4975060E-03 feasible? T
gen   1600/56000      elitist  3.4956730E-03 feasible? T
gen   1700/56000      elitist  3.4830777E-03 feasible? T
gen   1800/56000      elitist  3.4811164E-03 feasible? T
gen   1900/56000      elitist  3.3384389E-03 feasible? T
gen   2000/56000      elitist  3.2996508E-03 feasible? T
gen   2100/56000      elitist  3.1548497E-03 feasible? T
gen   2200/56000      elitist  3.1521759E-03 feasible? T
gen   2300/56000      elitist  3.1447383E-03 feasible? T
gen   2400/56000      elitist  3.1100617E-03 feasible? T
gen   2500/56000      elitist  3.0739453E-03 feasible? T
gen   2600/56000      elitist  3.0739453E-03 feasible? T
gen   2700/56000      elitist  3.0739453E-03 feasible? T
gen   2800/56000      elitist  3.0672955E-03 feasible? T
gen   2900/56000      elitist  3.0664772E-03 feasible? T
gen   3000/56000      elitist  3.0658417E-03 feasible? T
gen   3100/56000      elitist  3.0658417E-03 feasible? T
gen   3200/56000      elitist  3.0623477E-03 feasible? T
gen   3300/56000      elitist  3.0297201E-03 feasible? T
gen   3400/56000      elitist  3.0297201E-03 feasible? T
gen   3500/56000      elitist  3.0262144E-03 feasible? T
gen   3600/56000      elitist  3.0141995E-03 feasible? T
gen   3700/56000      elitist  2.9997612E-03 feasible? T
gen   3800/56000      elitist  2.9805612E-03 feasible? T
gen   3900/56000      elitist  2.9805612E-03 feasible? T
gen   4000/56000      elitist  2.9805612E-03 feasible? T
gen   4100/56000      elitist  2.9805612E-03 feasible? T
gen   4200/56000      elitist  2.9805612E-03 feasible? T
gen   4300/56000      elitist  2.9800330E-03 feasible? T
gen   4400/56000      elitist  2.9800330E-03 feasible? T
gen   4500/56000      elitist  2.9775227E-03 feasible? T
gen   4600/56000      elitist  2.9775227E-03 feasible? T
gen   4700/56000      elitist  2.9775227E-03 feasible? T
gen   4800/56000      elitist  2.9765221E-03 feasible? T
gen   4900/56000      elitist  2.9765221E-03 feasible? T
gen   5000/56000      elitist  2.9735861E-03 feasible? T
gen   5100/56000      elitist  2.9697425E-03 feasible? T
gen   5200/56000      elitist  2.9697425E-03 feasible? T
gen   5300/56000      elitist  2.9668993E-03 feasible? T
gen   5400/56000      elitist  2.9668993E-03 feasible? T
gen   5500/56000      elitist  2.9668993E-03 feasible? T
gen   5600/56000      elitist  2.9668993E-03 feasible? T
gen   5700/56000      elitist  2.9668993E-03 feasible? T
gen   5800/56000      elitist  2.9668993E-03 feasible? T
gen   5900/56000      elitist  2.9668993E-03 feasible? T
gen   6000/56000      elitist  2.9494467E-03 feasible? T
gen   6100/56000      elitist  2.9057742E-03 feasible? T
gen   6200/56000      elitist  2.8862795E-03 feasible? T
gen   6300/56000      elitist  2.8824262E-03 feasible? T
gen   6400/56000      elitist  2.8777473E-03 feasible? T
gen   6500/56000      elitist  2.8757768E-03 feasible? T
gen   6600/56000      elitist  2.8757768E-03 feasible? T
gen   6700/56000      elitist  2.8742616E-03 feasible? T
gen   6800/56000      elitist  2.8587781E-03 feasible? T
gen   6900/56000      elitist  2.8402287E-03 feasible? T
gen   7000/56000      elitist  2.8334021E-03 feasible? T
gen   7100/56000      elitist  2.8178434E-03 feasible? T
gen   7200/56000      elitist  2.8011801E-03 feasible? T
gen   7300/56000      elitist  2.7948661E-03 feasible? T
gen   7400/56000      elitist  2.7903508E-03 feasible? T
gen   7500/56000      elitist  2.7832020E-03 feasible? T
gen   7600/56000      elitist  2.7785606E-03 feasible? T
gen   7700/56000      elitist  2.7785606E-03 feasible? T
gen   7800/56000      elitist  2.7750803E-03 feasible? T
gen   7900/56000      elitist  2.7750803E-03 feasible? T
gen   8000/56000      elitist  2.7750803E-03 feasible? T
gen   8100/56000      elitist  2.7701626E-03 feasible? T
gen   8200/56000      elitist  2.7701626E-03 feasible? T
gen   8300/56000      elitist  2.7701626E-03 feasible? T
gen   8400/56000      elitist  2.7658885E-03 feasible? T
gen   8500/56000      elitist  2.7641896E-03 feasible? T
gen   8600/56000      elitist  2.7486758E-03 feasible? T
gen   8700/56000      elitist  2.7439197E-03 feasible? T
gen   8800/56000      elitist  2.7401690E-03 feasible? T
gen   8900/56000      elitist  2.7401690E-03 feasible? T
gen   9000/56000      elitist  2.7401690E-03 feasible? T
gen   9100/56000      elitist  2.7401690E-03 feasible? T
gen   9200/56000      elitist  2.7400889E-03 feasible? T
gen   9300/56000      elitist  2.7400889E-03 feasible? T
gen   9400/56000      elitist  2.7398376E-03 feasible? T
gen   9500/56000      elitist  2.7381466E-03 feasible? T
gen   9600/56000      elitist  2.7374971E-03 feasible? T
gen   9700/56000      elitist  2.7374971E-03 feasible? T
gen   9800/56000      elitist  2.7374971E-03 feasible? T
gen   9900/56000      elitist  2.7367149E-03 feasible? T
gen  10000/56000      elitist  2.7364517E-03 feasible? T
gen  10100/56000      elitist  2.7355898E-03 feasible? T
gen  10200/56000      elitist  2.7332452E-03 feasible? T
gen  10300/56000      elitist  2.7332452E-03 feasible? T
gen  10400/56000      elitist  2.7332452E-03 feasible? T
gen  10500/56000      elitist  2.7332452E-03 feasible? T
gen  10600/56000      elitist  2.7332452E-03 feasible? T
gen  10700/56000      elitist  2.7332452E-03 feasible? T
gen  10800/56000      elitist  2.7332452E-03 feasible? T
gen  10900/56000      elitist  2.7329621E-03 feasible? T
gen  11000/56000      elitist  2.7329621E-03 feasible? T
gen  11100/56000      elitist  2.7329621E-03 feasible? T
gen  11200/56000      elitist  2.7319719E-03 feasible? T
gen  11300/56000      elitist  2.7319719E-03 feasible? T
gen  11400/56000      elitist  2.7319719E-03 feasible? T
gen  11500/56000      elitist  2.7252991E-03 feasible? T
gen  11600/56000      elitist  2.7138147E-03 feasible? T
gen  11700/56000      elitist  2.7133512E-03 feasible? T
gen  11800/56000      elitist  2.7110345E-03 feasible? T
gen  11900/56000      elitist  2.7093907E-03 feasible? T
gen  12000/56000      elitist  2.7054860E-03 feasible? T
gen  12100/56000      elitist  2.7036380E-03 feasible? T
gen  12200/56000      elitist  2.7036380E-03 feasible? T
gen  12300/56000      elitist  2.7030220E-03 feasible? T
gen  12400/56000      elitist  2.7030220E-03 feasible? T
gen  12500/56000      elitist  2.7030220E-03 feasible? T
gen  12600/56000      elitist  2.7030220E-03 feasible? T
gen  12700/56000      elitist  2.7028331E-03 feasible? T
gen  12800/56000      elitist  2.7018711E-03 feasible? T
gen  12900/56000      elitist  2.7014404E-03 feasible? T
gen  13000/56000      elitist  2.7014404E-03 feasible? T
gen  13100/56000      elitist  2.7014404E-03 feasible? T
gen  13200/56000      elitist  2.7011933E-03 feasible? T
gen  13300/56000      elitist  2.7011933E-03 feasible? T
gen  13400/56000      elitist  2.7011933E-03 feasible? T
gen  13500/56000      elitist  2.7011933E-03 feasible? T
gen  13600/56000      elitist  2.7011933E-03 feasible? T
gen  13700/56000      elitist  2.7011933E-03 feasible? T
gen  13800/56000      elitist  2.7011933E-03 feasible? T
gen  13900/56000      elitist  2.7011933E-03 feasible? T
gen  14000/56000      elitist  2.7004044E-03 feasible? T
gen  14100/56000      elitist  2.7000783E-03 feasible? T
gen  14200/56000      elitist  2.7000783E-03 feasible? T
gen  14300/56000      elitist  2.7000783E-03 feasible? T
gen  14400/56000      elitist  2.7000783E-03 feasible? T
gen  14500/56000      elitist  2.7000783E-03 feasible? T
gen  14600/56000      elitist  2.7000783E-03 feasible? T
gen  14700/56000      elitist  2.6988423E-03 feasible? T
gen  14800/56000      elitist  2.6988423E-03 feasible? T
gen  14900/56000      elitist  2.6891686E-03 feasible? T
gen  15000/56000      elitist  2.6718781E-03 feasible? T
gen  15100/56000      elitist  2.6628187E-03 feasible? T
gen  15200/56000      elitist  2.6525407E-03 feasible? T
gen  15300/56000      elitist  2.6429052E-03 feasible? T
gen  15400/56000      elitist  2.6405699E-03 feasible? T
gen  15500/56000      elitist  2.6393389E-03 feasible? T
gen  15600/56000      elitist  2.6383878E-03 feasible? T
gen  15700/56000      elitist  2.6371341E-03 feasible? T
gen  15800/56000      elitist  2.6348135E-03 feasible? T
gen  15900/56000      elitist  2.6330448E-03 feasible? T
gen  16000/56000      elitist  2.6328235E-03 feasible? T
gen  16100/56000      elitist  2.6302679E-03 feasible? T
gen  16200/56000      elitist  2.6296769E-03 feasible? T
gen  16300/56000      elitist  2.6294222E-03 feasible? T
gen  16400/56000      elitist  2.6287091E-03 feasible? T
gen  16500/56000      elitist  2.6286970E-03 feasible? T
gen  16600/56000      elitist  2.6286750E-03 feasible? T
gen  16700/56000      elitist  2.6284074E-03 feasible? T
gen  16800/56000      elitist  2.6281211E-03 feasible? T
gen  16900/56000      elitist  2.6280797E-03 feasible? T
gen  17000/56000      elitist  2.6279814E-03 feasible? T
gen  17100/56000      elitist  2.6278523E-03 feasible? T
gen  17200/56000      elitist  2.6278425E-03 feasible? T
gen  17300/56000      elitist  2.6276230E-03 feasible? T
gen  17400/56000      elitist  2.6273241E-03 feasible? T
gen  17500/56000      elitist  2.6229586E-03 feasible? T
gen  17600/56000      elitist  2.6067048E-03 feasible? T
gen  17700/56000      elitist  2.6024752E-03 feasible? T
gen  17800/56000      elitist  2.5983757E-03 feasible? T
gen  17900/56000      elitist  2.5971844E-03 feasible? T
gen  18000/56000      elitist  2.5963743E-03 feasible? T
gen  18100/56000      elitist  2.5950046E-03 feasible? T
gen  18200/56000      elitist  2.5942913E-03 feasible? T
gen  18300/56000      elitist  2.5929593E-03 feasible? T
gen  18400/56000      elitist  2.5928148E-03 feasible? T
gen  18500/56000      elitist  2.5925107E-03 feasible? T
gen  18600/56000      elitist  2.5921460E-03 feasible? T
gen  18700/56000      elitist  2.5912863E-03 feasible? T
gen  18800/56000      elitist  2.5912758E-03 feasible? T
gen  18900/56000      elitist  2.5910688E-03 feasible? T
gen  19000/56000      elitist  2.5908895E-03 feasible? T
gen  19100/56000      elitist  2.5908195E-03 feasible? T
gen  19200/56000      elitist  2.5907593E-03 feasible? T
gen  19300/56000      elitist  2.5906683E-03 feasible? T
gen  19400/56000      elitist  2.5906279E-03 feasible? T
gen  19500/56000      elitist  2.5905913E-03 feasible? T
gen  19600/56000      elitist  2.5905500E-03 feasible? T
gen  19700/56000      elitist  2.5904566E-03 feasible? T
gen  19800/56000      elitist  2.5904270E-03 feasible? T
gen  19900/56000      elitist  2.5903656E-03 feasible? T
gen  20000/56000      elitist  2.5903145E-03 feasible? T
gen  20100/56000      elitist  2.5902734E-03 feasible? T
gen  20200/56000      elitist  2.5902594E-03 feasible? T
gen  20300/56000      elitist  2.5902444E-03 feasible? T
gen  20400/56000      elitist  2.5902125E-03 feasible? T
gen  20500/56000      elitist  2.5901718E-03 feasible? T
gen  20600/56000      elitist  2.5901666E-03 feasible? T
gen  20700/56000      elitist  2.5901608E-03 feasible? T
gen  20800/56000      elitist  2.5901549E-03 feasible? T
gen  20900/56000      elitist  2.5901532E-03 feasible? T
gen  21000/56000      elitist  2.5901484E-03 feasible? T
gen  21100/56000      elitist  2.5901473E-03 feasible? T
gen  21200/56000      elitist  2.5901459E-03 feasible? T
gen  21300/56000      elitist  2.5901427E-03 feasible? T
gen  21400/56000      elitist  2.5901212E-03 feasible? T
gen  21500/56000      elitist  2.5901052E-03 feasible? T
gen  21600/56000      elitist  2.5901006E-03 feasible? T
gen  21700/56000      elitist  2.5900423E-03 feasible? T
gen  21800/56000      elitist  2.5897828E-03 feasible? T
gen  21900/56000      elitist  2.5856086E-03 feasible? T
gen  22000/56000      elitist  2.5851794E-03 feasible? T
gen  22100/56000      elitist  2.5833294E-03 feasible? T
gen  22200/56000      elitist  2.5825473E-03 feasible? T
gen  22300/56000      elitist  2.5822736E-03 feasible? T
gen  22400/56000      elitist  2.5818956E-03 feasible? T
gen  22500/56000      elitist  2.5817853E-03 feasible? T
gen  22600/56000      elitist  2.5816687E-03 feasible? T
gen  22700/56000      elitist  2.5816249E-03 feasible? T
gen  22800/56000      elitist  2.5811881E-03 feasible? T
gen  22900/56000      elitist  2.5811282E-03 feasible? T
gen  23000/56000      elitist  2.5807497E-03 feasible? T
gen  23100/56000      elitist  2.5799850E-03 feasible? T
gen  23200/56000      elitist  2.5797698E-03 feasible? T
gen  23300/56000      elitist  2.5791248E-03 feasible? T
gen  23400/56000      elitist  2.5789160E-03 feasible? T
gen  23500/56000      elitist  2.5788696E-03 feasible? T
gen  23600/56000      elitist  2.5787296E-03 feasible? T
gen  23700/56000      elitist  2.5786863E-03 feasible? T
gen  23800/56000      elitist  2.5786434E-03 feasible? T
gen  23900/56000      elitist  2.5786174E-03 feasible? T
gen  24000/56000      elitist  2.5785968E-03 feasible? T
gen  24100/56000      elitist  2.5785864E-03 feasible? T
gen  24200/56000      elitist  2.5785694E-03 feasible? T
gen  24300/56000      elitist  2.5785204E-03 feasible? T
gen  24400/56000      elitist  2.5785099E-03 feasible? T
gen  24500/56000      elitist  2.5784204E-03 feasible? T
gen  24600/56000      elitist  2.5782589E-03 feasible? T
gen  24700/56000      elitist  2.5765623E-03 feasible? T
gen  24800/56000      elitist  2.5754504E-03 feasible? T
gen  24900/56000      elitist  2.5750365E-03 feasible? T
gen  25000/56000      elitist  2.5748331E-03 feasible? T
gen  25100/56000      elitist  2.5747303E-03 feasible? T
gen  25200/56000      elitist  2.5746059E-03 feasible? T
gen  25300/56000      elitist  2.5745507E-03 feasible? T
gen  25400/56000      elitist  2.5745156E-03 feasible? T
gen  25500/56000      elitist  2.5744755E-03 feasible? T
gen  25600/56000      elitist  2.5744568E-03 feasible? T
gen  25700/56000      elitist  2.5744206E-03 feasible? T
gen  25800/56000      elitist  2.5743198E-03 feasible? T
gen  25900/56000      elitist  2.5739846E-03 feasible? T
gen  26000/56000      elitist  2.5737998E-03 feasible? T
gen  26100/56000      elitist  2.5736535E-03 feasible? T
gen  26200/56000      elitist  2.5736217E-03 feasible? T
gen  26300/56000      elitist  2.5735682E-03 feasible? T
gen  26400/56000      elitist  2.5735352E-03 feasible? T
gen  26500/56000      elitist  2.5735138E-03 feasible? T
gen  26600/56000      elitist  2.5735062E-03 feasible? T
gen  26700/56000      elitist  2.5735014E-03 feasible? T
gen  26800/56000      elitist  2.5734792E-03 feasible? T
gen  26900/56000      elitist  2.5734714E-03 feasible? T
gen  27000/56000      elitist  2.5734694E-03 feasible? T
gen  27100/56000      elitist  2.5734645E-03 feasible? T
gen  27200/56000      elitist  2.5734565E-03 feasible? T
gen  27300/56000      elitist  2.5734464E-03 feasible? T
gen  27400/56000      elitist  2.5733607E-03 feasible? T
gen  27500/56000      elitist  2.5732859E-03 feasible? T
gen  27600/56000      elitist  2.5732785E-03 feasible? T
gen  27700/56000      elitist  2.5732246E-03 feasible? T
gen  27800/56000      elitist  2.5732028E-03 feasible? T
gen  27900/56000      elitist  2.5731107E-03 feasible? T
gen  28000/56000      elitist  2.5730446E-03 feasible? T
gen  28100/56000      elitist  2.5730174E-03 feasible? T
gen  28200/56000      elitist  2.5729516E-03 feasible? T
gen  28300/56000      elitist  2.5717430E-03 feasible? T
gen  28400/56000      elitist  2.5625998E-03 feasible? T
gen  28500/56000      elitist  2.5619094E-03 feasible? T
gen  28600/56000      elitist  2.5604376E-03 feasible? T
gen  28700/56000      elitist  2.5597508E-03 feasible? T
gen  28800/56000      elitist  2.5597184E-03 feasible? T
gen  28900/56000      elitist  2.5594155E-03 feasible? T
gen  29000/56000      elitist  2.5591460E-03 feasible? T
gen  29100/56000      elitist  2.5591225E-03 feasible? T
gen  29200/56000      elitist  2.5590742E-03 feasible? T
gen  29300/56000      elitist  2.5590324E-03 feasible? T
gen  29400/56000      elitist  2.5589721E-03 feasible? T
gen  29500/56000      elitist  2.5583495E-03 feasible? T
gen  29600/56000      elitist  2.5577934E-03 feasible? T
gen  29700/56000      elitist  2.5576470E-03 feasible? T
gen  29800/56000      elitist  2.5572149E-03 feasible? T
gen  29900/56000      elitist  2.5571354E-03 feasible? T
gen  30000/56000      elitist  2.5570743E-03 feasible? T
gen  30100/56000      elitist  2.5569916E-03 feasible? T
gen  30200/56000      elitist  2.5561238E-03 feasible? T
gen  30300/56000      elitist  2.5558889E-03 feasible? T
gen  30400/56000      elitist  2.5556554E-03 feasible? T
gen  30500/56000      elitist  2.5555609E-03 feasible? T
gen  30600/56000      elitist  2.5548697E-03 feasible? T
gen  30700/56000      elitist  2.5547043E-03 feasible? T
gen  30800/56000      elitist  2.5542120E-03 feasible? T
gen  30900/56000      elitist  2.5499227E-03 feasible? T
gen  31000/56000      elitist  2.5476378E-03 feasible? T
gen  31100/56000      elitist  2.5467375E-03 feasible? T
gen  31200/56000      elitist  2.5457893E-03 feasible? T
gen  31300/56000      elitist  2.5450838E-03 feasible? T
gen  31400/56000      elitist  2.5448398E-03 feasible? T
gen  31500/56000      elitist  2.5417443E-03 feasible? T
gen  31600/56000      elitist  2.5380774E-03 feasible? T
gen  31700/56000      elitist  2.5342855E-03 feasible? T
gen  31800/56000      elitist  2.5330399E-03 feasible? T
gen  31900/56000      elitist  2.5317496E-03 feasible? T
gen  32000/56000      elitist  2.5313365E-03 feasible? T
gen  32100/56000      elitist  2.5308494E-03 feasible? T
gen  32200/56000      elitist  2.5303524E-03 feasible? T
gen  32300/56000      elitist  2.5297608E-03 feasible? T
gen  32400/56000      elitist  2.5296360E-03 feasible? T
gen  32500/56000      elitist  2.5295516E-03 feasible? T
gen  32600/56000      elitist  2.5293691E-03 feasible? T
gen  32700/56000      elitist  2.5287821E-03 feasible? T
gen  32800/56000      elitist  2.5287035E-03 feasible? T
gen  32900/56000      elitist  2.5285098E-03 feasible? T
gen  33000/56000      elitist  2.5283601E-03 feasible? T
gen  33100/56000      elitist  2.5283086E-03 feasible? T
gen  33200/56000      elitist  2.5282739E-03 feasible? T
gen  33300/56000      elitist  2.5282338E-03 feasible? T
gen  33400/56000      elitist  2.5281864E-03 feasible? T
gen  33500/56000      elitist  2.5281737E-03 feasible? T
gen  33600/56000      elitist  2.5276835E-03 feasible? T
gen  33700/56000      elitist  2.5267767E-03 feasible? T
gen  33800/56000      elitist  2.5262823E-03 feasible? T
gen  33900/56000      elitist  2.5261438E-03 feasible? T
gen  34000/56000      elitist  2.5257922E-03 feasible? T
gen  34100/56000      elitist  2.5257645E-03 feasible? T
gen  34200/56000      elitist  2.5257146E-03 feasible? T
gen  34300/56000      elitist  2.5256248E-03 feasible? T
gen  34400/56000      elitist  2.5255985E-03 feasible? T
gen  34500/56000      elitist  2.5255548E-03 feasible? T
gen  34600/56000      elitist  2.5255475E-03 feasible? T
gen  34700/56000      elitist  2.5254678E-03 feasible? T
gen  34800/56000      elitist  2.5252815E-03 feasible? T
gen  34900/56000      elitist  2.5232843E-03 feasible? T
gen  35000/56000      elitist  2.5231374E-03 feasible? T
gen  35100/56000      elitist  2.5225416E-03 feasible? T
gen  35200/56000      elitist  2.5219800E-03 feasible? T
gen  35300/56000      elitist  2.5219502E-03 feasible? T
gen  35400/56000      elitist  2.5218118E-03 feasible? T
gen  35500/56000      elitist  2.5217708E-03 feasible? T
gen  35600/56000      elitist  2.5217521E-03 feasible? T
gen  35700/56000      elitist  2.5216398E-03 feasible? T
gen  35800/56000      elitist  2.5216186E-03 feasible? T
gen  35900/56000      elitist  2.5216040E-03 feasible? T
gen  36000/56000      elitist  2.5215935E-03 feasible? T
gen  36100/56000      elitist  2.5215837E-03 feasible? T
gen  36200/56000      elitist  2.5215822E-03 feasible? T
gen  36300/56000      elitist  2.5215806E-03 feasible? T
gen  36400/56000      elitist  2.5215795E-03 feasible? T
gen  36500/56000      elitist  2.5215788E-03 feasible? T
gen  36600/56000      elitist  2.5215764E-03 feasible? T
gen  36700/56000      elitist  2.5215754E-03 feasible? T
gen  36800/56000      elitist  2.5215709E-03 feasible? T
gen  36900/56000      elitist  2.5215700E-03 feasible? T
gen  37000/56000      elitist  2.5215685E-03 feasible? T
gen  37100/56000      elitist  2.5215670E-03 feasible? T
gen  37200/56000      elitist  2.5215654E-03 feasible? T
gen  37300/56000      elitist  2.5215650E-03 feasible? T
gen  37400/56000      elitist  2.5215642E-03 feasible? T
gen  37500/56000      elitist  2.5215638E-03 feasible? T
gen  37600/56000      elitist  2.5215637E-03 feasible? T
gen  37700/56000      elitist  2.5215632E-03 feasible? T
gen  37800/56000      elitist  2.5215630E-03 feasible? T
gen  37900/56000      elitist  2.5215630E-03 feasible? T
gen  38000/56000      elitist  2.5215627E-03 feasible? T
gen  38100/56000      elitist  2.5215205E-03 feasible? T
gen  38200/56000      elitist  2.5215100E-03 feasible? T
gen  38300/56000      elitist  2.5215018E-03 feasible? T
gen  38400/56000      elitist  2.5214990E-03 feasible? T
gen  38500/56000      elitist  2.5214976E-03 feasible? T
gen  38600/56000      elitist  2.5214952E-03 feasible? T
gen  38700/56000      elitist  2.5214792E-03 feasible? T
gen  38800/56000      elitist  2.5214738E-03 feasible? T
gen  38900/56000      elitist  2.5214731E-03 feasible? T
gen  39000/56000      elitist  2.5214710E-03 feasible? T
gen  39100/56000      elitist  2.5214689E-03 feasible? T
gen  39200/56000      elitist  2.5214687E-03 feasible? T
gen  39300/56000      elitist  2.5214682E-03 feasible? T
gen  39400/56000      elitist  2.5214674E-03 feasible? T
gen  39500/56000      elitist  2.5214671E-03 feasible? T
gen  39600/56000      elitist  2.5214669E-03 feasible? T
gen  39700/56000      elitist  2.5214666E-03 feasible? T
gen  39800/56000      elitist  2.5214661E-03 feasible? T
gen  39900/56000      elitist  2.5214651E-03 feasible? T
gen  40000/56000      elitist  2.5214649E-03 feasible? T
gen  40100/56000      elitist  2.5214340E-03 feasible? T
gen  40200/56000      elitist  2.5213073E-03 feasible? T
gen  40300/56000      elitist  2.5212828E-03 feasible? T
gen  40400/56000      elitist  2.5212598E-03 feasible? T
gen  40500/56000      elitist  2.5212567E-03 feasible? T
gen  40600/56000      elitist  2.5212522E-03 feasible? T
gen  40700/56000      elitist  2.5212492E-03 feasible? T
gen  40800/56000      elitist  2.5212420E-03 feasible? T
gen  40900/56000      elitist  2.5212303E-03 feasible? T
gen  41000/56000      elitist  2.5212285E-03 feasible? T
gen  41100/56000      elitist  2.5211117E-03 feasible? T
gen  41200/56000      elitist  2.5210797E-03 feasible? T
gen  41300/56000      elitist  2.5210408E-03 feasible? T
gen  41400/56000      elitist  2.5210116E-03 feasible? T
gen  41500/56000      elitist  2.5210072E-03 feasible? T
gen  41600/56000      elitist  2.5209999E-03 feasible? T
gen  41700/56000      elitist  2.5208736E-03 feasible? T
gen  41800/56000      elitist  2.5208558E-03 feasible? T
gen  41900/56000      elitist  2.5208164E-03 feasible? T
gen  42000/56000      elitist  2.5207784E-03 feasible? T
gen  42100/56000      elitist  2.5207694E-03 feasible? T
gen  42200/56000      elitist  2.5206695E-03 feasible? T
gen  42300/56000      elitist  2.5206273E-03 feasible? T
gen  42400/56000      elitist  2.5206026E-03 feasible? T
gen  42500/56000      elitist  2.5205767E-03 feasible? T
gen  42600/56000      elitist  2.5205708E-03 feasible? T
gen  42700/56000      elitist  2.5205533E-03 feasible? T
gen  42800/56000      elitist  2.5204152E-03 feasible? T
gen  42900/56000      elitist  2.5203665E-03 feasible? T
gen  43000/56000      elitist  2.5202214E-03 feasible? T
gen  43100/56000      elitist  2.5201765E-03 feasible? T
gen  43200/56000      elitist  2.5201515E-03 feasible? T
gen  43300/56000      elitist  2.5201289E-03 feasible? T
gen  43400/56000      elitist  2.5201142E-03 feasible? T
gen  43500/56000      elitist  2.5201105E-03 feasible? T
gen  43600/56000      elitist  2.5201019E-03 feasible? T
gen  43700/56000      elitist  2.5200991E-03 feasible? T
gen  43800/56000      elitist  2.5200950E-03 feasible? T
gen  43900/56000      elitist  2.5200904E-03 feasible? T
gen  44000/56000      elitist  2.5200883E-03 feasible? T
gen  44100/56000      elitist  2.5200831E-03 feasible? T
gen  44200/56000      elitist  2.5200817E-03 feasible? T
gen  44300/56000      elitist  2.5200806E-03 feasible? T
gen  44400/56000      elitist  2.5200782E-03 feasible? T
gen  44500/56000      elitist  2.5200772E-03 feasible? T
gen  44600/56000      elitist  2.5200762E-03 feasible? T
gen  44700/56000      elitist  2.5200733E-03 feasible? T
gen  44800/56000      elitist  2.5200566E-03 feasible? T
gen  44900/56000      elitist  2.5199617E-03 feasible? T
gen  45000/56000      elitist  2.5199044E-03 feasible? T
gen  45100/56000      elitist  2.5198668E-03 feasible? T
gen  45200/56000      elitist  2.5198626E-03 feasible? T
gen  45300/56000      elitist  2.5198423E-03 feasible? T
gen  45400/56000      elitist  2.5198402E-03 feasible? T
gen  45500/56000      elitist  2.5198272E-03 feasible? T
gen  45600/56000      elitist  2.5198231E-03 feasible? T
gen  45700/56000      elitist  2.5198196E-03 feasible? T
gen  45800/56000      elitist  2.5197755E-03 feasible? T
gen  45900/56000      elitist  2.5197499E-03 feasible? T
gen  46000/56000      elitist  2.5197329E-03 feasible? T
gen  46100/56000      elitist  2.5197277E-03 feasible? T
gen  46200/56000      elitist  2.5197267E-03 feasible? T
gen  46300/56000      elitist  2.5197235E-03 feasible? T
gen  46400/56000      elitist  2.5197220E-03 feasible? T
gen  46500/56000      elitist  2.5197213E-03 feasible? T
gen  46600/56000      elitist  2.5197181E-03 feasible? T
gen  46700/56000      elitist  2.5197034E-03 feasible? T
gen  46800/56000      elitist  2.5196946E-03 feasible? T
gen  46900/56000      elitist  2.5196885E-03 feasible? T
gen  47000/56000      elitist  2.5196791E-03 feasible? T
gen  47100/56000      elitist  2.5196734E-03 feasible? T
gen  47200/56000      elitist  2.5196720E-03 feasible? T
gen  47300/56000      elitist  2.5196689E-03 feasible? T
gen  47400/56000      elitist  2.5196679E-03 feasible? T
gen  47500/56000      elitist  2.5196546E-03 feasible? T
gen  47600/56000      elitist  2.5196513E-03 feasible? T
gen  47700/56000      elitist  2.5196469E-03 feasible? T
gen  47800/56000      elitist  2.5196423E-03 feasible? T
gen  47900/56000      elitist  2.5196410E-03 feasible? T
gen  48000/56000      elitist  2.5196407E-03 feasible? T
gen  48100/56000      elitist  2.5196394E-03 feasible? T
gen  48200/56000      elitist  2.5196389E-03 feasible? T
gen  48300/56000      elitist  2.5196382E-03 feasible? T
gen  48400/56000      elitist  2.5196378E-03 feasible? T
gen  48500/56000      elitist  2.5196371E-03 feasible? T
gen  48600/56000      elitist  2.5196368E-03 feasible? T
gen  48700/56000      elitist  2.5196354E-03 feasible? T
gen  48800/56000      elitist  2.5196348E-03 feasible? T
gen  48900/56000      elitist  2.5196343E-03 feasible? T
gen  49000/56000      elitist  2.5196334E-03 feasible? T
gen  49100/56000      elitist  2.5196330E-03 feasible? T
gen  49200/56000      elitist  2.5196322E-03 feasible? T
gen  49300/56000      elitist  2.5196321E-03 feasible? T
gen  49400/56000      elitist  2.5196319E-03 feasible? T
gen  49500/56000      elitist  2.5196318E-03 feasible? T
gen  49600/56000      elitist  2.5196318E-03 feasible? T
gen  49700/56000      elitist  2.5196317E-03 feasible? T
gen  49800/56000      elitist  2.5196316E-03 feasible? T
gen  49900/56000      elitist  2.5196296E-03 feasible? T
gen  50000/56000      elitist  2.5196292E-03 feasible? T
gen  50100/56000      elitist  2.5196288E-03 feasible? T
gen  50200/56000      elitist  2.5196285E-03 feasible? T
gen  50300/56000      elitist  2.5196284E-03 feasible? T
gen  50400/56000      elitist  2.5196283E-03 feasible? T
gen  50500/56000      elitist  2.5196282E-03 feasible? T
gen  50600/56000      elitist  2.5196282E-03 feasible? T
gen  50700/56000      elitist  2.5196274E-03 feasible? T
gen  50800/56000      elitist  2.5196274E-03 feasible? T
gen  50900/56000      elitist  2.5196272E-03 feasible? T
gen  51000/56000      elitist  2.5196272E-03 feasible? T
gen  51100/56000      elitist  2.5196271E-03 feasible? T
gen  51200/56000      elitist  2.5196270E-03 feasible? T
gen  51300/56000      elitist  2.5195837E-03 feasible? T
gen  51400/56000      elitist  2.5192184E-03 feasible? T
gen  51500/56000      elitist  2.5191923E-03 feasible? T
gen  51600/56000      elitist  2.5190959E-03 feasible? T
gen  51700/56000      elitist  2.5190669E-03 feasible? T
gen  51800/56000      elitist  2.5190562E-03 feasible? T
gen  51900/56000      elitist  2.5190454E-03 feasible? T
gen  52000/56000      elitist  2.5190426E-03 feasible? T
gen  52100/56000      elitist  2.5190284E-03 feasible? T
gen  52200/56000      elitist  2.5190227E-03 feasible? T
gen  52300/56000      elitist  2.5189965E-03 feasible? T
gen  52400/56000      elitist  2.5189955E-03 feasible? T
gen  52500/56000      elitist  2.5189854E-03 feasible? T
gen  52600/56000      elitist  2.5189743E-03 feasible? T
gen  52700/56000      elitist  2.5189719E-03 feasible? T
gen  52800/56000      elitist  2.5189632E-03 feasible? T
gen  52900/56000      elitist  2.5188806E-03 feasible? T
gen  53000/56000      elitist  2.5188653E-03 feasible? T
gen  53100/56000      elitist  2.5188414E-03 feasible? T
gen  53200/56000      elitist  2.5188334E-03 feasible? T
gen  53300/56000      elitist  2.5188300E-03 feasible? T
gen  53400/56000      elitist  2.5188241E-03 feasible? T
gen  53500/56000      elitist  2.5188210E-03 feasible? T
gen  53600/56000      elitist  2.5188208E-03 feasible? T
gen  53700/56000      elitist  2.5188188E-03 feasible? T
gen  53800/56000      elitist  2.5188178E-03 feasible? T
gen  53900/56000      elitist  2.5188174E-03 feasible? T
gen  54000/56000      elitist  2.5188168E-03 feasible? T
gen  54100/56000      elitist  2.5188123E-03 feasible? T
gen  54200/56000      elitist  2.5188116E-03 feasible? T
gen  54300/56000      elitist  2.5188073E-03 feasible? T
gen  54400/56000      elitist  2.5188034E-03 feasible? T
gen  54500/56000      elitist  2.5187916E-03 feasible? T
gen  54600/56000      elitist  2.5187872E-03 feasible? T
gen  54700/56000      elitist  2.5187837E-03 feasible? T
gen  54800/56000      elitist  2.5187659E-03 feasible? T
gen  54900/56000      elitist  2.5187531E-03 feasible? T
gen  55000/56000      elitist  2.5187427E-03 feasible? T
gen  55100/56000      elitist  2.5187220E-03 feasible? T
gen  55200/56000      elitist  2.5187186E-03 feasible? T
gen  55300/56000      elitist  2.5187144E-03 feasible? T
gen  55400/56000      elitist  2.5186797E-03 feasible? T
gen  55500/56000      elitist  2.5186460E-03 feasible? T
gen  55600/56000      elitist  2.5186334E-03 feasible? T
gen  55700/56000      elitist  2.5186126E-03 feasible? T
gen  55800/56000      elitist  2.5184580E-03 feasible? T
gen  55900/56000      elitist  2.5181779E-03 feasible? T
gen  56000/56000      elitist  2.5173019E-03 feasible? T
Starting local simplex optimization:
Solution before refinement:      2.5173018738E-03
 performing expansion, best =    2.4964344682794478E-003
 performing expansion, best =    2.4937227885191574E-003
 performing expansion, best =    2.4876748125895339E-003
 performing expansion, best =    2.4867366459919355E-003
 performing expansion, best =    2.4853413099618486E-003
 performing expansion, best =    2.4849300868665697E-003
 performing expansion, best =    2.4839521519920381E-003
 performing expansion, best =    2.4827027488920662E-003
 performing expansion, best =    2.4791093342928193E-003
 performing expansion, best =    2.4781866222178821E-003
 performing expansion, best =    2.4770387012776258E-003
 performing expansion, best =    2.4766007041466895E-003
 performing expansion, best =    2.4755334176816655E-003
 performing expansion, best =    2.4754538571229632E-003
 performing expansion, best =    2.4748454520178375E-003
 performing expansion, best =    2.4737899684609977E-003
 performing expansion, best =    2.4726067705496220E-003
 performing expansion, best =    2.4698682713652658E-003
 performing expansion, best =    2.4688567565570750E-003
 performing expansion, best =    2.4667221832839121E-003
 performing expansion, best =    2.4630458839362841E-003
 performing expansion, best =    2.4612997463897934E-003
 performing expansion, best =    2.4583867433475102E-003
 performing expansion, best =    2.4564928852938046E-003
 performing expansion, best =    2.4544133089293946E-003
 performing expansion, best =    2.4514359892337024E-003
 performing expansion, best =    2.4499766882835911E-003
 performing expansion, best =    2.4493710733746381E-003
 performing expansion, best =    2.4478355105019595E-003
 performing expansion, best =    2.4439696239927765E-003
 performing expansion, best =    2.4406592352238504E-003
 performing expansion, best =    2.4373363079374980E-003
 performing expansion, best =    2.4349186703764352E-003
 performing expansion, best =    2.4315807826967976E-003
 performing expansion, best =    2.4280376796923749E-003
 performing expansion, best =    2.4233961461317013E-003
 performing expansion, best =    2.4215272557735214E-003
 performing expansion, best =    2.4192626702039836E-003
 performing expansion, best =    2.4154601445127650E-003
 performing expansion, best =    2.4096842033343659E-003
 performing expansion, best =    2.4031009955800169E-003
 performing expansion, best =    2.3997470245923059E-003
 performing expansion, best =    2.3952303458178227E-003
 performing expansion, best =    2.3928453373803045E-003
 performing expansion, best =    2.3879972186505601E-003
 performing expansion, best =    2.3861655287671368E-003
 performing expansion, best =    2.3854709973984978E-003
 performing expansion, best =    2.3841415255369731E-003
 performing expansion, best =    2.3805727950593279E-003
 performing expansion, best =    2.3788782020037064E-003
 performing expansion, best =    2.3767234579406644E-003
 performing expansion, best =    2.3726301798696254E-003
 performing expansion, best =    2.3722031392946043E-003
 performing expansion, best =    2.3720811913067437E-003
 performing expansion, best =    2.3717282866256260E-003
 performing expansion, best =    2.3713489313151761E-003
 performing expansion, best =    2.3703981139729532E-003
 performing expansion, best =    2.3684735170739755E-003
 performing expansion, best =    2.3684092053051406E-003
 performing expansion, best =    2.3680627016863264E-003
 performing expansion, best =    2.3674473264451222E-003
 performing expansion, best =    2.3665984557145808E-003
 performing expansion, best =    2.3655777780645561E-003
 performing expansion, best =    2.3647608048634893E-003
 performing expansion, best =    2.3625933634934416E-003
 performing expansion, best =    2.3617938599435596E-003
 performing expansion, best =    2.3616641376860413E-003
 performing expansion, best =    2.3612773196784466E-003
 performing expansion, best =    2.3607839302260190E-003
 performing expansion, best =    2.3599569658859045E-003
 performing expansion, best =    2.3596456276131716E-003
 performing expansion, best =    2.3585069571876553E-003
 performing expansion, best =    2.3584480593744428E-003
 performing expansion, best =    2.3574723721364256E-003
 performing expansion, best =    2.3573737720867459E-003
 performing expansion, best =    2.3573542070887939E-003
 performing expansion, best =    2.3563663754424652E-003
 performing expansion, best =    2.3563435017663922E-003
 performing expansion, best =    2.3556319598060102E-003
 performing expansion, best =    2.3555928131157580E-003
 performing expansion, best =    2.3555531488142489E-003
 performing expansion, best =    2.3546040591930473E-003
 performing expansion, best =    2.3526143962378492E-003
 performing expansion, best =    2.3523757097710708E-003
 performing expansion, best =    2.3500841549083575E-003
 performing expansion, best =    2.3498202278729070E-003
 performing expansion, best =    2.3497500880729104E-003
 performing expansion, best =    2.3484530523646425E-003
 performing expansion, best =    2.3469447742269435E-003
 performing expansion, best =    2.3469341958183439E-003
 performing expansion, best =    2.3466173996123940E-003
 performing expansion, best =    2.3449175669198875E-003
 performing expansion, best =    2.3446645466706738E-003
 performing expansion, best =    2.3444490763088548E-003
 performing expansion, best =    2.3443965456707667E-003
 performing expansion, best =    2.3430231654205679E-003
 performing expansion, best =    2.3409090665698737E-003
 performing expansion, best =    2.3402714257086594E-003
 performing expansion, best =    2.3383429952904809E-003
 performing expansion, best =    2.3383041475576508E-003
 performing expansion, best =    2.3368415297071324E-003
 performing expansion, best =    2.3345091555827687E-003
 performing expansion, best =    2.3331659917482034E-003
 performing expansion, best =    2.3313395252032754E-003
 performing expansion, best =    2.3295241305338931E-003
 performing expansion, best =    2.3268316046246972E-003
 performing expansion, best =    2.3244068922752882E-003
 performing expansion, best =    2.3243361798837630E-003
 performing expansion, best =    2.3240594195468914E-003
 performing expansion, best =    2.3238393127354871E-003
 performing expansion, best =    2.3237288629297842E-003
 performing expansion, best =    2.3233221592581519E-003
 performing expansion, best =    2.3209463763644643E-003
 performing expansion, best =    2.3208558628876972E-003
 performing expansion, best =    2.3207380149866622E-003
 performing expansion, best =    2.3204951902266067E-003
 performing expansion, best =    2.3200598749358245E-003
 performing expansion, best =    2.3199684703945930E-003
 performing expansion, best =    2.3179641638630005E-003
 performing expansion, best =    2.3176989943241339E-003
 performing expansion, best =    2.3176632943565515E-003
 performing expansion, best =    2.3161202343754093E-003
 performing expansion, best =    2.3160028473071968E-003
 performing expansion, best =    2.3157970056828870E-003
 performing expansion, best =    2.3141814080184630E-003
 performing expansion, best =    2.3125290531501742E-003
 performing expansion, best =    2.3123223406638035E-003
 performing expansion, best =    2.3103361265423656E-003
 performing expansion, best =    2.3084128482018370E-003
 performing expansion, best =    2.3064766821012600E-003
 performing expansion, best =    2.3042364078010788E-003
 performing expansion, best =    2.3024965341357988E-003
 performing expansion, best =    2.3003648922302377E-003
 performing expansion, best =    2.2982218069493854E-003
 performing expansion, best =    2.2959211283224653E-003
 performing expansion, best =    2.2937876460796332E-003
 performing expansion, best =    2.2915627439117252E-003
 performing expansion, best =    2.2891002481607650E-003
 performing expansion, best =    2.2873084192735799E-003
 performing expansion, best =    2.2851923583968869E-003
 performing expansion, best =    2.2826925771976939E-003
 performing expansion, best =    2.2805921751625807E-003
 performing expansion, best =    2.2786208217145218E-003
 performing expansion, best =    2.2761300831699812E-003
 performing expansion, best =    2.2735299097412986E-003
 performing expansion, best =    2.2711666744894480E-003
 performing expansion, best =    2.2685588850751173E-003
 performing expansion, best =    2.2652390168433987E-003
 performing expansion, best =    2.2626724629778001E-003
 performing expansion, best =    2.2603333756572690E-003
 performing expansion, best =    2.2597364969244539E-003
 performing expansion, best =    2.2564571682559460E-003
 performing expansion, best =    2.2562236943198559E-003
 performing expansion, best =    2.2541421305277572E-003
 performing expansion, best =    2.2524543152453017E-003
 performing expansion, best =    2.2521303611651995E-003
 performing expansion, best =    2.2515815316864994E-003
 performing expansion, best =    2.2514032455483524E-003
 performing expansion, best =    2.2511379789006995E-003
 performing expansion, best =    2.2510890389604646E-003
 performing expansion, best =    2.2506647603910061E-003
 performing expansion, best =    2.2490430186901159E-003
 performing expansion, best =    2.2470416135733332E-003
 performing expansion, best =    2.2468774018479633E-003
 performing expansion, best =    2.2451070994947476E-003
 performing expansion, best =    2.2450012059890044E-003
 performing expansion, best =    2.2432918610151334E-003
 performing expansion, best =    2.2412493360222212E-003
 performing expansion, best =    2.2391575673897488E-003
 performing expansion, best =    2.2370841058326979E-003
 performing expansion, best =    2.2361759075488602E-003
 performing expansion, best =    2.2346248836662280E-003
 performing expansion, best =    2.2345258871876196E-003
 performing expansion, best =    2.2342043095320598E-003
 performing expansion, best =    2.2322880996062644E-003
 performing expansion, best =    2.2319125115404831E-003
 performing expansion, best =    2.2299017965045197E-003
 performing expansion, best =    2.2284216567731506E-003
 performing expansion, best =    2.2274278913050611E-003
 performing expansion, best =    2.2268578815894469E-003
 performing expansion, best =    2.2255383246003904E-003
 performing expansion, best =    2.2255243578274127E-003
 performing expansion, best =    2.2243444330965019E-003
 performing expansion, best =    2.2234089015788529E-003
 performing expansion, best =    2.2225426974365266E-003
 performing expansion, best =    2.2207704216022930E-003
 performing expansion, best =    2.2195145751756585E-003
 performing expansion, best =    2.2184542507625834E-003
 performing expansion, best =    2.2175802671100184E-003
 performing expansion, best =    2.2165214515880065E-003
 performing expansion, best =    2.2151655322701792E-003
 performing expansion, best =    2.2134628397866112E-003
 performing expansion, best =    2.2121088530954731E-003
 performing expansion, best =    2.2110433142323864E-003
 performing expansion, best =    2.2099251990481857E-003
 performing expansion, best =    2.2093395984093748E-003
 performing expansion, best =    2.2077306237266760E-003
 performing expansion, best =    2.2062022329812653E-003
 performing expansion, best =    2.2048007313157049E-003
 performing expansion, best =    2.2037922746300223E-003
 performing expansion, best =    2.2025484002939589E-003
 performing expansion, best =    2.2019907863246604E-003
 performing expansion, best =    2.2008850255706867E-003
 performing expansion, best =    2.1996684113610790E-003
 performing expansion, best =    2.1987053228686494E-003
 performing expansion, best =    2.1971751408594578E-003
 performing expansion, best =    2.1962778606703613E-003
 performing expansion, best =    2.1948278689695156E-003
 performing expansion, best =    2.1928597603993161E-003
 performing expansion, best =    2.1916879628002348E-003
 performing expansion, best =    2.1892786185566272E-003
 performing expansion, best =    2.1875928566085561E-003
 performing expansion, best =    2.1862397032347534E-003
 performing expansion, best =    2.1841780605502716E-003
 performing expansion, best =    2.1825624780207244E-003
 performing expansion, best =    2.1809656426258076E-003
 performing expansion, best =    2.1786386795228309E-003
 performing expansion, best =    2.1767338404019530E-003
 performing expansion, best =    2.1759160271995009E-003
 performing expansion, best =    2.1739100722113990E-003
 performing expansion, best =    2.1719901792347260E-003
 performing expansion, best =    2.1703544646149097E-003
 performing expansion, best =    2.1689702206288053E-003
 performing expansion, best =    2.1668895409951761E-003
 performing expansion, best =    2.1657038880532492E-003
 performing expansion, best =    2.1649041454008212E-003
 performing expansion, best =    2.1643883650156533E-003
 performing expansion, best =    2.1627928827024829E-003
 performing expansion, best =    2.1608569605340404E-003
 performing expansion, best =    2.1596412689741675E-003
 performing expansion, best =    2.1589276928682673E-003
 performing expansion, best =    2.1581952487208459E-003
 performing expansion, best =    2.1566806184744637E-003
 performing expansion, best =    2.1549062875924536E-003
 performing expansion, best =    2.1526706727678351E-003
 performing expansion, best =    2.1517219869425200E-003
 performing expansion, best =    2.1512715824115146E-003
 performing expansion, best =    2.1508154278814763E-003
 performing expansion, best =    2.1504563663303339E-003
 performing expansion, best =    2.1504205434234197E-003
 performing expansion, best =    2.1496623355610452E-003
 performing expansion, best =    2.1489938802096253E-003
 performing expansion, best =    2.1480978911252225E-003
 performing expansion, best =    2.1463057005848612E-003
 performing expansion, best =    2.1461815918629797E-003
 performing expansion, best =    2.1455336867431825E-003
 performing expansion, best =    2.1448971667143470E-003
 performing expansion, best =    2.1446903930624722E-003
 performing expansion, best =    2.1444858046398290E-003
 performing expansion, best =    2.1438908325919223E-003
 performing expansion, best =    2.1438551679146076E-003
 performing expansion, best =    2.1430853508627584E-003
 performing expansion, best =    2.1416590164161707E-003
 performing expansion, best =    2.1405377936743564E-003
 performing expansion, best =    2.1395657894749160E-003
 performing expansion, best =    2.1389285972221411E-003
 performing expansion, best =    2.1388224307214254E-003
 performing expansion, best =    2.1387993863661815E-003
 performing expansion, best =    2.1376417410761449E-003
 performing expansion, best =    2.1369122314650337E-003
 performing expansion, best =    2.1361923767715127E-003
 performing expansion, best =    2.1343037685137532E-003
Exiting simplex optimization after 10001 iterations
Solution after  refinement:      2.1324403402E-03
RMSE         2.132440340E-03 Hartree
NEW BEST!

Starting fitting procedure for 28 charges, trial 2
gen      0/56000      elitist  2.0101957E-02 feasible? F
gen    100/56000      elitist  4.1052234E+22 feasible? F
gen    200/56000      elitist  6.8858843E+22 feasible? F
gen    300/56000      elitist  4.2373543E+22 feasible? F
gen    400/56000      elitist  4.2373543E+22 feasible? F
gen    500/56000      elitist  4.2373543E+22 feasible? F
gen    600/56000      elitist  4.2373543E+22 feasible? F
gen    700/56000      elitist  4.2373543E+22 feasible? F
gen    800/56000      elitist  4.2373543E+22 feasible? F
gen    900/56000      elitist  4.2373543E+22 feasible? F
gen   1000/56000      elitist  4.2373543E+22 feasible? F
gen   1100/56000      elitist  4.2373543E+22 feasible? F
gen   1200/56000      elitist  4.2373543E+22 feasible? F
gen   1300/56000      elitist  4.2373543E+22 feasible? F
gen   1400/56000      elitist  4.2373543E+22 feasible? F
gen   1500/56000      elitist  4.2373543E+22 feasible? F
gen   1600/56000      elitist  4.2373543E+22 feasible? F
gen   1700/56000      elitist  4.2373543E+22 feasible? F
gen   1800/56000      elitist  4.2373543E+22 feasible? F
gen   1900/56000      elitist  4.2373543E+22 feasible? F
gen   2000/56000      elitist  4.2373543E+22 feasible? F
gen   2100/56000      elitist  4.2373543E+22 feasible? F
gen   2200/56000      elitist  4.2373543E+22 feasible? F
gen   2300/56000      elitist  4.2373543E+22 feasible? F
gen   2400/56000      elitist  4.2373543E+22 feasible? F
gen   2500/56000      elitist  4.2373543E+22 feasible? F
gen   2600/56000      elitist  4.2373543E+22 feasible? F
gen   2700/56000      elitist  4.2373543E+22 feasible? F
gen   2800/56000      elitist  4.2373543E+22 feasible? F
gen   2900/56000      elitist  4.2373543E+22 feasible? F
gen   3000/56000      elitist  4.2373543E+22 feasible? F
gen   3100/56000      elitist  4.2373543E+22 feasible? F
gen   3200/56000      elitist  4.2373543E+22 feasible? F
gen   3300/56000      elitist  4.2373543E+22 feasible? F
gen   3400/56000      elitist  4.2373543E+22 feasible? F
gen   3500/56000      elitist  4.2373543E+22 feasible? F
gen   3600/56000      elitist  4.2373543E+22 feasible? F
gen   3700/56000      elitist  4.2373543E+22 feasible? F
gen   3800/56000      elitist  4.2373543E+22 feasible? F
gen   3900/56000      elitist  4.2373543E+22 feasible? F
gen   4000/56000      elitist  4.2373543E+22 feasible? F
gen   4100/56000      elitist  4.2373543E+22 feasible? F
gen   4200/56000      elitist  4.2373543E+22 feasible? F
gen   4300/56000      elitist  4.2373543E+22 feasible? F
gen   4400/56000      elitist  4.2373543E+22 feasible? F
gen   4500/56000      elitist  4.2373543E+22 feasible? F
gen   4600/56000      elitist  4.2373543E+22 feasible? F
gen   4700/56000      elitist  4.2373543E+22 feasible? F
gen   4800/56000      elitist  4.2373543E+22 feasible? F
gen   4900/56000      elitist  4.2373543E+22 feasible? F
gen   5000/56000      elitist  4.2373543E+22 feasible? F
gen   5100/56000      elitist  4.2373543E+22 feasible? F
gen   5200/56000      elitist  4.2373543E+22 feasible? F
gen   5300/56000      elitist  4.2373543E+22 feasible? F
gen   5400/56000      elitist  4.2373543E+22 feasible? F
gen   5500/56000      elitist  4.2373543E+22 feasible? F
gen   5600/56000      elitist  4.2373543E+22 feasible? F
gen   5700/56000      elitist  4.2373543E+22 feasible? F
gen   5800/56000      elitist  4.2373543E+22 feasible? F
gen   5900/56000      elitist  4.2373543E+22 feasible? F
gen   6000/56000      elitist  4.2373543E+22 feasible? F
gen   6100/56000      elitist  4.2373543E+22 feasible? F
gen   6200/56000      elitist  4.2373543E+22 feasible? F
gen   6300/56000      elitist  4.2373543E+22 feasible? F
gen   6400/56000      elitist  4.2373543E+22 feasible? F
gen   6500/56000      elitist  4.2373543E+22 feasible? F
gen   6600/56000      elitist  4.2373543E+22 feasible? F
gen   6700/56000      elitist  4.2373543E+22 feasible? F
gen   6800/56000      elitist  4.2373543E+22 feasible? F
gen   6900/56000      elitist  4.2373543E+22 feasible? F
gen   7000/56000      elitist  4.2373543E+22 feasible? F
gen   7100/56000      elitist  4.2373543E+22 feasible? F
gen   7200/56000      elitist  4.2373543E+22 feasible? F
gen   7300/56000      elitist  4.2373543E+22 feasible? F
gen   7400/56000      elitist  4.2373543E+22 feasible? F
gen   7500/56000      elitist  4.2373543E+22 feasible? F
gen   7600/56000      elitist  4.2373543E+22 feasible? F
gen   7700/56000      elitist  4.2373543E+22 feasible? F
gen   7800/56000      elitist  4.2373543E+22 feasible? F
gen   7900/56000      elitist  4.2373543E+22 feasible? F
gen   8000/56000      elitist  4.2373543E+22 feasible? F
gen   8100/56000      elitist  4.2373543E+22 feasible? F
gen   8200/56000      elitist  4.2373543E+22 feasible? F
gen   8300/56000      elitist  4.2373543E+22 feasible? F
gen   8400/56000      elitist  4.2373543E+22 feasible? F
gen   8500/56000      elitist  4.2373543E+22 feasible? F
gen   8600/56000      elitist  4.2373543E+22 feasible? F
gen   8700/56000      elitist  4.2373543E+22 feasible? F
gen   8800/56000      elitist  4.2373543E+22 feasible? F
gen   8900/56000      elitist  4.2373543E+22 feasible? F
gen   9000/56000      elitist  4.2373543E+22 feasible? F
gen   9100/56000      elitist  4.2373543E+22 feasible? F
gen   9200/56000      elitist  4.2373543E+22 feasible? F
gen   9300/56000      elitist  4.2373543E+22 feasible? F
gen   9400/56000      elitist  4.2373543E+22 feasible? F
gen   9500/56000      elitist  4.2373543E+22 feasible? F
gen   9600/56000      elitist  4.2373543E+22 feasible? F
gen   9700/56000      elitist  4.2373543E+22 feasible? F
gen   9800/56000      elitist  4.2373543E+22 feasible? F
gen   9900/56000      elitist  4.2373543E+22 feasible? F
gen  10000/56000      elitist  4.2373543E+22 feasible? F
gen  10100/56000      elitist  4.2373543E+22 feasible? F
gen  10200/56000      elitist  4.2373543E+22 feasible? F
gen  10300/56000      elitist  4.2373543E+22 feasible? F
gen  10400/56000      elitist  4.2373543E+22 feasible? F
gen  10500/56000      elitist  4.2373543E+22 feasible? F
gen  10600/56000      elitist  4.2373543E+22 feasible? F
gen  10700/56000      elitist  4.2373543E+22 feasible? F
gen  10800/56000      elitist  4.2373543E+22 feasible? F
gen  10900/56000      elitist  4.2373543E+22 feasible? F
gen  11000/56000      elitist  4.2373543E+22 feasible? F
gen  11100/56000      elitist  4.2373543E+22 feasible? F
gen  11200/56000      elitist  4.2373543E+22 feasible? F
gen  11300/56000      elitist  4.2373543E+22 feasible? F
gen  11400/56000      elitist  4.2373543E+22 feasible? F
gen  11500/56000      elitist  4.2373543E+22 feasible? F
gen  11600/56000      elitist  4.2373543E+22 feasible? F
gen  11700/56000      elitist  4.2373543E+22 feasible? F
gen  11800/56000      elitist  4.2373543E+22 feasible? F
gen  11900/56000      elitist  4.2373543E+22 feasible? F
gen  12000/56000      elitist  4.2373543E+22 feasible? F
gen  12100/56000      elitist  4.2373543E+22 feasible? F
gen  12200/56000      elitist  4.2373543E+22 feasible? F
gen  12300/56000      elitist  4.2373543E+22 feasible? F
gen  12400/56000      elitist  4.2373543E+22 feasible? F
gen  12500/56000      elitist  4.2373543E+22 feasible? F
gen  12600/56000      elitist  4.2373543E+22 feasible? F
gen  12700/56000      elitist  4.2373543E+22 feasible? F
gen  12800/56000      elitist  4.2373543E+22 feasible? F
gen  12900/56000      elitist  4.2373543E+22 feasible? F
gen  13000/56000      elitist  4.2373543E+22 feasible? F
gen  13100/56000      elitist  4.2373543E+22 feasible? F
gen  13200/56000      elitist  4.2373543E+22 feasible? F
gen  13300/56000      elitist  4.2373543E+22 feasible? F
gen  13400/56000      elitist  4.2373543E+22 feasible? F
gen  13500/56000      elitist  4.2373543E+22 feasible? F
gen  13600/56000      elitist  4.2373543E+22 feasible? F
gen  13700/56000      elitist  4.2373543E+22 feasible? F
gen  13800/56000      elitist  4.2373543E+22 feasible? F
gen  13900/56000      elitist  4.2373543E+22 feasible? F
gen  14000/56000      elitist  4.2373543E+22 feasible? F
gen  14100/56000      elitist  4.2373543E+22 feasible? F
