Running in fitting mode

Reading "/data/boittier/gaussian_scans/bromobutadiene/scan_extract_0.xyz.chk.fchk.pot.cube"...

  opt Potential
  Electrostatic potential from Total SCF Density
   10  -10.982195  -11.443988   -9.769128
   84    0.265911    0.000000    0.000000
   82    0.000000    0.265911    0.000000
   74    0.000000    0.000000    0.265911
    6    6.000000   -1.673952    3.606648    0.000000
    6    6.000000    0.000000    1.721109    0.000000
    6    6.000000    2.723878    2.103773    0.000000
    6    6.000000    4.508290    0.324643    0.000000
    1    1.000000   -3.687195    3.287689    0.000000
    1    1.000000   -0.999128    5.537939    0.000000
   35   35.000000   -1.213067   -1.674860    0.000000
    1    1.000000    3.266739    4.081797    0.000000
    1    1.000000    4.043439   -1.663450    0.000000
    1    1.000000    6.484203    0.839077    0.000000
 -4.50402E-03 -4.51053E-03 -4.51179E-03 -4.50778E-03 -4.37950E-03 -4.39021E-03
       .            .            .            .            .            .
       .            .            .            .            .            .
       .            .            .            .            .            .
  7.70629E-03  7.78523E-03  7.80058E-03  7.75172E-03  7.64058E-03  7.47148E-03

132359 out of 509712 gridpoints are considered ( 26.0%).

...done!




USING GREEDY MODE
File "multipole1_1charges.xyz" already exists. Fitting procedure is skipped.
File "multipole1_2charges.xyz" already exists. Fitting procedure is skipped.
File "multipole1_3charges.xyz" already exists. Fitting procedure is skipped.
File "multipole1_4charges.xyz" already exists. Fitting procedure is skipped.
File "multipole2_1charges.xyz" already exists. Fitting procedure is skipped.
File "multipole2_2charges.xyz" already exists. Fitting procedure is skipped.
File "multipole2_3charges.xyz" already exists. Fitting procedure is skipped.
File "multipole2_4charges.xyz" already exists. Fitting procedure is skipped.
File "multipole3_1charges.xyz" already exists. Fitting procedure is skipped.
File "multipole3_2charges.xyz" already exists. Fitting procedure is skipped.
File "multipole3_3charges.xyz" already exists. Fitting procedure is skipped.
File "multipole3_4charges.xyz" already exists. Fitting procedure is skipped.
File "multipole4_1charges.xyz" already exists. Fitting procedure is skipped.
File "multipole4_2charges.xyz" already exists. Fitting procedure is skipped.
File "multipole4_3charges.xyz" already exists. Fitting procedure is skipped.
File "multipole4_4charges.xyz" already exists. Fitting procedure is skipped.
File "multipole5_1charges.xyz" already exists. Fitting procedure is skipped.
File "multipole5_2charges.xyz" already exists. Fitting procedure is skipped.
File "multipole5_3charges.xyz" already exists. Fitting procedure is skipped.
File "multipole5_4charges.xyz" already exists. Fitting procedure is skipped.
File "multipole6_1charges.xyz" already exists. Fitting procedure is skipped.
File "multipole6_2charges.xyz" already exists. Fitting procedure is skipped.
File "multipole6_3charges.xyz" already exists. Fitting procedure is skipped.
File "multipole6_4charges.xyz" already exists. Fitting procedure is skipped.
File "multipole7_1charges.xyz" already exists. Fitting procedure is skipped.
File "multipole7_2charges.xyz" already exists. Fitting procedure is skipped.
File "multipole7_3charges.xyz" already exists. Fitting procedure is skipped.
File "multipole7_4charges.xyz" already exists. Fitting procedure is skipped.
File "multipole8_1charges.xyz" already exists. Fitting procedure is skipped.
File "multipole8_2charges.xyz" already exists. Fitting procedure is skipped.
File "multipole8_3charges.xyz" already exists. Fitting procedure is skipped.
File "multipole8_4charges.xyz" already exists. Fitting procedure is skipped.
File "multipole9_1charges.xyz" already exists. Fitting procedure is skipped.
File "multipole9_2charges.xyz" already exists. Fitting procedure is skipped.
File "multipole9_3charges.xyz" already exists. Fitting procedure is skipped.
File "multipole9_4charges.xyz" already exists. Fitting procedure is skipped.
File "multipole10_1charges.xyz" already exists. Fitting procedure is skipped.
File "multipole10_2charges.xyz" already exists. Fitting procedure is skipped.
File "multipole10_3charges.xyz" already exists. Fitting procedure is skipped.
File "multipole10_4charges.xyz" already exists. Fitting procedure is skipped.
Total fragment charge (a.u.):         1.040834086E-16
Running DE in parallel with 4 thread(s)!

Starting fitting procedure for 30 charges, trial 1
gen      0/60000      elitist  2.2031784E-02 feasible? F
gen    100/60000      elitist  2.2031784E-02 feasible? F
gen    200/60000      elitist  2.2031784E-02 feasible? F
gen    300/60000      elitist  2.2031784E-02 feasible? F
gen    400/60000      elitist  2.2031784E-02 feasible? F
gen    500/60000      elitist  2.2031784E-02 feasible? F
gen    600/60000      elitist  2.2031784E-02 feasible? F
gen    700/60000      elitist  2.2031784E-02 feasible? F
gen    800/60000      elitist  2.2031784E-02 feasible? F
gen    900/60000      elitist  2.2031784E-02 feasible? F
gen   1000/60000      elitist  2.2031784E-02 feasible? F
gen   1100/60000      elitist  2.2031784E-02 feasible? F
gen   1200/60000      elitist  2.2031784E-02 feasible? F
gen   1300/60000      elitist  2.2031784E-02 feasible? F
gen   1400/60000      elitist  2.2031784E-02 feasible? F
gen   1500/60000      elitist  2.2031784E-02 feasible? F
gen   1600/60000      elitist  2.2031784E-02 feasible? F
gen   1700/60000      elitist  2.2031784E-02 feasible? F
gen   1800/60000      elitist  2.2031784E-02 feasible? F
gen   1900/60000      elitist  2.2031784E-02 feasible? F
gen   2000/60000      elitist  2.2031784E-02 feasible? F
gen   2100/60000      elitist  2.2031784E-02 feasible? F
gen   2200/60000      elitist  2.2031784E-02 feasible? F
gen   2300/60000      elitist  2.2031784E-02 feasible? F
gen   2400/60000      elitist  2.2031784E-02 feasible? F
gen   2500/60000      elitist  2.2031784E-02 feasible? F
gen   2600/60000      elitist  2.2031784E-02 feasible? F
gen   2700/60000      elitist  2.2031784E-02 feasible? F
gen   2800/60000      elitist  2.2031784E-02 feasible? F
gen   2900/60000      elitist  2.2031784E-02 feasible? F
gen   3000/60000      elitist  2.2031784E-02 feasible? F
gen   3100/60000      elitist  2.2031784E-02 feasible? F
gen   3200/60000      elitist  2.2031784E-02 feasible? F
gen   3300/60000      elitist  2.2031784E-02 feasible? F
gen   3400/60000      elitist  2.2031784E-02 feasible? F
gen   3500/60000      elitist  2.2031784E-02 feasible? F
gen   3600/60000      elitist  2.2031784E-02 feasible? F
gen   3700/60000      elitist  2.2031784E-02 feasible? F
gen   3800/60000      elitist  2.2031784E-02 feasible? F
gen   3900/60000      elitist  2.2031784E-02 feasible? F
gen   4000/60000      elitist  2.2031784E-02 feasible? F
gen   4100/60000      elitist  2.2031784E-02 feasible? F
gen   4200/60000      elitist  2.2031784E-02 feasible? F
gen   4300/60000      elitist  2.2031784E-02 feasible? F
gen   4400/60000      elitist  2.2031784E-02 feasible? F
gen   4500/60000      elitist  2.2031784E-02 feasible? F
gen   4600/60000      elitist  2.2031784E-02 feasible? F
gen   4700/60000      elitist  2.2031784E-02 feasible? F
gen   4800/60000      elitist  2.2031784E-02 feasible? F
gen   4900/60000      elitist  2.2031784E-02 feasible? F
gen   5000/60000      elitist  2.2031784E-02 feasible? F
gen   5100/60000      elitist  2.2031784E-02 feasible? F
gen   5200/60000      elitist  2.2031784E-02 feasible? F
gen   5300/60000      elitist  2.2031784E-02 feasible? F
gen   5400/60000      elitist  2.2031784E-02 feasible? F
gen   5500/60000      elitist  2.2031784E-02 feasible? F
gen   5600/60000      elitist  2.2031784E-02 feasible? F
gen   5700/60000      elitist  2.2031784E-02 feasible? F
gen   5800/60000      elitist  2.2031784E-02 feasible? F
gen   5900/60000      elitist  2.2031784E-02 feasible? F
gen   6000/60000      elitist  2.2031784E-02 feasible? F
gen   6100/60000      elitist  2.2031784E-02 feasible? F
gen   6200/60000      elitist  2.2031784E-02 feasible? F
gen   6300/60000      elitist  2.2031784E-02 feasible? F
gen   6400/60000      elitist  2.2031784E-02 feasible? F
gen   6500/60000      elitist  2.2031784E-02 feasible? F
gen   6600/60000      elitist  2.2031784E-02 feasible? F
gen   6700/60000      elitist  2.2031784E-02 feasible? F
gen   6800/60000      elitist  2.2031784E-02 feasible? F
gen   6900/60000      elitist  2.2031784E-02 feasible? F
gen   7000/60000      elitist  2.2031784E-02 feasible? F
gen   7100/60000      elitist  2.2031784E-02 feasible? F
gen   7200/60000      elitist  2.2031784E-02 feasible? F
gen   7300/60000      elitist  2.2031784E-02 feasible? F
gen   7400/60000      elitist  2.2031784E-02 feasible? F
gen   7500/60000      elitist  2.2031784E-02 feasible? F
gen   7600/60000      elitist  2.2031784E-02 feasible? F
gen   7700/60000      elitist  2.2031784E-02 feasible? F
gen   7800/60000      elitist  2.2031784E-02 feasible? F
gen   7900/60000      elitist  2.2031784E-02 feasible? F
gen   8000/60000      elitist  2.2031784E-02 feasible? F
gen   8100/60000      elitist  2.2031784E-02 feasible? F
gen   8200/60000      elitist  2.2031784E-02 feasible? F
gen   8300/60000      elitist  2.2031784E-02 feasible? F
gen   8400/60000      elitist  2.2031784E-02 feasible? F
gen   8500/60000      elitist  2.2031784E-02 feasible? F
gen   8600/60000      elitist  2.2031784E-02 feasible? F
gen   8700/60000      elitist  2.2031784E-02 feasible? F
gen   8800/60000      elitist  2.2031784E-02 feasible? F
gen   8900/60000      elitist  2.2031784E-02 feasible? F
gen   9000/60000      elitist  2.2031784E-02 feasible? F
gen   9100/60000      elitist  2.2031784E-02 feasible? F
gen   9200/60000      elitist  2.2031784E-02 feasible? F
gen   9300/60000      elitist  2.2031784E-02 feasible? F
gen   9400/60000      elitist  2.2031784E-02 feasible? F
gen   9500/60000      elitist  2.2031784E-02 feasible? F
gen   9600/60000      elitist  2.2031784E-02 feasible? F
gen   9700/60000      elitist  2.2031784E-02 feasible? F
gen   9800/60000      elitist  2.2031784E-02 feasible? F
gen   9900/60000      elitist  2.2031784E-02 feasible? F
gen  10000/60000      elitist  2.2031784E-02 feasible? F
gen  10100/60000      elitist  2.2031784E-02 feasible? F
gen  10200/60000      elitist  2.2031784E-02 feasible? F
gen  10300/60000      elitist  2.2031784E-02 feasible? F
gen  10400/60000      elitist  2.2031784E-02 feasible? F
gen  10500/60000      elitist  2.2031784E-02 feasible? F
gen  10600/60000      elitist  2.2031784E-02 feasible? F
gen  10700/60000      elitist  2.2031784E-02 feasible? F
gen  10800/60000      elitist  2.2031784E-02 feasible? F
gen  10900/60000      elitist  2.2031784E-02 feasible? F
gen  11000/60000      elitist  2.2031784E-02 feasible? F
gen  11100/60000      elitist  2.2031784E-02 feasible? F
gen  11200/60000      elitist  2.2031784E-02 feasible? F
gen  11300/60000      elitist  2.2031784E-02 feasible? F
gen  11400/60000      elitist  2.2031784E-02 feasible? F
gen  11500/60000      elitist  2.2031784E-02 feasible? F
gen  11600/60000      elitist  2.2031784E-02 feasible? F
gen  11700/60000      elitist  2.2031784E-02 feasible? F
gen  11800/60000      elitist  2.2031784E-02 feasible? F
gen  11900/60000      elitist  2.2031784E-02 feasible? F
gen  12000/60000      elitist  2.2031784E-02 feasible? F
gen  12100/60000      elitist  2.2031784E-02 feasible? F
gen  12200/60000      elitist  2.2031784E-02 feasible? F
gen  12300/60000      elitist  2.2031784E-02 feasible? F
gen  12400/60000      elitist  2.2031784E-02 feasible? F
gen  12500/60000      elitist  2.2031784E-02 feasible? F
gen  12600/60000      elitist  2.2031784E-02 feasible? F
gen  12700/60000      elitist  2.2031784E-02 feasible? F
gen  12800/60000      elitist  2.2031784E-02 feasible? F
gen  12900/60000      elitist  2.2031784E-02 feasible? F
gen  13000/60000      elitist  2.2031784E-02 feasible? F
gen  13100/60000      elitist  2.2031784E-02 feasible? F
gen  13200/60000      elitist  2.2031784E-02 feasible? F
gen  13300/60000      elitist  2.2031784E-02 feasible? F
gen  13400/60000      elitist  2.2031784E-02 feasible? F
gen  13500/60000      elitist  2.2031784E-02 feasible? F
gen  13600/60000      elitist  2.2031784E-02 feasible? F
gen  13700/60000      elitist  2.2031784E-02 feasible? F
gen  13800/60000      elitist  2.2031784E-02 feasible? F
gen  13900/60000      elitist  2.2031784E-02 feasible? F
gen  14000/60000      elitist  2.2031784E-02 feasible? F
gen  14100/60000      elitist  2.2031784E-02 feasible? F
gen  14200/60000      elitist  2.2031784E-02 feasible? F
gen  14300/60000      elitist  2.2031784E-02 feasible? F
gen  14400/60000      elitist  2.2031784E-02 feasible? F
gen  14500/60000      elitist  2.2031784E-02 feasible? F
gen  14600/60000      elitist  2.2031784E-02 feasible? F
gen  14700/60000      elitist  2.2031784E-02 feasible? F
gen  14800/60000      elitist  2.2031784E-02 feasible? F
gen  14900/60000      elitist  2.2031784E-02 feasible? F
gen  15000/60000      elitist  2.2031784E-02 feasible? F
gen  15100/60000      elitist  2.2031784E-02 feasible? F
gen  15200/60000      elitist  2.2031784E-02 feasible? F
gen  15300/60000      elitist  2.2031784E-02 feasible? F
gen  15400/60000      elitist  2.2031784E-02 feasible? F
gen  15500/60000      elitist  2.2031784E-02 feasible? F
gen  15600/60000      elitist  2.2031784E-02 feasible? F
gen  15700/60000      elitist  2.2031784E-02 feasible? F
gen  15800/60000      elitist  2.2031784E-02 feasible? F
gen  15900/60000      elitist  2.2031784E-02 feasible? F
gen  16000/60000      elitist  2.2031784E-02 feasible? F
gen  16100/60000      elitist  2.2031784E-02 feasible? F
gen  16200/60000      elitist  2.2031784E-02 feasible? F
gen  16300/60000      elitist  2.2031784E-02 feasible? F
gen  16400/60000      elitist  2.2031784E-02 feasible? F
gen  16500/60000      elitist  2.2031784E-02 feasible? F
gen  16600/60000      elitist  2.2031784E-02 feasible? F
gen  16700/60000      elitist  2.2031784E-02 feasible? F
gen  16800/60000      elitist  2.2031784E-02 feasible? F
gen  16900/60000      elitist  2.2031784E-02 feasible? F
gen  17000/60000      elitist  2.2031784E-02 feasible? F
gen  17100/60000      elitist  2.2031784E-02 feasible? F
gen  17200/60000      elitist  2.2031784E-02 feasible? F
gen  17300/60000      elitist  2.2031784E-02 feasible? F
gen  17400/60000      elitist  2.2031784E-02 feasible? F
gen  17500/60000      elitist  2.2031784E-02 feasible? F
gen  17600/60000      elitist  2.2031784E-02 feasible? F
gen  17700/60000      elitist  2.2031784E-02 feasible? F
gen  17800/60000      elitist  2.2031784E-02 feasible? F
gen  17900/60000      elitist  2.2031784E-02 feasible? F
gen  18000/60000      elitist  2.2031784E-02 feasible? F
gen  18100/60000      elitist  2.2031784E-02 feasible? F
gen  18200/60000      elitist  2.2031784E-02 feasible? F
gen  18300/60000      elitist  2.2031784E-02 feasible? F
gen  18400/60000      elitist  2.2031784E-02 feasible? F
gen  18500/60000      elitist  2.2031784E-02 feasible? F
gen  18600/60000      elitist  2.2031784E-02 feasible? F
gen  18700/60000      elitist  2.2031784E-02 feasible? F
gen  18800/60000      elitist  2.2031784E-02 feasible? F
gen  18900/60000      elitist  2.2031784E-02 feasible? F
gen  19000/60000      elitist  2.2031784E-02 feasible? F
gen  19100/60000      elitist  2.2031784E-02 feasible? F
gen  19200/60000      elitist  2.2031784E-02 feasible? F
gen  19300/60000      elitist  2.2031784E-02 feasible? F
gen  19400/60000      elitist  2.2031784E-02 feasible? F
gen  19500/60000      elitist  2.2031784E-02 feasible? F
gen  19600/60000      elitist  2.2031784E-02 feasible? F
gen  19700/60000      elitist  2.2031784E-02 feasible? F
gen  19800/60000      elitist  2.2031784E-02 feasible? F
gen  19900/60000      elitist  2.2031784E-02 feasible? F
gen  20000/60000      elitist  2.2031784E-02 feasible? F
gen  20100/60000      elitist  2.2031784E-02 feasible? F
gen  20200/60000      elitist  2.2031784E-02 feasible? F
gen  20300/60000      elitist  2.2031784E-02 feasible? F
gen  20400/60000      elitist  2.2031784E-02 feasible? F
gen  20500/60000      elitist  2.2031784E-02 feasible? F
gen  20600/60000      elitist  2.2031784E-02 feasible? F
gen  20700/60000      elitist  2.2031784E-02 feasible? F
gen  20800/60000      elitist  2.2031784E-02 feasible? F
gen  20900/60000      elitist  2.2031784E-02 feasible? F
gen  21000/60000      elitist  2.2031784E-02 feasible? F
gen  21100/60000      elitist  2.2031784E-02 feasible? F
gen  21200/60000      elitist  2.2031784E-02 feasible? F
gen  21300/60000      elitist  2.2031784E-02 feasible? F
gen  21400/60000      elitist  2.2031784E-02 feasible? F
gen  21500/60000      elitist  2.2031784E-02 feasible? F
gen  21600/60000      elitist  2.2031784E-02 feasible? F
gen  21700/60000      elitist  2.2031784E-02 feasible? F
gen  21800/60000      elitist  2.2031784E-02 feasible? F
gen  21900/60000      elitist  2.2031784E-02 feasible? F
gen  22000/60000      elitist  2.2031784E-02 feasible? F
gen  22100/60000      elitist  2.2031784E-02 feasible? F
gen  22200/60000      elitist  2.2031784E-02 feasible? F
gen  22300/60000      elitist  2.2031784E-02 feasible? F
gen  22400/60000      elitist  2.2031784E-02 feasible? F
gen  22500/60000      elitist  2.2031784E-02 feasible? F
gen  22600/60000      elitist  2.2031784E-02 feasible? F
gen  22700/60000      elitist  2.2031784E-02 feasible? F
gen  22800/60000      elitist  2.2031784E-02 feasible? F
gen  22900/60000      elitist  2.2031784E-02 feasible? F
gen  23000/60000      elitist  2.2031784E-02 feasible? F
gen  23100/60000      elitist  2.2031784E-02 feasible? F
gen  23200/60000      elitist  2.2031784E-02 feasible? F
gen  23300/60000      elitist  2.2031784E-02 feasible? F
gen  23400/60000      elitist  2.2031784E-02 feasible? F
gen  23500/60000      elitist  2.2031784E-02 feasible? F
gen  23600/60000      elitist  2.2031784E-02 feasible? F
gen  23700/60000      elitist  2.2031784E-02 feasible? F
gen  23800/60000      elitist  2.2031784E-02 feasible? F
gen  23900/60000      elitist  2.2031784E-02 feasible? F
gen  24000/60000      elitist  2.2031784E-02 feasible? F
gen  24100/60000      elitist  2.2031784E-02 feasible? F
gen  24200/60000      elitist  2.2031784E-02 feasible? F
gen  24300/60000      elitist  2.2031784E-02 feasible? F
gen  24400/60000      elitist  2.2031784E-02 feasible? F
gen  24500/60000      elitist  2.2031784E-02 feasible? F
gen  24600/60000      elitist  2.2031784E-02 feasible? F
gen  24700/60000      elitist  2.2031784E-02 feasible? F
gen  24800/60000      elitist  2.2031784E-02 feasible? F
gen  24900/60000      elitist  2.2031784E-02 feasible? F
gen  25000/60000      elitist  2.2031784E-02 feasible? F
gen  25100/60000      elitist  2.2031784E-02 feasible? F
gen  25200/60000      elitist  2.2031784E-02 feasible? F
gen  25300/60000      elitist  2.2031784E-02 feasible? F
gen  25400/60000      elitist  2.2031784E-02 feasible? F
gen  25500/60000      elitist  2.2031784E-02 feasible? F
gen  25600/60000      elitist  2.2031784E-02 feasible? F
gen  25700/60000      elitist  2.2031784E-02 feasible? F
gen  25800/60000      elitist  2.2031784E-02 feasible? F
gen  25900/60000      elitist  2.2031784E-02 feasible? F
gen  26000/60000      elitist  2.2031784E-02 feasible? F
gen  26100/60000      elitist  2.2031784E-02 feasible? F
gen  26200/60000      elitist  2.2031784E-02 feasible? F
gen  26300/60000      elitist  2.2031784E-02 feasible? F
gen  26400/60000      elitist  2.2031784E-02 feasible? F
gen  26500/60000      elitist  2.2031784E-02 feasible? F
gen  26600/60000      elitist  2.2031784E-02 feasible? F
gen  26700/60000      elitist  2.2031784E-02 feasible? F
gen  26800/60000      elitist  2.2031784E-02 feasible? F
gen  26900/60000      elitist  2.2031784E-02 feasible? F
gen  27000/60000      elitist  2.2031784E-02 feasible? F
gen  27100/60000      elitist  2.2031784E-02 feasible? F
gen  27200/60000      elitist  2.2031784E-02 feasible? F
gen  27300/60000      elitist  2.2031784E-02 feasible? F
gen  27400/60000      elitist  2.2031784E-02 feasible? F
gen  27500/60000      elitist  2.2031784E-02 feasible? F
gen  27600/60000      elitist  2.2031784E-02 feasible? F
gen  27700/60000      elitist  2.2031784E-02 feasible? F
gen  27800/60000      elitist  2.2031784E-02 feasible? F
gen  27900/60000      elitist  2.2031784E-02 feasible? F
gen  28000/60000      elitist  2.2031784E-02 feasible? F
gen  28100/60000      elitist  2.2031784E-02 feasible? F
gen  28200/60000      elitist  2.2031784E-02 feasible? F
gen  28300/60000      elitist  2.2031784E-02 feasible? F
gen  28400/60000      elitist  2.2031784E-02 feasible? F
gen  28500/60000      elitist  2.2031784E-02 feasible? F
gen  28600/60000      elitist  2.2031784E-02 feasible? F
gen  28700/60000      elitist  2.2031784E-02 feasible? F
gen  28800/60000      elitist  2.2031784E-02 feasible? F
gen  28900/60000      elitist  2.2031784E-02 feasible? F
gen  29000/60000      elitist  2.2031784E-02 feasible? F
gen  29100/60000      elitist  2.2031784E-02 feasible? F
gen  29200/60000      elitist  2.2031784E-02 feasible? F
gen  29300/60000      elitist  2.2031784E-02 feasible? F
gen  29400/60000      elitist  2.2031784E-02 feasible? F
gen  29500/60000      elitist  2.2031784E-02 feasible? F
gen  29600/60000      elitist  2.2031784E-02 feasible? F
gen  29700/60000      elitist  2.2031784E-02 feasible? F
gen  29800/60000      elitist  2.2031784E-02 feasible? F
gen  29900/60000      elitist  2.2031784E-02 feasible? F
gen  30000/60000      elitist  2.2031784E-02 feasible? F
gen  30100/60000      elitist  2.2031784E-02 feasible? F
gen  30200/60000      elitist  2.2031784E-02 feasible? F
gen  30300/60000      elitist  2.2031784E-02 feasible? F
gen  30400/60000      elitist  2.2031784E-02 feasible? F
gen  30500/60000      elitist  2.2031784E-02 feasible? F
gen  30600/60000      elitist  2.2031784E-02 feasible? F
gen  30700/60000      elitist  2.2031784E-02 feasible? F
gen  30800/60000      elitist  2.2031784E-02 feasible? F
gen  30900/60000      elitist  2.2031784E-02 feasible? F
gen  31000/60000      elitist  2.2031784E-02 feasible? F
gen  31100/60000      elitist  2.2031784E-02 feasible? F
gen  31200/60000      elitist  2.2031784E-02 feasible? F
gen  31300/60000      elitist  2.2031784E-02 feasible? F
gen  31400/60000      elitist  2.2031784E-02 feasible? F
gen  31500/60000      elitist  2.2031784E-02 feasible? F
gen  31600/60000      elitist  2.2031784E-02 feasible? F
gen  31700/60000      elitist  2.2031784E-02 feasible? F
gen  31800/60000      elitist  2.2031784E-02 feasible? F
gen  31900/60000      elitist  2.2031784E-02 feasible? F
gen  32000/60000      elitist  2.2031784E-02 feasible? F
gen  32100/60000      elitist  2.2031784E-02 feasible? F
gen  32200/60000      elitist  2.2031784E-02 feasible? F
gen  32300/60000      elitist  2.2031784E-02 feasible? F
gen  32400/60000      elitist  2.2031784E-02 feasible? F
gen  32500/60000      elitist  2.2031784E-02 feasible? F
gen  32600/60000      elitist  2.2031784E-02 feasible? F
gen  32700/60000      elitist  2.2031784E-02 feasible? F
gen  32800/60000      elitist  2.2031784E-02 feasible? F
gen  32900/60000      elitist  2.2031784E-02 feasible? F
gen  33000/60000      elitist  2.2031784E-02 feasible? F
gen  33100/60000      elitist  2.2031784E-02 feasible? F
gen  33200/60000      elitist  2.2031784E-02 feasible? F
gen  33300/60000      elitist  2.2031784E-02 feasible? F
gen  33400/60000      elitist  2.2031784E-02 feasible? F
gen  33500/60000      elitist  2.2031784E-02 feasible? F
gen  33600/60000      elitist  2.2031784E-02 feasible? F
gen  33700/60000      elitist  2.2031784E-02 feasible? F
gen  33800/60000      elitist  2.2031784E-02 feasible? F
gen  33900/60000      elitist  2.2031784E-02 feasible? F
gen  34000/60000      elitist  2.2031784E-02 feasible? F
gen  34100/60000      elitist  2.2031784E-02 feasible? F
gen  34200/60000      elitist  2.2031784E-02 feasible? F
gen  34300/60000      elitist  2.2031784E-02 feasible? F
gen  34400/60000      elitist  2.2031784E-02 feasible? F
gen  34500/60000      elitist  2.2031784E-02 feasible? F
gen  34600/60000      elitist  2.2031784E-02 feasible? F
gen  34700/60000      elitist  2.2031784E-02 feasible? F
gen  34800/60000      elitist  2.2031784E-02 feasible? F
gen  34900/60000      elitist  2.2031784E-02 feasible? F
gen  35000/60000      elitist  2.2031784E-02 feasible? F
gen  35100/60000      elitist  2.2031784E-02 feasible? F
gen  35200/60000      elitist  2.2031784E-02 feasible? F
gen  35300/60000      elitist  2.2031784E-02 feasible? F
gen  35400/60000      elitist  2.2031784E-02 feasible? F
gen  35500/60000      elitist  2.2031784E-02 feasible? F
gen  35600/60000      elitist  2.2031784E-02 feasible? F
gen  35700/60000      elitist  2.2031784E-02 feasible? F
gen  35800/60000      elitist  2.2031784E-02 feasible? F
gen  35900/60000      elitist  2.2031784E-02 feasible? F
gen  36000/60000      elitist  2.2031784E-02 feasible? F
gen  36100/60000      elitist  2.2031784E-02 feasible? F
gen  36200/60000      elitist  2.2031784E-02 feasible? F
gen  36300/60000      elitist  2.2031784E-02 feasible? F
gen  36400/60000      elitist  2.2031784E-02 feasible? F
gen  36500/60000      elitist  2.2031784E-02 feasible? F
gen  36600/60000      elitist  2.2031784E-02 feasible? F
gen  36700/60000      elitist  2.2031784E-02 feasible? F
gen  36800/60000      elitist  2.2031784E-02 feasible? F
gen  36900/60000      elitist  2.2031784E-02 feasible? F
gen  37000/60000      elitist  2.2031784E-02 feasible? F
gen  37100/60000      elitist  2.2031784E-02 feasible? F
gen  37200/60000      elitist  2.2031784E-02 feasible? F
gen  37300/60000      elitist  2.2031784E-02 feasible? F
gen  37400/60000      elitist  2.2031784E-02 feasible? F
gen  37500/60000      elitist  2.2031784E-02 feasible? F
gen  37600/60000      elitist  2.2031784E-02 feasible? F
gen  37700/60000      elitist  2.2031784E-02 feasible? F
gen  37800/60000      elitist  2.2031784E-02 feasible? F
gen  37900/60000      elitist  2.2031784E-02 feasible? F
gen  38000/60000      elitist  2.2031784E-02 feasible? F
gen  38100/60000      elitist  2.2031784E-02 feasible? F
gen  38200/60000      elitist  2.2031784E-02 feasible? F
gen  38300/60000      elitist  2.2031784E-02 feasible? F
gen  38400/60000      elitist  2.2031784E-02 feasible? F
gen  38500/60000      elitist  2.2031784E-02 feasible? F
gen  38600/60000      elitist  2.2031784E-02 feasible? F
gen  38700/60000      elitist  2.2031784E-02 feasible? F
gen  38800/60000      elitist  2.2031784E-02 feasible? F
gen  38900/60000      elitist  2.2031784E-02 feasible? F
gen  39000/60000      elitist  2.2031784E-02 feasible? F
gen  39100/60000      elitist  2.2031784E-02 feasible? F
gen  39200/60000      elitist  2.2031784E-02 feasible? F
gen  39300/60000      elitist  2.2031784E-02 feasible? F
gen  39400/60000      elitist  2.2031784E-02 feasible? F
gen  39500/60000      elitist  2.2031784E-02 feasible? F
gen  39600/60000      elitist  2.2031784E-02 feasible? F
gen  39700/60000      elitist  2.2031784E-02 feasible? F
gen  39800/60000      elitist  2.2031784E-02 feasible? F
gen  39900/60000      elitist  2.2031784E-02 feasible? F
gen  40000/60000      elitist  2.2031784E-02 feasible? F
gen  40100/60000      elitist  2.2031784E-02 feasible? F
gen  40200/60000      elitist  2.2031784E-02 feasible? F
gen  40300/60000      elitist  2.2031784E-02 feasible? F
gen  40400/60000      elitist  2.2031784E-02 feasible? F
gen  40500/60000      elitist  2.2031784E-02 feasible? F
gen  40600/60000      elitist  2.2031784E-02 feasible? F
gen  40700/60000      elitist  2.2031784E-02 feasible? F
gen  40800/60000      elitist  2.2031784E-02 feasible? F
gen  40900/60000      elitist  2.2031784E-02 feasible? F
gen  41000/60000      elitist  2.2031784E-02 feasible? F
gen  41100/60000      elitist  2.2031784E-02 feasible? F
gen  41200/60000      elitist  2.2031784E-02 feasible? F
gen  41300/60000      elitist  2.2031784E-02 feasible? F
gen  41400/60000      elitist  2.2031784E-02 feasible? F
gen  41500/60000      elitist  2.2031784E-02 feasible? F
gen  41600/60000      elitist  2.2031784E-02 feasible? F
gen  41700/60000      elitist  2.2031784E-02 feasible? F
gen  41800/60000      elitist  2.2031784E-02 feasible? F
gen  41900/60000      elitist  2.2031784E-02 feasible? F
gen  42000/60000      elitist  2.2031784E-02 feasible? F
gen  42100/60000      elitist  2.2031784E-02 feasible? F
gen  42200/60000      elitist  2.2031784E-02 feasible? F
gen  42300/60000      elitist  2.2031784E-02 feasible? F
gen  42400/60000      elitist  2.2031784E-02 feasible? F
gen  42500/60000      elitist  2.2031784E-02 feasible? F
gen  42600/60000      elitist  2.2031784E-02 feasible? F
gen  42700/60000      elitist  2.2031784E-02 feasible? F
gen  42800/60000      elitist  2.2031784E-02 feasible? F
gen  42900/60000      elitist  2.2031784E-02 feasible? F
gen  43000/60000      elitist  2.2031784E-02 feasible? F
gen  43100/60000      elitist  2.2031784E-02 feasible? F
gen  43200/60000      elitist  2.2031784E-02 feasible? F
gen  43300/60000      elitist  2.2031784E-02 feasible? F
gen  43400/60000      elitist  2.2031784E-02 feasible? F
gen  43500/60000      elitist  2.2031784E-02 feasible? F
gen  43600/60000      elitist  2.2031784E-02 feasible? F
gen  43700/60000      elitist  2.2031784E-02 feasible? F
gen  43800/60000      elitist  2.2031784E-02 feasible? F
gen  43900/60000      elitist  2.2031784E-02 feasible? F
gen  44000/60000      elitist  2.2031784E-02 feasible? F
gen  44100/60000      elitist  2.2031784E-02 feasible? F
gen  44200/60000      elitist  2.2031784E-02 feasible? F
gen  44300/60000      elitist  2.2031784E-02 feasible? F
gen  44400/60000      elitist  2.2031784E-02 feasible? F
gen  44500/60000      elitist  2.2031784E-02 feasible? F
gen  44600/60000      elitist  2.2031784E-02 feasible? F
gen  44700/60000      elitist  2.2031784E-02 feasible? F
gen  44800/60000      elitist  2.2031784E-02 feasible? F
gen  44900/60000      elitist  2.2031784E-02 feasible? F
gen  45000/60000      elitist  2.2031784E-02 feasible? F
gen  45100/60000      elitist  2.2031784E-02 feasible? F
gen  45200/60000      elitist  2.2031784E-02 feasible? F
gen  45300/60000      elitist  2.2031784E-02 feasible? F
gen  45400/60000      elitist  2.2031784E-02 feasible? F
gen  45500/60000      elitist  2.2031784E-02 feasible? F
gen  45600/60000      elitist  2.2031784E-02 feasible? F
gen  45700/60000      elitist  2.2031784E-02 feasible? F
gen  45800/60000      elitist  2.2031784E-02 feasible? F
gen  45900/60000      elitist  2.2031784E-02 feasible? F
gen  46000/60000      elitist  2.2031784E-02 feasible? F
gen  46100/60000      elitist  2.2031784E-02 feasible? F
gen  46200/60000      elitist  2.2031784E-02 feasible? F
gen  46300/60000      elitist  2.2031784E-02 feasible? F
gen  46400/60000      elitist  2.2031784E-02 feasible? F
gen  46500/60000      elitist  2.2031784E-02 feasible? F
gen  46600/60000      elitist  2.2031784E-02 feasible? F
gen  46700/60000      elitist  2.2031784E-02 feasible? F
gen  46800/60000      elitist  2.2031784E-02 feasible? F
gen  46900/60000      elitist  2.2031784E-02 feasible? F
gen  47000/60000      elitist  2.2031784E-02 feasible? F
gen  47100/60000      elitist  2.2031784E-02 feasible? F
gen  47200/60000      elitist  2.2031784E-02 feasible? F
gen  47300/60000      elitist  2.2031784E-02 feasible? F
gen  47400/60000      elitist  2.2031784E-02 feasible? F
gen  47500/60000      elitist  2.2031784E-02 feasible? F
gen  47600/60000      elitist  2.2031784E-02 feasible? F
gen  47700/60000      elitist  2.2031784E-02 feasible? F
gen  47800/60000      elitist  2.2031784E-02 feasible? F
gen  47900/60000      elitist  2.2031784E-02 feasible? F
gen  48000/60000      elitist  2.2031784E-02 feasible? F
gen  48100/60000      elitist  2.2031784E-02 feasible? F
gen  48200/60000      elitist  2.2031784E-02 feasible? F
gen  48300/60000      elitist  2.2031784E-02 feasible? F
gen  48400/60000      elitist  2.2031784E-02 feasible? F
gen  48500/60000      elitist  2.2031784E-02 feasible? F
gen  48600/60000      elitist  2.2031784E-02 feasible? F
gen  48700/60000      elitist  2.2031784E-02 feasible? F
gen  48800/60000      elitist  2.2031784E-02 feasible? F
gen  48900/60000      elitist  2.2031784E-02 feasible? F
gen  49000/60000      elitist  2.2031784E-02 feasible? F
gen  49100/60000      elitist  2.2031784E-02 feasible? F
gen  49200/60000      elitist  2.2031784E-02 feasible? F
gen  49300/60000      elitist  2.2031784E-02 feasible? F
gen  49400/60000      elitist  2.2031784E-02 feasible? F
gen  49500/60000      elitist  2.2031784E-02 feasible? F
gen  49600/60000      elitist  2.2031784E-02 feasible? F
gen  49700/60000      elitist  2.2031784E-02 feasible? F
gen  49800/60000      elitist  2.2031784E-02 feasible? F
gen  49900/60000      elitist  2.2031784E-02 feasible? F
gen  50000/60000      elitist  2.2031784E-02 feasible? F
gen  50100/60000      elitist  2.2031784E-02 feasible? F
gen  50200/60000      elitist  2.2031784E-02 feasible? F
gen  50300/60000      elitist  2.2031784E-02 feasible? F
gen  50400/60000      elitist  2.2031784E-02 feasible? F
gen  50500/60000      elitist  2.2031784E-02 feasible? F
gen  50600/60000      elitist  2.2031784E-02 feasible? F
gen  50700/60000      elitist  2.2031784E-02 feasible? F
gen  50800/60000      elitist  2.2031784E-02 feasible? F
gen  50900/60000      elitist  2.2031784E-02 feasible? F
gen  51000/60000      elitist  2.2031784E-02 feasible? F
gen  51100/60000      elitist  2.2031784E-02 feasible? F
gen  51200/60000      elitist  2.2031784E-02 feasible? F
gen  51300/60000      elitist  2.2031784E-02 feasible? F
gen  51400/60000      elitist  2.2031784E-02 feasible? F
gen  51500/60000      elitist  2.2031784E-02 feasible? F
gen  51600/60000      elitist  2.2031784E-02 feasible? F
gen  51700/60000      elitist  2.2031784E-02 feasible? F
gen  51800/60000      elitist  2.2031784E-02 feasible? F
gen  51900/60000      elitist  2.2031784E-02 feasible? F
gen  52000/60000      elitist  2.2031784E-02 feasible? F
gen  52100/60000      elitist  2.2031784E-02 feasible? F
gen  52200/60000      elitist  2.2031784E-02 feasible? F
gen  52300/60000      elitist  2.2031784E-02 feasible? F
gen  52400/60000      elitist  2.2031784E-02 feasible? F
gen  52500/60000      elitist  2.2031784E-02 feasible? F
gen  52600/60000      elitist  2.2031784E-02 feasible? F
gen  52700/60000      elitist  2.2031784E-02 feasible? F
gen  52800/60000      elitist  2.2031784E-02 feasible? F
gen  52900/60000      elitist  2.2031784E-02 feasible? F
gen  53000/60000      elitist  2.2031784E-02 feasible? F
gen  53100/60000      elitist  2.2031784E-02 feasible? F
gen  53200/60000      elitist  2.2031784E-02 feasible? F
gen  53300/60000      elitist  2.2031784E-02 feasible? F
gen  53400/60000      elitist  2.2031784E-02 feasible? F
gen  53500/60000      elitist  2.2031784E-02 feasible? F
gen  53600/60000      elitist  2.2031784E-02 feasible? F
gen  53700/60000      elitist  2.2031784E-02 feasible? F
gen  53800/60000      elitist  2.2031784E-02 feasible? F
gen  53900/60000      elitist  2.2031784E-02 feasible? F
gen  54000/60000      elitist  2.2031784E-02 feasible? F
gen  54100/60000      elitist  2.2031784E-02 feasible? F
gen  54200/60000      elitist  2.2031784E-02 feasible? F
gen  54300/60000      elitist  2.2031784E-02 feasible? F
gen  54400/60000      elitist  2.2031784E-02 feasible? F
gen  54500/60000      elitist  2.2031784E-02 feasible? F
gen  54600/60000      elitist  2.2031784E-02 feasible? F
gen  54700/60000      elitist  2.2031784E-02 feasible? F
gen  54800/60000      elitist  2.2031784E-02 feasible? F
gen  54900/60000      elitist  2.2031784E-02 feasible? F
gen  55000/60000      elitist  2.2031784E-02 feasible? F
gen  55100/60000      elitist  2.2031784E-02 feasible? F
gen  55200/60000      elitist  2.2031784E-02 feasible? F
gen  55300/60000      elitist  2.2031784E-02 feasible? F
gen  55400/60000      elitist  2.2031784E-02 feasible? F
gen  55500/60000      elitist  2.2031784E-02 feasible? F
gen  55600/60000      elitist  2.2031784E-02 feasible? F
gen  55700/60000      elitist  2.2031784E-02 feasible? F
gen  55800/60000      elitist  2.2031784E-02 feasible? F
gen  55900/60000      elitist  2.2031784E-02 feasible? F
gen  56000/60000      elitist  2.2031784E-02 feasible? F
gen  56100/60000      elitist  2.2031784E-02 feasible? F
gen  56200/60000      elitist  2.2031784E-02 feasible? F
gen  56300/60000      elitist  2.2031784E-02 feasible? F
gen  56400/60000      elitist  2.2031784E-02 feasible? F
gen  56500/60000      elitist  2.2031784E-02 feasible? F
gen  56600/60000      elitist  2.2031784E-02 feasible? F
gen  56700/60000      elitist  2.2031784E-02 feasible? F
gen  56800/60000      elitist  2.2031784E-02 feasible? F
gen  56900/60000      elitist  2.2031784E-02 feasible? F
gen  57000/60000      elitist  2.2031784E-02 feasible? F
gen  57100/60000      elitist  2.2031784E-02 feasible? F
gen  57200/60000      elitist  2.2031784E-02 feasible? F
gen  57300/60000      elitist  2.2031784E-02 feasible? F
gen  57400/60000      elitist  2.2031784E-02 feasible? F
gen  57500/60000      elitist  2.2031784E-02 feasible? F
gen  57600/60000      elitist  2.2031784E-02 feasible? F
gen  57700/60000      elitist  2.2031784E-02 feasible? F
gen  57800/60000      elitist  2.2031784E-02 feasible? F
gen  57900/60000      elitist  2.2031784E-02 feasible? F
gen  58000/60000      elitist  2.2031784E-02 feasible? F
gen  58100/60000      elitist  2.2031784E-02 feasible? F
gen  58200/60000      elitist  2.2031784E-02 feasible? F
gen  58300/60000      elitist  2.2031784E-02 feasible? F
gen  58400/60000      elitist  2.2031784E-02 feasible? F
gen  58500/60000      elitist  2.2031784E-02 feasible? F
gen  58600/60000      elitist  2.2031784E-02 feasible? F
gen  58700/60000      elitist  2.2031784E-02 feasible? F
gen  58800/60000      elitist  2.2031784E-02 feasible? F
gen  58900/60000      elitist  2.2031784E-02 feasible? F
gen  59000/60000      elitist  2.2031784E-02 feasible? F
gen  59100/60000      elitist  2.2031784E-02 feasible? F
gen  59200/60000      elitist  2.2031784E-02 feasible? F
gen  59300/60000      elitist  2.2031784E-02 feasible? F
gen  59400/60000      elitist  2.2031784E-02 feasible? F
gen  59500/60000      elitist  2.2031784E-02 feasible? F
gen  59600/60000      elitist  2.2031784E-02 feasible? F
gen  59700/60000      elitist  2.2031784E-02 feasible? F
gen  59800/60000      elitist  2.2031784E-02 feasible? F
gen  59900/60000      elitist  2.2031784E-02 feasible? F
gen  60000/60000      elitist  2.2031784E-02 feasible? F
WARNING: No feasible solution was found!
Starting local simplex optimization:
Solution before refinement:      2.2031784493E-02
Solution after  refinement:      2.2031784493E-02
RMSE         2.203178449E-02 Hartree
NEW BEST!
