Running in fitting mode

Reading "/data/boittier/gaussian_scans/bromobutadiene/scan_extract_0.xyz.chk.fchk.pot.cube"...

  opt Potential
  Electrostatic potential from Total SCF Density
   10  -10.982195  -11.443988   -9.769128
   84    0.265911    0.000000    0.000000
   82    0.000000    0.265911    0.000000
   74    0.000000    0.000000    0.265911
    6    6.000000   -1.673952    3.606648    0.000000
    6    6.000000    0.000000    1.721109    0.000000
    6    6.000000    2.723878    2.103773    0.000000
    6    6.000000    4.508290    0.324643    0.000000
    1    1.000000   -3.687195    3.287689    0.000000
    1    1.000000   -0.999128    5.537939    0.000000
   35   35.000000   -1.213067   -1.674860    0.000000
    1    1.000000    3.266739    4.081797    0.000000
    1    1.000000    4.043439   -1.663450    0.000000
    1    1.000000    6.484203    0.839077    0.000000
 -4.50402E-03 -4.51053E-03 -4.51179E-03 -4.50778E-03 -4.37950E-03 -4.39021E-03
       .            .            .            .            .            .
       .            .            .            .            .            .
       .            .            .            .            .            .
  7.70629E-03  7.78523E-03  7.80058E-03  7.75172E-03  7.64058E-03  7.47148E-03

132359 out of 509712 gridpoints are considered ( 26.0%).

...done!




USING GREEDY MODE
File "multipole1_1charges.xyz" already exists. Fitting procedure is skipped.
File "multipole1_2charges.xyz" already exists. Fitting procedure is skipped.
File "multipole1_3charges.xyz" already exists. Fitting procedure is skipped.
File "multipole1_4charges.xyz" already exists. Fitting procedure is skipped.
File "multipole2_1charges.xyz" already exists. Fitting procedure is skipped.
File "multipole2_2charges.xyz" already exists. Fitting procedure is skipped.
File "multipole2_3charges.xyz" already exists. Fitting procedure is skipped.
File "multipole2_4charges.xyz" already exists. Fitting procedure is skipped.
File "multipole3_1charges.xyz" already exists. Fitting procedure is skipped.
File "multipole3_2charges.xyz" already exists. Fitting procedure is skipped.
File "multipole3_3charges.xyz" already exists. Fitting procedure is skipped.
File "multipole3_4charges.xyz" already exists. Fitting procedure is skipped.
File "multipole4_1charges.xyz" already exists. Fitting procedure is skipped.
File "multipole4_2charges.xyz" already exists. Fitting procedure is skipped.
File "multipole4_3charges.xyz" already exists. Fitting procedure is skipped.
File "multipole4_4charges.xyz" already exists. Fitting procedure is skipped.
File "multipole5_1charges.xyz" already exists. Fitting procedure is skipped.
File "multipole5_2charges.xyz" already exists. Fitting procedure is skipped.
File "multipole5_3charges.xyz" already exists. Fitting procedure is skipped.
File "multipole5_4charges.xyz" already exists. Fitting procedure is skipped.
File "multipole6_1charges.xyz" already exists. Fitting procedure is skipped.
File "multipole6_2charges.xyz" already exists. Fitting procedure is skipped.
File "multipole6_3charges.xyz" already exists. Fitting procedure is skipped.
File "multipole6_4charges.xyz" already exists. Fitting procedure is skipped.
File "multipole7_1charges.xyz" already exists. Fitting procedure is skipped.
File "multipole7_2charges.xyz" already exists. Fitting procedure is skipped.
File "multipole7_3charges.xyz" already exists. Fitting procedure is skipped.
File "multipole7_4charges.xyz" already exists. Fitting procedure is skipped.
File "multipole8_1charges.xyz" already exists. Fitting procedure is skipped.
File "multipole8_2charges.xyz" already exists. Fitting procedure is skipped.
File "multipole8_3charges.xyz" already exists. Fitting procedure is skipped.
File "multipole8_4charges.xyz" already exists. Fitting procedure is skipped.
File "multipole9_1charges.xyz" already exists. Fitting procedure is skipped.
File "multipole9_2charges.xyz" already exists. Fitting procedure is skipped.
File "multipole9_3charges.xyz" already exists. Fitting procedure is skipped.
File "multipole9_4charges.xyz" already exists. Fitting procedure is skipped.
File "multipole10_1charges.xyz" already exists. Fitting procedure is skipped.
File "multipole10_2charges.xyz" already exists. Fitting procedure is skipped.
File "multipole10_3charges.xyz" already exists. Fitting procedure is skipped.
File "multipole10_4charges.xyz" already exists. Fitting procedure is skipped.
Total fragment charge (a.u.):         1.040834086E-16
Running DE in parallel with 4 thread(s)!

Starting fitting procedure for 37 charges, trial 1
gen      0/74000      elitist  6.9572100E-02 feasible? F
gen    100/74000      elitist  6.9572100E-02 feasible? F
gen    200/74000      elitist  3.1140679E+10 feasible? F
gen    300/74000      elitist  5.3891868E+10 feasible? F
gen    400/74000      elitist  1.5482249E+14 feasible? F
gen    500/74000      elitist  1.3860586E+22 feasible? F
gen    600/74000      elitist  1.3860586E+22 feasible? F
gen    700/74000      elitist  1.3533362E+22 feasible? F
gen    800/74000      elitist  1.3077799E+22 feasible? F
gen    900/74000      elitist  1.2798166E+22 feasible? F
gen   1000/74000      elitist  1.2798166E+22 feasible? F
gen   1100/74000      elitist  1.2798166E+22 feasible? F
gen   1200/74000      elitist  1.1971449E+22 feasible? F
gen   1300/74000      elitist  1.1971449E+22 feasible? F
gen   1400/74000      elitist  1.1971449E+22 feasible? F
gen   1500/74000      elitist  1.1971449E+22 feasible? F
gen   1600/74000      elitist  1.1971449E+22 feasible? F
gen   1700/74000      elitist  1.1971449E+22 feasible? F
gen   1800/74000      elitist  3.5087104E+22 feasible? F
gen   1900/74000      elitist  3.5087104E+22 feasible? F
gen   2000/74000      elitist  3.5087104E+22 feasible? F
gen   2100/74000      elitist  3.5087104E+22 feasible? F
gen   2200/74000      elitist  3.5087104E+22 feasible? F
gen   2300/74000      elitist  3.5087104E+22 feasible? F
gen   2400/74000      elitist  3.5087104E+22 feasible? F
gen   2500/74000      elitist  3.5087104E+22 feasible? F
gen   2600/74000      elitist  3.5087104E+22 feasible? F
gen   2700/74000      elitist  3.5087104E+22 feasible? F
gen   2800/74000      elitist  3.5087104E+22 feasible? F
gen   2900/74000      elitist  3.5087104E+22 feasible? F
gen   3000/74000      elitist  3.5087104E+22 feasible? F
gen   3100/74000      elitist  3.5087104E+22 feasible? F
gen   3200/74000      elitist  3.5087104E+22 feasible? F
gen   3300/74000      elitist  3.5087104E+22 feasible? F
gen   3400/74000      elitist  3.5087104E+22 feasible? F
gen   3500/74000      elitist  3.5087104E+22 feasible? F
gen   3600/74000      elitist  3.5087104E+22 feasible? F
gen   3700/74000      elitist  3.5087104E+22 feasible? F
gen   3800/74000      elitist  3.5087104E+22 feasible? F
gen   3900/74000      elitist  3.5087104E+22 feasible? F
gen   4000/74000      elitist  3.5087104E+22 feasible? F
gen   4100/74000      elitist  3.5087104E+22 feasible? F
gen   4200/74000      elitist  3.5087104E+22 feasible? F
gen   4300/74000      elitist  3.5087104E+22 feasible? F
gen   4400/74000      elitist  3.5087104E+22 feasible? F
gen   4500/74000      elitist  3.5087104E+22 feasible? F
gen   4600/74000      elitist  3.5087104E+22 feasible? F
gen   4700/74000      elitist  3.5087104E+22 feasible? F
gen   4800/74000      elitist  3.5087104E+22 feasible? F
gen   4900/74000      elitist  3.5087104E+22 feasible? F
gen   5000/74000      elitist  3.4462536E+22 feasible? F
gen   5100/74000      elitist  3.4462536E+22 feasible? F
gen   5200/74000      elitist  3.4462536E+22 feasible? F
gen   5300/74000      elitist  3.4462536E+22 feasible? F
gen   5400/74000      elitist  3.4462536E+22 feasible? F
gen   5500/74000      elitist  3.4462536E+22 feasible? F
gen   5600/74000      elitist  3.4462536E+22 feasible? F
gen   5700/74000      elitist  3.4462536E+22 feasible? F
gen   5800/74000      elitist  3.4462536E+22 feasible? F
gen   5900/74000      elitist  3.4462536E+22 feasible? F
gen   6000/74000      elitist  3.4462536E+22 feasible? F
gen   6100/74000      elitist  3.4462536E+22 feasible? F
gen   6200/74000      elitist  3.4462536E+22 feasible? F
gen   6300/74000      elitist  3.4462536E+22 feasible? F
gen   6400/74000      elitist  3.4462536E+22 feasible? F
gen   6500/74000      elitist  3.4462536E+22 feasible? F
gen   6600/74000      elitist  3.4462536E+22 feasible? F
gen   6700/74000      elitist  3.4462536E+22 feasible? F
gen   6800/74000      elitist  3.4462536E+22 feasible? F
gen   6900/74000      elitist  3.4462536E+22 feasible? F
gen   7000/74000      elitist  3.4462536E+22 feasible? F
gen   7100/74000      elitist  3.4462536E+22 feasible? F
gen   7200/74000      elitist  3.4462536E+22 feasible? F
gen   7300/74000      elitist  3.4462536E+22 feasible? F
gen   7400/74000      elitist  3.4462536E+22 feasible? F
gen   7500/74000      elitist  3.4462536E+22 feasible? F
gen   7600/74000      elitist  3.4462536E+22 feasible? F
gen   7700/74000      elitist  3.4462536E+22 feasible? F
gen   7800/74000      elitist  3.4462536E+22 feasible? F
gen   7900/74000      elitist  3.4462536E+22 feasible? F
gen   8000/74000      elitist  3.4462536E+22 feasible? F
gen   8100/74000      elitist  3.4462536E+22 feasible? F
gen   8200/74000      elitist  3.4462536E+22 feasible? F
gen   8300/74000      elitist  3.4462536E+22 feasible? F
gen   8400/74000      elitist  3.4462536E+22 feasible? F
gen   8500/74000      elitist  3.4462536E+22 feasible? F
gen   8600/74000      elitist  3.4462536E+22 feasible? F
gen   8700/74000      elitist  3.4462536E+22 feasible? F
gen   8800/74000      elitist  3.4462536E+22 feasible? F
gen   8900/74000      elitist  3.4462536E+22 feasible? F
gen   9000/74000      elitist  3.4462536E+22 feasible? F
gen   9100/74000      elitist  3.4462536E+22 feasible? F
gen   9200/74000      elitist  3.4462536E+22 feasible? F
gen   9300/74000      elitist  3.4462536E+22 feasible? F
gen   9400/74000      elitist  3.4462536E+22 feasible? F
gen   9500/74000      elitist  3.4462536E+22 feasible? F
gen   9600/74000      elitist  3.4462536E+22 feasible? F
gen   9700/74000      elitist  3.4462536E+22 feasible? F
gen   9800/74000      elitist  3.4462536E+22 feasible? F
gen   9900/74000      elitist  3.4462536E+22 feasible? F
gen  10000/74000      elitist  3.3983181E+22 feasible? F
gen  10100/74000      elitist  3.3983181E+22 feasible? F
gen  10200/74000      elitist  3.3983181E+22 feasible? F
gen  10300/74000      elitist  3.3983181E+22 feasible? F
gen  10400/74000      elitist  3.3983181E+22 feasible? F
gen  10500/74000      elitist  3.3983181E+22 feasible? F
gen  10600/74000      elitist  3.3983181E+22 feasible? F
gen  10700/74000      elitist  3.3983181E+22 feasible? F
gen  10800/74000      elitist  3.3983181E+22 feasible? F
gen  10900/74000      elitist  3.3983181E+22 feasible? F
gen  11000/74000      elitist  3.3983181E+22 feasible? F
gen  11100/74000      elitist  3.3983181E+22 feasible? F
gen  11200/74000      elitist  3.3983181E+22 feasible? F
gen  11300/74000      elitist  3.3983181E+22 feasible? F
gen  11400/74000      elitist  3.3983181E+22 feasible? F
gen  11500/74000      elitist  3.3983181E+22 feasible? F
gen  11600/74000      elitist  3.3983181E+22 feasible? F
gen  11700/74000      elitist  3.3983181E+22 feasible? F
gen  11800/74000      elitist  3.3983181E+22 feasible? F
gen  11900/74000      elitist  3.3983181E+22 feasible? F
gen  12000/74000      elitist  3.3983181E+22 feasible? F
gen  12100/74000      elitist  3.3983181E+22 feasible? F
gen  12200/74000      elitist  3.3983181E+22 feasible? F
gen  12300/74000      elitist  3.3983181E+22 feasible? F
gen  12400/74000      elitist  3.3983181E+22 feasible? F
gen  12500/74000      elitist  3.3983181E+22 feasible? F
gen  12600/74000      elitist  3.3983181E+22 feasible? F
gen  12700/74000      elitist  3.3983181E+22 feasible? F
gen  12800/74000      elitist  3.3983181E+22 feasible? F
gen  12900/74000      elitist  3.3983181E+22 feasible? F
gen  13000/74000      elitist  2.2498225E+20 feasible? F
gen  13100/74000      elitist  2.2498225E+20 feasible? F
gen  13200/74000      elitist  2.2498225E+20 feasible? F
gen  13300/74000      elitist  2.2498225E+20 feasible? F
gen  13400/74000      elitist  2.2498225E+20 feasible? F
gen  13500/74000      elitist  2.2498225E+20 feasible? F
gen  13600/74000      elitist  2.2498225E+20 feasible? F
gen  13700/74000      elitist  2.2498225E+20 feasible? F
gen  13800/74000      elitist  2.2498225E+20 feasible? F
gen  13900/74000      elitist  2.2498225E+20 feasible? F
gen  14000/74000      elitist  2.2498225E+20 feasible? F
gen  14100/74000      elitist  2.2498225E+20 feasible? F
gen  14200/74000      elitist  2.2498225E+20 feasible? F
gen  14300/74000      elitist  2.2498225E+20 feasible? F
gen  14400/74000      elitist  2.2498225E+20 feasible? F
gen  14500/74000      elitist  2.2498225E+20 feasible? F
gen  14600/74000      elitist  2.2498225E+20 feasible? F
gen  14700/74000      elitist  2.2498225E+20 feasible? F
gen  14800/74000      elitist  2.2498225E+20 feasible? F
gen  14900/74000      elitist  2.2498225E+20 feasible? F
gen  15000/74000      elitist  2.2498225E+20 feasible? F
gen  15100/74000      elitist  2.2498225E+20 feasible? F
gen  15200/74000      elitist  2.2498225E+20 feasible? F
gen  15300/74000      elitist  2.2498225E+20 feasible? F
gen  15400/74000      elitist  2.2498225E+20 feasible? F
gen  15500/74000      elitist  2.2498225E+20 feasible? F
gen  15600/74000      elitist  2.2498225E+20 feasible? F
gen  15700/74000      elitist  2.2498225E+20 feasible? F
gen  15800/74000      elitist  2.2563861E+20 feasible? F
gen  15900/74000      elitist  2.2563861E+20 feasible? F
gen  16000/74000      elitist  2.2563861E+20 feasible? F
gen  16100/74000      elitist  2.2563861E+20 feasible? F
gen  16200/74000      elitist  2.2563861E+20 feasible? F
gen  16300/74000      elitist  2.2563861E+20 feasible? F
gen  16400/74000      elitist  2.2563861E+20 feasible? F
gen  16500/74000      elitist  2.2563861E+20 feasible? F
gen  16600/74000      elitist  2.2563861E+20 feasible? F
gen  16700/74000      elitist  2.2563861E+20 feasible? F
gen  16800/74000      elitist  2.2563861E+20 feasible? F
gen  16900/74000      elitist  2.2563861E+20 feasible? F
gen  17000/74000      elitist  2.2563861E+20 feasible? F
gen  17100/74000      elitist  2.2563861E+20 feasible? F
gen  17200/74000      elitist  2.2563861E+20 feasible? F
gen  17300/74000      elitist  2.2563861E+20 feasible? F
gen  17400/74000      elitist  2.2563861E+20 feasible? F
gen  17500/74000      elitist  2.2563861E+20 feasible? F
gen  17600/74000      elitist  2.2563861E+20 feasible? F
gen  17700/74000      elitist  2.2563861E+20 feasible? F
gen  17800/74000      elitist  2.2563861E+20 feasible? F
gen  17900/74000      elitist  2.2563861E+20 feasible? F
gen  18000/74000      elitist  2.2563861E+20 feasible? F
gen  18100/74000      elitist  2.2563861E+20 feasible? F
gen  18200/74000      elitist  2.2563861E+20 feasible? F
gen  18300/74000      elitist  2.2563861E+20 feasible? F
gen  18400/74000      elitist  2.2563861E+20 feasible? F
gen  18500/74000      elitist  2.2563861E+20 feasible? F
gen  18600/74000      elitist  2.2563861E+20 feasible? F
gen  18700/74000      elitist  2.2563861E+20 feasible? F
gen  18800/74000      elitist  2.2563861E+20 feasible? F
gen  18900/74000      elitist  2.2563861E+20 feasible? F
gen  19000/74000      elitist  2.2563861E+20 feasible? F
gen  19100/74000      elitist  2.2563861E+20 feasible? F
gen  19200/74000      elitist  2.2563861E+20 feasible? F
gen  19300/74000      elitist  2.2563861E+20 feasible? F
gen  19400/74000      elitist  2.2563861E+20 feasible? F
gen  19500/74000      elitist  2.2563861E+20 feasible? F
gen  19600/74000      elitist  2.2563861E+20 feasible? F
gen  19700/74000      elitist  2.2563861E+20 feasible? F
gen  19800/74000      elitist  2.2563861E+20 feasible? F
gen  19900/74000      elitist  2.2563861E+20 feasible? F
gen  20000/74000      elitist  2.2563861E+20 feasible? F
gen  20100/74000      elitist  2.2563861E+20 feasible? F
gen  20200/74000      elitist  2.2563861E+20 feasible? F
gen  20300/74000      elitist  2.2563861E+20 feasible? F
gen  20400/74000      elitist  2.2563861E+20 feasible? F
gen  20500/74000      elitist  2.2563861E+20 feasible? F
gen  20600/74000      elitist  2.2563861E+20 feasible? F
gen  20700/74000      elitist  2.2563861E+20 feasible? F
gen  20800/74000      elitist  2.2563861E+20 feasible? F
gen  20900/74000      elitist  2.2563861E+20 feasible? F
gen  21000/74000      elitist  2.2563861E+20 feasible? F
gen  21100/74000      elitist  2.2563861E+20 feasible? F
gen  21200/74000      elitist  2.2563861E+20 feasible? F
gen  21300/74000      elitist  2.2563861E+20 feasible? F
gen  21400/74000      elitist  2.2563861E+20 feasible? F
gen  21500/74000      elitist  2.2563861E+20 feasible? F
gen  21600/74000      elitist  2.2563861E+20 feasible? F
gen  21700/74000      elitist  2.2563861E+20 feasible? F
gen  21800/74000      elitist  2.2563861E+20 feasible? F
gen  21900/74000      elitist  2.2563861E+20 feasible? F
gen  22000/74000      elitist  2.2563861E+20 feasible? F
gen  22100/74000      elitist  2.2563861E+20 feasible? F
gen  22200/74000      elitist  2.2563861E+20 feasible? F
gen  22300/74000      elitist  2.2563861E+20 feasible? F
gen  22400/74000      elitist  2.2563861E+20 feasible? F
gen  22500/74000      elitist  2.2563861E+20 feasible? F
gen  22600/74000      elitist  2.2563861E+20 feasible? F
gen  22700/74000      elitist  2.2563861E+20 feasible? F
gen  22800/74000      elitist  2.2563861E+20 feasible? F
gen  22900/74000      elitist  2.2563861E+20 feasible? F
gen  23000/74000      elitist  2.2563861E+20 feasible? F
gen  23100/74000      elitist  2.2563861E+20 feasible? F
gen  23200/74000      elitist  2.2563861E+20 feasible? F
gen  23300/74000      elitist  2.2563861E+20 feasible? F
gen  23400/74000      elitist  2.2563861E+20 feasible? F
gen  23500/74000      elitist  2.2563861E+20 feasible? F
gen  23600/74000      elitist  2.2563861E+20 feasible? F
gen  23700/74000      elitist  2.2563861E+20 feasible? F
gen  23800/74000      elitist  2.2563861E+20 feasible? F
gen  23900/74000      elitist  2.2563861E+20 feasible? F
gen  24000/74000      elitist  2.2563861E+20 feasible? F
gen  24100/74000      elitist  2.2563861E+20 feasible? F
gen  24200/74000      elitist  2.2563861E+20 feasible? F
gen  24300/74000      elitist  2.2563861E+20 feasible? F
gen  24400/74000      elitist  2.2563861E+20 feasible? F
gen  24500/74000      elitist  2.2563861E+20 feasible? F
gen  24600/74000      elitist  2.2563861E+20 feasible? F
gen  24700/74000      elitist  2.2563861E+20 feasible? F
gen  24800/74000      elitist  2.2563861E+20 feasible? F
gen  24900/74000      elitist  2.2563861E+20 feasible? F
gen  25000/74000      elitist  2.2563861E+20 feasible? F
gen  25100/74000      elitist  2.2563861E+20 feasible? F
gen  25200/74000      elitist  2.2563861E+20 feasible? F
gen  25300/74000      elitist  2.2563861E+20 feasible? F
gen  25400/74000      elitist  2.2563861E+20 feasible? F
gen  25500/74000      elitist  2.2563861E+20 feasible? F
gen  25600/74000      elitist  2.2563861E+20 feasible? F
gen  25700/74000      elitist  2.2563861E+20 feasible? F
gen  25800/74000      elitist  2.2563861E+20 feasible? F
gen  25900/74000      elitist  2.2563861E+20 feasible? F
gen  26000/74000      elitist  2.2563861E+20 feasible? F
gen  26100/74000      elitist  2.2563861E+20 feasible? F
gen  26200/74000      elitist  2.2563861E+20 feasible? F
gen  26300/74000      elitist  2.2563861E+20 feasible? F
gen  26400/74000      elitist  2.2563861E+20 feasible? F
gen  26500/74000      elitist  2.2563861E+20 feasible? F
gen  26600/74000      elitist  2.2563861E+20 feasible? F
gen  26700/74000      elitist  2.2563861E+20 feasible? F
gen  26800/74000      elitist  2.2563861E+20 feasible? F
gen  26900/74000      elitist  2.2563861E+20 feasible? F
gen  27000/74000      elitist  2.2563861E+20 feasible? F
gen  27100/74000      elitist  2.2563861E+20 feasible? F
gen  27200/74000      elitist  2.2563861E+20 feasible? F
gen  27300/74000      elitist  2.2563861E+20 feasible? F
gen  27400/74000      elitist  2.2563861E+20 feasible? F
gen  27500/74000      elitist  2.2563861E+20 feasible? F
gen  27600/74000      elitist  2.2563861E+20 feasible? F
gen  27700/74000      elitist  2.2563861E+20 feasible? F
gen  27800/74000      elitist  2.2563861E+20 feasible? F
gen  27900/74000      elitist  2.2563861E+20 feasible? F
gen  28000/74000      elitist  2.2563861E+20 feasible? F
gen  28100/74000      elitist  2.2563861E+20 feasible? F
gen  28200/74000      elitist  2.2563861E+20 feasible? F
gen  28300/74000      elitist  2.2563861E+20 feasible? F
gen  28400/74000      elitist  2.2563861E+20 feasible? F
gen  28500/74000      elitist  2.2563861E+20 feasible? F
gen  28600/74000      elitist  2.2563861E+20 feasible? F
gen  28700/74000      elitist  2.2563861E+20 feasible? F
gen  28800/74000      elitist  2.2563861E+20 feasible? F
gen  28900/74000      elitist  2.2563861E+20 feasible? F
gen  29000/74000      elitist  2.2563861E+20 feasible? F
gen  29100/74000      elitist  2.2563861E+20 feasible? F
gen  29200/74000      elitist  2.2563861E+20 feasible? F
gen  29300/74000      elitist  2.2563861E+20 feasible? F
gen  29400/74000      elitist  2.2563861E+20 feasible? F
gen  29500/74000      elitist  2.2563861E+20 feasible? F
gen  29600/74000      elitist  2.2563861E+20 feasible? F
gen  29700/74000      elitist  2.2563861E+20 feasible? F
gen  29800/74000      elitist  2.2563861E+20 feasible? F
gen  29900/74000      elitist  2.2563861E+20 feasible? F
gen  30000/74000      elitist  2.2563861E+20 feasible? F
gen  30100/74000      elitist  2.2563861E+20 feasible? F
gen  30200/74000      elitist  2.2563861E+20 feasible? F
gen  30300/74000      elitist  2.2563861E+20 feasible? F
gen  30400/74000      elitist  2.2563861E+20 feasible? F
gen  30500/74000      elitist  2.2563861E+20 feasible? F
gen  30600/74000      elitist  2.2563861E+20 feasible? F
gen  30700/74000      elitist  2.2563861E+20 feasible? F
gen  30800/74000      elitist  2.2563861E+20 feasible? F
gen  30900/74000      elitist  2.2563861E+20 feasible? F
gen  31000/74000      elitist  2.2563861E+20 feasible? F
gen  31100/74000      elitist  2.2563861E+20 feasible? F
gen  31200/74000      elitist  2.2563861E+20 feasible? F
gen  31300/74000      elitist  2.2563861E+20 feasible? F
gen  31400/74000      elitist  2.2563861E+20 feasible? F
gen  31500/74000      elitist  2.2563861E+20 feasible? F
gen  31600/74000      elitist  2.2563861E+20 feasible? F
gen  31700/74000      elitist  2.2563861E+20 feasible? F
gen  31800/74000      elitist  2.2563861E+20 feasible? F
gen  31900/74000      elitist  2.2563861E+20 feasible? F
gen  32000/74000      elitist  2.2563861E+20 feasible? F
gen  32100/74000      elitist  2.2563861E+20 feasible? F
gen  32200/74000      elitist  2.2563861E+20 feasible? F
gen  32300/74000      elitist  2.2563861E+20 feasible? F
gen  32400/74000      elitist  2.2563861E+20 feasible? F
gen  32500/74000      elitist  2.2563861E+20 feasible? F
gen  32600/74000      elitist  2.2563861E+20 feasible? F
gen  32700/74000      elitist  2.2563861E+20 feasible? F
gen  32800/74000      elitist  2.2563861E+20 feasible? F
gen  32900/74000      elitist  2.2563861E+20 feasible? F
gen  33000/74000      elitist  2.2563861E+20 feasible? F
gen  33100/74000      elitist  2.2563861E+20 feasible? F
gen  33200/74000      elitist  2.2563861E+20 feasible? F
gen  33300/74000      elitist  2.2563861E+20 feasible? F
gen  33400/74000      elitist  2.2563861E+20 feasible? F
gen  33500/74000      elitist  2.2563861E+20 feasible? F
gen  33600/74000      elitist  2.2563861E+20 feasible? F
gen  33700/74000      elitist  2.2563861E+20 feasible? F
gen  33800/74000      elitist  2.2563861E+20 feasible? F
gen  33900/74000      elitist  2.2563861E+20 feasible? F
gen  34000/74000      elitist  2.2563861E+20 feasible? F
gen  34100/74000      elitist  2.2563861E+20 feasible? F
gen  34200/74000      elitist  2.2563861E+20 feasible? F
gen  34300/74000      elitist  2.2563861E+20 feasible? F
gen  34400/74000      elitist  2.2563861E+20 feasible? F
gen  34500/74000      elitist  2.2563861E+20 feasible? F
gen  34600/74000      elitist  2.2563861E+20 feasible? F
gen  34700/74000      elitist  2.2563861E+20 feasible? F
gen  34800/74000      elitist  2.2563861E+20 feasible? F
