Running in fitting mode

Reading "/data/boittier/gaussian_scans/butadiene/scan_extract_0.xyz.chk.fchk.pot.cube"...

  opt Potential
  Electrostatic potential from Total SCF Density
   10   -8.606892   -9.296586   -6.512752
   85    0.203727    0.000000    0.000000
   92    0.000000    0.203727    0.000000
   65    0.000000    0.000000    0.203727
    6    6.000000    2.094140    2.783833    0.000000
    6    6.000000    0.000000    1.372509    0.000000
    6    6.000000    0.000000   -1.372508    0.000000
    6    6.000000   -2.094140   -2.783833    0.000000
    1    1.000000    2.009811    4.824243    0.000000
    1    1.000000    3.951380    1.924660    0.000000
    1    1.000000   -1.835514    2.288467    0.000000
    1    1.000000    1.835514   -2.288466    0.000000
    1    1.000000   -3.951380   -1.924661    0.000000
    1    1.000000   -2.009810   -4.824243    0.000000
  9.80807E-03  9.85942E-03  9.80109E-03  8.92072E-03  9.15410E-03  9.29653E-03
       .            .            .            .            .            .
       .            .            .            .            .            .
       .            .            .            .            .            .
  2.29269E-03  2.29923E-03  2.29180E-03  2.27053E-03  2.23580E-03  2.18822E-03

145430 out of 508300 gridpoints are considered ( 28.6%).

...done!




USING GREEDY MODE
File "multipole1_1charges.xyz" already exists. Fitting procedure is skipped.
File "multipole1_2charges.xyz" already exists. Fitting procedure is skipped.
File "multipole1_3charges.xyz" already exists. Fitting procedure is skipped.
File "multipole1_4charges.xyz" already exists. Fitting procedure is skipped.
File "multipole2_1charges.xyz" already exists. Fitting procedure is skipped.
File "multipole2_2charges.xyz" already exists. Fitting procedure is skipped.
File "multipole2_3charges.xyz" already exists. Fitting procedure is skipped.
File "multipole2_4charges.xyz" already exists. Fitting procedure is skipped.
File "multipole5_1charges.xyz" already exists. Fitting procedure is skipped.
File "multipole5_2charges.xyz" already exists. Fitting procedure is skipped.
File "multipole5_3charges.xyz" already exists. Fitting procedure is skipped.
File "multipole5_4charges.xyz" already exists. Fitting procedure is skipped.
File "multipole6_1charges.xyz" already exists. Fitting procedure is skipped.
File "multipole6_2charges.xyz" already exists. Fitting procedure is skipped.
File "multipole6_3charges.xyz" already exists. Fitting procedure is skipped.
File "multipole6_4charges.xyz" already exists. Fitting procedure is skipped.
File "multipole7_1charges.xyz" already exists. Fitting procedure is skipped.
File "multipole7_2charges.xyz" already exists. Fitting procedure is skipped.
File "multipole7_3charges.xyz" already exists. Fitting procedure is skipped.
File "multipole7_4charges.xyz" already exists. Fitting procedure is skipped.
Fragment fit detected
Fitting to MTP grid, discarding reference MEP cube data
Subsequent stats etc. are compared to MTP data, not the
MEP from the reference cube file
Total fragment charge (a.u.):         4.707530825E-02
Running DE in parallel with 4 thread(s)!

Starting fitting procedure for 6 charges, trial 1
gen      0/12000      elitist  7.9262401E-02 feasible? F
gen    100/12000      elitist  2.4389582E-02 feasible? F
gen    200/12000      elitist  4.2571432E-03 feasible? T
gen    300/12000      elitist  3.1210328E-03 feasible? T
gen    400/12000      elitist  1.2584349E-03 feasible? T
gen    500/12000      elitist  8.0023480E-04 feasible? T
gen    600/12000      elitist  6.4684785E-04 feasible? T
gen    700/12000      elitist  6.0484832E-04 feasible? T
gen    800/12000      elitist  5.7527517E-04 feasible? T
gen    900/12000      elitist  5.7169035E-04 feasible? T
gen   1000/12000      elitist  5.7060926E-04 feasible? T
gen   1100/12000      elitist  5.7048127E-04 feasible? T
gen   1200/12000      elitist  5.7011880E-04 feasible? T
gen   1300/12000      elitist  5.7009184E-04 feasible? T
gen   1400/12000      elitist  5.7005663E-04 feasible? T
gen   1500/12000      elitist  5.7000204E-04 feasible? T
gen   1600/12000      elitist  5.6998236E-04 feasible? T
gen   1700/12000      elitist  5.6998014E-04 feasible? T
gen   1800/12000      elitist  5.6997906E-04 feasible? T
gen   1900/12000      elitist  5.6997265E-04 feasible? T
gen   2000/12000      elitist  5.6997179E-04 feasible? T
gen   2100/12000      elitist  5.6997166E-04 feasible? T
gen   2200/12000      elitist  5.6997161E-04 feasible? T
gen   2300/12000      elitist  5.6997058E-04 feasible? T
gen   2400/12000      elitist  5.6996759E-04 feasible? T
gen   2500/12000      elitist  5.6996560E-04 feasible? T
gen   2600/12000      elitist  5.6996492E-04 feasible? T
gen   2700/12000      elitist  5.6996478E-04 feasible? T
gen   2800/12000      elitist  5.6996473E-04 feasible? T
gen   2900/12000      elitist  5.6996472E-04 feasible? T
population converged towards a single solution after 3000 generations.
Starting local simplex optimization:
Solution before refinement:      5.6996471273E-04
 performing expansion, best =    5.6994046648624298E-004
 performing expansion, best =    5.6992092914161967E-004
 performing expansion, best =    5.6991817451739455E-004
 performing expansion, best =    5.6991104334445692E-004
 performing expansion, best =    5.6990525460278634E-004
 performing expansion, best =    5.6990414255320956E-004
 performing expansion, best =    5.6990234945345636E-004
 performing expansion, best =    5.6990065579575215E-004
 performing expansion, best =    5.6989965140985641E-004
 performing expansion, best =    5.6989740188457378E-004
 performing expansion, best =    5.6989448884913309E-004
 performing expansion, best =    5.6989313218375117E-004
 performing expansion, best =    5.6989280689210685E-004
 performing expansion, best =    5.6989150262762897E-004
 performing expansion, best =    5.6989031225321003E-004
 performing expansion, best =    5.6988956124654215E-004
 performing expansion, best =    5.6988405629694410E-004
 performing expansion, best =    5.6988308490550253E-004
 performing expansion, best =    5.6988225697929252E-004
 performing expansion, best =    5.6988208349163111E-004
 performing expansion, best =    5.6988160004767198E-004
 performing expansion, best =    5.6988159309346047E-004
 performing expansion, best =    5.6987946570318773E-004
 performing expansion, best =    5.6987918077268222E-004
 performing expansion, best =    5.6987896960369595E-004
 performing expansion, best =    5.6987878520344784E-004
 performing expansion, best =    5.6987802380243963E-004
 performing expansion, best =    5.6987782399282297E-004
 performing expansion, best =    5.6987736181843556E-004
 performing expansion, best =    5.6987526336282446E-004
 performing expansion, best =    5.6987510118121419E-004
 performing expansion, best =    5.6987488935777986E-004
 performing expansion, best =    5.6987473766197301E-004
 performing expansion, best =    5.6987433468062788E-004
 performing expansion, best =    5.6987294726799692E-004
 performing expansion, best =    5.6987176978306304E-004
 performing expansion, best =    5.6987026489301788E-004
 performing expansion, best =    5.6986985471982809E-004
 performing expansion, best =    5.6986958297825039E-004
 performing expansion, best =    5.6986939838799076E-004
 performing expansion, best =    5.6986910299166313E-004
 performing expansion, best =    5.6986902606460249E-004
 performing expansion, best =    5.6986872950625332E-004
 performing expansion, best =    5.6986872832892924E-004
 performing expansion, best =    5.6986859112521026E-004
 performing expansion, best =    5.6986827159114352E-004
 performing expansion, best =    5.6986825235329382E-004
 performing expansion, best =    5.6986818560831221E-004
 performing expansion, best =    5.6986811041689770E-004
 performing expansion, best =    5.6986796789474574E-004
 performing expansion, best =    5.6986709648903957E-004
 performing expansion, best =    5.6986615829771763E-004
 performing expansion, best =    5.6986609528325929E-004
 performing expansion, best =    5.6986585400606359E-004
 performing expansion, best =    5.6986467157217971E-004
 performing expansion, best =    5.6986354030369652E-004
 performing expansion, best =    5.6986225604992364E-004
 performing expansion, best =    5.6986085567227852E-004
 performing expansion, best =    5.6985941767048048E-004
 performing expansion, best =    5.6985774719035874E-004
 performing expansion, best =    5.6985597351923612E-004
 performing expansion, best =    5.6985567213216511E-004
 performing expansion, best =    5.6985322652471440E-004
 performing expansion, best =    5.6985074121330319E-004
 performing expansion, best =    5.6984834720365035E-004
 performing expansion, best =    5.6984574109397528E-004
 performing expansion, best =    5.6984331963712731E-004
 performing expansion, best =    5.6983887276544989E-004
 performing expansion, best =    5.6983528782023854E-004
 performing expansion, best =    5.6983106556700704E-004
 performing expansion, best =    5.6982660856427227E-004
 performing expansion, best =    5.6982264466524067E-004
 performing expansion, best =    5.6981810039122890E-004
 performing expansion, best =    5.6981423951088007E-004
 performing expansion, best =    5.6980953715661889E-004
 performing expansion, best =    5.6980523740104310E-004
 performing expansion, best =    5.6980168000719063E-004
 performing expansion, best =    5.6979898208474235E-004
 performing expansion, best =    5.6979450675506292E-004
 performing expansion, best =    5.6979004708772730E-004
 performing expansion, best =    5.6978561027580836E-004
 performing expansion, best =    5.6978202475387355E-004
 performing expansion, best =    5.6978130467997092E-004
 performing expansion, best =    5.6977888441531242E-004
 performing expansion, best =    5.6977862902560076E-004
 performing expansion, best =    5.6977826790432465E-004
 performing expansion, best =    5.6977655825275102E-004
 performing expansion, best =    5.6977360066170135E-004
 performing expansion, best =    5.6977339154875315E-004
 performing expansion, best =    5.6977280941759823E-004
 performing expansion, best =    5.6977083140708591E-004
 performing expansion, best =    5.6976980163792978E-004
 performing expansion, best =    5.6976936445211706E-004
 performing expansion, best =    5.6976920417889788E-004
 performing expansion, best =    5.6976801795570952E-004
 performing expansion, best =    5.6976793697715764E-004
 performing expansion, best =    5.6976682404552656E-004
 performing expansion, best =    5.6976610871305243E-004
 performing expansion, best =    5.6976585969678399E-004
 performing expansion, best =    5.6976508389274102E-004
 performing expansion, best =    5.6976504150395735E-004
 performing expansion, best =    5.6976488907202526E-004
 performing expansion, best =    5.6976485354236282E-004
 performing expansion, best =    5.6976438687706072E-004
 performing expansion, best =    5.6976387085066788E-004
 performing expansion, best =    5.6976371146562951E-004
 performing expansion, best =    5.6976362113229104E-004
 performing expansion, best =    5.6976339124847550E-004
 performing expansion, best =    5.6976318754537066E-004
 performing expansion, best =    5.6976295970676157E-004
 performing expansion, best =    5.6976292023205399E-004
 performing expansion, best =    5.6976258895058288E-004
 performing expansion, best =    5.6976206033704040E-004
 performing expansion, best =    5.6976184881365576E-004
 performing expansion, best =    5.6976150619731823E-004
 performing expansion, best =    5.6976100922365462E-004
 performing expansion, best =    5.6976068798771106E-004
 performing expansion, best =    5.6976058631381444E-004
 performing expansion, best =    5.6976057986584956E-004
 performing expansion, best =    5.6976020541289968E-004
 performing expansion, best =    5.6975936166084578E-004
 performing expansion, best =    5.6975911872710365E-004
 performing expansion, best =    5.6975846495795947E-004
 performing expansion, best =    5.6975812436428565E-004
 performing expansion, best =    5.6975773102790938E-004
 performing expansion, best =    5.6975719896987546E-004
 performing expansion, best =    5.6975599438303492E-004
 performing expansion, best =    5.6975506251099402E-004
 performing expansion, best =    5.6975497453446008E-004
 performing expansion, best =    5.6975448594147955E-004
 performing expansion, best =    5.6975388161492016E-004
 performing expansion, best =    5.6975384957756508E-004
 performing expansion, best =    5.6975290205653036E-004
 performing expansion, best =    5.6975246343535875E-004
 performing expansion, best =    5.6975236510056391E-004
 performing expansion, best =    5.6975202296137919E-004
 performing expansion, best =    5.6975192431725616E-004
 performing expansion, best =    5.6975192085184873E-004
 performing expansion, best =    5.6975182487062695E-004
 performing expansion, best =    5.6975130171558813E-004
 performing expansion, best =    5.6975125892674025E-004
 performing expansion, best =    5.6975103989956354E-004
 performing expansion, best =    5.6975102527578782E-004
 performing expansion, best =    5.6975096166397593E-004
 performing expansion, best =    5.6975063585348851E-004
 performing expansion, best =    5.6975041109759515E-004
 performing expansion, best =    5.6975029809937846E-004
 performing expansion, best =    5.6974963019198208E-004
 performing expansion, best =    5.6974945198042025E-004
 performing expansion, best =    5.6974942673437585E-004
 performing expansion, best =    5.6974912146179823E-004
 performing expansion, best =    5.6974893956672978E-004
 performing expansion, best =    5.6974882515304628E-004
 performing expansion, best =    5.6974839482571110E-004
 performing expansion, best =    5.6974826357531546E-004
 performing expansion, best =    5.6974821074782102E-004
 performing expansion, best =    5.6974815710264136E-004
 performing expansion, best =    5.6974810688766692E-004
 performing expansion, best =    5.6974782822787366E-004
 performing expansion, best =    5.6974778244189373E-004
 performing expansion, best =    5.6974776639700381E-004
 performing expansion, best =    5.6974773366276553E-004
 performing expansion, best =    5.6974770612116935E-004
 performing expansion, best =    5.6974769265528762E-004
 performing expansion, best =    5.6974757667597315E-004
 performing expansion, best =    5.6974756926378390E-004
 performing expansion, best =    5.6974756144623174E-004
 performing expansion, best =    5.6974752960701363E-004
 performing expansion, best =    5.6974748866591969E-004
 performing expansion, best =    5.6974736441993878E-004
 performing expansion, best =    5.6974727939664428E-004
 performing expansion, best =    5.6974726471006659E-004
 performing expansion, best =    5.6974724870784089E-004
 performing expansion, best =    5.6974724201615604E-004
 performing expansion, best =    5.6974723063729345E-004
 performing expansion, best =    5.6974714959405048E-004
 performing expansion, best =    5.6974708697490634E-004
 performing expansion, best =    5.6974701779464554E-004
 performing expansion, best =    5.6974693673382526E-004
 performing expansion, best =    5.6974685478313944E-004
 performing expansion, best =    5.6974676786906531E-004
 performing expansion, best =    5.6974669363036472E-004
 performing expansion, best =    5.6974668120599861E-004
 performing expansion, best =    5.6974657285510915E-004
 performing expansion, best =    5.6974645708208756E-004
 performing expansion, best =    5.6974643997954237E-004
 performing expansion, best =    5.6974634784369101E-004
 performing expansion, best =    5.6974619212378508E-004
 performing expansion, best =    5.6974600868813473E-004
 performing expansion, best =    5.6974587643281150E-004
 performing expansion, best =    5.6974569917358641E-004
 performing expansion, best =    5.6974553634705322E-004
 performing expansion, best =    5.6974550040946861E-004
 performing expansion, best =    5.6974525869111061E-004
 performing expansion, best =    5.6974509577276372E-004
 performing expansion, best =    5.6974505887237884E-004
 performing expansion, best =    5.6974491661792269E-004
 performing expansion, best =    5.6974486402625079E-004
 performing expansion, best =    5.6974472021361884E-004
 performing expansion, best =    5.6974457553463141E-004
 performing expansion, best =    5.6974457515440366E-004
 performing expansion, best =    5.6974455974845653E-004
 performing expansion, best =    5.6974451650218462E-004
 performing expansion, best =    5.6974448960517906E-004
 performing expansion, best =    5.6974442005344847E-004
 performing expansion, best =    5.6974441924501355E-004
 performing expansion, best =    5.6974434152059085E-004
 performing expansion, best =    5.6974431909195399E-004
 performing expansion, best =    5.6974421504257095E-004
 performing expansion, best =    5.6974420452648251E-004
 performing expansion, best =    5.6974418813681793E-004
 performing expansion, best =    5.6974417881326927E-004
 performing expansion, best =    5.6974416435602614E-004
 performing expansion, best =    5.6974411193853435E-004
 performing expansion, best =    5.6974409857516361E-004
 performing expansion, best =    5.6974407974752701E-004
 performing expansion, best =    5.6974399114454203E-004
 performing expansion, best =    5.6974398367771757E-004
 performing expansion, best =    5.6974394906762706E-004
 performing expansion, best =    5.6974393539247425E-004
 performing expansion, best =    5.6974391821424742E-004
 performing expansion, best =    5.6974385257980943E-004
 performing expansion, best =    5.6974384787824596E-004
 performing expansion, best =    5.6974376083048504E-004
 performing expansion, best =    5.6974365132995140E-004
 performing expansion, best =    5.6974353308005161E-004
 performing expansion, best =    5.6974339863238496E-004
 performing expansion, best =    5.6974320383338436E-004
 performing expansion, best =    5.6974300896485907E-004
 performing expansion, best =    5.6974298920759185E-004
 performing expansion, best =    5.6974293840170859E-004
 performing expansion, best =    5.6974290621592395E-004
 performing expansion, best =    5.6974273912579066E-004
 performing expansion, best =    5.6974250851813562E-004
 performing expansion, best =    5.6974231411120073E-004
 performing expansion, best =    5.6974211218769070E-004
 performing expansion, best =    5.6974192842626536E-004
 performing expansion, best =    5.6974171540149056E-004
 performing expansion, best =    5.6974146401120014E-004
 performing expansion, best =    5.6974125737342999E-004
 performing expansion, best =    5.6974124025575455E-004
 performing expansion, best =    5.6974096917766087E-004
 performing expansion, best =    5.6974066262608367E-004
 performing expansion, best =    5.6974034029267707E-004
 performing expansion, best =    5.6973991625459128E-004
 performing expansion, best =    5.6973955713379828E-004
 performing expansion, best =    5.6973911247513336E-004
 performing expansion, best =    5.6973854864426530E-004
 performing expansion, best =    5.6973799685415170E-004
 performing expansion, best =    5.6973723826155432E-004
 performing expansion, best =    5.6973656139445441E-004
 performing expansion, best =    5.6973564063797998E-004
 performing expansion, best =    5.6973483299855698E-004
 performing expansion, best =    5.6973385324310692E-004
 performing expansion, best =    5.6973269195270161E-004
 performing expansion, best =    5.6973147212868345E-004
 performing expansion, best =    5.6973024997439010E-004
 performing expansion, best =    5.6973001936734937E-004
 performing expansion, best =    5.6972978869289262E-004
 performing expansion, best =    5.6972976131711714E-004
 performing expansion, best =    5.6972966220083729E-004
 performing expansion, best =    5.6972883575806251E-004
 performing expansion, best =    5.6972873576969260E-004
 performing expansion, best =    5.6972860051045097E-004
 performing expansion, best =    5.6972846572482061E-004
 performing expansion, best =    5.6972831107151092E-004
 performing expansion, best =    5.6972822044556797E-004
 performing expansion, best =    5.6972811241930361E-004
 performing expansion, best =    5.6972805088023799E-004
 performing expansion, best =    5.6972800172411882E-004
 performing expansion, best =    5.6972793932526201E-004
 performing expansion, best =    5.6972786510147279E-004
 performing expansion, best =    5.6972773764728789E-004
 performing expansion, best =    5.6972759564546873E-004
 performing expansion, best =    5.6972754115901486E-004
 performing expansion, best =    5.6972752524677892E-004
 performing expansion, best =    5.6972744083985932E-004
 performing expansion, best =    5.6972738715275247E-004
 performing expansion, best =    5.6972731620273155E-004
 performing expansion, best =    5.6972728903422626E-004
 performing expansion, best =    5.6972696742975143E-004
 performing expansion, best =    5.6972690787961502E-004
 performing expansion, best =    5.6972684504735967E-004
 performing expansion, best =    5.6972649413773886E-004
 performing expansion, best =    5.6972648418620719E-004
 performing expansion, best =    5.6972643999540426E-004
 performing expansion, best =    5.6972637530107852E-004
 performing expansion, best =    5.6972609835347792E-004
 performing expansion, best =    5.6972607881457759E-004
 performing expansion, best =    5.6972607500423730E-004
 performing expansion, best =    5.6972603642736546E-004
 performing expansion, best =    5.6972600872492053E-004
 performing expansion, best =    5.6972598838702705E-004
 performing expansion, best =    5.6972596386272193E-004
 performing expansion, best =    5.6972595446068788E-004
 performing expansion, best =    5.6972595329611011E-004
 performing expansion, best =    5.6972591091841111E-004
 performing expansion, best =    5.6972575644324483E-004
 performing expansion, best =    5.6972573379132500E-004
 performing expansion, best =    5.6972571184581980E-004
 performing expansion, best =    5.6972569808985273E-004
 performing expansion, best =    5.6972558247232502E-004
 performing expansion, best =    5.6972557943489079E-004
 performing expansion, best =    5.6972552923027851E-004
 performing expansion, best =    5.6972551083598233E-004
 performing expansion, best =    5.6972549171034549E-004
 performing expansion, best =    5.6972537600067611E-004
 performing expansion, best =    5.6972528773221326E-004
 performing expansion, best =    5.6972521212308644E-004
 performing expansion, best =    5.6972510329194172E-004
 performing expansion, best =    5.6972500174271707E-004
 performing expansion, best =    5.6972488582821544E-004
 performing expansion, best =    5.6972478391741446E-004
 performing expansion, best =    5.6972463416118209E-004
 performing expansion, best =    5.6972462848362600E-004
 performing expansion, best =    5.6972448954035104E-004
 performing expansion, best =    5.6972435588752092E-004
 performing expansion, best =    5.6972418819882314E-004
 performing expansion, best =    5.6972405517928429E-004
 performing expansion, best =    5.6972404590860100E-004
 performing expansion, best =    5.6972392586816410E-004
 performing expansion, best =    5.6972383443892926E-004
 performing expansion, best =    5.6972381996086175E-004
 performing expansion, best =    5.6972373902580936E-004
 performing expansion, best =    5.6972356873154499E-004
 performing expansion, best =    5.6972355126552624E-004
 performing expansion, best =    5.6972352058925850E-004
 performing expansion, best =    5.6972344578149630E-004
 performing expansion, best =    5.6972343748245625E-004
 performing expansion, best =    5.6972342144112923E-004
 performing expansion, best =    5.6972335411159764E-004
 performing expansion, best =    5.6972334411274563E-004
 performing expansion, best =    5.6972328455364113E-004
 performing expansion, best =    5.6972323062132559E-004
 performing expansion, best =    5.6972321676159886E-004
 performing expansion, best =    5.6972320760490772E-004
 performing expansion, best =    5.6972312164317812E-004
 performing expansion, best =    5.6972305980159961E-004
 performing expansion, best =    5.6972298210270324E-004
 performing expansion, best =    5.6972294203346614E-004
 performing expansion, best =    5.6972283419954098E-004
 performing expansion, best =    5.6972275478094103E-004
 performing expansion, best =    5.6972274632020577E-004
 performing expansion, best =    5.6972273945853709E-004
 performing expansion, best =    5.6972271603798665E-004
 performing expansion, best =    5.6972268118844933E-004
 performing expansion, best =    5.6972265902924181E-004
 performing expansion, best =    5.6972256917971285E-004
 performing expansion, best =    5.6972247896140574E-004
 performing expansion, best =    5.6972245288577309E-004
 performing expansion, best =    5.6972231749599211E-004
 performing expansion, best =    5.6972218065147288E-004
 performing expansion, best =    5.6972204762527877E-004
 performing expansion, best =    5.6972189802829499E-004
 performing expansion, best =    5.6972167723202309E-004
 performing expansion, best =    5.6972149369904901E-004
 performing expansion, best =    5.6972146091635145E-004
 performing expansion, best =    5.6972143495304258E-004
 performing expansion, best =    5.6972127920879262E-004
 performing expansion, best =    5.6972125514717436E-004
 performing expansion, best =    5.6972120408353352E-004
 performing expansion, best =    5.6972119691434011E-004
 performing expansion, best =    5.6972111510024848E-004
 performing expansion, best =    5.6972101758985321E-004
 performing expansion, best =    5.6972100683356467E-004
 performing expansion, best =    5.6972100442538804E-004
 performing expansion, best =    5.6972092501690629E-004
 performing expansion, best =    5.6972088248804901E-004
 performing expansion, best =    5.6972085194929758E-004
 performing expansion, best =    5.6972083915752354E-004
 performing expansion, best =    5.6972083244356245E-004
 performing expansion, best =    5.6972082459972066E-004
 performing expansion, best =    5.6972081483083281E-004
 performing expansion, best =    5.6972076868322570E-004
 performing expansion, best =    5.6972074274114605E-004
 performing expansion, best =    5.6972072788257237E-004
 performing expansion, best =    5.6972071897590519E-004
 performing expansion, best =    5.6972071779997735E-004
 performing expansion, best =    5.6972071660338103E-004
 performing expansion, best =    5.6972070739439839E-004
 performing expansion, best =    5.6972070555342624E-004
 performing expansion, best =    5.6972070215691238E-004
 performing expansion, best =    5.6972070167362059E-004
 performing expansion, best =    5.6972069255396894E-004
 performing expansion, best =    5.6972069162840951E-004
 performing expansion, best =    5.6972068787453556E-004
 performing expansion, best =    5.6972068575191241E-004
 performing expansion, best =    5.6972067914138117E-004
 performing expansion, best =    5.6972067522878197E-004
 performing expansion, best =    5.6972067344112146E-004
 performing expansion, best =    5.6972066757490748E-004
 performing expansion, best =    5.6972066671016701E-004
 performing expansion, best =    5.6972066644208892E-004
 performing expansion, best =    5.6972066413697069E-004
 performing expansion, best =    5.6972065826035542E-004
 performing expansion, best =    5.6972065334915225E-004
 performing expansion, best =    5.6972065329041353E-004
 performing expansion, best =    5.6972065324238500E-004
 performing expansion, best =    5.6972065152258806E-004
 performing expansion, best =    5.6972065139931146E-004
 performing expansion, best =    5.6972065100530111E-004
 performing expansion, best =    5.6972065043591987E-004
 performing expansion, best =    5.6972064998345097E-004
 performing expansion, best =    5.6972064992948600E-004
 performing expansion, best =    5.6972064961448982E-004
 performing expansion, best =    5.6972064902634234E-004
 performing expansion, best =    5.6972064886422560E-004
 performing expansion, best =    5.6972064881754224E-004
 performing expansion, best =    5.6972064856719150E-004
 performing expansion, best =    5.6972064843454511E-004
 performing expansion, best =    5.6972064826827631E-004
 performing expansion, best =    5.6972064779412001E-004
 performing expansion, best =    5.6972064764099694E-004
 performing expansion, best =    5.6972064757331237E-004
 performing expansion, best =    5.6972064677310948E-004
 performing expansion, best =    5.6972064651710972E-004
 performing expansion, best =    5.6972064605465553E-004
 performing expansion, best =    5.6972064540227732E-004
 performing expansion, best =    5.6972064440653845E-004
 performing expansion, best =    5.6972064324542916E-004
 performing expansion, best =    5.6972064227382073E-004
 performing expansion, best =    5.6972064074927711E-004
 performing expansion, best =    5.6972063941579463E-004
 performing expansion, best =    5.6972063710138544E-004
 performing expansion, best =    5.6972063557224166E-004
 performing expansion, best =    5.6972063425037836E-004
 performing expansion, best =    5.6972063203455285E-004
 performing expansion, best =    5.6972062927246997E-004
 performing expansion, best =    5.6972062697497672E-004
 performing expansion, best =    5.6972062403772158E-004
 performing expansion, best =    5.6972062387178693E-004
 performing expansion, best =    5.6972062180562588E-004
 performing expansion, best =    5.6972062033013038E-004
 performing expansion, best =    5.6972062013947462E-004
 performing expansion, best =    5.6972061962916754E-004
 performing expansion, best =    5.6972061920050577E-004
 performing expansion, best =    5.6972061796191895E-004
 performing expansion, best =    5.6972061749110405E-004
 performing expansion, best =    5.6972061498912930E-004
 performing expansion, best =    5.6972061435671699E-004
 performing expansion, best =    5.6972061368867411E-004
 performing expansion, best =    5.6972061237472104E-004
 performing expansion, best =    5.6972061139015466E-004
 performing expansion, best =    5.6972060719202692E-004
 performing expansion, best =    5.6972060453701313E-004
 performing expansion, best =    5.6972060295706342E-004
 performing expansion, best =    5.6972060003416148E-004
 performing expansion, best =    5.6972059692055998E-004
 performing expansion, best =    5.6972059224872794E-004
 performing expansion, best =    5.6972058847613882E-004
 performing expansion, best =    5.6972058488352672E-004
 performing expansion, best =    5.6972058400277985E-004
 performing expansion, best =    5.6972057750376043E-004
 performing expansion, best =    5.6972056885710781E-004
 performing expansion, best =    5.6972056228801716E-004
 performing expansion, best =    5.6972055075153738E-004
 performing expansion, best =    5.6972054176923734E-004
 performing expansion, best =    5.6972054130070566E-004
 performing expansion, best =    5.6972053411444095E-004
 performing expansion, best =    5.6972052606765516E-004
 performing expansion, best =    5.6972051093485802E-004
 performing expansion, best =    5.6972049733312023E-004
 performing expansion, best =    5.6972048555660828E-004
 performing expansion, best =    5.6972047601431370E-004
 performing expansion, best =    5.6972046010263146E-004
 performing expansion, best =    5.6972044227142783E-004
 performing expansion, best =    5.6972042137631406E-004
 performing expansion, best =    5.6972039234562486E-004
 performing expansion, best =    5.6972038933892743E-004
 performing expansion, best =    5.6972036429057222E-004
 performing expansion, best =    5.6972036070279230E-004
 performing expansion, best =    5.6972033908630202E-004
 performing expansion, best =    5.6972030987453815E-004
 performing expansion, best =    5.6972029636793520E-004
 performing expansion, best =    5.6972025923825208E-004
 performing expansion, best =    5.6972022911426035E-004
 performing expansion, best =    5.6972022480369412E-004
 performing expansion, best =    5.6972018599808283E-004
 performing expansion, best =    5.6972014724423353E-004
 performing expansion, best =    5.6972010609038269E-004
 performing expansion, best =    5.6972006058115100E-004
 performing expansion, best =    5.6972002535995710E-004
 performing expansion, best =    5.6971997966609770E-004
 performing expansion, best =    5.6971992987137402E-004
 performing expansion, best =    5.6971986479556816E-004
 performing expansion, best =    5.6971982786778778E-004
 performing expansion, best =    5.6971979289943534E-004
 performing expansion, best =    5.6971977613233808E-004
 performing expansion, best =    5.6971974525886189E-004
 performing expansion, best =    5.6971971809720019E-004
 performing expansion, best =    5.6971967420350498E-004
 performing expansion, best =    5.6971964148566070E-004
 performing expansion, best =    5.6971959802823750E-004
 performing expansion, best =    5.6971955007724590E-004
 performing expansion, best =    5.6971950461564625E-004
 performing expansion, best =    5.6971945845956133E-004
 performing expansion, best =    5.6971943075391040E-004
 performing expansion, best =    5.6971936562502570E-004
 performing expansion, best =    5.6971936322370014E-004
 performing expansion, best =    5.6971933329985906E-004
 performing expansion, best =    5.6971933293047626E-004
 performing expansion, best =    5.6971932491739789E-004
 performing expansion, best =    5.6971930511309668E-004
 performing expansion, best =    5.6971928864178473E-004
 performing expansion, best =    5.6971928258436031E-004
 performing expansion, best =    5.6971928033409578E-004
 performing expansion, best =    5.6971927407354142E-004
 performing expansion, best =    5.6971926736640766E-004
 performing expansion, best =    5.6971925959068521E-004
 performing expansion, best =    5.6971923043395588E-004
 performing expansion, best =    5.6971922984909733E-004
 performing expansion, best =    5.6971921177359670E-004
 performing expansion, best =    5.6971919103771364E-004
 performing expansion, best =    5.6971918893898034E-004
 performing expansion, best =    5.6971918467832797E-004
 performing expansion, best =    5.6971918413867533E-004
 performing expansion, best =    5.6971916144368231E-004
 performing expansion, best =    5.6971915515890200E-004
 performing expansion, best =    5.6971913717219602E-004
 performing expansion, best =    5.6971913227164860E-004
 performing expansion, best =    5.6971912590574037E-004
 performing expansion, best =    5.6971912311471016E-004
 performing expansion, best =    5.6971910361337309E-004
 performing expansion, best =    5.6971910183728415E-004
 performing expansion, best =    5.6971908867823587E-004
 performing expansion, best =    5.6971908318024990E-004
 performing expansion, best =    5.6971906355337654E-004
 performing expansion, best =    5.6971905676706219E-004
 performing expansion, best =    5.6971902768207549E-004
 performing expansion, best =    5.6971902593326172E-004
 performing expansion, best =    5.6971901927840819E-004
 performing expansion, best =    5.6971899898698350E-004
 performing expansion, best =    5.6971899628310352E-004
 performing expansion, best =    5.6971897298047167E-004
 performing expansion, best =    5.6971895085483951E-004
 performing expansion, best =    5.6971892325167355E-004
 performing expansion, best =    5.6971892136762757E-004
 performing expansion, best =    5.6971891533269309E-004
 performing expansion, best =    5.6971890682498108E-004
 performing expansion, best =    5.6971888838250990E-004
 performing expansion, best =    5.6971886744512038E-004
 performing expansion, best =    5.6971885608010750E-004
 performing expansion, best =    5.6971885509793656E-004
 performing expansion, best =    5.6971885132737208E-004
 performing expansion, best =    5.6971884295708964E-004
 performing expansion, best =    5.6971884015406696E-004
 performing expansion, best =    5.6971883466760487E-004
 performing expansion, best =    5.6971883028593656E-004
 performing expansion, best =    5.6971882935152830E-004
 performing expansion, best =    5.6971881118306211E-004
 performing expansion, best =    5.6971880926016570E-004
 performing expansion, best =    5.6971880454728945E-004
 performing expansion, best =    5.6971880161084019E-004
 performing expansion, best =    5.6971879386492029E-004
 performing expansion, best =    5.6971879058076295E-004
 performing expansion, best =    5.6971878916051838E-004
 performing expansion, best =    5.6971878413439000E-004
 performing expansion, best =    5.6971877382814250E-004
 performing expansion, best =    5.6971876825211143E-004
 performing expansion, best =    5.6971876322575927E-004
 performing expansion, best =    5.6971875771020240E-004
 performing expansion, best =    5.6971875701228585E-004
 performing expansion, best =    5.6971875163425373E-004
 performing expansion, best =    5.6971874677597459E-004
 performing expansion, best =    5.6971874345673084E-004
 performing expansion, best =    5.6971874287504423E-004
 performing expansion, best =    5.6971874278275261E-004
 performing expansion, best =    5.6971874275639327E-004
 performing expansion, best =    5.6971873765969286E-004
 performing expansion, best =    5.6971873327865165E-004
 performing expansion, best =    5.6971873146190340E-004
 performing expansion, best =    5.6971872866148584E-004
 performing expansion, best =    5.6971872754128534E-004
 performing expansion, best =    5.6971872581112982E-004
 performing expansion, best =    5.6971872453438093E-004
 performing expansion, best =    5.6971872235124738E-004
 performing expansion, best =    5.6971872090203217E-004
 performing expansion, best =    5.6971871891644621E-004
 performing expansion, best =    5.6971871738206021E-004
 performing expansion, best =    5.6971871410986237E-004
 performing expansion, best =    5.6971870962171435E-004
 performing expansion, best =    5.6971870442957065E-004
 performing expansion, best =    5.6971870320156684E-004
 performing expansion, best =    5.6971870181081279E-004
 performing expansion, best =    5.6971870074513692E-004
 performing expansion, best =    5.6971870055647403E-004
 performing expansion, best =    5.6971869783686336E-004
 performing expansion, best =    5.6971869611289582E-004
 performing expansion, best =    5.6971869515687736E-004
 performing expansion, best =    5.6971869494736775E-004
 performing expansion, best =    5.6971869355209931E-004
 performing expansion, best =    5.6971869258795539E-004
 performing expansion, best =    5.6971869226448107E-004
 performing expansion, best =    5.6971869170411183E-004
 performing expansion, best =    5.6971869165259390E-004
 performing expansion, best =    5.6971869149862343E-004
 performing expansion, best =    5.6971869143095945E-004
 performing expansion, best =    5.6971869126524078E-004
 performing expansion, best =    5.6971869116765163E-004
 performing expansion, best =    5.6971869077716364E-004
Exiting simplex optimization after  5052 iterations
Solution after  refinement:      5.6971869078E-04
RMSE         5.697186908E-04 Hartree
NEW BEST!

Starting fitting procedure for 6 charges, trial 2
gen      0/12000      elitist  7.7693020E-03 feasible? F
gen    100/12000      elitist  3.9387671E-03 feasible? T
gen    200/12000      elitist  1.6294011E-03 feasible? T
gen    300/12000      elitist  1.1715959E-03 feasible? T
gen    400/12000      elitist  9.8810489E-04 feasible? T
gen    500/12000      elitist  9.6422732E-04 feasible? T
gen    600/12000      elitist  9.0458070E-04 feasible? T
gen    700/12000      elitist  8.8780311E-04 feasible? T
gen    800/12000      elitist  8.8615227E-04 feasible? T
gen    900/12000      elitist  8.8042347E-04 feasible? T
gen   1000/12000      elitist  8.5723247E-04 feasible? T
gen   1100/12000      elitist  8.4420101E-04 feasible? T
gen   1200/12000      elitist  8.4099876E-04 feasible? T
gen   1300/12000      elitist  8.3936184E-04 feasible? T
gen   1400/12000      elitist  8.3909621E-04 feasible? T
gen   1500/12000      elitist  8.3816656E-04 feasible? T
gen   1600/12000      elitist  8.3616148E-04 feasible? T
gen   1700/12000      elitist  8.3336944E-04 feasible? T
gen   1800/12000      elitist  8.3193423E-04 feasible? T
gen   1900/12000      elitist  8.3174394E-04 feasible? T
gen   2000/12000      elitist  8.3155276E-04 feasible? T
gen   2100/12000      elitist  8.3151318E-04 feasible? T
gen   2200/12000      elitist  8.3150782E-04 feasible? T
gen   2300/12000      elitist  8.3150098E-04 feasible? T
gen   2400/12000      elitist  8.3149972E-04 feasible? T
gen   2500/12000      elitist  8.3149950E-04 feasible? T
gen   2600/12000      elitist  8.3149889E-04 feasible? T
gen   2700/12000      elitist  8.3149879E-04 feasible? T
gen   2800/12000      elitist  8.3149844E-04 feasible? T
gen   2900/12000      elitist  8.3149834E-04 feasible? T
gen   3000/12000      elitist  8.3149830E-04 feasible? T
gen   3100/12000      elitist  8.3149830E-04 feasible? T
population converged towards a single solution after 3116 generations.
Starting local simplex optimization:
Solution before refinement:      8.3149829946E-04
 performing expansion, best =    8.3148169831895444E-004
 performing expansion, best =    8.3144170436343361E-004
 performing expansion, best =    8.3143431502113703E-004
 performing expansion, best =    8.3142897726723160E-004
 performing expansion, best =    8.3142888495412132E-004
 performing expansion, best =    8.3142829377667318E-004
 performing expansion, best =    8.3142545388423966E-004
 performing expansion, best =    8.3142282483199270E-004
 performing expansion, best =    8.3141901106496613E-004
 performing expansion, best =    8.3141352530056404E-004
 performing expansion, best =    8.3141222347989194E-004
 performing expansion, best =    8.3141003330251503E-004
 performing expansion, best =    8.3140142750143535E-004
 performing expansion, best =    8.3140049270628575E-004
 performing expansion, best =    8.3140029216804880E-004
 performing expansion, best =    8.3139601828843487E-004
 performing expansion, best =    8.3138774070515102E-004
 performing expansion, best =    8.3138040275865645E-004
 performing expansion, best =    8.3137115695266128E-004
 performing expansion, best =    8.3136180506507805E-004
 performing expansion, best =    8.3135417802147470E-004
 performing expansion, best =    8.3135141962319083E-004
 performing expansion, best =    8.3134835376032093E-004
 performing expansion, best =    8.3133689296764352E-004
 performing expansion, best =    8.3132567727822650E-004
 performing expansion, best =    8.3131145279509129E-004
 performing expansion, best =    8.3130237785304835E-004
 performing expansion, best =    8.3130191460999137E-004
 performing expansion, best =    8.3129639701108810E-004
 performing expansion, best =    8.3127779305508856E-004
 performing expansion, best =    8.3127667693107114E-004
 performing expansion, best =    8.3127076946937044E-004
 performing expansion, best =    8.3126112146912796E-004
 performing expansion, best =    8.3125034630510001E-004
 performing expansion, best =    8.3124007453273070E-004
 performing expansion, best =    8.3123647186812081E-004
 performing expansion, best =    8.3123551315304072E-004
 performing expansion, best =    8.3122213099254283E-004
 performing expansion, best =    8.3121024174750307E-004
 performing expansion, best =    8.3120128222980338E-004
 performing expansion, best =    8.3118840443879188E-004
 performing expansion, best =    8.3116976424551419E-004
 performing expansion, best =    8.3115060210667464E-004
 performing expansion, best =    8.3113347816831436E-004
 performing expansion, best =    8.3111409934536232E-004
 performing expansion, best =    8.3109019931174738E-004
 performing expansion, best =    8.3106573973451038E-004
 performing expansion, best =    8.3104451623412887E-004
 performing expansion, best =    8.3101905760490404E-004
 performing expansion, best =    8.3099382048823305E-004
 performing expansion, best =    8.3096678089195086E-004
 performing expansion, best =    8.3092781471469520E-004
 performing expansion, best =    8.3089566216994410E-004
 performing expansion, best =    8.3084370819513670E-004
 performing expansion, best =    8.3080902903239482E-004
 performing expansion, best =    8.3078129415757097E-004
 performing expansion, best =    8.3077298323765418E-004
 performing expansion, best =    8.3077076183133477E-004
 performing expansion, best =    8.3074060710003718E-004
 performing expansion, best =    8.3072393695497726E-004
 performing expansion, best =    8.3067939281174241E-004
 performing expansion, best =    8.3063613160732838E-004
 performing expansion, best =    8.3059924334346388E-004
 performing expansion, best =    8.3054513568273927E-004
 performing expansion, best =    8.3050095302310745E-004
 performing expansion, best =    8.3047223904467128E-004
 performing expansion, best =    8.3041198422796148E-004
 performing expansion, best =    8.3036504345270824E-004
 performing expansion, best =    8.3032028893891636E-004
 performing expansion, best =    8.3025815053323817E-004
 performing expansion, best =    8.3018328705216369E-004
 performing expansion, best =    8.3018264702568038E-004
 performing expansion, best =    8.3013900335080371E-004
 performing expansion, best =    8.3011654014659292E-004
 performing expansion, best =    8.3008548388129066E-004
 performing expansion, best =    8.3000141970054561E-004
 performing expansion, best =    8.2993815533710701E-004
 performing expansion, best =    8.2987104072912779E-004
 performing expansion, best =    8.2984368320364234E-004
 performing expansion, best =    8.2976688330741312E-004
 performing expansion, best =    8.2965959749450272E-004
 performing expansion, best =    8.2955590200024635E-004
 performing expansion, best =    8.2946692585162643E-004
 performing expansion, best =    8.2941502462554142E-004
 performing expansion, best =    8.2940965943804944E-004
 performing expansion, best =    8.2940326133016751E-004
 performing expansion, best =    8.2935716842680784E-004
 performing expansion, best =    8.2934312595223960E-004
 performing expansion, best =    8.2934214251333723E-004
 performing expansion, best =    8.2933651083097438E-004
 performing expansion, best =    8.2933324582241258E-004
 performing expansion, best =    8.2932867888556923E-004
 performing expansion, best =    8.2932791638457297E-004
 performing expansion, best =    8.2932703754772549E-004
 performing expansion, best =    8.2932541279908745E-004
 performing expansion, best =    8.2932423897162687E-004
 performing expansion, best =    8.2932379652300400E-004
 performing expansion, best =    8.2932336368139585E-004
 performing expansion, best =    8.2932263157982887E-004
 performing expansion, best =    8.2932203216022897E-004
 performing expansion, best =    8.2932171919604045E-004
 performing expansion, best =    8.2932167066480727E-004
 performing expansion, best =    8.2932097255652439E-004
 performing expansion, best =    8.2932031543665264E-004
 performing expansion, best =    8.2932004818079858E-004
 performing expansion, best =    8.2931975244931739E-004
 performing expansion, best =    8.2931791531734025E-004
 performing expansion, best =    8.2931635830213175E-004
 performing expansion, best =    8.2931518640409654E-004
 performing expansion, best =    8.2931308725399150E-004
 performing expansion, best =    8.2931069326353652E-004
 performing expansion, best =    8.2930862581693935E-004
 performing expansion, best =    8.2930530195914987E-004
 performing expansion, best =    8.2930289963884820E-004
 performing expansion, best =    8.2930110360764401E-004
 performing expansion, best =    8.2929748443771824E-004
 performing expansion, best =    8.2929645204045009E-004
 performing expansion, best =    8.2929596213635905E-004
 performing expansion, best =    8.2929446405649750E-004
 performing expansion, best =    8.2929434269643748E-004
 performing expansion, best =    8.2929350204522835E-004
 performing expansion, best =    8.2929293739767958E-004
 performing expansion, best =    8.2929273295388121E-004
 performing expansion, best =    8.2929222816936256E-004
 performing expansion, best =    8.2929197462683823E-004
 performing expansion, best =    8.2929158647729664E-004
 performing expansion, best =    8.2929045906995262E-004
 performing expansion, best =    8.2929025595446259E-004
 performing expansion, best =    8.2929002537349367E-004
 performing expansion, best =    8.2928996593950924E-004
 performing expansion, best =    8.2928982216710998E-004
 performing expansion, best =    8.2928981439404220E-004
 performing expansion, best =    8.2928968434685304E-004
 performing expansion, best =    8.2928963870786392E-004
 performing expansion, best =    8.2928960873806742E-004
 performing expansion, best =    8.2928948911312889E-004
 performing expansion, best =    8.2928945481083806E-004
 performing expansion, best =    8.2928943890767809E-004
 performing expansion, best =    8.2928939771075634E-004
 performing expansion, best =    8.2928937052389735E-004
 performing expansion, best =    8.2928932106243248E-004
 performing expansion, best =    8.2928929599762732E-004
 performing expansion, best =    8.2928928853731479E-004
 performing expansion, best =    8.2928922610838948E-004
 performing expansion, best =    8.2928920874977352E-004
 performing expansion, best =    8.2928903488389241E-004
 performing expansion, best =    8.2928903309661549E-004
 performing expansion, best =    8.2928901736421931E-004
 performing expansion, best =    8.2928899964366024E-004
 performing expansion, best =    8.2928899144873384E-004
 performing expansion, best =    8.2928898386076626E-004
 performing expansion, best =    8.2928897356840967E-004
 performing expansion, best =    8.2928896601318944E-004
 performing expansion, best =    8.2928895317300468E-004
 performing expansion, best =    8.2928893718230070E-004
 performing expansion, best =    8.2928893269045381E-004
 performing expansion, best =    8.2928892606870151E-004
 performing expansion, best =    8.2928892037675882E-004
 performing expansion, best =    8.2928891946508693E-004
 performing expansion, best =    8.2928891936930428E-004
 performing expansion, best =    8.2928891082892863E-004
 performing expansion, best =    8.2928890327712732E-004
 performing expansion, best =    8.2928886587061465E-004
 performing expansion, best =    8.2928886239185603E-004
 performing expansion, best =    8.2928885728021293E-004
 performing expansion, best =    8.2928882957396472E-004
 performing expansion, best =    8.2928882240920906E-004
 performing expansion, best =    8.2928878651612335E-004
 performing expansion, best =    8.2928878272290436E-004
 performing expansion, best =    8.2928874959487583E-004
 performing expansion, best =    8.2928870246934698E-004
 performing expansion, best =    8.2928865867897027E-004
 performing expansion, best =    8.2928864951397241E-004
 performing expansion, best =    8.2928859392090548E-004
 performing expansion, best =    8.2928853088863087E-004
 performing expansion, best =    8.2928852530812563E-004
 performing expansion, best =    8.2928846484739524E-004
 performing expansion, best =    8.2928838901660514E-004
 performing expansion, best =    8.2928829370337159E-004
 performing expansion, best =    8.2928819857571931E-004
 performing expansion, best =    8.2928818854839594E-004
 performing expansion, best =    8.2928808553940690E-004
 performing expansion, best =    8.2928799054138367E-004
 performing expansion, best =    8.2928798647068504E-004
 performing expansion, best =    8.2928788655317392E-004
 performing expansion, best =    8.2928788341901899E-004
 performing expansion, best =    8.2928777128749617E-004
 performing expansion, best =    8.2928764311335636E-004
 performing expansion, best =    8.2928751922324280E-004
 performing expansion, best =    8.2928740456180902E-004
 performing expansion, best =    8.2928725586640028E-004
 performing expansion, best =    8.2928706579222763E-004
 performing expansion, best =    8.2928689576549719E-004
 performing expansion, best =    8.2928670629071573E-004
 performing expansion, best =    8.2928652628627643E-004
 performing expansion, best =    8.2928638673487290E-004
 performing expansion, best =    8.2928621526197441E-004
 performing expansion, best =    8.2928618223259126E-004
 performing expansion, best =    8.2928616113831649E-004
 performing expansion, best =    8.2928599072838694E-004
 performing expansion, best =    8.2928590761957501E-004
 performing expansion, best =    8.2928587278707972E-004
 performing expansion, best =    8.2928575173191427E-004
 performing expansion, best =    8.2928564273591974E-004
 performing expansion, best =    8.2928552122235447E-004
 performing expansion, best =    8.2928536021952849E-004
 performing expansion, best =    8.2928519879409428E-004
 performing expansion, best =    8.2928504570221255E-004
 performing expansion, best =    8.2928488008818962E-004
 performing expansion, best =    8.2928472798722390E-004
 performing expansion, best =    8.2928468656421272E-004
 performing expansion, best =    8.2928465333806671E-004
 performing expansion, best =    8.2928462847140980E-004
 performing expansion, best =    8.2928462076262057E-004
 performing expansion, best =    8.2928458435950079E-004
 performing expansion, best =    8.2928458040696133E-004
 performing expansion, best =    8.2928449737719164E-004
 performing expansion, best =    8.2928443832208079E-004
 performing expansion, best =    8.2928429073813909E-004
 performing expansion, best =    8.2928413266743488E-004
 performing expansion, best =    8.2928397320839494E-004
 performing expansion, best =    8.2928385311532848E-004
 performing expansion, best =    8.2928377610155791E-004
 performing expansion, best =    8.2928374718770634E-004
 performing expansion, best =    8.2928372273510732E-004
 performing expansion, best =    8.2928345646152710E-004
 performing expansion, best =    8.2928345148769705E-004
 performing expansion, best =    8.2928341761519936E-004
 performing expansion, best =    8.2928340565366126E-004
 performing expansion, best =    8.2928339057930826E-004
 performing expansion, best =    8.2928337831085313E-004
 performing expansion, best =    8.2928323286436299E-004
 performing expansion, best =    8.2928321532699202E-004
 performing expansion, best =    8.2928303775711676E-004
 performing expansion, best =    8.2928302486730949E-004
 performing expansion, best =    8.2928285432706339E-004
 performing expansion, best =    8.2928284163443487E-004
 performing expansion, best =    8.2928264746551326E-004
 performing expansion, best =    8.2928260105317780E-004
 performing expansion, best =    8.2928250624216709E-004
 performing expansion, best =    8.2928223720269247E-004
 performing expansion, best =    8.2928213146741874E-004
 performing expansion, best =    8.2928182448888295E-004
 performing expansion, best =    8.2928156849195606E-004
 performing expansion, best =    8.2928125896943353E-004
 performing expansion, best =    8.2928121337014443E-004
 performing expansion, best =    8.2928088776157611E-004
 performing expansion, best =    8.2928056469426970E-004
 performing expansion, best =    8.2928019909680518E-004
 performing expansion, best =    8.2927978510154523E-004
 performing expansion, best =    8.2927929835272050E-004
 performing expansion, best =    8.2927868631570687E-004
 performing expansion, best =    8.2927810607409636E-004
 performing expansion, best =    8.2927751989730479E-004
 performing expansion, best =    8.2927686064670049E-004
 performing expansion, best =    8.2927603640731184E-004
 performing expansion, best =    8.2927529674696292E-004
 performing expansion, best =    8.2927460967917972E-004
 performing expansion, best =    8.2927382254837257E-004
 performing expansion, best =    8.2927295438590888E-004
 performing expansion, best =    8.2927216812311909E-004
 performing expansion, best =    8.2927151987473953E-004
 performing expansion, best =    8.2927078210452308E-004
 performing expansion, best =    8.2927022023707511E-004
 performing expansion, best =    8.2926995944446083E-004
 performing expansion, best =    8.2926946866782329E-004
 performing expansion, best =    8.2926939611238139E-004
 performing expansion, best =    8.2926926651931822E-004
 performing expansion, best =    8.2926908220434033E-004
 performing expansion, best =    8.2926893326890950E-004
 performing expansion, best =    8.2926874224208992E-004
 performing expansion, best =    8.2926836434795001E-004
 performing expansion, best =    8.2926790949352017E-004
 performing expansion, best =    8.2926735659712299E-004
 performing expansion, best =    8.2926694432243627E-004
 performing expansion, best =    8.2926638591404600E-004
 performing expansion, best =    8.2926587392596147E-004
 performing expansion, best =    8.2926505934463786E-004
 performing expansion, best =    8.2926460210764653E-004
 performing expansion, best =    8.2926425851611826E-004
 performing expansion, best =    8.2926420012081599E-004
 performing expansion, best =    8.2926405648908936E-004
 performing expansion, best =    8.2926381176931486E-004
 performing expansion, best =    8.2926348385696611E-004
 performing expansion, best =    8.2926327448889104E-004
 performing expansion, best =    8.2926304748059780E-004
 performing expansion, best =    8.2926301154194622E-004
 performing expansion, best =    8.2926294520076628E-004
 performing expansion, best =    8.2926288537105619E-004
 performing expansion, best =    8.2926280974227864E-004
 performing expansion, best =    8.2926268263423797E-004
 performing expansion, best =    8.2926251111887757E-004
 performing expansion, best =    8.2926246852177790E-004
 performing expansion, best =    8.2926238115144384E-004
 performing expansion, best =    8.2926230211904364E-004
 performing expansion, best =    8.2926211714555551E-004
 performing expansion, best =    8.2926207256057158E-004
 performing expansion, best =    8.2926191131494351E-004
 performing expansion, best =    8.2926166703978915E-004
 performing expansion, best =    8.2926149625303939E-004
 performing expansion, best =    8.2926115886509152E-004
 performing expansion, best =    8.2926070236822951E-004
 performing expansion, best =    8.2926007815147527E-004
 performing expansion, best =    8.2925972588310921E-004
 performing expansion, best =    8.2925941599015839E-004
 performing expansion, best =    8.2925908459240334E-004
 performing expansion, best =    8.2925898685308821E-004
 performing expansion, best =    8.2925894735141859E-004
 performing expansion, best =    8.2925893519258042E-004
 performing expansion, best =    8.2925891878823249E-004
 performing expansion, best =    8.2925874763484187E-004
 performing expansion, best =    8.2925870560079582E-004
 performing expansion, best =    8.2925870059469557E-004
 performing expansion, best =    8.2925866682037478E-004
 performing expansion, best =    8.2925865977386177E-004
 performing expansion, best =    8.2925865840470319E-004
 performing expansion, best =    8.2925859773026202E-004
 performing expansion, best =    8.2925853777353223E-004
 performing expansion, best =    8.2925846767452599E-004
 performing expansion, best =    8.2925844756439422E-004
 performing expansion, best =    8.2925841599999610E-004
 performing expansion, best =    8.2925832456479120E-004
 performing expansion, best =    8.2925814321668009E-004
 performing expansion, best =    8.2925804659574488E-004
 performing expansion, best =    8.2925801152847374E-004
 performing expansion, best =    8.2925793460503065E-004
 performing expansion, best =    8.2925786119680410E-004
 performing expansion, best =    8.2925781783419047E-004
 performing expansion, best =    8.2925771820523825E-004
 performing expansion, best =    8.2925750842246062E-004
 performing expansion, best =    8.2925726767812133E-004
 performing expansion, best =    8.2925705594174984E-004
 performing expansion, best =    8.2925673297600531E-004
 performing expansion, best =    8.2925626559673601E-004
 performing expansion, best =    8.2925602880130986E-004
 performing expansion, best =    8.2925580196377988E-004
 performing expansion, best =    8.2925543983392177E-004
 performing expansion, best =    8.2925504496545485E-004
 performing expansion, best =    8.2925481980058936E-004
 performing expansion, best =    8.2925462518442569E-004
 performing expansion, best =    8.2925410025744761E-004
 performing expansion, best =    8.2925338195549822E-004
 performing expansion, best =    8.2925252665299177E-004
 performing expansion, best =    8.2925166867167113E-004
 performing expansion, best =    8.2925131723294221E-004
 performing expansion, best =    8.2925059955636573E-004
 performing expansion, best =    8.2924996234322659E-004
 performing expansion, best =    8.2924849095661281E-004
 performing expansion, best =    8.2924735998066157E-004
 performing expansion, best =    8.2924637203814168E-004
 performing expansion, best =    8.2924473702064593E-004
 performing expansion, best =    8.2924471642555021E-004
 performing expansion, best =    8.2924466066251886E-004
 performing expansion, best =    8.2924463085948122E-004
 performing expansion, best =    8.2924456388661571E-004
 performing expansion, best =    8.2924450016648085E-004
 performing expansion, best =    8.2924445612448695E-004
 performing expansion, best =    8.2924444023426823E-004
 performing expansion, best =    8.2924442837506364E-004
 performing expansion, best =    8.2924441607894444E-004
 performing expansion, best =    8.2924440638939884E-004
 performing expansion, best =    8.2924439702089915E-004
 performing expansion, best =    8.2924438820608482E-004
 performing expansion, best =    8.2924438332360477E-004
 performing expansion, best =    8.2924437311514515E-004
 performing expansion, best =    8.2924436509182768E-004
 performing expansion, best =    8.2924435893090261E-004
 performing expansion, best =    8.2924431706248871E-004
 performing expansion, best =    8.2924427838107126E-004
 performing expansion, best =    8.2924427503818724E-004
 performing expansion, best =    8.2924424706037848E-004
 performing expansion, best =    8.2924420344846460E-004
 performing expansion, best =    8.2924415479441115E-004
 performing expansion, best =    8.2924409392452227E-004
 performing expansion, best =    8.2924405103100031E-004
 performing expansion, best =    8.2924400086734410E-004
 performing expansion, best =    8.2924391720133530E-004
 performing expansion, best =    8.2924382606896878E-004
 performing expansion, best =    8.2924374293568402E-004
 performing expansion, best =    8.2924363865993398E-004
 performing expansion, best =    8.2924352001269351E-004
 performing expansion, best =    8.2924341200479401E-004
 performing expansion, best =    8.2924327632989550E-004
 performing expansion, best =    8.2924307667552402E-004
 performing expansion, best =    8.2924287518433711E-004
 performing expansion, best =    8.2924259592036243E-004
 performing expansion, best =    8.2924232412705224E-004
 performing expansion, best =    8.2924199890631030E-004
 performing expansion, best =    8.2924165829760857E-004
 performing expansion, best =    8.2924125616222922E-004
 performing expansion, best =    8.2924079624636059E-004
 performing expansion, best =    8.2924031983849442E-004
 performing expansion, best =    8.2924027096465671E-004
 performing expansion, best =    8.2923975351197358E-004
