Running in fitting mode

Reading "/data/boittier/energies/h2o_geom.xyz.dir/h2o_1.chk.fchk.potential.cube"...

  h2o Potential=SCF
  Electrostatic potential from Total SCF Density
    3   -4.970736   -4.748413   -4.970736
   80    0.125841    0.000000    0.000000
   80    0.000000    0.125841    0.000000
   80    0.000000    0.000000    0.125841
    8    8.000000    0.000000    0.222323    0.000000
    1    1.000000    1.427171   -0.896400    0.000000
    1    1.000000   -1.427171   -0.882184    0.000000
  1.66698E-02  1.67288E-02  1.67584E-02  1.67584E-02  1.67288E-02  1.66698E-02
       .            .            .            .            .            .
       .            .            .            .            .            .
       .            .            .            .            .            .
 -9.18626E-03 -9.18159E-03 -9.17225E-03 -9.15823E-03 -9.13952E-03 -9.11609E-03

338246 out of 512000 gridpoints are considered ( 66.1%).

...done!




 Refining solution from file/home/boittier/MDCM-1/examples/water/5-combine-frags/8-combined.xyz
 Contains      8 charges
      Initial RMSE =         4.283193221E+01 kcal/mol
Running DE in parallel with 4 thread(s)!


User requested refinement using simplex algorithm (no DE)

 performing expansion, best =    6.7234563403196598E-002
 performing expansion, best =    6.7189840179469176E-002
 performing expansion, best =    6.6815738075012301E-002
 performing expansion, best =    6.6514895320140432E-002
 performing expansion, best =    6.6485447181212298E-002
 performing expansion, best =    6.6417853432161680E-002
 performing expansion, best =    6.6194577909896885E-002
 performing expansion, best =    6.6113659022009594E-002
 performing expansion, best =    6.6090364811738342E-002
 performing expansion, best =    6.6084435953803936E-002
 performing expansion, best =    6.6065818310281493E-002
 performing expansion, best =    6.6062141731498672E-002
 performing expansion, best =    6.6047439461094176E-002
 performing expansion, best =    6.6043366126913833E-002
 performing expansion, best =    6.6028286169582853E-002
 performing expansion, best =    6.6023632527184378E-002
 performing expansion, best =    6.6020789916668529E-002
 performing expansion, best =    6.6020717744666793E-002
 performing expansion, best =    6.6020373697317170E-002
 performing expansion, best =    6.6018824176401508E-002
 performing expansion, best =    6.6018015936891966E-002
 performing expansion, best =    6.6013219544127297E-002
 performing expansion, best =    6.6013104848032134E-002
 performing expansion, best =    6.6012418200540643E-002
 performing expansion, best =    6.6009279920208275E-002
 performing expansion, best =    6.6007365733454323E-002
 performing expansion, best =    6.6006666210445653E-002
 performing expansion, best =    6.6005756926488954E-002
 performing expansion, best =    6.6005176644019087E-002
 performing expansion, best =    6.6004773741177566E-002
 performing expansion, best =    6.6004030997973570E-002
 performing expansion, best =    6.6002652297154490E-002
 performing expansion, best =    6.6001799162243940E-002
 performing expansion, best =    6.6001509042019860E-002
 performing expansion, best =    6.6001491761269931E-002
 performing expansion, best =    6.6000977595668836E-002
 performing expansion, best =    6.6000001831524019E-002
 performing expansion, best =    6.5998960306754062E-002
 performing expansion, best =    6.5998899329027819E-002
 performing expansion, best =    6.5998168382364233E-002
 performing expansion, best =    6.5997617930380600E-002
 performing expansion, best =    6.5995813049965421E-002
 performing expansion, best =    6.5994382388857700E-002
 performing expansion, best =    6.5991775607839379E-002
 performing expansion, best =    6.5989342538478601E-002
 performing expansion, best =    6.5987156815975570E-002
 performing expansion, best =    6.5984071426711394E-002
 performing expansion, best =    6.5983985016390287E-002
 performing expansion, best =    6.5981209747739578E-002
 performing expansion, best =    6.5978954202921297E-002
 performing expansion, best =    6.5973678430803540E-002
 performing expansion, best =    6.5969206918475770E-002
 performing expansion, best =    6.5965395468195659E-002
 performing expansion, best =    6.5961110874555764E-002
 performing expansion, best =    6.5960795739903044E-002
 performing expansion, best =    6.5959419020307844E-002
 performing expansion, best =    6.5958691648788190E-002
 performing expansion, best =    6.5954385000715071E-002
 performing expansion, best =    6.5951065606622672E-002
 performing expansion, best =    6.5950448350217100E-002
 performing expansion, best =    6.5950168673990006E-002
 performing expansion, best =    6.5949427670557906E-002
 performing expansion, best =    6.5947129919773737E-002
 performing expansion, best =    6.5945686485384569E-002
 performing expansion, best =    6.5945194746055064E-002
 performing expansion, best =    6.5944995759923131E-002
 performing expansion, best =    6.5943695987035103E-002
 performing expansion, best =    6.5943520467843644E-002
 performing expansion, best =    6.5942294595073406E-002
 performing expansion, best =    6.5941257633194542E-002
 performing expansion, best =    6.5940858808778632E-002
 performing expansion, best =    6.5938840178876412E-002
 performing expansion, best =    6.5936969193169839E-002
 performing expansion, best =    6.5935131090093815E-002
 performing expansion, best =    6.5934930487252283E-002
 performing expansion, best =    6.5934375740392653E-002
 performing expansion, best =    6.5933474960988017E-002
 performing expansion, best =    6.5931620274844463E-002
 performing expansion, best =    6.5931184175999052E-002
 performing expansion, best =    6.5928185995613314E-002
 performing expansion, best =    6.5926401911269888E-002
 performing expansion, best =    6.5926233927538977E-002
 performing expansion, best =    6.5925736120521841E-002
 performing expansion, best =    6.5925267944126231E-002
 performing expansion, best =    6.5924848931430996E-002
 performing expansion, best =    6.5924518170308907E-002
 performing expansion, best =    6.5924460859946826E-002
 performing expansion, best =    6.5922198685513342E-002
 performing expansion, best =    6.5921695804108657E-002
 performing expansion, best =    6.5921125020171598E-002
 performing expansion, best =    6.5920935197345515E-002
 performing expansion, best =    6.5920564659322611E-002
 performing expansion, best =    6.5919849237893027E-002
 performing expansion, best =    6.5919503765686352E-002
 performing expansion, best =    6.5919003460048628E-002
 performing expansion, best =    6.5917763693605191E-002
 performing expansion, best =    6.5917240879804287E-002
 performing expansion, best =    6.5917094354590394E-002
 performing expansion, best =    6.5915631790268728E-002
 performing expansion, best =    6.5913966181048028E-002
 performing expansion, best =    6.5912094563411308E-002
 performing expansion, best =    6.5911837939879661E-002
 performing expansion, best =    6.5911718405326697E-002
 performing expansion, best =    6.5909894509844080E-002
 performing expansion, best =    6.5907358332823768E-002
 performing expansion, best =    6.5907160213332761E-002
 performing expansion, best =    6.5906795863780468E-002
 performing expansion, best =    6.5903946290314097E-002
 performing expansion, best =    6.5903514591530321E-002
 performing expansion, best =    6.5903478690872805E-002
 performing expansion, best =    6.5901835727844665E-002
 performing expansion, best =    6.5901829998248063E-002
 performing expansion, best =    6.5901345176032397E-002
 performing expansion, best =    6.5900354858213245E-002
 performing expansion, best =    6.5898594997074678E-002
 performing expansion, best =    6.5898270372713022E-002
 performing expansion, best =    6.5898155456472776E-002
 performing expansion, best =    6.5897978185559952E-002
 performing expansion, best =    6.5897754761762156E-002
 performing expansion, best =    6.5897728530813174E-002
 performing expansion, best =    6.5897628778625539E-002
 performing expansion, best =    6.5896712043340272E-002
 performing expansion, best =    6.5896592328871628E-002
 performing expansion, best =    6.5896470491094983E-002
 performing expansion, best =    6.5896428559401324E-002
 performing expansion, best =    6.5896392374443752E-002
 performing expansion, best =    6.5896205651432310E-002
 performing expansion, best =    6.5896023061173273E-002
 performing expansion, best =    6.5895964276962093E-002
 performing expansion, best =    6.5895237578527638E-002
 performing expansion, best =    6.5895177573763244E-002
 performing expansion, best =    6.5895107331493813E-002
 performing expansion, best =    6.5895041846667377E-002
 performing expansion, best =    6.5894479471556952E-002
 performing expansion, best =    6.5893672067192779E-002
 performing expansion, best =    6.5893658775906819E-002
 performing expansion, best =    6.5893475312310518E-002
 performing expansion, best =    6.5893450806084788E-002
 performing expansion, best =    6.5893189958891166E-002
 performing expansion, best =    6.5892276337671335E-002
 performing expansion, best =    6.5892270219645319E-002
 performing expansion, best =    6.5892199428517373E-002
 performing expansion, best =    6.5891367731306522E-002
 performing expansion, best =    6.5890250364718878E-002
 performing expansion, best =    6.5889264982047557E-002
 performing expansion, best =    6.5888212784059597E-002
 performing expansion, best =    6.5886996502905040E-002
 performing expansion, best =    6.5885726757072036E-002
 performing expansion, best =    6.5884247719375219E-002
 performing expansion, best =    6.5882854056821288E-002
 performing expansion, best =    6.5881095480607998E-002
 performing expansion, best =    6.5879289472040053E-002
 performing expansion, best =    6.5877253541102465E-002
 performing expansion, best =    6.5875297041561143E-002
 performing expansion, best =    6.5872140837238496E-002
 performing expansion, best =    6.5869364529768534E-002
 performing expansion, best =    6.5866055298641896E-002
 performing expansion, best =    6.5862866731840330E-002
 performing expansion, best =    6.5859395841292231E-002
 performing expansion, best =    6.5859087708705050E-002
 performing expansion, best =    6.5854997448767272E-002
 performing expansion, best =    6.5850997322582733E-002
 performing expansion, best =    6.5846808652092095E-002
 performing expansion, best =    6.5846550239346005E-002
 performing expansion, best =    6.5845935120073668E-002
 performing expansion, best =    6.5845896867020817E-002
 performing expansion, best =    6.5845276479631842E-002
 performing expansion, best =    6.5845148004957443E-002
 performing expansion, best =    6.5844581466614094E-002
 performing expansion, best =    6.5843943979621289E-002
 performing expansion, best =    6.5843299884217305E-002
 performing expansion, best =    6.5842984517687109E-002
 performing expansion, best =    6.5842651902335542E-002
 performing expansion, best =    6.5842615730989193E-002
 performing expansion, best =    6.5842300951560087E-002
 performing expansion, best =    6.5842221042456781E-002
 performing expansion, best =    6.5841783791962177E-002
 performing expansion, best =    6.5841730312878308E-002
 performing expansion, best =    6.5841387403937288E-002
 performing expansion, best =    6.5841279809918871E-002
 performing expansion, best =    6.5841244690459683E-002
 performing expansion, best =    6.5841177392827813E-002
 performing expansion, best =    6.5841042317589152E-002
 performing expansion, best =    6.5841027895846366E-002
 performing expansion, best =    6.5840898675617460E-002
 performing expansion, best =    6.5839926040271501E-002
 performing expansion, best =    6.5839899440053348E-002
 performing expansion, best =    6.5839661676145494E-002
 performing expansion, best =    6.5839550019559379E-002
 performing expansion, best =    6.5839483737818782E-002
 performing expansion, best =    6.5838745585829861E-002
 performing expansion, best =    6.5837772578823034E-002
 performing expansion, best =    6.5837152115110154E-002
 performing expansion, best =    6.5836032385498636E-002
 performing expansion, best =    6.5834980331881232E-002
 performing expansion, best =    6.5834827132571050E-002
 performing expansion, best =    6.5833956410383615E-002
 performing expansion, best =    6.5833956232636132E-002
 performing expansion, best =    6.5833651157505363E-002
 performing expansion, best =    6.5833561770585691E-002
 performing expansion, best =    6.5833434594070456E-002
 performing expansion, best =    6.5832668539391626E-002
 performing expansion, best =    6.5832634953730304E-002
 performing expansion, best =    6.5832524021479530E-002
 performing expansion, best =    6.5832474427416632E-002
 performing expansion, best =    6.5832468524007440E-002
 performing expansion, best =    6.5832066436110073E-002
 performing expansion, best =    6.5832056152941909E-002
 performing expansion, best =    6.5831207290003302E-002
 performing expansion, best =    6.5831114050057746E-002
 performing expansion, best =    6.5831042860646435E-002
 performing expansion, best =    6.5830228879601882E-002
 performing expansion, best =    6.5829789296450975E-002
 performing expansion, best =    6.5829177448768122E-002
 performing expansion, best =    6.5828450994920198E-002
 performing expansion, best =    6.5828347638745663E-002
 performing expansion, best =    6.5827463114554577E-002
 performing expansion, best =    6.5826567812507022E-002
 performing expansion, best =    6.5825615542982024E-002
 performing expansion, best =    6.5824515067602979E-002
 performing expansion, best =    6.5824299603970488E-002
 performing expansion, best =    6.5824027254418910E-002
 performing expansion, best =    6.5823119993961454E-002
 performing expansion, best =    6.5822240632933238E-002
 performing expansion, best =    6.5822128834764335E-002
 performing expansion, best =    6.5821388084006685E-002
 performing expansion, best =    6.5821195303927493E-002
 performing expansion, best =    6.5820004541092283E-002
 performing expansion, best =    6.5819862287744266E-002
 performing expansion, best =    6.5818875810397484E-002
 performing expansion, best =    6.5817284691505884E-002
 performing expansion, best =    6.5815921731079349E-002
 performing expansion, best =    6.5815758895142393E-002
 performing expansion, best =    6.5814161048472597E-002
 performing expansion, best =    6.5812710409307792E-002
 performing expansion, best =    6.5812624314114790E-002
 performing expansion, best =    6.5810825431932646E-002
 performing expansion, best =    6.5808535715649222E-002
 performing expansion, best =    6.5808114270578491E-002
 performing expansion, best =    6.5805882173407465E-002
 performing expansion, best =    6.5805741101480575E-002
 performing expansion, best =    6.5803554903970760E-002
 performing expansion, best =    6.5800744727248311E-002
 performing expansion, best =    6.5800548541173329E-002
 performing expansion, best =    6.5797837458133571E-002
 performing expansion, best =    6.5795135625165355E-002
 performing expansion, best =    6.5792488238079733E-002
 performing expansion, best =    6.5791967220191386E-002
 performing expansion, best =    6.5791844511167666E-002
 performing expansion, best =    6.5791702285886822E-002
 performing expansion, best =    6.5791201835908836E-002
 performing expansion, best =    6.5787969843088004E-002
 performing expansion, best =    6.5784863724006146E-002
 performing expansion, best =    6.5781920295024388E-002
 performing expansion, best =    6.5778752414606609E-002
 performing expansion, best =    6.5778614655005438E-002
 performing expansion, best =    6.5778267410567318E-002
 performing expansion, best =    6.5776316486533648E-002
 performing expansion, best =    6.5776279665843623E-002
 performing expansion, best =    6.5775017534354774E-002
 performing expansion, best =    6.5773642810710728E-002
 performing expansion, best =    6.5773459845152052E-002
 performing expansion, best =    6.5773332695518980E-002
 performing expansion, best =    6.5772163071646267E-002
 performing expansion, best =    6.5770434661997362E-002
 performing expansion, best =    6.5768915619431823E-002
 performing expansion, best =    6.5768580524579373E-002
 performing expansion, best =    6.5768466990128713E-002
 performing expansion, best =    6.5766945532860221E-002
 performing expansion, best =    6.5766664997717300E-002
 performing expansion, best =    6.5766467240528717E-002
 performing expansion, best =    6.5766397857429160E-002
 performing expansion, best =    6.5765127996510020E-002
 performing expansion, best =    6.5764840928078924E-002
 performing expansion, best =    6.5764781171652895E-002
 performing expansion, best =    6.5764753839961276E-002
 performing expansion, best =    6.5764629603081493E-002
 performing expansion, best =    6.5764519085956860E-002
 performing expansion, best =    6.5764506503143014E-002
 performing expansion, best =    6.5763821225749933E-002
 performing expansion, best =    6.5763568437001665E-002
 performing expansion, best =    6.5763443825639825E-002
 performing expansion, best =    6.5763315065563085E-002
 performing expansion, best =    6.5763271472212323E-002
 performing expansion, best =    6.5763208051088859E-002
 performing expansion, best =    6.5762575076984894E-002
 performing expansion, best =    6.5762515725182963E-002
 performing expansion, best =    6.5762351615301057E-002
 performing expansion, best =    6.5762264387632718E-002
 performing expansion, best =    6.5762121689465255E-002
 performing expansion, best =    6.5761459316716078E-002
 performing expansion, best =    6.5761439349543774E-002
 performing expansion, best =    6.5761412619373960E-002
 performing expansion, best =    6.5761331687386293E-002
 performing expansion, best =    6.5760829124204251E-002
 performing expansion, best =    6.5760275777139512E-002
 performing expansion, best =    6.5760186681052810E-002
 performing expansion, best =    6.5760096735372614E-002
 performing expansion, best =    6.5759510401796131E-002
 performing expansion, best =    6.5759442907267263E-002
 performing expansion, best =    6.5759392682057369E-002
 performing expansion, best =    6.5758907986877155E-002
 performing expansion, best =    6.5758833009283743E-002
 performing expansion, best =    6.5758307994948487E-002
 performing expansion, best =    6.5758120742166776E-002
 performing expansion, best =    6.5758093269909446E-002
 performing expansion, best =    6.5758060389593365E-002
 performing expansion, best =    6.5758054058542875E-002
 performing expansion, best =    6.5758005129113548E-002
 performing expansion, best =    6.5757575658913756E-002
 performing expansion, best =    6.5757528628231934E-002
 performing expansion, best =    6.5757515987611037E-002
 performing expansion, best =    6.5757513445322616E-002
 performing expansion, best =    6.5757428216066408E-002
 performing expansion, best =    6.5757399747822784E-002
 performing expansion, best =    6.5757122137208496E-002
 performing expansion, best =    6.5757086274392029E-002
 performing expansion, best =    6.5757054044029095E-002
 performing expansion, best =    6.5757042298363419E-002
 performing expansion, best =    6.5757024296947866E-002
 performing expansion, best =    6.5756717587313149E-002
 performing expansion, best =    6.5756604398691673E-002
 performing expansion, best =    6.5756596288090594E-002
 performing expansion, best =    6.5756571749581397E-002
 performing expansion, best =    6.5756561719773551E-002
 performing expansion, best =    6.5756524200438718E-002
 performing expansion, best =    6.5756506513072355E-002
 performing expansion, best =    6.5756465096272684E-002
 performing expansion, best =    6.5756217918698706E-002
 performing expansion, best =    6.5756166900672694E-002
 performing expansion, best =    6.5756145622762233E-002
 performing expansion, best =    6.5756111216035001E-002
 performing expansion, best =    6.5755783741606927E-002
 performing expansion, best =    6.5755445933985079E-002
 performing expansion, best =    6.5755155329387235E-002
 performing expansion, best =    6.5754803908132473E-002
 performing expansion, best =    6.5754486714221835E-002
 performing expansion, best =    6.5754189196003052E-002
 performing expansion, best =    6.5754105435353899E-002
 performing expansion, best =    6.5753642136018794E-002
 performing expansion, best =    6.5753199255270622E-002
 performing expansion, best =    6.5752833939969946E-002
 performing expansion, best =    6.5752821939071796E-002
 performing expansion, best =    6.5752391735007132E-002
 performing expansion, best =    6.5752269970175553E-002
 performing expansion, best =    6.5751763664848709E-002
 performing expansion, best =    6.5751711208849137E-002
 performing expansion, best =    6.5751294991982429E-002
 performing expansion, best =    6.5751225053158918E-002
 performing expansion, best =    6.5750762850307204E-002
 performing expansion, best =    6.5750737580022645E-002
 performing expansion, best =    6.5750676603346880E-002
 performing expansion, best =    6.5750555375443387E-002
 performing expansion, best =    6.5750029273144286E-002
 performing expansion, best =    6.5750028968179025E-002
 performing expansion, best =    6.5750001899448615E-002
 performing expansion, best =    6.5749618510699867E-002
 performing expansion, best =    6.5749600971169303E-002
 performing expansion, best =    6.5749596296011875E-002
 performing expansion, best =    6.5749529635154791E-002
 performing expansion, best =    6.5749252009760797E-002
 performing expansion, best =    6.5749209768685479E-002
 performing expansion, best =    6.5749144492821793E-002
 performing expansion, best =    6.5749103432046513E-002
 performing expansion, best =    6.5749044701675016E-002
 performing expansion, best =    6.5749005821115800E-002
 performing expansion, best =    6.5748989456592744E-002
 performing expansion, best =    6.5748924950911836E-002
 performing expansion, best =    6.5748649839225320E-002
 performing expansion, best =    6.5748642402245691E-002
 performing expansion, best =    6.5748614460881302E-002
 performing expansion, best =    6.5748349731794525E-002
 performing expansion, best =    6.5748290388966388E-002
 performing expansion, best =    6.5748037014831229E-002
 performing expansion, best =    6.5747985343707419E-002
 performing expansion, best =    6.5747714952494526E-002
 performing expansion, best =    6.5747680006884773E-002
 performing expansion, best =    6.5747674110953808E-002
 performing expansion, best =    6.5747636617895122E-002
 performing expansion, best =    6.5747626531454148E-002
 performing expansion, best =    6.5747584329533884E-002
 performing expansion, best =    6.5747567128424708E-002
 performing expansion, best =    6.5747565275406469E-002
 performing expansion, best =    6.5747545212829564E-002
 performing expansion, best =    6.5747511967870417E-002
 performing expansion, best =    6.5747488775437735E-002
 performing expansion, best =    6.5747488127000875E-002
 performing expansion, best =    6.5747434264740987E-002
 performing expansion, best =    6.5747431165184986E-002
 performing expansion, best =    6.5747423582178735E-002
 performing expansion, best =    6.5747418710478803E-002
 performing expansion, best =    6.5747394646639021E-002
 performing expansion, best =    6.5747373232529757E-002
 performing expansion, best =    6.5747355913633773E-002
 performing expansion, best =    6.5747260684095185E-002
 performing expansion, best =    6.5747254315376077E-002
 performing expansion, best =    6.5747192494672702E-002
 performing expansion, best =    6.5747190590781851E-002
 performing expansion, best =    6.5747180005814851E-002
 performing expansion, best =    6.5747166722396666E-002
 performing expansion, best =    6.5747154107762926E-002
 performing expansion, best =    6.5747148468084632E-002
 performing expansion, best =    6.5747142889276439E-002
 performing expansion, best =    6.5747127594103408E-002
 performing expansion, best =    6.5747120246171853E-002
 performing expansion, best =    6.5747060060179940E-002
 performing expansion, best =    6.5747025198215833E-002
 performing expansion, best =    6.5747022930153720E-002
 performing expansion, best =    6.5747019506555010E-002
 performing expansion, best =    6.5747014645095678E-002
 performing expansion, best =    6.5747013491120804E-002
 performing expansion, best =    6.5747009084694122E-002
 performing expansion, best =    6.5747003940937854E-002
 performing expansion, best =    6.5747001375368305E-002
 performing expansion, best =    6.5746995906856620E-002
 performing expansion, best =    6.5746990123860330E-002
 performing expansion, best =    6.5746989493759442E-002
 performing expansion, best =    6.5746985503582239E-002
 performing expansion, best =    6.5746984627103391E-002
 performing expansion, best =    6.5746982096906131E-002
 performing expansion, best =    6.5746977927707034E-002
 performing expansion, best =    6.5746954447534908E-002
 performing expansion, best =    6.5746953050966506E-002
 performing expansion, best =    6.5746952456720423E-002
 performing expansion, best =    6.5746935389417810E-002
 performing expansion, best =    6.5746934048988681E-002
 performing expansion, best =    6.5746933402861266E-002
 performing expansion, best =    6.5746931724327065E-002
 performing expansion, best =    6.5746929872861071E-002
 performing expansion, best =    6.5746927789033904E-002
 performing expansion, best =    6.5746927491809937E-002
 performing expansion, best =    6.5746912917958852E-002
 performing expansion, best =    6.5746894320756699E-002
 performing expansion, best =    6.5746890872141667E-002
 performing expansion, best =    6.5746888785681440E-002
 performing expansion, best =    6.5746888548338364E-002
 performing expansion, best =    6.5746874235658337E-002
 performing expansion, best =    6.5746861123605477E-002
 performing expansion, best =    6.5746860999855480E-002
 performing expansion, best =    6.5746858724472806E-002
 performing expansion, best =    6.5746845896570691E-002
 performing expansion, best =    6.5746845022175107E-002
 performing expansion, best =    6.5746842802524963E-002
 performing expansion, best =    6.5746840510383375E-002
 performing expansion, best =    6.5746837212447465E-002
 performing expansion, best =    6.5746822883993555E-002
 performing expansion, best =    6.5746822329707480E-002
 performing expansion, best =    6.5746808167876258E-002
 performing expansion, best =    6.5746792404886789E-002
 performing expansion, best =    6.5746776297882212E-002
 performing expansion, best =    6.5746775886628334E-002
 performing expansion, best =    6.5746759464733642E-002
 performing expansion, best =    6.5746740290900885E-002
 performing expansion, best =    6.5746718476699037E-002
 performing expansion, best =    6.5746694356908220E-002
 performing expansion, best =    6.5746668574906825E-002
 performing expansion, best =    6.5746636341549786E-002
 performing expansion, best =    6.5746602537453541E-002
 performing expansion, best =    6.5746569474323183E-002
 performing expansion, best =    6.5746531666027480E-002
 performing expansion, best =    6.5746489766083938E-002
 performing expansion, best =    6.5746438503113333E-002
 performing expansion, best =    6.5746381474025867E-002
 performing expansion, best =    6.5746323508706045E-002
 performing expansion, best =    6.5746253797344792E-002
 performing expansion, best =    6.5746161957383725E-002
 performing expansion, best =    6.5746075518081870E-002
 performing expansion, best =    6.5745990199793505E-002
 performing expansion, best =    6.5745885685290009E-002
 performing expansion, best =    6.5745774309057065E-002
 performing expansion, best =    6.5745647114414912E-002
 performing expansion, best =    6.5745518335939196E-002
 performing expansion, best =    6.5745373604568336E-002
 performing expansion, best =    6.5745222075798887E-002
 performing expansion, best =    6.5745050746309874E-002
 performing expansion, best =    6.5744888039391311E-002
 performing expansion, best =    6.5744720832575904E-002
 performing expansion, best =    6.5744549984758302E-002
 performing expansion, best =    6.5744360105445931E-002
 performing expansion, best =    6.5744160053670023E-002
 performing expansion, best =    6.5743997122922546E-002
 performing expansion, best =    6.5743973236076253E-002
 performing expansion, best =    6.5743812968716953E-002
 performing expansion, best =    6.5743613625621852E-002
 performing expansion, best =    6.5743433709594332E-002
 performing expansion, best =    6.5743275637832901E-002
 performing expansion, best =    6.5743271701386358E-002
 performing expansion, best =    6.5743134793218236E-002
 performing expansion, best =    6.5742988380558642E-002
 performing expansion, best =    6.5742854445680191E-002
 performing expansion, best =    6.5742709542236918E-002
 performing expansion, best =    6.5742597310643316E-002
 performing expansion, best =    6.5742488938586544E-002
 performing expansion, best =    6.5742383472020646E-002
 performing expansion, best =    6.5742286397344599E-002
 performing expansion, best =    6.5742244876723352E-002
 performing expansion, best =    6.5742174937567052E-002
 performing expansion, best =    6.5742119122496723E-002
 performing expansion, best =    6.5742075446415901E-002
 performing expansion, best =    6.5742027301111131E-002
 performing expansion, best =    6.5741964379436552E-002
 performing expansion, best =    6.5741904657202727E-002
 performing expansion, best =    6.5741865838812641E-002
 performing expansion, best =    6.5741862470902843E-002
 performing expansion, best =    6.5741849149820120E-002
 performing expansion, best =    6.5741840140970523E-002
 performing expansion, best =    6.5741793273077387E-002
 performing expansion, best =    6.5741789977259643E-002
 performing expansion, best =    6.5741750311211988E-002
 performing expansion, best =    6.5741740754199862E-002
 performing expansion, best =    6.5741733963319754E-002
 performing expansion, best =    6.5741731665184266E-002
 performing expansion, best =    6.5741679855697080E-002
 performing expansion, best =    6.5741663230576966E-002
 performing expansion, best =    6.5741608039801669E-002
 performing expansion, best =    6.5741553484994192E-002
 performing expansion, best =    6.5741549485755973E-002
 performing expansion, best =    6.5741532468741051E-002
 performing expansion, best =    6.5741524106215241E-002
 performing expansion, best =    6.5741514533318265E-002
 performing expansion, best =    6.5741510051839744E-002
 performing expansion, best =    6.5741505298737082E-002
 performing expansion, best =    6.5741504806432538E-002
 performing expansion, best =    6.5741503126499345E-002
 performing expansion, best =    6.5741496635371502E-002
 performing expansion, best =    6.5741458554875426E-002
 performing expansion, best =    6.5741448547687209E-002
 performing expansion, best =    6.5741447467122655E-002
 performing expansion, best =    6.5741438028337360E-002
 performing expansion, best =    6.5741428541214342E-002
 performing expansion, best =    6.5741426115567381E-002
 performing expansion, best =    6.5741420995122368E-002
 performing expansion, best =    6.5741387980611216E-002
 performing expansion, best =    6.5741385241241596E-002
 performing expansion, best =    6.5741357822549626E-002
 performing expansion, best =    6.5741352630918681E-002
 performing expansion, best =    6.5741320769321307E-002
 performing expansion, best =    6.5741293453759592E-002
 performing expansion, best =    6.5741293007613694E-002
 performing expansion, best =    6.5741291176477007E-002
 performing expansion, best =    6.5741289004319567E-002
 performing expansion, best =    6.5741279653799334E-002
 performing expansion, best =    6.5741274441733721E-002
 performing expansion, best =    6.5741271934318696E-002
 performing expansion, best =    6.5741266829595760E-002
 performing expansion, best =    6.5741263982734610E-002
 performing expansion, best =    6.5741262209131388E-002
 performing expansion, best =    6.5741261597607140E-002
 performing expansion, best =    6.5741260172741109E-002
 performing expansion, best =    6.5741259669362506E-002
 performing expansion, best =    6.5741254357407228E-002
 performing expansion, best =    6.5741252677422785E-002
 performing expansion, best =    6.5741252243251488E-002
 performing expansion, best =    6.5741239909011442E-002
 performing expansion, best =    6.5741238477639977E-002
 performing expansion, best =    6.5741237606683489E-002
 performing expansion, best =    6.5741228045057221E-002
 performing expansion, best =    6.5741227133555930E-002
 performing expansion, best =    6.5741225148743740E-002
 performing expansion, best =    6.5741217113606434E-002
 performing expansion, best =    6.5741216169936167E-002
 performing expansion, best =    6.5741215146134263E-002
 performing expansion, best =    6.5741213714968202E-002
 performing expansion, best =    6.5741211812782321E-002
 performing expansion, best =    6.5741210913688244E-002
 performing expansion, best =    6.5741210841788550E-002
 performing expansion, best =    6.5741210594514418E-002
 performing expansion, best =    6.5741203757458427E-002
 performing expansion, best =    6.5741202796415668E-002
 performing expansion, best =    6.5741202032134238E-002
 performing expansion, best =    6.5741201598481833E-002
 performing expansion, best =    6.5741201038042402E-002
 performing expansion, best =    6.5741200718149900E-002
 performing expansion, best =    6.5741196199214563E-002
 performing expansion, best =    6.5741194040296783E-002
 performing expansion, best =    6.5741187928764794E-002
 performing expansion, best =    6.5741182710212537E-002
 performing expansion, best =    6.5741176241313634E-002
 performing expansion, best =    6.5741175742434182E-002
 performing expansion, best =    6.5741168940900291E-002
 performing expansion, best =    6.5741167278527177E-002
 performing expansion, best =    6.5741166225907172E-002
 performing expansion, best =    6.5741157601734102E-002
 performing expansion, best =    6.5741155939744986E-002
 performing expansion, best =    6.5741147906945505E-002
 performing expansion, best =    6.5741139731422260E-002
 performing expansion, best =    6.5741131212223622E-002
 performing expansion, best =    6.5741128449401207E-002
 performing expansion, best =    6.5741117675843522E-002
 performing expansion, best =    6.5741107988840683E-002
 performing expansion, best =    6.5741095058076571E-002
 performing expansion, best =    6.5741082984881599E-002
 performing expansion, best =    6.5741070530909634E-002
 performing expansion, best =    6.5741057455456803E-002
 performing expansion, best =    6.5741056348602431E-002
 performing expansion, best =    6.5741042923265922E-002
 performing expansion, best =    6.5741042352041854E-002
 performing expansion, best =    6.5741028111223232E-002
 performing expansion, best =    6.5741013941994039E-002
 performing expansion, best =    6.5740999451148599E-002
 performing expansion, best =    6.5740985683823000E-002
 performing expansion, best =    6.5740982366063391E-002
 performing expansion, best =    6.5740968026230889E-002
 performing expansion, best =    6.5740967075843607E-002
 performing expansion, best =    6.5740966748657592E-002
 performing expansion, best =    6.5740954498115470E-002
 performing expansion, best =    6.5740939593438547E-002
 performing expansion, best =    6.5740926459811347E-002
 performing expansion, best =    6.5740912886222802E-002
 performing expansion, best =    6.5740898286135760E-002
 performing expansion, best =    6.5740883476883158E-002
 performing expansion, best =    6.5740882374381929E-002
 performing expansion, best =    6.5740872965086433E-002
 performing expansion, best =    6.5740870233576332E-002
 performing expansion, best =    6.5740861188698679E-002
 performing expansion, best =    6.5740843374345243E-002
 performing expansion, best =    6.5740829571142245E-002
 performing expansion, best =    6.5740818459112504E-002
 performing expansion, best =    6.5740816549133885E-002
 performing expansion, best =    6.5740815474315914E-002
 performing expansion, best =    6.5740804982963877E-002
 performing expansion, best =    6.5740792664436706E-002
 performing expansion, best =    6.5740791630349696E-002
 performing expansion, best =    6.5740779551624842E-002
 performing expansion, best =    6.5740766271946680E-002
 performing expansion, best =    6.5740756197875838E-002
 performing expansion, best =    6.5740737859605991E-002
 performing expansion, best =    6.5740723829454742E-002
 performing expansion, best =    6.5740718810030380E-002
 performing expansion, best =    6.5740714835877359E-002
 performing expansion, best =    6.5740713425507635E-002
 performing expansion, best =    6.5740711442195648E-002
 performing expansion, best =    6.5740710535924243E-002
 performing expansion, best =    6.5740709412603376E-002
 performing expansion, best =    6.5740706465450591E-002
 performing expansion, best =    6.5740706233518215E-002
 performing expansion, best =    6.5740705162054019E-002
 performing expansion, best =    6.5740704705652325E-002
 performing expansion, best =    6.5740704210183409E-002
 performing expansion, best =    6.5740703111482945E-002
 performing expansion, best =    6.5740702601348691E-002
 performing expansion, best =    6.5740702020245775E-002
 performing expansion, best =    6.5740701616583186E-002
 performing expansion, best =    6.5740701242404109E-002
 performing expansion, best =    6.5740701210868363E-002
 performing expansion, best =    6.5740699130728622E-002
 performing expansion, best =    6.5740698962151622E-002
 performing expansion, best =    6.5740698561386118E-002
 performing expansion, best =    6.5740696053465178E-002
 performing expansion, best =    6.5740693767433481E-002
 performing expansion, best =    6.5740691022039999E-002
 performing expansion, best =    6.5740690835240159E-002
 performing expansion, best =    6.5740688251984328E-002
 performing expansion, best =    6.5740685279826946E-002
 performing expansion, best =    6.5740682416184221E-002
 performing expansion, best =    6.5740682028255004E-002
 performing expansion, best =    6.5740681317107641E-002
 performing expansion, best =    6.5740678001670091E-002
 performing expansion, best =    6.5740674480896821E-002
 performing expansion, best =    6.5740671055259742E-002
 performing expansion, best =    6.5740670780785354E-002
 performing expansion, best =    6.5740670752049021E-002
 performing expansion, best =    6.5740669846084634E-002
 performing expansion, best =    6.5740669775628119E-002
 performing expansion, best =    6.5740669752920047E-002
 performing expansion, best =    6.5740669152939635E-002
 performing expansion, best =    6.5740668905916635E-002
 performing expansion, best =    6.5740668559133242E-002
 performing expansion, best =    6.5740668520578027E-002
 performing expansion, best =    6.5740666179665438E-002
 performing expansion, best =    6.5740666094566649E-002
 performing expansion, best =    6.5740663188628881E-002
 performing expansion, best =    6.5740660829728709E-002
 performing expansion, best =    6.5740657855370283E-002
 performing expansion, best =    6.5740654651986918E-002
 performing expansion, best =    6.5740654420271175E-002
 performing expansion, best =    6.5740652250860482E-002
 performing expansion, best =    6.5740649782728366E-002
 performing expansion, best =    6.5740646323609042E-002
 performing expansion, best =    6.5740643591244458E-002
 performing expansion, best =    6.5740639337229984E-002
 performing expansion, best =    6.5740636210222664E-002
 performing expansion, best =    6.5740635408948936E-002
 performing expansion, best =    6.5740631906270247E-002
 performing expansion, best =    6.5740629157567204E-002
 performing expansion, best =    6.5740629021494509E-002
 performing expansion, best =    6.5740626689106518E-002
 performing expansion, best =    6.5740626238832783E-002
 performing expansion, best =    6.5740624158390701E-002
 performing expansion, best =    6.5740623846631568E-002
 performing expansion, best =    6.5740623811338383E-002
 performing expansion, best =    6.5740623438842960E-002
 performing expansion, best =    6.5740621525224613E-002
 performing expansion, best =    6.5740621411433192E-002
 performing expansion, best =    6.5740621298229385E-002
 performing expansion, best =    6.5740621219969680E-002
 performing expansion, best =    6.5740620841442832E-002
 performing expansion, best =    6.5740620829896498E-002
 performing expansion, best =    6.5740620668495814E-002
 performing expansion, best =    6.5740620666478025E-002
 performing expansion, best =    6.5740619990472191E-002
 performing expansion, best =    6.5740619848171825E-002
 performing expansion, best =    6.5740619823314597E-002
 performing expansion, best =    6.5740619177136000E-002
 performing expansion, best =    6.5740619036152220E-002
 performing expansion, best =    6.5740619012431667E-002
 performing expansion, best =    6.5740618776859397E-002
 performing expansion, best =    6.5740617844632976E-002
 performing expansion, best =    6.5740616895923795E-002
 performing expansion, best =    6.5740616830922596E-002
 performing expansion, best =    6.5740616720115733E-002
 performing expansion, best =    6.5740616077268083E-002
 performing expansion, best =    6.5740615289122548E-002
 performing expansion, best =    6.5740615250068843E-002
 performing expansion, best =    6.5740615107637845E-002
 performing expansion, best =    6.5740614362149591E-002
 performing expansion, best =    6.5740613561428615E-002
 performing expansion, best =    6.5740613483871474E-002
 performing expansion, best =    6.5740612675520171E-002
 performing expansion, best =    6.5740611799766424E-002
 performing expansion, best =    6.5740611038272542E-002
 performing expansion, best =    6.5740610338092184E-002
 performing expansion, best =    6.5740609320177959E-002
 performing expansion, best =    6.5740608283576737E-002
 performing expansion, best =    6.5740607757082806E-002
 performing expansion, best =    6.5740606648374694E-002
 performing expansion, best =    6.5740605998405158E-002
 performing expansion, best =    6.5740605881934103E-002
 performing expansion, best =    6.5740605680875822E-002
 performing expansion, best =    6.5740605555944132E-002
 performing expansion, best =    6.5740604741070019E-002
 performing expansion, best =    6.5740604733555558E-002
 performing expansion, best =    6.5740604228853125E-002
 performing expansion, best =    6.5740603686520321E-002
 performing expansion, best =    6.5740603583305010E-002
 performing expansion, best =    6.5740603580949422E-002
 performing expansion, best =    6.5740603025288474E-002
 performing expansion, best =    6.5740602689941696E-002
 performing expansion, best =    6.5740602654285871E-002
 performing expansion, best =    6.5740602572408879E-002
 performing expansion, best =    6.5740601924083986E-002
 performing expansion, best =    6.5740601501638213E-002
 performing expansion, best =    6.5740601462023457E-002
 performing expansion, best =    6.5740601118819034E-002
 performing expansion, best =    6.5740600713229194E-002
 performing expansion, best =    6.5740600283221109E-002
 performing expansion, best =    6.5740600177611588E-002
 performing expansion, best =    6.5740599755446799E-002
 performing expansion, best =    6.5740599395359076E-002
 performing expansion, best =    6.5740599218028564E-002
 performing expansion, best =    6.5740598553034546E-002
 performing expansion, best =    6.5740597957028440E-002
 performing expansion, best =    6.5740597386882163E-002
 performing expansion, best =    6.5740596542184879E-002
 performing expansion, best =    6.5740595480831290E-002
 performing expansion, best =    6.5740594452553258E-002
 performing expansion, best =    6.5740593294347838E-002
 performing expansion, best =    6.5740592051816912E-002
 performing expansion, best =    6.5740590749648081E-002
 performing expansion, best =    6.5740589750724235E-002
 performing expansion, best =    6.5740588075324707E-002
 performing expansion, best =    6.5740585750638555E-002
 performing expansion, best =    6.5740583699492608E-002
 performing expansion, best =    6.5740581292160080E-002
 performing expansion, best =    6.5740578789154000E-002
 performing expansion, best =    6.5740575813233740E-002
 performing expansion, best =    6.5740572432087988E-002
 performing expansion, best =    6.5740568877611108E-002
 performing expansion, best =    6.5740565243427612E-002
 performing expansion, best =    6.5740561054754273E-002
 performing expansion, best =    6.5740556367561501E-002
 performing expansion, best =    6.5740551578309422E-002
 performing expansion, best =    6.5740547497599597E-002
 performing expansion, best =    6.5740546770845606E-002
 performing expansion, best =    6.5740541896993854E-002
 performing expansion, best =    6.5740541343317332E-002
 performing expansion, best =    6.5740536498830673E-002
 performing expansion, best =    6.5740532181293929E-002
 performing expansion, best =    6.5740526986435691E-002
 performing expansion, best =    6.5740522863190640E-002
 performing expansion, best =    6.5740522562867706E-002
 performing expansion, best =    6.5740517635704182E-002
 performing expansion, best =    6.5740517184943004E-002
 performing expansion, best =    6.5740513059534628E-002
 performing expansion, best =    6.5740512795745026E-002
 performing expansion, best =    6.5740511715451908E-002
 performing expansion, best =    6.5740507699036624E-002
 performing expansion, best =    6.5740507695735584E-002
 performing expansion, best =    6.5740507111697183E-002
 performing expansion, best =    6.5740506994360293E-002
 performing expansion, best =    6.5740506009242083E-002
 performing expansion, best =    6.5740505929175588E-002
 performing expansion, best =    6.5740503293241562E-002
 performing expansion, best =    6.5740503111726856E-002
 performing expansion, best =    6.5740502949346968E-002
 performing expansion, best =    6.5740502638288900E-002
 performing expansion, best =    6.5740500092995036E-002
 performing expansion, best =    6.5740500057615947E-002
 performing expansion, best =    6.5740499721669607E-002
 performing expansion, best =    6.5740499323361609E-002
 performing expansion, best =    6.5740498952047699E-002
 performing expansion, best =    6.5740498725975788E-002
 performing expansion, best =    6.5740497033861423E-002
 performing expansion, best =    6.5740496763935855E-002
 performing expansion, best =    6.5740494815288042E-002
 performing expansion, best =    6.5740493083988882E-002
 performing expansion, best =    6.5740493021779395E-002
 performing expansion, best =    6.5740491426446127E-002
 performing expansion, best =    6.5740489579714456E-002
 performing expansion, best =    6.5740489162346510E-002
 performing expansion, best =    6.5740489079074635E-002
 performing expansion, best =    6.5740488860624821E-002
 performing expansion, best =    6.5740488656942861E-002
 performing expansion, best =    6.5740487532958719E-002
 performing expansion, best =    6.5740487246039495E-002
 performing expansion, best =    6.5740486134168413E-002
 performing expansion, best =    6.5740484955823797E-002
 performing expansion, best =    6.5740484788039968E-002
 performing expansion, best =    6.5740484630985419E-002
 performing expansion, best =    6.5740484241853886E-002
 performing expansion, best =    6.5740484176439767E-002
 performing expansion, best =    6.5740484136889266E-002
 performing expansion, best =    6.5740484029375865E-002
 performing expansion, best =    6.5740483329624677E-002
 performing expansion, best =    6.5740483042745795E-002
 performing expansion, best =    6.5740482384220325E-002
 performing expansion, best =    6.5740482147397056E-002
 performing expansion, best =    6.5740481401413392E-002
 performing expansion, best =    6.5740481325659836E-002
 performing expansion, best =    6.5740481301565193E-002
 performing expansion, best =    6.5740480699737272E-002
 performing expansion, best =    6.5740479898552598E-002
 performing expansion, best =    6.5740478994148921E-002
 performing expansion, best =    6.5740478426979193E-002
 performing expansion, best =    6.5740477361683244E-002
 performing expansion, best =    6.5740476202193462E-002
 performing expansion, best =    6.5740475486336797E-002
 performing expansion, best =    6.5740474357094375E-002
 performing expansion, best =    6.5740473462014684E-002
 performing expansion, best =    6.5740473110222269E-002
 performing expansion, best =    6.5740471504106751E-002
 performing expansion, best =    6.5740470430320649E-002
 performing expansion, best =    6.5740470285279240E-002
 performing expansion, best =    6.5740468547302186E-002
 performing expansion, best =    6.5740466880588669E-002
 performing expansion, best =    6.5740466320011307E-002
 performing expansion, best =    6.5740464596347636E-002
 performing expansion, best =    6.5740463262003113E-002
 performing expansion, best =    6.5740463090173978E-002
 performing expansion, best =    6.5740461869671390E-002
 performing expansion, best =    6.5740461798377697E-002
 performing expansion, best =    6.5740461578796358E-002
 performing expansion, best =    6.5740460833359188E-002
 performing expansion, best =    6.5740460829969802E-002
 performing expansion, best =    6.5740460018645933E-002
 performing expansion, best =    6.5740458230280296E-002
 performing expansion, best =    6.5740458223584486E-002
 performing expansion, best =    6.5740457943847877E-002
 performing expansion, best =    6.5740457729283261E-002
 performing expansion, best =    6.5740456226154070E-002
 performing expansion, best =    6.5740455929257466E-002
 performing expansion, best =    6.5740454172660071E-002
 performing expansion, best =    6.5740452459159118E-002
 performing expansion, best =    6.5740450946511306E-002
 performing expansion, best =    6.5740448906284901E-002
 performing expansion, best =    6.5740447032065386E-002
 performing expansion, best =    6.5740446043881934E-002
 performing expansion, best =    6.5740443703683343E-002
 performing expansion, best =    6.5740442858480963E-002
 performing expansion, best =    6.5740441687346135E-002
 performing expansion, best =    6.5740440448801146E-002
 performing expansion, best =    6.5740439428431080E-002
 performing expansion, best =    6.5740439127907238E-002
 performing expansion, best =    6.5740437987608258E-002
 performing expansion, best =    6.5740436151925902E-002
 performing expansion, best =    6.5740435562835528E-002
 performing expansion, best =    6.5740435339654207E-002
 performing expansion, best =    6.5740435030922029E-002
 performing expansion, best =    6.5740434453350954E-002
 performing expansion, best =    6.5740433074289492E-002
 performing expansion, best =    6.5740431018565054E-002
 performing expansion, best =    6.5740427656987746E-002
 performing expansion, best =    6.5740425471882358E-002
 performing expansion, best =    6.5740423511525703E-002
 performing expansion, best =    6.5740421379484881E-002
 performing expansion, best =    6.5740421085787593E-002
 performing expansion, best =    6.5740420489556875E-002
 performing expansion, best =    6.5740419017625701E-002
 performing expansion, best =    6.5740418482214361E-002
 performing expansion, best =    6.5740417803663381E-002
 performing expansion, best =    6.5740416705701021E-002
 performing expansion, best =    6.5740416447010216E-002
 performing expansion, best =    6.5740414935327729E-002
 performing expansion, best =    6.5740414165269212E-002
 performing expansion, best =    6.5740412941063073E-002
 performing expansion, best =    6.5740412622184122E-002
 performing expansion, best =    6.5740412237709475E-002
 performing expansion, best =    6.5740412055226599E-002
 performing expansion, best =    6.5740410835663537E-002
 performing expansion, best =    6.5740410694593798E-002
 performing expansion, best =    6.5740410684174105E-002
 performing expansion, best =    6.5740409670927646E-002
 performing expansion, best =    6.5740409497365343E-002
 performing expansion, best =    6.5740409378244227E-002
 performing expansion, best =    6.5740408971928621E-002
 performing expansion, best =    6.5740408929576166E-002
 performing expansion, best =    6.5740408824482052E-002
 performing expansion, best =    6.5740408266833666E-002
 performing expansion, best =    6.5740408126872374E-002
 performing expansion, best =    6.5740407012608679E-002
 performing expansion, best =    6.5740406666675369E-002
 performing expansion, best =    6.5740406579550867E-002
 performing expansion, best =    6.5740406404571086E-002
 performing expansion, best =    6.5740406345276239E-002
 performing expansion, best =    6.5740406106543497E-002
 performing expansion, best =    6.5740405073041935E-002
 performing expansion, best =    6.5740404922070006E-002
 performing expansion, best =    6.5740404137158759E-002
 performing expansion, best =    6.5740403991099705E-002
 performing expansion, best =    6.5740403744419640E-002
 performing expansion, best =    6.5740403391931740E-002
 performing expansion, best =    6.5740403356856103E-002
 performing expansion, best =    6.5740402914521240E-002
 performing expansion, best =    6.5740402053118957E-002
 performing expansion, best =    6.5740402007431115E-002
 performing expansion, best =    6.5740401065967569E-002
 performing expansion, best =    6.5740400400017523E-002
 performing expansion, best =    6.5740399807955083E-002
 performing expansion, best =    6.5740399287025589E-002
 performing expansion, best =    6.5740399237461652E-002
 performing expansion, best =    6.5740399147946479E-002
 performing expansion, best =    6.5740399069708591E-002
 performing expansion, best =    6.5740398449500692E-002
 performing expansion, best =    6.5740397747502011E-002
 performing expansion, best =    6.5740397066225364E-002
 performing expansion, best =    6.5740396162936574E-002
 performing expansion, best =    6.5740395152781378E-002
 performing expansion, best =    6.5740393965342162E-002
 performing expansion, best =    6.5740393838439617E-002
 performing expansion, best =    6.5740392514172338E-002
 performing expansion, best =    6.5740392416174853E-002
 performing expansion, best =    6.5740392401821335E-002
 performing expansion, best =    6.5740391488411931E-002
 performing expansion, best =    6.5740390193328987E-002
 performing expansion, best =    6.5740388754500348E-002
 performing expansion, best =    6.5740386759584477E-002
 performing expansion, best =    6.5740384577958041E-002
 performing expansion, best =    6.5740383030653896E-002
 performing expansion, best =    6.5740380604744589E-002
 performing expansion, best =    6.5740378255284088E-002
 performing expansion, best =    6.5740374791654843E-002
 performing expansion, best =    6.5740371585415389E-002
 performing expansion, best =    6.5740367752271087E-002
 performing expansion, best =    6.5740362715267300E-002
 performing expansion, best =    6.5740357963041660E-002
 performing expansion, best =    6.5740352801315655E-002
 performing expansion, best =    6.5740347609272901E-002
 performing expansion, best =    6.5740341435394881E-002
 performing expansion, best =    6.5740333175057217E-002
 performing expansion, best =    6.5740325114655357E-002
 performing expansion, best =    6.5740313778098761E-002
 performing expansion, best =    6.5740301989781910E-002
 performing expansion, best =    6.5740290285678918E-002
 performing expansion, best =    6.5740277448734438E-002
 performing expansion, best =    6.5740263163876697E-002
 performing expansion, best =    6.5740247903658663E-002
 performing expansion, best =    6.5740231030085944E-002
 performing expansion, best =    6.5740213226783958E-002
 performing expansion, best =    6.5740194363673302E-002
 performing expansion, best =    6.5740172416796042E-002
 performing expansion, best =    6.5740149991349528E-002
 performing expansion, best =    6.5740132395917014E-002
 performing expansion, best =    6.5740131985098135E-002
 performing expansion, best =    6.5740130788677242E-002
 performing expansion, best =    6.5740115694750412E-002
 performing expansion, best =    6.5740113801242589E-002
 performing expansion, best =    6.5740099350887579E-002
 performing expansion, best =    6.5740099102098229E-002
 performing expansion, best =    6.5740083488873641E-002
 performing expansion, best =    6.5740066933360569E-002
 performing expansion, best =    6.5740050251462095E-002
 performing expansion, best =    6.5740048932619102E-002
 performing expansion, best =    6.5740029050289958E-002
 performing expansion, best =    6.5740028020589758E-002
 performing expansion, best =    6.5740026823438477E-002
 performing expansion, best =    6.5740024430294988E-002
 performing expansion, best =    6.5740022644707949E-002
 performing expansion, best =    6.5740022312136784E-002
 performing expansion, best =    6.5740021679071420E-002
 performing expansion, best =    6.5740007022683219E-002
 performing expansion, best =    6.5740005958684289E-002
 performing expansion, best =    6.5740004531123317E-002
 performing expansion, best =    6.5740004101504268E-002
 performing expansion, best =    6.5740003123669150E-002
 performing expansion, best =    6.5740002215060961E-002
 performing expansion, best =    6.5740000280877203E-002
 performing expansion, best =    6.5739991727782943E-002
 performing expansion, best =    6.5739991404584655E-002
 performing expansion, best =    6.5739990564252213E-002
 performing expansion, best =    6.5739990015122901E-002
 performing expansion, best =    6.5739989849353614E-002
 performing expansion, best =    6.5739989688987491E-002
 performing expansion, best =    6.5739988805159549E-002
 performing expansion, best =    6.5739988705103627E-002
 performing expansion, best =    6.5739984468392867E-002
 performing expansion, best =    6.5739979549549299E-002
 performing expansion, best =    6.5739979371975607E-002
 performing expansion, best =    6.5739974451867841E-002
 performing expansion, best =    6.5739969731489586E-002
 performing expansion, best =    6.5739969179239743E-002
 performing expansion, best =    6.5739962623909270E-002
 performing expansion, best =    6.5739956661875612E-002
 performing expansion, best =    6.5739949980836196E-002
 performing expansion, best =    6.5739943801621861E-002
 performing expansion, best =    6.5739936954981759E-002
 performing expansion, best =    6.5739929673551120E-002
 performing expansion, best =    6.5739923156053051E-002
 performing expansion, best =    6.5739914885950948E-002
 performing expansion, best =    6.5739906470822604E-002
 performing expansion, best =    6.5739906252185287E-002
 performing expansion, best =    6.5739897127426242E-002
 performing expansion, best =    6.5739896043093271E-002
 performing expansion, best =    6.5739894651953984E-002
 performing expansion, best =    6.5739894490930498E-002
 performing expansion, best =    6.5739893795860496E-002
 performing expansion, best =    6.5739892917110784E-002
 performing expansion, best =    6.5739892593714225E-002
 performing expansion, best =    6.5739892336122985E-002
 performing expansion, best =    6.5739886669576184E-002
 performing expansion, best =    6.5739885713856028E-002
 performing expansion, best =    6.5739879373892474E-002
 performing expansion, best =    6.5739878245845526E-002
 performing expansion, best =    6.5739872947117653E-002
 performing expansion, best =    6.5739868056438874E-002
 performing expansion, best =    6.5739862640754418E-002
 performing expansion, best =    6.5739856976012381E-002
 performing expansion, best =    6.5739849744331266E-002
 performing expansion, best =    6.5739842525710454E-002
 performing expansion, best =    6.5739833109268092E-002
 performing expansion, best =    6.5739823865042929E-002
 performing expansion, best =    6.5739814604090105E-002
 performing expansion, best =    6.5739802641749029E-002
 performing expansion, best =    6.5739788526887444E-002
 performing expansion, best =    6.5739773946911093E-002
 performing expansion, best =    6.5739756521852669E-002
 performing expansion, best =    6.5739740214689438E-002
 performing expansion, best =    6.5739721264631013E-002
 performing expansion, best =    6.5739704536016269E-002
 performing expansion, best =    6.5739683872032953E-002
 performing expansion, best =    6.5739662105067570E-002
 performing expansion, best =    6.5739638037464618E-002
 performing expansion, best =    6.5739613015349793E-002
 performing expansion, best =    6.5739588714242181E-002
 performing expansion, best =    6.5739558139914694E-002
 performing expansion, best =    6.5739528754675244E-002
 performing expansion, best =    6.5739502713151599E-002
 performing expansion, best =    6.5739474752343166E-002
 performing expansion, best =    6.5739473893874370E-002
 performing expansion, best =    6.5739471278928124E-002
Exiting simplex optimization after 10001 iterations
RMSE         6.573947128E-02 Hartree
NEW BEST!
Best found solution for 8 charges:
        RMSE         4.125210988E+01 kcal/mol
         MAE         4.020550252E+01 kcal/mol
     max. AE         8.901052488E+01 kcal/mol

       x[bohr]       y[bohr]       z[bohr]          q[e]
    -0.2643595     0.5693089     0.8523149    -0.7749403
    -0.6898474     0.0457125     0.3821320     0.9237244
    -0.0113000     0.7038844    -0.8259478    -0.4091142
     0.9355270    -1.1563254     0.0253579     0.9679454
     1.5136006    -1.5568027     0.0937930    -0.6834405
    -0.4142050     0.1903147     0.4971409    -0.0545997
    -0.1180862     0.7423012    -0.7764840    -0.0471954
    -2.1355975    -1.1457935    -0.0000392    -0.2488072

