Running in fitting mode

Reading "/data/boittier/gaussian_scans/butadiene/scan_extract_0.xyz.chk.fchk.pot.cube"...

  opt Potential
  Electrostatic potential from Total SCF Density
   10   -8.606892   -9.296586   -6.512752
   85    0.203727    0.000000    0.000000
   92    0.000000    0.203727    0.000000
   65    0.000000    0.000000    0.203727
    6    6.000000    2.094140    2.783833    0.000000
    6    6.000000    0.000000    1.372509    0.000000
    6    6.000000    0.000000   -1.372508    0.000000
    6    6.000000   -2.094140   -2.783833    0.000000
    1    1.000000    2.009811    4.824243    0.000000
    1    1.000000    3.951380    1.924660    0.000000
    1    1.000000   -1.835514    2.288467    0.000000
    1    1.000000    1.835514   -2.288466    0.000000
    1    1.000000   -3.951380   -1.924661    0.000000
    1    1.000000   -2.009810   -4.824243    0.000000
  2.26511E-03  2.29910E-03  2.31955E-03  2.32611E-03  2.31866E-03  2.29733E-03
       .            .            .            .            .            .
       .            .            .            .            .            .
       .            .            .            .            .            .
  2.29269E-03  2.29923E-03  2.29180E-03  2.27053E-03  2.23580E-03  2.18822E-03

Using VDW grid cutoff
229538 out of 508300 gridpoints are considered ( 45.2%).

...done!




 Refining solution from file/home/boittier/MDCM-1/examples/butadiene/5-combine-frags/11-combined.xyz
 Contains     11 charges
      Initial RMSE =         6.327788034E-01 kcal/mol
Running DE in parallel with 4 thread(s)!


User requested refinement using simplex algorithm (no DE)

 performing expansion, best =    1.0076437056403696E-003
 performing expansion, best =    1.0039623666486552E-003
 performing expansion, best =    1.0035144471224411E-003
 performing expansion, best =    9.9449198897296918E-004
 performing expansion, best =    9.9415445936830221E-004
 performing expansion, best =    9.9157255845858583E-004
 performing expansion, best =    9.8850190007057095E-004
 performing expansion, best =    9.8084798669798392E-004
 performing expansion, best =    9.7823250767690192E-004
 performing expansion, best =    9.7688238337895867E-004
 performing expansion, best =    9.7640338348769953E-004
 performing expansion, best =    9.7574514392349235E-004
 performing expansion, best =    9.7548204403004400E-004
 performing expansion, best =    9.7544386533809685E-004
 performing expansion, best =    9.7509249839197753E-004
 performing expansion, best =    9.7481445555083919E-004
 performing expansion, best =    9.7465827230634337E-004
 performing expansion, best =    9.7441068504549211E-004
 performing expansion, best =    9.7415830643216299E-004
 performing expansion, best =    9.7391911334254798E-004
 performing expansion, best =    9.7330342108951245E-004
 performing expansion, best =    9.7234214198640783E-004
 performing expansion, best =    9.7208077681819685E-004
 performing expansion, best =    9.7196308388986473E-004
 performing expansion, best =    9.7179915913193189E-004
 performing expansion, best =    9.7147850557701288E-004
 performing expansion, best =    9.7105853468188797E-004
 performing expansion, best =    9.7073301739418472E-004
 performing expansion, best =    9.7020437604860351E-004
 performing expansion, best =    9.6950585677896457E-004
 performing expansion, best =    9.6817378754876710E-004
 performing expansion, best =    9.6680846207389769E-004
 performing expansion, best =    9.6672540101743723E-004
 performing expansion, best =    9.6640712963062033E-004
 performing expansion, best =    9.6614228544447667E-004
 performing expansion, best =    9.6573836486252642E-004
 performing expansion, best =    9.6559591394936083E-004
 performing expansion, best =    9.6534552527039125E-004
 performing expansion, best =    9.6512470445066472E-004
 performing expansion, best =    9.6499626768996902E-004
 performing expansion, best =    9.6485300801582758E-004
 performing expansion, best =    9.6476513379458535E-004
 performing expansion, best =    9.6460311288428869E-004
 performing expansion, best =    9.6456061148514501E-004
 performing expansion, best =    9.6433711534871637E-004
 performing expansion, best =    9.6433107548930049E-004
 performing expansion, best =    9.6409714148664946E-004
 performing expansion, best =    9.6397854126464876E-004
 performing expansion, best =    9.6385526342177138E-004
 performing expansion, best =    9.6368495204319084E-004
 performing expansion, best =    9.6339116616351575E-004
 performing expansion, best =    9.6337766223926285E-004
 performing expansion, best =    9.6334194363080440E-004
 performing expansion, best =    9.6326425661397380E-004
 performing expansion, best =    9.6322745567927826E-004
 performing expansion, best =    9.6308425549935161E-004
 performing expansion, best =    9.6304521830801624E-004
 performing expansion, best =    9.6297010970926094E-004
 performing expansion, best =    9.6296277557705412E-004
 performing expansion, best =    9.6283995911277764E-004
 performing expansion, best =    9.6283067031351555E-004
 performing expansion, best =    9.6278465738003165E-004
 performing expansion, best =    9.6272956876497539E-004
 performing expansion, best =    9.6263776398171244E-004
 performing expansion, best =    9.6260949484668241E-004
 performing expansion, best =    9.6255858643809315E-004
 performing expansion, best =    9.6251746570829493E-004
 performing expansion, best =    9.6244387679280492E-004
 performing expansion, best =    9.6243634643183808E-004
 performing expansion, best =    9.6242292077083653E-004
 performing expansion, best =    9.6229456186416071E-004
 performing expansion, best =    9.6223958711673136E-004
 performing expansion, best =    9.6219172559618604E-004
 performing expansion, best =    9.6215073964610516E-004
 performing expansion, best =    9.6202429876775697E-004
 performing expansion, best =    9.6196751082307231E-004
 performing expansion, best =    9.6189525372709038E-004
 performing expansion, best =    9.6180953479893061E-004
 performing expansion, best =    9.6166773853299651E-004
 performing expansion, best =    9.6143481518105151E-004
 performing expansion, best =    9.6129543823591308E-004
 performing expansion, best =    9.6118043606681759E-004
 performing expansion, best =    9.6107470148311370E-004
 performing expansion, best =    9.6088609498513390E-004
 performing expansion, best =    9.6060977913520543E-004
 performing expansion, best =    9.6050189110014582E-004
 performing expansion, best =    9.6037922552166008E-004
 performing expansion, best =    9.6031503343474542E-004
 performing expansion, best =    9.6007594338234513E-004
 performing expansion, best =    9.5983561160066456E-004
 performing expansion, best =    9.5980639478041095E-004
 performing expansion, best =    9.5959190066736879E-004
 performing expansion, best =    9.5952628831626815E-004
 performing expansion, best =    9.5941103978314788E-004
 performing expansion, best =    9.5931892297248080E-004
 performing expansion, best =    9.5927340519290664E-004
 performing expansion, best =    9.5911457229210884E-004
 performing expansion, best =    9.5898643263414031E-004
 performing expansion, best =    9.5889596878596310E-004
 performing expansion, best =    9.5879198400946383E-004
 performing expansion, best =    9.5876810161457399E-004
 performing expansion, best =    9.5867670203945001E-004
 performing expansion, best =    9.5854184018435995E-004
 performing expansion, best =    9.5826095005145781E-004
 performing expansion, best =    9.5820206281190120E-004
 performing expansion, best =    9.5790911070824884E-004
 performing expansion, best =    9.5763370221988364E-004
 performing expansion, best =    9.5741154971910327E-004
 performing expansion, best =    9.5703400304354626E-004
 performing expansion, best =    9.5691582751290317E-004
 performing expansion, best =    9.5677939161171619E-004
 performing expansion, best =    9.5662657796234272E-004
 performing expansion, best =    9.5650540077093398E-004
 performing expansion, best =    9.5630734320375111E-004
 performing expansion, best =    9.5613462595608675E-004
 performing expansion, best =    9.5596069879230197E-004
 performing expansion, best =    9.5589002774427621E-004
 performing expansion, best =    9.5573838330599863E-004
 performing expansion, best =    9.5563055333919484E-004
 performing expansion, best =    9.5541377035688463E-004
 performing expansion, best =    9.5539202498423636E-004
 performing expansion, best =    9.5534605971156201E-004
 performing expansion, best =    9.5525715478618836E-004
 performing expansion, best =    9.5513757226881545E-004
 performing expansion, best =    9.5502514425066043E-004
 performing expansion, best =    9.5492782620855670E-004
 performing expansion, best =    9.5468942104281790E-004
 performing expansion, best =    9.5467163353091169E-004
 performing expansion, best =    9.5461165185473627E-004
 performing expansion, best =    9.5456623847322197E-004
 performing expansion, best =    9.5455507641451561E-004
 performing expansion, best =    9.5454756066719066E-004
 performing expansion, best =    9.5450208324935790E-004
 performing expansion, best =    9.5449977404003859E-004
 performing expansion, best =    9.5446514399369950E-004
 performing expansion, best =    9.5439258132301748E-004
 performing expansion, best =    9.5437425369746442E-004
 performing expansion, best =    9.5431900029070000E-004
 performing expansion, best =    9.5427153919010524E-004
 performing expansion, best =    9.5426638953442181E-004
 performing expansion, best =    9.5426105463650558E-004
 performing expansion, best =    9.5424360106598346E-004
 performing expansion, best =    9.5419531320835088E-004
 performing expansion, best =    9.5417918970899329E-004
 performing expansion, best =    9.5414390886913768E-004
 performing expansion, best =    9.5413750061574057E-004
 performing expansion, best =    9.5413542854531073E-004
 performing expansion, best =    9.5407254199181681E-004
 performing expansion, best =    9.5404160456962698E-004
 performing expansion, best =    9.5401657087506686E-004
 performing expansion, best =    9.5400449458382501E-004
 performing expansion, best =    9.5396720018653793E-004
 performing expansion, best =    9.5391425203689064E-004
 performing expansion, best =    9.5390538009310912E-004
 performing expansion, best =    9.5389796661881666E-004
 performing expansion, best =    9.5380472356192613E-004
 performing expansion, best =    9.5370332491596824E-004
 performing expansion, best =    9.5366794897245113E-004
 performing expansion, best =    9.5364165733761996E-004
 performing expansion, best =    9.5360253509673093E-004
 performing expansion, best =    9.5354827135571288E-004
 performing expansion, best =    9.5353175531920028E-004
 performing expansion, best =    9.5349311932369971E-004
 performing expansion, best =    9.5346573787789802E-004
 performing expansion, best =    9.5340722668314673E-004
 performing expansion, best =    9.5336341756366684E-004
 performing expansion, best =    9.5326352981504208E-004
 performing expansion, best =    9.5305993587052260E-004
 performing expansion, best =    9.5291574609642632E-004
 performing expansion, best =    9.5267199988799324E-004
 performing expansion, best =    9.5258005625162713E-004
 performing expansion, best =    9.5231447150336608E-004
 performing expansion, best =    9.5215064493491550E-004
 performing expansion, best =    9.5185631421797646E-004
 performing expansion, best =    9.5174059160662748E-004
 performing expansion, best =    9.5161430768930376E-004
 performing expansion, best =    9.5142246137427011E-004
 performing expansion, best =    9.5111485799818560E-004
 performing expansion, best =    9.5087605342142638E-004
 performing expansion, best =    9.5080499017494017E-004
 performing expansion, best =    9.5061406245417054E-004
 performing expansion, best =    9.5026783198978824E-004
 performing expansion, best =    9.5009668189583016E-004
 performing expansion, best =    9.4970101051307235E-004
 performing expansion, best =    9.4935951629519615E-004
 performing expansion, best =    9.4910302754827667E-004
 performing expansion, best =    9.4883624992193796E-004
 performing expansion, best =    9.4830768016650093E-004
 performing expansion, best =    9.4827616672018677E-004
 performing expansion, best =    9.4824440741846636E-004
 performing expansion, best =    9.4823337377530903E-004
 performing expansion, best =    9.4804180298734876E-004
 performing expansion, best =    9.4787666873132428E-004
 performing expansion, best =    9.4749858626128546E-004
 performing expansion, best =    9.4738335419012026E-004
 performing expansion, best =    9.4726378462689227E-004
 performing expansion, best =    9.4711981990815760E-004
 performing expansion, best =    9.4705140110805136E-004
 performing expansion, best =    9.4685808943675896E-004
 performing expansion, best =    9.4668336834144342E-004
 performing expansion, best =    9.4666750331007612E-004
 performing expansion, best =    9.4651861348253184E-004
 performing expansion, best =    9.4649210246489481E-004
 performing expansion, best =    9.4638073501756746E-004
 performing expansion, best =    9.4621190653197543E-004
 performing expansion, best =    9.4612569225626861E-004
 performing expansion, best =    9.4602316114314900E-004
 performing expansion, best =    9.4595488085024392E-004
 performing expansion, best =    9.4590276560519956E-004
 performing expansion, best =    9.4589422232877471E-004
 performing expansion, best =    9.4586106268766906E-004
 performing expansion, best =    9.4584626750752478E-004
 performing expansion, best =    9.4581281223989587E-004
 performing expansion, best =    9.4577819988068328E-004
 performing expansion, best =    9.4577263608163853E-004
 performing expansion, best =    9.4577009323237524E-004
 performing expansion, best =    9.4576847330102591E-004
 performing expansion, best =    9.4575553810674108E-004
 performing expansion, best =    9.4572984109663806E-004
 performing expansion, best =    9.4570741537727289E-004
 performing expansion, best =    9.4569203853872737E-004
 performing expansion, best =    9.4568336786527330E-004
 performing expansion, best =    9.4566747699575851E-004
 performing expansion, best =    9.4564121350659142E-004
 performing expansion, best =    9.4563945362598580E-004
 performing expansion, best =    9.4561588615253267E-004
 performing expansion, best =    9.4561289645747149E-004
 performing expansion, best =    9.4559807095525770E-004
 performing expansion, best =    9.4559530985868496E-004
 performing expansion, best =    9.4559325030784964E-004
 performing expansion, best =    9.4558165006448393E-004
 performing expansion, best =    9.4555933655334390E-004
 performing expansion, best =    9.4554355264439929E-004
 performing expansion, best =    9.4553758603678159E-004
 performing expansion, best =    9.4553064190092194E-004
 performing expansion, best =    9.4552579850306739E-004
 performing expansion, best =    9.4551614560812829E-004
 performing expansion, best =    9.4550840255543480E-004
 performing expansion, best =    9.4550680709970612E-004
 performing expansion, best =    9.4550678905422542E-004
 performing expansion, best =    9.4548859760575359E-004
 performing expansion, best =    9.4548375854236651E-004
 performing expansion, best =    9.4548187659980281E-004
 performing expansion, best =    9.4547826364680288E-004
 performing expansion, best =    9.4547271632741063E-004
 performing expansion, best =    9.4547198702271055E-004
 performing expansion, best =    9.4547086831355887E-004
 performing expansion, best =    9.4546406554495187E-004
 performing expansion, best =    9.4546300707779745E-004
 performing expansion, best =    9.4546048608991687E-004
 performing expansion, best =    9.4545841279122973E-004
 performing expansion, best =    9.4545798475362177E-004
 performing expansion, best =    9.4544916589248227E-004
 performing expansion, best =    9.4544456087641729E-004
 performing expansion, best =    9.4544131092158372E-004
 performing expansion, best =    9.4544004210869855E-004
 performing expansion, best =    9.4543383399885660E-004
 performing expansion, best =    9.4542658496480909E-004
 performing expansion, best =    9.4542155188782505E-004
 performing expansion, best =    9.4541186025099528E-004
 performing expansion, best =    9.4539119246227384E-004
 performing expansion, best =    9.4537010169924815E-004
 performing expansion, best =    9.4535437960246050E-004
 performing expansion, best =    9.4534659065710234E-004
 performing expansion, best =    9.4534265099271368E-004
 performing expansion, best =    9.4533008440844484E-004
 performing expansion, best =    9.4531130747317995E-004
 performing expansion, best =    9.4530784951882664E-004
 performing expansion, best =    9.4530380520347224E-004
 performing expansion, best =    9.4529824701845323E-004
 performing expansion, best =    9.4529752593993407E-004
 performing expansion, best =    9.4528372731808076E-004
 performing expansion, best =    9.4527596979586664E-004
 performing expansion, best =    9.4527576344955204E-004
 performing expansion, best =    9.4527392677355737E-004
 performing expansion, best =    9.4526262059461779E-004
 performing expansion, best =    9.4526208161200133E-004
 performing expansion, best =    9.4525920860384193E-004
 performing expansion, best =    9.4525159814026392E-004
 performing expansion, best =    9.4524483088967470E-004
 performing expansion, best =    9.4524344008979329E-004
 performing expansion, best =    9.4523846848755273E-004
 performing expansion, best =    9.4523829923909058E-004
 performing expansion, best =    9.4523679388864798E-004
 performing expansion, best =    9.4521935301910285E-004
 performing expansion, best =    9.4520157042837793E-004
 performing expansion, best =    9.4519597998377861E-004
 performing expansion, best =    9.4519323106649156E-004
 performing expansion, best =    9.4517623229215257E-004
 performing expansion, best =    9.4516077349959089E-004
 performing expansion, best =    9.4515944651928031E-004
 performing expansion, best =    9.4514991118227031E-004
 performing expansion, best =    9.4514704792879540E-004
 performing expansion, best =    9.4514267834820860E-004
 performing expansion, best =    9.4513940288960656E-004
 performing expansion, best =    9.4513882223499850E-004
 performing expansion, best =    9.4513167738933960E-004
 performing expansion, best =    9.4512578462541228E-004
 performing expansion, best =    9.4512423789367046E-004
 performing expansion, best =    9.4511319557110502E-004
 performing expansion, best =    9.4510864910065664E-004
 performing expansion, best =    9.4510696518100752E-004
 performing expansion, best =    9.4510256591465516E-004
 performing expansion, best =    9.4510208822551984E-004
 performing expansion, best =    9.4509596153584407E-004
 performing expansion, best =    9.4508892564608405E-004
 performing expansion, best =    9.4507703605289689E-004
 performing expansion, best =    9.4507347827386381E-004
 performing expansion, best =    9.4507036929636823E-004
 performing expansion, best =    9.4506530469005263E-004
 performing expansion, best =    9.4505353658545202E-004
 performing expansion, best =    9.4504819695040291E-004
 performing expansion, best =    9.4503967999013555E-004
 performing expansion, best =    9.4503476852001095E-004
 performing expansion, best =    9.4503171063009398E-004
 performing expansion, best =    9.4501967301086607E-004
 performing expansion, best =    9.4500190290158076E-004
 performing expansion, best =    9.4498436892862035E-004
 performing expansion, best =    9.4497747174247457E-004
 performing expansion, best =    9.4496259795152037E-004
 performing expansion, best =    9.4494862898150981E-004
 performing expansion, best =    9.4493865277362507E-004
 performing expansion, best =    9.4493101934936790E-004
 performing expansion, best =    9.4491310085073903E-004
 performing expansion, best =    9.4489300195267764E-004
 performing expansion, best =    9.4488305480788055E-004
 performing expansion, best =    9.4485135056522705E-004
 performing expansion, best =    9.4480817514456985E-004
 performing expansion, best =    9.4476797395236895E-004
 performing expansion, best =    9.4472885923853865E-004
 performing expansion, best =    9.4470014869072068E-004
 performing expansion, best =    9.4466973533495610E-004
 performing expansion, best =    9.4458366067605383E-004
 performing expansion, best =    9.4452896768732494E-004
 performing expansion, best =    9.4446365402114788E-004
 performing expansion, best =    9.4441900354976904E-004
 performing expansion, best =    9.4433086753700703E-004
 performing expansion, best =    9.4423683322825993E-004
 performing expansion, best =    9.4413337983084722E-004
 performing expansion, best =    9.4403800228457034E-004
 performing expansion, best =    9.4397857496557390E-004
 performing expansion, best =    9.4391618532880812E-004
 performing expansion, best =    9.4386293470740442E-004
 performing expansion, best =    9.4379843759909371E-004
 performing expansion, best =    9.4370729605472816E-004
 performing expansion, best =    9.4360677613152140E-004
 performing expansion, best =    9.4357039528172523E-004
 performing expansion, best =    9.4352551222603672E-004
 performing expansion, best =    9.4343239774854841E-004
 performing expansion, best =    9.4334207135111383E-004
 performing expansion, best =    9.4325677086504937E-004
 performing expansion, best =    9.4322227616257324E-004
 performing expansion, best =    9.4319143147299559E-004
 performing expansion, best =    9.4317042021478811E-004
 performing expansion, best =    9.4315869446925113E-004
 performing expansion, best =    9.4315517412466693E-004
 performing expansion, best =    9.4312089212536814E-004
 performing expansion, best =    9.4312051458345894E-004
 performing expansion, best =    9.4308940067974279E-004
 performing expansion, best =    9.4307929057005726E-004
 performing expansion, best =    9.4307772377004385E-004
 performing expansion, best =    9.4307481121996167E-004
 performing expansion, best =    9.4306687496990523E-004
 performing expansion, best =    9.4306371714975577E-004
 performing expansion, best =    9.4304696389036348E-004
 performing expansion, best =    9.4303883799864248E-004
 performing expansion, best =    9.4302032825495396E-004
 performing expansion, best =    9.4301907437589804E-004
 performing expansion, best =    9.4301500575828443E-004
 performing expansion, best =    9.4301095407743607E-004
 performing expansion, best =    9.4300084206018194E-004
 performing expansion, best =    9.4299664396522715E-004
 performing expansion, best =    9.4299491669087019E-004
 performing expansion, best =    9.4299043127387457E-004
 performing expansion, best =    9.4298998631223629E-004
 performing expansion, best =    9.4298760995385560E-004
 performing expansion, best =    9.4298427675817140E-004
 performing expansion, best =    9.4298298580598001E-004
 performing expansion, best =    9.4297799786219035E-004
 performing expansion, best =    9.4297662756734769E-004
 performing expansion, best =    9.4297607736191645E-004
 performing expansion, best =    9.4297597988914127E-004
 performing expansion, best =    9.4297367270388343E-004
 performing expansion, best =    9.4297265910387145E-004
 performing expansion, best =    9.4297074195565534E-004
 performing expansion, best =    9.4296617951714090E-004
 performing expansion, best =    9.4296544089911315E-004
 performing expansion, best =    9.4295865869283252E-004
 performing expansion, best =    9.4295607156939917E-004
 performing expansion, best =    9.4295282919374063E-004
 performing expansion, best =    9.4295233736253975E-004
 performing expansion, best =    9.4294779868805121E-004
 performing expansion, best =    9.4294220301225371E-004
 performing expansion, best =    9.4293730825854296E-004
 performing expansion, best =    9.4293031584699583E-004
 performing expansion, best =    9.4291986408552261E-004
 performing expansion, best =    9.4290930938544881E-004
 performing expansion, best =    9.4290231431385914E-004
 performing expansion, best =    9.4289214318329256E-004
 performing expansion, best =    9.4287757803318550E-004
