Running in analysis mode

Reading "/data/boittier/gaussian_scans/bromobutadiene/scan_extract_0.xyz.chk.fchk.pot.cube"...

  opt Potential
  Electrostatic potential from Total SCF Density
   10  -10.982195  -11.443988   -9.769128
   84    0.265911    0.000000    0.000000
   82    0.000000    0.265911    0.000000
   74    0.000000    0.000000    0.265911
    6    6.000000   -1.673952    3.606648    0.000000
    6    6.000000    0.000000    1.721109    0.000000
    6    6.000000    2.723878    2.103773    0.000000
    6    6.000000    4.508290    0.324643    0.000000
    1    1.000000   -3.687195    3.287689    0.000000
    1    1.000000   -0.999128    5.537939    0.000000
   35   35.000000   -1.213067   -1.674860    0.000000
    1    1.000000    3.266739    4.081797    0.000000
    1    1.000000    4.043439   -1.663450    0.000000
    1    1.000000    6.484203    0.839077    0.000000
 -1.40791E-03 -1.42900E-03 -1.44991E-03 -1.47059E-03 -1.49100E-03 -1.51112E-03
       .            .            .            .            .            .
       .            .            .            .            .            .
       .            .            .            .            .            .
  1.66823E-03  1.60483E-03  1.54347E-03  1.48415E-03  1.42688E-03  1.37164E-03

509712 out of 509712 gridpoints are considered (100.0%).

...done!

Reading "/home/boittier/MDCM-1//examples/bromobutadiene/2-mtp-fit/ditriantapole_expansion.cube"...

  Fitted ESP
  Electrostatic potential fitted from ditriantapole expansion.
   10  -10.982195  -11.443988   -9.769128
   84    0.265911    0.000000    0.000000
   82    0.000000    0.265911    0.000000
   74    0.000000    0.000000    0.265911
    6    6.000000   -1.673952    3.606648    0.000000
    6    6.000000    0.000000    1.721109    0.000000
    6    6.000000    2.723878    2.103773    0.000000
    6    6.000000    4.508290    0.324643    0.000000
    1    1.000000   -3.687195    3.287689    0.000000
    1    1.000000   -0.999128    5.537939    0.000000
   35   35.000000   -1.213067   -1.674860    0.000000
    1    1.000000    3.266739    4.081797    0.000000
    1    1.000000    4.043439   -1.663450    0.000000
    1    1.000000    6.484203    0.839077    0.000000
 -1.38335E-03 -1.40446E-03 -1.42540E-03 -1.44613E-03 -1.46661E-03 -1.48681E-03
       .            .            .            .            .            .
       .            .            .            .            .            .
       .            .            .            .            .            .
  1.64091E-03  1.57952E-03  1.52006E-03  1.46256E-03  1.40700E-03  1.35337E-03

509712 out of 509712 gridpoints are considered (100.0%).

...done!

                       Measure       RMSE[kcal/mol/e]   MaxError[kcal/mol/e]   NPoints
                         Total        2.844582276E-01        4.405618480E+00    464553
Close (  1.20 < r <   1.66 )          8.378829919E-01        4.405618480E+00     46528
Mid-range ( 1.66 < r <  2.20)         1.947795076E-01        7.247357861E-01     85831
Far-range (  2.20         < r)        7.087636138E-02        3.304778618E-01    332194
Did analysis and wrote slice data
