Running in fitting mode

Reading "/data/boittier/energies/h2o_geom.xyz.dir/h2o_1.chk.fchk.potential.cube"...

  h2o Potential=SCF
  Electrostatic potential from Total SCF Density
    3   -4.970736   -4.748413   -4.970736
   80    0.125841    0.000000    0.000000
   80    0.000000    0.125841    0.000000
   80    0.000000    0.000000    0.125841
    8    8.000000    0.000000    0.222323    0.000000
    1    1.000000    1.427171   -0.896400    0.000000
    1    1.000000   -1.427171   -0.882184    0.000000
  1.90555E-02  1.92647E-02  1.94347E-02  1.95637E-02  1.96505E-02  1.96941E-02
       .            .            .            .            .            .
       .            .            .            .            .            .
       .            .            .            .            .            .
 -9.18626E-03 -9.18159E-03 -9.17225E-03 -9.15823E-03 -9.13952E-03 -9.11609E-03

336032 out of 512000 gridpoints are considered ( 65.6%).

...done!




USING GREEDY MODE
File "multipole1_1charges.xyz" already exists. Fitting procedure is skipped.
File "multipole1_2charges.xyz" already exists. Fitting procedure is skipped.
File "multipole1_3charges.xyz" already exists. Fitting procedure is skipped.
Running DE in parallel with 4 thread(s)!

Starting fitting procedure for multipole expansion of atom 1 with 4 charges, trial 1
gen      0/8000      elitist  3.4331000E-03 feasible? T
gen    100/8000      elitist  1.4072386E-03 feasible? T
gen    200/8000      elitist  4.7495351E-04 feasible? T
gen    300/8000      elitist  3.2886147E-04 feasible? T
gen    400/8000      elitist  3.0576767E-04 feasible? T
gen    500/8000      elitist  3.0090588E-04 feasible? T
gen    600/8000      elitist  2.9946595E-04 feasible? T
gen    700/8000      elitist  2.9908572E-04 feasible? T
gen    800/8000      elitist  2.9893036E-04 feasible? T
gen    900/8000      elitist  2.9870343E-04 feasible? T
gen   1000/8000      elitist  2.9852280E-04 feasible? T
gen   1100/8000      elitist  2.9627697E-04 feasible? T
gen   1200/8000      elitist  2.9611819E-04 feasible? T
gen   1300/8000      elitist  2.9606989E-04 feasible? T
gen   1400/8000      elitist  2.9599380E-04 feasible? T
gen   1500/8000      elitist  2.9595812E-04 feasible? T
gen   1600/8000      elitist  2.9590512E-04 feasible? T
gen   1700/8000      elitist  2.9590260E-04 feasible? T
gen   1800/8000      elitist  2.9590198E-04 feasible? T
gen   1900/8000      elitist  2.9590195E-04 feasible? T
gen   2000/8000      elitist  2.9590194E-04 feasible? T
gen   2100/8000      elitist  2.9590182E-04 feasible? T
gen   2200/8000      elitist  2.9590143E-04 feasible? T
gen   2300/8000      elitist  2.9590142E-04 feasible? T
population converged towards a single solution after 2311 generations.
Starting local simplex optimization:
Solution before refinement:      2.9590141708E-04
 performing expansion, best =    2.9590140665694688E-004
 performing expansion, best =    2.9590140347984621E-004
 performing expansion, best =    2.9590139830846477E-004
 performing expansion, best =    2.9590139097658054E-004
 performing expansion, best =    2.9590138523967474E-004
 performing expansion, best =    2.9590138464617260E-004
 performing expansion, best =    2.9590138060935897E-004
 performing expansion, best =    2.9590137637631141E-004
 performing expansion, best =    2.9590136868027153E-004
 performing expansion, best =    2.9590136545782069E-004
 performing expansion, best =    2.9590135201707570E-004
 performing expansion, best =    2.9590134718055215E-004
 performing expansion, best =    2.9590134409020186E-004
 performing expansion, best =    2.9590134249485675E-004
 performing expansion, best =    2.9590134143723656E-004
 performing expansion, best =    2.9590134040275123E-004
 performing expansion, best =    2.9590133900056964E-004
 performing expansion, best =    2.9590133799638516E-004
 performing expansion, best =    2.9590133762600170E-004
 performing expansion, best =    2.9590133564885691E-004
 performing expansion, best =    2.9590133486956979E-004
 performing expansion, best =    2.9590133422647137E-004
 performing expansion, best =    2.9590133415722061E-004
 performing expansion, best =    2.9590133351119072E-004
 performing expansion, best =    2.9590133102810624E-004
 performing expansion, best =    2.9590133079935362E-004
 performing expansion, best =    2.9590133059301753E-004
 performing expansion, best =    2.9590133045058763E-004
Exiting simplex optimization after   601 iterations
Solution after  refinement:      2.9590133045E-04
RMSE         2.959013305E-04Hartree
NEW BEST!

Starting fitting procedure for multipole expansion of atom 1 with 4 charges, trial 2
gen      0/8000      elitist  3.0096308E-03 feasible? T
gen    100/8000      elitist  6.9676525E-04 feasible? T
gen    200/8000      elitist  3.5847577E-04 feasible? T
gen    300/8000      elitist  3.1944996E-04 feasible? T
gen    400/8000      elitist  3.1363466E-04 feasible? T
gen    500/8000      elitist  3.0252574E-04 feasible? T
gen    600/8000      elitist  3.0009284E-04 feasible? T
gen    700/8000      elitist  2.9930380E-04 feasible? T
gen    800/8000      elitist  2.9792545E-04 feasible? T
gen    900/8000      elitist  2.9675972E-04 feasible? T
gen   1000/8000      elitist  2.9609804E-04 feasible? T
gen   1100/8000      elitist  2.9596954E-04 feasible? T
gen   1200/8000      elitist  2.9593418E-04 feasible? T
gen   1300/8000      elitist  2.9592239E-04 feasible? T
gen   1400/8000      elitist  2.9590400E-04 feasible? T
gen   1500/8000      elitist  2.9590187E-04 feasible? T
gen   1600/8000      elitist  2.9590141E-04 feasible? T
gen   1700/8000      elitist  2.9590134E-04 feasible? T
population converged towards a single solution after 1770 generations.
Starting local simplex optimization:
Solution before refinement:      2.9590132687E-04
 performing expansion, best =    2.9590132677560809E-004
 performing expansion, best =    2.9590132648742959E-004
 performing expansion, best =    2.9590132606379185E-004
 performing expansion, best =    2.9590132606164822E-004
 performing expansion, best =    2.9590132581232699E-004
Exiting simplex optimization after   569 iterations
Solution after  refinement:      2.9590132581E-04
RMSE         2.959013258E-04Hartree
NEW BEST!

Starting fitting procedure for multipole expansion of atom 1 with 4 charges, trial 3
gen      0/8000      elitist  2.8711251E-03 feasible? T
gen    100/8000      elitist  1.3716303E-03 feasible? T
gen    200/8000      elitist  5.7517788E-04 feasible? T
gen    300/8000      elitist  4.5348394E-04 feasible? T
gen    400/8000      elitist  4.3302166E-04 feasible? T
gen    500/8000      elitist  4.3212132E-04 feasible? T
gen    600/8000      elitist  4.2738058E-04 feasible? T
gen    700/8000      elitist  4.2654257E-04 feasible? T
gen    800/8000      elitist  4.2650386E-04 feasible? T
gen    900/8000      elitist  4.2650265E-04 feasible? T
gen   1000/8000      elitist  4.2650249E-04 feasible? T
gen   1100/8000      elitist  4.2650212E-04 feasible? T
gen   1200/8000      elitist  4.2650194E-04 feasible? T
gen   1300/8000      elitist  4.2650192E-04 feasible? T
population converged towards a single solution after 1332 generations.
Starting local simplex optimization:
Solution before refinement:      4.2650191157E-04
Exiting simplex optimization after   593 iterations
Solution after  refinement:      4.2650191157E-04
RMSE         4.265019116E-04Hartree
Best found solution for 4 charges:
        RMSE         1.856807451E-01 kcal/mol
         MAE         1.195030407E-01 kcal/mol
     max. AE         2.009942801E+00 kcal/mol

       x[bohr]       y[bohr]       z[bohr]          q[e]
     0.0361452     0.5286865     0.9064033    -0.1698301
    -0.9464110     0.1264284    -0.1088227     0.2453611
     0.0539601     0.4104805    -0.3236239    -0.6580802
     0.9489889     0.2388027    -0.1260177     0.2561215

File "multipole2_1charges.xyz" already exists. Fitting procedure is skipped.
File "multipole2_2charges.xyz" already exists. Fitting procedure is skipped.
File "multipole2_3charges.xyz" already exists. Fitting procedure is skipped.
Running DE in parallel with 4 thread(s)!

Starting fitting procedure for multipole expansion of atom 2 with 4 charges, trial 1
gen      0/8000      elitist  2.2222890E-03 feasible? T
gen    100/8000      elitist  5.1487041E-04 feasible? T
gen    200/8000      elitist  2.8529277E-04 feasible? T
gen    300/8000      elitist  2.5071168E-04 feasible? T
gen    400/8000      elitist  2.3647659E-04 feasible? T
gen    500/8000      elitist  2.3252724E-04 feasible? T
gen    600/8000      elitist  2.2744444E-04 feasible? T
gen    700/8000      elitist  2.1959081E-04 feasible? T
gen    800/8000      elitist  2.1851272E-04 feasible? T
gen    900/8000      elitist  2.0090451E-04 feasible? T
gen   1000/8000      elitist  1.9777709E-04 feasible? T
gen   1100/8000      elitist  1.9578800E-04 feasible? T
gen   1200/8000      elitist  1.9412315E-04 feasible? T
gen   1300/8000      elitist  1.9364378E-04 feasible? T
gen   1400/8000      elitist  1.9321111E-04 feasible? T
gen   1500/8000      elitist  1.9305685E-04 feasible? T
gen   1600/8000      elitist  1.9299938E-04 feasible? T
gen   1700/8000      elitist  1.9293151E-04 feasible? T
gen   1800/8000      elitist  1.9280085E-04 feasible? T
gen   1900/8000      elitist  1.9270045E-04 feasible? T
gen   2000/8000      elitist  1.9262047E-04 feasible? T
gen   2100/8000      elitist  1.9252584E-04 feasible? T
gen   2200/8000      elitist  1.9252063E-04 feasible? T
gen   2300/8000      elitist  1.9250719E-04 feasible? T
gen   2400/8000      elitist  1.9250133E-04 feasible? T
gen   2500/8000      elitist  1.9249961E-04 feasible? T
gen   2600/8000      elitist  1.9249898E-04 feasible? T
gen   2700/8000      elitist  1.9249895E-04 feasible? T
gen   2800/8000      elitist  1.9249894E-04 feasible? T
population converged towards a single solution after 2828 generations.
Starting local simplex optimization:
Solution before refinement:      1.9249894117E-04
 performing expansion, best =    1.9249894113908684E-004
 performing expansion, best =    1.9249894067278000E-004
 performing expansion, best =    1.9249894066154016E-004
Exiting simplex optimization after   597 iterations
Solution after  refinement:      1.9249894066E-04
RMSE         1.924989407E-04Hartree
NEW BEST!

Starting fitting procedure for multipole expansion of atom 2 with 4 charges, trial 2
gen      0/8000      elitist  2.5389303E-03 feasible? T
gen    100/8000      elitist  3.5845033E-04 feasible? T
gen    200/8000      elitist  2.9797453E-04 feasible? T
gen    300/8000      elitist  1.9820911E-04 feasible? T
gen    400/8000      elitist  1.3407795E-04 feasible? T
gen    500/8000      elitist  1.2988136E-04 feasible? T
gen    600/8000      elitist  1.2306760E-04 feasible? T
gen    700/8000      elitist  1.1865738E-04 feasible? T
gen    800/8000      elitist  1.1780851E-04 feasible? T
gen    900/8000      elitist  1.1502483E-04 feasible? T
gen   1000/8000      elitist  7.7756445E-05 feasible? T
gen   1100/8000      elitist  6.8851837E-05 feasible? T
gen   1200/8000      elitist  5.6025429E-05 feasible? T
gen   1300/8000      elitist  5.4882448E-05 feasible? T
gen   1400/8000      elitist  5.4604602E-05 feasible? T
gen   1500/8000      elitist  5.4515078E-05 feasible? T
gen   1600/8000      elitist  5.4453873E-05 feasible? T
gen   1700/8000      elitist  5.4441015E-05 feasible? T
gen   1800/8000      elitist  5.4341497E-05 feasible? T
gen   1900/8000      elitist  5.4317563E-05 feasible? T
gen   2000/8000      elitist  5.4306601E-05 feasible? T
gen   2100/8000      elitist  5.4292898E-05 feasible? T
gen   2200/8000      elitist  5.4286496E-05 feasible? T
gen   2300/8000      elitist  5.4285036E-05 feasible? T
gen   2400/8000      elitist  5.4284891E-05 feasible? T
gen   2500/8000      elitist  5.4284804E-05 feasible? T
population converged towards a single solution after 2573 generations.
Starting local simplex optimization:
Solution before refinement:      5.4284795382E-05
 performing expansion, best =    5.4284795208013449E-005
 performing expansion, best =    5.4284795050721992E-005
 performing expansion, best =    5.4284794809943952E-005
 performing expansion, best =    5.4284794694583601E-005
 performing expansion, best =    5.4284794666709353E-005
 performing expansion, best =    5.4284794607987655E-005
 performing expansion, best =    5.4284794518418448E-005
 performing expansion, best =    5.4284794311069017E-005
 performing expansion, best =    5.4284794306536205E-005
Exiting simplex optimization after   593 iterations
Solution after  refinement:      5.4284794307E-05
RMSE         5.428479431E-05Hartree
NEW BEST!

Starting fitting procedure for multipole expansion of atom 2 with 4 charges, trial 3
gen      0/8000      elitist  2.3326625E-03 feasible? T
gen    100/8000      elitist  3.0319807E-04 feasible? T
gen    200/8000      elitist  1.7248335E-04 feasible? T
gen    300/8000      elitist  1.4486911E-04 feasible? T
gen    400/8000      elitist  1.3352591E-04 feasible? T
gen    500/8000      elitist  1.2533021E-04 feasible? T
gen    600/8000      elitist  1.2004372E-04 feasible? T
gen    700/8000      elitist  1.1637109E-04 feasible? T
gen    800/8000      elitist  1.1426651E-04 feasible? T
gen    900/8000      elitist  1.1360537E-04 feasible? T
gen   1000/8000      elitist  1.1345461E-04 feasible? T
gen   1100/8000      elitist  1.1344529E-04 feasible? T
gen   1200/8000      elitist  1.1344336E-04 feasible? T
gen   1300/8000      elitist  1.1343989E-04 feasible? T
gen   1400/8000      elitist  1.1338751E-04 feasible? T
gen   1500/8000      elitist  1.1337503E-04 feasible? T
gen   1600/8000      elitist  1.1337093E-04 feasible? T
gen   1700/8000      elitist  1.1336739E-04 feasible? T
gen   1800/8000      elitist  1.1336479E-04 feasible? T
gen   1900/8000      elitist  1.1336037E-04 feasible? T
gen   2000/8000      elitist  1.1335805E-04 feasible? T
gen   2100/8000      elitist  1.1335687E-04 feasible? T
gen   2200/8000      elitist  1.1335441E-04 feasible? T
gen   2300/8000      elitist  1.1335156E-04 feasible? T
gen   2400/8000      elitist  1.1334750E-04 feasible? T
gen   2500/8000      elitist  1.1334378E-04 feasible? T
gen   2600/8000      elitist  1.1334235E-04 feasible? T
gen   2700/8000      elitist  1.1334106E-04 feasible? T
gen   2800/8000      elitist  1.1334039E-04 feasible? T
gen   2900/8000      elitist  1.1333942E-04 feasible? T
gen   3000/8000      elitist  1.1333816E-04 feasible? T
gen   3100/8000      elitist  1.1333570E-04 feasible? T
gen   3200/8000      elitist  1.1333375E-04 feasible? T
gen   3300/8000      elitist  1.1333281E-04 feasible? T
gen   3400/8000      elitist  1.1333214E-04 feasible? T
gen   3500/8000      elitist  1.1333189E-04 feasible? T
gen   3600/8000      elitist  1.1333167E-04 feasible? T
gen   3700/8000      elitist  1.1333151E-04 feasible? T
gen   3800/8000      elitist  1.1333120E-04 feasible? T
gen   3900/8000      elitist  1.1333101E-04 feasible? T
gen   4000/8000      elitist  1.1333088E-04 feasible? T
gen   4100/8000      elitist  1.1333081E-04 feasible? T
gen   4200/8000      elitist  1.1333071E-04 feasible? T
gen   4300/8000      elitist  1.1333065E-04 feasible? T
gen   4400/8000      elitist  1.1333060E-04 feasible? T
gen   4500/8000      elitist  1.1333058E-04 feasible? T
gen   4600/8000      elitist  1.1333027E-04 feasible? T
gen   4700/8000      elitist  1.1333021E-04 feasible? T
gen   4800/8000      elitist  1.1333001E-04 feasible? T
gen   4900/8000      elitist  1.1332986E-04 feasible? T
gen   5000/8000      elitist  1.1332959E-04 feasible? T
gen   5100/8000      elitist  1.1332943E-04 feasible? T
gen   5200/8000      elitist  1.1332934E-04 feasible? T
gen   5300/8000      elitist  1.1332924E-04 feasible? T
gen   5400/8000      elitist  1.1332912E-04 feasible? T
gen   5500/8000      elitist  1.1332909E-04 feasible? T
population converged towards a single solution after 5571 generations.
Starting local simplex optimization:
Solution before refinement:      1.1332907236E-04
 performing expansion, best =    1.1332907224863989E-004
 performing expansion, best =    1.1332907209132367E-004
 performing expansion, best =    1.1332907180198797E-004
 performing expansion, best =    1.1332907078821898E-004
 performing expansion, best =    1.1332907067691515E-004
 performing expansion, best =    1.1332907001772026E-004
 performing expansion, best =    1.1332907001091358E-004
 performing expansion, best =    1.1332906978178331E-004
 performing expansion, best =    1.1332906969624660E-004
 performing expansion, best =    1.1332906954517482E-004
 performing expansion, best =    1.1332906954446029E-004
 performing expansion, best =    1.1332906939181529E-004
Exiting simplex optimization after   567 iterations
Solution after  refinement:      1.1332906939E-04
RMSE         1.133290694E-04Hartree
Best found solution for 4 charges:
        RMSE         3.406419699E-02 kcal/mol
         MAE         2.259691212E-02 kcal/mol
     max. AE         2.723366768E-01 kcal/mol

       x[bohr]       y[bohr]       z[bohr]          q[e]
     1.0018613    -0.6245460    -0.0000248    -1.0000000
     0.9540375     0.1414253    -0.0000348     0.1808510
     0.6766181    -0.9860697    -0.0000339     0.2765336
     1.5017498    -0.8912552    -0.0000174     0.6995483

Fragment fit detected
Fitting to MTP grid, discarding reference MEP cube data
Subsequent stats etc. are compared to MTP data, not the
MEP from the reference cube file
Total fragment charge (a.u.):        -1.694946884E-01
