Running in fitting mode

Reading "/data/boittier/energies/h2o_geom.xyz.dir/h2o_1.chk.fchk.potential.cube"...

  h2o Potential=SCF
  Electrostatic potential from Total SCF Density
    3   -4.970736   -4.748413   -4.970736
   80    0.125841    0.000000    0.000000
   80    0.000000    0.125841    0.000000
   80    0.000000    0.000000    0.125841
    8    8.000000    0.000000    0.222323    0.000000
    1    1.000000    1.427171   -0.896400    0.000000
    1    1.000000   -1.427171   -0.882184    0.000000
  1.90555E-02  1.92647E-02  1.94347E-02  1.95637E-02  1.96505E-02  1.96941E-02
       .            .            .            .            .            .
       .            .            .            .            .            .
       .            .            .            .            .            .
 -9.18626E-03 -9.18159E-03 -9.17225E-03 -9.15823E-03 -9.13952E-03 -9.11609E-03

336032 out of 512000 gridpoints are considered ( 65.6%).

...done!




USING GREEDY MODE
File "multipole1_1charges.xyz" already exists. Fitting procedure is skipped.
File "multipole1_2charges.xyz" already exists. Fitting procedure is skipped.
File "multipole1_3charges.xyz" already exists. Fitting procedure is skipped.
Running DE in parallel with 4 thread(s)!

Starting fitting procedure for multipole expansion of atom 1 with 4 charges, trial 1
gen      0/8000      elitist  2.6287765E-03 feasible? T
gen    100/8000      elitist  1.8146401E-03 feasible? T
gen    200/8000      elitist  1.2535094E-03 feasible? T
gen    300/8000      elitist  1.1304521E-03 feasible? T
gen    400/8000      elitist  1.0537822E-03 feasible? T
gen    500/8000      elitist  7.6502018E-04 feasible? T
gen    600/8000      elitist  6.0010173E-04 feasible? T
gen    700/8000      elitist  5.7143674E-04 feasible? T
gen    800/8000      elitist  5.5561218E-04 feasible? T
gen    900/8000      elitist  5.5488061E-04 feasible? T
gen   1000/8000      elitist  4.7269314E-04 feasible? T
gen   1100/8000      elitist  4.4307890E-04 feasible? T
gen   1200/8000      elitist  4.3057710E-04 feasible? T
gen   1300/8000      elitist  4.2724859E-04 feasible? T
gen   1400/8000      elitist  4.2665441E-04 feasible? T
gen   1500/8000      elitist  4.2655551E-04 feasible? T
gen   1600/8000      elitist  4.2651965E-04 feasible? T
gen   1700/8000      elitist  4.2650359E-04 feasible? T
gen   1800/8000      elitist  4.2650256E-04 feasible? T
gen   1900/8000      elitist  4.2650206E-04 feasible? T
gen   2000/8000      elitist  4.2650192E-04 feasible? T
population converged towards a single solution after 2076 generations.
Starting local simplex optimization:
Solution before refinement:      4.2650190956E-04
Exiting simplex optimization after   625 iterations
Solution after  refinement:      4.2650190956E-04
RMSE         4.265019096E-04Hartree
NEW BEST!

Starting fitting procedure for multipole expansion of atom 1 with 4 charges, trial 2
gen      0/8000      elitist  3.4526953E-03 feasible? T
gen    100/8000      elitist  1.0669039E-03 feasible? T
gen    200/8000      elitist  3.3775492E-04 feasible? T
gen    300/8000      elitist  3.1275151E-04 feasible? T
gen    400/8000      elitist  3.0810959E-04 feasible? T
gen    500/8000      elitist  3.0374869E-04 feasible? T
gen    600/8000      elitist  3.0229255E-04 feasible? T
gen    700/8000      elitist  2.9735467E-04 feasible? T
gen    800/8000      elitist  2.9601978E-04 feasible? T
gen    900/8000      elitist  2.9595293E-04 feasible? T
gen   1000/8000      elitist  2.9593826E-04 feasible? T
gen   1100/8000      elitist  2.9591534E-04 feasible? T
gen   1200/8000      elitist  2.9591150E-04 feasible? T
gen   1300/8000      elitist  2.9590248E-04 feasible? T
gen   1400/8000      elitist  2.9590142E-04 feasible? T
gen   1500/8000      elitist  2.9590134E-04 feasible? T
population converged towards a single solution after 1580 generations.
Starting local simplex optimization:
Solution before refinement:      2.9590133439E-04
 performing expansion, best =    2.9590133409611953E-004
 performing expansion, best =    2.9590133366275519E-004
 performing expansion, best =    2.9590133241646133E-004
 performing expansion, best =    2.9590133225683625E-004
 performing expansion, best =    2.9590133199753016E-004
 performing expansion, best =    2.9590133174536571E-004
Exiting simplex optimization after   548 iterations
Solution after  refinement:      2.9590133175E-04
RMSE         2.959013317E-04Hartree
NEW BEST!

Starting fitting procedure for multipole expansion of atom 1 with 4 charges, trial 3
gen      0/8000      elitist  2.4540972E-03 feasible? T
gen    100/8000      elitist  1.3107834E-03 feasible? T
gen    200/8000      elitist  7.1119246E-04 feasible? T
gen    300/8000      elitist  6.3015683E-04 feasible? T
gen    400/8000      elitist  4.3977831E-04 feasible? T
gen    500/8000      elitist  3.9902962E-04 feasible? T
gen    600/8000      elitist  3.9125790E-04 feasible? T
gen    700/8000      elitist  3.6715073E-04 feasible? T
gen    800/8000      elitist  3.5776692E-04 feasible? T
gen    900/8000      elitist  3.5703682E-04 feasible? T
gen   1000/8000      elitist  3.5692226E-04 feasible? T
gen   1100/8000      elitist  3.5691771E-04 feasible? T
gen   1200/8000      elitist  3.5691416E-04 feasible? T
gen   1300/8000      elitist  3.5691348E-04 feasible? T
gen   1400/8000      elitist  3.5691329E-04 feasible? T
gen   1500/8000      elitist  3.5691323E-04 feasible? T
population converged towards a single solution after 1526 generations.
Starting local simplex optimization:
Solution before refinement:      3.5691322648E-04
 performing expansion, best =    3.5691322618481587E-004
 performing expansion, best =    3.5691322154620975E-004
 performing expansion, best =    3.5691319115549003E-004
 performing expansion, best =    3.5691317031973221E-004
 performing expansion, best =    3.5691314387374239E-004
 performing expansion, best =    3.5691313284366466E-004
 performing expansion, best =    3.5691312951671879E-004
 performing expansion, best =    3.5691312912066380E-004
 performing expansion, best =    3.5691312762058401E-004
 performing expansion, best =    3.5691311745104248E-004
 performing expansion, best =    3.5691311632256306E-004
 performing expansion, best =    3.5691311553617090E-004
 performing expansion, best =    3.5691311460922054E-004
 performing expansion, best =    3.5691311415352690E-004
 performing expansion, best =    3.5691311389747179E-004
 performing expansion, best =    3.5691311287510080E-004
 performing expansion, best =    3.5691311287260665E-004
 performing expansion, best =    3.5691311232440140E-004
 performing expansion, best =    3.5691311224107412E-004
 performing expansion, best =    3.5691311164014384E-004
 performing expansion, best =    3.5691311137430782E-004
 performing expansion, best =    3.5691311068036780E-004
 performing expansion, best =    3.5691311062215352E-004
 performing expansion, best =    3.5691311035677606E-004
 performing expansion, best =    3.5691310986477373E-004
 performing expansion, best =    3.5691310930945975E-004
 performing expansion, best =    3.5691310909414939E-004
 performing expansion, best =    3.5691310902307663E-004
 performing expansion, best =    3.5691310859472413E-004
 performing expansion, best =    3.5691310836781417E-004
 performing expansion, best =    3.5691310823369440E-004
 performing expansion, best =    3.5691310818303289E-004
 performing expansion, best =    3.5691310817476276E-004
 performing expansion, best =    3.5691310799333307E-004
 performing expansion, best =    3.5691310793370065E-004
 performing expansion, best =    3.5691310776540569E-004
 performing expansion, best =    3.5691310761299478E-004
 performing expansion, best =    3.5691310750810240E-004
 performing expansion, best =    3.5691310746126964E-004
 performing expansion, best =    3.5691310741336199E-004
Exiting simplex optimization after   568 iterations
Solution after  refinement:      3.5691310741E-04
RMSE         3.569131074E-04Hartree
Best found solution for 4 charges:
        RMSE         1.856807488E-01 kcal/mol
         MAE         1.195026579E-01 kcal/mol
     max. AE         2.009958303E+00 kcal/mol

       x[bohr]       y[bohr]       z[bohr]          q[e]
     0.9489870     0.2387770    -0.1260357     0.2561144
     0.0361277     0.5286948     0.9064012    -0.1698307
    -0.9464110     0.1264606    -0.1088512     0.2453650
     0.0539462     0.4104807    -0.3236421    -0.6580763

File "multipole2_1charges.xyz" already exists. Fitting procedure is skipped.
File "multipole2_2charges.xyz" already exists. Fitting procedure is skipped.
File "multipole2_3charges.xyz" already exists. Fitting procedure is skipped.
Running DE in parallel with 4 thread(s)!

Starting fitting procedure for multipole expansion of atom 2 with 4 charges, trial 1
gen      0/8000      elitist  2.1328856E-03 feasible? T
gen    100/8000      elitist  4.1438913E-04 feasible? T
gen    200/8000      elitist  2.8367957E-04 feasible? T
gen    300/8000      elitist  2.6815425E-04 feasible? T
gen    400/8000      elitist  2.3102775E-04 feasible? T
gen    500/8000      elitist  1.9404696E-04 feasible? T
gen    600/8000      elitist  1.8762745E-04 feasible? T
gen    700/8000      elitist  1.8367688E-04 feasible? T
gen    800/8000      elitist  1.7950103E-04 feasible? T
gen    900/8000      elitist  1.7814684E-04 feasible? T
gen   1000/8000      elitist  1.7216406E-04 feasible? T
gen   1100/8000      elitist  1.5547943E-04 feasible? T
gen   1200/8000      elitist  1.5078803E-04 feasible? T
gen   1300/8000      elitist  1.4576709E-04 feasible? T
gen   1400/8000      elitist  1.4430123E-04 feasible? T
gen   1500/8000      elitist  1.4374589E-04 feasible? T
gen   1600/8000      elitist  1.4149841E-04 feasible? T
gen   1700/8000      elitist  1.3926560E-04 feasible? T
gen   1800/8000      elitist  1.3836820E-04 feasible? T
gen   1900/8000      elitist  1.3824880E-04 feasible? T
gen   2000/8000      elitist  1.3824606E-04 feasible? T
gen   2100/8000      elitist  1.3823053E-04 feasible? T
gen   2200/8000      elitist  1.3791687E-04 feasible? T
gen   2300/8000      elitist  1.3788904E-04 feasible? T
gen   2400/8000      elitist  1.3788368E-04 feasible? T
gen   2500/8000      elitist  1.3788266E-04 feasible? T
gen   2600/8000      elitist  1.3788240E-04 feasible? T
gen   2700/8000      elitist  1.3788058E-04 feasible? T
gen   2800/8000      elitist  1.3787995E-04 feasible? T
gen   2900/8000      elitist  1.3787827E-04 feasible? T
gen   3000/8000      elitist  1.3787743E-04 feasible? T
gen   3100/8000      elitist  1.3787312E-04 feasible? T
gen   3200/8000      elitist  1.3785457E-04 feasible? T
gen   3300/8000      elitist  1.3784863E-04 feasible? T
gen   3400/8000      elitist  1.3784599E-04 feasible? T
gen   3500/8000      elitist  1.3784231E-04 feasible? T
gen   3600/8000      elitist  1.3784204E-04 feasible? T
population converged towards a single solution after 3681 generations.
Starting local simplex optimization:
Solution before refinement:      1.3784202924E-04
 performing expansion, best =    1.3784179514814618E-004
 performing expansion, best =    1.3784177205799057E-004
 performing expansion, best =    1.3784174822558228E-004
 performing expansion, best =    1.3784171315863158E-004
 performing expansion, best =    1.3784167513316344E-004
 performing expansion, best =    1.3784164955975810E-004
 performing expansion, best =    1.3784160451758948E-004
 performing expansion, best =    1.3784159503478220E-004
 performing expansion, best =    1.3784156610010837E-004
 performing expansion, best =    1.3784156276208293E-004
 performing expansion, best =    1.3784155527588450E-004
 performing expansion, best =    1.3784155368485096E-004
 performing expansion, best =    1.3784150759621534E-004
 performing expansion, best =    1.3784144737066797E-004
 performing expansion, best =    1.3784143650137518E-004
 performing expansion, best =    1.3784139501718984E-004
 performing expansion, best =    1.3784133768500085E-004
 performing expansion, best =    1.3784132661423881E-004
 performing expansion, best =    1.3784132265227129E-004
 performing expansion, best =    1.3784132058184537E-004
 performing expansion, best =    1.3784131956322813E-004
 performing expansion, best =    1.3784129693899768E-004
 performing expansion, best =    1.3784128943317774E-004
 performing expansion, best =    1.3784128378209896E-004
 performing expansion, best =    1.3784127342602475E-004
 performing expansion, best =    1.3784124447600596E-004
 performing expansion, best =    1.3784121881154929E-004
 performing expansion, best =    1.3784121156520092E-004
 performing expansion, best =    1.3784117597696028E-004
 performing expansion, best =    1.3784115580334390E-004
 performing expansion, best =    1.3784115248473966E-004
 performing expansion, best =    1.3784115136892874E-004
 performing expansion, best =    1.3784114076254562E-004
 performing expansion, best =    1.3784113770440334E-004
 performing expansion, best =    1.3784112641938837E-004
 performing expansion, best =    1.3784112003974833E-004
 performing expansion, best =    1.3784111462128074E-004
 performing expansion, best =    1.3784111345301387E-004
 performing expansion, best =    1.3784111343801412E-004
 performing expansion, best =    1.3784111145330675E-004
 performing expansion, best =    1.3784111143949995E-004
 performing expansion, best =    1.3784110996395939E-004
 performing expansion, best =    1.3784110316983754E-004
 performing expansion, best =    1.3784110310969991E-004
 performing expansion, best =    1.3784110266957527E-004
 performing expansion, best =    1.3784110181563387E-004
 performing expansion, best =    1.3784110169102744E-004
 performing expansion, best =    1.3784110109780698E-004
 performing expansion, best =    1.3784110076525710E-004
 performing expansion, best =    1.3784110074871320E-004
 performing expansion, best =    1.3784110043386780E-004
 performing expansion, best =    1.3784109993700690E-004
 performing expansion, best =    1.3784109926358255E-004
 performing expansion, best =    1.3784109925621036E-004
 performing expansion, best =    1.3784109904266384E-004
 performing expansion, best =    1.3784109830470998E-004
 performing expansion, best =    1.3784109828768128E-004
 performing expansion, best =    1.3784109802044979E-004
 performing expansion, best =    1.3784109761888339E-004
 performing expansion, best =    1.3784109741394178E-004
 performing expansion, best =    1.3784109695378027E-004
 performing expansion, best =    1.3784109691106106E-004
 performing expansion, best =    1.3784109685413171E-004
 performing expansion, best =    1.3784109565397864E-004
 performing expansion, best =    1.3784109452828509E-004
 performing expansion, best =    1.3784109305116390E-004
 performing expansion, best =    1.3784109286590343E-004
 performing expansion, best =    1.3784109140395598E-004
 performing expansion, best =    1.3784109099379966E-004
 performing expansion, best =    1.3784109065071508E-004
 performing expansion, best =    1.3784109020535389E-004
 performing expansion, best =    1.3784108806552518E-004
 performing expansion, best =    1.3784108777749359E-004
 performing expansion, best =    1.3784108737274945E-004
 performing expansion, best =    1.3784108603914845E-004
 performing expansion, best =    1.3784108464768305E-004
 performing expansion, best =    1.3784108454614332E-004
 performing expansion, best =    1.3784108445340015E-004
 performing expansion, best =    1.3784108380388889E-004
 performing expansion, best =    1.3784108375241129E-004
 performing expansion, best =    1.3784108264174852E-004
 performing expansion, best =    1.3784108247693946E-004
 performing expansion, best =    1.3784108231495196E-004
 performing expansion, best =    1.3784108196961649E-004
 performing expansion, best =    1.3784108185948307E-004
 performing expansion, best =    1.3784108094586103E-004
 performing expansion, best =    1.3784108071749501E-004
 performing expansion, best =    1.3784107972897926E-004
 performing expansion, best =    1.3784107929968161E-004
 performing expansion, best =    1.3784107906662045E-004
 performing expansion, best =    1.3784107903923204E-004
 performing expansion, best =    1.3784107895675434E-004
Exiting simplex optimization after   872 iterations
Solution after  refinement:      1.3784107896E-04
RMSE         1.378410790E-04Hartree
NEW BEST!

Starting fitting procedure for multipole expansion of atom 2 with 4 charges, trial 2
gen      0/8000      elitist  2.6133059E-03 feasible? T
gen    100/8000      elitist  5.9275061E-04 feasible? T
gen    200/8000      elitist  2.1852519E-04 feasible? T
gen    300/8000      elitist  1.3503919E-04 feasible? T
gen    400/8000      elitist  1.2589182E-04 feasible? T
gen    500/8000      elitist  1.2372521E-04 feasible? T
gen    600/8000      elitist  1.2247561E-04 feasible? T
gen    700/8000      elitist  1.2221529E-04 feasible? T
gen    800/8000      elitist  1.2219043E-04 feasible? T
gen    900/8000      elitist  1.2072468E-04 feasible? T
gen   1000/8000      elitist  1.1964374E-04 feasible? T
gen   1100/8000      elitist  1.1875741E-04 feasible? T
gen   1200/8000      elitist  1.1859522E-04 feasible? T
gen   1300/8000      elitist  1.1753991E-04 feasible? T
gen   1400/8000      elitist  1.1665225E-04 feasible? T
gen   1500/8000      elitist  1.1580910E-04 feasible? T
gen   1600/8000      elitist  1.1526509E-04 feasible? T
gen   1700/8000      elitist  1.1486107E-04 feasible? T
gen   1800/8000      elitist  1.1409081E-04 feasible? T
gen   1900/8000      elitist  1.1383465E-04 feasible? T
gen   2000/8000      elitist  1.1380373E-04 feasible? T
gen   2100/8000      elitist  1.1380039E-04 feasible? T
gen   2200/8000      elitist  1.1379959E-04 feasible? T
gen   2300/8000      elitist  1.1376269E-04 feasible? T
gen   2400/8000      elitist  1.1375869E-04 feasible? T
gen   2500/8000      elitist  1.1375541E-04 feasible? T
gen   2600/8000      elitist  1.1375484E-04 feasible? T
gen   2700/8000      elitist  1.1375480E-04 feasible? T
population converged towards a single solution after 2728 generations.
Starting local simplex optimization:
Solution before refinement:      1.1375480129E-04
 performing expansion, best =    1.1375480025034278E-004
 performing expansion, best =    1.1375479900151446E-004
 performing expansion, best =    1.1375479790346262E-004
 performing expansion, best =    1.1375479744012573E-004
 performing expansion, best =    1.1375479553466052E-004
 performing expansion, best =    1.1375479500673196E-004
 performing expansion, best =    1.1375479474931692E-004
 performing expansion, best =    1.1375479443377892E-004
 performing expansion, best =    1.1375479432568491E-004
 performing expansion, best =    1.1375479360972740E-004
 performing expansion, best =    1.1375479311500134E-004
 performing expansion, best =    1.1375479303660144E-004
 performing expansion, best =    1.1375479271857237E-004
 performing expansion, best =    1.1375479267907598E-004
 performing expansion, best =    1.1375479201678917E-004
 performing expansion, best =    1.1375479178245954E-004
 performing expansion, best =    1.1375479167580229E-004
Exiting simplex optimization after   593 iterations
Solution after  refinement:      1.1375479118E-04
RMSE         1.137547912E-04Hartree
NEW BEST!

Starting fitting procedure for multipole expansion of atom 2 with 4 charges, trial 3
gen      0/8000      elitist  2.1288300E-03 feasible? T
gen    100/8000      elitist  2.7340433E-04 feasible? T
gen    200/8000      elitist  1.3496559E-04 feasible? T
gen    300/8000      elitist  1.0780317E-04 feasible? T
gen    400/8000      elitist  1.0454014E-04 feasible? T
gen    500/8000      elitist  9.8196424E-05 feasible? T
gen    600/8000      elitist  9.4066219E-05 feasible? T
gen    700/8000      elitist  8.8809243E-05 feasible? T
gen    800/8000      elitist  8.4462086E-05 feasible? T
gen    900/8000      elitist  7.9254813E-05 feasible? T
gen   1000/8000      elitist  7.6732143E-05 feasible? T
gen   1100/8000      elitist  7.4319573E-05 feasible? T
gen   1200/8000      elitist  7.2216921E-05 feasible? T
gen   1300/8000      elitist  7.1700192E-05 feasible? T
gen   1400/8000      elitist  7.1609190E-05 feasible? T
gen   1500/8000      elitist  7.1569585E-05 feasible? T
gen   1600/8000      elitist  7.0320668E-05 feasible? T
gen   1700/8000      elitist  6.9711642E-05 feasible? T
gen   1800/8000      elitist  6.9395506E-05 feasible? T
gen   1900/8000      elitist  6.9142808E-05 feasible? T
gen   2000/8000      elitist  6.9002562E-05 feasible? T
gen   2100/8000      elitist  6.8938351E-05 feasible? T
gen   2200/8000      elitist  6.8897364E-05 feasible? T
gen   2300/8000      elitist  6.8885056E-05 feasible? T
gen   2400/8000      elitist  6.8748612E-05 feasible? T
gen   2500/8000      elitist  6.8687791E-05 feasible? T
gen   2600/8000      elitist  6.8675715E-05 feasible? T
gen   2700/8000      elitist  6.8673714E-05 feasible? T
gen   2800/8000      elitist  6.8673179E-05 feasible? T
gen   2900/8000      elitist  6.8672801E-05 feasible? T
gen   3000/8000      elitist  6.8672764E-05 feasible? T
population converged towards a single solution after 3019 generations.
Starting local simplex optimization:
Solution before refinement:      6.8672763477E-05
 performing expansion, best =    6.8672763343127378E-005
 performing expansion, best =    6.8672763267818980E-005
 performing expansion, best =    6.8672763150078378E-005
 performing expansion, best =    6.8672762986306740E-005
 performing expansion, best =    6.8672762928406915E-005
 performing expansion, best =    6.8672762912937532E-005
 performing expansion, best =    6.8672762808144987E-005
Exiting simplex optimization after   559 iterations
Solution after  refinement:      6.8672762808E-05
RMSE         6.867276281E-05Hartree
NEW BEST!

Best found solution for 4 charges:
        RMSE         4.309277672E-02 kcal/mol
         MAE         2.844555078E-02 kcal/mol
     max. AE         4.960755246E-01 kcal/mol

       x[bohr]       y[bohr]       z[bohr]          q[e]
     1.4268907    -0.8839740     0.0229325     0.6634046
     1.0776913    -0.4077174     0.2344707    -1.0000000
     1.0348411    -0.4999266    -0.5101531    -0.2141102
     1.0742449    -0.2462990     0.1555065     0.7076385

Fragment fit detected
Fitting to MTP grid, discarding reference MEP cube data
Subsequent stats etc. are compared to MTP data, not the
MEP from the reference cube file
Total fragment charge (a.u.):        -1.694946884E-01
Running DE in parallel with 4 thread(s)!

Starting fitting procedure for 4 charges, trial 1
gen      0/8000      elitist  3.2970566E-03 feasible? T
gen    100/8000      elitist  1.8604867E-03 feasible? T
gen    200/8000      elitist  1.5041157E-03 feasible? T
gen    300/8000      elitist  1.3065962E-03 feasible? T
gen    400/8000      elitist  1.2372908E-03 feasible? T
gen    500/8000      elitist  1.2352656E-03 feasible? T
gen    600/8000      elitist  1.2346067E-03 feasible? T
gen    700/8000      elitist  1.2268699E-03 feasible? T
gen    800/8000      elitist  1.1947712E-03 feasible? T
gen    900/8000      elitist  1.1913236E-03 feasible? T
gen   1000/8000      elitist  1.1841937E-03 feasible? T
gen   1100/8000      elitist  1.1811773E-03 feasible? T
gen   1200/8000      elitist  1.1709464E-03 feasible? T
gen   1300/8000      elitist  1.1673876E-03 feasible? T
gen   1400/8000      elitist  1.1659573E-03 feasible? T
gen   1500/8000      elitist  1.1649860E-03 feasible? T
gen   1600/8000      elitist  1.1647496E-03 feasible? T
gen   1700/8000      elitist  1.1647315E-03 feasible? T
gen   1800/8000      elitist  1.1647289E-03 feasible? T
gen   1900/8000      elitist  1.1647287E-03 feasible? T
gen   2000/8000      elitist  1.1647185E-03 feasible? T
gen   2100/8000      elitist  1.1647173E-03 feasible? T
gen   2200/8000      elitist  1.1646749E-03 feasible? T
gen   2300/8000      elitist  1.1646672E-03 feasible? T
gen   2400/8000      elitist  1.1646333E-03 feasible? T
gen   2500/8000      elitist  1.1646249E-03 feasible? T
gen   2600/8000      elitist  1.1646190E-03 feasible? T
gen   2700/8000      elitist  1.1646184E-03 feasible? T
gen   2800/8000      elitist  1.1646183E-03 feasible? T
gen   2900/8000      elitist  1.1646183E-03 feasible? T
population converged towards a single solution after 2934 generations.
Starting local simplex optimization:
Solution before refinement:      1.1646182758E-03
 performing expansion, best =    1.1646179671079928E-003
 performing expansion, best =    1.1646177273972717E-003
 performing expansion, best =    1.1646172614700034E-003
 performing expansion, best =    1.1646171793361542E-003
 performing expansion, best =    1.1646171461068126E-003
 performing expansion, best =    1.1646170648980441E-003
 performing expansion, best =    1.1646169706598488E-003
 performing expansion, best =    1.1646169220644884E-003
 performing expansion, best =    1.1646168450595371E-003
 performing expansion, best =    1.1646167187432009E-003
 performing expansion, best =    1.1646167042814732E-003
 performing expansion, best =    1.1646164306966696E-003
 performing expansion, best =    1.1646160475986538E-003
 performing expansion, best =    1.1646159598003914E-003
 performing expansion, best =    1.1646159382020895E-003
 performing expansion, best =    1.1646156685541250E-003
 performing expansion, best =    1.1646156683821657E-003
 performing expansion, best =    1.1646156583683947E-003
 performing expansion, best =    1.1646156391691002E-003
 performing expansion, best =    1.1646156156091374E-003
 performing expansion, best =    1.1646155759683168E-003
 performing expansion, best =    1.1646155603124279E-003
 performing expansion, best =    1.1646155496363088E-003
 performing expansion, best =    1.1646155415510923E-003
 performing expansion, best =    1.1646155346514662E-003
 performing expansion, best =    1.1646155221357751E-003
 performing expansion, best =    1.1646155158692017E-003
 performing expansion, best =    1.1646155127149444E-003
 performing expansion, best =    1.1646155094868339E-003
 performing expansion, best =    1.1646154897942892E-003
 performing expansion, best =    1.1646154836977146E-003
 performing expansion, best =    1.1646154819661594E-003
 performing expansion, best =    1.1646154722556945E-003
 performing expansion, best =    1.1646154613784705E-003
 performing expansion, best =    1.1646154560066319E-003
 performing expansion, best =    1.1646154526035470E-003
 performing expansion, best =    1.1646154479404865E-003
 performing expansion, best =    1.1646154400379502E-003
 performing expansion, best =    1.1646154333142629E-003
 performing expansion, best =    1.1646154322482009E-003
 performing expansion, best =    1.1646154268176278E-003
 performing expansion, best =    1.1646154055917214E-003
 performing expansion, best =    1.1646154017628907E-003
 performing expansion, best =    1.1646153968935336E-003
 performing expansion, best =    1.1646153910829019E-003
 performing expansion, best =    1.1646153844824180E-003
 performing expansion, best =    1.1646153796832151E-003
 performing expansion, best =    1.1646153776071044E-003
 performing expansion, best =    1.1646153616865159E-003
 performing expansion, best =    1.1646153451614818E-003
 performing expansion, best =    1.1646153402100497E-003
 performing expansion, best =    1.1646153373830223E-003
 performing expansion, best =    1.1646153173385096E-003
 performing expansion, best =    1.1646153139833243E-003
 performing expansion, best =    1.1646152902747384E-003
 performing expansion, best =    1.1646152737295730E-003
 performing expansion, best =    1.1646152722471414E-003
 performing expansion, best =    1.1646152527728117E-003
 performing expansion, best =    1.1646152410933529E-003
 performing expansion, best =    1.1646152087848661E-003
 performing expansion, best =    1.1646152029551838E-003
 performing expansion, best =    1.1646151996725414E-003
 performing expansion, best =    1.1646151941263278E-003
 performing expansion, best =    1.1646151648950173E-003
 performing expansion, best =    1.1646151588910977E-003
 performing expansion, best =    1.1646151250523768E-003
 performing expansion, best =    1.1646150937754138E-003
 performing expansion, best =    1.1646150864107615E-003
 performing expansion, best =    1.1646150520341898E-003
 performing expansion, best =    1.1646150489925270E-003
 performing expansion, best =    1.1646150233391415E-003
 performing expansion, best =    1.1646150198675433E-003
 performing expansion, best =    1.1646150129176192E-003
 performing expansion, best =    1.1646149759189032E-003
 performing expansion, best =    1.1646149676011359E-003
 performing expansion, best =    1.1646149629461044E-003
 performing expansion, best =    1.1646149337957100E-003
 performing expansion, best =    1.1646149290752905E-003
 performing expansion, best =    1.1646149259640043E-003
 performing expansion, best =    1.1646149250108795E-003
 performing expansion, best =    1.1646149196034513E-003
 performing expansion, best =    1.1646148979113508E-003
 performing expansion, best =    1.1646148952271392E-003
 performing expansion, best =    1.1646148919482904E-003
 performing expansion, best =    1.1646148885702944E-003
 performing expansion, best =    1.1646148882222718E-003
 performing expansion, best =    1.1646148863212232E-003
 performing expansion, best =    1.1646148852737703E-003
 performing expansion, best =    1.1646148839557491E-003
 performing expansion, best =    1.1646148747425950E-003
 performing expansion, best =    1.1646148739270872E-003
 performing expansion, best =    1.1646148728465026E-003
 performing expansion, best =    1.1646148720046762E-003
 performing expansion, best =    1.1646148712479750E-003
 performing expansion, best =    1.1646148708407715E-003
 performing expansion, best =    1.1646148705808151E-003
 performing expansion, best =    1.1646148672605006E-003
 performing expansion, best =    1.1646148665507157E-003
 performing expansion, best =    1.1646148661579984E-003
 performing expansion, best =    1.1646148657169912E-003
 performing expansion, best =    1.1646148652120357E-003
 performing expansion, best =    1.1646148645057101E-003
 performing expansion, best =    1.1646148644503332E-003
 performing expansion, best =    1.1646148640984001E-003
 performing expansion, best =    1.1646148638384862E-003
 performing expansion, best =    1.1646148636233482E-003
 performing expansion, best =    1.1646148633321805E-003
 performing expansion, best =    1.1646148629842561E-003
 performing expansion, best =    1.1646148627445327E-003
 performing expansion, best =    1.1646148625607589E-003
 performing expansion, best =    1.1646148622804677E-003
 performing expansion, best =    1.1646148605255710E-003
 performing expansion, best =    1.1646148603492868E-003
 performing expansion, best =    1.1646148602749630E-003
 performing expansion, best =    1.1646148601390579E-003
 performing expansion, best =    1.1646148587725698E-003
 performing expansion, best =    1.1646148584956277E-003
 performing expansion, best =    1.1646148584298914E-003
 performing expansion, best =    1.1646148584040898E-003
 performing expansion, best =    1.1646148582424209E-003
 performing expansion, best =    1.1646148573346141E-003
 performing expansion, best =    1.1646148572624785E-003
 performing expansion, best =    1.1646148566301540E-003
 performing expansion, best =    1.1646148557943870E-003
 performing expansion, best =    1.1646148557562833E-003
 performing expansion, best =    1.1646148556486409E-003
 performing expansion, best =    1.1646148556169022E-003
 performing expansion, best =    1.1646148555604456E-003
 performing expansion, best =    1.1646148554259408E-003
 performing expansion, best =    1.1646148553578850E-003
Exiting simplex optimization after   965 iterations
Solution after  refinement:      1.1646148554E-03
RMSE         1.164614855E-03 Hartree
NEW BEST!

Starting fitting procedure for 4 charges, trial 2
gen      0/8000      elitist  2.6100345E-03 feasible? T
gen    100/8000      elitist  1.8953430E-03 feasible? T
gen    200/8000      elitist  1.7473733E-03 feasible? T
gen    300/8000      elitist  1.7224125E-03 feasible? T
gen    400/8000      elitist  1.7115820E-03 feasible? T
gen    500/8000      elitist  1.7040776E-03 feasible? T
gen    600/8000      elitist  1.6921578E-03 feasible? T
gen    700/8000      elitist  1.6907681E-03 feasible? T
gen    800/8000      elitist  1.6820383E-03 feasible? T
gen    900/8000      elitist  1.6812974E-03 feasible? T
gen   1000/8000      elitist  1.6804578E-03 feasible? T
gen   1100/8000      elitist  1.6801682E-03 feasible? T
gen   1200/8000      elitist  1.6800856E-03 feasible? T
gen   1300/8000      elitist  1.6800385E-03 feasible? T
gen   1400/8000      elitist  1.6800081E-03 feasible? T
gen   1500/8000      elitist  1.6799967E-03 feasible? T
gen   1600/8000      elitist  1.6799938E-03 feasible? T
gen   1700/8000      elitist  1.6799888E-03 feasible? T
gen   1800/8000      elitist  1.6799880E-03 feasible? T
gen   1900/8000      elitist  1.6799879E-03 feasible? T
gen   2000/8000      elitist  1.6799875E-03 feasible? T
gen   2100/8000      elitist  1.6799854E-03 feasible? T
gen   2200/8000      elitist  1.6799845E-03 feasible? T
gen   2300/8000      elitist  1.6799829E-03 feasible? T
gen   2400/8000      elitist  1.6799826E-03 feasible? T
gen   2500/8000      elitist  1.6799823E-03 feasible? T
gen   2600/8000      elitist  1.6799822E-03 feasible? T
gen   2700/8000      elitist  1.6799821E-03 feasible? T
gen   2800/8000      elitist  1.6799820E-03 feasible? T
population converged towards a single solution after 2842 generations.
Starting local simplex optimization:
Solution before refinement:      1.6799820160E-03
 performing expansion, best =    1.6799820159532793E-003
 performing expansion, best =    1.6799820158747351E-003
 performing expansion, best =    1.6799820156459930E-003
 performing expansion, best =    1.6799820154291057E-003
 performing expansion, best =    1.6799820154067954E-003
 performing expansion, best =    1.6799820153488596E-003
Exiting simplex optimization after   646 iterations
Solution after  refinement:      1.6799820153E-03
RMSE         1.679982015E-03 Hartree

Starting fitting procedure for 4 charges, trial 3
gen      0/8000      elitist  2.3456843E-03 feasible? T
gen    100/8000      elitist  1.7524562E-03 feasible? T
gen    200/8000      elitist  1.5595942E-03 feasible? T
gen    300/8000      elitist  1.4469661E-03 feasible? T
gen    400/8000      elitist  1.3282665E-03 feasible? T
gen    500/8000      elitist  1.1979719E-03 feasible? T
gen    600/8000      elitist  1.1805941E-03 feasible? T
gen    700/8000      elitist  1.1753703E-03 feasible? T
gen    800/8000      elitist  1.1726858E-03 feasible? T
gen    900/8000      elitist  1.1714815E-03 feasible? T
gen   1000/8000      elitist  1.1712771E-03 feasible? T
gen   1100/8000      elitist  1.1678816E-03 feasible? T
gen   1200/8000      elitist  1.1659803E-03 feasible? T
gen   1300/8000      elitist  1.1648731E-03 feasible? T
gen   1400/8000      elitist  1.1647986E-03 feasible? T
gen   1500/8000      elitist  1.1646504E-03 feasible? T
gen   1600/8000      elitist  1.1646257E-03 feasible? T
gen   1700/8000      elitist  1.1646159E-03 feasible? T
gen   1800/8000      elitist  1.1646148E-03 feasible? T
gen   1900/8000      elitist  1.1646146E-03 feasible? T
gen   2000/8000      elitist  1.1646146E-03 feasible? T
population converged towards a single solution after 2017 generations.
Starting local simplex optimization:
Solution before refinement:      1.1646145963E-03
 performing expansion, best =    1.1646145961583783E-003
 performing expansion, best =    1.1646145960553436E-003
 performing expansion, best =    1.1646145957934309E-003
 performing expansion, best =    1.1646145956870292E-003
Exiting simplex optimization after   706 iterations
Solution after  refinement:      1.1646145957E-03
RMSE         1.164614596E-03 Hartree
NEW BEST!

Best found solution for 4 charges:
        RMSE         7.308061403E-01 kcal/mol
         MAE         5.151344884E-01 kcal/mol
     max. AE         3.884640938E+00 kcal/mol

       x[bohr]       y[bohr]       z[bohr]          q[e]
     0.2748447     0.7899799    -0.7203874    -0.2145329
     0.3877526     0.3931152     0.8586093    -0.2718095
     1.3076583    -0.6090342    -0.6888454    -0.6831522
     1.4477872    -0.6478271    -0.3924765     0.9999999

