Running in fitting mode

Reading "/data/boittier/energies/h2o_geom.xyz.dir/h2o_1.chk.fchk.potential.cube"...

  h2o Potential=SCF
  Electrostatic potential from Total SCF Density
    3   -4.970736   -4.748413   -4.970736
   80    0.125841    0.000000    0.000000
   80    0.000000    0.125841    0.000000
   80    0.000000    0.000000    0.125841
    8    8.000000    0.000000    0.222323    0.000000
    1    1.000000    1.427171   -0.896400    0.000000
    1    1.000000   -1.427171   -0.882184    0.000000
  1.90555E-02  1.92647E-02  1.94347E-02  1.95637E-02  1.96505E-02  1.96941E-02
       .            .            .            .            .            .
       .            .            .            .            .            .
       .            .            .            .            .            .
 -9.18626E-03 -9.18159E-03 -9.17225E-03 -9.15823E-03 -9.13952E-03 -9.11609E-03

336032 out of 512000 gridpoints are considered ( 65.6%).

...done!




USING GREEDY MODE
File "multipole1_1charges.xyz" already exists. Fitting procedure is skipped.
File "multipole1_2charges.xyz" already exists. Fitting procedure is skipped.
File "multipole1_3charges.xyz" already exists. Fitting procedure is skipped.
Running DE in parallel with 4 thread(s)!

Starting fitting procedure for multipole expansion of atom 1 with 4 charges, trial 1
gen      0/8000      elitist  2.6933099E-03 feasible? T
gen    100/8000      elitist  1.4064532E-03 feasible? T
gen    200/8000      elitist  6.9700374E-04 feasible? T
gen    300/8000      elitist  3.5130464E-04 feasible? T
gen    400/8000      elitist  3.1618230E-04 feasible? T
gen    500/8000      elitist  3.1156984E-04 feasible? T
gen    600/8000      elitist  3.0651301E-04 feasible? T
gen    700/8000      elitist  2.9943602E-04 feasible? T
gen    800/8000      elitist  2.9771958E-04 feasible? T
gen    900/8000      elitist  2.9763593E-04 feasible? T
gen   1000/8000      elitist  2.9748846E-04 feasible? T
gen   1100/8000      elitist  2.9744251E-04 feasible? T
gen   1200/8000      elitist  2.9638156E-04 feasible? T
gen   1300/8000      elitist  2.9610266E-04 feasible? T
gen   1400/8000      elitist  2.9592418E-04 feasible? T
gen   1500/8000      elitist  2.9589774E-04 feasible? T
gen   1600/8000      elitist  2.9589049E-04 feasible? T
gen   1700/8000      elitist  2.9588901E-04 feasible? T
gen   1800/8000      elitist  2.9588704E-04 feasible? T
gen   1900/8000      elitist  2.9588675E-04 feasible? T
gen   2000/8000      elitist  2.9588669E-04 feasible? T
population converged towards a single solution after 2087 generations.
Starting local simplex optimization:
Solution before refinement:      2.9588663340E-04
 performing expansion, best =    2.9588660311088565E-004
 performing expansion, best =    2.9588659754222493E-004
 performing expansion, best =    2.9588655411456015E-004
 performing expansion, best =    2.9588652460051031E-004
 performing expansion, best =    2.9588651777489634E-004
 performing expansion, best =    2.9588651072092251E-004
 performing expansion, best =    2.9588649868254532E-004
 performing expansion, best =    2.9588649614058687E-004
 performing expansion, best =    2.9588649078866820E-004
 performing expansion, best =    2.9588648767630134E-004
 performing expansion, best =    2.9588648420481414E-004
 performing expansion, best =    2.9588648219775610E-004
 performing expansion, best =    2.9588648107403589E-004
 performing expansion, best =    2.9588648060289107E-004
 performing expansion, best =    2.9588648027477224E-004
 performing expansion, best =    2.9588647745198743E-004
 performing expansion, best =    2.9588647624194500E-004
 performing expansion, best =    2.9588647502252601E-004
 performing expansion, best =    2.9588647174428104E-004
 performing expansion, best =    2.9588647113626843E-004
 performing expansion, best =    2.9588647044165344E-004
 performing expansion, best =    2.9588647043127990E-004
 performing expansion, best =    2.9588646907402157E-004
 performing expansion, best =    2.9588646756364750E-004
 performing expansion, best =    2.9588646703579939E-004
 performing expansion, best =    2.9588646639844502E-004
 performing expansion, best =    2.9588646096999474E-004
 performing expansion, best =    2.9588646041218893E-004
 performing expansion, best =    2.9588645637137676E-004
 performing expansion, best =    2.9588645632610113E-004
 performing expansion, best =    2.9588645514187501E-004
 performing expansion, best =    2.9588645419571249E-004
 performing expansion, best =    2.9588645367955262E-004
 performing expansion, best =    2.9588645232447224E-004
 performing expansion, best =    2.9588644785238981E-004
 performing expansion, best =    2.9588644752162737E-004
 performing expansion, best =    2.9588644663957605E-004
 performing expansion, best =    2.9588644592465205E-004
 performing expansion, best =    2.9588644238627175E-004
 performing expansion, best =    2.9588644223509808E-004
 performing expansion, best =    2.9588644178947862E-004
 performing expansion, best =    2.9588644120149079E-004
 performing expansion, best =    2.9588643800155612E-004
 performing expansion, best =    2.9588643367767388E-004
 performing expansion, best =    2.9588643144082846E-004
 performing expansion, best =    2.9588642936389788E-004
 performing expansion, best =    2.9588642681765303E-004
 performing expansion, best =    2.9588642572411534E-004
 performing expansion, best =    2.9588642519987204E-004
 performing expansion, best =    2.9588642265321715E-004
 performing expansion, best =    2.9588641965910709E-004
 performing expansion, best =    2.9588641903716302E-004
 performing expansion, best =    2.9588641836393603E-004
 performing expansion, best =    2.9588641490742372E-004
 performing expansion, best =    2.9588641482326740E-004
 performing expansion, best =    2.9588641448216683E-004
 performing expansion, best =    2.9588641404888180E-004
 performing expansion, best =    2.9588641280756643E-004
 performing expansion, best =    2.9588641267106039E-004
 performing expansion, best =    2.9588641208149038E-004
 performing expansion, best =    2.9588641190999237E-004
 performing expansion, best =    2.9588641162352002E-004
 performing expansion, best =    2.9588640923611405E-004
 performing expansion, best =    2.9588640914202726E-004
 performing expansion, best =    2.9588640888151462E-004
 performing expansion, best =    2.9588640859405538E-004
 performing expansion, best =    2.9588640845696821E-004
 performing expansion, best =    2.9588640818866812E-004
 performing expansion, best =    2.9588640763166446E-004
 performing expansion, best =    2.9588640756101215E-004
 performing expansion, best =    2.9588640717782383E-004
 performing expansion, best =    2.9588640697817662E-004
 performing expansion, best =    2.9588640586445644E-004
 performing expansion, best =    2.9588640568485342E-004
 performing expansion, best =    2.9588640554737686E-004
 performing expansion, best =    2.9588640542955715E-004
 performing expansion, best =    2.9588640538994517E-004
 performing expansion, best =    2.9588640521566059E-004
 performing expansion, best =    2.9588640509075470E-004
Exiting simplex optimization after   738 iterations
Solution after  refinement:      2.9588640509E-04
RMSE         2.958864051E-04Hartree
NEW BEST!

Starting fitting procedure for multipole expansion of atom 1 with 4 charges, trial 2
gen      0/8000      elitist  2.8126965E-03 feasible? T
gen    100/8000      elitist  1.4729649E-03 feasible? T
gen    200/8000      elitist  8.4263548E-04 feasible? T
gen    300/8000      elitist  4.2171804E-04 feasible? T
gen    400/8000      elitist  3.9433881E-04 feasible? T
gen    500/8000      elitist  3.3720640E-04 feasible? T
gen    600/8000      elitist  3.1427214E-04 feasible? T
gen    700/8000      elitist  3.1127175E-04 feasible? T
gen    800/8000      elitist  3.1117332E-04 feasible? T
gen    900/8000      elitist  3.1101187E-04 feasible? T
gen   1000/8000      elitist  3.0641694E-04 feasible? T
gen   1100/8000      elitist  3.0621285E-04 feasible? T
gen   1200/8000      elitist  3.0603549E-04 feasible? T
gen   1300/8000      elitist  3.0329251E-04 feasible? T
gen   1400/8000      elitist  3.0113354E-04 feasible? T
gen   1500/8000      elitist  3.0043623E-04 feasible? T
gen   1600/8000      elitist  2.9971404E-04 feasible? T
gen   1700/8000      elitist  2.9878669E-04 feasible? T
gen   1800/8000      elitist  2.9762920E-04 feasible? T
gen   1900/8000      elitist  2.9721423E-04 feasible? T
gen   2000/8000      elitist  2.9621974E-04 feasible? T
gen   2100/8000      elitist  2.9605372E-04 feasible? T
gen   2200/8000      elitist  2.9601369E-04 feasible? T
gen   2300/8000      elitist  2.9594438E-04 feasible? T
gen   2400/8000      elitist  2.9589255E-04 feasible? T
gen   2500/8000      elitist  2.9588909E-04 feasible? T
gen   2600/8000      elitist  2.9588848E-04 feasible? T
gen   2700/8000      elitist  2.9588759E-04 feasible? T
gen   2800/8000      elitist  2.9588665E-04 feasible? T
gen   2900/8000      elitist  2.9588656E-04 feasible? T
gen   3000/8000      elitist  2.9588635E-04 feasible? T
population converged towards a single solution after 3098 generations.
Starting local simplex optimization:
Solution before refinement:      2.9588630699E-04
 performing expansion, best =    2.9588630683376150E-004
 performing expansion, best =    2.9588630657593427E-004
 performing expansion, best =    2.9588630639942512E-004
 performing expansion, best =    2.9588630625230431E-004
 performing expansion, best =    2.9588630604952533E-004
 performing expansion, best =    2.9588630596298193E-004
 performing expansion, best =    2.9588630579517882E-004
 performing expansion, best =    2.9588630545603046E-004
 performing expansion, best =    2.9588630539531649E-004
Exiting simplex optimization after   586 iterations
Solution after  refinement:      2.9588630540E-04
RMSE         2.958863054E-04Hartree
NEW BEST!

Starting fitting procedure for multipole expansion of atom 1 with 4 charges, trial 3
gen      0/8000      elitist  2.6475570E-03 feasible? T
gen    100/8000      elitist  1.4311546E-03 feasible? T
gen    200/8000      elitist  9.0946913E-04 feasible? T
gen    300/8000      elitist  5.5120571E-04 feasible? T
gen    400/8000      elitist  4.6916463E-04 feasible? T
gen    500/8000      elitist  4.5642346E-04 feasible? T
gen    600/8000      elitist  4.3981514E-04 feasible? T
gen    700/8000      elitist  4.2842015E-04 feasible? T
gen    800/8000      elitist  4.2665026E-04 feasible? T
gen    900/8000      elitist  4.2651747E-04 feasible? T
gen   1000/8000      elitist  4.2650316E-04 feasible? T
gen   1100/8000      elitist  4.2650216E-04 feasible? T
gen   1200/8000      elitist  4.2650194E-04 feasible? T
gen   1300/8000      elitist  4.2650191E-04 feasible? T
population converged towards a single solution after 1304 generations.
Starting local simplex optimization:
Solution before refinement:      4.2650190855E-04
 performing expansion, best =    4.2650190834693801E-004
 performing expansion, best =    4.2650190816265183E-004
 performing expansion, best =    4.2650190787152522E-004
 performing expansion, best =    4.2650190757682628E-004
 performing expansion, best =    4.2650190747369144E-004
Exiting simplex optimization after   605 iterations
Solution after  refinement:      4.2650190747E-04
RMSE         4.265019075E-04Hartree
Best found solution for 4 charges:
        RMSE         1.856713196E-01 kcal/mol
         MAE         1.194970489E-01 kcal/mol
     max. AE         2.009895136E+00 kcal/mol

       x[bohr]       y[bohr]       z[bohr]          q[e]
    -0.9464116     0.1264231     0.1088128     0.2453579
     0.0539775     0.4104683     0.3236130    -0.6580770
     0.9489893     0.2387894     0.1260164     0.2561281
     0.0361260     0.5286987    -0.9063999    -0.1698367

File "multipole2_1charges.xyz" already exists. Fitting procedure is skipped.
File "multipole2_2charges.xyz" already exists. Fitting procedure is skipped.
File "multipole2_3charges.xyz" already exists. Fitting procedure is skipped.
Running DE in parallel with 4 thread(s)!

Starting fitting procedure for multipole expansion of atom 2 with 4 charges, trial 1
gen      0/8000      elitist  2.9162443E-03 feasible? T
gen    100/8000      elitist  3.4959597E-04 feasible? T
gen    200/8000      elitist  1.3774466E-04 feasible? T
gen    300/8000      elitist  1.2147298E-04 feasible? T
gen    400/8000      elitist  1.1753624E-04 feasible? T
gen    500/8000      elitist  1.1585350E-04 feasible? T
gen    600/8000      elitist  1.1464776E-04 feasible? T
gen    700/8000      elitist  1.1352790E-04 feasible? T
gen    800/8000      elitist  1.1333658E-04 feasible? T
gen    900/8000      elitist  1.1332026E-04 feasible? T
gen   1000/8000      elitist  1.1331857E-04 feasible? T
gen   1100/8000      elitist  1.1331812E-04 feasible? T
gen   1200/8000      elitist  1.1331788E-04 feasible? T
population converged towards a single solution after 1287 generations.
Starting local simplex optimization:
Solution before refinement:      1.1331786685E-04
 performing expansion, best =    1.1331786673062699E-004
 performing expansion, best =    1.1331786664769255E-004
 performing expansion, best =    1.1331786663836591E-004
 performing expansion, best =    1.1331786661002926E-004
Exiting simplex optimization after   613 iterations
Solution after  refinement:      1.1331786661E-04
RMSE         1.133178666E-04Hartree
NEW BEST!

Starting fitting procedure for multipole expansion of atom 2 with 4 charges, trial 2
gen      0/8000      elitist  2.6247497E-03 feasible? T
gen    100/8000      elitist  5.4494294E-04 feasible? T
gen    200/8000      elitist  3.1975614E-04 feasible? T
gen    300/8000      elitist  2.4455983E-04 feasible? T
gen    400/8000      elitist  2.0741506E-04 feasible? T
gen    500/8000      elitist  1.9068886E-04 feasible? T
gen    600/8000      elitist  1.7663061E-04 feasible? T
gen    700/8000      elitist  1.7396449E-04 feasible? T
gen    800/8000      elitist  1.7378013E-04 feasible? T
gen    900/8000      elitist  1.7369506E-04 feasible? T
gen   1000/8000      elitist  1.7365697E-04 feasible? T
gen   1100/8000      elitist  1.7364595E-04 feasible? T
gen   1200/8000      elitist  1.7040572E-04 feasible? T
gen   1300/8000      elitist  1.6813371E-04 feasible? T
gen   1400/8000      elitist  1.6691307E-04 feasible? T
gen   1500/8000      elitist  1.5897217E-04 feasible? T
gen   1600/8000      elitist  1.5177566E-04 feasible? T
gen   1700/8000      elitist  1.4575442E-04 feasible? T
gen   1800/8000      elitist  1.4103911E-04 feasible? T
gen   1900/8000      elitist  1.4089302E-04 feasible? T
gen   2000/8000      elitist  1.4044577E-04 feasible? T
gen   2100/8000      elitist  1.4039582E-04 feasible? T
gen   2200/8000      elitist  1.4039132E-04 feasible? T
gen   2300/8000      elitist  1.4038975E-04 feasible? T
gen   2400/8000      elitist  1.4038449E-04 feasible? T
gen   2500/8000      elitist  1.4037877E-04 feasible? T
gen   2600/8000      elitist  1.4037727E-04 feasible? T
gen   2700/8000      elitist  1.4037591E-04 feasible? T
gen   2800/8000      elitist  1.4037568E-04 feasible? T
gen   2900/8000      elitist  1.4034129E-04 feasible? T
gen   3000/8000      elitist  1.4030034E-04 feasible? T
gen   3100/8000      elitist  1.4025181E-04 feasible? T
gen   3200/8000      elitist  1.4022018E-04 feasible? T
gen   3300/8000      elitist  1.4019354E-04 feasible? T
gen   3400/8000      elitist  1.4008588E-04 feasible? T
gen   3500/8000      elitist  1.4006358E-04 feasible? T
gen   3600/8000      elitist  1.4006084E-04 feasible? T
gen   3700/8000      elitist  1.4005424E-04 feasible? T
gen   3800/8000      elitist  1.4005314E-04 feasible? T
gen   3900/8000      elitist  1.4005056E-04 feasible? T
gen   4000/8000      elitist  1.4004817E-04 feasible? T
gen   4100/8000      elitist  1.3869353E-04 feasible? T
gen   4200/8000      elitist  1.3841659E-04 feasible? T
gen   4300/8000      elitist  1.3837674E-04 feasible? T
gen   4400/8000      elitist  1.3829301E-04 feasible? T
gen   4500/8000      elitist  1.3816982E-04 feasible? T
gen   4600/8000      elitist  1.3806101E-04 feasible? T
gen   4700/8000      elitist  1.3791822E-04 feasible? T
gen   4800/8000      elitist  1.3787183E-04 feasible? T
gen   4900/8000      elitist  1.3786101E-04 feasible? T
gen   5000/8000      elitist  1.3784695E-04 feasible? T
gen   5100/8000      elitist  1.3784224E-04 feasible? T
gen   5200/8000      elitist  1.3784136E-04 feasible? T
gen   5300/8000      elitist  1.3784111E-04 feasible? T
gen   5400/8000      elitist  1.3784083E-04 feasible? T
gen   5500/8000      elitist  1.3784079E-04 feasible? T
population converged towards a single solution after 5516 generations.
Starting local simplex optimization:
Solution before refinement:      1.3784079000E-04
 performing expansion, best =    1.3784078999000095E-004
 performing expansion, best =    1.3784078982869046E-004
 performing expansion, best =    1.3784078966312896E-004
 performing expansion, best =    1.3784078948713387E-004
Exiting simplex optimization after   668 iterations
Solution after  refinement:      1.3784078949E-04
RMSE         1.378407895E-04Hartree
Starting fitting procedure for multipole expansion of atom 2 with 4 charges, trial 3
gen      0/8000      elitist  2.0418377E-03 feasible? T
gen    100/8000      elitist  4.0108427E-04 feasible? T
gen    200/8000      elitist  2.5737608E-04 feasible? T
gen    300/8000      elitist  2.1137065E-04 feasible? T
gen    400/8000      elitist  1.8094241E-04 feasible? T
gen    500/8000      elitist  1.7412185E-04 feasible? T
gen    600/8000      elitist  1.3356254E-04 feasible? T
gen    700/8000      elitist  1.2712199E-04 feasible? T
gen    800/8000      elitist  1.2600851E-04 feasible? T
gen    900/8000      elitist  1.2495878E-04 feasible? T
gen   1000/8000      elitist  1.2315147E-04 feasible? T
gen   1100/8000      elitist  1.2226700E-04 feasible? T
gen   1200/8000      elitist  1.2086600E-04 feasible? T
gen   1300/8000      elitist  1.1992113E-04 feasible? T
gen   1400/8000      elitist  1.1949172E-04 feasible? T
gen   1500/8000      elitist  1.1886490E-04 feasible? T
gen   1600/8000      elitist  1.1777873E-04 feasible? T
gen   1700/8000      elitist  1.1751561E-04 feasible? T
gen   1800/8000      elitist  1.1709925E-04 feasible? T
gen   1900/8000      elitist  1.1611272E-04 feasible? T
gen   2000/8000      elitist  1.1467623E-04 feasible? T
gen   2100/8000      elitist  1.1420613E-04 feasible? T
gen   2200/8000      elitist  1.1380829E-04 feasible? T
gen   2300/8000      elitist  1.1376964E-04 feasible? T
gen   2400/8000      elitist  1.1376808E-04 feasible? T
gen   2500/8000      elitist  1.1375936E-04 feasible? T
gen   2600/8000      elitist  1.1375515E-04 feasible? T
gen   2700/8000      elitist  1.1375455E-04 feasible? T
gen   2800/8000      elitist  1.1375451E-04 feasible? T
population converged towards a single solution after 2845 generations.
Starting local simplex optimization:
Solution before refinement:      1.1375450626E-04
 performing expansion, best =    1.1375450610593420E-004
 performing expansion, best =    1.1375450575136717E-004
 performing expansion, best =    1.1375450554586955E-004
 performing expansion, best =    1.1375450547366582E-004
 performing expansion, best =    1.1375450516145181E-004
 performing expansion, best =    1.1375450513913752E-004
Exiting simplex optimization after   597 iterations
Solution after  refinement:      1.1375450514E-04
RMSE         1.137545051E-04Hartree
Best found solution for 4 charges:
        RMSE         7.110798116E-02 kcal/mol
         MAE         4.818474828E-02 kcal/mol
     max. AE         6.080132560E-01 kcal/mol

       x[bohr]       y[bohr]       z[bohr]          q[e]
     1.0951323    -0.6363863     0.6273066    -0.1745231
     0.6790221    -0.7891500     0.0118776    -0.1338283
     1.0881392    -0.6372954    -0.6239332    -0.1772745
     1.3729804    -0.8963524     0.0007136     0.6425589

Fragment fit detected
Fitting to MTP grid, discarding reference MEP cube data
Subsequent stats etc. are compared to MTP data, not the
MEP from the reference cube file
Total fragment charge (a.u.):        -1.694946884E-01
Running DE in parallel with 4 thread(s)!

Starting fitting procedure for 5 charges, trial 1
gen      0/10000      elitist  2.8653842E-03 feasible? T
gen    100/10000      elitist  2.1900545E-03 feasible? T
gen    200/10000      elitist  1.6843670E-03 feasible? T
gen    300/10000      elitist  1.6378896E-03 feasible? T
gen    400/10000      elitist  1.6227822E-03 feasible? T
gen    500/10000      elitist  1.5664889E-03 feasible? T
gen    600/10000      elitist  1.5377500E-03 feasible? T
gen    700/10000      elitist  1.5314027E-03 feasible? T
gen    800/10000      elitist  1.5271210E-03 feasible? T
gen    900/10000      elitist  1.5263806E-03 feasible? T
gen   1000/10000      elitist  1.5261094E-03 feasible? T
gen   1100/10000      elitist  1.5260282E-03 feasible? T
gen   1200/10000      elitist  1.5259799E-03 feasible? T
gen   1300/10000      elitist  1.5256044E-03 feasible? T
gen   1400/10000      elitist  1.5255463E-03 feasible? T
gen   1500/10000      elitist  1.5255388E-03 feasible? T
gen   1600/10000      elitist  1.5255370E-03 feasible? T
gen   1700/10000      elitist  1.5255369E-03 feasible? T
gen   1800/10000      elitist  1.5255368E-03 feasible? T
gen   1900/10000      elitist  1.5255367E-03 feasible? T
gen   2000/10000      elitist  1.5255367E-03 feasible? T
population converged towards a single solution after 2007 generations.
Starting local simplex optimization:
Solution before refinement:      1.5255367011E-03
 performing expansion, best =    1.5255281149375501E-003
 performing expansion, best =    1.5255253494590268E-003
 performing expansion, best =    1.5255161843334476E-003
 performing expansion, best =    1.5255132706682552E-003
 performing expansion, best =    1.5255092063487135E-003
 performing expansion, best =    1.5254964982482386E-003
 performing expansion, best =    1.5254938211813221E-003
 performing expansion, best =    1.5254883234207244E-003
 performing expansion, best =    1.5254855000469897E-003
 performing expansion, best =    1.5254837837357068E-003
 performing expansion, best =    1.5254792448900273E-003
 performing expansion, best =    1.5254759900134567E-003
 performing expansion, best =    1.5254734493564206E-003
 performing expansion, best =    1.5254706170262252E-003
 performing expansion, best =    1.5254699559199435E-003
 performing expansion, best =    1.5254693344213793E-003
 performing expansion, best =    1.5254681881162835E-003
 performing expansion, best =    1.5254650722137250E-003
 performing expansion, best =    1.5254647290847865E-003
 performing expansion, best =    1.5254644001051379E-003
 performing expansion, best =    1.5254624651129289E-003
 performing expansion, best =    1.5254621623173221E-003
 performing expansion, best =    1.5254618081956490E-003
 performing expansion, best =    1.5254612067730753E-003
 performing expansion, best =    1.5254571172402692E-003
 performing expansion, best =    1.5254512318295139E-003
 performing expansion, best =    1.5254509074825303E-003
 performing expansion, best =    1.5254441663449839E-003
 performing expansion, best =    1.5254361538982908E-003
 performing expansion, best =    1.5254359818530072E-003
 performing expansion, best =    1.5254297833165059E-003
 performing expansion, best =    1.5254295911612688E-003
 performing expansion, best =    1.5254219576394464E-003
 performing expansion, best =    1.5254137182503012E-003
 performing expansion, best =    1.5254120929445165E-003
 performing expansion, best =    1.5254043264706020E-003
 performing expansion, best =    1.5253946222642055E-003
 performing expansion, best =    1.5253931513726534E-003
 performing expansion, best =    1.5253831915802542E-003
 performing expansion, best =    1.5253713976471847E-003
 performing expansion, best =    1.5253576584864316E-003
 performing expansion, best =    1.5253531966539699E-003
 performing expansion, best =    1.5253395798668914E-003
 performing expansion, best =    1.5253381486992044E-003
 performing expansion, best =    1.5253366112998855E-003
 performing expansion, best =    1.5253279019197818E-003
 performing expansion, best =    1.5253181023510594E-003
 performing expansion, best =    1.5253173063467689E-003
 performing expansion, best =    1.5253081146118157E-003
 performing expansion, best =    1.5252972730861927E-003
 performing expansion, best =    1.5252859723606227E-003
 performing expansion, best =    1.5252772628352965E-003
 performing expansion, best =    1.5252684350449109E-003
 performing expansion, best =    1.5252677350988501E-003
 performing expansion, best =    1.5252655060865158E-003
 performing expansion, best =    1.5252644423431013E-003
 performing expansion, best =    1.5252624302781439E-003
 performing expansion, best =    1.5252614306564623E-003
 performing expansion, best =    1.5252603230623554E-003
 performing expansion, best =    1.5252599046324295E-003
 performing expansion, best =    1.5252573417473658E-003
 performing expansion, best =    1.5252570724794928E-003
 performing expansion, best =    1.5252560747173066E-003
 performing expansion, best =    1.5252526786765205E-003
 performing expansion, best =    1.5252498507823931E-003
 performing expansion, best =    1.5252493063754975E-003
 performing expansion, best =    1.5252490248123536E-003
 performing expansion, best =    1.5252483199063040E-003
 performing expansion, best =    1.5252478893138964E-003
 performing expansion, best =    1.5252457504398250E-003
 performing expansion, best =    1.5252456169023135E-003
 performing expansion, best =    1.5252454870407198E-003
 performing expansion, best =    1.5252439165362505E-003
 performing expansion, best =    1.5252437169593709E-003
 performing expansion, best =    1.5252422069779988E-003
 performing expansion, best =    1.5252408426027503E-003
 performing expansion, best =    1.5252407947804394E-003
 performing expansion, best =    1.5252394985598146E-003
 performing expansion, best =    1.5252385467929010E-003
 performing expansion, best =    1.5252384548699292E-003
 performing expansion, best =    1.5252367201695092E-003
 performing expansion, best =    1.5252360726505482E-003
 performing expansion, best =    1.5252356636694727E-003
 performing expansion, best =    1.5252333714817661E-003
 performing expansion, best =    1.5252317815058433E-003
 performing expansion, best =    1.5252298868669071E-003
 performing expansion, best =    1.5252274216414311E-003
 performing expansion, best =    1.5252261828436694E-003
 performing expansion, best =    1.5252248034231036E-003
 performing expansion, best =    1.5252234817123998E-003
 performing expansion, best =    1.5252229355590581E-003
 performing expansion, best =    1.5252220478371413E-003
 performing expansion, best =    1.5252208698964007E-003
 performing expansion, best =    1.5252199374235101E-003
 performing expansion, best =    1.5252198377972593E-003
 performing expansion, best =    1.5252189680503483E-003
 performing expansion, best =    1.5252175151731120E-003
 performing expansion, best =    1.5252146181178386E-003
 performing expansion, best =    1.5252139848473427E-003
 performing expansion, best =    1.5252120214312424E-003
 performing expansion, best =    1.5252095958061612E-003
 performing expansion, best =    1.5252093936763951E-003
 performing expansion, best =    1.5252086499030777E-003
 performing expansion, best =    1.5252078471492108E-003
 performing expansion, best =    1.5252072287610810E-003
 performing expansion, best =    1.5252067359797367E-003
 performing expansion, best =    1.5252066465268955E-003
 performing expansion, best =    1.5252062366562004E-003
 performing expansion, best =    1.5252061710291779E-003
 performing expansion, best =    1.5252056784882011E-003
 performing expansion, best =    1.5252054419041111E-003
 performing expansion, best =    1.5252053799633680E-003
 performing expansion, best =    1.5252048248403250E-003
 performing expansion, best =    1.5252046387430023E-003
 performing expansion, best =    1.5252045864384983E-003
 performing expansion, best =    1.5252042661621124E-003
 performing expansion, best =    1.5252039967240502E-003
 performing expansion, best =    1.5252029171779252E-003
 performing expansion, best =    1.5252026612195936E-003
 performing expansion, best =    1.5252023455195659E-003
 performing expansion, best =    1.5252015804039472E-003
 performing expansion, best =    1.5252014020821483E-003
 performing expansion, best =    1.5252013217170054E-003
 performing expansion, best =    1.5252009538599448E-003
 performing expansion, best =    1.5252000673209416E-003
 performing expansion, best =    1.5251999241665882E-003
 performing expansion, best =    1.5251992992218865E-003
 performing expansion, best =    1.5251992681072179E-003
 performing expansion, best =    1.5251991665692617E-003
 performing expansion, best =    1.5251990750188916E-003
 performing expansion, best =    1.5251990561697894E-003
 performing expansion, best =    1.5251990049733356E-003
 performing expansion, best =    1.5251989587318918E-003
 performing expansion, best =    1.5251988627690413E-003
 performing expansion, best =    1.5251988293500608E-003
 performing expansion, best =    1.5251988273048865E-003
 performing expansion, best =    1.5251988119687277E-003
 performing expansion, best =    1.5251987276557976E-003
 performing expansion, best =    1.5251986820604348E-003
 performing expansion, best =    1.5251983518596375E-003
 performing expansion, best =    1.5251983404460353E-003
 performing expansion, best =    1.5251980680842415E-003
 performing expansion, best =    1.5251979920170664E-003
 performing expansion, best =    1.5251979739220128E-003
 performing expansion, best =    1.5251979277397551E-003
 performing expansion, best =    1.5251979225409950E-003
 performing expansion, best =    1.5251977150103158E-003
 performing expansion, best =    1.5251977135235255E-003
 performing expansion, best =    1.5251977001982263E-003
 performing expansion, best =    1.5251976889965914E-003
 performing expansion, best =    1.5251976591466212E-003
 performing expansion, best =    1.5251975022539481E-003
 performing expansion, best =    1.5251974857078887E-003
 performing expansion, best =    1.5251974600147121E-003
 performing expansion, best =    1.5251973884630233E-003
 performing expansion, best =    1.5251973745334217E-003
 performing expansion, best =    1.5251973414827234E-003
 performing expansion, best =    1.5251973207208310E-003
 performing expansion, best =    1.5251971763241626E-003
 performing expansion, best =    1.5251971565907101E-003
 performing expansion, best =    1.5251970008147145E-003
 performing expansion, best =    1.5251969918072953E-003
 performing expansion, best =    1.5251969889407333E-003
 performing expansion, best =    1.5251969649679982E-003
 performing expansion, best =    1.5251969484910346E-003
 performing expansion, best =    1.5251969313460532E-003
 performing expansion, best =    1.5251969000755520E-003
 performing expansion, best =    1.5251967494382891E-003
 performing expansion, best =    1.5251966000103198E-003
 performing expansion, best =    1.5251964272459961E-003
 performing expansion, best =    1.5251963928220454E-003
 performing expansion, best =    1.5251961691771189E-003
 performing expansion, best =    1.5251961388672664E-003
 performing expansion, best =    1.5251961204296423E-003
 performing expansion, best =    1.5251960982567111E-003
 performing expansion, best =    1.5251960753348973E-003
 performing expansion, best =    1.5251958994161776E-003
 performing expansion, best =    1.5251958905939953E-003
 performing expansion, best =    1.5251957464297511E-003
 performing expansion, best =    1.5251957341654591E-003
 performing expansion, best =    1.5251957170431874E-003
 performing expansion, best =    1.5251956990839043E-003
 performing expansion, best =    1.5251955215203723E-003
 performing expansion, best =    1.5251953207926410E-003
 performing expansion, best =    1.5251952562433150E-003
 performing expansion, best =    1.5251949873036231E-003
 performing expansion, best =    1.5251946976223090E-003
 performing expansion, best =    1.5251946928856910E-003
 performing expansion, best =    1.5251946702637678E-003
 performing expansion, best =    1.5251943917409204E-003
 performing expansion, best =    1.5251940608860288E-003
 performing expansion, best =    1.5251936838131801E-003
 performing expansion, best =    1.5251932148650728E-003
 performing expansion, best =    1.5251927551887777E-003
 performing expansion, best =    1.5251921793997592E-003
 performing expansion, best =    1.5251915410025329E-003
 performing expansion, best =    1.5251914237271751E-003
 performing expansion, best =    1.5251913003421214E-003
 performing expansion, best =    1.5251912472022595E-003
 performing expansion, best =    1.5251904523096824E-003
 performing expansion, best =    1.5251903193499675E-003
 performing expansion, best =    1.5251901355546028E-003
 performing expansion, best =    1.5251900892006502E-003
 performing expansion, best =    1.5251893582750311E-003
 performing expansion, best =    1.5251885196182890E-003
 performing expansion, best =    1.5251875834619182E-003
 performing expansion, best =    1.5251866444480700E-003
 performing expansion, best =    1.5251857543818945E-003
 performing expansion, best =    1.5251844350102999E-003
 performing expansion, best =    1.5251832216899366E-003
 performing expansion, best =    1.5251821175277381E-003
 performing expansion, best =    1.5251810206614765E-003
 performing expansion, best =    1.5251799650010426E-003
 performing expansion, best =    1.5251793982806088E-003
 performing expansion, best =    1.5251787364989825E-003
 performing expansion, best =    1.5251781256853249E-003
 performing expansion, best =    1.5251774523168907E-003
 performing expansion, best =    1.5251767049957530E-003
 performing expansion, best =    1.5251759245777489E-003
 performing expansion, best =    1.5251748097851092E-003
 performing expansion, best =    1.5251739256920394E-003
 performing expansion, best =    1.5251726105025875E-003
 performing expansion, best =    1.5251721408969855E-003
 performing expansion, best =    1.5251706453065328E-003
 performing expansion, best =    1.5251694764234504E-003
 performing expansion, best =    1.5251688899358385E-003
 performing expansion, best =    1.5251682930529748E-003
 performing expansion, best =    1.5251682790470794E-003
 performing expansion, best =    1.5251680126163992E-003
 performing expansion, best =    1.5251676343534532E-003
 performing expansion, best =    1.5251668619152073E-003
 performing expansion, best =    1.5251667058784691E-003
 performing expansion, best =    1.5251661066093491E-003
 performing expansion, best =    1.5251653127757647E-003
 performing expansion, best =    1.5251652043003210E-003
 performing expansion, best =    1.5251645813209088E-003
 performing expansion, best =    1.5251638918481847E-003
 performing expansion, best =    1.5251632133767997E-003
 performing expansion, best =    1.5251627585787654E-003
 performing expansion, best =    1.5251621099011713E-003
 performing expansion, best =    1.5251620658858159E-003
 performing expansion, best =    1.5251617980884553E-003
 performing expansion, best =    1.5251617144454530E-003
 performing expansion, best =    1.5251615952784018E-003
 performing expansion, best =    1.5251612900717278E-003
 performing expansion, best =    1.5251611714274913E-003
 performing expansion, best =    1.5251611203810447E-003
 performing expansion, best =    1.5251611037741611E-003
 performing expansion, best =    1.5251609552820464E-003
 performing expansion, best =    1.5251609353702407E-003
 performing expansion, best =    1.5251608722439839E-003
 performing expansion, best =    1.5251607748963355E-003
 performing expansion, best =    1.5251607636799992E-003
 performing expansion, best =    1.5251607494177494E-003
 performing expansion, best =    1.5251606967638380E-003
 performing expansion, best =    1.5251606281017713E-003
 performing expansion, best =    1.5251604983665180E-003
 performing expansion, best =    1.5251603872939766E-003
 performing expansion, best =    1.5251602215342851E-003
 performing expansion, best =    1.5251601497840970E-003
 performing expansion, best =    1.5251599906978949E-003
 performing expansion, best =    1.5251597875236521E-003
 performing expansion, best =    1.5251595577504618E-003
 performing expansion, best =    1.5251593072303799E-003
 performing expansion, best =    1.5251589412924795E-003
 performing expansion, best =    1.5251585086542355E-003
 performing expansion, best =    1.5251580610225785E-003
 performing expansion, best =    1.5251576096731031E-003
 performing expansion, best =    1.5251570801192713E-003
 performing expansion, best =    1.5251565090546081E-003
 performing expansion, best =    1.5251559146252369E-003
 performing expansion, best =    1.5251551128505185E-003
 performing expansion, best =    1.5251542810117678E-003
 performing expansion, best =    1.5251530913630721E-003
 performing expansion, best =    1.5251518205892513E-003
 performing expansion, best =    1.5251508560672558E-003
 performing expansion, best =    1.5251495240588497E-003
 performing expansion, best =    1.5251478626151760E-003
 performing expansion, best =    1.5251464142208276E-003
 performing expansion, best =    1.5251443560727281E-003
 performing expansion, best =    1.5251423118627541E-003
 performing expansion, best =    1.5251405859632273E-003
 performing expansion, best =    1.5251381135522682E-003
 performing expansion, best =    1.5251352983657867E-003
 performing expansion, best =    1.5251325694328151E-003
 performing expansion, best =    1.5251291487071879E-003
 performing expansion, best =    1.5251257925957380E-003
 performing expansion, best =    1.5251210566510286E-003
 performing expansion, best =    1.5251163592828487E-003
 performing expansion, best =    1.5251136666183951E-003
 performing expansion, best =    1.5251119923553639E-003
 performing expansion, best =    1.5251104160568945E-003
 performing expansion, best =    1.5251093177985620E-003
 performing expansion, best =    1.5251092778099324E-003
 performing expansion, best =    1.5251091691074671E-003
 performing expansion, best =    1.5251089299193232E-003
 performing expansion, best =    1.5251089280984187E-003
 performing expansion, best =    1.5251089261049495E-003
 performing expansion, best =    1.5251089228375796E-003
 performing expansion, best =    1.5251089204780033E-003
 performing expansion, best =    1.5251089195246854E-003
 performing expansion, best =    1.5251089173655753E-003
 performing expansion, best =    1.5251089144692519E-003
 performing expansion, best =    1.5251089113801043E-003
 performing expansion, best =    1.5251089034539582E-003
 performing expansion, best =    1.5251088974598487E-003
 performing expansion, best =    1.5251088914694573E-003
 performing expansion, best =    1.5251088830388166E-003
 performing expansion, best =    1.5251088777873049E-003
 performing expansion, best =    1.5251088667444965E-003
 performing expansion, best =    1.5251088455568627E-003
 performing expansion, best =    1.5251088248948680E-003
 performing expansion, best =    1.5251088054066381E-003
 performing expansion, best =    1.5251087874379302E-003
 performing expansion, best =    1.5251087611739976E-003
 performing expansion, best =    1.5251087344584811E-003
 performing expansion, best =    1.5251087097735835E-003
 performing expansion, best =    1.5251086901774701E-003
 performing expansion, best =    1.5251086498503045E-003
 performing expansion, best =    1.5251086002795904E-003
 performing expansion, best =    1.5251085356984583E-003
 performing expansion, best =    1.5251084782757947E-003
 performing expansion, best =    1.5251084228184886E-003
 performing expansion, best =    1.5251083195403808E-003
 performing expansion, best =    1.5251082090771792E-003
 performing expansion, best =    1.5251081258932861E-003
 performing expansion, best =    1.5251080073792312E-003
 performing expansion, best =    1.5251078727329022E-003
 performing expansion, best =    1.5251077074402201E-003
 performing expansion, best =    1.5251075892795593E-003
 performing expansion, best =    1.5251073424652659E-003
 performing expansion, best =    1.5251070748364204E-003
 performing expansion, best =    1.5251067411445540E-003
 performing expansion, best =    1.5251064067541857E-003
 performing expansion, best =    1.5251059370813163E-003
 performing expansion, best =    1.5251054472611881E-003
 performing expansion, best =    1.5251050201626397E-003
 performing expansion, best =    1.5251044944581650E-003
 performing expansion, best =    1.5251037152355133E-003
 performing expansion, best =    1.5251035996599197E-003
 performing expansion, best =    1.5251034690256504E-003
 performing expansion, best =    1.5251033233503954E-003
 performing expansion, best =    1.5251032622657693E-003
 performing expansion, best =    1.5251032326171574E-003
 performing expansion, best =    1.5251031805330864E-003
 performing expansion, best =    1.5251031657002854E-003
 performing expansion, best =    1.5251030080199077E-003
 performing expansion, best =    1.5251029940221751E-003
 performing expansion, best =    1.5251029315506083E-003
 performing expansion, best =    1.5251029223310286E-003
 performing expansion, best =    1.5251028252762627E-003
 performing expansion, best =    1.5251028171879035E-003
 performing expansion, best =    1.5251027697183153E-003
 performing expansion, best =    1.5251027621495188E-003
 performing expansion, best =    1.5251027314312192E-003
 performing expansion, best =    1.5251027212899828E-003
 performing expansion, best =    1.5251027145015222E-003
 performing expansion, best =    1.5251026913344942E-003
 performing expansion, best =    1.5251026826705197E-003
 performing expansion, best =    1.5251026696986754E-003
 performing expansion, best =    1.5251026680805032E-003
 performing expansion, best =    1.5251026458341606E-003
 performing expansion, best =    1.5251026452681065E-003
 performing expansion, best =    1.5251026094656099E-003
 performing expansion, best =    1.5251025971364618E-003
 performing expansion, best =    1.5251025605888555E-003
 performing expansion, best =    1.5251025296614945E-003
 performing expansion, best =    1.5251024927677738E-003
 performing expansion, best =    1.5251024918184516E-003
 performing expansion, best =    1.5251024726012025E-003
 performing expansion, best =    1.5251024586578354E-003
 performing expansion, best =    1.5251024557348355E-003
 performing expansion, best =    1.5251024492563899E-003
 performing expansion, best =    1.5251024485496588E-003
 performing expansion, best =    1.5251024482655967E-003
 performing expansion, best =    1.5251024478306478E-003
 performing expansion, best =    1.5251024473386158E-003
 performing expansion, best =    1.5251024470136084E-003
 performing expansion, best =    1.5251024462329041E-003
 performing expansion, best =    1.5251024461803739E-003
 performing expansion, best =    1.5251024461077995E-003
 performing expansion, best =    1.5251024459772028E-003
 performing expansion, best =    1.5251024459725243E-003
 performing expansion, best =    1.5251024456964693E-003
 performing expansion, best =    1.5251024453381186E-003
 performing expansion, best =    1.5251024453141679E-003
Exiting simplex optimization after  3044 iterations
Solution after  refinement:      1.5251024453E-03
RMSE         1.525102445E-03 Hartree
NEW BEST!

Starting fitting procedure for 5 charges, trial 2
gen      0/10000      elitist  1.1443420E-03 feasible? T
gen    100/10000      elitist  1.0072349E-03 feasible? T
gen    200/10000      elitist  6.2832106E-04 feasible? T
gen    300/10000      elitist  5.1985037E-04 feasible? T
gen    400/10000      elitist  4.8776121E-04 feasible? T
gen    500/10000      elitist  4.7822288E-04 feasible? T
gen    600/10000      elitist  4.7580701E-04 feasible? T
gen    700/10000      elitist  4.6270480E-04 feasible? T
gen    800/10000      elitist  4.5500458E-04 feasible? T
gen    900/10000      elitist  4.5351912E-04 feasible? T
gen   1000/10000      elitist  4.4678793E-04 feasible? T
gen   1100/10000      elitist  4.4276314E-04 feasible? T
gen   1200/10000      elitist  4.3974634E-04 feasible? T
gen   1300/10000      elitist  4.3274430E-04 feasible? T
gen   1400/10000      elitist  4.2846516E-04 feasible? T
gen   1500/10000      elitist  4.2797330E-04 feasible? T
gen   1600/10000      elitist  4.2417663E-04 feasible? T
gen   1700/10000      elitist  4.2368868E-04 feasible? T
gen   1800/10000      elitist  4.2364422E-04 feasible? T
gen   1900/10000      elitist  4.2363020E-04 feasible? T
gen   2000/10000      elitist  4.2339132E-04 feasible? T
gen   2100/10000      elitist  4.2324316E-04 feasible? T
gen   2200/10000      elitist  4.2319356E-04 feasible? T
gen   2300/10000      elitist  4.2312192E-04 feasible? T
gen   2400/10000      elitist  4.2308339E-04 feasible? T
gen   2500/10000      elitist  4.2307930E-04 feasible? T
gen   2600/10000      elitist  4.2306546E-04 feasible? T
gen   2700/10000      elitist  4.2305444E-04 feasible? T
gen   2800/10000      elitist  4.2305301E-04 feasible? T
gen   2900/10000      elitist  4.2305100E-04 feasible? T
gen   3000/10000      elitist  4.2300585E-04 feasible? T
gen   3100/10000      elitist  4.2296426E-04 feasible? T
gen   3200/10000      elitist  4.2292800E-04 feasible? T
gen   3300/10000      elitist  4.2291930E-04 feasible? T
gen   3400/10000      elitist  4.2291521E-04 feasible? T
gen   3500/10000      elitist  4.2291419E-04 feasible? T
gen   3600/10000      elitist  4.2278034E-04 feasible? T
gen   3700/10000      elitist  4.2271738E-04 feasible? T
gen   3800/10000      elitist  4.2271338E-04 feasible? T
gen   3900/10000      elitist  4.2270771E-04 feasible? T
gen   4000/10000      elitist  4.2270736E-04 feasible? T
gen   4100/10000      elitist  4.2270730E-04 feasible? T
gen   4200/10000      elitist  4.2270729E-04 feasible? T
population converged towards a single solution after 4231 generations.
Starting local simplex optimization:
Solution before refinement:      4.2270728808E-04
 performing expansion, best =    4.2266370155964831E-004
 performing expansion, best =    4.2262210978766474E-004
 performing expansion, best =    4.2261553292771177E-004
 performing expansion, best =    4.2261346854433036E-004
 performing expansion, best =    4.2260556575151524E-004
 performing expansion, best =    4.2258418759884574E-004
 performing expansion, best =    4.2257304463809968E-004
 performing expansion, best =    4.2257099726274747E-004
 performing expansion, best =    4.2255601237067153E-004
 performing expansion, best =    4.2255541252654067E-004
 performing expansion, best =    4.2254330850047446E-004
 performing expansion, best =    4.2252338285130541E-004
 performing expansion, best =    4.2251529203855912E-004
 performing expansion, best =    4.2250560207580652E-004
 performing expansion, best =    4.2246888271530862E-004
 performing expansion, best =    4.2242549376686191E-004
 performing expansion, best =    4.2240792932888552E-004
 performing expansion, best =    4.2240497822152183E-004
 performing expansion, best =    4.2238053534446015E-004
 performing expansion, best =    4.2235266146076569E-004
 performing expansion, best =    4.2233876270380226E-004
 performing expansion, best =    4.2231526360397408E-004
 performing expansion, best =    4.2227235277199013E-004
 performing expansion, best =    4.2222697364947267E-004
 performing expansion, best =    4.2218090658474318E-004
 performing expansion, best =    4.2214370375340439E-004
 performing expansion, best =    4.2212463174765995E-004
 performing expansion, best =    4.2211248646474169E-004
 performing expansion, best =    4.2209120586697319E-004
 performing expansion, best =    4.2207285986368016E-004
 performing expansion, best =    4.2205850558890825E-004
 performing expansion, best =    4.2204898356588521E-004
 performing expansion, best =    4.2203900772344295E-004
 performing expansion, best =    4.2201618671199585E-004
 performing expansion, best =    4.2200945350026869E-004
 performing expansion, best =    4.2198664342619748E-004
 performing expansion, best =    4.2198432799660463E-004
 performing expansion, best =    4.2197554489564558E-004
 performing expansion, best =    4.2195914258717261E-004
 performing expansion, best =    4.2192861252910504E-004
 performing expansion, best =    4.2192097939584952E-004
 performing expansion, best =    4.2191971546352326E-004
 performing expansion, best =    4.2191779466542434E-004
 performing expansion, best =    4.2190324517753193E-004
 performing expansion, best =    4.2190264532097102E-004
 performing expansion, best =    4.2188564897108167E-004
 performing expansion, best =    4.2187706430586345E-004
 performing expansion, best =    4.2187540561305323E-004
 performing expansion, best =    4.2186971489903793E-004
 performing expansion, best =    4.2186266139179854E-004
 performing expansion, best =    4.2186120146337121E-004
 performing expansion, best =    4.2185920438342491E-004
 performing expansion, best =    4.2185805364694816E-004
 performing expansion, best =    4.2185172116292565E-004
 performing expansion, best =    4.2185142710973121E-004
 performing expansion, best =    4.2184852572313235E-004
 performing expansion, best =    4.2184776312707866E-004
 performing expansion, best =    4.2184561773591050E-004
 performing expansion, best =    4.2184510425140071E-004
 performing expansion, best =    4.2184168854236272E-004
 performing expansion, best =    4.2183676783498985E-004
 performing expansion, best =    4.2183083103009364E-004
 performing expansion, best =    4.2182753616704154E-004
 performing expansion, best =    4.2182028909686802E-004
 performing expansion, best =    4.2180742195968958E-004
 performing expansion, best =    4.2180034757006448E-004
 performing expansion, best =    4.2179391867605239E-004
 performing expansion, best =    4.2178707390556203E-004
 performing expansion, best =    4.2178115853367830E-004
 performing expansion, best =    4.2177765587128688E-004
 performing expansion, best =    4.2177458204423332E-004
 performing expansion, best =    4.2176916895941331E-004
 performing expansion, best =    4.2175525304309104E-004
 performing expansion, best =    4.2175059936776606E-004
 performing expansion, best =    4.2174101629724480E-004
 performing expansion, best =    4.2173507437391942E-004
 performing expansion, best =    4.2172816862624612E-004
 performing expansion, best =    4.2171622137334098E-004
 performing expansion, best =    4.2170145806581723E-004
 performing expansion, best =    4.2170035001176204E-004
 performing expansion, best =    4.2169190369806546E-004
 performing expansion, best =    4.2168801712163444E-004
 performing expansion, best =    4.2168320441515826E-004
 performing expansion, best =    4.2166499261426393E-004
 performing expansion, best =    4.2166459688048463E-004
 performing expansion, best =    4.2166040687419061E-004
 performing expansion, best =    4.2165424326836193E-004
 performing expansion, best =    4.2164542678035591E-004
 performing expansion, best =    4.2162647991943831E-004
 performing expansion, best =    4.2161825595813627E-004
 performing expansion, best =    4.2160297482091966E-004
 performing expansion, best =    4.2158686416895731E-004
 performing expansion, best =    4.2158515698766639E-004
 performing expansion, best =    4.2157149419934099E-004
 performing expansion, best =    4.2155001666899922E-004
 performing expansion, best =    4.2151729454479095E-004
 performing expansion, best =    4.2150264852477146E-004
 performing expansion, best =    4.2149286492107539E-004
 performing expansion, best =    4.2148787714964335E-004
 performing expansion, best =    4.2147812605304011E-004
 performing expansion, best =    4.2145970398383846E-004
 performing expansion, best =    4.2145415915759420E-004
 performing expansion, best =    4.2145393091982914E-004
 performing expansion, best =    4.2144897144286337E-004
 performing expansion, best =    4.2144176714934545E-004
 performing expansion, best =    4.2144143795853694E-004
 performing expansion, best =    4.2143632802209383E-004
 performing expansion, best =    4.2143483144849636E-004
 performing expansion, best =    4.2142783813468214E-004
 performing expansion, best =    4.2141788856341549E-004
 performing expansion, best =    4.2141037933588225E-004
 performing expansion, best =    4.2140275545317758E-004
 performing expansion, best =    4.2139820068940679E-004
 performing expansion, best =    4.2139151566777320E-004
 performing expansion, best =    4.2139098179391158E-004
 performing expansion, best =    4.2138581818371872E-004
 performing expansion, best =    4.2138200895922647E-004
 performing expansion, best =    4.2137940858307150E-004
 performing expansion, best =    4.2137732320147970E-004
 performing expansion, best =    4.2137660990324049E-004
 performing expansion, best =    4.2137474237650908E-004
 performing expansion, best =    4.2137407256814130E-004
 performing expansion, best =    4.2137273122207507E-004
 performing expansion, best =    4.2137213379092478E-004
 performing expansion, best =    4.2137129188328428E-004
 performing expansion, best =    4.2137090281104734E-004
 performing expansion, best =    4.2137024962472818E-004
 performing expansion, best =    4.2137004115534694E-004
 performing expansion, best =    4.2136968364414406E-004
 performing expansion, best =    4.2136963359374734E-004
 performing expansion, best =    4.2136945343455590E-004
 performing expansion, best =    4.2136890468847770E-004
 performing expansion, best =    4.2136783838602669E-004
 performing expansion, best =    4.2136685619080012E-004
 performing expansion, best =    4.2136573506338564E-004
 performing expansion, best =    4.2136412452961050E-004
 performing expansion, best =    4.2136313888128241E-004
 performing expansion, best =    4.2136144076486312E-004
 performing expansion, best =    4.2135945143997980E-004
 performing expansion, best =    4.2135751272121729E-004
 performing expansion, best =    4.2135574319269661E-004
 performing expansion, best =    4.2135381370588817E-004
 performing expansion, best =    4.2135231842779341E-004
 performing expansion, best =    4.2134987861458615E-004
 performing expansion, best =    4.2134625262641893E-004
 performing expansion, best =    4.2134208898002089E-004
 performing expansion, best =    4.2133813654448698E-004
 performing expansion, best =    4.2133468231112626E-004
 performing expansion, best =    4.2133018902014386E-004
 performing expansion, best =    4.2132654045517044E-004
 performing expansion, best =    4.2132084534034166E-004
 performing expansion, best =    4.2131741227408829E-004
 performing expansion, best =    4.2131482243889064E-004
 performing expansion, best =    4.2131094765796110E-004
 performing expansion, best =    4.2130731397313194E-004
 performing expansion, best =    4.2130080550464546E-004
 performing expansion, best =    4.2129563299837325E-004
 performing expansion, best =    4.2128840350869398E-004
 performing expansion, best =    4.2128711292566535E-004
 performing expansion, best =    4.2128401359955081E-004
 performing expansion, best =    4.2127877423218203E-004
 performing expansion, best =    4.2126860857277386E-004
 performing expansion, best =    4.2125449166801303E-004
 performing expansion, best =    4.2124074086741285E-004
 performing expansion, best =    4.2122459971092788E-004
 performing expansion, best =    4.2121350524164505E-004
 performing expansion, best =    4.2119624440017429E-004
 performing expansion, best =    4.2117401410403431E-004
 performing expansion, best =    4.2116231232920302E-004
 performing expansion, best =    4.2114217882062714E-004
 performing expansion, best =    4.2113541112074400E-004
 performing expansion, best =    4.2112758048864476E-004
 performing expansion, best =    4.2110624600207508E-004
 performing expansion, best =    4.2107558335390677E-004
 performing expansion, best =    4.2106642835411140E-004
 performing expansion, best =    4.2106608218425012E-004
 performing expansion, best =    4.2105703133889222E-004
 performing expansion, best =    4.2102593758597408E-004
 performing expansion, best =    4.2099413216397887E-004
 performing expansion, best =    4.2098508488730164E-004
 performing expansion, best =    4.2094247286835460E-004
 performing expansion, best =    4.2088640849658956E-004
 performing expansion, best =    4.2086128208227688E-004
 performing expansion, best =    4.2085642252394318E-004
 performing expansion, best =    4.2084634826129692E-004
 performing expansion, best =    4.2084086128733064E-004
 performing expansion, best =    4.2083580641933961E-004
 performing expansion, best =    4.2081296331987245E-004
 performing expansion, best =    4.2078613156349570E-004
 performing expansion, best =    4.2074371152067317E-004
 performing expansion, best =    4.2073523923923128E-004
 performing expansion, best =    4.2071287119998185E-004
 performing expansion, best =    4.2070244219158018E-004
 performing expansion, best =    4.2067351440126490E-004
 performing expansion, best =    4.2067244160748861E-004
 performing expansion, best =    4.2066777141195672E-004
 performing expansion, best =    4.2064319068445922E-004
 performing expansion, best =    4.2063707029816639E-004
 performing expansion, best =    4.2063636425194420E-004
 performing expansion, best =    4.2062252672371765E-004
 performing expansion, best =    4.2059654881599712E-004
 performing expansion, best =    4.2057241942726915E-004
 performing expansion, best =    4.2056084288756210E-004
 performing expansion, best =    4.2055465890135943E-004
 performing expansion, best =    4.2051744979564694E-004
 performing expansion, best =    4.2051488653606611E-004
 performing expansion, best =    4.2049700002052545E-004
 performing expansion, best =    4.2047348578245797E-004
 performing expansion, best =    4.2046679352633327E-004
 performing expansion, best =    4.2045929020207936E-004
 performing expansion, best =    4.2045391194769509E-004
 performing expansion, best =    4.2044223280854256E-004
 performing expansion, best =    4.2044180419384354E-004
 performing expansion, best =    4.2043587611884022E-004
 performing expansion, best =    4.2042646156467299E-004
 performing expansion, best =    4.2041919677238837E-004
 performing expansion, best =    4.2041699808967466E-004
 performing expansion, best =    4.2040835143514530E-004
 performing expansion, best =    4.2039369914957507E-004
 performing expansion, best =    4.2039049042386854E-004
 performing expansion, best =    4.2037744571050652E-004
 performing expansion, best =    4.2036366658554359E-004
 performing expansion, best =    4.2035318013818745E-004
 performing expansion, best =    4.2035296555037048E-004
 performing expansion, best =    4.2034185023642881E-004
 performing expansion, best =    4.2033828693679960E-004
 performing expansion, best =    4.2033670481015148E-004
 performing expansion, best =    4.2033431667229680E-004
 performing expansion, best =    4.2033053426830994E-004
 performing expansion, best =    4.2032512032811806E-004
 performing expansion, best =    4.2030896173581196E-004
 performing expansion, best =    4.2030490806507987E-004
 performing expansion, best =    4.2030455673844320E-004
 performing expansion, best =    4.2029909932597389E-004
 performing expansion, best =    4.2029336001605459E-004
 performing expansion, best =    4.2028947662188282E-004
 performing expansion, best =    4.2028797134444686E-004
 performing expansion, best =    4.2028504051936120E-004
 performing expansion, best =    4.2028343466080033E-004
 performing expansion, best =    4.2028199910004699E-004
 performing expansion, best =    4.2028068605618461E-004
 performing expansion, best =    4.2027323844146875E-004
 performing expansion, best =    4.2027068151542356E-004
 performing expansion, best =    4.2026965559208894E-004
 performing expansion, best =    4.2026308530562496E-004
 performing expansion, best =    4.2025143990959184E-004
 performing expansion, best =    4.2024075709049739E-004
 performing expansion, best =    4.2023947394765975E-004
 performing expansion, best =    4.2023180832116914E-004
 performing expansion, best =    4.2023083580078032E-004
 performing expansion, best =    4.2023042099204478E-004
 performing expansion, best =    4.2022759991900696E-004
 performing expansion, best =    4.2022552323727245E-004
 performing expansion, best =    4.2022440549697445E-004
 performing expansion, best =    4.2022309886218293E-004
 performing expansion, best =    4.2021512854006134E-004
 performing expansion, best =    4.2021328873967714E-004
 performing expansion, best =    4.2021318228290211E-004
 performing expansion, best =    4.2020989454311498E-004
 performing expansion, best =    4.2020430653068243E-004
 performing expansion, best =    4.2019892850682800E-004
 performing expansion, best =    4.2019732365948932E-004
 performing expansion, best =    4.2019325978470999E-004
 performing expansion, best =    4.2019143514372345E-004
 performing expansion, best =    4.2018525535104175E-004
 performing expansion, best =    4.2017906286204968E-004
 performing expansion, best =    4.2017715931659609E-004
 performing expansion, best =    4.2017378115305823E-004
 performing expansion, best =    4.2016890229469372E-004
 performing expansion, best =    4.2016421686196821E-004
 performing expansion, best =    4.2015998524824689E-004
 performing expansion, best =    4.2015735592065622E-004
 performing expansion, best =    4.2015366080146974E-004
 performing expansion, best =    4.2015251985086008E-004
 performing expansion, best =    4.2015076796024379E-004
 performing expansion, best =    4.2014812541007747E-004
 performing expansion, best =    4.2014704643963789E-004
 performing expansion, best =    4.2014655862676798E-004
 performing expansion, best =    4.2014491946241940E-004
 performing expansion, best =    4.2014428959760356E-004
 performing expansion, best =    4.2014299007084489E-004
 performing expansion, best =    4.2014055956276337E-004
 performing expansion, best =    4.2013732494489120E-004
 performing expansion, best =    4.2013573508436380E-004
 performing expansion, best =    4.2013081831696877E-004
 performing expansion, best =    4.2012461110125648E-004
 performing expansion, best =    4.2012084963167216E-004
 performing expansion, best =    4.2011045937191964E-004
 performing expansion, best =    4.2009985859430140E-004
 performing expansion, best =    4.2008968458231972E-004
 performing expansion, best =    4.2008427662586570E-004
 performing expansion, best =    4.2007452764704779E-004
 performing expansion, best =    4.2006705884601746E-004
 performing expansion, best =    4.2006481208673320E-004
 performing expansion, best =    4.2006174130979014E-004
 performing expansion, best =    4.2005715960855250E-004
 performing expansion, best =    4.2005367253255475E-004
 performing expansion, best =    4.2005361215832244E-004
 performing expansion, best =    4.2005198830288572E-004
 performing expansion, best =    4.2004759966921869E-004
 performing expansion, best =    4.2004487671598839E-004
 performing expansion, best =    4.2004437679505935E-004
 performing expansion, best =    4.2003844852066285E-004
 performing expansion, best =    4.2003705412057608E-004
 performing expansion, best =    4.2003132829271047E-004
 performing expansion, best =    4.2002627500680622E-004
 performing expansion, best =    4.2001506307081543E-004
 performing expansion, best =    4.2001007043864348E-004
 performing expansion, best =    4.2000557304551912E-004
 performing expansion, best =    4.2000186346474104E-004
 performing expansion, best =    4.2000166400828849E-004
 performing expansion, best =    4.1999645709416916E-004
 performing expansion, best =    4.1999268201013169E-004
 performing expansion, best =    4.1999069740508927E-004
 performing expansion, best =    4.1998496978575060E-004
 performing expansion, best =    4.1998237427956085E-004
 performing expansion, best =    4.1997732296792593E-004
 performing expansion, best =    4.1997250806406121E-004
 performing expansion, best =    4.1997047363536029E-004
 performing expansion, best =    4.1996914890470022E-004
 performing expansion, best =    4.1996872249951567E-004
 performing expansion, best =    4.1996452736950255E-004
 performing expansion, best =    4.1996391270508916E-004
 performing expansion, best =    4.1996248890637254E-004
 performing expansion, best =    4.1996168266306681E-004
 performing expansion, best =    4.1996163374311560E-004
 performing expansion, best =    4.1996034648406755E-004
 performing expansion, best =    4.1995992222503567E-004
 performing expansion, best =    4.1995907858374809E-004
 performing expansion, best =    4.1995764108054308E-004
 performing expansion, best =    4.1995564910474528E-004
 performing expansion, best =    4.1995475681184458E-004
 performing expansion, best =    4.1995388064734854E-004
 performing expansion, best =    4.1995249171735940E-004
 performing expansion, best =    4.1995171417414496E-004
 performing expansion, best =    4.1995061228179356E-004
 performing expansion, best =    4.1995023910450371E-004
 performing expansion, best =    4.1995018258114599E-004
 performing expansion, best =    4.1994900601675413E-004
 performing expansion, best =    4.1994858474440672E-004
 performing expansion, best =    4.1994853100401887E-004
 performing expansion, best =    4.1994769085225658E-004
 performing expansion, best =    4.1994766265230856E-004
 performing expansion, best =    4.1994677830412442E-004
 performing expansion, best =    4.1994522887045012E-004
 performing expansion, best =    4.1994504983322275E-004
 performing expansion, best =    4.1994462040864856E-004
 performing expansion, best =    4.1994323317774387E-004
 performing expansion, best =    4.1994179305622687E-004
 performing expansion, best =    4.1993975847369811E-004
 performing expansion, best =    4.1993939002027978E-004
 performing expansion, best =    4.1993867506182200E-004
 performing expansion, best =    4.1993719755720150E-004
 performing expansion, best =    4.1993716068018856E-004
 performing expansion, best =    4.1993642107379046E-004
 performing expansion, best =    4.1993588626427288E-004
 performing expansion, best =    4.1993584182234607E-004
 performing expansion, best =    4.1993502552963149E-004
 performing expansion, best =    4.1993493939455781E-004
 performing expansion, best =    4.1993389546075729E-004
 performing expansion, best =    4.1993260924750350E-004
 performing expansion, best =    4.1993208227096476E-004
 performing expansion, best =    4.1993180586828819E-004
 performing expansion, best =    4.1993147113172620E-004
 performing expansion, best =    4.1993145916340610E-004
 performing expansion, best =    4.1993118732164275E-004
 performing expansion, best =    4.1993111163310978E-004
 performing expansion, best =    4.1993109358992153E-004
 performing expansion, best =    4.1993105388779095E-004
 performing expansion, best =    4.1993104509048393E-004
 performing expansion, best =    4.1993103906297748E-004
 performing expansion, best =    4.1993102356037171E-004
 performing expansion, best =    4.1993101268307764E-004
 performing expansion, best =    4.1993100067736476E-004
 performing expansion, best =    4.1993099759690542E-004
 performing expansion, best =    4.1993099345218824E-004
 performing expansion, best =    4.1993098686804871E-004
 performing expansion, best =    4.1993096368055723E-004
 performing expansion, best =    4.1993095161354762E-004
 performing expansion, best =    4.1993090898832797E-004
 performing expansion, best =    4.1993085985239865E-004
 performing expansion, best =    4.1993083593082266E-004
 performing expansion, best =    4.1993078529604943E-004
 performing expansion, best =    4.1993075576636095E-004
 performing expansion, best =    4.1993074284799942E-004
 performing expansion, best =    4.1993068794648141E-004
 performing expansion, best =    4.1993063356278036E-004
 performing expansion, best =    4.1993055333253664E-004
 performing expansion, best =    4.1993047328269358E-004
 performing expansion, best =    4.1993037490299065E-004
 performing expansion, best =    4.1993028322760174E-004
 performing expansion, best =    4.1993018889555306E-004
 performing expansion, best =    4.1993006290763505E-004
 performing expansion, best =    4.1992992233538335E-004
 performing expansion, best =    4.1992977118021402E-004
 performing expansion, best =    4.1992957756966704E-004
 performing expansion, best =    4.1992937684121040E-004
 performing expansion, best =    4.1992917444627241E-004
 performing expansion, best =    4.1992889294225185E-004
 performing expansion, best =    4.1992855783015259E-004
 performing expansion, best =    4.1992835007677082E-004
 performing expansion, best =    4.1992816423831004E-004
 performing expansion, best =    4.1992792311195938E-004
 performing expansion, best =    4.1992754459740223E-004
 performing expansion, best =    4.1992723441976692E-004
 performing expansion, best =    4.1992673322398461E-004
 performing expansion, best =    4.1992626374963736E-004
 performing expansion, best =    4.1992583638948965E-004
 performing expansion, best =    4.1992529692895172E-004
 performing expansion, best =    4.1992516044471679E-004
 performing expansion, best =    4.1992487597250418E-004
 performing expansion, best =    4.1992473695397605E-004
 performing expansion, best =    4.1992435380668036E-004
 performing expansion, best =    4.1992379110952863E-004
 performing expansion, best =    4.1992353287641427E-004
 performing expansion, best =    4.1992300620912463E-004
 performing expansion, best =    4.1992241386123953E-004
 performing expansion, best =    4.1992171886152165E-004
 performing expansion, best =    4.1992091741818141E-004
 performing expansion, best =    4.1992043972466646E-004
 performing expansion, best =    4.1991945715810888E-004
 performing expansion, best =    4.1991861231034411E-004
 performing expansion, best =    4.1991839603717303E-004
 performing expansion, best =    4.1991772938600430E-004
 performing expansion, best =    4.1991655816311072E-004
 performing expansion, best =    4.1991499036186659E-004
 performing expansion, best =    4.1991381534470500E-004
 performing expansion, best =    4.1991246103020873E-004
 performing expansion, best =    4.1991125068039292E-004
 performing expansion, best =    4.1990984401513127E-004
 performing expansion, best =    4.1990817009858564E-004
 performing expansion, best =    4.1990701290125988E-004
 performing expansion, best =    4.1990631365606266E-004
 performing expansion, best =    4.1990499465755876E-004
 performing expansion, best =    4.1990352652315267E-004
 performing expansion, best =    4.1990079647791456E-004
 performing expansion, best =    4.1989807547717387E-004
 performing expansion, best =    4.1989616469287675E-004
 performing expansion, best =    4.1989594950929762E-004
 performing expansion, best =    4.1989454679541892E-004
 performing expansion, best =    4.1989320312497898E-004
 performing expansion, best =    4.1989040491936813E-004
 performing expansion, best =    4.1988589507402862E-004
 performing expansion, best =    4.1988475996287917E-004
 performing expansion, best =    4.1988031226777964E-004
 performing expansion, best =    4.1987989146838062E-004
 performing expansion, best =    4.1987874169926938E-004
 performing expansion, best =    4.1987797067120691E-004
 performing expansion, best =    4.1987703649878319E-004
 performing expansion, best =    4.1987625026973166E-004
 performing expansion, best =    4.1987545331625958E-004
 performing expansion, best =    4.1987345964588805E-004
 performing expansion, best =    4.1987298836337281E-004
 performing expansion, best =    4.1987235652389093E-004
 performing expansion, best =    4.1987111499597909E-004
 performing expansion, best =    4.1986888754010781E-004
 performing expansion, best =    4.1986686382829407E-004
 performing expansion, best =    4.1986463468401128E-004
 performing expansion, best =    4.1986191557690780E-004
 performing expansion, best =    4.1985941391764763E-004
 performing expansion, best =    4.1985640068767344E-004
 performing expansion, best =    4.1985423573863737E-004
 performing expansion, best =    4.1985118110864653E-004
 performing expansion, best =    4.1984681125140484E-004
 performing expansion, best =    4.1984191096639185E-004
 performing expansion, best =    4.1983515837436735E-004
 performing expansion, best =    4.1983133668825265E-004
 performing expansion, best =    4.1982427419240707E-004
 performing expansion, best =    4.1981630408611826E-004
 performing expansion, best =    4.1980857251720056E-004
 performing expansion, best =    4.1979749830806876E-004
 performing expansion, best =    4.1978628595882060E-004
 performing expansion, best =    4.1977401058128572E-004
 performing expansion, best =    4.1976079335794811E-004
 performing expansion, best =    4.1974582715785893E-004
 performing expansion, best =    4.1974057240956668E-004
 performing expansion, best =    4.1972494085564877E-004
 performing expansion, best =    4.1970302569393049E-004
 performing expansion, best =    4.1970217263103673E-004
 performing expansion, best =    4.1969937587688018E-004
 performing expansion, best =    4.1969872472745842E-004
 performing expansion, best =    4.1969185744917501E-004
 performing expansion, best =    4.1969105317172460E-004
 performing expansion, best =    4.1967939098273686E-004
 performing expansion, best =    4.1967924981424070E-004
 performing expansion, best =    4.1967618040495504E-004
 performing expansion, best =    4.1967267859067991E-004
 performing expansion, best =    4.1966552174999705E-004
 performing expansion, best =    4.1966445452838649E-004
 performing expansion, best =    4.1966375534947841E-004
 performing expansion, best =    4.1966243758704674E-004
 performing expansion, best =    4.1966130314412020E-004
 performing expansion, best =    4.1966108450530899E-004
 performing expansion, best =    4.1966000949287928E-004
 performing expansion, best =    4.1965908918686559E-004
 performing expansion, best =    4.1965826129699332E-004
 performing expansion, best =    4.1965817685038378E-004
 performing expansion, best =    4.1965766378177199E-004
 performing expansion, best =    4.1965733236617677E-004
 performing expansion, best =    4.1965722020821601E-004
 performing expansion, best =    4.1965721750058393E-004
 performing expansion, best =    4.1965678051367747E-004
 performing expansion, best =    4.1965632860483965E-004
 performing expansion, best =    4.1965608806480769E-004
 performing expansion, best =    4.1965605767630180E-004
 performing expansion, best =    4.1965604301515667E-004
 performing expansion, best =    4.1965568735285986E-004
 performing expansion, best =    4.1965562452356183E-004
 performing expansion, best =    4.1965549887919675E-004
 performing expansion, best =    4.1965510521871038E-004
 performing expansion, best =    4.1965494078431085E-004
 performing expansion, best =    4.1965437631649049E-004
 performing expansion, best =    4.1965356178514946E-004
 performing expansion, best =    4.1965354235761718E-004
 performing expansion, best =    4.1965344916821068E-004
 performing expansion, best =    4.1965309293608876E-004
 performing expansion, best =    4.1965296561603788E-004
 performing expansion, best =    4.1965289129552340E-004
 performing expansion, best =    4.1965285753141633E-004
 performing expansion, best =    4.1965278673064652E-004
 performing expansion, best =    4.1965265278380483E-004
 performing expansion, best =    4.1965264705975448E-004
 performing expansion, best =    4.1965239816395391E-004
 performing expansion, best =    4.1965236995259098E-004
 performing expansion, best =    4.1965220444466407E-004
 performing expansion, best =    4.1965212533796582E-004
 performing expansion, best =    4.1965191432517465E-004
 performing expansion, best =    4.1965175836370403E-004
 performing expansion, best =    4.1965175354778434E-004
 performing expansion, best =    4.1965171312232914E-004
 performing expansion, best =    4.1965168434746606E-004
 performing expansion, best =    4.1965166383564563E-004
 performing expansion, best =    4.1965164047228707E-004
 performing expansion, best =    4.1965162904921273E-004
 performing expansion, best =    4.1965162050696146E-004
 performing expansion, best =    4.1965160538719231E-004
 performing expansion, best =    4.1965150990330225E-004
 performing expansion, best =    4.1965149263670579E-004
 performing expansion, best =    4.1965149252257540E-004
 performing expansion, best =    4.1965144403020106E-004
 performing expansion, best =    4.1965136029298614E-004
 performing expansion, best =    4.1965126866539191E-004
 performing expansion, best =    4.1965116927266625E-004
 performing expansion, best =    4.1965109205866998E-004
 performing expansion, best =    4.1965098728287436E-004
 performing expansion, best =    4.1965096623376843E-004
 performing expansion, best =    4.1965090026318375E-004
 performing expansion, best =    4.1965089419098280E-004
 performing expansion, best =    4.1965082435596411E-004
 performing expansion, best =    4.1965080879084840E-004
 performing expansion, best =    4.1965080483408814E-004
 performing expansion, best =    4.1965074746306647E-004
 performing expansion, best =    4.1965064211755263E-004
 performing expansion, best =    4.1965054557462886E-004
 performing expansion, best =    4.1965041901838323E-004
 performing expansion, best =    4.1965031791619682E-004
 performing expansion, best =    4.1965022420123818E-004
 performing expansion, best =    4.1965007983434474E-004
 performing expansion, best =    4.1965002342368864E-004
 performing expansion, best =    4.1964986375598928E-004
 performing expansion, best =    4.1964984418791480E-004
 performing expansion, best =    4.1964975394406188E-004
 performing expansion, best =    4.1964971146947119E-004
 performing expansion, best =    4.1964962275438888E-004
 performing expansion, best =    4.1964956277959546E-004
 performing expansion, best =    4.1964954432296546E-004
 performing expansion, best =    4.1964952311018128E-004
 performing expansion, best =    4.1964949953058060E-004
 performing expansion, best =    4.1964948613942632E-004
 performing expansion, best =    4.1964944650154637E-004
 performing expansion, best =    4.1964940166630278E-004
 performing expansion, best =    4.1964939009210718E-004
 performing expansion, best =    4.1964935605471693E-004
 performing expansion, best =    4.1964932243287431E-004
 performing expansion, best =    4.1964927518122928E-004
 performing expansion, best =    4.1964924104380142E-004
 performing expansion, best =    4.1964923483623566E-004
 performing expansion, best =    4.1964920603990174E-004
 performing expansion, best =    4.1964917828516063E-004
 performing expansion, best =    4.1964915204548381E-004
 performing expansion, best =    4.1964913581488345E-004
 performing expansion, best =    4.1964911238304381E-004
 performing expansion, best =    4.1964910667481397E-004
 performing expansion, best =    4.1964908598773122E-004
 performing expansion, best =    4.1964907174136184E-004
 performing expansion, best =    4.1964905410937699E-004
 performing expansion, best =    4.1964902982382030E-004
 performing expansion, best =    4.1964900725155788E-004
 performing expansion, best =    4.1964898979158610E-004
 performing expansion, best =    4.1964897693395729E-004
 performing expansion, best =    4.1964897522539719E-004
 performing expansion, best =    4.1964896789338263E-004
 performing expansion, best =    4.1964895402888910E-004
 performing expansion, best =    4.1964893874546825E-004
 performing expansion, best =    4.1964893552757127E-004
 performing expansion, best =    4.1964892310084143E-004
 performing expansion, best =    4.1964890232935198E-004
 performing expansion, best =    4.1964887955713763E-004
 performing expansion, best =    4.1964887242491167E-004
 performing expansion, best =    4.1964885163312112E-004
 performing expansion, best =    4.1964882458996879E-004
 performing expansion, best =    4.1964879885805979E-004
 performing expansion, best =    4.1964876811510191E-004
 performing expansion, best =    4.1964873995957994E-004
 performing expansion, best =    4.1964869668102743E-004
 performing expansion, best =    4.1964865150372467E-004
 performing expansion, best =    4.1964863337264215E-004
 performing expansion, best =    4.1964860827435998E-004
 performing expansion, best =    4.1964858811036580E-004
 performing expansion, best =    4.1964857511957550E-004
 performing expansion, best =    4.1964856964069649E-004
 performing expansion, best =    4.1964855290860627E-004
 performing expansion, best =    4.1964854033209651E-004
 performing expansion, best =    4.1964853742246461E-004
 performing expansion, best =    4.1964853221563469E-004
 performing expansion, best =    4.1964852491633415E-004
 performing expansion, best =    4.1964852411519163E-004
 performing expansion, best =    4.1964851838505380E-004
 performing expansion, best =    4.1964851592224276E-004
 performing expansion, best =    4.1964851420131765E-004
 performing expansion, best =    4.1964851081554753E-004
 performing expansion, best =    4.1964850928570601E-004
 performing expansion, best =    4.1964850903184755E-004
 performing expansion, best =    4.1964850885051625E-004
 performing expansion, best =    4.1964850754790529E-004
 performing expansion, best =    4.1964850521237281E-004
 performing expansion, best =    4.1964850450224570E-004
 performing expansion, best =    4.1964850386652544E-004
 performing expansion, best =    4.1964850351225327E-004
 performing expansion, best =    4.1964850345175728E-004
 performing expansion, best =    4.1964850339406700E-004
 performing expansion, best =    4.1964850331197549E-004
 performing expansion, best =    4.1964850305312629E-004
 performing expansion, best =    4.1964850264210909E-004
 performing expansion, best =    4.1964850256303741E-004
 performing expansion, best =    4.1964850250767534E-004
 performing expansion, best =    4.1964850193445500E-004
 performing expansion, best =    4.1964850100758227E-004
 performing expansion, best =    4.1964850040291735E-004
 performing expansion, best =    4.1964849936997257E-004
 performing expansion, best =    4.1964849835504544E-004
 performing expansion, best =    4.1964849731703885E-004
 performing expansion, best =    4.1964849633238188E-004
 performing expansion, best =    4.1964849521844671E-004
 performing expansion, best =    4.1964849417441938E-004
 performing expansion, best =    4.1964849267724276E-004
 performing expansion, best =    4.1964849012066736E-004
 performing expansion, best =    4.1964848785000790E-004
 performing expansion, best =    4.1964848588209216E-004
 performing expansion, best =    4.1964848411000637E-004
 performing expansion, best =    4.1964848117827133E-004
 performing expansion, best =    4.1964847837453958E-004
 performing expansion, best =    4.1964847643225867E-004
 performing expansion, best =    4.1964847415801049E-004
 performing expansion, best =    4.1964847171978113E-004
 performing expansion, best =    4.1964847107283938E-004
 performing expansion, best =    4.1964846965317557E-004
 performing expansion, best =    4.1964846783102322E-004
 performing expansion, best =    4.1964846455860372E-004
 performing expansion, best =    4.1964846243944856E-004
 performing expansion, best =    4.1964846092329384E-004
 performing expansion, best =    4.1964845789111218E-004
 performing expansion, best =    4.1964845488893219E-004
 performing expansion, best =    4.1964845095014973E-004
 performing expansion, best =    4.1964844366710913E-004
 performing expansion, best =    4.1964843917710300E-004
 performing expansion, best =    4.1964843109396229E-004
 performing expansion, best =    4.1964841751895133E-004
 performing expansion, best =    4.1964841056922424E-004
 performing expansion, best =    4.1964839791074407E-004
 performing expansion, best =    4.1964838403886029E-004
 performing expansion, best =    4.1964837400992275E-004
 performing expansion, best =    4.1964835513231288E-004
 performing expansion, best =    4.1964833116064020E-004
 performing expansion, best =    4.1964830129721629E-004
 performing expansion, best =    4.1964826016010164E-004
 performing expansion, best =    4.1964821953962726E-004
 performing expansion, best =    4.1964817873143943E-004
 performing expansion, best =    4.1964812989538590E-004
 performing expansion, best =    4.1964809648040792E-004
 performing expansion, best =    4.1964804763870077E-004
 performing expansion, best =    4.1964800198722744E-004
 performing expansion, best =    4.1964795162890067E-004
 performing expansion, best =    4.1964790766900733E-004
 performing expansion, best =    4.1964788368422718E-004
 performing expansion, best =    4.1964784581892704E-004
 performing expansion, best =    4.1964781406128219E-004
 performing expansion, best =    4.1964779930535995E-004
 performing expansion, best =    4.1964778279498827E-004
 performing expansion, best =    4.1964777388238601E-004
 performing expansion, best =    4.1964776456534885E-004
 performing expansion, best =    4.1964776038900506E-004
 performing expansion, best =    4.1964775063039193E-004
 performing expansion, best =    4.1964774901642792E-004
 performing expansion, best =    4.1964774753002263E-004
 performing expansion, best =    4.1964773721497851E-004
 performing expansion, best =    4.1964772969264733E-004
 performing expansion, best =    4.1964772357780573E-004
 performing expansion, best =    4.1964771969530524E-004
 performing expansion, best =    4.1964771406519742E-004
 performing expansion, best =    4.1964770878906020E-004
 performing expansion, best =    4.1964770273190472E-004
 performing expansion, best =    4.1964769642664735E-004
 performing expansion, best =    4.1964769266325893E-004
 performing expansion, best =    4.1964769063388254E-004
 performing expansion, best =    4.1964768507973149E-004
 performing expansion, best =    4.1964768453652218E-004
 performing expansion, best =    4.1964768183486541E-004
 performing expansion, best =    4.1964768023151352E-004
 performing expansion, best =    4.1964767819106054E-004
 performing expansion, best =    4.1964767685582068E-004
 performing expansion, best =    4.1964767578439718E-004
 performing expansion, best =    4.1964767386556512E-004
 performing expansion, best =    4.1964767330043482E-004
 performing expansion, best =    4.1964767268101998E-004
 performing expansion, best =    4.1964767231349154E-004
 performing expansion, best =    4.1964767194487760E-004
 performing expansion, best =    4.1964767063734578E-004
 performing expansion, best =    4.1964767009100454E-004
 performing expansion, best =    4.1964766993448526E-004
 performing expansion, best =    4.1964766968788359E-004
 performing expansion, best =    4.1964766883242335E-004
 performing expansion, best =    4.1964766849185409E-004
 performing expansion, best =    4.1964766825916322E-004
 performing expansion, best =    4.1964766803234628E-004
 performing expansion, best =    4.1964766790487007E-004
 performing expansion, best =    4.1964766770743718E-004
 performing expansion, best =    4.1964766732228997E-004
 performing expansion, best =    4.1964766723768290E-004
 performing expansion, best =    4.1964766705461401E-004
 performing expansion, best =    4.1964766661078240E-004
 performing expansion, best =    4.1964766624356644E-004
 performing expansion, best =    4.1964766575155999E-004
 performing expansion, best =    4.1964766546812260E-004
 performing expansion, best =    4.1964766522092060E-004
 performing expansion, best =    4.1964766452522043E-004
 performing expansion, best =    4.1964766345945192E-004
 performing expansion, best =    4.1964766255083059E-004
 performing expansion, best =    4.1964766162011166E-004
 performing expansion, best =    4.1964766016192793E-004
 performing expansion, best =    4.1964765822554551E-004
 performing expansion, best =    4.1964765558676271E-004
 performing expansion, best =    4.1964765258929959E-004
 performing expansion, best =    4.1964764749193441E-004
 performing expansion, best =    4.1964764304364832E-004
 performing expansion, best =    4.1964763756461643E-004
 performing expansion, best =    4.1964763176362952E-004
 performing expansion, best =    4.1964762333474974E-004
 performing expansion, best =    4.1964761394959883E-004
 performing expansion, best =    4.1964760232363188E-004
 performing expansion, best =    4.1964759096652375E-004
 performing expansion, best =    4.1964757442458916E-004
 performing expansion, best =    4.1964756036812927E-004
 performing expansion, best =    4.1964753785217181E-004
 performing expansion, best =    4.1964753740791731E-004
 performing expansion, best =    4.1964753433943927E-004
 performing expansion, best =    4.1964753350883118E-004
 performing expansion, best =    4.1964753185367443E-004
 performing expansion, best =    4.1964753143631064E-004
 performing expansion, best =    4.1964752527481999E-004
 performing expansion, best =    4.1964752491690892E-004
 performing expansion, best =    4.1964752274739240E-004
 performing expansion, best =    4.1964752201569558E-004
 performing expansion, best =    4.1964752058349975E-004
 performing expansion, best =    4.1964752024190044E-004
 performing expansion, best =    4.1964752014339010E-004
 performing expansion, best =    4.1964751951874019E-004
 performing expansion, best =    4.1964751906726117E-004
 performing expansion, best =    4.1964751886026046E-004
 performing expansion, best =    4.1964751855093504E-004
 performing expansion, best =    4.1964751832066491E-004
 performing expansion, best =    4.1964751761899881E-004
 performing expansion, best =    4.1964751746838866E-004
 performing expansion, best =    4.1964751706057523E-004
 performing expansion, best =    4.1964751699418828E-004
 performing expansion, best =    4.1964751683482054E-004
Exiting simplex optimization after  5723 iterations
Solution after  refinement:      4.1964751683E-04
RMSE         4.196475168E-04 Hartree
NEW BEST!
