Running in fitting mode

Reading "/data/boittier/energies/h2o_geom.xyz.dir/h2o_1.chk.fchk.potential.cube"...

  h2o Potential=SCF
  Electrostatic potential from Total SCF Density
    3   -4.970736   -4.748413   -4.970736
   80    0.125841    0.000000    0.000000
   80    0.000000    0.125841    0.000000
   80    0.000000    0.000000    0.125841
    8    8.000000    0.000000    0.222323    0.000000
    1    1.000000    1.427171   -0.896400    0.000000
    1    1.000000   -1.427171   -0.882184    0.000000
  1.66698E-02  1.67288E-02  1.67584E-02  1.67584E-02  1.67288E-02  1.66698E-02
       .            .            .            .            .            .
       .            .            .            .            .            .
       .            .            .            .            .            .
 -9.18626E-03 -9.18159E-03 -9.17225E-03 -9.15823E-03 -9.13952E-03 -9.11609E-03

335966 out of 512000 gridpoints are considered ( 65.6%).

...done!




USING GREEDY MODE
File "multipole1_1charges.xyz" already exists. Fitting procedure is skipped.
File "multipole1_2charges.xyz" already exists. Fitting procedure is skipped.
File "multipole1_3charges.xyz" already exists. Fitting procedure is skipped.
Running DE in parallel with 4 thread(s)!

Starting fitting procedure for multipole expansion of atom 1 with 4 charges, trial 1
gen      0/8000      elitist  3.0190871E-03 feasible? T
gen    100/8000      elitist  1.4184902E-03 feasible? T
gen    200/8000      elitist  8.8958847E-04 feasible? T
gen    300/8000      elitist  4.8933139E-04 feasible? T
gen    400/8000      elitist  3.5593942E-04 feasible? T
gen    500/8000      elitist  3.3029554E-04 feasible? T
gen    600/8000      elitist  3.2726484E-04 feasible? T
gen    700/8000      elitist  3.2607359E-04 feasible? T
gen    800/8000      elitist  3.1639893E-04 feasible? T
gen    900/8000      elitist  3.1457737E-04 feasible? T
gen   1000/8000      elitist  3.1424207E-04 feasible? T
gen   1100/8000      elitist  3.1421320E-04 feasible? T
gen   1200/8000      elitist  3.1418953E-04 feasible? T
gen   1300/8000      elitist  3.1416317E-04 feasible? T
gen   1400/8000      elitist  3.1375708E-04 feasible? T
gen   1500/8000      elitist  3.1373034E-04 feasible? T
gen   1600/8000      elitist  3.1372860E-04 feasible? T
gen   1700/8000      elitist  3.1370504E-04 feasible? T
gen   1800/8000      elitist  3.1369673E-04 feasible? T
gen   1900/8000      elitist  3.1354148E-04 feasible? T
gen   2000/8000      elitist  3.1335190E-04 feasible? T
gen   2100/8000      elitist  3.1329730E-04 feasible? T
gen   2200/8000      elitist  3.1327392E-04 feasible? T
gen   2300/8000      elitist  3.1318198E-04 feasible? T
gen   2400/8000      elitist  3.1314080E-04 feasible? T
gen   2500/8000      elitist  3.1310262E-04 feasible? T
gen   2600/8000      elitist  3.1310065E-04 feasible? T
gen   2700/8000      elitist  3.1309982E-04 feasible? T
gen   2800/8000      elitist  3.1309960E-04 feasible? T
gen   2900/8000      elitist  3.1309954E-04 feasible? T
population converged towards a single solution after 2993 generations.
Starting local simplex optimization:
Solution before refinement:      3.1309952472E-04
 performing expansion, best =    3.1309952424235358E-004
 performing expansion, best =    3.1309952329360854E-004
 performing expansion, best =    3.1309952230987678E-004
 performing expansion, best =    3.1309952157307759E-004
 performing expansion, best =    3.1309952098630727E-004
 performing expansion, best =    3.1309952084976149E-004
 performing expansion, best =    3.1309952066836878E-004
 performing expansion, best =    3.1309952025769793E-004
 performing expansion, best =    3.1309952013561888E-004
 performing expansion, best =    3.1309952006818470E-004
 performing expansion, best =    3.1309951989894064E-004
 performing expansion, best =    3.1309951989272328E-004
 performing expansion, best =    3.1309951971468617E-004
 performing expansion, best =    3.1309951959497306E-004
Exiting simplex optimization after   613 iterations
Solution after  refinement:      3.1309951898E-04
RMSE         3.130995190E-04Hartree
NEW BEST!

Starting fitting procedure for multipole expansion of atom 1 with 4 charges, trial 2
gen      0/8000      elitist  2.9340936E-03 feasible? T
gen    100/8000      elitist  1.6930228E-03 feasible? T
gen    200/8000      elitist  4.0580405E-04 feasible? T
gen    300/8000      elitist  3.2341397E-04 feasible? T
gen    400/8000      elitist  3.1265025E-04 feasible? T
gen    500/8000      elitist  3.0751244E-04 feasible? T
gen    600/8000      elitist  3.0524981E-04 feasible? T
gen    700/8000      elitist  3.0030629E-04 feasible? T
gen    800/8000      elitist  2.9960573E-04 feasible? T
gen    900/8000      elitist  2.9909558E-04 feasible? T
gen   1000/8000      elitist  2.9901673E-04 feasible? T
gen   1100/8000      elitist  2.9881686E-04 feasible? T
gen   1200/8000      elitist  2.9788677E-04 feasible? T
gen   1300/8000      elitist  2.9640835E-04 feasible? T
gen   1400/8000      elitist  2.9601090E-04 feasible? T
gen   1500/8000      elitist  2.9594293E-04 feasible? T
gen   1600/8000      elitist  2.9592964E-04 feasible? T
gen   1700/8000      elitist  2.9592906E-04 feasible? T
gen   1800/8000      elitist  2.9592901E-04 feasible? T
gen   1900/8000      elitist  2.9592899E-04 feasible? T
population converged towards a single solution after 1914 generations.
Starting local simplex optimization:
Solution before refinement:      2.9592899070E-04
 performing expansion, best =    2.9592899063846215E-004
 performing expansion, best =    2.9592899026563532E-004
Exiting simplex optimization after   590 iterations
Solution after  refinement:      2.9592899027E-04
RMSE         2.959289903E-04Hartree
NEW BEST!

Starting fitting procedure for multipole expansion of atom 1 with 4 charges, trial 3
gen      0/8000      elitist  3.0733651E-03 feasible? T
gen    100/8000      elitist  1.1523057E-03 feasible? T
gen    200/8000      elitist  4.3109973E-04 feasible? T
gen    300/8000      elitist  3.0391903E-04 feasible? T
gen    400/8000      elitist  2.9925502E-04 feasible? T
gen    500/8000      elitist  2.9757681E-04 feasible? T
gen    600/8000      elitist  2.9612908E-04 feasible? T
gen    700/8000      elitist  2.9601553E-04 feasible? T
gen    800/8000      elitist  2.9596420E-04 feasible? T
gen    900/8000      elitist  2.9595715E-04 feasible? T
gen   1000/8000      elitist  2.9592531E-04 feasible? T
gen   1100/8000      elitist  2.9591495E-04 feasible? T
gen   1200/8000      elitist  2.9591411E-04 feasible? T
gen   1300/8000      elitist  2.9591402E-04 feasible? T
gen   1400/8000      elitist  2.9591398E-04 feasible? T
population converged towards a single solution after 1412 generations.
Starting local simplex optimization:
Solution before refinement:      2.9591397854E-04
Exiting simplex optimization after   607 iterations
Solution after  refinement:      2.9591397854E-04
RMSE         2.959139785E-04Hartree
NEW BEST!

Best found solution for 4 charges:
        RMSE         1.856886848E-01 kcal/mol
         MAE         1.195050518E-01 kcal/mol
     max. AE         2.010076454E+00 kcal/mol

       x[bohr]       y[bohr]       z[bohr]          q[e]
    -0.9464119     0.1263731     0.1087664     0.2453706
     0.9489853     0.2388381     0.1260402     0.2561105
     0.0360279     0.5287038    -0.9064021    -0.1698393
     0.0539752     0.4104680     0.3236139    -0.6580694

File "multipole3_1charges.xyz" already exists. Fitting procedure is skipped.
File "multipole3_2charges.xyz" already exists. Fitting procedure is skipped.
File "multipole3_3charges.xyz" already exists. Fitting procedure is skipped.
Running DE in parallel with 4 thread(s)!

Starting fitting procedure for multipole expansion of atom 3 with 4 charges, trial 1
gen      0/8000      elitist  1.8799448E-03 feasible? T
gen    100/8000      elitist  3.5737327E-04 feasible? T
gen    200/8000      elitist  9.7662840E-05 feasible? T
gen    300/8000      elitist  9.2446845E-05 feasible? T
gen    400/8000      elitist  8.1247123E-05 feasible? T
gen    500/8000      elitist  7.3660426E-05 feasible? T
gen    600/8000      elitist  6.6968558E-05 feasible? T
gen    700/8000      elitist  5.6525278E-05 feasible? T
gen    800/8000      elitist  4.8368843E-05 feasible? T
gen    900/8000      elitist  4.3087869E-05 feasible? T
gen   1000/8000      elitist  4.1781623E-05 feasible? T
gen   1100/8000      elitist  4.1636902E-05 feasible? T
gen   1200/8000      elitist  4.1381301E-05 feasible? T
gen   1300/8000      elitist  4.1286671E-05 feasible? T
gen   1400/8000      elitist  4.1272882E-05 feasible? T
gen   1500/8000      elitist  4.1272114E-05 feasible? T
population converged towards a single solution after 1579 generations.
Starting local simplex optimization:
Solution before refinement:      4.1272091699E-05
 performing expansion, best =    4.1272091241362299E-005
 performing expansion, best =    4.1272090344915990E-005
 performing expansion, best =    4.1272090179414677E-005
 performing expansion, best =    4.1272090122126322E-005
 performing expansion, best =    4.1272090057970359E-005
 performing expansion, best =    4.1272089955404169E-005
 performing expansion, best =    4.1272089868319499E-005
Exiting simplex optimization after   626 iterations
Solution after  refinement:      4.1272089868E-05
RMSE         4.127208987E-05Hartree
NEW BEST!

Starting fitting procedure for multipole expansion of atom 3 with 4 charges, trial 2
gen      0/8000      elitist  1.6033536E-03 feasible? T
gen    100/8000      elitist  4.0780183E-04 feasible? T
gen    200/8000      elitist  2.8084249E-04 feasible? T
gen    300/8000      elitist  2.3539483E-04 feasible? T
gen    400/8000      elitist  2.2025549E-04 feasible? T
gen    500/8000      elitist  2.1491646E-04 feasible? T
gen    600/8000      elitist  1.9786927E-04 feasible? T
gen    700/8000      elitist  1.6751595E-04 feasible? T
gen    800/8000      elitist  1.5978392E-04 feasible? T
gen    900/8000      elitist  1.5600869E-04 feasible? T
gen   1000/8000      elitist  1.4551835E-04 feasible? T
gen   1100/8000      elitist  1.4243980E-04 feasible? T
gen   1200/8000      elitist  1.4190499E-04 feasible? T
gen   1300/8000      elitist  1.4185499E-04 feasible? T
gen   1400/8000      elitist  1.4181837E-04 feasible? T
gen   1500/8000      elitist  1.4177511E-04 feasible? T
gen   1600/8000      elitist  1.4176669E-04 feasible? T
gen   1700/8000      elitist  1.4176610E-04 feasible? T
gen   1800/8000      elitist  1.4173806E-04 feasible? T
gen   1900/8000      elitist  1.4162864E-04 feasible? T
gen   2000/8000      elitist  1.4160233E-04 feasible? T
gen   2100/8000      elitist  1.4159842E-04 feasible? T
gen   2200/8000      elitist  1.4159727E-04 feasible? T
gen   2300/8000      elitist  1.4159721E-04 feasible? T
gen   2400/8000      elitist  1.4159710E-04 feasible? T
gen   2500/8000      elitist  1.4159709E-04 feasible? T
population converged towards a single solution after 2506 generations.
Starting local simplex optimization:
Solution before refinement:      1.4159709317E-04
Exiting simplex optimization after   637 iterations
Solution after  refinement:      1.4159709317E-04
RMSE         1.415970932E-04Hartree
Starting fitting procedure for multipole expansion of atom 3 with 4 charges, trial 3
gen      0/8000      elitist  1.2838950E-03 feasible? T
gen    100/8000      elitist  3.5010838E-04 feasible? T
gen    200/8000      elitist  1.0321815E-04 feasible? T
gen    300/8000      elitist  9.2847760E-05 feasible? T
gen    400/8000      elitist  6.2219166E-05 feasible? T
gen    500/8000      elitist  4.3233932E-05 feasible? T
gen    600/8000      elitist  4.2433813E-05 feasible? T
gen    700/8000      elitist  4.2385888E-05 feasible? T
gen    800/8000      elitist  4.2245094E-05 feasible? T
gen    900/8000      elitist  4.2187057E-05 feasible? T
gen   1000/8000      elitist  4.2118431E-05 feasible? T
gen   1100/8000      elitist  4.2107725E-05 feasible? T
gen   1200/8000      elitist  4.2106266E-05 feasible? T
gen   1300/8000      elitist  4.2105804E-05 feasible? T
gen   1400/8000      elitist  4.2105635E-05 feasible? T
population converged towards a single solution after 1440 generations.
Starting local simplex optimization:
Solution before refinement:      4.2105632482E-05
Exiting simplex optimization after   422 iterations
Solution after  refinement:      4.2105632238E-05
RMSE         4.210563224E-05Hartree
Best found solution for 4 charges:
        RMSE         2.589860784E-02 kcal/mol
         MAE         1.693440757E-02 kcal/mol
     max. AE         2.282754607E-01 kcal/mol

       x[bohr]       y[bohr]       z[bohr]          q[e]
    -0.9314114    -0.4571990     0.3807631    -0.5399858
    -0.9314013    -0.4572180    -0.3807712    -0.5401925
    -0.9642143    -0.4946174    -0.0000819     1.0000000
    -1.6816908    -1.0385658    -0.0000132     0.2496731

Fragment fit detected
Fitting to MTP grid, discarding reference MEP cube data
Subsequent stats etc. are compared to MTP data, not the
MEP from the reference cube file
Total fragment charge (a.u.):        -1.569329633E-01
Running DE in parallel with 4 thread(s)!

Starting fitting procedure for 2 charges, trial 1
gen      0/4000      elitist  3.1504158E-03 feasible? T
gen    100/4000      elitist  2.4030378E-03 feasible? T
population converged towards a single solution after 177 generations.
Starting local simplex optimization:
Solution before refinement:      2.4030354545E-03
Exiting simplex optimization after   130 iterations
Solution after  refinement:      2.4030354542E-03
RMSE         2.403035454E-03 Hartree
NEW BEST!

Starting fitting procedure for 2 charges, trial 2
gen      0/4000      elitist  2.8928011E-03 feasible? T
gen    100/4000      elitist  2.4030645E-03 feasible? T
population converged towards a single solution after 199 generations.
Starting local simplex optimization:
Solution before refinement:      2.4030354526E-03
Exiting simplex optimization after   132 iterations
Solution after  refinement:      2.4030354526E-03
RMSE         2.403035453E-03 Hartree
NEW BEST!

Starting fitting procedure for 2 charges, trial 3
gen      0/4000      elitist  2.8666499E-03 feasible? T
gen    100/4000      elitist  2.4030430E-03 feasible? T
population converged towards a single solution after 166 generations.
Starting local simplex optimization:
Solution before refinement:      2.4030354530E-03
Exiting simplex optimization after   131 iterations
Solution after  refinement:      2.4030354530E-03
RMSE         2.403035453E-03 Hartree

Best found solution for 2 charges:
        RMSE         1.507926374E+00 kcal/mol
         MAE         1.113188959E+00 kcal/mol
     max. AE         8.153644931E+00 kcal/mol

       x[bohr]       y[bohr]       z[bohr]          q[e]
    -0.4087862     0.4218456    -0.0000180    -0.5327898
    -1.7280691    -0.7647443    -0.0000170     0.3758568

