Running in fitting mode

Reading "/data/boittier/energies/h2o_geom.xyz.dir/h2o_1.chk.fchk.potential.cube"...

  h2o Potential=SCF
  Electrostatic potential from Total SCF Density
    3   -4.970736   -4.748413   -4.970736
   80    0.125841    0.000000    0.000000
   80    0.000000    0.125841    0.000000
   80    0.000000    0.000000    0.125841
    8    8.000000    0.000000    0.222323    0.000000
    1    1.000000    1.427171   -0.896400    0.000000
    1    1.000000   -1.427171   -0.882184    0.000000
  1.66698E-02  1.67288E-02  1.67584E-02  1.67584E-02  1.67288E-02  1.66698E-02
       .            .            .            .            .            .
       .            .            .            .            .            .
       .            .            .            .            .            .
 -9.18626E-03 -9.18159E-03 -9.17225E-03 -9.15823E-03 -9.13952E-03 -9.11609E-03

335966 out of 512000 gridpoints are considered ( 65.6%).

...done!




USING GREEDY MODE
File "multipole1_1charges.xyz" already exists. Fitting procedure is skipped.
File "multipole1_2charges.xyz" already exists. Fitting procedure is skipped.
File "multipole1_3charges.xyz" already exists. Fitting procedure is skipped.
Running DE in parallel with 4 thread(s)!

Starting fitting procedure for multipole expansion of atom 1 with 4 charges, trial 1
gen      0/8000      elitist  3.1881384E-03 feasible? T
gen    100/8000      elitist  1.1229751E-03 feasible? T
gen    200/8000      elitist  9.8355838E-04 feasible? T
gen    300/8000      elitist  9.6527066E-04 feasible? T
gen    400/8000      elitist  8.9750063E-04 feasible? T
gen    500/8000      elitist  8.6547632E-04 feasible? T
gen    600/8000      elitist  8.3453550E-04 feasible? T
gen    700/8000      elitist  8.2910691E-04 feasible? T
gen    800/8000      elitist  8.2706669E-04 feasible? T
gen    900/8000      elitist  8.2655789E-04 feasible? T
gen   1000/8000      elitist  8.2502160E-04 feasible? T
gen   1100/8000      elitist  8.2208942E-04 feasible? T
gen   1200/8000      elitist  8.2133284E-04 feasible? T
gen   1300/8000      elitist  8.1069712E-04 feasible? T
gen   1400/8000      elitist  7.9400126E-04 feasible? T
gen   1500/8000      elitist  7.1372018E-04 feasible? T
gen   1600/8000      elitist  6.7279766E-04 feasible? T
gen   1700/8000      elitist  6.6353343E-04 feasible? T
gen   1800/8000      elitist  6.5302286E-04 feasible? T
gen   1900/8000      elitist  6.4352730E-04 feasible? T
gen   2000/8000      elitist  6.3959516E-04 feasible? T
gen   2100/8000      elitist  6.1003660E-04 feasible? T
gen   2200/8000      elitist  5.7150680E-04 feasible? T
gen   2300/8000      elitist  5.5970275E-04 feasible? T
gen   2400/8000      elitist  5.5074476E-04 feasible? T
gen   2500/8000      elitist  4.8284849E-04 feasible? T
gen   2600/8000      elitist  4.6443366E-04 feasible? T
gen   2700/8000      elitist  4.5840374E-04 feasible? T
gen   2800/8000      elitist  4.5791903E-04 feasible? T
gen   2900/8000      elitist  4.5393599E-04 feasible? T
gen   3000/8000      elitist  4.4119228E-04 feasible? T
gen   3100/8000      elitist  4.3134135E-04 feasible? T
gen   3200/8000      elitist  4.3051801E-04 feasible? T
gen   3300/8000      elitist  4.2716125E-04 feasible? T
gen   3400/8000      elitist  4.2658307E-04 feasible? T
gen   3500/8000      elitist  4.2656784E-04 feasible? T
gen   3600/8000      elitist  4.2656748E-04 feasible? T
gen   3700/8000      elitist  4.2656637E-04 feasible? T
gen   3800/8000      elitist  4.2654975E-04 feasible? T
gen   3900/8000      elitist  4.2654574E-04 feasible? T
gen   4000/8000      elitist  4.2654460E-04 feasible? T
gen   4100/8000      elitist  4.2654428E-04 feasible? T
gen   4200/8000      elitist  4.2654244E-04 feasible? T
gen   4300/8000      elitist  4.2654216E-04 feasible? T
gen   4400/8000      elitist  4.2654213E-04 feasible? T
gen   4500/8000      elitist  4.2654195E-04 feasible? T
population converged towards a single solution after 4594 generations.
Starting local simplex optimization:
Solution before refinement:      4.2654194030E-04
 performing expansion, best =    4.2654194030149808E-004
 performing expansion, best =    4.2654194026795790E-004
Exiting simplex optimization after   592 iterations
Solution after  refinement:      4.2654194027E-04
RMSE         4.265419403E-04Hartree
NEW BEST!

Starting fitting procedure for multipole expansion of atom 1 with 4 charges, trial 2
gen      0/8000      elitist  3.0004394E-03 feasible? T
gen    100/8000      elitist  1.4114864E-03 feasible? T
gen    200/8000      elitist  5.1250713E-04 feasible? T
gen    300/8000      elitist  3.3116962E-04 feasible? T
gen    400/8000      elitist  2.9970060E-04 feasible? T
gen    500/8000      elitist  2.9753172E-04 feasible? T
gen    600/8000      elitist  2.9632692E-04 feasible? T
gen    700/8000      elitist  2.9619331E-04 feasible? T
gen    800/8000      elitist  2.9599567E-04 feasible? T
gen    900/8000      elitist  2.9596205E-04 feasible? T
gen   1000/8000      elitist  2.9592462E-04 feasible? T
gen   1100/8000      elitist  2.9592089E-04 feasible? T
gen   1200/8000      elitist  2.9591833E-04 feasible? T
gen   1300/8000      elitist  2.9591484E-04 feasible? T
gen   1400/8000      elitist  2.9591469E-04 feasible? T
gen   1500/8000      elitist  2.9591427E-04 feasible? T
population converged towards a single solution after 1573 generations.
Starting local simplex optimization:
Solution before refinement:      2.9591426663E-04
 performing expansion, best =    2.9591425796468177E-004
 performing expansion, best =    2.9591423888905566E-004
 performing expansion, best =    2.9591422659601169E-004
 performing expansion, best =    2.9591421936507438E-004
 performing expansion, best =    2.9591421252643746E-004
 performing expansion, best =    2.9591420361263282E-004
 performing expansion, best =    2.9591419508357791E-004
 performing expansion, best =    2.9591419436942056E-004
 performing expansion, best =    2.9591419358404591E-004
 performing expansion, best =    2.9591418965201381E-004
 performing expansion, best =    2.9591418813114579E-004
 performing expansion, best =    2.9591417356647639E-004
 performing expansion, best =    2.9591417148431312E-004
 performing expansion, best =    2.9591416235690530E-004
 performing expansion, best =    2.9591416067176554E-004
 performing expansion, best =    2.9591414640426462E-004
 performing expansion, best =    2.9591414508422359E-004
 performing expansion, best =    2.9591413456605831E-004
 performing expansion, best =    2.9591413323727737E-004
 performing expansion, best =    2.9591413122938401E-004
 performing expansion, best =    2.9591412825526712E-004
 performing expansion, best =    2.9591412612623385E-004
 performing expansion, best =    2.9591411982335912E-004
 performing expansion, best =    2.9591411444184114E-004
 performing expansion, best =    2.9591411231092492E-004
 performing expansion, best =    2.9591411060280414E-004
 performing expansion, best =    2.9591411019006854E-004
 performing expansion, best =    2.9591410279507929E-004
 performing expansion, best =    2.9591409200380777E-004
 performing expansion, best =    2.9591409186315720E-004
 performing expansion, best =    2.9591409159007156E-004
 performing expansion, best =    2.9591409028247712E-004
 performing expansion, best =    2.9591408964271560E-004
 performing expansion, best =    2.9591408958764371E-004
 performing expansion, best =    2.9591408925484450E-004
 performing expansion, best =    2.9591408896751504E-004
 performing expansion, best =    2.9591408880737230E-004
 performing expansion, best =    2.9591408720237194E-004
 performing expansion, best =    2.9591408701763993E-004
 performing expansion, best =    2.9591408673099992E-004
 performing expansion, best =    2.9591408649735224E-004
 performing expansion, best =    2.9591408628667668E-004
 performing expansion, best =    2.9591408523059172E-004
 performing expansion, best =    2.9591408427488870E-004
 performing expansion, best =    2.9591408408926635E-004
 performing expansion, best =    2.9591408297931861E-004
 performing expansion, best =    2.9591408190975268E-004
 performing expansion, best =    2.9591408188189665E-004
 performing expansion, best =    2.9591408170448171E-004
 performing expansion, best =    2.9591408160992751E-004
 performing expansion, best =    2.9591408155473317E-004
Exiting simplex optimization after   731 iterations
Solution after  refinement:      2.9591408155E-04
RMSE         2.959140816E-04Hartree
NEW BEST!

Starting fitting procedure for multipole expansion of atom 1 with 4 charges, trial 3
gen      0/8000      elitist  3.0119054E-03 feasible? T
gen    100/8000      elitist  7.7425232E-04 feasible? T
gen    200/8000      elitist  3.6115869E-04 feasible? T
gen    300/8000      elitist  3.0869121E-04 feasible? T
gen    400/8000      elitist  3.0561988E-04 feasible? T
gen    500/8000      elitist  3.0155385E-04 feasible? T
gen    600/8000      elitist  2.9662591E-04 feasible? T
gen    700/8000      elitist  2.9617552E-04 feasible? T
gen    800/8000      elitist  2.9607156E-04 feasible? T
gen    900/8000      elitist  2.9597423E-04 feasible? T
gen   1000/8000      elitist  2.9593418E-04 feasible? T
gen   1100/8000      elitist  2.9592996E-04 feasible? T
gen   1200/8000      elitist  2.9592932E-04 feasible? T
gen   1300/8000      elitist  2.9592902E-04 feasible? T
gen   1400/8000      elitist  2.9592899E-04 feasible? T
population converged towards a single solution after 1418 generations.
Starting local simplex optimization:
Solution before refinement:      2.9592899082E-04
 performing expansion, best =    2.9592899061704498E-004
 performing expansion, best =    2.9592899048325904E-004
Exiting simplex optimization after   601 iterations
Solution after  refinement:      2.9592899048E-04
RMSE         2.959289905E-04Hartree
Best found solution for 4 charges:
        RMSE         1.856887494E-01 kcal/mol
         MAE         1.195011294E-01 kcal/mol
     max. AE         2.009960599E+00 kcal/mol

       x[bohr]       y[bohr]       z[bohr]          q[e]
    -0.9463985     0.1263785     0.1088872     0.2454262
     0.0362192     0.5286954    -0.9063973    -0.1698317
     0.0538350     0.4104454     0.3235894    -0.6581134
     0.9490014     0.2387964     0.1259248     0.2560913

File "multipole3_1charges.xyz" already exists. Fitting procedure is skipped.
File "multipole3_2charges.xyz" already exists. Fitting procedure is skipped.
File "multipole3_3charges.xyz" already exists. Fitting procedure is skipped.
File "multipole3_4charges.xyz" already exists. Fitting procedure is skipped.
Fragment fit detected
Fitting to MTP grid, discarding reference MEP cube data
Subsequent stats etc. are compared to MTP data, not the
MEP from the reference cube file
Total fragment charge (a.u.):        -1.569329633E-01
Running DE in parallel with 4 thread(s)!

Starting fitting procedure for 3 charges, trial 1
gen      0/6000      elitist  2.8288571E-03 feasible? T
gen    100/6000      elitist  2.3324683E-03 feasible? T
gen    200/6000      elitist  1.2943149E-03 feasible? T
gen    300/6000      elitist  1.2085296E-03 feasible? T
gen    400/6000      elitist  1.2078152E-03 feasible? T
gen    500/6000      elitist  1.2077705E-03 feasible? T
gen    600/6000      elitist  1.2077684E-03 feasible? T
population converged towards a single solution after 662 generations.
Starting local simplex optimization:
Solution before refinement:      1.2077683972E-03
 performing expansion, best =    1.2077683971553892E-003
 performing expansion, best =    1.2077683966966782E-003
 performing expansion, best =    1.2077683966556182E-003
Exiting simplex optimization after   436 iterations
Solution after  refinement:      1.2077683967E-03
RMSE         1.207768397E-03 Hartree
NEW BEST!

Starting fitting procedure for 3 charges, trial 2
gen      0/6000      elitist  3.0860178E-03 feasible? T
gen    100/6000      elitist  2.3935024E-03 feasible? T
gen    200/6000      elitist  1.6603945E-03 feasible? T
gen    300/6000      elitist  1.2406723E-03 feasible? T
gen    400/6000      elitist  1.2086074E-03 feasible? T
gen    500/6000      elitist  1.2077891E-03 feasible? T
gen    600/6000      elitist  1.2077700E-03 feasible? T
gen    700/6000      elitist  1.2077674E-03 feasible? T
population converged towards a single solution after 775 generations.
Starting local simplex optimization:
Solution before refinement:      1.2077674220E-03
 performing expansion, best =    1.2077674219524008E-003
Exiting simplex optimization after   413 iterations
Solution after  refinement:      1.2077674220E-03
RMSE         1.207767422E-03 Hartree
NEW BEST!

Starting fitting procedure for 3 charges, trial 3
gen      0/6000      elitist  3.0719912E-03 feasible? T
gen    100/6000      elitist  2.2216746E-03 feasible? T
gen    200/6000      elitist  1.3022028E-03 feasible? T
gen    300/6000      elitist  1.2126405E-03 feasible? T
gen    400/6000      elitist  1.2080531E-03 feasible? T
gen    500/6000      elitist  1.2079822E-03 feasible? T
gen    600/6000      elitist  1.2077855E-03 feasible? T
gen    700/6000      elitist  1.2077685E-03 feasible? T
gen    800/6000      elitist  1.2077674E-03 feasible? T
gen    900/6000      elitist  1.2077672E-03 feasible? T
population converged towards a single solution after 921 generations.
Starting local simplex optimization:
Solution before refinement:      1.2077672466E-03
Exiting simplex optimization after   433 iterations
Solution after  refinement:      1.2077672466E-03
RMSE         1.207767247E-03 Hartree
NEW BEST!

Best found solution for 3 charges:
        RMSE         7.578848172E-01 kcal/mol
         MAE         5.625594055E-01 kcal/mol
     max. AE         3.669368398E+00 kcal/mol

       x[bohr]       y[bohr]       z[bohr]          q[e]
    -0.3770997     0.4618225     0.8468576    -0.2803144
    -0.3771165     0.4617861    -0.8468604    -0.2803306
    -1.5679763    -0.6432601    -0.0000291     0.4037121

