Running in fitting mode

Reading "/data/boittier/gaussian_scans/butadiene/scan_extract_0.xyz.chk.fchk.pot.cube"...

  opt Potential
  Electrostatic potential from Total SCF Density
   10   -8.606892   -9.296586   -6.512752
   85    0.203727    0.000000    0.000000
   92    0.000000    0.203727    0.000000
   65    0.000000    0.000000    0.203727
    6    6.000000    2.094140    2.783833    0.000000
    6    6.000000    0.000000    1.372509    0.000000
    6    6.000000    0.000000   -1.372508    0.000000
    6    6.000000   -2.094140   -2.783833    0.000000
    1    1.000000    2.009811    4.824243    0.000000
    1    1.000000    3.951380    1.924660    0.000000
    1    1.000000   -1.835514    2.288467    0.000000
    1    1.000000    1.835514   -2.288466    0.000000
    1    1.000000   -3.951380   -1.924661    0.000000
    1    1.000000   -2.009810   -4.824243    0.000000
  2.26511E-03  2.29910E-03  2.31955E-03  2.32611E-03  2.31866E-03  2.29733E-03
       .            .            .            .            .            .
       .            .            .            .            .            .
       .            .            .            .            .            .
  2.29269E-03  2.29923E-03  2.29180E-03  2.27053E-03  2.23580E-03  2.18822E-03

229538 out of 508300 gridpoints are considered ( 45.2%).

...done!




 Refining solution from file/home/boittier/MDCM-1/examples/butadiene/5-combine-frags/12-combined.xyz
 Contains     12 charges
      Initial RMSE =         6.836171929E-01 kcal/mol
Running DE in parallel with 4 thread(s)!


User requested refinement using simplex algorithm (no DE)

 performing expansion, best =    1.0775059519234347E-003
 performing expansion, best =    1.0700355514337788E-003
 performing expansion, best =    1.0663985084925637E-003
 performing expansion, best =    1.0657412309244012E-003
 performing expansion, best =    1.0644353963578863E-003
 performing expansion, best =    1.0614800837063564E-003
 performing expansion, best =    1.0590971842162323E-003
 performing expansion, best =    1.0585754848620795E-003
 performing expansion, best =    1.0560235649867680E-003
 performing expansion, best =    1.0550665848717620E-003
 performing expansion, best =    1.0522746840068600E-003
 performing expansion, best =    1.0515751191874773E-003
 performing expansion, best =    1.0494779598289273E-003
 performing expansion, best =    1.0477245356439611E-003
 performing expansion, best =    1.0475724648376517E-003
 performing expansion, best =    1.0474915378281054E-003
 performing expansion, best =    1.0471819476834199E-003
 performing expansion, best =    1.0437858818165720E-003
 performing expansion, best =    1.0425478244486443E-003
 performing expansion, best =    1.0421535343616171E-003
 performing expansion, best =    1.0406733784166268E-003
 performing expansion, best =    1.0405179837583859E-003
 performing expansion, best =    1.0404985910720034E-003
 performing expansion, best =    1.0398897667037020E-003
 performing expansion, best =    1.0398207189006262E-003
 performing expansion, best =    1.0396367995210150E-003
 performing expansion, best =    1.0394027761785139E-003
 performing expansion, best =    1.0393606452475542E-003
 performing expansion, best =    1.0386915759365177E-003
 performing expansion, best =    1.0384067434510401E-003
 performing expansion, best =    1.0376488700140313E-003
 performing expansion, best =    1.0373584869950805E-003
 performing expansion, best =    1.0373499609474532E-003
 performing expansion, best =    1.0369810161007331E-003
 performing expansion, best =    1.0368556442330969E-003
 performing expansion, best =    1.0365937755839483E-003
 performing expansion, best =    1.0364644469586402E-003
 performing expansion, best =    1.0364114851405092E-003
 performing expansion, best =    1.0363305001691021E-003
 performing expansion, best =    1.0361891137151799E-003
 performing expansion, best =    1.0361768220988135E-003
 performing expansion, best =    1.0361512773353532E-003
 performing expansion, best =    1.0360862029855679E-003
 performing expansion, best =    1.0360652187257184E-003
 performing expansion, best =    1.0359589000710574E-003
 performing expansion, best =    1.0359359414713056E-003
 performing expansion, best =    1.0359019979782626E-003
 performing expansion, best =    1.0356878867545905E-003
 performing expansion, best =    1.0352222700456921E-003
 performing expansion, best =    1.0347989872413550E-003
 performing expansion, best =    1.0344929916711822E-003
 performing expansion, best =    1.0340962548413060E-003
 performing expansion, best =    1.0340044217749093E-003
 performing expansion, best =    1.0337566358495373E-003
 performing expansion, best =    1.0335154215371756E-003
 performing expansion, best =    1.0333197851402427E-003
 performing expansion, best =    1.0332106862352361E-003
 performing expansion, best =    1.0331188242972303E-003
 performing expansion, best =    1.0330942135051177E-003
 performing expansion, best =    1.0326801034486405E-003
 performing expansion, best =    1.0323127680312047E-003
 performing expansion, best =    1.0318642780224735E-003
 performing expansion, best =    1.0315360999369795E-003
 performing expansion, best =    1.0312575207236338E-003
 performing expansion, best =    1.0311780969420755E-003
 performing expansion, best =    1.0311467676047770E-003
 performing expansion, best =    1.0310681878577955E-003
 performing expansion, best =    1.0308289668510249E-003
 performing expansion, best =    1.0306329028884704E-003
 performing expansion, best =    1.0301541205354849E-003
 performing expansion, best =    1.0295291062013760E-003
 performing expansion, best =    1.0288935893739280E-003
 performing expansion, best =    1.0280595576711660E-003
 performing expansion, best =    1.0271520608776494E-003
 performing expansion, best =    1.0264817820500719E-003
 performing expansion, best =    1.0260482037951046E-003
 performing expansion, best =    1.0255308944827216E-003
 performing expansion, best =    1.0247030625235480E-003
 performing expansion, best =    1.0242140831651398E-003
 performing expansion, best =    1.0237185066710522E-003
 performing expansion, best =    1.0230809497399778E-003
 performing expansion, best =    1.0229648971013404E-003
 performing expansion, best =    1.0228788482230908E-003
 performing expansion, best =    1.0222762764931542E-003
 performing expansion, best =    1.0213000884290199E-003
 performing expansion, best =    1.0212822815778031E-003
 performing expansion, best =    1.0207962765839023E-003
 performing expansion, best =    1.0204167786006498E-003
 performing expansion, best =    1.0200758303746671E-003
 performing expansion, best =    1.0198461937266300E-003
 performing expansion, best =    1.0194088786610158E-003
 performing expansion, best =    1.0192377470582773E-003
 performing expansion, best =    1.0188806523949749E-003
 performing expansion, best =    1.0188522210574050E-003
 performing expansion, best =    1.0186068937201439E-003
 performing expansion, best =    1.0181824024539179E-003
 performing expansion, best =    1.0176408291764233E-003
 performing expansion, best =    1.0174205607415326E-003
 performing expansion, best =    1.0172278735396782E-003
 performing expansion, best =    1.0168192379517605E-003
 performing expansion, best =    1.0166234690187862E-003
 performing expansion, best =    1.0165210012443161E-003
 performing expansion, best =    1.0163090130063661E-003
 performing expansion, best =    1.0160271821741797E-003
 performing expansion, best =    1.0151972044773656E-003
 performing expansion, best =    1.0145073957068698E-003
 performing expansion, best =    1.0143048295270178E-003
 performing expansion, best =    1.0139812890309736E-003
 performing expansion, best =    1.0135930147567676E-003
 performing expansion, best =    1.0128251886198025E-003
 performing expansion, best =    1.0122561455415235E-003
 performing expansion, best =    1.0118817768227379E-003
 performing expansion, best =    1.0116033509719698E-003
 performing expansion, best =    1.0112917842540732E-003
 performing expansion, best =    1.0108788310586327E-003
 performing expansion, best =    1.0105802764067517E-003
 performing expansion, best =    1.0102212821538692E-003
 performing expansion, best =    1.0101480705965800E-003
 performing expansion, best =    1.0099996674762691E-003
 performing expansion, best =    1.0099738903894722E-003
 performing expansion, best =    1.0098259375559498E-003
 performing expansion, best =    1.0096167161097339E-003
 performing expansion, best =    1.0093769593441941E-003
 performing expansion, best =    1.0093439031680104E-003
 performing expansion, best =    1.0093213070914455E-003
 performing expansion, best =    1.0090374907603791E-003
 performing expansion, best =    1.0089106702601612E-003
 performing expansion, best =    1.0086696844405414E-003
 performing expansion, best =    1.0083418238003249E-003
 performing expansion, best =    1.0080085746118782E-003
 performing expansion, best =    1.0078333127545194E-003
 performing expansion, best =    1.0077316457396640E-003
 performing expansion, best =    1.0077130894446625E-003
 performing expansion, best =    1.0075721227968543E-003
 performing expansion, best =    1.0075564619925106E-003
 performing expansion, best =    1.0074162137966927E-003
 performing expansion, best =    1.0073016132337870E-003
 performing expansion, best =    1.0072965797838212E-003
 performing expansion, best =    1.0072145379327977E-003
 performing expansion, best =    1.0071739553012945E-003
 performing expansion, best =    1.0071316326353825E-003
 performing expansion, best =    1.0068393783683265E-003
 performing expansion, best =    1.0067753829747692E-003
 performing expansion, best =    1.0065365543053474E-003
 performing expansion, best =    1.0064175639705884E-003
 performing expansion, best =    1.0063748704135296E-003
 performing expansion, best =    1.0062716436814668E-003
 performing expansion, best =    1.0062365202856758E-003
 performing expansion, best =    1.0060044147980072E-003
 performing expansion, best =    1.0057820735518532E-003
 performing expansion, best =    1.0056528492310478E-003
 performing expansion, best =    1.0054702555705797E-003
 performing expansion, best =    1.0051291885812197E-003
 performing expansion, best =    1.0050523261553026E-003
 performing expansion, best =    1.0049046482244531E-003
 performing expansion, best =    1.0048100799478332E-003
 performing expansion, best =    1.0046991945751953E-003
 performing expansion, best =    1.0044802731577970E-003
 performing expansion, best =    1.0043708199994664E-003
 performing expansion, best =    1.0043313959983669E-003
 performing expansion, best =    1.0040842158739484E-003
 performing expansion, best =    1.0039753947044909E-003
 performing expansion, best =    1.0038214861294412E-003
 performing expansion, best =    1.0037290551307414E-003
 performing expansion, best =    1.0037153189342385E-003
 performing expansion, best =    1.0036859811540300E-003
 performing expansion, best =    1.0034137874932478E-003
 performing expansion, best =    1.0032861092655761E-003
 performing expansion, best =    1.0026826200295743E-003
 performing expansion, best =    1.0022473896602430E-003
 performing expansion, best =    1.0022074304453191E-003
 performing expansion, best =    1.0018896632247489E-003
 performing expansion, best =    1.0018409553318125E-003
 performing expansion, best =    1.0017488576479397E-003
 performing expansion, best =    1.0016386885413797E-003
 performing expansion, best =    1.0013086554770503E-003
 performing expansion, best =    1.0012991879225371E-003
 performing expansion, best =    1.0007530036039384E-003
 performing expansion, best =    1.0006637103150918E-003
 performing expansion, best =    1.0004332556675587E-003
 performing expansion, best =    1.0001304793839511E-003
 performing expansion, best =    9.9939073451659095E-004
 performing expansion, best =    9.9938973644759263E-004
 performing expansion, best =    9.9923717938315833E-004
 performing expansion, best =    9.9897187215065484E-004
 performing expansion, best =    9.9856578873196676E-004
 performing expansion, best =    9.9802097907700053E-004
 performing expansion, best =    9.9771311395150785E-004
 performing expansion, best =    9.9725818104631531E-004
 performing expansion, best =    9.9714461774793304E-004
 performing expansion, best =    9.9680060736579671E-004
 performing expansion, best =    9.9679078756789111E-004
 performing expansion, best =    9.9628318221472523E-004
 performing expansion, best =    9.9617962730312311E-004
 performing expansion, best =    9.9593151943411294E-004
 performing expansion, best =    9.9567619088969318E-004
 performing expansion, best =    9.9507226541813870E-004
 performing expansion, best =    9.9482228100097924E-004
 performing expansion, best =    9.9470370302642635E-004
 performing expansion, best =    9.9435257894253345E-004
 performing expansion, best =    9.9423136977895088E-004
 performing expansion, best =    9.9417712821866914E-004
 performing expansion, best =    9.9413762253122728E-004
 performing expansion, best =    9.9388250426295276E-004
 performing expansion, best =    9.9367471374564283E-004
 performing expansion, best =    9.9348655275954497E-004
 performing expansion, best =    9.9338217169415641E-004
 performing expansion, best =    9.9316693322405118E-004
 performing expansion, best =    9.9316559035895883E-004
 performing expansion, best =    9.9311344341582262E-004
 performing expansion, best =    9.9303649185999597E-004
 performing expansion, best =    9.9299347943889176E-004
 performing expansion, best =    9.9299198077890160E-004
 performing expansion, best =    9.9293350473724494E-004
 performing expansion, best =    9.9291811122117113E-004
 performing expansion, best =    9.9288534819436960E-004
 performing expansion, best =    9.9287475015054729E-004
 performing expansion, best =    9.9282348470024575E-004
 performing expansion, best =    9.9277067757908878E-004
 performing expansion, best =    9.9275882875083624E-004
 performing expansion, best =    9.9275092889988055E-004
 performing expansion, best =    9.9273021317030979E-004
 performing expansion, best =    9.9269582127645920E-004
 performing expansion, best =    9.9268845443627836E-004
 performing expansion, best =    9.9267539358534589E-004
 performing expansion, best =    9.9266622138852417E-004
 performing expansion, best =    9.9266146418773267E-004
 performing expansion, best =    9.9265657963277425E-004
 performing expansion, best =    9.9265093776375411E-004
 performing expansion, best =    9.9264723865567697E-004
 performing expansion, best =    9.9264301325122073E-004
 performing expansion, best =    9.9262729495302776E-004
 performing expansion, best =    9.9258790719432733E-004
 performing expansion, best =    9.9254634083304014E-004
 performing expansion, best =    9.9254396488374259E-004
 performing expansion, best =    9.9252069767078355E-004
 performing expansion, best =    9.9248603029007307E-004
 performing expansion, best =    9.9243583110638386E-004
 performing expansion, best =    9.9236892564713661E-004
 performing expansion, best =    9.9231019399527291E-004
 performing expansion, best =    9.9224238646638055E-004
 performing expansion, best =    9.9223595602798329E-004
 performing expansion, best =    9.9219058416360703E-004
 performing expansion, best =    9.9216726148502652E-004
 performing expansion, best =    9.9215775583809157E-004
 performing expansion, best =    9.9208077866685040E-004
 performing expansion, best =    9.9207622979707801E-004
 performing expansion, best =    9.9207526405672986E-004
 performing expansion, best =    9.9204858225089088E-004
 performing expansion, best =    9.9203795282488505E-004
 performing expansion, best =    9.9202679970187809E-004
 performing expansion, best =    9.9202280885386362E-004
 performing expansion, best =    9.9197041947958757E-004
 performing expansion, best =    9.9196840332301276E-004
 performing expansion, best =    9.9191493863173851E-004
 performing expansion, best =    9.9186508264177795E-004
 performing expansion, best =    9.9180576961259100E-004
 performing expansion, best =    9.9173261887600703E-004
 performing expansion, best =    9.9172443728911424E-004
 performing expansion, best =    9.9167002320192828E-004
 performing expansion, best =    9.9160726066298169E-004
 performing expansion, best =    9.9158498666738148E-004
 performing expansion, best =    9.9151407852230040E-004
 performing expansion, best =    9.9144250559643943E-004
 performing expansion, best =    9.9143952970100310E-004
 performing expansion, best =    9.9134098336858584E-004
 performing expansion, best =    9.9122717622579536E-004
 performing expansion, best =    9.9114105681115763E-004
 performing expansion, best =    9.9112783477512951E-004
 performing expansion, best =    9.9105589858224986E-004
 performing expansion, best =    9.9104212430861714E-004
 performing expansion, best =    9.9101252781189694E-004
 performing expansion, best =    9.9099107702221596E-004
 performing expansion, best =    9.9097492788551185E-004
 performing expansion, best =    9.9097265194842852E-004
 performing expansion, best =    9.9093736736234703E-004
 performing expansion, best =    9.9085605978626126E-004
 performing expansion, best =    9.9085271576921665E-004
 performing expansion, best =    9.9084107162349024E-004
 performing expansion, best =    9.9082425994722256E-004
 performing expansion, best =    9.9081991616549372E-004
 performing expansion, best =    9.9077674496997684E-004
 performing expansion, best =    9.9070735450080801E-004
 performing expansion, best =    9.9070473801538168E-004
 performing expansion, best =    9.9068040117833911E-004
 performing expansion, best =    9.9067116637473348E-004
 performing expansion, best =    9.9065508201604739E-004
 performing expansion, best =    9.9064958333473698E-004
 performing expansion, best =    9.9064451933247757E-004
 performing expansion, best =    9.9064175971664593E-004
 performing expansion, best =    9.9063707579030713E-004
 performing expansion, best =    9.9063257697374978E-004
 performing expansion, best =    9.9062496288335948E-004
 performing expansion, best =    9.9058951444869160E-004
 performing expansion, best =    9.9058821714246236E-004
 performing expansion, best =    9.9058606760287610E-004
 performing expansion, best =    9.9056418028255059E-004
 performing expansion, best =    9.9053805796761487E-004
 performing expansion, best =    9.9052706559233554E-004
 performing expansion, best =    9.9052155881337650E-004
 performing expansion, best =    9.9049794056603815E-004
 performing expansion, best =    9.9046500341774010E-004
 performing expansion, best =    9.9043747317920376E-004
 performing expansion, best =    9.9042842629803031E-004
 performing expansion, best =    9.9042502269082997E-004
 performing expansion, best =    9.9039116995186158E-004
 performing expansion, best =    9.9036218884972888E-004
 performing expansion, best =    9.9033785405500097E-004
 performing expansion, best =    9.9031334649501805E-004
 performing expansion, best =    9.9028790032494552E-004
 performing expansion, best =    9.9026266982089124E-004
 performing expansion, best =    9.9022082754373817E-004
 performing expansion, best =    9.9018873003713570E-004
 performing expansion, best =    9.9017216177988928E-004
 performing expansion, best =    9.9013559093295519E-004
 performing expansion, best =    9.9011838607190525E-004
 performing expansion, best =    9.9010281888860696E-004
 performing expansion, best =    9.9006897388222940E-004
 performing expansion, best =    9.9005579712781286E-004
 performing expansion, best =    9.9004730671575824E-004
 performing expansion, best =    9.9000793440810579E-004
 performing expansion, best =    9.8995170180436525E-004
 performing expansion, best =    9.8991832057215606E-004
 performing expansion, best =    9.8990854849818183E-004
 performing expansion, best =    9.8986537330336992E-004
 performing expansion, best =    9.8981945228296332E-004
 performing expansion, best =    9.8979740975515488E-004
 performing expansion, best =    9.8977237607850979E-004
 performing expansion, best =    9.8970591995726272E-004
 performing expansion, best =    9.8963853806597344E-004
 performing expansion, best =    9.8960992860015447E-004
 performing expansion, best =    9.8956911803506635E-004
 performing expansion, best =    9.8954419222637411E-004
 performing expansion, best =    9.8948268277287152E-004
 performing expansion, best =    9.8947945949294644E-004
 performing expansion, best =    9.8946002517895609E-004
 performing expansion, best =    9.8944582049574278E-004
 performing expansion, best =    9.8938982461805290E-004
 performing expansion, best =    9.8933790789458489E-004
 performing expansion, best =    9.8926823682896330E-004
 performing expansion, best =    9.8922092770003340E-004
 performing expansion, best =    9.8918474108902993E-004
 performing expansion, best =    9.8913635834060984E-004
 performing expansion, best =    9.8909525227455493E-004
 performing expansion, best =    9.8907113388757985E-004
 performing expansion, best =    9.8901322238086693E-004
 performing expansion, best =    9.8898845294782258E-004
 performing expansion, best =    9.8898272811506218E-004
 performing expansion, best =    9.8893686031242085E-004
 performing expansion, best =    9.8892928716162970E-004
 performing expansion, best =    9.8891776954593974E-004
 performing expansion, best =    9.8891290627305638E-004
 performing expansion, best =    9.8890331792923195E-004
 performing expansion, best =    9.8889838144494919E-004
 performing expansion, best =    9.8888330125224849E-004
 performing expansion, best =    9.8886999327568855E-004
 performing expansion, best =    9.8884301952064865E-004
 performing expansion, best =    9.8879298731772698E-004
 performing expansion, best =    9.8879125057920619E-004
 performing expansion, best =    9.8878063512379587E-004
 performing expansion, best =    9.8877190864801799E-004
 performing expansion, best =    9.8876870851678138E-004
 performing expansion, best =    9.8873364066069842E-004
 performing expansion, best =    9.8870150436588741E-004
 performing expansion, best =    9.8870028104213782E-004
 performing expansion, best =    9.8866003764472386E-004
 performing expansion, best =    9.8864685373704778E-004
 performing expansion, best =    9.8863347655159164E-004
 performing expansion, best =    9.8860112978923121E-004
 performing expansion, best =    9.8854987867261451E-004
 performing expansion, best =    9.8852198342826354E-004
 performing expansion, best =    9.8848114330945332E-004
 performing expansion, best =    9.8847970651977910E-004
 performing expansion, best =    9.8841891542402784E-004
 performing expansion, best =    9.8841235801107774E-004
 performing expansion, best =    9.8840925018034735E-004
 performing expansion, best =    9.8839036322119727E-004
 performing expansion, best =    9.8836551659822161E-004
 performing expansion, best =    9.8830478810931497E-004
 performing expansion, best =    9.8826561107376830E-004
 performing expansion, best =    9.8825004527583363E-004
 performing expansion, best =    9.8824525960100433E-004
 performing expansion, best =    9.8823126139327465E-004
 performing expansion, best =    9.8821839921415773E-004
 performing expansion, best =    9.8819229143820640E-004
 performing expansion, best =    9.8818729004430321E-004
 performing expansion, best =    9.8818676144702853E-004
 performing expansion, best =    9.8814807062872281E-004
 performing expansion, best =    9.8808087062278080E-004
 performing expansion, best =    9.8802287555983868E-004
 performing expansion, best =    9.8801857864466713E-004
 performing expansion, best =    9.8799439098175832E-004
 performing expansion, best =    9.8797537534803487E-004
 performing expansion, best =    9.8797056850474232E-004
 performing expansion, best =    9.8792107272397604E-004
 performing expansion, best =    9.8785945133292221E-004
 performing expansion, best =    9.8778935645386294E-004
 performing expansion, best =    9.8771897074212737E-004
 performing expansion, best =    9.8767080038848765E-004
 performing expansion, best =    9.8767063735507384E-004
 performing expansion, best =    9.8764093969988596E-004
 performing expansion, best =    9.8760033050707911E-004
 performing expansion, best =    9.8757413439213150E-004
 performing expansion, best =    9.8756599564311280E-004
 performing expansion, best =    9.8751607079065776E-004
 performing expansion, best =    9.8748401533939670E-004
 performing expansion, best =    9.8740969572669464E-004
 performing expansion, best =    9.8736103146782202E-004
 performing expansion, best =    9.8729850057631711E-004
 performing expansion, best =    9.8722125301712303E-004
 performing expansion, best =    9.8717061177499947E-004
 performing expansion, best =    9.8711330618120948E-004
 performing expansion, best =    9.8707593236100765E-004
 performing expansion, best =    9.8703974867152787E-004
 performing expansion, best =    9.8699834576258371E-004
 performing expansion, best =    9.8699047399065411E-004
 performing expansion, best =    9.8696078700218418E-004
 performing expansion, best =    9.8692365680621771E-004
 performing expansion, best =    9.8690902554304208E-004
 performing expansion, best =    9.8690877017971828E-004
 performing expansion, best =    9.8689319718801394E-004
 performing expansion, best =    9.8684481310573960E-004
 performing expansion, best =    9.8677102464997911E-004
 performing expansion, best =    9.8669540175129900E-004
 performing expansion, best =    9.8661967633615396E-004
 performing expansion, best =    9.8654796037013406E-004
 performing expansion, best =    9.8649563171570036E-004
 performing expansion, best =    9.8648633618724142E-004
 performing expansion, best =    9.8646856280511230E-004
 performing expansion, best =    9.8645166529781701E-004
 performing expansion, best =    9.8642897110311060E-004
 performing expansion, best =    9.8642162750424488E-004
 performing expansion, best =    9.8637662485324420E-004
 performing expansion, best =    9.8628749333120680E-004
 performing expansion, best =    9.8623473841481790E-004
 performing expansion, best =    9.8611036003763285E-004
 performing expansion, best =    9.8608602795510931E-004
 performing expansion, best =    9.8599312693971861E-004
 performing expansion, best =    9.8596430112673182E-004
 performing expansion, best =    9.8589815500923984E-004
 performing expansion, best =    9.8584181132828049E-004
 performing expansion, best =    9.8580153088357681E-004
 performing expansion, best =    9.8579868983095730E-004
 performing expansion, best =    9.8579727334555719E-004
 performing expansion, best =    9.8572769085603280E-004
 performing expansion, best =    9.8572718263347870E-004
 performing expansion, best =    9.8570810910687486E-004
 performing expansion, best =    9.8559984962915716E-004
 performing expansion, best =    9.8556069469738395E-004
 performing expansion, best =    9.8553043527941373E-004
 performing expansion, best =    9.8541186398581502E-004
 performing expansion, best =    9.8533052070094804E-004
 performing expansion, best =    9.8527967880828859E-004
 performing expansion, best =    9.8516360630612255E-004
 performing expansion, best =    9.8513638567884233E-004
 performing expansion, best =    9.8507972302624893E-004
 performing expansion, best =    9.8499848483161231E-004
 performing expansion, best =    9.8485756746962837E-004
 performing expansion, best =    9.8476585128568894E-004
 performing expansion, best =    9.8463167064299830E-004
 performing expansion, best =    9.8460476533158547E-004
 performing expansion, best =    9.8450822767985396E-004
 performing expansion, best =    9.8438257348840152E-004
 performing expansion, best =    9.8428969793963443E-004
 performing expansion, best =    9.8422243355902796E-004
 performing expansion, best =    9.8412022833194689E-004
 performing expansion, best =    9.8394470080024644E-004
 performing expansion, best =    9.8389682011793293E-004
 performing expansion, best =    9.8373435251249857E-004
 performing expansion, best =    9.8363908572873804E-004
 performing expansion, best =    9.8345662607075704E-004
 performing expansion, best =    9.8338161567240170E-004
 performing expansion, best =    9.8328165831465682E-004
 performing expansion, best =    9.8306131646899698E-004
 performing expansion, best =    9.8282198105203479E-004
 performing expansion, best =    9.8262156647385018E-004
 performing expansion, best =    9.8250809305066807E-004
 performing expansion, best =    9.8238067770082421E-004
 performing expansion, best =    9.8236143549622172E-004
 performing expansion, best =    9.8223014097031068E-004
 performing expansion, best =    9.8205596067630426E-004
 performing expansion, best =    9.8204079642990596E-004
 performing expansion, best =    9.8187936196208504E-004
 performing expansion, best =    9.8164178941517743E-004
 performing expansion, best =    9.8142757701016252E-004
 performing expansion, best =    9.8134021035656055E-004
 performing expansion, best =    9.8108156038492008E-004
 performing expansion, best =    9.8104033897234181E-004
 performing expansion, best =    9.8093189804624088E-004
 performing expansion, best =    9.8078301998964974E-004
 performing expansion, best =    9.8058687792390402E-004
 performing expansion, best =    9.8041574736714289E-004
 performing expansion, best =    9.8035235036786697E-004
 performing expansion, best =    9.8015128866810837E-004
 performing expansion, best =    9.8010304781251866E-004
 performing expansion, best =    9.8009508668323204E-004
 performing expansion, best =    9.8006347132396855E-004
 performing expansion, best =    9.8004073869227982E-004
 performing expansion, best =    9.8002188327430979E-004
 performing expansion, best =    9.7990928733937880E-004
 performing expansion, best =    9.7980800188842451E-004
 performing expansion, best =    9.7971836789083528E-004
 performing expansion, best =    9.7966266404709169E-004
 performing expansion, best =    9.7960011636019488E-004
 performing expansion, best =    9.7953192155204416E-004
 performing expansion, best =    9.7942733636006258E-004
 performing expansion, best =    9.7938196957282229E-004
 performing expansion, best =    9.7931703423071044E-004
 performing expansion, best =    9.7929658882508976E-004
 performing expansion, best =    9.7927484953599648E-004
 performing expansion, best =    9.7925595866004225E-004
 performing expansion, best =    9.7921268814229654E-004
 performing expansion, best =    9.7919671334477810E-004
 performing expansion, best =    9.7914287828575414E-004
 performing expansion, best =    9.7914056255110778E-004
 performing expansion, best =    9.7910392323227085E-004
 performing expansion, best =    9.7909173107178522E-004
 performing expansion, best =    9.7907461382367583E-004
 performing expansion, best =    9.7905126315107416E-004
 performing expansion, best =    9.7904383734783535E-004
 performing expansion, best =    9.7904356990547673E-004
 performing expansion, best =    9.7902011293654568E-004
 performing expansion, best =    9.7899717660617251E-004
 performing expansion, best =    9.7898236918915254E-004
 performing expansion, best =    9.7897121020743905E-004
 performing expansion, best =    9.7896525666461994E-004
 performing expansion, best =    9.7896004022795450E-004
 performing expansion, best =    9.7894338706073386E-004
 performing expansion, best =    9.7894008673992555E-004
 performing expansion, best =    9.7893920519876777E-004
 performing expansion, best =    9.7893718039321668E-004
 performing expansion, best =    9.7893706125364065E-004
 performing expansion, best =    9.7893665737836671E-004
 performing expansion, best =    9.7892850604136702E-004
 performing expansion, best =    9.7892632679283972E-004
 performing expansion, best =    9.7892445376807319E-004
 performing expansion, best =    9.7891433163644031E-004
 performing expansion, best =    9.7891348374419150E-004
 performing expansion, best =    9.7890981269552289E-004
 performing expansion, best =    9.7890684187074400E-004
 performing expansion, best =    9.7890558301358139E-004
 performing expansion, best =    9.7890069634597784E-004
 performing expansion, best =    9.7890003819291454E-004
 performing expansion, best =    9.7889101524630939E-004
 performing expansion, best =    9.7888570993508064E-004
 performing expansion, best =    9.7888527070187333E-004
 performing expansion, best =    9.7887934956856115E-004
 performing expansion, best =    9.7887776415258709E-004
 performing expansion, best =    9.7886740273665481E-004
 performing expansion, best =    9.7886132788487564E-004
 performing expansion, best =    9.7884677567903512E-004
 performing expansion, best =    9.7883621028926871E-004
 performing expansion, best =    9.7882106484961000E-004
 performing expansion, best =    9.7879726034891517E-004
 performing expansion, best =    9.7879201298191657E-004
 performing expansion, best =    9.7878700765426118E-004
 performing expansion, best =    9.7878060414588746E-004
 performing expansion, best =    9.7876405526992733E-004
 performing expansion, best =    9.7873641248441253E-004
 performing expansion, best =    9.7873590363596608E-004
 performing expansion, best =    9.7873576398050223E-004
 performing expansion, best =    9.7871466332261851E-004
 performing expansion, best =    9.7868326893795279E-004
 performing expansion, best =    9.7867817980694686E-004
 performing expansion, best =    9.7866395007902961E-004
 performing expansion, best =    9.7866333916233326E-004
 performing expansion, best =    9.7865859759362203E-004
 performing expansion, best =    9.7865245945134133E-004
 performing expansion, best =    9.7865198662915151E-004
 performing expansion, best =    9.7864000089388026E-004
 performing expansion, best =    9.7863962347735428E-004
 performing expansion, best =    9.7862715939004558E-004
 performing expansion, best =    9.7860534327972042E-004
 performing expansion, best =    9.7857345672156199E-004
 performing expansion, best =    9.7853653400386620E-004
 performing expansion, best =    9.7851594671973983E-004
 performing expansion, best =    9.7848630389380420E-004
 performing expansion, best =    9.7846746280224727E-004
 performing expansion, best =    9.7843052001827212E-004
 performing expansion, best =    9.7841598579089428E-004
 performing expansion, best =    9.7840774750535919E-004
 performing expansion, best =    9.7838630090226917E-004
 performing expansion, best =    9.7835478185687120E-004
 performing expansion, best =    9.7833888053286823E-004
 performing expansion, best =    9.7830012939273468E-004
 performing expansion, best =    9.7827121292011444E-004
 performing expansion, best =    9.7824321891988586E-004
 performing expansion, best =    9.7823858636241368E-004
 performing expansion, best =    9.7820523663123284E-004
 performing expansion, best =    9.7817660418270959E-004
 performing expansion, best =    9.7817040206909676E-004
 performing expansion, best =    9.7813241753400676E-004
 performing expansion, best =    9.7810971209615354E-004
 performing expansion, best =    9.7810640773469764E-004
 performing expansion, best =    9.7808996894138385E-004
 performing expansion, best =    9.7807766088070383E-004
 performing expansion, best =    9.7805687341141929E-004
 performing expansion, best =    9.7801283160027725E-004
 performing expansion, best =    9.7799942335937014E-004
 performing expansion, best =    9.7798181534709274E-004
 performing expansion, best =    9.7797128942784715E-004
 performing expansion, best =    9.7796652821228059E-004
 performing expansion, best =    9.7795486180132308E-004
 performing expansion, best =    9.7794465043892680E-004
 performing expansion, best =    9.7793824873941755E-004
 performing expansion, best =    9.7792480330865400E-004
 performing expansion, best =    9.7791857340704964E-004
 performing expansion, best =    9.7790289343501163E-004
 performing expansion, best =    9.7788882482018643E-004
 performing expansion, best =    9.7785935366087422E-004
 performing expansion, best =    9.7784531078696233E-004
 performing expansion, best =    9.7781432803473395E-004
 performing expansion, best =    9.7778874181109329E-004
 performing expansion, best =    9.7777356703298408E-004
 performing expansion, best =    9.7775823704053652E-004
 performing expansion, best =    9.7771222326057229E-004
 performing expansion, best =    9.7767338181398698E-004
 performing expansion, best =    9.7767185221967791E-004
 performing expansion, best =    9.7765423940649517E-004
 performing expansion, best =    9.7762260868757846E-004
 performing expansion, best =    9.7758563775052166E-004
 performing expansion, best =    9.7757605791093881E-004
 performing expansion, best =    9.7756590992725020E-004
 performing expansion, best =    9.7755633899176248E-004
 performing expansion, best =    9.7753822030967113E-004
 performing expansion, best =    9.7752333701996608E-004
 performing expansion, best =    9.7750941083543262E-004
 performing expansion, best =    9.7747419387030467E-004
 performing expansion, best =    9.7741670410084365E-004
 performing expansion, best =    9.7740150538157093E-004
 performing expansion, best =    9.7739523275317138E-004
 performing expansion, best =    9.7738298615684038E-004
 performing expansion, best =    9.7735318722813581E-004
 performing expansion, best =    9.7730721214823362E-004
 performing expansion, best =    9.7730506422512146E-004
 performing expansion, best =    9.7728429307429891E-004
 performing expansion, best =    9.7725144979029350E-004
 performing expansion, best =    9.7724869720000195E-004
 performing expansion, best =    9.7724672841936581E-004
 performing expansion, best =    9.7723166535829196E-004
 performing expansion, best =    9.7721630139325903E-004
 performing expansion, best =    9.7719907830757548E-004
 performing expansion, best =    9.7718726837539636E-004
 performing expansion, best =    9.7718350388026668E-004
 performing expansion, best =    9.7715120512871642E-004
 performing expansion, best =    9.7713948780996204E-004
 performing expansion, best =    9.7713098415241049E-004
 performing expansion, best =    9.7713005805256958E-004
 performing expansion, best =    9.7712496865766775E-004
 performing expansion, best =    9.7712363194321769E-004
 performing expansion, best =    9.7711964250884261E-004
 performing expansion, best =    9.7711403205245255E-004
 performing expansion, best =    9.7710975212817971E-004
 performing expansion, best =    9.7710461712747858E-004
 performing expansion, best =    9.7710269011345476E-004
 performing expansion, best =    9.7709821498384629E-004
 performing expansion, best =    9.7709118713969288E-004
 performing expansion, best =    9.7709114019345258E-004
 performing expansion, best =    9.7708560427512618E-004
 performing expansion, best =    9.7708376898404323E-004
 performing expansion, best =    9.7707860435690083E-004
 performing expansion, best =    9.7707525057605946E-004
 performing expansion, best =    9.7707236161910342E-004
 performing expansion, best =    9.7706598360849418E-004
 performing expansion, best =    9.7705958489883353E-004
 performing expansion, best =    9.7705788970524972E-004
 performing expansion, best =    9.7705117810513052E-004
 performing expansion, best =    9.7704451380248802E-004
 performing expansion, best =    9.7703436275629906E-004
 performing expansion, best =    9.7702210356865400E-004
 performing expansion, best =    9.7701655106589955E-004
 performing expansion, best =    9.7700968743424390E-004
 performing expansion, best =    9.7700006708004682E-004
 performing expansion, best =    9.7699155979922452E-004
 performing expansion, best =    9.7698396268949047E-004
 performing expansion, best =    9.7698271952127496E-004
 performing expansion, best =    9.7697910337500474E-004
 performing expansion, best =    9.7697621782402298E-004
 performing expansion, best =    9.7697398968027232E-004
 performing expansion, best =    9.7697380873068129E-004
 performing expansion, best =    9.7696915940763537E-004
 performing expansion, best =    9.7696874487587576E-004
 performing expansion, best =    9.7696475105892131E-004
 performing expansion, best =    9.7696463650510240E-004
 performing expansion, best =    9.7696103424720548E-004
 performing expansion, best =    9.7695772578920747E-004
 performing expansion, best =    9.7695510372688673E-004
 performing expansion, best =    9.7694993820096870E-004
 performing expansion, best =    9.7694718118610424E-004
 performing expansion, best =    9.7694666456318423E-004
 performing expansion, best =    9.7694467752182379E-004
 performing expansion, best =    9.7694209049826054E-004
 performing expansion, best =    9.7693925051892875E-004
 performing expansion, best =    9.7693301302558921E-004
 performing expansion, best =    9.7692650336467148E-004
 performing expansion, best =    9.7691900523141245E-004
 performing expansion, best =    9.7691381934340285E-004
 performing expansion, best =    9.7691145546641676E-004
 performing expansion, best =    9.7690876541047986E-004
 performing expansion, best =    9.7690858153673941E-004
 performing expansion, best =    9.7690651754432688E-004
 performing expansion, best =    9.7690367904792260E-004
 performing expansion, best =    9.7689902933290485E-004
 performing expansion, best =    9.7689894814964313E-004
 performing expansion, best =    9.7689091872552622E-004
 performing expansion, best =    9.7688211696180471E-004
 performing expansion, best =    9.7687830377586474E-004
 performing expansion, best =    9.7686957424828868E-004
 performing expansion, best =    9.7686193309305062E-004
 performing expansion, best =    9.7686088644373327E-004
 performing expansion, best =    9.7685635612038439E-004
 performing expansion, best =    9.7685588073027950E-004
 performing expansion, best =    9.7685501838025305E-004
 performing expansion, best =    9.7685364102403829E-004
 performing expansion, best =    9.7684852783005440E-004
 performing expansion, best =    9.7684562244798622E-004
 performing expansion, best =    9.7684399551315002E-004
 performing expansion, best =    9.7684064330167200E-004
 performing expansion, best =    9.7683722254234820E-004
 performing expansion, best =    9.7682381575512353E-004
 performing expansion, best =    9.7682066908741805E-004
 performing expansion, best =    9.7681332705746638E-004
 performing expansion, best =    9.7680801378364048E-004
 performing expansion, best =    9.7680316008048060E-004
 performing expansion, best =    9.7678817593835603E-004
 performing expansion, best =    9.7677846254462736E-004
 performing expansion, best =    9.7677761655072092E-004
 performing expansion, best =    9.7677172177551737E-004
 performing expansion, best =    9.7676906661992328E-004
 performing expansion, best =    9.7676732159011621E-004
 performing expansion, best =    9.7676368852937941E-004
 performing expansion, best =    9.7675513365024359E-004
 performing expansion, best =    9.7673934732956302E-004
 performing expansion, best =    9.7673911022462057E-004
 performing expansion, best =    9.7673109517473940E-004
 performing expansion, best =    9.7672009053074407E-004
 performing expansion, best =    9.7672007102849248E-004
 performing expansion, best =    9.7670564514519228E-004
 performing expansion, best =    9.7668286770505384E-004
 performing expansion, best =    9.7666179566227715E-004
 performing expansion, best =    9.7665242367202384E-004
 performing expansion, best =    9.7664030659810278E-004
 performing expansion, best =    9.7660873153705501E-004
 performing expansion, best =    9.7658910184889947E-004
 performing expansion, best =    9.7658565006726009E-004
 performing expansion, best =    9.7657953728012099E-004
 performing expansion, best =    9.7656400066377727E-004
 performing expansion, best =    9.7652985886875234E-004
 performing expansion, best =    9.7651344165979178E-004
 performing expansion, best =    9.7647167683601467E-004
 performing expansion, best =    9.7644719216916033E-004
 performing expansion, best =    9.7640681757832934E-004
 performing expansion, best =    9.7639677240970015E-004
 performing expansion, best =    9.7637709436017110E-004
 performing expansion, best =    9.7635397293390966E-004
 performing expansion, best =    9.7635251892092966E-004
 performing expansion, best =    9.7633536615318161E-004
 performing expansion, best =    9.7630851544029456E-004
 performing expansion, best =    9.7627147344682029E-004
 performing expansion, best =    9.7623834278476231E-004
 performing expansion, best =    9.7620402373637066E-004
 performing expansion, best =    9.7620073886051507E-004
 performing expansion, best =    9.7617252222574201E-004
 performing expansion, best =    9.7616667315766090E-004
 performing expansion, best =    9.7612829465614827E-004
 performing expansion, best =    9.7608255436224466E-004
 performing expansion, best =    9.7605730760634524E-004
 performing expansion, best =    9.7599194682173489E-004
 performing expansion, best =    9.7598706926722487E-004
 performing expansion, best =    9.7594013602747044E-004
 performing expansion, best =    9.7588208731572265E-004
 performing expansion, best =    9.7582331700842853E-004
 performing expansion, best =    9.7574754408656552E-004
 performing expansion, best =    9.7567502185000917E-004
 performing expansion, best =    9.7560600235742487E-004
 performing expansion, best =    9.7560256517784897E-004
 performing expansion, best =    9.7553104262006641E-004
 performing expansion, best =    9.7546513139024744E-004
 performing expansion, best =    9.7543188260886058E-004
 performing expansion, best =    9.7540041574780214E-004
 performing expansion, best =    9.7528479823945000E-004
 performing expansion, best =    9.7517020605794027E-004
 performing expansion, best =    9.7506656232625036E-004
 performing expansion, best =    9.7492617712192778E-004
 performing expansion, best =    9.7480114675693524E-004
 performing expansion, best =    9.7467090443148399E-004
Exiting simplex optimization after 10001 iterations
RMSE         9.745597706E-04 Hartree
NEW BEST!
Best found solution for 12 charges:
        RMSE         6.115450271E-01 kcal/mol
         MAE         3.570954239E-01 kcal/mol
     max. AE         6.090827330E+00 kcal/mol

       x[bohr]       y[bohr]       z[bohr]          q[e]
    -0.0576787     0.3297912     0.0000112     0.2987630
    -0.2007385     2.4242848     0.0000421     0.6332405
     4.1665917     1.4392490     0.0286087     0.1080265
    -1.7478332     2.6744340    -0.3571889     0.0759222
     1.7025547     5.2256051     0.0492413     0.1104023
     0.5751055     2.1649643     0.1137745    -0.8877848
    -0.2118456     2.0621808    -0.3876246    -0.3151971
    -1.3629325    -2.1745417    -0.0038262    -0.9815614
    -0.9594123    -0.9109557    -0.0123791     0.3750634
     1.5269840    -2.6126994    -0.0240821     0.1480249
    -3.7400935    -1.6358501     0.0116709     0.1886896
    -1.6802162    -4.4469365     0.0010230     0.2464110

