Running in fitting mode

Reading "/data/boittier/gaussian_scans/bromobutadiene/scan_extract_0.xyz.chk.fchk.pot.cube"...

  opt Potential
  Electrostatic potential from Total SCF Density
   10  -10.982195  -11.443988   -9.769128
   84    0.265911    0.000000    0.000000
   82    0.000000    0.265911    0.000000
   74    0.000000    0.000000    0.265911
    6    6.000000   -1.673952    3.606648    0.000000
    6    6.000000    0.000000    1.721109    0.000000
    6    6.000000    2.723878    2.103773    0.000000
    6    6.000000    4.508290    0.324643    0.000000
    1    1.000000   -3.687195    3.287689    0.000000
    1    1.000000   -0.999128    5.537939    0.000000
   35   35.000000   -1.213067   -1.674860    0.000000
    1    1.000000    3.266739    4.081797    0.000000
    1    1.000000    4.043439   -1.663450    0.000000
    1    1.000000    6.484203    0.839077    0.000000
 -5.38822E-03 -3.31365E-03 -4.88877E-04 -2.05098E-03 -4.52899E-03 -3.76493E-03
       .            .            .            .            .            .
       .            .            .            .            .            .
       .            .            .            .            .            .
  1.35573E-02  1.33948E-02  1.30309E-02  1.27484E-02  1.27933E-02  1.26506E-02

41597 out of 509712 gridpoints are considered (  8.2%).

...done!




USING GREEDY MODE
Running DE in parallel with 4 thread(s)!

Starting fitting procedure for multipole expansion of atom 3 with 1 charges, trial 1
gen      0/2000      elitist  7.4636189E-03 feasible? T
gen    100/2000      elitist  7.4629417E-03 feasible? T
gen    200/2000      elitist  7.4629417E-03 feasible? T
gen    300/2000      elitist  7.4629239E-03 feasible? T
gen    400/2000      elitist  7.4627920E-03 feasible? T
gen    500/2000      elitist  7.4627875E-03 feasible? T
population converged towards a single solution after 523 generations.
Starting local simplex optimization:
Solution before refinement:      7.4627875185E-03
Exiting simplex optimization after    81 iterations
Solution after  refinement:      7.4627875185E-03
RMSE         7.462787519E-03Hartree
NEW BEST!

Starting fitting procedure for multipole expansion of atom 3 with 1 charges, trial 2
gen      0/2000      elitist  7.4629106E-03 feasible? T
gen    100/2000      elitist  7.4627875E-03 feasible? T
population converged towards a single solution after 125 generations.
Starting local simplex optimization:
Solution before refinement:      7.4627875186E-03
Exiting simplex optimization after    76 iterations
Solution after  refinement:      7.4627875186E-03
RMSE         7.462787519E-03Hartree
Starting fitting procedure for multipole expansion of atom 3 with 1 charges, trial 3
gen      0/2000      elitist  7.4650147E-03 feasible? T
population converged towards a single solution after 81 generations.
Starting local simplex optimization:
Solution before refinement:      7.4627875189E-03
Exiting simplex optimization after    79 iterations
Solution after  refinement:      7.4627875189E-03
RMSE         7.462787519E-03Hartree
Starting fitting procedure for multipole expansion of atom 3 with 1 charges, trial 4
gen      0/2000      elitist  7.4637815E-03 feasible? T
population converged towards a single solution after 86 generations.
Starting local simplex optimization:
Solution before refinement:      7.4627875187E-03
Exiting simplex optimization after    80 iterations
Solution after  refinement:      7.4627875187E-03
RMSE         7.462787519E-03Hartree
Best found solution for 1 charges:
        RMSE         4.682966333E+00 kcal/mol
         MAE         3.975174273E+00 kcal/mol
     max. AE         1.768343292E+01 kcal/mol

       x[bohr]       y[bohr]       z[bohr]          q[e]
     3.5146803     1.4155356     0.2183337    -0.0002969

Running DE in parallel with 4 thread(s)!

Starting fitting procedure for multipole expansion of atom 3 with 2 charges, trial 1
gen      0/4000      elitist  7.4636554E-03 feasible? T
gen    100/4000      elitist  1.2702626E-03 feasible? T
gen    200/4000      elitist  1.2686660E-03 feasible? T
gen    300/4000      elitist  1.2686657E-03 feasible? T
population converged towards a single solution after 304 generations.
Starting local simplex optimization:
Solution before refinement:      1.2686657500E-03
 performing expansion, best =    1.2686657497788117E-003
Exiting simplex optimization after   204 iterations
Solution after  refinement:      1.2686657498E-03
RMSE         1.268665750E-03Hartree
NEW BEST!

Starting fitting procedure for multipole expansion of atom 3 with 2 charges, trial 2
gen      0/4000      elitist  7.4621922E-03 feasible? T
gen    100/4000      elitist  1.2703892E-03 feasible? T
gen    200/4000      elitist  1.2686660E-03 feasible? T
population converged towards a single solution after 284 generations.
Starting local simplex optimization:
Solution before refinement:      1.2686657506E-03
 performing expansion, best =    1.2686657503792093E-003
Exiting simplex optimization after   194 iterations
Solution after  refinement:      1.2686657504E-03
RMSE         1.268665750E-03Hartree
Starting fitting procedure for multipole expansion of atom 3 with 2 charges, trial 3
gen      0/4000      elitist  7.4596890E-03 feasible? T
gen    100/4000      elitist  1.2705272E-03 feasible? T
gen    200/4000      elitist  1.2686721E-03 feasible? T
gen    300/4000      elitist  1.2686658E-03 feasible? T
population converged towards a single solution after 306 generations.
Starting local simplex optimization:
Solution before refinement:      1.2686657507E-03
 performing expansion, best =    1.2686657504889743E-003
 performing expansion, best =    1.2686657504151619E-003
Exiting simplex optimization after   191 iterations
Solution after  refinement:      1.2686657504E-03
RMSE         1.268665750E-03Hartree
Starting fitting procedure for multipole expansion of atom 3 with 2 charges, trial 4
gen      0/4000      elitist  7.4620758E-03 feasible? T
gen    100/4000      elitist  1.2761114E-03 feasible? T
gen    200/4000      elitist  1.2690949E-03 feasible? T
gen    300/4000      elitist  1.2686658E-03 feasible? T
population converged towards a single solution after 378 generations.
Starting local simplex optimization:
Solution before refinement:      1.2686657499E-03
 performing expansion, best =    1.2686657497106588E-003
Exiting simplex optimization after   211 iterations
Solution after  refinement:      1.2686657497E-03
RMSE         1.268665750E-03Hartree
NEW BEST!

Best found solution for 2 charges:
        RMSE         7.960991759E-01 kcal/mol
         MAE         6.186484095E-01 kcal/mol
     max. AE         4.313341913E+00 kcal/mol

       x[bohr]       y[bohr]       z[bohr]          q[e]
     1.9090216     2.7984297    -0.0130303     0.3300563
     3.0876671     1.7752144     0.1003405    -0.3303532

Running DE in parallel with 4 thread(s)!

Starting fitting procedure for multipole expansion of atom 3 with 3 charges, trial 1
gen      0/6000      elitist  7.4617023E-03 feasible? T
gen    100/6000      elitist  1.3105583E-03 feasible? T
gen    200/6000      elitist  5.4514730E-04 feasible? T
gen    300/6000      elitist  4.1289681E-04 feasible? T
gen    400/6000      elitist  4.0963263E-04 feasible? T
gen    500/6000      elitist  4.0956963E-04 feasible? T
gen    600/6000      elitist  4.0859392E-04 feasible? T
gen    700/6000      elitist  4.0857787E-04 feasible? T
gen    800/6000      elitist  4.0857758E-04 feasible? T
population converged towards a single solution after 847 generations.
Starting local simplex optimization:
Solution before refinement:      4.0857757117E-04
 performing expansion, best =    4.0857757103657596E-004
 performing expansion, best =    4.0857757071112010E-004
 performing expansion, best =    4.0857756830956328E-004
 performing expansion, best =    4.0857756712784011E-004
 performing expansion, best =    4.0857756680571502E-004
 performing expansion, best =    4.0857756611166978E-004
 performing expansion, best =    4.0857756608133093E-004
 performing expansion, best =    4.0857756490027318E-004
 performing expansion, best =    4.0857756464965351E-004
 performing expansion, best =    4.0857756374004908E-004
 performing expansion, best =    4.0857756344854214E-004
 performing expansion, best =    4.0857756281602298E-004
 performing expansion, best =    4.0857756223073736E-004
 performing expansion, best =    4.0857756125138220E-004
 performing expansion, best =    4.0857756039944644E-004
 performing expansion, best =    4.0857756006324234E-004
Exiting simplex optimization after   455 iterations
Solution after  refinement:      4.0857756006E-04
RMSE         4.085775601E-04Hartree
NEW BEST!

Starting fitting procedure for multipole expansion of atom 3 with 3 charges, trial 2
gen      0/6000      elitist  7.4582851E-03 feasible? T
gen    100/6000      elitist  1.7575487E-03 feasible? T
gen    200/6000      elitist  5.7038484E-04 feasible? T
gen    300/6000      elitist  4.3317129E-04 feasible? T
gen    400/6000      elitist  4.2492335E-04 feasible? T
gen    500/6000      elitist  4.2418913E-04 feasible? T
gen    600/6000      elitist  4.2418370E-04 feasible? T
gen    700/6000      elitist  4.2418357E-04 feasible? T
population converged towards a single solution after 707 generations.
Starting local simplex optimization:
Solution before refinement:      4.2418356624E-04
 performing expansion, best =    4.2418356616234884E-004
Exiting simplex optimization after   414 iterations
Solution after  refinement:      4.2418356616E-04
RMSE         4.241835662E-04Hartree
Starting fitting procedure for multipole expansion of atom 3 with 3 charges, trial 3
gen      0/6000      elitist  7.4602732E-03 feasible? T
gen    100/6000      elitist  1.3517683E-03 feasible? T
gen    200/6000      elitist  4.4554979E-04 feasible? T
gen    300/6000      elitist  4.3311637E-04 feasible? T
gen    400/6000      elitist  4.2489464E-04 feasible? T
gen    500/6000      elitist  4.2420391E-04 feasible? T
gen    600/6000      elitist  4.2418393E-04 feasible? T
gen    700/6000      elitist  4.2418365E-04 feasible? T
gen    800/6000      elitist  4.2418356E-04 feasible? T
population converged towards a single solution after 812 generations.
Starting local simplex optimization:
Solution before refinement:      4.2418356348E-04
 performing expansion, best =    4.2418356328982100E-004
 performing expansion, best =    4.2418356325340845E-004
 performing expansion, best =    4.2418356298170722E-004
Exiting simplex optimization after   431 iterations
Solution after  refinement:      4.2418356298E-04
RMSE         4.241835630E-04Hartree
Starting fitting procedure for multipole expansion of atom 3 with 3 charges, trial 4
gen      0/6000      elitist  7.4606708E-03 feasible? T
gen    100/6000      elitist  1.5800942E-03 feasible? T
gen    200/6000      elitist  9.3783424E-04 feasible? T
gen    300/6000      elitist  7.6978961E-04 feasible? T
gen    400/6000      elitist  4.3022081E-04 feasible? T
gen    500/6000      elitist  4.2441075E-04 feasible? T
gen    600/6000      elitist  4.2418973E-04 feasible? T
gen    700/6000      elitist  4.2418368E-04 feasible? T
gen    800/6000      elitist  4.2418356E-04 feasible? T
population converged towards a single solution after 819 generations.
Starting local simplex optimization:
Solution before refinement:      4.2418356390E-04
 performing expansion, best =    4.2418356366045329E-004
 performing expansion, best =    4.2418356341110077E-004
 performing expansion, best =    4.2418356322129633E-004
Exiting simplex optimization after   404 iterations
Solution after  refinement:      4.2418356322E-04
RMSE         4.241835632E-04Hartree
Best found solution for 3 charges:
        RMSE         2.563860961E-01 kcal/mol
         MAE         1.740445190E-01 kcal/mol
     max. AE         1.870832144E+00 kcal/mol

       x[bohr]       y[bohr]       z[bohr]          q[e]
     1.9473252     2.3714530     0.0540706     0.5231643
     3.3161926     2.9792203    -0.1716508     0.4765388
     3.0162757     2.3380353    -0.0217411    -1.0000000

Running DE in parallel with 4 thread(s)!

Starting fitting procedure for multipole expansion of atom 3 with 4 charges, trial 1
gen      0/8000      elitist  7.4594908E-03 feasible? T
gen    100/8000      elitist  6.7164997E-03 feasible? T
gen    200/8000      elitist  5.9054599E-03 feasible? T
gen    300/8000      elitist  5.1882167E-03 feasible? T
gen    400/8000      elitist  2.8704009E-03 feasible? T
gen    500/8000      elitist  1.0668484E-03 feasible? T
gen    600/8000      elitist  7.3824895E-04 feasible? T
gen    700/8000      elitist  4.1572779E-04 feasible? T
gen    800/8000      elitist  3.7660744E-04 feasible? T
gen    900/8000      elitist  3.7481277E-04 feasible? T
gen   1000/8000      elitist  2.8441381E-04 feasible? T
gen   1100/8000      elitist  2.0239991E-04 feasible? T
gen   1200/8000      elitist  1.8183602E-04 feasible? T
gen   1300/8000      elitist  1.3910936E-04 feasible? T
gen   1400/8000      elitist  1.2274215E-04 feasible? T
gen   1500/8000      elitist  1.2107468E-04 feasible? T
gen   1600/8000      elitist  1.2096984E-04 feasible? T
gen   1700/8000      elitist  1.2090748E-04 feasible? T
gen   1800/8000      elitist  1.2088596E-04 feasible? T
gen   1900/8000      elitist  1.2088043E-04 feasible? T
gen   2000/8000      elitist  1.1723852E-04 feasible? T
gen   2100/8000      elitist  1.1576304E-04 feasible? T
gen   2200/8000      elitist  1.1418336E-04 feasible? T
gen   2300/8000      elitist  1.1336772E-04 feasible? T
gen   2400/8000      elitist  1.1326684E-04 feasible? T
gen   2500/8000      elitist  1.1317189E-04 feasible? T
gen   2600/8000      elitist  1.1312501E-04 feasible? T
gen   2700/8000      elitist  1.1310166E-04 feasible? T
gen   2800/8000      elitist  1.1309531E-04 feasible? T
gen   2900/8000      elitist  1.1308007E-04 feasible? T
gen   3000/8000      elitist  1.1307582E-04 feasible? T
gen   3100/8000      elitist  1.1307510E-04 feasible? T
gen   3200/8000      elitist  1.1307495E-04 feasible? T
population converged towards a single solution after 3290 generations.
Starting local simplex optimization:
Solution before refinement:      1.1307493297E-04
Exiting simplex optimization after   640 iterations
Solution after  refinement:      1.1307493297E-04
RMSE         1.130749330E-04Hartree
NEW BEST!

Starting fitting procedure for multipole expansion of atom 3 with 4 charges, trial 2
gen      0/8000      elitist  7.4586257E-03 feasible? T
gen    100/8000      elitist  6.6984914E-03 feasible? T
gen    200/8000      elitist  5.9912425E-03 feasible? T
gen    300/8000      elitist  2.2172122E-03 feasible? T
gen    400/8000      elitist  9.8422382E-04 feasible? T
gen    500/8000      elitist  4.8856377E-04 feasible? T
gen    600/8000      elitist  4.0816362E-04 feasible? T
gen    700/8000      elitist  3.9478112E-04 feasible? T
gen    800/8000      elitist  3.4203649E-04 feasible? T
gen    900/8000      elitist  2.9805564E-04 feasible? T
gen   1000/8000      elitist  2.7499502E-04 feasible? T
gen   1100/8000      elitist  2.6706644E-04 feasible? T
gen   1200/8000      elitist  2.6446679E-04 feasible? T
gen   1300/8000      elitist  2.6395356E-04 feasible? T
gen   1400/8000      elitist  2.6392118E-04 feasible? T
gen   1500/8000      elitist  2.6391955E-04 feasible? T
gen   1600/8000      elitist  2.6391795E-04 feasible? T
gen   1700/8000      elitist  2.4204227E-04 feasible? T
gen   1800/8000      elitist  2.3626797E-04 feasible? T
gen   1900/8000      elitist  2.3454146E-04 feasible? T
gen   2000/8000      elitist  2.3368926E-04 feasible? T
gen   2100/8000      elitist  2.2332912E-04 feasible? T
gen   2200/8000      elitist  2.2141387E-04 feasible? T
gen   2300/8000      elitist  2.2132272E-04 feasible? T
gen   2400/8000      elitist  2.2130914E-04 feasible? T
gen   2500/8000      elitist  2.2130237E-04 feasible? T
gen   2600/8000      elitist  2.2115920E-04 feasible? T
gen   2700/8000      elitist  2.2114627E-04 feasible? T
gen   2800/8000      elitist  2.2114532E-04 feasible? T
gen   2900/8000      elitist  2.2114488E-04 feasible? T
gen   3000/8000      elitist  2.2114474E-04 feasible? T
gen   3100/8000      elitist  2.2114470E-04 feasible? T
population converged towards a single solution after 3120 generations.
Starting local simplex optimization:
Solution before refinement:      2.2114470391E-04
 performing expansion, best =    2.2114470389394763E-004
 performing expansion, best =    2.2114470356510239E-004
 performing expansion, best =    2.2114470341962240E-004
 performing expansion, best =    2.2114470306192551E-004
 performing expansion, best =    2.2114470272445089E-004
 performing expansion, best =    2.2114470254464547E-004
 performing expansion, best =    2.2114470234326273E-004
Exiting simplex optimization after   658 iterations
Solution after  refinement:      2.2114470234E-04
RMSE         2.211447023E-04Hartree
Starting fitting procedure for multipole expansion of atom 3 with 4 charges, trial 3
gen      0/8000      elitist  7.4566962E-03 feasible? T
gen    100/8000      elitist  6.8316548E-03 feasible? T
gen    200/8000      elitist  6.3164415E-03 feasible? T
gen    300/8000      elitist  2.1639600E-03 feasible? T
gen    400/8000      elitist  1.2761201E-03 feasible? T
gen    500/8000      elitist  9.1281928E-04 feasible? T
gen    600/8000      elitist  5.9349626E-04 feasible? T
gen    700/8000      elitist  5.6993777E-04 feasible? T
gen    800/8000      elitist  5.5799643E-04 feasible? T
gen    900/8000      elitist  5.5697229E-04 feasible? T
gen   1000/8000      elitist  5.2499698E-04 feasible? T
gen   1100/8000      elitist  4.4879384E-04 feasible? T
gen   1200/8000      elitist  4.1014520E-04 feasible? T
gen   1300/8000      elitist  3.9994526E-04 feasible? T
gen   1400/8000      elitist  3.9840278E-04 feasible? T
gen   1500/8000      elitist  3.9638515E-04 feasible? T
gen   1600/8000      elitist  3.4311158E-04 feasible? T
gen   1700/8000      elitist  3.3368801E-04 feasible? T
gen   1800/8000      elitist  3.2373062E-04 feasible? T
gen   1900/8000      elitist  2.7394161E-04 feasible? T
gen   2000/8000      elitist  2.4376894E-04 feasible? T
gen   2100/8000      elitist  2.3725692E-04 feasible? T
gen   2200/8000      elitist  2.3665561E-04 feasible? T
gen   2300/8000      elitist  2.3423644E-04 feasible? T
gen   2400/8000      elitist  2.2323431E-04 feasible? T
gen   2500/8000      elitist  2.2161990E-04 feasible? T
gen   2600/8000      elitist  2.2130959E-04 feasible? T
gen   2700/8000      elitist  2.2116647E-04 feasible? T
gen   2800/8000      elitist  2.2115858E-04 feasible? T
gen   2900/8000      elitist  2.2114764E-04 feasible? T
gen   3000/8000      elitist  2.2114486E-04 feasible? T
gen   3100/8000      elitist  2.2114473E-04 feasible? T
gen   3200/8000      elitist  2.2114469E-04 feasible? T
population converged towards a single solution after 3247 generations.
Starting local simplex optimization:
Solution before refinement:      2.2114469057E-04
 performing expansion, best =    2.2114469054875194E-004
 performing expansion, best =    2.2114469037871453E-004
 performing expansion, best =    2.2114469025857612E-004
 performing expansion, best =    2.2114469015781213E-004
Exiting simplex optimization after   617 iterations
Solution after  refinement:      2.2114469016E-04
RMSE         2.211446902E-04Hartree
Starting fitting procedure for multipole expansion of atom 3 with 4 charges, trial 4
gen      0/8000      elitist  7.4616489E-03 feasible? T
gen    100/8000      elitist  6.9967889E-03 feasible? T
gen    200/8000      elitist  4.6520916E-03 feasible? T
gen    300/8000      elitist  1.5269973E-03 feasible? T
gen    400/8000      elitist  8.3019221E-04 feasible? T
gen    500/8000      elitist  4.7147992E-04 feasible? T
gen    600/8000      elitist  3.9763471E-04 feasible? T
gen    700/8000      elitist  3.7711447E-04 feasible? T
gen    800/8000      elitist  2.7574012E-04 feasible? T
gen    900/8000      elitist  1.7009928E-04 feasible? T
gen   1000/8000      elitist  1.5238562E-04 feasible? T
gen   1100/8000      elitist  1.5148325E-04 feasible? T
gen   1200/8000      elitist  1.4723519E-04 feasible? T
gen   1300/8000      elitist  1.4585646E-04 feasible? T
gen   1400/8000      elitist  1.3320687E-04 feasible? T
gen   1500/8000      elitist  1.2289217E-04 feasible? T
gen   1600/8000      elitist  1.1776484E-04 feasible? T
gen   1700/8000      elitist  1.1263444E-04 feasible? T
gen   1800/8000      elitist  1.1038725E-04 feasible? T
gen   1900/8000      elitist  1.0949748E-04 feasible? T
gen   2000/8000      elitist  1.0696962E-04 feasible? T
gen   2100/8000      elitist  1.0337230E-04 feasible? T
gen   2200/8000      elitist  1.0124380E-04 feasible? T
gen   2300/8000      elitist  9.9972043E-05 feasible? T
gen   2400/8000      elitist  9.9457645E-05 feasible? T
gen   2500/8000      elitist  9.9415235E-05 feasible? T
gen   2600/8000      elitist  9.9402947E-05 feasible? T
gen   2700/8000      elitist  9.9396962E-05 feasible? T
gen   2800/8000      elitist  9.9395075E-05 feasible? T
gen   2900/8000      elitist  9.9394741E-05 feasible? T
gen   3000/8000      elitist  9.9394585E-05 feasible? T
population converged towards a single solution after 3099 generations.
Starting local simplex optimization:
Solution before refinement:      9.9394527329E-05
 performing expansion, best =    9.9394526756922617E-005
 performing expansion, best =    9.9394526056654296E-005
 performing expansion, best =    9.9394525824915853E-005
 performing expansion, best =    9.9394525540218674E-005
 performing expansion, best =    9.9394525477878323E-005
 performing expansion, best =    9.9394525386533111E-005
 performing expansion, best =    9.9394525356677788E-005
 performing expansion, best =    9.9394525348546787E-005
 performing expansion, best =    9.9394525259202782E-005
 performing expansion, best =    9.9394525139850757E-005
Exiting simplex optimization after   605 iterations
Solution after  refinement:      9.9394525140E-05
RMSE         9.939452514E-05Hartree
NEW BEST!

Best found solution for 4 charges:
        RMSE         6.237095908E-02 kcal/mol
         MAE         4.238325813E-02 kcal/mol
     max. AE         4.329272152E-01 kcal/mol

       x[bohr]       y[bohr]       z[bohr]          q[e]
     2.6753766     2.1866822    -0.1114898     0.9999999
     3.7044523     2.2364564     0.4093625     0.4642778
     3.4350968     2.0670177     0.4825716    -1.0000000
     2.9449196     1.8292238    -0.7985065    -0.4645747

