Running in fitting mode

Reading "/data/boittier/gaussian_scans/bromobutadiene/scan_extract_0.xyz.chk.fchk.pot.cube"...

  opt Potential
  Electrostatic potential from Total SCF Density
   10  -10.982195  -11.443988   -9.769128
   84    0.265911    0.000000    0.000000
   82    0.000000    0.265911    0.000000
   74    0.000000    0.000000    0.265911
    6    6.000000   -1.673952    3.606648    0.000000
    6    6.000000    0.000000    1.721109    0.000000
    6    6.000000    2.723878    2.103773    0.000000
    6    6.000000    4.508290    0.324643    0.000000
    1    1.000000   -3.687195    3.287689    0.000000
    1    1.000000   -0.999128    5.537939    0.000000
   35   35.000000   -1.213067   -1.674860    0.000000
    1    1.000000    3.266739    4.081797    0.000000
    1    1.000000    4.043439   -1.663450    0.000000
    1    1.000000    6.484203    0.839077    0.000000
  3.57819E-03  3.59190E-03  3.98958E-03  4.06399E-03  4.07847E-03  4.03238E-03
       .            .            .            .            .            .
       .            .            .            .            .            .
       .            .            .            .            .            .
 -6.01764E-03 -3.90386E-03 -1.32370E-02 -1.27586E-02 -1.18461E-02 -1.05767E-02

13078 out of 509712 gridpoints are considered (  2.6%).

...done!




USING GREEDY MODE
Running DE in parallel with 4 thread(s)!

Starting fitting procedure for multipole expansion of atom 5 with 1 charges, trial 1
gen      0/2000      elitist  5.1924711E-03 feasible? T
gen    100/2000      elitist  5.1924096E-03 feasible? T
gen    200/2000      elitist  5.1924047E-03 feasible? T
gen    300/2000      elitist  5.1924047E-03 feasible? T
gen    400/2000      elitist  5.1924040E-03 feasible? T
population converged towards a single solution after 427 generations.
Starting local simplex optimization:
Solution before refinement:      5.1924040282E-03
Exiting simplex optimization after    66 iterations
Solution after  refinement:      5.1924040282E-03
RMSE         5.192404028E-03Hartree
NEW BEST!

Starting fitting procedure for multipole expansion of atom 5 with 1 charges, trial 2
gen      0/2000      elitist  5.1924726E-03 feasible? T
gen    100/2000      elitist  5.1924040E-03 feasible? T
population converged towards a single solution after 121 generations.
Starting local simplex optimization:
Solution before refinement:      5.1924040282E-03
Exiting simplex optimization after    60 iterations
Solution after  refinement:      5.1924040282E-03
RMSE         5.192404028E-03Hartree
Starting fitting procedure for multipole expansion of atom 5 with 1 charges, trial 3
gen      0/2000      elitist  5.1925130E-03 feasible? T
population converged towards a single solution after 82 generations.
Starting local simplex optimization:
Solution before refinement:      5.1924040282E-03
Exiting simplex optimization after    59 iterations
Solution after  refinement:      5.1924040282E-03
RMSE         5.192404028E-03Hartree
Starting fitting procedure for multipole expansion of atom 5 with 1 charges, trial 4
gen      0/2000      elitist  5.1924805E-03 feasible? T
population converged towards a single solution after 66 generations.
Starting local simplex optimization:
Solution before refinement:      5.1924040282E-03
Exiting simplex optimization after    58 iterations
Solution after  refinement:      5.1924040282E-03
RMSE         5.192404028E-03Hartree
Best found solution for 1 charges:
        RMSE         3.258280259E+00 kcal/mol
         MAE         2.571751131E+00 kcal/mol
     max. AE         1.189819755E+01 kcal/mol

       x[bohr]       y[bohr]       z[bohr]          q[e]
    -4.3739921     2.9752841    -0.0456406     0.0000056

Running DE in parallel with 4 thread(s)!

Starting fitting procedure for multipole expansion of atom 5 with 2 charges, trial 1
gen      0/4000      elitist  5.1923740E-03 feasible? T
gen    100/4000      elitist  3.5944339E-04 feasible? T
gen    200/4000      elitist  3.5400819E-04 feasible? T
population converged towards a single solution after 262 generations.
Starting local simplex optimization:
Solution before refinement:      3.5400782389E-04
Exiting simplex optimization after   150 iterations
Solution after  refinement:      3.5400782389E-04
RMSE         3.540078239E-04Hartree
NEW BEST!

Starting fitting procedure for multipole expansion of atom 5 with 2 charges, trial 2
gen      0/4000      elitist  5.1923934E-03 feasible? T
gen    100/4000      elitist  3.7072364E-04 feasible? T
gen    200/4000      elitist  3.5407333E-04 feasible? T
gen    300/4000      elitist  3.5400783E-04 feasible? T
population converged towards a single solution after 312 generations.
Starting local simplex optimization:
Solution before refinement:      3.5400782421E-04
Exiting simplex optimization after   144 iterations
Solution after  refinement:      3.5400782421E-04
RMSE         3.540078242E-04Hartree
Starting fitting procedure for multipole expansion of atom 5 with 2 charges, trial 3
gen      0/4000      elitist  5.1923758E-03 feasible? T
gen    100/4000      elitist  3.5533131E-04 feasible? T
gen    200/4000      elitist  3.5400805E-04 feasible? T
population converged towards a single solution after 265 generations.
Starting local simplex optimization:
Solution before refinement:      3.5400782401E-04
Exiting simplex optimization after   150 iterations
Solution after  refinement:      3.5400782401E-04
RMSE         3.540078240E-04Hartree
Starting fitting procedure for multipole expansion of atom 5 with 2 charges, trial 4
gen      0/4000      elitist  5.1922548E-03 feasible? T
gen    100/4000      elitist  3.6420268E-04 feasible? T
gen    200/4000      elitist  3.5400891E-04 feasible? T
population converged towards a single solution after 278 generations.
Starting local simplex optimization:
Solution before refinement:      3.5400782404E-04
Exiting simplex optimization after   167 iterations
Solution after  refinement:      3.5400782404E-04
RMSE         3.540078240E-04Hartree
Best found solution for 2 charges:
        RMSE         2.221430956E-01 kcal/mol
         MAE         1.629209750E-01 kcal/mol
     max. AE         9.670927492E-01 kcal/mol

       x[bohr]       y[bohr]       z[bohr]          q[e]
    -3.2715960     3.5469956    -0.3345881    -0.1479315
    -4.0781242     3.0631743    -0.3032484     0.1479371

Running DE in parallel with 4 thread(s)!

Starting fitting procedure for multipole expansion of atom 5 with 3 charges, trial 1
gen      0/6000      elitist  5.1922819E-03 feasible? T
gen    100/6000      elitist  5.0902355E-03 feasible? T
gen    200/6000      elitist  3.4522938E-04 feasible? T
gen    300/6000      elitist  8.5107880E-05 feasible? T
gen    400/6000      elitist  6.6201512E-05 feasible? T
gen    500/6000      elitist  6.0188739E-05 feasible? T
gen    600/6000      elitist  5.7447422E-05 feasible? T
gen    700/6000      elitist  5.5874673E-05 feasible? T
gen    800/6000      elitist  5.5297281E-05 feasible? T
gen    900/6000      elitist  5.4831470E-05 feasible? T
gen   1000/6000      elitist  5.4657981E-05 feasible? T
gen   1100/6000      elitist  5.4556400E-05 feasible? T
gen   1200/6000      elitist  5.4522487E-05 feasible? T
gen   1300/6000      elitist  5.4471400E-05 feasible? T
gen   1400/6000      elitist  5.4451252E-05 feasible? T
gen   1500/6000      elitist  5.4449896E-05 feasible? T
population converged towards a single solution after 1594 generations.
Starting local simplex optimization:
Solution before refinement:      5.4449816503E-05
Exiting simplex optimization after   355 iterations
Solution after  refinement:      5.4449816503E-05
RMSE         5.444981650E-05Hartree
NEW BEST!

Starting fitting procedure for multipole expansion of atom 5 with 3 charges, trial 2
gen      0/6000      elitist  5.1923992E-03 feasible? T
gen    100/6000      elitist  6.1982517E-04 feasible? T
gen    200/6000      elitist  7.6069434E-05 feasible? T
gen    300/6000      elitist  6.4170558E-05 feasible? T
gen    400/6000      elitist  5.9223670E-05 feasible? T
gen    500/6000      elitist  5.7026877E-05 feasible? T
gen    600/6000      elitist  5.6072685E-05 feasible? T
gen    700/6000      elitist  5.5310872E-05 feasible? T
gen    800/6000      elitist  5.4926984E-05 feasible? T
gen    900/6000      elitist  5.4681128E-05 feasible? T
gen   1000/6000      elitist  5.4590282E-05 feasible? T
gen   1100/6000      elitist  5.4508223E-05 feasible? T
gen   1200/6000      elitist  5.4464759E-05 feasible? T
gen   1300/6000      elitist  5.4451342E-05 feasible? T
gen   1400/6000      elitist  5.4449829E-05 feasible? T
population converged towards a single solution after 1453 generations.
Starting local simplex optimization:
Solution before refinement:      5.4449816716E-05
 performing expansion, best =    5.4449816680952553E-005
Exiting simplex optimization after   358 iterations
Solution after  refinement:      5.4449816681E-05
RMSE         5.444981668E-05Hartree
Starting fitting procedure for multipole expansion of atom 5 with 3 charges, trial 3
gen      0/6000      elitist  5.1922907E-03 feasible? T
gen    100/6000      elitist  9.6131562E-04 feasible? T
gen    200/6000      elitist  1.6650913E-04 feasible? T
gen    300/6000      elitist  7.6202943E-05 feasible? T
gen    400/6000      elitist  6.2929184E-05 feasible? T
gen    500/6000      elitist  5.8173057E-05 feasible? T
gen    600/6000      elitist  5.6376568E-05 feasible? T
gen    700/6000      elitist  5.5521484E-05 feasible? T
gen    800/6000      elitist  5.4983703E-05 feasible? T
gen    900/6000      elitist  5.4728392E-05 feasible? T
gen   1000/6000      elitist  5.4590635E-05 feasible? T
gen   1100/6000      elitist  5.4528738E-05 feasible? T
gen   1200/6000      elitist  5.4479633E-05 feasible? T
gen   1300/6000      elitist  5.4456621E-05 feasible? T
gen   1400/6000      elitist  5.4450107E-05 feasible? T
gen   1500/6000      elitist  5.4449819E-05 feasible? T
population converged towards a single solution after 1538 generations.
Starting local simplex optimization:
Solution before refinement:      5.4449817463E-05
 performing expansion, best =    5.4449817005255123E-005
Exiting simplex optimization after   371 iterations
Solution after  refinement:      5.4449817005E-05
RMSE         5.444981701E-05Hartree
Starting fitting procedure for multipole expansion of atom 5 with 3 charges, trial 4
gen      0/6000      elitist  5.1922973E-03 feasible? T
gen    100/6000      elitist  4.8945325E-03 feasible? T
gen    200/6000      elitist  7.5733621E-04 feasible? T
gen    300/6000      elitist  1.1808594E-04 feasible? T
gen    400/6000      elitist  7.1989323E-05 feasible? T
gen    500/6000      elitist  6.2750507E-05 feasible? T
gen    600/6000      elitist  5.8944900E-05 feasible? T
gen    700/6000      elitist  5.6509166E-05 feasible? T
gen    800/6000      elitist  5.5540168E-05 feasible? T
gen    900/6000      elitist  5.4974588E-05 feasible? T
gen   1000/6000      elitist  5.4732362E-05 feasible? T
gen   1100/6000      elitist  5.4610703E-05 feasible? T
gen   1200/6000      elitist  5.4538021E-05 feasible? T
gen   1300/6000      elitist  5.4465911E-05 feasible? T
gen   1400/6000      elitist  5.4452202E-05 feasible? T
gen   1500/6000      elitist  5.4449889E-05 feasible? T
population converged towards a single solution after 1593 generations.
Starting local simplex optimization:
Solution before refinement:      5.4449816718E-05
 performing expansion, best =    5.4449816714996075E-005
Exiting simplex optimization after   361 iterations
Solution after  refinement:      5.4449816715E-05
RMSE         5.444981671E-05Hartree
Best found solution for 3 charges:
        RMSE         3.416774990E-02 kcal/mol
         MAE         2.297819751E-02 kcal/mol
     max. AE         2.459007172E-01 kcal/mol

       x[bohr]       y[bohr]       z[bohr]          q[e]
    -3.4935979     3.4425058    -0.3008884    -0.4311443
    -3.5710750     2.9975105     0.0408466    -0.5688501
    -3.6567352     3.1202057    -0.1065226     1.0000000

Running DE in parallel with 4 thread(s)!

Starting fitting procedure for multipole expansion of atom 5 with 4 charges, trial 1
gen      0/8000      elitist  5.1922664E-03 feasible? T
gen    100/8000      elitist  5.0794725E-03 feasible? T
gen    200/8000      elitist  4.6650883E-03 feasible? T
gen    300/8000      elitist  1.8707564E-03 feasible? T
gen    400/8000      elitist  1.2556187E-03 feasible? T
gen    500/8000      elitist  4.9981180E-04 feasible? T
gen    600/8000      elitist  3.5202939E-04 feasible? T
gen    700/8000      elitist  8.6752226E-05 feasible? T
gen    800/8000      elitist  4.3330569E-05 feasible? T
gen    900/8000      elitist  3.8141144E-05 feasible? T
gen   1000/8000      elitist  3.4098937E-05 feasible? T
gen   1100/8000      elitist  2.9639159E-05 feasible? T
gen   1200/8000      elitist  2.4600925E-05 feasible? T
gen   1300/8000      elitist  2.1580149E-05 feasible? T
gen   1400/8000      elitist  1.9442050E-05 feasible? T
gen   1500/8000      elitist  1.7738051E-05 feasible? T
gen   1600/8000      elitist  1.7034573E-05 feasible? T
gen   1700/8000      elitist  1.5457495E-05 feasible? T
gen   1800/8000      elitist  1.3819052E-05 feasible? T
gen   1900/8000      elitist  1.2773389E-05 feasible? T
gen   2000/8000      elitist  1.1875053E-05 feasible? T
gen   2100/8000      elitist  1.1312061E-05 feasible? T
gen   2200/8000      elitist  1.0674975E-05 feasible? T
gen   2300/8000      elitist  1.0091202E-05 feasible? T
gen   2400/8000      elitist  9.9473096E-06 feasible? T
gen   2500/8000      elitist  9.9406210E-06 feasible? T
gen   2600/8000      elitist  9.9402824E-06 feasible? T
gen   2700/8000      elitist  9.5450083E-06 feasible? T
gen   2800/8000      elitist  9.1943209E-06 feasible? T
gen   2900/8000      elitist  8.5021018E-06 feasible? T
gen   3000/8000      elitist  8.1118385E-06 feasible? T
gen   3100/8000      elitist  7.8008414E-06 feasible? T
gen   3200/8000      elitist  7.5498907E-06 feasible? T
gen   3300/8000      elitist  7.1826920E-06 feasible? T
gen   3400/8000      elitist  7.0789773E-06 feasible? T
gen   3500/8000      elitist  6.5760841E-06 feasible? T
gen   3600/8000      elitist  6.1569108E-06 feasible? T
gen   3700/8000      elitist  5.9723796E-06 feasible? T
gen   3800/8000      elitist  5.5760116E-06 feasible? T
gen   3900/8000      elitist  5.1997900E-06 feasible? T
gen   4000/8000      elitist  5.0788166E-06 feasible? T
gen   4100/8000      elitist  5.0408071E-06 feasible? T
gen   4200/8000      elitist  4.9732345E-06 feasible? T
gen   4300/8000      elitist  4.9019120E-06 feasible? T
gen   4400/8000      elitist  4.8781340E-06 feasible? T
gen   4500/8000      elitist  4.8615236E-06 feasible? T
gen   4600/8000      elitist  4.8450924E-06 feasible? T
gen   4700/8000      elitist  4.8273537E-06 feasible? T
gen   4800/8000      elitist  4.8159968E-06 feasible? T
gen   4900/8000      elitist  4.8101977E-06 feasible? T
gen   5000/8000      elitist  4.8005197E-06 feasible? T
gen   5100/8000      elitist  4.7997665E-06 feasible? T
gen   5200/8000      elitist  4.7995394E-06 feasible? T
gen   5300/8000      elitist  4.7963206E-06 feasible? T
gen   5400/8000      elitist  4.7935486E-06 feasible? T
gen   5500/8000      elitist  4.7931925E-06 feasible? T
population converged towards a single solution after 5563 generations.
Starting local simplex optimization:
Solution before refinement:      4.7931701027E-06
 performing expansion, best =    4.7931348192444928E-006
 performing expansion, best =    4.7931008962712273E-006
 performing expansion, best =    4.7930918087021512E-006
 performing expansion, best =    4.7930827299728718E-006
 performing expansion, best =    4.7930774756434465E-006
 performing expansion, best =    4.7930730898280933E-006
 performing expansion, best =    4.7930727418903451E-006
 performing expansion, best =    4.7930694229662301E-006
 performing expansion, best =    4.7930692512518681E-006
 performing expansion, best =    4.7930678326312887E-006
 performing expansion, best =    4.7930663222947288E-006
 performing expansion, best =    4.7930657677753247E-006
 performing expansion, best =    4.7930653431683309E-006
 performing expansion, best =    4.7930639747902960E-006
 performing expansion, best =    4.7930634329408319E-006
 performing expansion, best =    4.7930614425936409E-006
 performing expansion, best =    4.7930578385496961E-006
 performing expansion, best =    4.7930542214127691E-006
 performing expansion, best =    4.7930504177787493E-006
 performing expansion, best =    4.7930456121137518E-006
 performing expansion, best =    4.7930407303497448E-006
 performing expansion, best =    4.7930315278526117E-006
 performing expansion, best =    4.7930237225354917E-006
 performing expansion, best =    4.7930142971198537E-006
 performing expansion, best =    4.7930084420584237E-006
 performing expansion, best =    4.7930032270553236E-006
 performing expansion, best =    4.7929945293829475E-006
 performing expansion, best =    4.7929882685570901E-006
 performing expansion, best =    4.7929856452537016E-006
 performing expansion, best =    4.7929841939956553E-006
 performing expansion, best =    4.7929838311023817E-006
 performing expansion, best =    4.7929838111838455E-006
 performing expansion, best =    4.7929825974271528E-006
 performing expansion, best =    4.7929823457079928E-006
 performing expansion, best =    4.7929821987819026E-006
 performing expansion, best =    4.7929807532765135E-006
 performing expansion, best =    4.7929803349451741E-006
 performing expansion, best =    4.7929800606827507E-006
 performing expansion, best =    4.7929798194144662E-006
 performing expansion, best =    4.7929790373988193E-006
 performing expansion, best =    4.7929790164841587E-006
 performing expansion, best =    4.7929787512867293E-006
 performing expansion, best =    4.7929776113572936E-006
 performing expansion, best =    4.7929769395146682E-006
 performing expansion, best =    4.7929765828007084E-006
 performing expansion, best =    4.7929759109761256E-006
 performing expansion, best =    4.7929753339657699E-006
 performing expansion, best =    4.7929752643978841E-006
 performing expansion, best =    4.7929738929192114E-006
 performing expansion, best =    4.7929724560975059E-006
 performing expansion, best =    4.7929712044381852E-006
 performing expansion, best =    4.7929702149447207E-006
 performing expansion, best =    4.7929690714350029E-006
 performing expansion, best =    4.7929677988954087E-006
 performing expansion, best =    4.7929662618302397E-006
 performing expansion, best =    4.7929659977384339E-006
 performing expansion, best =    4.7929647714105305E-006
 performing expansion, best =    4.7929633579754902E-006
 performing expansion, best =    4.7929607051904111E-006
 performing expansion, best =    4.7929571536501228E-006
 performing expansion, best =    4.7929520784326252E-006
 performing expansion, best =    4.7929503321655462E-006
 performing expansion, best =    4.7929473165560538E-006
 performing expansion, best =    4.7929418304324313E-006
 performing expansion, best =    4.7929339043656671E-006
 performing expansion, best =    4.7929255776579195E-006
 performing expansion, best =    4.7929162878819135E-006
 performing expansion, best =    4.7929141463641875E-006
 performing expansion, best =    4.7929090278987521E-006
 performing expansion, best =    4.7929050636641710E-006
 performing expansion, best =    4.7929043074885550E-006
 performing expansion, best =    4.7929042341096486E-006
Exiting simplex optimization after   907 iterations
Solution after  refinement:      4.7929018487E-06
RMSE         4.792901849E-06Hartree
NEW BEST!

Starting fitting procedure for multipole expansion of atom 5 with 4 charges, trial 2
gen      0/8000      elitist  5.1922632E-03 feasible? T
gen    100/8000      elitist  5.1679813E-03 feasible? T
gen    200/8000      elitist  5.1037604E-03 feasible? T
gen    300/8000      elitist  4.5547922E-03 feasible? T
gen    400/8000      elitist  3.8800639E-03 feasible? T
gen    500/8000      elitist  3.0449516E-04 feasible? T
gen    600/8000      elitist  1.4943878E-04 feasible? T
gen    700/8000      elitist  8.0477799E-05 feasible? T
gen    800/8000      elitist  5.4622139E-05 feasible? T
gen    900/8000      elitist  4.1406019E-05 feasible? T
gen   1000/8000      elitist  3.1203637E-05 feasible? T
gen   1100/8000      elitist  2.4917650E-05 feasible? T
gen   1200/8000      elitist  2.1882372E-05 feasible? T
gen   1300/8000      elitist  2.1761205E-05 feasible? T
gen   1400/8000      elitist  2.0476725E-05 feasible? T
gen   1500/8000      elitist  1.9707127E-05 feasible? T
gen   1600/8000      elitist  1.9089885E-05 feasible? T
gen   1700/8000      elitist  1.8276750E-05 feasible? T
gen   1800/8000      elitist  1.7548415E-05 feasible? T
gen   1900/8000      elitist  1.6863854E-05 feasible? T
gen   2000/8000      elitist  1.6208336E-05 feasible? T
gen   2100/8000      elitist  1.5652647E-05 feasible? T
gen   2200/8000      elitist  1.5315216E-05 feasible? T
gen   2300/8000      elitist  1.5039299E-05 feasible? T
gen   2400/8000      elitist  1.4807778E-05 feasible? T
gen   2500/8000      elitist  1.4653114E-05 feasible? T
gen   2600/8000      elitist  1.4524656E-05 feasible? T
gen   2700/8000      elitist  1.4449134E-05 feasible? T
gen   2800/8000      elitist  1.4352957E-05 feasible? T
gen   2900/8000      elitist  1.4239707E-05 feasible? T
gen   3000/8000      elitist  1.4194863E-05 feasible? T
gen   3100/8000      elitist  1.4147665E-05 feasible? T
gen   3200/8000      elitist  1.4127164E-05 feasible? T
gen   3300/8000      elitist  1.4122827E-05 feasible? T
gen   3400/8000      elitist  1.4121617E-05 feasible? T
gen   3500/8000      elitist  1.4120910E-05 feasible? T
gen   3600/8000      elitist  1.4120706E-05 feasible? T
population converged towards a single solution after 3684 generations.
Starting local simplex optimization:
Solution before refinement:      1.4120686441E-05
 performing expansion, best =    1.4120685954745027E-005
 performing expansion, best =    1.4120685842536692E-005
 performing expansion, best =    1.4120685269245830E-005
Exiting simplex optimization after   539 iterations
Solution after  refinement:      1.4120685269E-05
RMSE         1.412068527E-05Hartree
Starting fitting procedure for multipole expansion of atom 5 with 4 charges, trial 3
gen      0/8000      elitist  5.1922394E-03 feasible? T
gen    100/8000      elitist  5.1829199E-03 feasible? T
gen    200/8000      elitist  5.1640764E-03 feasible? T
gen    300/8000      elitist  5.1442865E-03 feasible? T
gen    400/8000      elitist  3.6267614E-03 feasible? T
gen    500/8000      elitist  6.8858281E-04 feasible? T
gen    600/8000      elitist  1.8927964E-04 feasible? T
gen    700/8000      elitist  6.1183230E-05 feasible? T
gen    800/8000      elitist  4.5792734E-05 feasible? T
gen    900/8000      elitist  3.9190072E-05 feasible? T
gen   1000/8000      elitist  3.5088346E-05 feasible? T
gen   1100/8000      elitist  3.1001164E-05 feasible? T
gen   1200/8000      elitist  2.5866377E-05 feasible? T
gen   1300/8000      elitist  2.2869551E-05 feasible? T
gen   1400/8000      elitist  2.0230391E-05 feasible? T
gen   1500/8000      elitist  1.8185153E-05 feasible? T
gen   1600/8000      elitist  1.6653711E-05 feasible? T
gen   1700/8000      elitist  1.5178178E-05 feasible? T
gen   1800/8000      elitist  1.4294000E-05 feasible? T
gen   1900/8000      elitist  1.3118181E-05 feasible? T
gen   2000/8000      elitist  1.2245506E-05 feasible? T
gen   2100/8000      elitist  1.1120537E-05 feasible? T
gen   2200/8000      elitist  1.0399154E-05 feasible? T
gen   2300/8000      elitist  9.8280999E-06 feasible? T
gen   2400/8000      elitist  9.2529867E-06 feasible? T
gen   2500/8000      elitist  8.9591684E-06 feasible? T
gen   2600/8000      elitist  8.2224758E-06 feasible? T
gen   2700/8000      elitist  7.7781510E-06 feasible? T
gen   2800/8000      elitist  7.2922029E-06 feasible? T
gen   2900/8000      elitist  6.7904096E-06 feasible? T
gen   3000/8000      elitist  6.4846940E-06 feasible? T
gen   3100/8000      elitist  6.1184004E-06 feasible? T
gen   3200/8000      elitist  5.7142557E-06 feasible? T
gen   3300/8000      elitist  5.5357985E-06 feasible? T
gen   3400/8000      elitist  5.3476460E-06 feasible? T
gen   3500/8000      elitist  5.2197436E-06 feasible? T
gen   3600/8000      elitist  5.1012261E-06 feasible? T
gen   3700/8000      elitist  5.0808319E-06 feasible? T
gen   3800/8000      elitist  5.0700620E-06 feasible? T
gen   3900/8000      elitist  5.0540013E-06 feasible? T
gen   4000/8000      elitist  4.9334020E-06 feasible? T
gen   4100/8000      elitist  4.8930316E-06 feasible? T
gen   4200/8000      elitist  4.8438647E-06 feasible? T
gen   4300/8000      elitist  4.8357116E-06 feasible? T
gen   4400/8000      elitist  4.8232901E-06 feasible? T
gen   4500/8000      elitist  4.8127454E-06 feasible? T
gen   4600/8000      elitist  4.8037081E-06 feasible? T
gen   4700/8000      elitist  4.7971804E-06 feasible? T
gen   4800/8000      elitist  4.7952718E-06 feasible? T
gen   4900/8000      elitist  4.7930280E-06 feasible? T
gen   5000/8000      elitist  4.7913380E-06 feasible? T
gen   5100/8000      elitist  4.7910584E-06 feasible? T
gen   5200/8000      elitist  4.7905577E-06 feasible? T
gen   5300/8000      elitist  4.7900438E-06 feasible? T
gen   5400/8000      elitist  4.7890137E-06 feasible? T
gen   5500/8000      elitist  4.7886513E-06 feasible? T
gen   5600/8000      elitist  4.7884677E-06 feasible? T
gen   5700/8000      elitist  4.7884204E-06 feasible? T
gen   5800/8000      elitist  4.7883888E-06 feasible? T
population converged towards a single solution after 5809 generations.
Starting local simplex optimization:
Solution before refinement:      4.7883875424E-06
 performing expansion, best =    4.7883873259278588E-006
Exiting simplex optimization after   611 iterations
Solution after  refinement:      4.7883873259E-06
RMSE         4.788387326E-06Hartree
NEW BEST!

Starting fitting procedure for multipole expansion of atom 5 with 4 charges, trial 4
gen      0/8000      elitist  5.1921994E-03 feasible? T
gen    100/8000      elitist  5.1847269E-03 feasible? T
gen    200/8000      elitist  5.1628490E-03 feasible? T
gen    300/8000      elitist  5.0672759E-03 feasible? T
gen    400/8000      elitist  3.8081599E-03 feasible? T
gen    500/8000      elitist  2.2488405E-03 feasible? T
gen    600/8000      elitist  9.3436832E-04 feasible? T
gen    700/8000      elitist  3.3105150E-04 feasible? T
gen    800/8000      elitist  1.1662765E-04 feasible? T
gen    900/8000      elitist  6.7647066E-05 feasible? T
gen   1000/8000      elitist  6.2079164E-05 feasible? T
gen   1100/8000      elitist  5.7051568E-05 feasible? T
gen   1200/8000      elitist  5.2437419E-05 feasible? T
gen   1300/8000      elitist  4.1971089E-05 feasible? T
gen   1400/8000      elitist  3.7178525E-05 feasible? T
gen   1500/8000      elitist  3.3364890E-05 feasible? T
gen   1600/8000      elitist  2.9372400E-05 feasible? T
gen   1700/8000      elitist  2.5390220E-05 feasible? T
gen   1800/8000      elitist  2.1495675E-05 feasible? T
gen   1900/8000      elitist  1.9667450E-05 feasible? T
gen   2000/8000      elitist  1.7982175E-05 feasible? T
gen   2100/8000      elitist  1.6023339E-05 feasible? T
gen   2200/8000      elitist  1.4879687E-05 feasible? T
gen   2300/8000      elitist  1.3706432E-05 feasible? T
gen   2400/8000      elitist  1.3137171E-05 feasible? T
gen   2500/8000      elitist  1.1892806E-05 feasible? T
gen   2600/8000      elitist  1.1058379E-05 feasible? T
gen   2700/8000      elitist  1.0112599E-05 feasible? T
gen   2800/8000      elitist  9.1993472E-06 feasible? T
gen   2900/8000      elitist  8.3913868E-06 feasible? T
gen   3000/8000      elitist  7.7696575E-06 feasible? T
gen   3100/8000      elitist  7.3605074E-06 feasible? T
gen   3200/8000      elitist  6.7717169E-06 feasible? T
gen   3300/8000      elitist  6.1293904E-06 feasible? T
gen   3400/8000      elitist  5.7581712E-06 feasible? T
gen   3500/8000      elitist  5.4304952E-06 feasible? T
gen   3600/8000      elitist  5.0851562E-06 feasible? T
gen   3700/8000      elitist  4.9532677E-06 feasible? T
gen   3800/8000      elitist  4.8751904E-06 feasible? T
gen   3900/8000      elitist  4.8320742E-06 feasible? T
gen   4000/8000      elitist  4.7927505E-06 feasible? T
gen   4100/8000      elitist  4.7899652E-06 feasible? T
gen   4200/8000      elitist  4.7896309E-06 feasible? T
gen   4300/8000      elitist  4.7896102E-06 feasible? T
population converged towards a single solution after 4312 generations.
Starting local simplex optimization:
Solution before refinement:      4.7896102053E-06
 performing expansion, best =    4.7896095568653807E-006
 performing expansion, best =    4.7896092712588500E-006
 performing expansion, best =    4.7896091795679011E-006
 performing expansion, best =    4.7896088923832370E-006
Exiting simplex optimization after   578 iterations
Solution after  refinement:      4.7896088924E-06
RMSE         4.789608892E-06Hartree
Best found solution for 4 charges:
        RMSE         3.004756143E-03 kcal/mol
         MAE         2.082736536E-03 kcal/mol
     max. AE         1.999748739E-02 kcal/mol

       x[bohr]       y[bohr]       z[bohr]          q[e]
    -3.6675638     3.4137093     0.1204456     0.6237441
    -3.7119337     3.1631848     0.1219585    -0.6237381
    -3.6150225     3.4028405    -0.1064413    -1.0000000
    -3.7624279     3.1766025    -0.1054983     0.9999996

