Running in fitting mode

Reading "/data/boittier/energies/h2o_geom.xyz.dir/h2o_1.chk.fchk.potential.cube"...

  h2o Potential=SCF
  Electrostatic potential from Total SCF Density
    3   -4.970736   -4.748413   -4.970736
   80    0.125841    0.000000    0.000000
   80    0.000000    0.125841    0.000000
   80    0.000000    0.000000    0.125841
    8    8.000000    0.000000    0.222323    0.000000
    1    1.000000    1.427171   -0.896400    0.000000
    1    1.000000   -1.427171   -0.882184    0.000000
  1.66698E-02  1.67288E-02  1.67584E-02  1.67584E-02  1.67288E-02  1.66698E-02
       .            .            .            .            .            .
       .            .            .            .            .            .
       .            .            .            .            .            .
 -9.18626E-03 -9.18159E-03 -9.17225E-03 -9.15823E-03 -9.13952E-03 -9.11609E-03

338246 out of 512000 gridpoints are considered ( 66.1%).

...done!




 Refining solution from file/home/boittier/MDCM-1/examples/water/4-fit-frags/frag1/fit1/7charges.xyz
 Contains      7 charges
      Initial RMSE =         3.853924877E-01 kcal/mol
Running DE in parallel with 4 thread(s)!


User requested refinement using simplex algorithm (no DE)

 performing expansion, best =    6.1416015732686095E-004
 performing expansion, best =    6.1415976168273075E-004
 performing expansion, best =    6.1415945464257876E-004
 performing expansion, best =    6.1415861319282948E-004
 performing expansion, best =    6.1415832678564494E-004
 performing expansion, best =    6.1415755464840126E-004
 performing expansion, best =    6.1415754819458439E-004
 performing expansion, best =    6.1415732113047914E-004
 performing expansion, best =    6.1415722809231418E-004
 performing expansion, best =    6.1415692776176881E-004
 performing expansion, best =    6.1415624337107354E-004
 performing expansion, best =    6.1415591098922201E-004
 performing expansion, best =    6.1415566530795469E-004
 performing expansion, best =    6.1415539906151345E-004
 performing expansion, best =    6.1415524231769880E-004
 performing expansion, best =    6.1415480748329182E-004
 performing expansion, best =    6.1415436815310609E-004
 performing expansion, best =    6.1415427026813535E-004
 performing expansion, best =    6.1415352665277671E-004
 performing expansion, best =    6.1415262810366996E-004
 performing expansion, best =    6.1415190200409073E-004
 performing expansion, best =    6.1415110279633932E-004
 performing expansion, best =    6.1415070717464951E-004
 performing expansion, best =    6.1415059399473409E-004
 performing expansion, best =    6.1415035168805817E-004
 performing expansion, best =    6.1414941933998226E-004
 performing expansion, best =    6.1414835388570841E-004
 performing expansion, best =    6.1414764219491855E-004
 performing expansion, best =    6.1414716460236397E-004
 performing expansion, best =    6.1414617017694316E-004
 performing expansion, best =    6.1414510164315437E-004
 performing expansion, best =    6.1414412167396968E-004
 performing expansion, best =    6.1414264016232997E-004
 performing expansion, best =    6.1414038710286062E-004
 performing expansion, best =    6.1413937496192065E-004
 performing expansion, best =    6.1413755719655111E-004
 performing expansion, best =    6.1413667157232611E-004
 performing expansion, best =    6.1413649165405204E-004
 performing expansion, best =    6.1413644492660699E-004
 performing expansion, best =    6.1413588664100674E-004
 performing expansion, best =    6.1413570645104613E-004
 performing expansion, best =    6.1413496096632519E-004
 performing expansion, best =    6.1413362361593385E-004
 performing expansion, best =    6.1413270980864272E-004
 performing expansion, best =    6.1413236202454671E-004
 performing expansion, best =    6.1413187051995578E-004
 performing expansion, best =    6.1413114781133302E-004
 performing expansion, best =    6.1413046825506564E-004
 performing expansion, best =    6.1413002114109750E-004
 performing expansion, best =    6.1412874863708443E-004
 performing expansion, best =    6.1412667530277333E-004
 performing expansion, best =    6.1412494231621460E-004
 performing expansion, best =    6.1412437376951378E-004
 performing expansion, best =    6.1412354171382175E-004
 performing expansion, best =    6.1412301150143116E-004
 performing expansion, best =    6.1412253932156553E-004
 performing expansion, best =    6.1412238673129915E-004
 performing expansion, best =    6.1412177527347370E-004
 performing expansion, best =    6.1412085764334719E-004
 performing expansion, best =    6.1412064830060288E-004
 performing expansion, best =    6.1412003361039442E-004
 performing expansion, best =    6.1411880186465788E-004
 performing expansion, best =    6.1411705946063115E-004
 performing expansion, best =    6.1411545844485590E-004
 performing expansion, best =    6.1411378772456939E-004
 performing expansion, best =    6.1411320829782268E-004
 performing expansion, best =    6.1411306056102300E-004
 performing expansion, best =    6.1411238200631091E-004
 performing expansion, best =    6.1411233066891086E-004
 performing expansion, best =    6.1411224546985537E-004
 performing expansion, best =    6.1411218000263486E-004
 performing expansion, best =    6.1411167522772852E-004
 performing expansion, best =    6.1411099005231385E-004
 performing expansion, best =    6.1411074731492453E-004
 performing expansion, best =    6.1410996049556150E-004
 performing expansion, best =    6.1410963576855851E-004
 performing expansion, best =    6.1410893460173003E-004
 performing expansion, best =    6.1410790856065902E-004
 performing expansion, best =    6.1410635487907459E-004
 performing expansion, best =    6.1410538655178037E-004
 performing expansion, best =    6.1410473953783730E-004
 performing expansion, best =    6.1410221351389422E-004
 performing expansion, best =    6.1409922002818166E-004
 performing expansion, best =    6.1409742195703027E-004
 performing expansion, best =    6.1409560960972657E-004
 performing expansion, best =    6.1409350281083476E-004
 performing expansion, best =    6.1408945043395062E-004
 performing expansion, best =    6.1408683814956138E-004
 performing expansion, best =    6.1408568971687758E-004
 performing expansion, best =    6.1408485319040514E-004
 performing expansion, best =    6.1408406339773496E-004
 performing expansion, best =    6.1408101907430707E-004
 performing expansion, best =    6.1407864083883664E-004
 performing expansion, best =    6.1407666376464879E-004
 performing expansion, best =    6.1407571536073306E-004
 performing expansion, best =    6.1407387749057535E-004
 performing expansion, best =    6.1406937790932001E-004
 performing expansion, best =    6.1406887906989723E-004
 performing expansion, best =    6.1406642938005357E-004
 performing expansion, best =    6.1406629634190644E-004
 performing expansion, best =    6.1406375638125503E-004
 performing expansion, best =    6.1405942837590064E-004
 performing expansion, best =    6.1405731234367013E-004
 performing expansion, best =    6.1405476006161190E-004
 performing expansion, best =    6.1405457834090994E-004
 performing expansion, best =    6.1405250113701494E-004
 performing expansion, best =    6.1405170048619228E-004
 performing expansion, best =    6.1404993001294369E-004
 performing expansion, best =    6.1404959019181564E-004
 performing expansion, best =    6.1404664301669288E-004
 performing expansion, best =    6.1404648570848183E-004
 performing expansion, best =    6.1404588146001893E-004
 performing expansion, best =    6.1404560834806628E-004
 performing expansion, best =    6.1404540639070767E-004
 performing expansion, best =    6.1404529082421217E-004
 performing expansion, best =    6.1404429516451263E-004
 performing expansion, best =    6.1404417582219036E-004
 performing expansion, best =    6.1404401232602454E-004
 performing expansion, best =    6.1404367648365261E-004
 performing expansion, best =    6.1404348538443478E-004
 performing expansion, best =    6.1404327473401753E-004
 performing expansion, best =    6.1404311362403834E-004
 performing expansion, best =    6.1404293514629132E-004
 performing expansion, best =    6.1404248631751976E-004
 performing expansion, best =    6.1404248113127726E-004
 performing expansion, best =    6.1404219936699869E-004
 performing expansion, best =    6.1404209882950261E-004
 performing expansion, best =    6.1404181533480332E-004
 performing expansion, best =    6.1404110155315050E-004
 performing expansion, best =    6.1404098589286349E-004
 performing expansion, best =    6.1404061989946547E-004
 performing expansion, best =    6.1404043852030963E-004
 performing expansion, best =    6.1404003467442386E-004
 performing expansion, best =    6.1403998114213014E-004
 performing expansion, best =    6.1403985350597903E-004
 performing expansion, best =    6.1403953429326722E-004
 performing expansion, best =    6.1403939979302793E-004
 performing expansion, best =    6.1403935530089074E-004
 performing expansion, best =    6.1403894974252715E-004
 performing expansion, best =    6.1403866834083278E-004
 performing expansion, best =    6.1403823812725231E-004
 performing expansion, best =    6.1403772731401999E-004
 performing expansion, best =    6.1403759459944130E-004
 performing expansion, best =    6.1403731444745430E-004
 performing expansion, best =    6.1403716892422932E-004
 performing expansion, best =    6.1403712137106327E-004
 performing expansion, best =    6.1403708105721791E-004
 performing expansion, best =    6.1403703594447873E-004
 performing expansion, best =    6.1403684959425225E-004
 performing expansion, best =    6.1403676302395163E-004
 performing expansion, best =    6.1403675944543339E-004
 performing expansion, best =    6.1403652563821166E-004
 performing expansion, best =    6.1403648767378795E-004
 performing expansion, best =    6.1403647773169815E-004
 performing expansion, best =    6.1403646354221350E-004
 performing expansion, best =    6.1403637989773316E-004
 performing expansion, best =    6.1403637398568453E-004
 performing expansion, best =    6.1403625858473033E-004
 performing expansion, best =    6.1403616282538305E-004
 performing expansion, best =    6.1403616113228621E-004
 performing expansion, best =    6.1403598169444847E-004
 performing expansion, best =    6.1403578117814243E-004
 performing expansion, best =    6.1403559659701156E-004
 performing expansion, best =    6.1403539054095903E-004
 performing expansion, best =    6.1403518834397938E-004
 performing expansion, best =    6.1403485328977994E-004
 performing expansion, best =    6.1403463960290835E-004
 performing expansion, best =    6.1403444104405139E-004
 performing expansion, best =    6.1403391939741827E-004
 performing expansion, best =    6.1403346547338200E-004
 performing expansion, best =    6.1403315522423792E-004
 performing expansion, best =    6.1403253460411437E-004
 performing expansion, best =    6.1403211069730964E-004
 performing expansion, best =    6.1403208690604533E-004
 performing expansion, best =    6.1403157925555933E-004
 performing expansion, best =    6.1403083653909754E-004
 performing expansion, best =    6.1403072305629236E-004
 performing expansion, best =    6.1403063671721519E-004
 performing expansion, best =    6.1403058911499247E-004
 performing expansion, best =    6.1402998494173330E-004
 performing expansion, best =    6.1402924773546396E-004
 performing expansion, best =    6.1402917600943683E-004
 performing expansion, best =    6.1402838465099527E-004
 performing expansion, best =    6.1402737261188911E-004
 performing expansion, best =    6.1402648171368917E-004
 performing expansion, best =    6.1402565370807566E-004
 performing expansion, best =    6.1402480927323329E-004
 performing expansion, best =    6.1402372007664588E-004
 performing expansion, best =    6.1402256649397118E-004
 performing expansion, best =    6.1402174220393153E-004
 performing expansion, best =    6.1402078365315707E-004
 performing expansion, best =    6.1401975071868431E-004
 performing expansion, best =    6.1401893353480298E-004
 performing expansion, best =    6.1401845877813259E-004
 performing expansion, best =    6.1401822045344231E-004
 performing expansion, best =    6.1401721981637616E-004
 performing expansion, best =    6.1401688546404518E-004
 performing expansion, best =    6.1401638441018933E-004
 performing expansion, best =    6.1401590235623377E-004
 performing expansion, best =    6.1401525343591655E-004
 performing expansion, best =    6.1401422447266308E-004
 performing expansion, best =    6.1401346627923295E-004
 performing expansion, best =    6.1401345866318724E-004
 performing expansion, best =    6.1401259225009287E-004
 performing expansion, best =    6.1401154019805114E-004
 performing expansion, best =    6.1401098692928007E-004
 performing expansion, best =    6.1401033543751588E-004
 performing expansion, best =    6.1400977014493068E-004
 performing expansion, best =    6.1400896468067549E-004
 performing expansion, best =    6.1400840892464857E-004
 performing expansion, best =    6.1400807114446942E-004
 performing expansion, best =    6.1400755401398797E-004
 performing expansion, best =    6.1400698866144205E-004
 performing expansion, best =    6.1400629285432494E-004
 performing expansion, best =    6.1400623463728633E-004
 performing expansion, best =    6.1400609447857769E-004
 performing expansion, best =    6.1400603415581398E-004
 performing expansion, best =    6.1400601964926122E-004
 performing expansion, best =    6.1400590247730744E-004
 performing expansion, best =    6.1400576708131322E-004
 performing expansion, best =    6.1400571697434539E-004
 performing expansion, best =    6.1400541543745705E-004
 performing expansion, best =    6.1400500790928134E-004
 performing expansion, best =    6.1400494385938531E-004
 performing expansion, best =    6.1400479752643489E-004
 performing expansion, best =    6.1400477048244957E-004
 performing expansion, best =    6.1400445924011037E-004
 performing expansion, best =    6.1400408365562358E-004
 performing expansion, best =    6.1400405357005011E-004
 performing expansion, best =    6.1400394599733527E-004
 performing expansion, best =    6.1400364401379987E-004
 performing expansion, best =    6.1400363914751693E-004
 performing expansion, best =    6.1400326948096479E-004
 performing expansion, best =    6.1400313757335333E-004
 performing expansion, best =    6.1400294820847321E-004
 performing expansion, best =    6.1400265748475912E-004
 performing expansion, best =    6.1400248220113980E-004
 performing expansion, best =    6.1400244222987836E-004
 performing expansion, best =    6.1400236924605940E-004
 performing expansion, best =    6.1400211805605982E-004
 performing expansion, best =    6.1400210571214032E-004
 performing expansion, best =    6.1400200603115181E-004
 performing expansion, best =    6.1400182817997141E-004
 performing expansion, best =    6.1400171773468265E-004
 performing expansion, best =    6.1400154946485630E-004
 performing expansion, best =    6.1400151467091567E-004
 performing expansion, best =    6.1400137514140739E-004
 performing expansion, best =    6.1400117905999392E-004
 performing expansion, best =    6.1400088169343990E-004
 performing expansion, best =    6.1400068473117559E-004
 performing expansion, best =    6.1400063448736148E-004
 performing expansion, best =    6.1400041367465851E-004
 performing expansion, best =    6.1400016654964578E-004
 performing expansion, best =    6.1399995128577850E-004
 performing expansion, best =    6.1399985082799243E-004
 performing expansion, best =    6.1399956033901602E-004
 performing expansion, best =    6.1399905602383558E-004
 performing expansion, best =    6.1399854522330014E-004
 performing expansion, best =    6.1399829470538015E-004
 performing expansion, best =    6.1399812719253031E-004
 performing expansion, best =    6.1399764501544321E-004
 performing expansion, best =    6.1399683237885671E-004
 performing expansion, best =    6.1399625444983914E-004
 performing expansion, best =    6.1399546392727549E-004
 performing expansion, best =    6.1399434528653101E-004
 performing expansion, best =    6.1399317508507932E-004
 performing expansion, best =    6.1399192824367554E-004
 performing expansion, best =    6.1399017249317818E-004
 performing expansion, best =    6.1398911462035249E-004
 performing expansion, best =    6.1398720416646181E-004
 performing expansion, best =    6.1398529968601239E-004
 performing expansion, best =    6.1398389591556355E-004
 performing expansion, best =    6.1398186152375716E-004
 performing expansion, best =    6.1397961026666160E-004
 performing expansion, best =    6.1397742897901782E-004
 performing expansion, best =    6.1397456680292110E-004
 performing expansion, best =    6.1397073349852107E-004
 performing expansion, best =    6.1396562329937149E-004
 performing expansion, best =    6.1396098017957399E-004
 performing expansion, best =    6.1395599437603433E-004
 performing expansion, best =    6.1395045391309086E-004
 performing expansion, best =    6.1394361002144377E-004
 performing expansion, best =    6.1393915585311522E-004
 performing expansion, best =    6.1393451176378359E-004
 performing expansion, best =    6.1392929318033378E-004
 performing expansion, best =    6.1392033355200416E-004
 performing expansion, best =    6.1391310223693149E-004
 performing expansion, best =    6.1390685772392270E-004
 performing expansion, best =    6.1390050411898052E-004
 performing expansion, best =    6.1389133493369838E-004
 performing expansion, best =    6.1388554942614997E-004
 performing expansion, best =    6.1388279359606533E-004
 performing expansion, best =    6.1387907989271593E-004
 performing expansion, best =    6.1387449973414245E-004
 performing expansion, best =    6.1387173321659496E-004
 performing expansion, best =    6.1386702547420525E-004
 performing expansion, best =    6.1386226747593925E-004
 performing expansion, best =    6.1385981858346199E-004
 performing expansion, best =    6.1385715138491002E-004
 performing expansion, best =    6.1385523021141185E-004
 performing expansion, best =    6.1385395415284292E-004
 performing expansion, best =    6.1385365551485077E-004
 performing expansion, best =    6.1385311409167353E-004
 performing expansion, best =    6.1385206166091727E-004
 performing expansion, best =    6.1385130376526110E-004
 performing expansion, best =    6.1384857683156652E-004
 performing expansion, best =    6.1384615255478947E-004
 performing expansion, best =    6.1384451343390249E-004
 performing expansion, best =    6.1384380891084389E-004
 performing expansion, best =    6.1384310377385321E-004
 performing expansion, best =    6.1384267465699018E-004
 performing expansion, best =    6.1384225662753234E-004
 performing expansion, best =    6.1384188763695532E-004
 performing expansion, best =    6.1384078028721596E-004
 performing expansion, best =    6.1384067476023569E-004
 performing expansion, best =    6.1384033485930374E-004
 performing expansion, best =    6.1384022855464813E-004
 performing expansion, best =    6.1383984590836411E-004
 performing expansion, best =    6.1383933995444212E-004
 performing expansion, best =    6.1383895937184489E-004
 performing expansion, best =    6.1383880599075473E-004
 performing expansion, best =    6.1383869974721017E-004
 performing expansion, best =    6.1383848527264814E-004
 performing expansion, best =    6.1383837696964106E-004
 performing expansion, best =    6.1383832999480482E-004
 performing expansion, best =    6.1383808133580963E-004
 performing expansion, best =    6.1383764000495593E-004
 performing expansion, best =    6.1383734370875677E-004
 performing expansion, best =    6.1383723460350643E-004
 performing expansion, best =    6.1383715109680596E-004
 performing expansion, best =    6.1383702775946627E-004
 performing expansion, best =    6.1383677199225374E-004
 performing expansion, best =    6.1383655979674703E-004
 performing expansion, best =    6.1383630146258892E-004
 performing expansion, best =    6.1383627692525658E-004
 performing expansion, best =    6.1383591330070846E-004
 performing expansion, best =    6.1383567965654336E-004
 performing expansion, best =    6.1383520027890042E-004
 performing expansion, best =    6.1383473164876258E-004
 performing expansion, best =    6.1383457868806465E-004
 performing expansion, best =    6.1383438681694388E-004
 performing expansion, best =    6.1383414837395717E-004
 performing expansion, best =    6.1383379790070931E-004
 performing expansion, best =    6.1383354329285226E-004
 performing expansion, best =    6.1383301649343481E-004
 performing expansion, best =    6.1383255900088055E-004
 performing expansion, best =    6.1383217557359432E-004
 performing expansion, best =    6.1383190316728381E-004
 performing expansion, best =    6.1383147243977004E-004
 performing expansion, best =    6.1383028805171757E-004
 performing expansion, best =    6.1382942499848083E-004
 performing expansion, best =    6.1382909750224411E-004
 performing expansion, best =    6.1382882781153608E-004
 performing expansion, best =    6.1382842218705752E-004
 performing expansion, best =    6.1382829036564827E-004
 performing expansion, best =    6.1382828000742162E-004
 performing expansion, best =    6.1382786587529394E-004
 performing expansion, best =    6.1382783218481352E-004
 performing expansion, best =    6.1382780142773684E-004
 performing expansion, best =    6.1382776671605995E-004
 performing expansion, best =    6.1382748105020960E-004
 performing expansion, best =    6.1382720330119267E-004
 performing expansion, best =    6.1382705863831778E-004
 performing expansion, best =    6.1382705599514358E-004
 performing expansion, best =    6.1382705426109622E-004
 performing expansion, best =    6.1382702422201334E-004
 performing expansion, best =    6.1382692637060906E-004
 performing expansion, best =    6.1382690293582348E-004
 performing expansion, best =    6.1382686408787649E-004
 performing expansion, best =    6.1382685138346800E-004
 performing expansion, best =    6.1382682321226424E-004
 performing expansion, best =    6.1382671264925421E-004
 performing expansion, best =    6.1382664056400173E-004
 performing expansion, best =    6.1382657278716507E-004
 performing expansion, best =    6.1382657074688990E-004
 performing expansion, best =    6.1382648109035748E-004
 performing expansion, best =    6.1382641216436702E-004
 performing expansion, best =    6.1382631541483622E-004
 performing expansion, best =    6.1382617475156688E-004
 performing expansion, best =    6.1382603997411271E-004
 performing expansion, best =    6.1382597372503205E-004
 performing expansion, best =    6.1382586080162413E-004
 performing expansion, best =    6.1382574555895921E-004
 performing expansion, best =    6.1382564639195713E-004
 performing expansion, best =    6.1382561312229959E-004
 performing expansion, best =    6.1382548258119563E-004
 performing expansion, best =    6.1382524201458093E-004
 performing expansion, best =    6.1382511528630277E-004
 performing expansion, best =    6.1382501685759521E-004
 performing expansion, best =    6.1382490759162448E-004
 performing expansion, best =    6.1382476150869682E-004
 performing expansion, best =    6.1382444437914634E-004
 performing expansion, best =    6.1382430546982805E-004
 performing expansion, best =    6.1382411793460621E-004
 performing expansion, best =    6.1382382583902466E-004
 performing expansion, best =    6.1382313355024432E-004
 performing expansion, best =    6.1382262438640291E-004
 performing expansion, best =    6.1382237338082613E-004
 performing expansion, best =    6.1382220437187357E-004
 performing expansion, best =    6.1382203199613207E-004
 performing expansion, best =    6.1382179789755149E-004
 performing expansion, best =    6.1382142260725297E-004
 performing expansion, best =    6.1382068972200862E-004
 performing expansion, best =    6.1382043059641112E-004
 performing expansion, best =    6.1382029289802436E-004
 performing expansion, best =    6.1381988220693710E-004
 performing expansion, best =    6.1381943679067593E-004
 performing expansion, best =    6.1381876087051018E-004
 performing expansion, best =    6.1381826890456953E-004
 performing expansion, best =    6.1381790401186537E-004
 performing expansion, best =    6.1381716948104694E-004
 performing expansion, best =    6.1381611992393991E-004
 performing expansion, best =    6.1381463388245191E-004
 performing expansion, best =    6.1381352834109933E-004
 performing expansion, best =    6.1381283357461866E-004
 performing expansion, best =    6.1381256038934987E-004
 performing expansion, best =    6.1381184447559776E-004
 performing expansion, best =    6.1381051745839396E-004
 performing expansion, best =    6.1381006045257177E-004
 performing expansion, best =    6.1380951504288008E-004
 performing expansion, best =    6.1380911536583211E-004
 performing expansion, best =    6.1380849447258763E-004
 performing expansion, best =    6.1380835766105233E-004
 performing expansion, best =    6.1380810915831669E-004
 performing expansion, best =    6.1380803989415176E-004
 performing expansion, best =    6.1380764500624325E-004
 performing expansion, best =    6.1380738904064742E-004
 performing expansion, best =    6.1380709727308278E-004
 performing expansion, best =    6.1380695625341580E-004
 performing expansion, best =    6.1380678339009698E-004
 performing expansion, best =    6.1380640374654450E-004
 performing expansion, best =    6.1380626141851666E-004
 performing expansion, best =    6.1380625793439807E-004
 performing expansion, best =    6.1380594553419601E-004
 performing expansion, best =    6.1380583956333577E-004
 performing expansion, best =    6.1380573898164967E-004
 performing expansion, best =    6.1380565494273788E-004
 performing expansion, best =    6.1380559163933793E-004
 performing expansion, best =    6.1380543660547371E-004
 performing expansion, best =    6.1380541714812717E-004
 performing expansion, best =    6.1380516594477510E-004
 performing expansion, best =    6.1380511014672695E-004
 performing expansion, best =    6.1380499389885245E-004
 performing expansion, best =    6.1380476975334637E-004
 performing expansion, best =    6.1380471742668752E-004
 performing expansion, best =    6.1380466191867723E-004
 performing expansion, best =    6.1380458127444385E-004
 performing expansion, best =    6.1380456482502271E-004
 performing expansion, best =    6.1380455996316375E-004
 performing expansion, best =    6.1380452326074606E-004
 performing expansion, best =    6.1380449522879744E-004
 performing expansion, best =    6.1380449418004933E-004
 performing expansion, best =    6.1380449241370467E-004
 performing expansion, best =    6.1380448654955793E-004
 performing expansion, best =    6.1380447188661672E-004
 performing expansion, best =    6.1380446570758027E-004
 performing expansion, best =    6.1380446508161766E-004
 performing expansion, best =    6.1380445904956075E-004
 performing expansion, best =    6.1380444225710986E-004
 performing expansion, best =    6.1380440754014770E-004
 performing expansion, best =    6.1380437558038474E-004
 performing expansion, best =    6.1380436968623455E-004
 performing expansion, best =    6.1380435262471038E-004
 performing expansion, best =    6.1380433535869504E-004
 performing expansion, best =    6.1380430016792775E-004
 performing expansion, best =    6.1380427680101995E-004
 performing expansion, best =    6.1380423803995051E-004
 performing expansion, best =    6.1380423450522732E-004
 performing expansion, best =    6.1380421916231863E-004
 performing expansion, best =    6.1380419902413725E-004
 performing expansion, best =    6.1380419810523612E-004
 performing expansion, best =    6.1380419617120354E-004
 performing expansion, best =    6.1380419379042351E-004
 performing expansion, best =    6.1380416698122878E-004
 performing expansion, best =    6.1380415997105563E-004
 performing expansion, best =    6.1380415236821832E-004
 performing expansion, best =    6.1380415044893230E-004
 performing expansion, best =    6.1380413746745834E-004
 performing expansion, best =    6.1380411968303867E-004
 performing expansion, best =    6.1380410276367238E-004
 performing expansion, best =    6.1380406868906130E-004
 performing expansion, best =    6.1380401052585722E-004
 performing expansion, best =    6.1380396441220765E-004
 performing expansion, best =    6.1380391316024426E-004
 performing expansion, best =    6.1380387305500091E-004
 performing expansion, best =    6.1380380934269205E-004
 performing expansion, best =    6.1380374687392285E-004
 performing expansion, best =    6.1380363419597753E-004
 performing expansion, best =    6.1380340604827769E-004
 performing expansion, best =    6.1380323339513601E-004
 performing expansion, best =    6.1380306846351286E-004
 performing expansion, best =    6.1380291111421867E-004
 performing expansion, best =    6.1380265926271114E-004
 performing expansion, best =    6.1380235452192483E-004
 performing expansion, best =    6.1380210822057257E-004
 performing expansion, best =    6.1380168930252595E-004
 performing expansion, best =    6.1380127140938908E-004
 performing expansion, best =    6.1380080370285173E-004
 performing expansion, best =    6.1380028792582387E-004
 performing expansion, best =    6.1379962189316852E-004
 performing expansion, best =    6.1379906915042795E-004
 performing expansion, best =    6.1379820213278873E-004
 performing expansion, best =    6.1379748842622581E-004
 performing expansion, best =    6.1379676077366466E-004
 performing expansion, best =    6.1379570493710271E-004
 performing expansion, best =    6.1379482079489968E-004
 performing expansion, best =    6.1379414461500018E-004
 performing expansion, best =    6.1379288702107816E-004
 performing expansion, best =    6.1379163408001455E-004
 performing expansion, best =    6.1379061834091766E-004
 performing expansion, best =    6.1378920823452945E-004
 performing expansion, best =    6.1378830448990474E-004
 performing expansion, best =    6.1378633911287825E-004
 performing expansion, best =    6.1378453264051072E-004
 performing expansion, best =    6.1378344912114101E-004
 performing expansion, best =    6.1378083106560747E-004
 performing expansion, best =    6.1377898835609959E-004
 performing expansion, best =    6.1377639458640382E-004
 performing expansion, best =    6.1377362595810162E-004
 performing expansion, best =    6.1377346418988192E-004
 performing expansion, best =    6.1377322622178931E-004
 performing expansion, best =    6.1377192104310088E-004
 performing expansion, best =    6.1377012829707828E-004
 performing expansion, best =    6.1376859734677816E-004
 performing expansion, best =    6.1376731125055341E-004
 performing expansion, best =    6.1376689991867112E-004
 performing expansion, best =    6.1376673629764782E-004
 performing expansion, best =    6.1376606327075449E-004
 performing expansion, best =    6.1376459897134945E-004
 performing expansion, best =    6.1376426122961535E-004
 performing expansion, best =    6.1376393853877092E-004
 performing expansion, best =    6.1376388846467393E-004
 performing expansion, best =    6.1376380420081469E-004
 performing expansion, best =    6.1376290917797575E-004
 performing expansion, best =    6.1376172275064860E-004
 performing expansion, best =    6.1376134552407018E-004
 performing expansion, best =    6.1376028031545550E-004
 performing expansion, best =    6.1375984633755057E-004
 performing expansion, best =    6.1375872490485972E-004
 performing expansion, best =    6.1375797052863731E-004
 performing expansion, best =    6.1375708022630676E-004
 performing expansion, best =    6.1375695760253408E-004
 performing expansion, best =    6.1375665829074616E-004
 performing expansion, best =    6.1375580502134560E-004
 performing expansion, best =    6.1375561205551435E-004
 performing expansion, best =    6.1375493909055195E-004
 performing expansion, best =    6.1375485211414768E-004
 performing expansion, best =    6.1375479775177392E-004
 performing expansion, best =    6.1375445182730332E-004
 performing expansion, best =    6.1375405093645221E-004
 performing expansion, best =    6.1375377763638712E-004
 performing expansion, best =    6.1375375338805190E-004
 performing expansion, best =    6.1375339188508111E-004
 performing expansion, best =    6.1375320259800432E-004
 performing expansion, best =    6.1375258671022941E-004
 performing expansion, best =    6.1375252408736743E-004
 performing expansion, best =    6.1375239927429024E-004
 performing expansion, best =    6.1375233639902936E-004
 performing expansion, best =    6.1375218390417863E-004
 performing expansion, best =    6.1375212374796442E-004
 performing expansion, best =    6.1375184710018855E-004
 performing expansion, best =    6.1375184573562839E-004
 performing expansion, best =    6.1375172709178256E-004
 performing expansion, best =    6.1375159603013079E-004
 performing expansion, best =    6.1375154573889044E-004
 performing expansion, best =    6.1375130468873816E-004
 performing expansion, best =    6.1375127063303828E-004
 performing expansion, best =    6.1375115808243337E-004
 performing expansion, best =    6.1375097000843819E-004
 performing expansion, best =    6.1375086644752845E-004
 performing expansion, best =    6.1375070662003357E-004
 performing expansion, best =    6.1375054850309183E-004
 performing expansion, best =    6.1375034542909671E-004
 performing expansion, best =    6.1375026595292563E-004
 performing expansion, best =    6.1375024443668935E-004
 performing expansion, best =    6.1375019126017397E-004
 performing expansion, best =    6.1375012962269358E-004
 performing expansion, best =    6.1374998505226645E-004
 performing expansion, best =    6.1374992563707027E-004
 performing expansion, best =    6.1374988172255946E-004
 performing expansion, best =    6.1374985597374265E-004
 performing expansion, best =    6.1374977675698742E-004
 performing expansion, best =    6.1374974309358875E-004
 performing expansion, best =    6.1374972037026400E-004
 performing expansion, best =    6.1374971306645920E-004
 performing expansion, best =    6.1374968772847944E-004
 performing expansion, best =    6.1374967174943821E-004
 performing expansion, best =    6.1374963152738694E-004
 performing expansion, best =    6.1374960267905349E-004
 performing expansion, best =    6.1374959973194295E-004
 performing expansion, best =    6.1374955435278267E-004
 performing expansion, best =    6.1374955040046329E-004
 performing expansion, best =    6.1374945735212971E-004
 performing expansion, best =    6.1374934883793480E-004
 performing expansion, best =    6.1374922571825216E-004
 performing expansion, best =    6.1374910149966644E-004
 performing expansion, best =    6.1374897728880393E-004
 performing expansion, best =    6.1374887585624518E-004
 performing expansion, best =    6.1374879106910053E-004
 performing expansion, best =    6.1374872744410366E-004
 performing expansion, best =    6.1374862876672370E-004
 performing expansion, best =    6.1374855731982409E-004
 performing expansion, best =    6.1374847479230552E-004
 performing expansion, best =    6.1374836851876109E-004
 performing expansion, best =    6.1374829787281908E-004
 performing expansion, best =    6.1374828512346358E-004
 performing expansion, best =    6.1374819512213840E-004
 performing expansion, best =    6.1374817737734155E-004
 performing expansion, best =    6.1374815460364044E-004
 performing expansion, best =    6.1374813986978503E-004
 performing expansion, best =    6.1374813381213651E-004
 performing expansion, best =    6.1374812904434488E-004
 performing expansion, best =    6.1374812831732324E-004
 performing expansion, best =    6.1374812100616104E-004
 performing expansion, best =    6.1374811112830448E-004
 performing expansion, best =    6.1374809319346998E-004
 performing expansion, best =    6.1374808698974007E-004
 performing expansion, best =    6.1374808249711006E-004
 performing expansion, best =    6.1374807665629894E-004
 performing expansion, best =    6.1374807211056145E-004
 performing expansion, best =    6.1374805622570249E-004
 performing expansion, best =    6.1374805232462099E-004
 performing expansion, best =    6.1374804974476972E-004
 performing expansion, best =    6.1374804393450665E-004
 performing expansion, best =    6.1374803483135677E-004
 performing expansion, best =    6.1374803147515560E-004
 performing expansion, best =    6.1374802103449479E-004
 performing expansion, best =    6.1374802031204979E-004
 performing expansion, best =    6.1374801765588848E-004
 performing expansion, best =    6.1374801609550775E-004
 performing expansion, best =    6.1374801052752244E-004
 performing expansion, best =    6.1374800682473165E-004
 performing expansion, best =    6.1374798811056688E-004
 performing expansion, best =    6.1374797430316591E-004
 performing expansion, best =    6.1374795738164910E-004
 performing expansion, best =    6.1374793633307411E-004
 performing expansion, best =    6.1374792662553356E-004
 performing expansion, best =    6.1374791931157011E-004
 performing expansion, best =    6.1374791770615867E-004
 performing expansion, best =    6.1374791128110048E-004
 performing expansion, best =    6.1374790177251158E-004
 performing expansion, best =    6.1374789002358748E-004
 performing expansion, best =    6.1374788214938164E-004
 performing expansion, best =    6.1374787682198513E-004
 performing expansion, best =    6.1374787163066726E-004
 performing expansion, best =    6.1374786660903040E-004
 performing expansion, best =    6.1374786563366684E-004
 performing expansion, best =    6.1374786163593490E-004
 performing expansion, best =    6.1374785722175678E-004
 performing expansion, best =    6.1374785544174814E-004
 performing expansion, best =    6.1374785407999888E-004
 performing expansion, best =    6.1374784936430512E-004
 performing expansion, best =    6.1374784735858954E-004
 performing expansion, best =    6.1374784573805976E-004
 performing expansion, best =    6.1374784454343680E-004
 performing expansion, best =    6.1374784321258460E-004
 performing expansion, best =    6.1374784205772681E-004
 performing expansion, best =    6.1374784176871830E-004
 performing expansion, best =    6.1374784083882716E-004
 performing expansion, best =    6.1374783831112710E-004
 performing expansion, best =    6.1374783773419093E-004
 performing expansion, best =    6.1374783732442094E-004
 performing expansion, best =    6.1374783717130384E-004
 performing expansion, best =    6.1374783616589541E-004
 performing expansion, best =    6.1374783558017958E-004
 performing expansion, best =    6.1374783433675896E-004
 performing expansion, best =    6.1374783408371994E-004
 performing expansion, best =    6.1374783403655975E-004
 performing expansion, best =    6.1374783402405641E-004
 performing expansion, best =    6.1374783375668510E-004
 performing expansion, best =    6.1374783307027909E-004
 performing expansion, best =    6.1374783215904793E-004
 performing expansion, best =    6.1374783195812077E-004
 performing expansion, best =    6.1374783133915343E-004
 performing expansion, best =    6.1374783050240512E-004
 performing expansion, best =    6.1374783029888096E-004
 performing expansion, best =    6.1374783017903835E-004
 performing expansion, best =    6.1374782995220548E-004
 performing expansion, best =    6.1374782964625848E-004
 performing expansion, best =    6.1374782919571089E-004
 performing expansion, best =    6.1374782913633358E-004
 performing expansion, best =    6.1374782857289269E-004
 performing expansion, best =    6.1374782817657104E-004
 performing expansion, best =    6.1374782734862623E-004
 performing expansion, best =    6.1374782684468559E-004
 performing expansion, best =    6.1374782638460267E-004
 performing expansion, best =    6.1374782584370992E-004
 performing expansion, best =    6.1374782503486258E-004
 performing expansion, best =    6.1374782402438116E-004
 performing expansion, best =    6.1374782272524914E-004
 performing expansion, best =    6.1374782159869749E-004
 performing expansion, best =    6.1374782066898892E-004
 performing expansion, best =    6.1374782027254248E-004
 performing expansion, best =    6.1374781936605470E-004
 performing expansion, best =    6.1374781929049872E-004
 performing expansion, best =    6.1374781853420406E-004
 performing expansion, best =    6.1374781666832324E-004
 performing expansion, best =    6.1374781570588499E-004
 performing expansion, best =    6.1374781487061488E-004
 performing expansion, best =    6.1374781478482239E-004
 performing expansion, best =    6.1374781346790089E-004
 performing expansion, best =    6.1374781256197733E-004
 performing expansion, best =    6.1374781094872559E-004
 performing expansion, best =    6.1374781009691619E-004
 performing expansion, best =    6.1374780839139581E-004
 performing expansion, best =    6.1374780584529131E-004
 performing expansion, best =    6.1374780492016122E-004
 performing expansion, best =    6.1374780448414661E-004
 performing expansion, best =    6.1374780399535943E-004
 performing expansion, best =    6.1374780392118103E-004
 performing expansion, best =    6.1374780324624208E-004
 performing expansion, best =    6.1374780169828988E-004
 performing expansion, best =    6.1374779977640753E-004
 performing expansion, best =    6.1374779779752530E-004
 performing expansion, best =    6.1374779693997960E-004
 performing expansion, best =    6.1374779546396010E-004
 performing expansion, best =    6.1374779335406895E-004
 performing expansion, best =    6.1374779253741492E-004
 performing expansion, best =    6.1374779064274755E-004
 performing expansion, best =    6.1374778867128127E-004
 performing expansion, best =    6.1374778656199868E-004
 performing expansion, best =    6.1374778506161488E-004
 performing expansion, best =    6.1374778272666906E-004
 performing expansion, best =    6.1374778267852344E-004
 performing expansion, best =    6.1374778251169519E-004
 performing expansion, best =    6.1374778212301099E-004
 performing expansion, best =    6.1374778099623653E-004
 performing expansion, best =    6.1374777914642597E-004
 performing expansion, best =    6.1374777823467136E-004
 performing expansion, best =    6.1374777792105504E-004
 performing expansion, best =    6.1374777654120373E-004
 performing expansion, best =    6.1374777584152144E-004
 performing expansion, best =    6.1374777576337670E-004
 performing expansion, best =    6.1374777496206077E-004
 performing expansion, best =    6.1374777347201559E-004
 performing expansion, best =    6.1374777290548873E-004
 performing expansion, best =    6.1374777282679626E-004
 performing expansion, best =    6.1374777279740072E-004
 performing expansion, best =    6.1374777191288115E-004
 performing expansion, best =    6.1374777164764378E-004
 performing expansion, best =    6.1374777143913750E-004
 performing expansion, best =    6.1374777062190775E-004
 performing expansion, best =    6.1374777047829899E-004
 performing expansion, best =    6.1374776924758262E-004
 performing expansion, best =    6.1374776777663176E-004
 performing expansion, best =    6.1374776756396106E-004
 performing expansion, best =    6.1374776712757077E-004
 performing expansion, best =    6.1374776695464757E-004
 performing expansion, best =    6.1374776668811869E-004
 performing expansion, best =    6.1374776561150821E-004
 performing expansion, best =    6.1374776487019972E-004
 performing expansion, best =    6.1374776405788455E-004
 performing expansion, best =    6.1374776404720592E-004
 performing expansion, best =    6.1374776352090220E-004
 performing expansion, best =    6.1374776310734651E-004
 performing expansion, best =    6.1374776251143463E-004
 performing expansion, best =    6.1374776180038438E-004
 performing expansion, best =    6.1374776167427204E-004
 performing expansion, best =    6.1374776077904153E-004
 performing expansion, best =    6.1374776039332837E-004
 performing expansion, best =    6.1374776007765478E-004
 performing expansion, best =    6.1374775972082194E-004
 performing expansion, best =    6.1374775897588810E-004
 performing expansion, best =    6.1374775884207749E-004
 performing expansion, best =    6.1374775866963568E-004
 performing expansion, best =    6.1374775809877656E-004
 performing expansion, best =    6.1374775743686604E-004
 performing expansion, best =    6.1374775658973942E-004
 performing expansion, best =    6.1374775568786590E-004
 performing expansion, best =    6.1374775535339159E-004
 performing expansion, best =    6.1374775442641998E-004
 performing expansion, best =    6.1374775425853680E-004
 performing expansion, best =    6.1374775379364425E-004
 performing expansion, best =    6.1374775264169375E-004
 performing expansion, best =    6.1374775172093245E-004
 performing expansion, best =    6.1374775009319024E-004
 performing expansion, best =    6.1374774931831995E-004
 performing expansion, best =    6.1374774835880775E-004
 performing expansion, best =    6.1374774760949795E-004
 performing expansion, best =    6.1374774594624400E-004
 performing expansion, best =    6.1374774591035398E-004
 performing expansion, best =    6.1374774528859906E-004
 performing expansion, best =    6.1374774424709070E-004
 performing expansion, best =    6.1374774286928637E-004
 performing expansion, best =    6.1374774105873281E-004
 performing expansion, best =    6.1374774048347845E-004
 performing expansion, best =    6.1374773988033071E-004
 performing expansion, best =    6.1374773771496517E-004
 performing expansion, best =    6.1374773464421427E-004
 performing expansion, best =    6.1374773214056691E-004
 performing expansion, best =    6.1374773097176943E-004
 performing expansion, best =    6.1374773082004802E-004
 performing expansion, best =    6.1374772875077651E-004
 performing expansion, best =    6.1374772665370031E-004
 performing expansion, best =    6.1374772535242883E-004
 performing expansion, best =    6.1374772297397549E-004
 performing expansion, best =    6.1374771974894912E-004
 performing expansion, best =    6.1374771717526415E-004
 performing expansion, best =    6.1374771345693176E-004
 performing expansion, best =    6.1374770833639203E-004
 performing expansion, best =    6.1374770290542559E-004
 performing expansion, best =    6.1374769966109674E-004
 performing expansion, best =    6.1374769270207017E-004
 performing expansion, best =    6.1374768388620243E-004
 performing expansion, best =    6.1374767689080794E-004
 performing expansion, best =    6.1374766852145617E-004
 performing expansion, best =    6.1374765809355295E-004
 performing expansion, best =    6.1374764779938238E-004
 performing expansion, best =    6.1374763254760424E-004
 performing expansion, best =    6.1374761930933926E-004
 performing expansion, best =    6.1374760548761371E-004
 performing expansion, best =    6.1374758873330559E-004
 performing expansion, best =    6.1374757223883313E-004
 performing expansion, best =    6.1374754997331634E-004
 performing expansion, best =    6.1374752639676395E-004
 performing expansion, best =    6.1374750020218858E-004
 performing expansion, best =    6.1374748280012160E-004
 performing expansion, best =    6.1374745856609665E-004
 performing expansion, best =    6.1374743009518916E-004
 performing expansion, best =    6.1374739433114596E-004
 performing expansion, best =    6.1374735363867194E-004
 performing expansion, best =    6.1374731349605278E-004
 performing expansion, best =    6.1374727985769983E-004
 performing expansion, best =    6.1374724001031175E-004
 performing expansion, best =    6.1374718903605568E-004
 performing expansion, best =    6.1374712779612231E-004
 performing expansion, best =    6.1374708196532991E-004
 performing expansion, best =    6.1374703028745786E-004
 performing expansion, best =    6.1374700363610031E-004
 performing expansion, best =    6.1374695251892211E-004
 performing expansion, best =    6.1374690007565829E-004
 performing expansion, best =    6.1374684095705028E-004
 performing expansion, best =    6.1374678586283377E-004
 performing expansion, best =    6.1374674194458420E-004
 performing expansion, best =    6.1374666750116434E-004
 performing expansion, best =    6.1374658047353542E-004
 performing expansion, best =    6.1374650792947124E-004
 performing expansion, best =    6.1374644702438905E-004
 performing expansion, best =    6.1374634854505542E-004
 performing expansion, best =    6.1374626116175767E-004
 performing expansion, best =    6.1374616558492747E-004
 performing expansion, best =    6.1374608764061338E-004
 performing expansion, best =    6.1374600959525924E-004
 performing expansion, best =    6.1374589841445347E-004
 performing expansion, best =    6.1374581428093539E-004
 performing expansion, best =    6.1374576642652767E-004
 performing expansion, best =    6.1374573419405002E-004
 performing expansion, best =    6.1374570489815272E-004
 performing expansion, best =    6.1374566059037695E-004
 performing expansion, best =    6.1374561476364880E-004
 performing expansion, best =    6.1374556640993085E-004
 performing expansion, best =    6.1374554988132717E-004
 performing expansion, best =    6.1374554696608154E-004
 performing expansion, best =    6.1374553970795114E-004
 performing expansion, best =    6.1374553101381458E-004
 performing expansion, best =    6.1374552733417618E-004
 performing expansion, best =    6.1374551055672283E-004
 performing expansion, best =    6.1374547846055618E-004
 performing expansion, best =    6.1374546606464105E-004
 performing expansion, best =    6.1374545711140750E-004
 performing expansion, best =    6.1374544978760068E-004
 performing expansion, best =    6.1374543665692510E-004
 performing expansion, best =    6.1374543320553933E-004
 performing expansion, best =    6.1374542903769964E-004
 performing expansion, best =    6.1374541273132705E-004
 performing expansion, best =    6.1374541142226525E-004
 performing expansion, best =    6.1374540244937088E-004
 performing expansion, best =    6.1374539723422182E-004
 performing expansion, best =    6.1374538653933934E-004
 performing expansion, best =    6.1374538339306834E-004
 performing expansion, best =    6.1374538022424441E-004
 performing expansion, best =    6.1374536228879051E-004
 performing expansion, best =    6.1374534673265231E-004
 performing expansion, best =    6.1374533620082398E-004
 performing expansion, best =    6.1374532842358007E-004
 performing expansion, best =    6.1374531965598849E-004
 performing expansion, best =    6.1374531413410953E-004
 performing expansion, best =    6.1374530817118883E-004
 performing expansion, best =    6.1374529440449586E-004
 performing expansion, best =    6.1374526992292273E-004
 performing expansion, best =    6.1374525335610537E-004
 performing expansion, best =    6.1374524909293981E-004
 performing expansion, best =    6.1374523033896834E-004
 performing expansion, best =    6.1374521161964039E-004
 performing expansion, best =    6.1374520251189903E-004
 performing expansion, best =    6.1374517981405456E-004
 performing expansion, best =    6.1374517490676459E-004
 performing expansion, best =    6.1374516911090503E-004
 performing expansion, best =    6.1374516874364163E-004
 performing expansion, best =    6.1374516616537157E-004
 performing expansion, best =    6.1374516486992193E-004
 performing expansion, best =    6.1374515658904367E-004
 performing expansion, best =    6.1374515345656772E-004
 performing expansion, best =    6.1374514411490953E-004
 performing expansion, best =    6.1374514193801675E-004
 performing expansion, best =    6.1374513753383335E-004
 performing expansion, best =    6.1374512627325190E-004
 performing expansion, best =    6.1374512159036274E-004
 performing expansion, best =    6.1374511458970531E-004
 performing expansion, best =    6.1374510940742850E-004
 performing expansion, best =    6.1374510801107032E-004
 performing expansion, best =    6.1374510785534733E-004
 performing expansion, best =    6.1374510731405723E-004
 performing expansion, best =    6.1374510389712903E-004
 performing expansion, best =    6.1374509844608631E-004
 performing expansion, best =    6.1374509773140615E-004
 performing expansion, best =    6.1374509517394128E-004
 performing expansion, best =    6.1374509075850722E-004
 performing expansion, best =    6.1374509066612160E-004
 performing expansion, best =    6.1374508954525778E-004
 performing expansion, best =    6.1374508932410829E-004
 performing expansion, best =    6.1374508795401848E-004
 performing expansion, best =    6.1374508791922069E-004
 performing expansion, best =    6.1374508558248637E-004
 performing expansion, best =    6.1374508449465310E-004
 performing expansion, best =    6.1374508157315834E-004
 performing expansion, best =    6.1374508038442585E-004
 performing expansion, best =    6.1374507902785594E-004
 performing expansion, best =    6.1374507890858676E-004
 performing expansion, best =    6.1374507595326783E-004
 performing expansion, best =    6.1374507527590905E-004
 performing expansion, best =    6.1374507443821445E-004
 performing expansion, best =    6.1374507346023362E-004
 performing expansion, best =    6.1374507213685905E-004
 performing expansion, best =    6.1374506948074837E-004
 performing expansion, best =    6.1374506673483170E-004
 performing expansion, best =    6.1374506648690730E-004
 performing expansion, best =    6.1374506032311181E-004
 performing expansion, best =    6.1374505739928992E-004
 performing expansion, best =    6.1374505710713127E-004
 performing expansion, best =    6.1374505573579354E-004
 performing expansion, best =    6.1374505396330416E-004
 performing expansion, best =    6.1374505217405291E-004
 performing expansion, best =    6.1374505166275455E-004
 performing expansion, best =    6.1374505028881994E-004
 performing expansion, best =    6.1374504860450623E-004
 performing expansion, best =    6.1374504567309200E-004
 performing expansion, best =    6.1374504467239270E-004
 performing expansion, best =    6.1374504359666931E-004
 performing expansion, best =    6.1374504300933271E-004
 performing expansion, best =    6.1374503876827349E-004
 performing expansion, best =    6.1374503082025353E-004
 performing expansion, best =    6.1374502709909344E-004
 performing expansion, best =    6.1374502515882637E-004
 performing expansion, best =    6.1374502400016022E-004
 performing expansion, best =    6.1374502150398670E-004
 performing expansion, best =    6.1374501981250554E-004
 performing expansion, best =    6.1374501824167690E-004
 performing expansion, best =    6.1374501750440327E-004
 performing expansion, best =    6.1374501595392954E-004
 performing expansion, best =    6.1374501079459825E-004
 performing expansion, best =    6.1374500675299157E-004
 performing expansion, best =    6.1374500384752881E-004
 performing expansion, best =    6.1374500177160615E-004
 performing expansion, best =    6.1374499702208615E-004
 performing expansion, best =    6.1374498975093187E-004
 performing expansion, best =    6.1374498792591387E-004
 performing expansion, best =    6.1374498388618167E-004
 performing expansion, best =    6.1374497697323186E-004
 performing expansion, best =    6.1374497207442133E-004
 performing expansion, best =    6.1374496912441098E-004
 performing expansion, best =    6.1374496794271800E-004
 performing expansion, best =    6.1374496342048233E-004
 performing expansion, best =    6.1374495870310101E-004
 performing expansion, best =    6.1374494817468053E-004
 performing expansion, best =    6.1374493980528931E-004
 performing expansion, best =    6.1374493971900546E-004
 performing expansion, best =    6.1374493101137384E-004
 performing expansion, best =    6.1374491864922001E-004
 performing expansion, best =    6.1374490752496289E-004
 performing expansion, best =    6.1374489165518800E-004
 performing expansion, best =    6.1374488191276910E-004
 performing expansion, best =    6.1374487167394878E-004
 performing expansion, best =    6.1374486428858845E-004
 performing expansion, best =    6.1374485661092764E-004
 performing expansion, best =    6.1374483419122234E-004
 performing expansion, best =    6.1374480550027406E-004
 performing expansion, best =    6.1374477856788599E-004
 performing expansion, best =    6.1374477299609861E-004
 performing expansion, best =    6.1374475666002765E-004
 performing expansion, best =    6.1374471826221506E-004
 performing expansion, best =    6.1374467223759724E-004
 performing expansion, best =    6.1374464137592052E-004
 performing expansion, best =    6.1374460906784742E-004
 performing expansion, best =    6.1374455782134592E-004
 performing expansion, best =    6.1374451193950321E-004
 performing expansion, best =    6.1374446689196665E-004
 performing expansion, best =    6.1374442033333048E-004
 performing expansion, best =    6.1374437678820431E-004
 performing expansion, best =    6.1374432174645169E-004
 performing expansion, best =    6.1374428417987857E-004
 performing expansion, best =    6.1374422074951583E-004
 performing expansion, best =    6.1374410002529799E-004
 performing expansion, best =    6.1374399390132337E-004
 performing expansion, best =    6.1374385831089277E-004
 performing expansion, best =    6.1374382346006742E-004
 performing expansion, best =    6.1374381267313195E-004
 performing expansion, best =    6.1374370972838742E-004
 performing expansion, best =    6.1374370652591734E-004
 performing expansion, best =    6.1374367636058921E-004
 performing expansion, best =    6.1374367390424820E-004
 performing expansion, best =    6.1374361952091670E-004
 performing expansion, best =    6.1374358506150210E-004
 performing expansion, best =    6.1374356651377571E-004
 performing expansion, best =    6.1374355210488474E-004
 performing expansion, best =    6.1374345282381678E-004
 performing expansion, best =    6.1374338212440030E-004
 performing expansion, best =    6.1374337088933241E-004
 performing expansion, best =    6.1374336221302437E-004
 performing expansion, best =    6.1374332153764843E-004
 performing expansion, best =    6.1374331159777334E-004
 performing expansion, best =    6.1374329523818246E-004
 performing expansion, best =    6.1374328247576796E-004
 performing expansion, best =    6.1374326210164641E-004
 performing expansion, best =    6.1374325874022720E-004
 performing expansion, best =    6.1374324848250425E-004
 performing expansion, best =    6.1374324616268370E-004
 performing expansion, best =    6.1374324365665034E-004
 performing expansion, best =    6.1374323814827024E-004
 performing expansion, best =    6.1374323717572018E-004
 performing expansion, best =    6.1374323613495353E-004
 performing expansion, best =    6.1374323203974889E-004
 performing expansion, best =    6.1374321914490148E-004
 performing expansion, best =    6.1374321837324205E-004
 performing expansion, best =    6.1374321353950252E-004
 performing expansion, best =    6.1374321088987190E-004
 performing expansion, best =    6.1374320992947152E-004
 performing expansion, best =    6.1374320773167738E-004
 performing expansion, best =    6.1374320735980319E-004
 performing expansion, best =    6.1374320710282158E-004
 performing expansion, best =    6.1374320486518800E-004
 performing expansion, best =    6.1374320190188034E-004
 performing expansion, best =    6.1374319256502950E-004
 performing expansion, best =    6.1374319033680527E-004
 performing expansion, best =    6.1374318890120916E-004
 performing expansion, best =    6.1374318702605397E-004
 performing expansion, best =    6.1374318700571119E-004
 performing expansion, best =    6.1374318584682581E-004
 performing expansion, best =    6.1374318513998725E-004
 performing expansion, best =    6.1374318455663542E-004
 performing expansion, best =    6.1374318440214138E-004
 performing expansion, best =    6.1374318198722296E-004
 performing expansion, best =    6.1374318157304602E-004
 performing expansion, best =    6.1374318134506205E-004
 performing expansion, best =    6.1374318007726368E-004
 performing expansion, best =    6.1374317965209098E-004
 performing expansion, best =    6.1374317901890108E-004
 performing expansion, best =    6.1374317688947142E-004
 performing expansion, best =    6.1374317295340912E-004
 performing expansion, best =    6.1374317086373151E-004
 performing expansion, best =    6.1374317020794576E-004
 performing expansion, best =    6.1374316989714500E-004
 performing expansion, best =    6.1374316910303229E-004
 performing expansion, best =    6.1374316899605753E-004
 performing expansion, best =    6.1374316830171223E-004
 performing expansion, best =    6.1374316789061399E-004
 performing expansion, best =    6.1374316731210865E-004
 performing expansion, best =    6.1374316676536772E-004
 performing expansion, best =    6.1374316632799080E-004
 performing expansion, best =    6.1374316598186978E-004
 performing expansion, best =    6.1374316558872072E-004
 performing expansion, best =    6.1374316498298824E-004
 performing expansion, best =    6.1374316485212222E-004
 performing expansion, best =    6.1374316472721064E-004
 performing expansion, best =    6.1374316441161229E-004
 performing expansion, best =    6.1374316440649659E-004
 performing expansion, best =    6.1374316440543819E-004
 performing expansion, best =    6.1374316345856714E-004
 performing expansion, best =    6.1374316343161387E-004
 performing expansion, best =    6.1374316238726697E-004
 performing expansion, best =    6.1374316139596423E-004
 performing expansion, best =    6.1374316116080067E-004
 performing expansion, best =    6.1374316115457898E-004
 performing expansion, best =    6.1374316085705113E-004
 performing expansion, best =    6.1374316037513834E-004
 performing expansion, best =    6.1374315990889139E-004
 performing expansion, best =    6.1374315957319649E-004
 performing expansion, best =    6.1374315943958744E-004
 performing expansion, best =    6.1374315930148567E-004
 performing expansion, best =    6.1374315833378243E-004
 performing expansion, best =    6.1374315677708820E-004
 performing expansion, best =    6.1374315498834251E-004
 performing expansion, best =    6.1374315279476917E-004
 performing expansion, best =    6.1374315152423916E-004
 performing expansion, best =    6.1374314863150894E-004
 performing expansion, best =    6.1374314638100002E-004
 performing expansion, best =    6.1374314394451194E-004
 performing expansion, best =    6.1374314351971904E-004
 performing expansion, best =    6.1374314081723269E-004
 performing expansion, best =    6.1374313825840725E-004
 performing expansion, best =    6.1374313648773088E-004
 performing expansion, best =    6.1374313438030271E-004
 performing expansion, best =    6.1374313251642452E-004
 performing expansion, best =    6.1374312992768052E-004
 performing expansion, best =    6.1374312765722662E-004
 performing expansion, best =    6.1374312727973399E-004
 performing expansion, best =    6.1374312401694887E-004
 performing expansion, best =    6.1374312185332618E-004
 performing expansion, best =    6.1374312017344480E-004
 performing expansion, best =    6.1374311672741347E-004
 performing expansion, best =    6.1374311368224573E-004
 performing expansion, best =    6.1374310987520326E-004
 performing expansion, best =    6.1374310575076593E-004
 performing expansion, best =    6.1374310381157038E-004
 performing expansion, best =    6.1374310105592343E-004
 performing expansion, best =    6.1374309651056477E-004
 performing expansion, best =    6.1374309160074092E-004
Exiting simplex optimization after 10001 iterations
RMSE         6.137430888E-04 Hartree
NEW BEST!
Best found solution for 7 charges:
        RMSE         3.851293119E-01 kcal/mol
         MAE         2.218782270E-01 kcal/mol
     max. AE         2.826424143E+00 kcal/mol

       x[bohr]       y[bohr]       z[bohr]          q[e]
    -0.0013911     0.4766972    -0.8199590    -0.2980976
     0.0199078     0.4767569     0.8644596    -0.2703002
     1.5955305    -0.8840619    -0.6297360    -0.3522099
     1.5576696    -0.8704143    -0.3171332     0.7134765
    -0.8049748    -0.7630097     0.4008598    -0.4219175
    -0.8200521    -0.8284747    -0.4388894    -0.3709513
    -1.1890343    -0.8197103    -0.0000073     1.0000000

