Running in fitting mode

Reading "/data/boittier/energies/h2o_geom.xyz.dir/h2o_1.chk.fchk.potential.cube"...

  h2o Potential=SCF
  Electrostatic potential from Total SCF Density
    3   -4.970736   -4.748413   -4.970736
   80    0.125841    0.000000    0.000000
   80    0.000000    0.125841    0.000000
   80    0.000000    0.000000    0.125841
    8    8.000000    0.000000    0.222323    0.000000
    1    1.000000    1.427171   -0.896400    0.000000
    1    1.000000   -1.427171   -0.882184    0.000000
  1.66698E-02  1.67288E-02  1.67584E-02  1.67584E-02  1.67288E-02  1.66698E-02
       .            .            .            .            .            .
       .            .            .            .            .            .
       .            .            .            .            .            .
 -9.18626E-03 -9.18159E-03 -9.17225E-03 -9.15823E-03 -9.13952E-03 -9.11609E-03

338246 out of 512000 gridpoints are considered ( 66.1%).

...done!




 Refining solution from file/home/boittier/MDCM-1/examples/water/4-fit-frags/frag1/fit1/9charges.xyz
 Contains      9 charges
      Initial RMSE =         3.685812280E-01 kcal/mol
Running DE in parallel with 4 thread(s)!


User requested refinement using simplex algorithm (no DE)

 performing expansion, best =    5.8737149770503295E-004
 performing expansion, best =    5.8736987609044489E-004
 performing expansion, best =    5.8736923523035507E-004
 performing expansion, best =    5.8736873039206769E-004
 performing expansion, best =    5.8736850015340025E-004
 performing expansion, best =    5.8736849813826155E-004
 performing expansion, best =    5.8736843579226892E-004
 performing expansion, best =    5.8736802532483121E-004
 performing expansion, best =    5.8736791574295270E-004
 performing expansion, best =    5.8736764376939195E-004
 performing expansion, best =    5.8736743428313245E-004
 performing expansion, best =    5.8736719978884789E-004
 performing expansion, best =    5.8736661707297255E-004
 performing expansion, best =    5.8736635053791421E-004
 performing expansion, best =    5.8736584475984580E-004
 performing expansion, best =    5.8736515104248056E-004
 performing expansion, best =    5.8736456921848024E-004
 performing expansion, best =    5.8736439799359494E-004
 performing expansion, best =    5.8736387389232226E-004
 performing expansion, best =    5.8736338503043899E-004
 performing expansion, best =    5.8736316661000773E-004
 performing expansion, best =    5.8736271384385156E-004
 performing expansion, best =    5.8736180216833881E-004
 performing expansion, best =    5.8736129528815710E-004
 performing expansion, best =    5.8736083286915091E-004
 performing expansion, best =    5.8736060469578020E-004
 performing expansion, best =    5.8736035968634298E-004
 performing expansion, best =    5.8736008767833994E-004
 performing expansion, best =    5.8736002805578392E-004
 performing expansion, best =    5.8735974249129921E-004
 performing expansion, best =    5.8735911081049432E-004
 performing expansion, best =    5.8735890851070195E-004
 performing expansion, best =    5.8735871607720389E-004
 performing expansion, best =    5.8735809976737151E-004
 performing expansion, best =    5.8735793632239131E-004
 performing expansion, best =    5.8735769203916214E-004
 performing expansion, best =    5.8735764688689469E-004
 performing expansion, best =    5.8735681638775138E-004
 performing expansion, best =    5.8735669509513394E-004
 performing expansion, best =    5.8735576258165734E-004
 performing expansion, best =    5.8735570733695790E-004
 performing expansion, best =    5.8735526606463421E-004
 performing expansion, best =    5.8735498876998158E-004
 performing expansion, best =    5.8735494790607026E-004
 performing expansion, best =    5.8735480202495795E-004
 performing expansion, best =    5.8735440735183716E-004
 performing expansion, best =    5.8735429910730999E-004
 performing expansion, best =    5.8735419726947138E-004
 performing expansion, best =    5.8735418350046331E-004
 performing expansion, best =    5.8735362782017366E-004
 performing expansion, best =    5.8735345875766932E-004
 performing expansion, best =    5.8735341146511977E-004
 performing expansion, best =    5.8735339811470005E-004
 performing expansion, best =    5.8735328276697172E-004
 performing expansion, best =    5.8735319516814151E-004
 performing expansion, best =    5.8735312047346463E-004
 performing expansion, best =    5.8735305342567088E-004
 performing expansion, best =    5.8735274615262197E-004
 performing expansion, best =    5.8735262464400413E-004
 performing expansion, best =    5.8735217363605787E-004
 performing expansion, best =    5.8735200019522987E-004
 performing expansion, best =    5.8735156572498439E-004
 performing expansion, best =    5.8735090238133615E-004
 performing expansion, best =    5.8735050705252805E-004
 performing expansion, best =    5.8735049315647176E-004
 performing expansion, best =    5.8735044256768285E-004
 performing expansion, best =    5.8735032936841464E-004
 performing expansion, best =    5.8735008368492004E-004
 performing expansion, best =    5.8734966435912872E-004
 performing expansion, best =    5.8734962770979184E-004
 performing expansion, best =    5.8734949269716348E-004
 performing expansion, best =    5.8734940658123139E-004
 performing expansion, best =    5.8734934725703891E-004
 performing expansion, best =    5.8734893312216397E-004
 performing expansion, best =    5.8734890155567377E-004
 performing expansion, best =    5.8734887260689561E-004
 performing expansion, best =    5.8734871535935206E-004
 performing expansion, best =    5.8734866574523229E-004
 performing expansion, best =    5.8734849340913171E-004
 performing expansion, best =    5.8734835210718836E-004
 performing expansion, best =    5.8734813326489750E-004
 performing expansion, best =    5.8734800921859791E-004
 performing expansion, best =    5.8734792646268196E-004
 performing expansion, best =    5.8734758655859727E-004
 performing expansion, best =    5.8734744020402991E-004
 performing expansion, best =    5.8734726150582383E-004
 performing expansion, best =    5.8734718514148526E-004
 performing expansion, best =    5.8734703040531650E-004
 performing expansion, best =    5.8734690540194828E-004
 performing expansion, best =    5.8734689928231114E-004
 performing expansion, best =    5.8734671377652984E-004
 performing expansion, best =    5.8734657408544290E-004
 performing expansion, best =    5.8734656159617287E-004
 performing expansion, best =    5.8734623407273644E-004
 performing expansion, best =    5.8734616327313653E-004
 performing expansion, best =    5.8734611081556070E-004
 performing expansion, best =    5.8734582904875030E-004
 performing expansion, best =    5.8734578958098672E-004
 performing expansion, best =    5.8734576026191329E-004
 performing expansion, best =    5.8734565242249761E-004
 performing expansion, best =    5.8734550301687150E-004
 performing expansion, best =    5.8734540695838601E-004
 performing expansion, best =    5.8734530474542591E-004
 performing expansion, best =    5.8734519660690564E-004
 performing expansion, best =    5.8734512053905061E-004
 performing expansion, best =    5.8734510887737204E-004
 performing expansion, best =    5.8734496532430406E-004
 performing expansion, best =    5.8734494940098866E-004
 performing expansion, best =    5.8734483336983262E-004
 performing expansion, best =    5.8734462014803270E-004
 performing expansion, best =    5.8734445516648583E-004
 performing expansion, best =    5.8734426288641951E-004
 performing expansion, best =    5.8734401460629215E-004
 performing expansion, best =    5.8734371470857796E-004
 performing expansion, best =    5.8734345592562846E-004
 performing expansion, best =    5.8734320917283687E-004
 performing expansion, best =    5.8734290389197768E-004
 performing expansion, best =    5.8734259134647811E-004
 performing expansion, best =    5.8734210886294896E-004
 performing expansion, best =    5.8734201888392624E-004
 performing expansion, best =    5.8734159052267591E-004
 performing expansion, best =    5.8734157646267448E-004
 performing expansion, best =    5.8734122764794272E-004
 performing expansion, best =    5.8734083974047193E-004
 performing expansion, best =    5.8734031658953681E-004
 performing expansion, best =    5.8733973592179516E-004
 performing expansion, best =    5.8733959262100021E-004
 performing expansion, best =    5.8733913077483582E-004
 performing expansion, best =    5.8733858741380962E-004
 performing expansion, best =    5.8733805098789942E-004
 performing expansion, best =    5.8733802869000954E-004
 performing expansion, best =    5.8733746841712958E-004
 performing expansion, best =    5.8733689137594348E-004
 performing expansion, best =    5.8733620531097031E-004
 performing expansion, best =    5.8733530796076260E-004
 performing expansion, best =    5.8733462414119317E-004
 performing expansion, best =    5.8733401138682053E-004
 performing expansion, best =    5.8733335316069589E-004
 performing expansion, best =    5.8733242411992818E-004
 performing expansion, best =    5.8733145838124644E-004
 performing expansion, best =    5.8733048340094010E-004
 performing expansion, best =    5.8732968761017099E-004
 performing expansion, best =    5.8732875859041902E-004
 performing expansion, best =    5.8732793469201206E-004
 performing expansion, best =    5.8732701536330233E-004
 performing expansion, best =    5.8732629896179347E-004
 performing expansion, best =    5.8732572354558670E-004
 performing expansion, best =    5.8732472218370158E-004
 performing expansion, best =    5.8732400921630823E-004
 performing expansion, best =    5.8732324435623550E-004
 performing expansion, best =    5.8732265983888648E-004
 performing expansion, best =    5.8732228180237293E-004
 performing expansion, best =    5.8732149556566513E-004
 performing expansion, best =    5.8732108809327890E-004
 performing expansion, best =    5.8732044806907003E-004
 performing expansion, best =    5.8732015064296751E-004
 performing expansion, best =    5.8731974434719119E-004
 performing expansion, best =    5.8731900591626758E-004
 performing expansion, best =    5.8731796558666690E-004
 performing expansion, best =    5.8731763625924881E-004
 performing expansion, best =    5.8731740480776247E-004
 performing expansion, best =    5.8731701537578719E-004
 performing expansion, best =    5.8731651240123326E-004
 performing expansion, best =    5.8731576410249540E-004
 performing expansion, best =    5.8731554727761140E-004
 performing expansion, best =    5.8731534432509636E-004
 performing expansion, best =    5.8731489511294397E-004
 performing expansion, best =    5.8731440791418021E-004
 performing expansion, best =    5.8731359675197380E-004
 performing expansion, best =    5.8731356620373852E-004
 performing expansion, best =    5.8731323176000865E-004
 performing expansion, best =    5.8731289402296286E-004
 performing expansion, best =    5.8731272576249133E-004
 performing expansion, best =    5.8731245998180448E-004
 performing expansion, best =    5.8731242663826746E-004
 performing expansion, best =    5.8731230877758997E-004
 performing expansion, best =    5.8731229780960195E-004
 performing expansion, best =    5.8731217601890040E-004
 performing expansion, best =    5.8731170318118361E-004
 performing expansion, best =    5.8731163935609473E-004
 performing expansion, best =    5.8731130000928876E-004
 performing expansion, best =    5.8731123898491451E-004
 performing expansion, best =    5.8731123209282302E-004
 performing expansion, best =    5.8731119586681005E-004
 performing expansion, best =    5.8731115691349942E-004
 performing expansion, best =    5.8731093172380375E-004
 performing expansion, best =    5.8731060133495651E-004
 performing expansion, best =    5.8731058624233794E-004
 performing expansion, best =    5.8731022898886873E-004
 performing expansion, best =    5.8731016388636342E-004
 performing expansion, best =    5.8730976595201779E-004
 performing expansion, best =    5.8730944630975613E-004
 performing expansion, best =    5.8730915950983551E-004
 performing expansion, best =    5.8730906829385424E-004
 performing expansion, best =    5.8730904588397983E-004
 performing expansion, best =    5.8730901770942285E-004
 performing expansion, best =    5.8730869442526386E-004
 performing expansion, best =    5.8730823673385630E-004
 performing expansion, best =    5.8730823290307924E-004
 performing expansion, best =    5.8730816842902445E-004
 performing expansion, best =    5.8730810069482697E-004
 performing expansion, best =    5.8730782918545025E-004
 performing expansion, best =    5.8730779593773902E-004
 performing expansion, best =    5.8730775026420885E-004
 performing expansion, best =    5.8730773237356698E-004
 performing expansion, best =    5.8730766972798500E-004
 performing expansion, best =    5.8730761029121190E-004
 performing expansion, best =    5.8730749896269974E-004
 performing expansion, best =    5.8730746115920340E-004
 performing expansion, best =    5.8730740433567607E-004
 performing expansion, best =    5.8730738419284162E-004
 performing expansion, best =    5.8730736758961361E-004
 performing expansion, best =    5.8730733563440907E-004
 performing expansion, best =    5.8730730090806487E-004
 performing expansion, best =    5.8730719028707290E-004
 performing expansion, best =    5.8730718332392182E-004
 performing expansion, best =    5.8730718283373331E-004
 performing expansion, best =    5.8730714178904222E-004
 performing expansion, best =    5.8730711715493746E-004
 performing expansion, best =    5.8730711043305573E-004
 performing expansion, best =    5.8730710114436168E-004
 performing expansion, best =    5.8730706402977824E-004
 performing expansion, best =    5.8730705284883720E-004
 performing expansion, best =    5.8730697978268446E-004
 performing expansion, best =    5.8730696044082735E-004
 performing expansion, best =    5.8730684506681070E-004
 performing expansion, best =    5.8730664258384996E-004
 performing expansion, best =    5.8730641078686471E-004
 performing expansion, best =    5.8730617993450675E-004
 performing expansion, best =    5.8730617328645908E-004
 performing expansion, best =    5.8730610965727372E-004
 performing expansion, best =    5.8730590784064412E-004
 performing expansion, best =    5.8730565538368340E-004
 performing expansion, best =    5.8730559666674541E-004
 performing expansion, best =    5.8730557444538177E-004
 performing expansion, best =    5.8730542034734351E-004
 performing expansion, best =    5.8730522610478863E-004
 performing expansion, best =    5.8730491364778847E-004
 performing expansion, best =    5.8730465904895210E-004
 performing expansion, best =    5.8730439400095174E-004
 performing expansion, best =    5.8730409271458327E-004
 performing expansion, best =    5.8730379576840436E-004
 performing expansion, best =    5.8730376906951246E-004
 performing expansion, best =    5.8730349072011695E-004
 performing expansion, best =    5.8730347819695074E-004
 performing expansion, best =    5.8730316235587555E-004
 performing expansion, best =    5.8730274503057960E-004
 performing expansion, best =    5.8730226765882994E-004
 performing expansion, best =    5.8730188424104045E-004
 performing expansion, best =    5.8730188035212554E-004
 performing expansion, best =    5.8730155198948508E-004
 performing expansion, best =    5.8730119392261368E-004
 performing expansion, best =    5.8730077153359192E-004
 performing expansion, best =    5.8730024676525484E-004
 performing expansion, best =    5.8729991399919632E-004
 performing expansion, best =    5.8729949640725504E-004
 performing expansion, best =    5.8729885485426625E-004
 performing expansion, best =    5.8729824900637746E-004
 performing expansion, best =    5.8729761479043945E-004
 performing expansion, best =    5.8729683503596557E-004
 performing expansion, best =    5.8729628804005455E-004
 performing expansion, best =    5.8729577804330995E-004
 performing expansion, best =    5.8729511987929296E-004
 performing expansion, best =    5.8729458741887410E-004
 performing expansion, best =    5.8729390259729336E-004
 performing expansion, best =    5.8729386037706724E-004
 performing expansion, best =    5.8729303598887162E-004
 performing expansion, best =    5.8729223119554350E-004
 performing expansion, best =    5.8729160344467724E-004
 performing expansion, best =    5.8729085720475897E-004
 performing expansion, best =    5.8729002845576050E-004
 performing expansion, best =    5.8728923631834354E-004
 performing expansion, best =    5.8728845682382447E-004
 performing expansion, best =    5.8728795630630176E-004
 performing expansion, best =    5.8728738111241368E-004
 performing expansion, best =    5.8728675051708903E-004
 performing expansion, best =    5.8728613710559881E-004
 performing expansion, best =    5.8728541049201169E-004
 performing expansion, best =    5.8728474726424558E-004
 performing expansion, best =    5.8728449624997588E-004
 performing expansion, best =    5.8728408053980300E-004
 performing expansion, best =    5.8728330681439450E-004
 performing expansion, best =    5.8728325888703135E-004
 performing expansion, best =    5.8728298942004921E-004
 performing expansion, best =    5.8728264268946594E-004
 performing expansion, best =    5.8728263337244689E-004
 performing expansion, best =    5.8728228987337948E-004
 performing expansion, best =    5.8728196383525666E-004
 performing expansion, best =    5.8728180674280824E-004
 performing expansion, best =    5.8728175038820127E-004
 performing expansion, best =    5.8728175015438115E-004
 performing expansion, best =    5.8728172060781912E-004
 performing expansion, best =    5.8728164161782478E-004
 performing expansion, best =    5.8728151951886146E-004
 performing expansion, best =    5.8728140905297242E-004
 performing expansion, best =    5.8728139153452631E-004
 performing expansion, best =    5.8728137355611902E-004
 performing expansion, best =    5.8728134496470030E-004
 performing expansion, best =    5.8728133640326564E-004
 performing expansion, best =    5.8728132511842192E-004
 performing expansion, best =    5.8728132485792272E-004
 performing expansion, best =    5.8728130285317542E-004
 performing expansion, best =    5.8728129016420781E-004
 performing expansion, best =    5.8728128884121390E-004
 performing expansion, best =    5.8728128573316298E-004
 performing expansion, best =    5.8728126811368202E-004
 performing expansion, best =    5.8728126644504294E-004
 performing expansion, best =    5.8728125732463810E-004
 performing expansion, best =    5.8728125111668120E-004
 performing expansion, best =    5.8728123173426604E-004
 performing expansion, best =    5.8728120112796697E-004
 performing expansion, best =    5.8728117317622937E-004
 performing expansion, best =    5.8728113316559047E-004
 performing expansion, best =    5.8728111602984702E-004
 performing expansion, best =    5.8728106656058196E-004
 performing expansion, best =    5.8728101537741846E-004
 performing expansion, best =    5.8728101350941021E-004
 performing expansion, best =    5.8728097711897040E-004
 performing expansion, best =    5.8728093539150766E-004
 performing expansion, best =    5.8728089825517806E-004
 performing expansion, best =    5.8728082312951315E-004
 performing expansion, best =    5.8728073445914956E-004
 performing expansion, best =    5.8728064710060533E-004
 performing expansion, best =    5.8728056456847522E-004
 performing expansion, best =    5.8728045903483741E-004
 performing expansion, best =    5.8728044094347751E-004
 performing expansion, best =    5.8728034678778743E-004
 performing expansion, best =    5.8728024338731402E-004
 performing expansion, best =    5.8728012132887276E-004
 performing expansion, best =    5.8727998757274538E-004
 performing expansion, best =    5.8727987036618365E-004
 performing expansion, best =    5.8727973389503915E-004
 performing expansion, best =    5.8727959338975011E-004
 performing expansion, best =    5.8727943774984919E-004
 performing expansion, best =    5.8727926787267707E-004
 performing expansion, best =    5.8727905168557044E-004
 performing expansion, best =    5.8727888354110887E-004
 performing expansion, best =    5.8727870348703533E-004
 performing expansion, best =    5.8727847332830678E-004
 performing expansion, best =    5.8727844474104791E-004
 performing expansion, best =    5.8727820070994356E-004
 performing expansion, best =    5.8727799974872368E-004
 performing expansion, best =    5.8727775182489887E-004
 performing expansion, best =    5.8727752804750436E-004
 performing expansion, best =    5.8727720149254084E-004
 performing expansion, best =    5.8727720065946190E-004
 performing expansion, best =    5.8727704354732675E-004
 performing expansion, best =    5.8727679438779878E-004
 performing expansion, best =    5.8727660327814431E-004
 performing expansion, best =    5.8727631636337546E-004
 performing expansion, best =    5.8727630295458716E-004
 performing expansion, best =    5.8727611236170758E-004
 performing expansion, best =    5.8727592641560119E-004
 performing expansion, best =    5.8727565443420665E-004
 performing expansion, best =    5.8727540435591253E-004
 performing expansion, best =    5.8727514673736234E-004
 performing expansion, best =    5.8727490449743608E-004
 performing expansion, best =    5.8727467816084599E-004
 performing expansion, best =    5.8727434524067864E-004
 performing expansion, best =    5.8727412274321255E-004
 performing expansion, best =    5.8727385316236880E-004
 performing expansion, best =    5.8727356202499916E-004
 performing expansion, best =    5.8727336567813667E-004
 performing expansion, best =    5.8727309091039100E-004
 performing expansion, best =    5.8727282335892326E-004
 performing expansion, best =    5.8727267512631055E-004
 performing expansion, best =    5.8727249778777911E-004
 performing expansion, best =    5.8727214739915160E-004
 performing expansion, best =    5.8727207635592051E-004
 performing expansion, best =    5.8727200055484145E-004
 performing expansion, best =    5.8727190292435225E-004
 performing expansion, best =    5.8727172548127683E-004
 performing expansion, best =    5.8727161493873871E-004
 performing expansion, best =    5.8727126920818612E-004
 performing expansion, best =    5.8727088388674481E-004
 performing expansion, best =    5.8727072776288748E-004
 performing expansion, best =    5.8727046071110813E-004
 performing expansion, best =    5.8727013981575238E-004
 performing expansion, best =    5.8726989992425596E-004
 performing expansion, best =    5.8726970742725650E-004
 performing expansion, best =    5.8726926210917623E-004
 performing expansion, best =    5.8726868311010174E-004
 performing expansion, best =    5.8726856003057817E-004
 performing expansion, best =    5.8726827893665801E-004
 performing expansion, best =    5.8726827769847658E-004
 performing expansion, best =    5.8726780598994453E-004
 performing expansion, best =    5.8726765320283236E-004
 performing expansion, best =    5.8726705935024568E-004
 performing expansion, best =    5.8726699642025102E-004
 performing expansion, best =    5.8726645557747106E-004
 performing expansion, best =    5.8726627504655739E-004
 performing expansion, best =    5.8726557265328797E-004
 performing expansion, best =    5.8726492155429717E-004
 performing expansion, best =    5.8726457548017176E-004
 performing expansion, best =    5.8726425184980262E-004
 performing expansion, best =    5.8726327190528234E-004
 performing expansion, best =    5.8726250721364117E-004
 performing expansion, best =    5.8726168151514960E-004
 performing expansion, best =    5.8726066380413041E-004
 performing expansion, best =    5.8725970798879782E-004
 performing expansion, best =    5.8725876290296715E-004
 performing expansion, best =    5.8725752585079443E-004
 performing expansion, best =    5.8725621806731592E-004
 performing expansion, best =    5.8725560644199099E-004
 performing expansion, best =    5.8725457538874376E-004
 performing expansion, best =    5.8725331147723922E-004
 performing expansion, best =    5.8725212580769490E-004
 performing expansion, best =    5.8725157583477006E-004
 performing expansion, best =    5.8725098589021332E-004
 performing expansion, best =    5.8725061064784467E-004
 performing expansion, best =    5.8724979637502536E-004
 performing expansion, best =    5.8724914921421930E-004
 performing expansion, best =    5.8724865167947000E-004
 performing expansion, best =    5.8724802819074733E-004
 performing expansion, best =    5.8724754096918692E-004
 performing expansion, best =    5.8724737445308328E-004
 performing expansion, best =    5.8724653737633487E-004
 performing expansion, best =    5.8724615905746764E-004
 performing expansion, best =    5.8724608548457583E-004
 performing expansion, best =    5.8724598118561910E-004
 performing expansion, best =    5.8724546919159781E-004
 performing expansion, best =    5.8724532908856328E-004
 performing expansion, best =    5.8724514509596402E-004
 performing expansion, best =    5.8724489167232637E-004
 performing expansion, best =    5.8724443067596950E-004
 performing expansion, best =    5.8724410449859728E-004
 performing expansion, best =    5.8724361798053826E-004
 performing expansion, best =    5.8724351480177379E-004
 performing expansion, best =    5.8724331329668828E-004
 performing expansion, best =    5.8724321820478084E-004
 performing expansion, best =    5.8724314749688514E-004
 performing expansion, best =    5.8724309006933512E-004
 performing expansion, best =    5.8724307640347880E-004
 performing expansion, best =    5.8724302359419202E-004
 performing expansion, best =    5.8724295070201155E-004
 performing expansion, best =    5.8724286945493055E-004
 performing expansion, best =    5.8724285084282163E-004
 performing expansion, best =    5.8724282993908520E-004
 performing expansion, best =    5.8724274715062509E-004
 performing expansion, best =    5.8724268699913832E-004
 performing expansion, best =    5.8724264484690252E-004
 performing expansion, best =    5.8724264360247608E-004
 performing expansion, best =    5.8724263934834160E-004
 performing expansion, best =    5.8724249822141754E-004
 performing expansion, best =    5.8724244233781002E-004
 performing expansion, best =    5.8724243827282610E-004
 performing expansion, best =    5.8724240790710000E-004
 performing expansion, best =    5.8724240084213864E-004
 performing expansion, best =    5.8724239093563627E-004
 performing expansion, best =    5.8724232588399001E-004
 performing expansion, best =    5.8724232079596528E-004
 performing expansion, best =    5.8724227317946231E-004
 performing expansion, best =    5.8724226684604914E-004
 performing expansion, best =    5.8724225518387845E-004
 performing expansion, best =    5.8724223142890206E-004
 performing expansion, best =    5.8724218046552715E-004
 performing expansion, best =    5.8724216238500591E-004
 performing expansion, best =    5.8724213433283508E-004
 performing expansion, best =    5.8724210114437919E-004
 performing expansion, best =    5.8724206014838917E-004
 performing expansion, best =    5.8724199930315700E-004
 performing expansion, best =    5.8724193494582536E-004
 performing expansion, best =    5.8724184387189669E-004
 performing expansion, best =    5.8724180012173326E-004
 performing expansion, best =    5.8724174978685561E-004
 performing expansion, best =    5.8724170904931575E-004
 performing expansion, best =    5.8724169607937194E-004
 performing expansion, best =    5.8724168083574798E-004
 performing expansion, best =    5.8724165129660016E-004
 performing expansion, best =    5.8724164290618929E-004
 performing expansion, best =    5.8724162596717052E-004
 performing expansion, best =    5.8724155633900856E-004
 performing expansion, best =    5.8724149337603822E-004
 performing expansion, best =    5.8724149059156364E-004
 performing expansion, best =    5.8724148116977390E-004
 performing expansion, best =    5.8724139918132684E-004
 performing expansion, best =    5.8724139635300062E-004
 performing expansion, best =    5.8724137884308370E-004
 performing expansion, best =    5.8724134557356560E-004
 performing expansion, best =    5.8724131777837128E-004
 performing expansion, best =    5.8724130658270449E-004
 performing expansion, best =    5.8724128622496231E-004
 performing expansion, best =    5.8724128437098928E-004
 performing expansion, best =    5.8724126000938778E-004
 performing expansion, best =    5.8724125987124633E-004
 performing expansion, best =    5.8724125421287488E-004
 performing expansion, best =    5.8724125047648500E-004
 performing expansion, best =    5.8724124896444158E-004
 performing expansion, best =    5.8724124641115814E-004
 performing expansion, best =    5.8724123406370403E-004
 performing expansion, best =    5.8724121991409535E-004
 performing expansion, best =    5.8724121135659950E-004
 performing expansion, best =    5.8724121107868942E-004
 performing expansion, best =    5.8724121093947049E-004
 performing expansion, best =    5.8724120093399683E-004
 performing expansion, best =    5.8724119359531053E-004
 performing expansion, best =    5.8724119162265997E-004
 performing expansion, best =    5.8724119043423821E-004
 performing expansion, best =    5.8724117731404459E-004
 performing expansion, best =    5.8724116012077369E-004
 performing expansion, best =    5.8724114184842001E-004
 performing expansion, best =    5.8724112745166832E-004
 performing expansion, best =    5.8724111168600307E-004
 performing expansion, best =    5.8724109731551931E-004
 performing expansion, best =    5.8724109544617089E-004
 performing expansion, best =    5.8724108385640626E-004
 performing expansion, best =    5.8724107214010667E-004
 performing expansion, best =    5.8724106700066452E-004
 performing expansion, best =    5.8724106454981087E-004
 performing expansion, best =    5.8724103940143064E-004
 performing expansion, best =    5.8724100306875766E-004
 performing expansion, best =    5.8724099811546262E-004
 performing expansion, best =    5.8724099417321960E-004
 performing expansion, best =    5.8724099325334486E-004
 performing expansion, best =    5.8724098870832121E-004
 performing expansion, best =    5.8724096200617301E-004
 performing expansion, best =    5.8724092989252707E-004
 performing expansion, best =    5.8724092047066447E-004
 performing expansion, best =    5.8724089274208495E-004
 performing expansion, best =    5.8724083256304275E-004
 performing expansion, best =    5.8724079480156185E-004
 performing expansion, best =    5.8724073843244415E-004
 performing expansion, best =    5.8724068899098877E-004
 performing expansion, best =    5.8724063120928400E-004
 performing expansion, best =    5.8724059513653581E-004
 performing expansion, best =    5.8724054244688650E-004
 performing expansion, best =    5.8724043531954955E-004
 performing expansion, best =    5.8724031340756688E-004
 performing expansion, best =    5.8724019391200239E-004
 performing expansion, best =    5.8724007098474797E-004
 performing expansion, best =    5.8723993973092679E-004
 performing expansion, best =    5.8723978488165157E-004
 performing expansion, best =    5.8723966952961104E-004
 performing expansion, best =    5.8723947474863876E-004
 performing expansion, best =    5.8723931668892392E-004
 performing expansion, best =    5.8723902823667497E-004
 performing expansion, best =    5.8723878612456867E-004
 performing expansion, best =    5.8723841624797447E-004
 performing expansion, best =    5.8723822259119853E-004
 performing expansion, best =    5.8723796245892192E-004
 performing expansion, best =    5.8723766396205331E-004
 performing expansion, best =    5.8723715972733227E-004
 performing expansion, best =    5.8723679077618725E-004
 performing expansion, best =    5.8723629472463184E-004
 performing expansion, best =    5.8723598095581199E-004
 performing expansion, best =    5.8723553527078990E-004
 performing expansion, best =    5.8723507959247950E-004
 performing expansion, best =    5.8723448373964194E-004
 performing expansion, best =    5.8723392089978139E-004
 performing expansion, best =    5.8723343831650239E-004
 performing expansion, best =    5.8723263188056266E-004
 performing expansion, best =    5.8723187559988352E-004
 performing expansion, best =    5.8723106477060751E-004
 performing expansion, best =    5.8723001667863634E-004
 performing expansion, best =    5.8722917981560391E-004
 performing expansion, best =    5.8722811862700435E-004
 performing expansion, best =    5.8722725779618810E-004
 performing expansion, best =    5.8722658135600711E-004
 performing expansion, best =    5.8722561626166087E-004
 performing expansion, best =    5.8722456349321434E-004
 performing expansion, best =    5.8722346138934210E-004
 performing expansion, best =    5.8722217375979907E-004
 performing expansion, best =    5.8722160187327157E-004
 performing expansion, best =    5.8722042502396487E-004
 performing expansion, best =    5.8721950227084172E-004
 performing expansion, best =    5.8721825516371506E-004
 performing expansion, best =    5.8721707309262712E-004
 performing expansion, best =    5.8721655849531705E-004
 performing expansion, best =    5.8721577829363872E-004
 performing expansion, best =    5.8721541739205753E-004
 performing expansion, best =    5.8721472971037488E-004
 performing expansion, best =    5.8721400183667509E-004
 performing expansion, best =    5.8721356331503953E-004
 performing expansion, best =    5.8721339935969717E-004
 performing expansion, best =    5.8721314183152868E-004
 performing expansion, best =    5.8721304769095606E-004
 performing expansion, best =    5.8721303935453087E-004
 performing expansion, best =    5.8721295753380457E-004
 performing expansion, best =    5.8721288916089296E-004
 performing expansion, best =    5.8721288847254612E-004
 performing expansion, best =    5.8721287795963657E-004
 performing expansion, best =    5.8721261574398937E-004
 performing expansion, best =    5.8721258087662484E-004
 performing expansion, best =    5.8721256583686460E-004
 performing expansion, best =    5.8721254775185683E-004
 performing expansion, best =    5.8721248423945533E-004
 performing expansion, best =    5.8721237394207797E-004
 performing expansion, best =    5.8721232447303605E-004
 performing expansion, best =    5.8721225451515856E-004
 performing expansion, best =    5.8721207028477967E-004
 performing expansion, best =    5.8721206183583294E-004
 performing expansion, best =    5.8721198553671010E-004
 performing expansion, best =    5.8721191219103356E-004
 performing expansion, best =    5.8721177623677042E-004
 performing expansion, best =    5.8721174257910609E-004
 performing expansion, best =    5.8721166278574005E-004
 performing expansion, best =    5.8721162184721784E-004
 performing expansion, best =    5.8721158046552420E-004
 performing expansion, best =    5.8721155577055753E-004
 performing expansion, best =    5.8721152064446897E-004
 performing expansion, best =    5.8721151477310720E-004
 performing expansion, best =    5.8721146548458873E-004
 performing expansion, best =    5.8721144710845706E-004
 performing expansion, best =    5.8721144544664607E-004
 performing expansion, best =    5.8721143266646128E-004
 performing expansion, best =    5.8721142175103527E-004
 performing expansion, best =    5.8721140250703218E-004
 performing expansion, best =    5.8721137654114985E-004
 performing expansion, best =    5.8721136108307146E-004
 performing expansion, best =    5.8721135907630073E-004
 performing expansion, best =    5.8721133281073906E-004
 performing expansion, best =    5.8721132492329327E-004
 performing expansion, best =    5.8721131576252618E-004
 performing expansion, best =    5.8721131181455977E-004
 performing expansion, best =    5.8721130473706666E-004
 performing expansion, best =    5.8721130368901418E-004
 performing expansion, best =    5.8721130084621374E-004
 performing expansion, best =    5.8721129782969800E-004
 performing expansion, best =    5.8721129747162266E-004
 performing expansion, best =    5.8721128883687274E-004
 performing expansion, best =    5.8721128773532333E-004
 performing expansion, best =    5.8721128720219044E-004
 performing expansion, best =    5.8721128270256202E-004
 performing expansion, best =    5.8721127360506853E-004
 performing expansion, best =    5.8721127332882867E-004
 performing expansion, best =    5.8721126766371381E-004
 performing expansion, best =    5.8721126438128404E-004
 performing expansion, best =    5.8721126178829896E-004
 performing expansion, best =    5.8721125803043147E-004
 performing expansion, best =    5.8721125502565633E-004
 performing expansion, best =    5.8721124935309538E-004
 performing expansion, best =    5.8721124848002001E-004
 performing expansion, best =    5.8721124559913448E-004
 performing expansion, best =    5.8721124163999103E-004
 performing expansion, best =    5.8721124130088241E-004
 performing expansion, best =    5.8721123845309193E-004
 performing expansion, best =    5.8721123761241870E-004
 performing expansion, best =    5.8721123559115750E-004
 performing expansion, best =    5.8721123395434822E-004
 performing expansion, best =    5.8721123247532623E-004
 performing expansion, best =    5.8721123157964611E-004
 performing expansion, best =    5.8721123039665415E-004
 performing expansion, best =    5.8721122970398264E-004
 performing expansion, best =    5.8721122709887283E-004
 performing expansion, best =    5.8721122491505601E-004
 performing expansion, best =    5.8721122298665206E-004
 performing expansion, best =    5.8721122207056444E-004
 performing expansion, best =    5.8721122140640474E-004
 performing expansion, best =    5.8721122108868992E-004
 performing expansion, best =    5.8721122074722272E-004
 performing expansion, best =    5.8721122031643407E-004
 performing expansion, best =    5.8721121900856055E-004
 performing expansion, best =    5.8721121829607471E-004
 performing expansion, best =    5.8721121829269948E-004
 performing expansion, best =    5.8721121617426883E-004
 performing expansion, best =    5.8721121599597341E-004
 performing expansion, best =    5.8721121585511473E-004
 performing expansion, best =    5.8721121450850745E-004
 performing expansion, best =    5.8721121417380188E-004
 performing expansion, best =    5.8721121407427147E-004
 performing expansion, best =    5.8721121383386546E-004
 performing expansion, best =    5.8721121228031802E-004
 performing expansion, best =    5.8721121200695054E-004
 performing expansion, best =    5.8721121182629828E-004
 performing expansion, best =    5.8721121055178458E-004
 performing expansion, best =    5.8721120864824031E-004
 performing expansion, best =    5.8721120712654836E-004
 performing expansion, best =    5.8721120552854961E-004
 performing expansion, best =    5.8721120350350693E-004
 performing expansion, best =    5.8721120232214311E-004
 performing expansion, best =    5.8721119978808096E-004
 performing expansion, best =    5.8721119694553933E-004
 performing expansion, best =    5.8721119492522627E-004
 performing expansion, best =    5.8721119064854364E-004
 performing expansion, best =    5.8721118635567766E-004
 performing expansion, best =    5.8721118584007740E-004
 performing expansion, best =    5.8721118378750488E-004
 performing expansion, best =    5.8721117907698341E-004
 performing expansion, best =    5.8721117664075164E-004
 performing expansion, best =    5.8721117245319671E-004
 performing expansion, best =    5.8721116926424642E-004
 performing expansion, best =    5.8721116432451008E-004
 performing expansion, best =    5.8721115940915431E-004
 performing expansion, best =    5.8721115516949501E-004
 performing expansion, best =    5.8721115242840608E-004
 performing expansion, best =    5.8721114706164891E-004
 performing expansion, best =    5.8721113636358549E-004
 performing expansion, best =    5.8721112663869955E-004
 performing expansion, best =    5.8721111896354575E-004
 performing expansion, best =    5.8721110547835936E-004
 performing expansion, best =    5.8721108812712780E-004
 performing expansion, best =    5.8721106047797270E-004
 performing expansion, best =    5.8721104321642732E-004
 performing expansion, best =    5.8721102454536598E-004
 performing expansion, best =    5.8721099266266453E-004
 performing expansion, best =    5.8721096340733992E-004
 performing expansion, best =    5.8721093647971453E-004
 performing expansion, best =    5.8721090913276973E-004
 performing expansion, best =    5.8721087737567885E-004
 performing expansion, best =    5.8721082716535738E-004
 performing expansion, best =    5.8721077046195813E-004
 performing expansion, best =    5.8721072597147240E-004
 performing expansion, best =    5.8721066454245146E-004
 performing expansion, best =    5.8721060228815697E-004
 performing expansion, best =    5.8721053276424614E-004
 performing expansion, best =    5.8721045104060613E-004
 performing expansion, best =    5.8721036605657168E-004
 performing expansion, best =    5.8721026622090070E-004
 performing expansion, best =    5.8721016794850722E-004
 performing expansion, best =    5.8721007015600721E-004
 performing expansion, best =    5.8720993698090562E-004
 performing expansion, best =    5.8720978842795400E-004
 performing expansion, best =    5.8720961087860616E-004
 performing expansion, best =    5.8720946648042026E-004
 performing expansion, best =    5.8720930921150720E-004
 performing expansion, best =    5.8720916661953782E-004
 performing expansion, best =    5.8720901808623899E-004
 performing expansion, best =    5.8720886174502178E-004
 performing expansion, best =    5.8720884173101603E-004
 performing expansion, best =    5.8720881704572760E-004
 performing expansion, best =    5.8720881409081210E-004
 performing expansion, best =    5.8720876955521597E-004
 performing expansion, best =    5.8720876088340921E-004
 performing expansion, best =    5.8720876027727395E-004
 performing expansion, best =    5.8720875190000079E-004
 performing expansion, best =    5.8720874742646543E-004
 performing expansion, best =    5.8720872691461138E-004
 performing expansion, best =    5.8720872320319241E-004
 performing expansion, best =    5.8720871799749889E-004
 performing expansion, best =    5.8720870959926062E-004
 performing expansion, best =    5.8720870477680959E-004
 performing expansion, best =    5.8720869063423522E-004
 performing expansion, best =    5.8720868411672115E-004
 performing expansion, best =    5.8720868034935723E-004
 performing expansion, best =    5.8720867982150560E-004
 performing expansion, best =    5.8720865898594782E-004
 performing expansion, best =    5.8720865336473859E-004
 performing expansion, best =    5.8720864581236559E-004
 performing expansion, best =    5.8720864126253437E-004
 performing expansion, best =    5.8720863722546758E-004
 performing expansion, best =    5.8720863321560634E-004
 performing expansion, best =    5.8720860908178640E-004
 performing expansion, best =    5.8720860726985840E-004
 performing expansion, best =    5.8720860254704945E-004
 performing expansion, best =    5.8720857066169659E-004
 performing expansion, best =    5.8720854299711004E-004
 performing expansion, best =    5.8720850023326766E-004
 performing expansion, best =    5.8720849829044708E-004
 performing expansion, best =    5.8720846643603962E-004
 performing expansion, best =    5.8720845491447619E-004
 performing expansion, best =    5.8720845116990849E-004
 performing expansion, best =    5.8720844931954151E-004
 performing expansion, best =    5.8720844647763620E-004
 performing expansion, best =    5.8720844393654972E-004
 performing expansion, best =    5.8720844264839459E-004
 performing expansion, best =    5.8720842793883767E-004
 performing expansion, best =    5.8720842632895281E-004
 performing expansion, best =    5.8720842458257752E-004
 performing expansion, best =    5.8720842253350491E-004
 performing expansion, best =    5.8720842142951865E-004
 performing expansion, best =    5.8720840908986873E-004
 performing expansion, best =    5.8720840683214532E-004
 performing expansion, best =    5.8720840617003574E-004
 performing expansion, best =    5.8720840569692243E-004
 performing expansion, best =    5.8720839879904574E-004
 performing expansion, best =    5.8720839826360816E-004
 performing expansion, best =    5.8720839286828476E-004
 performing expansion, best =    5.8720839235110926E-004
 performing expansion, best =    5.8720838378648597E-004
 performing expansion, best =    5.8720837553690743E-004
 performing expansion, best =    5.8720837111258303E-004
 performing expansion, best =    5.8720836100432060E-004
 performing expansion, best =    5.8720835284000123E-004
 performing expansion, best =    5.8720835277515965E-004
 performing expansion, best =    5.8720834283864016E-004
 performing expansion, best =    5.8720834168084321E-004
 performing expansion, best =    5.8720834089760472E-004
 performing expansion, best =    5.8720833119585273E-004
 performing expansion, best =    5.8720832911732474E-004
 performing expansion, best =    5.8720832706999292E-004
 performing expansion, best =    5.8720832698901473E-004
 performing expansion, best =    5.8720832102363463E-004
 performing expansion, best =    5.8720831999255815E-004
 performing expansion, best =    5.8720831814406055E-004
 performing expansion, best =    5.8720831550519996E-004
 performing expansion, best =    5.8720831510120748E-004
 performing expansion, best =    5.8720831344338407E-004
 performing expansion, best =    5.8720831042716518E-004
 performing expansion, best =    5.8720831001673904E-004
 performing expansion, best =    5.8720830997092185E-004
 performing expansion, best =    5.8720830487717448E-004
 performing expansion, best =    5.8720830445221266E-004
 performing expansion, best =    5.8720830307449983E-004
 performing expansion, best =    5.8720829740874854E-004
 performing expansion, best =    5.8720829709386197E-004
 performing expansion, best =    5.8720829636151582E-004
 performing expansion, best =    5.8720829619324537E-004
 performing expansion, best =    5.8720829380385937E-004
 performing expansion, best =    5.8720828986383625E-004
 performing expansion, best =    5.8720828935164039E-004
 performing expansion, best =    5.8720828830031394E-004
 performing expansion, best =    5.8720828750227977E-004
 performing expansion, best =    5.8720828673378849E-004
 performing expansion, best =    5.8720828671136979E-004
 performing expansion, best =    5.8720828618395021E-004
 performing expansion, best =    5.8720828615373263E-004
 performing expansion, best =    5.8720828591997030E-004
 performing expansion, best =    5.8720828507878337E-004
 performing expansion, best =    5.8720828435281124E-004
 performing expansion, best =    5.8720828419981026E-004
 performing expansion, best =    5.8720828381147202E-004
 performing expansion, best =    5.8720828358033411E-004
 performing expansion, best =    5.8720828314668988E-004
 performing expansion, best =    5.8720828310483350E-004
 performing expansion, best =    5.8720828206653124E-004
 performing expansion, best =    5.8720828146265633E-004
 performing expansion, best =    5.8720827987113655E-004
 performing expansion, best =    5.8720827921367354E-004
 performing expansion, best =    5.8720827728482019E-004
 performing expansion, best =    5.8720827699513894E-004
 performing expansion, best =    5.8720827689579978E-004
 performing expansion, best =    5.8720827534895217E-004
 performing expansion, best =    5.8720827504562547E-004
 performing expansion, best =    5.8720827333588635E-004
 performing expansion, best =    5.8720827143084512E-004
 performing expansion, best =    5.8720826962272614E-004
 performing expansion, best =    5.8720826925640600E-004
 performing expansion, best =    5.8720826730201568E-004
 performing expansion, best =    5.8720826485096612E-004
 performing expansion, best =    5.8720826283945819E-004
 performing expansion, best =    5.8720826283933112E-004
 performing expansion, best =    5.8720826245389063E-004
 performing expansion, best =    5.8720826003180791E-004
 performing expansion, best =    5.8720825968028507E-004
 performing expansion, best =    5.8720825961682422E-004
 performing expansion, best =    5.8720825706320577E-004
 performing expansion, best =    5.8720825459467833E-004
 performing expansion, best =    5.8720825199420120E-004
 performing expansion, best =    5.8720824979978316E-004
 performing expansion, best =    5.8720824976239781E-004
 performing expansion, best =    5.8720824938677401E-004
 performing expansion, best =    5.8720824663981023E-004
Exiting simplex optimization after 10001 iterations
RMSE         5.872082435E-04 Hartree
NEW BEST!
Best found solution for 9 charges:
        RMSE         3.684784577E-01 kcal/mol
         MAE         2.105651890E-01 kcal/mol
     max. AE         2.638807042E+00 kcal/mol

       x[bohr]       y[bohr]       z[bohr]          q[e]
    -0.2851951     0.3120909     0.6351244    -0.6158567
    -0.8489838    -0.0986930     0.2770572     0.7513079
    -0.1223140     0.3695703    -0.7550455    -0.3689547
     1.3046669    -0.8327915    -0.0001923     0.7921757
     0.9952815    -0.8104501    -0.4713858    -0.2655385
     1.0045803    -0.7861628     0.5617791    -0.2303614
    -1.2150503    -0.3981163     0.5404198    -0.1489369
    -0.7172373    -0.6949711     0.0742748    -0.1458327
    -1.7552698    -1.1463165     0.0000065     0.2319973

