Running in analysis mode

Reading "/data/boittier/gaussian_scans/butadiene/scan_extract_0.xyz.chk.fchk.pot.cube"...

  opt Potential
  Electrostatic potential from Total SCF Density
   10   -8.606892   -9.296586   -6.512752
   85    0.203727    0.000000    0.000000
   92    0.000000    0.203727    0.000000
   65    0.000000    0.000000    0.203727
    6    6.000000    2.094140    2.783833    0.000000
    6    6.000000    0.000000    1.372509    0.000000
    6    6.000000    0.000000   -1.372508    0.000000
    6    6.000000   -2.094140   -2.783833    0.000000
    1    1.000000    2.009811    4.824243    0.000000
    1    1.000000    3.951380    1.924660    0.000000
    1    1.000000   -1.835514    2.288467    0.000000
    1    1.000000    1.835514   -2.288466    0.000000
    1    1.000000   -3.951380   -1.924661    0.000000
    1    1.000000   -2.009810   -4.824243    0.000000
  1.03675E-04  1.35432E-04  1.68749E-04  2.03608E-04  2.39979E-04  2.77813E-04
       .            .            .            .            .            .
       .            .            .            .            .            .
       .            .            .            .            .            .
  2.70780E-04  2.31956E-04  1.94698E-04  1.59049E-04  1.25037E-04  9.26740E-05

508300 out of 508300 gridpoints are considered (100.0%).

...done!

Reading "/home/boittier/MDCM-1//examples/butadiene/2-mtp-fit/ditriantapole_expansion.cube"...

  Fitted ESP
  Electrostatic potential fitted from ditriantapole expansion.
   10   -8.606892   -9.296586   -6.512752
   85    0.203727    0.000000    0.000000
   92    0.000000    0.203727    0.000000
   65    0.000000    0.000000    0.203727
    6    6.000000    2.094140    2.783833    0.000000
    6    6.000000    0.000000    1.372509    0.000000
    6    6.000000    0.000000   -1.372508    0.000000
    6    6.000000   -2.094140   -2.783833    0.000000
    1    1.000000    2.009811    4.824243    0.000000
    1    1.000000    3.951380    1.924660    0.000000
    1    1.000000   -1.835514    2.288467    0.000000
    1    1.000000    1.835514   -2.288466    0.000000
    1    1.000000   -3.951380   -1.924661    0.000000
    1    1.000000   -2.009810   -4.824243    0.000000
  6.47489E-05  9.31766E-05  1.23027E-04  1.54284E-04  1.86921E-04  2.20894E-04
       .            .            .            .            .            .
       .            .            .            .            .            .
       .            .            .            .            .            .
  2.17820E-04  1.82960E-04  1.49522E-04  1.17547E-04  8.70577E-05  5.80675E-05

508300 out of 508300 gridpoints are considered (100.0%).

...done!

                       Measure       RMSE[kcal/mol/e]   MaxError[kcal/mol/e]   NPoints
                         Total        3.941419122E-01        4.739202514E+00    429636
Close (  1.20 < r <   1.66 )          8.608760857E-01        4.739202514E+00     80787
Mid-range ( 1.66 < r <  2.20)         2.023979686E-01        6.594057753E-01    148751
Far-range (  2.20         < r)        6.233814244E-02        2.954816588E-01    200098
Did analysis and wrote slice data
