Running in fitting mode

Reading "/data/boittier/gaussian_scans/butadiene/scan_extract_0.xyz.chk.fchk.pot.cube"...

  opt Potential
  Electrostatic potential from Total SCF Density
   10   -8.606892   -9.296586   -6.512752
   85    0.203727    0.000000    0.000000
   92    0.000000    0.203727    0.000000
   65    0.000000    0.000000    0.203727
    6    6.000000    2.094140    2.783833    0.000000
    6    6.000000    0.000000    1.372509    0.000000
    6    6.000000    0.000000   -1.372508    0.000000
    6    6.000000   -2.094140   -2.783833    0.000000
    1    1.000000    2.009811    4.824243    0.000000
    1    1.000000    3.951380    1.924660    0.000000
    1    1.000000   -1.835514    2.288467    0.000000
    1    1.000000    1.835514   -2.288466    0.000000
    1    1.000000   -3.951380   -1.924661    0.000000
    1    1.000000   -2.009810   -4.824243    0.000000
  2.26511E-03  2.29910E-03  2.31955E-03  2.32611E-03  2.31866E-03  2.29733E-03
       .            .            .            .            .            .
       .            .            .            .            .            .
       .            .            .            .            .            .
  1.11593E-02  1.13717E-02  1.14405E-02  1.13624E-02  1.11411E-02  1.07875E-02

145780 out of 508300 gridpoints are considered ( 28.7%).

...done!




USING GREEDY MODE
File "multipole3_1charges.xyz" already exists. Fitting procedure is skipped.
File "multipole3_2charges.xyz" already exists. Fitting procedure is skipped.
File "multipole3_3charges.xyz" already exists. Fitting procedure is skipped.
File "multipole3_4charges.xyz" already exists. Fitting procedure is skipped.
File "multipole4_1charges.xyz" already exists. Fitting procedure is skipped.
File "multipole4_2charges.xyz" already exists. Fitting procedure is skipped.
File "multipole4_3charges.xyz" already exists. Fitting procedure is skipped.
File "multipole4_4charges.xyz" already exists. Fitting procedure is skipped.
File "multipole8_1charges.xyz" already exists. Fitting procedure is skipped.
File "multipole8_2charges.xyz" already exists. Fitting procedure is skipped.
File "multipole8_3charges.xyz" already exists. Fitting procedure is skipped.
File "multipole8_4charges.xyz" already exists. Fitting procedure is skipped.
File "multipole9_1charges.xyz" already exists. Fitting procedure is skipped.
File "multipole9_2charges.xyz" already exists. Fitting procedure is skipped.
File "multipole9_3charges.xyz" already exists. Fitting procedure is skipped.
File "multipole9_4charges.xyz" already exists. Fitting procedure is skipped.
File "multipole10_1charges.xyz" already exists. Fitting procedure is skipped.
File "multipole10_2charges.xyz" already exists. Fitting procedure is skipped.
File "multipole10_3charges.xyz" already exists. Fitting procedure is skipped.
File "multipole10_4charges.xyz" already exists. Fitting procedure is skipped.
Fragment fit detected
Fitting to MTP grid, discarding reference MEP cube data
Subsequent stats etc. are compared to MTP data, not the
MEP from the reference cube file
Total fragment charge (a.u.):        -4.707530825E-02
Running DE in parallel with 4 thread(s)!

Starting fitting procedure for 7 charges, trial 1
gen      0/14000      elitist  1.8593623E-02 feasible? T
gen    100/14000      elitist  2.9669513E-03 feasible? T
gen    200/14000      elitist  1.0679745E-03 feasible? T
gen    300/14000      elitist  9.4806671E-04 feasible? T
gen    400/14000      elitist  8.9598164E-04 feasible? T
gen    500/14000      elitist  8.6433855E-04 feasible? T
gen    600/14000      elitist  8.5417616E-04 feasible? T
gen    700/14000      elitist  8.4819990E-04 feasible? T
gen    800/14000      elitist  8.4671421E-04 feasible? T
gen    900/14000      elitist  8.4553633E-04 feasible? T
gen   1000/14000      elitist  8.4518553E-04 feasible? T
gen   1100/14000      elitist  8.4509322E-04 feasible? T
gen   1200/14000      elitist  8.4500733E-04 feasible? T
gen   1300/14000      elitist  8.4498115E-04 feasible? T
gen   1400/14000      elitist  8.4494132E-04 feasible? T
gen   1500/14000      elitist  8.4470170E-04 feasible? T
gen   1600/14000      elitist  8.4445176E-04 feasible? T
gen   1700/14000      elitist  8.4435367E-04 feasible? T
gen   1800/14000      elitist  8.4431183E-04 feasible? T
gen   1900/14000      elitist  8.4427576E-04 feasible? T
gen   2000/14000      elitist  8.4425650E-04 feasible? T
gen   2100/14000      elitist  8.4425261E-04 feasible? T
gen   2200/14000      elitist  8.4425122E-04 feasible? T
gen   2300/14000      elitist  8.4423525E-04 feasible? T
gen   2400/14000      elitist  8.4420838E-04 feasible? T
gen   2500/14000      elitist  8.4418516E-04 feasible? T
gen   2600/14000      elitist  8.4417905E-04 feasible? T
gen   2700/14000      elitist  8.4417849E-04 feasible? T
gen   2800/14000      elitist  8.4417700E-04 feasible? T
gen   2900/14000      elitist  8.4417629E-04 feasible? T
gen   3000/14000      elitist  8.4417614E-04 feasible? T
gen   3100/14000      elitist  8.4417611E-04 feasible? T
gen   3200/14000      elitist  8.4417609E-04 feasible? T
gen   3300/14000      elitist  8.4417608E-04 feasible? T
gen   3400/14000      elitist  8.4417607E-04 feasible? T
gen   3500/14000      elitist  8.4417606E-04 feasible? T
gen   3600/14000      elitist  8.4417606E-04 feasible? T
population converged towards a single solution after 3611 generations.
Starting local simplex optimization:
Solution before refinement:      8.4417605799E-04
 performing expansion, best =    8.4389945664166432E-004
 performing expansion, best =    8.4265736706856133E-004
 performing expansion, best =    8.4236840117540672E-004
 performing expansion, best =    8.4220636253503798E-004
 performing expansion, best =    8.4190126479300289E-004
 performing expansion, best =    8.4178923085419970E-004
 performing expansion, best =    8.4177040971282013E-004
 performing expansion, best =    8.4168490034495385E-004
 performing expansion, best =    8.4153327104056921E-004
 performing expansion, best =    8.4118449245948685E-004
 performing expansion, best =    8.4116951905323064E-004
 performing expansion, best =    8.4092047246066206E-004
 performing expansion, best =    8.4074230893010752E-004
 performing expansion, best =    8.4068457246299873E-004
 performing expansion, best =    8.4059436187181654E-004
 performing expansion, best =    8.4054277881247935E-004
 performing expansion, best =    8.4047867883766097E-004
 performing expansion, best =    8.4020628613126118E-004
 performing expansion, best =    8.4016470075643857E-004
 performing expansion, best =    8.3971477236439139E-004
 performing expansion, best =    8.3931386543010568E-004
 performing expansion, best =    8.3886777072274949E-004
 performing expansion, best =    8.3826826539271267E-004
 performing expansion, best =    8.3748780424197818E-004
 performing expansion, best =    8.3700197094333775E-004
 performing expansion, best =    8.3657916595837340E-004
 performing expansion, best =    8.3624686046205720E-004
 performing expansion, best =    8.3566670058158080E-004
 performing expansion, best =    8.3457277430668843E-004
 performing expansion, best =    8.3444562676190112E-004
 performing expansion, best =    8.3376684045869819E-004
 performing expansion, best =    8.3330781038630562E-004
 performing expansion, best =    8.3324322850503803E-004
 performing expansion, best =    8.3301167560677239E-004
 performing expansion, best =    8.3256354989050263E-004
 performing expansion, best =    8.3177865822862854E-004
 performing expansion, best =    8.3138030503882097E-004
 performing expansion, best =    8.3121716747103951E-004
 performing expansion, best =    8.3105269637630513E-004
 performing expansion, best =    8.3102298000748592E-004
 performing expansion, best =    8.3100431608294518E-004
 performing expansion, best =    8.3087373195510578E-004
 performing expansion, best =    8.3079206834820753E-004
 performing expansion, best =    8.3075990934084690E-004
 performing expansion, best =    8.3073454667914918E-004
 performing expansion, best =    8.3069749806163147E-004
 performing expansion, best =    8.3067776988063390E-004
 performing expansion, best =    8.3062694943696058E-004
 performing expansion, best =    8.3062440149620431E-004
 performing expansion, best =    8.3056521880313329E-004
 performing expansion, best =    8.3056011209690938E-004
 performing expansion, best =    8.3055673384863212E-004
 performing expansion, best =    8.3048985914343360E-004
 performing expansion, best =    8.3042532351782210E-004
 performing expansion, best =    8.3037151612803007E-004
 performing expansion, best =    8.3025487534256731E-004
 performing expansion, best =    8.3012351885154094E-004
 performing expansion, best =    8.3003234965914319E-004
 performing expansion, best =    8.2991603137474274E-004
 performing expansion, best =    8.2974203508124342E-004
 performing expansion, best =    8.2951867517830509E-004
 performing expansion, best =    8.2921242262427365E-004
 performing expansion, best =    8.2897547050819807E-004
 performing expansion, best =    8.2877949463865076E-004
 performing expansion, best =    8.2857361095929020E-004
 performing expansion, best =    8.2834194583222831E-004
 performing expansion, best =    8.2800444161998735E-004
 performing expansion, best =    8.2767286444308168E-004
 performing expansion, best =    8.2718546507486873E-004
 performing expansion, best =    8.2716890539263194E-004
 performing expansion, best =    8.2700563145437296E-004
 performing expansion, best =    8.2677165723279663E-004
 performing expansion, best =    8.2671755935378999E-004
 performing expansion, best =    8.2669680502723978E-004
 performing expansion, best =    8.2654960587743990E-004
 performing expansion, best =    8.2651432621219851E-004
 performing expansion, best =    8.2648291660038491E-004
 performing expansion, best =    8.2647963439897365E-004
 performing expansion, best =    8.2632007503954453E-004
 performing expansion, best =    8.2625212573041987E-004
 performing expansion, best =    8.2619362566500800E-004
 performing expansion, best =    8.2619026628040449E-004
 performing expansion, best =    8.2616939417276818E-004
 performing expansion, best =    8.2603697731559894E-004
 performing expansion, best =    8.2602858493157239E-004
 performing expansion, best =    8.2599607485781869E-004
 performing expansion, best =    8.2598761197572837E-004
 performing expansion, best =    8.2596031583018941E-004
 performing expansion, best =    8.2595593000629156E-004
 performing expansion, best =    8.2592760627615705E-004
 performing expansion, best =    8.2582841090079171E-004
 performing expansion, best =    8.2582225707204587E-004
 performing expansion, best =    8.2578061705839854E-004
 performing expansion, best =    8.2575357892833478E-004
 performing expansion, best =    8.2573332679448854E-004
 performing expansion, best =    8.2559503973784977E-004
 performing expansion, best =    8.2549400357700194E-004
 performing expansion, best =    8.2539245288048625E-004
 performing expansion, best =    8.2527228793289990E-004
 performing expansion, best =    8.2518006676033219E-004
 performing expansion, best =    8.2503428053289866E-004
 performing expansion, best =    8.2491589914180275E-004
 performing expansion, best =    8.2488931375309207E-004
 performing expansion, best =    8.2475385604833032E-004
 performing expansion, best =    8.2458394721005100E-004
 performing expansion, best =    8.2453861367818367E-004
 performing expansion, best =    8.2436024060479824E-004
 performing expansion, best =    8.2435401986999260E-004
 performing expansion, best =    8.2417733374618015E-004
 performing expansion, best =    8.2416570424806879E-004
 performing expansion, best =    8.2415546584548905E-004
 performing expansion, best =    8.2412536689732501E-004
 performing expansion, best =    8.2392962169550361E-004
 performing expansion, best =    8.2389898369951929E-004
 performing expansion, best =    8.2367650536422146E-004
 performing expansion, best =    8.2367088947730060E-004
 performing expansion, best =    8.2349075777249240E-004
 performing expansion, best =    8.2328062381982047E-004
 performing expansion, best =    8.2325178488976245E-004
 performing expansion, best =    8.2304960212437571E-004
 performing expansion, best =    8.2281901328386232E-004
 performing expansion, best =    8.2258598808231565E-004
 performing expansion, best =    8.2233381908503750E-004
 performing expansion, best =    8.2204180909880708E-004
 performing expansion, best =    8.2175792754358805E-004
 performing expansion, best =    8.2167444230499807E-004
 performing expansion, best =    8.2139856443639030E-004
 performing expansion, best =    8.2139533502074448E-004
 performing expansion, best =    8.2135439147151173E-004
 performing expansion, best =    8.2131556164765545E-004
 performing expansion, best =    8.2102319648936801E-004
 performing expansion, best =    8.2067417975981399E-004
 performing expansion, best =    8.2061487759086500E-004
 performing expansion, best =    8.2055470081827974E-004
 performing expansion, best =    8.2033589636805015E-004
 performing expansion, best =    8.2028507365813452E-004
 performing expansion, best =    8.2008593180765373E-004
 performing expansion, best =    8.2004022044765022E-004
 performing expansion, best =    8.1987671800667385E-004
 performing expansion, best =    8.1968400414534465E-004
 performing expansion, best =    8.1946478684212835E-004
 performing expansion, best =    8.1944721795167619E-004
 performing expansion, best =    8.1939370624062942E-004
 performing expansion, best =    8.1936897801521461E-004
 performing expansion, best =    8.1935613550354006E-004
 performing expansion, best =    8.1922252860689251E-004
 performing expansion, best =    8.1919503953333775E-004
 performing expansion, best =    8.1918627989175351E-004
 performing expansion, best =    8.1914649039799368E-004
 performing expansion, best =    8.1913808410477909E-004
 performing expansion, best =    8.1913570980010934E-004
 performing expansion, best =    8.1903858868294030E-004
 performing expansion, best =    8.1903345522578235E-004
 performing expansion, best =    8.1888190620649269E-004
 performing expansion, best =    8.1875089951000493E-004
 performing expansion, best =    8.1873556873349185E-004
 performing expansion, best =    8.1868105452513509E-004
 performing expansion, best =    8.1862401264758957E-004
 performing expansion, best =    8.1842915471156753E-004
 performing expansion, best =    8.1838737531341734E-004
 performing expansion, best =    8.1833753096211231E-004
 performing expansion, best =    8.1816505069486208E-004
 performing expansion, best =    8.1802788261322581E-004
 performing expansion, best =    8.1779888798328576E-004
 performing expansion, best =    8.1761181855999517E-004
 performing expansion, best =    8.1758260808966539E-004
 performing expansion, best =    8.1741782090721598E-004
 performing expansion, best =    8.1739629411235867E-004
 performing expansion, best =    8.1733459569899151E-004
 performing expansion, best =    8.1716473027217357E-004
 performing expansion, best =    8.1702592911538639E-004
 performing expansion, best =    8.1702483592223894E-004
 performing expansion, best =    8.1699013605330097E-004
 performing expansion, best =    8.1682122614245775E-004
 performing expansion, best =    8.1662851855824237E-004
 performing expansion, best =    8.1659100201587832E-004
 performing expansion, best =    8.1647826402118364E-004
 performing expansion, best =    8.1646984819749261E-004
 performing expansion, best =    8.1641286515602828E-004
 performing expansion, best =    8.1637375912823630E-004
 performing expansion, best =    8.1636756198663824E-004
 performing expansion, best =    8.1628128510129953E-004
 performing expansion, best =    8.1611971693623306E-004
 performing expansion, best =    8.1600742321217851E-004
 performing expansion, best =    8.1595084973552290E-004
 performing expansion, best =    8.1568050718782694E-004
 performing expansion, best =    8.1565752728036598E-004
 performing expansion, best =    8.1553294402020727E-004
 performing expansion, best =    8.1552339850883733E-004
 performing expansion, best =    8.1549392099552294E-004
 performing expansion, best =    8.1546997453378427E-004
 performing expansion, best =    8.1538687458504130E-004
 performing expansion, best =    8.1536500276244725E-004
 performing expansion, best =    8.1536415276504156E-004
 performing expansion, best =    8.1533314824861402E-004
 performing expansion, best =    8.1533103911235060E-004
 performing expansion, best =    8.1525307793772165E-004
 performing expansion, best =    8.1523630657257407E-004
 performing expansion, best =    8.1522286190456150E-004
 performing expansion, best =    8.1519379106763466E-004
 performing expansion, best =    8.1517208892134139E-004
 performing expansion, best =    8.1516745565601628E-004
 performing expansion, best =    8.1513574336111055E-004
 performing expansion, best =    8.1511712945879435E-004
 performing expansion, best =    8.1511475405169947E-004
 performing expansion, best =    8.1510528302435861E-004
 performing expansion, best =    8.1510464994877208E-004
 performing expansion, best =    8.1510113727434146E-004
 performing expansion, best =    8.1509589170138228E-004
 performing expansion, best =    8.1509454717809454E-004
 performing expansion, best =    8.1509204094815395E-004
 performing expansion, best =    8.1507623105478162E-004
 performing expansion, best =    8.1507471687591469E-004
 performing expansion, best =    8.1506852723843407E-004
 performing expansion, best =    8.1506724366053722E-004
 performing expansion, best =    8.1506456052138658E-004
 performing expansion, best =    8.1506332881408879E-004
 performing expansion, best =    8.1505863593614306E-004
 performing expansion, best =    8.1505524881416043E-004
 performing expansion, best =    8.1505521166090242E-004
 performing expansion, best =    8.1505214054166308E-004
 performing expansion, best =    8.1505110072085008E-004
 performing expansion, best =    8.1505105622868676E-004
 performing expansion, best =    8.1504826251472423E-004
 performing expansion, best =    8.1504715466783773E-004
 performing expansion, best =    8.1504531338840933E-004
 performing expansion, best =    8.1504467345437908E-004
 performing expansion, best =    8.1504419437668989E-004
 performing expansion, best =    8.1504283049455885E-004
 performing expansion, best =    8.1504282346706080E-004
 performing expansion, best =    8.1504213558370603E-004
 performing expansion, best =    8.1504199440115242E-004
 performing expansion, best =    8.1504147987460931E-004
 performing expansion, best =    8.1504088094560504E-004
 performing expansion, best =    8.1504054866668387E-004
 performing expansion, best =    8.1504035522730217E-004
 performing expansion, best =    8.1504026545731287E-004
 performing expansion, best =    8.1503976849333628E-004
 performing expansion, best =    8.1503925133263259E-004
 performing expansion, best =    8.1503903676046765E-004
 performing expansion, best =    8.1503886309093176E-004
 performing expansion, best =    8.1503856422376973E-004
 performing expansion, best =    8.1503790232477491E-004
 performing expansion, best =    8.1503760331903049E-004
 performing expansion, best =    8.1503731234250398E-004
 performing expansion, best =    8.1503689139936252E-004
 performing expansion, best =    8.1503641712009323E-004
 performing expansion, best =    8.1503624137299656E-004
 performing expansion, best =    8.1503610316937961E-004
 performing expansion, best =    8.1503586798899652E-004
 performing expansion, best =    8.1503575826000674E-004
 performing expansion, best =    8.1503439627054228E-004
 performing expansion, best =    8.1503419740415722E-004
 performing expansion, best =    8.1503388609074510E-004
 performing expansion, best =    8.1503365325618867E-004
 performing expansion, best =    8.1503363646817791E-004
 performing expansion, best =    8.1503178009779238E-004
 performing expansion, best =    8.1502959265518870E-004
 performing expansion, best =    8.1502933839486442E-004
 performing expansion, best =    8.1502739657915207E-004
 performing expansion, best =    8.1502516494454027E-004
 performing expansion, best =    8.1502309262614244E-004
 performing expansion, best =    8.1502087754581993E-004
 performing expansion, best =    8.1501831284385264E-004
 performing expansion, best =    8.1501579340985376E-004
 performing expansion, best =    8.1501213631901732E-004
 performing expansion, best =    8.1500829259670466E-004
 performing expansion, best =    8.1500451375209461E-004
 performing expansion, best =    8.1500003357833756E-004
 performing expansion, best =    8.1499512917366840E-004
 performing expansion, best =    8.1498959905600534E-004
 performing expansion, best =    8.1498409989103732E-004
 performing expansion, best =    8.1497860814252045E-004
 performing expansion, best =    8.1497222840369360E-004
 performing expansion, best =    8.1496460716223970E-004
 performing expansion, best =    8.1495714269574232E-004
 performing expansion, best =    8.1494947040585233E-004
 performing expansion, best =    8.1494040819610040E-004
 performing expansion, best =    8.1493110261554461E-004
 performing expansion, best =    8.1492053855687684E-004
 performing expansion, best =    8.1490967954564073E-004
 performing expansion, best =    8.1489797018845700E-004
 performing expansion, best =    8.1488446112029341E-004
 performing expansion, best =    8.1486860399399355E-004
 performing expansion, best =    8.1485164444867109E-004
 performing expansion, best =    8.1483765721657240E-004
 performing expansion, best =    8.1482354325521534E-004
 performing expansion, best =    8.1480578155730449E-004
 performing expansion, best =    8.1478551011859119E-004
 performing expansion, best =    8.1476629528965652E-004
 performing expansion, best =    8.1475026182418987E-004
 performing expansion, best =    8.1473219837629302E-004
 performing expansion, best =    8.1471074419711708E-004
 performing expansion, best =    8.1469212706657796E-004
 performing expansion, best =    8.1467648194470568E-004
 performing expansion, best =    8.1465271655127732E-004
 performing expansion, best =    8.1463232787303312E-004
 performing expansion, best =    8.1460525009164773E-004
 performing expansion, best =    8.1457983749616493E-004
 performing expansion, best =    8.1453855540204604E-004
 performing expansion, best =    8.1450456362831781E-004
 performing expansion, best =    8.1447349036839175E-004
 performing expansion, best =    8.1443446534041350E-004
 performing expansion, best =    8.1438540368263706E-004
 performing expansion, best =    8.1433507195033470E-004
 performing expansion, best =    8.1428528648562872E-004
 performing expansion, best =    8.1422613281956983E-004
 performing expansion, best =    8.1416864173886061E-004
 performing expansion, best =    8.1416662888831616E-004
 performing expansion, best =    8.1411569492773636E-004
 performing expansion, best =    8.1404290844127182E-004
 performing expansion, best =    8.1397647128214504E-004
 performing expansion, best =    8.1391229521843745E-004
 performing expansion, best =    8.1383184995542353E-004
 performing expansion, best =    8.1373108552562298E-004
 performing expansion, best =    8.1364122200253835E-004
 performing expansion, best =    8.1353706558030022E-004
 performing expansion, best =    8.1341254907839333E-004
 performing expansion, best =    8.1329460173727155E-004
 performing expansion, best =    8.1326664561005998E-004
 performing expansion, best =    8.1311797298580220E-004
 performing expansion, best =    8.1296018312557769E-004
 performing expansion, best =    8.1281553142914216E-004
 performing expansion, best =    8.1266097125294872E-004
 performing expansion, best =    8.1250677974767859E-004
 performing expansion, best =    8.1232388723952728E-004
 performing expansion, best =    8.1213696889222760E-004
 performing expansion, best =    8.1195783985146873E-004
 performing expansion, best =    8.1177893931351584E-004
 performing expansion, best =    8.1159937826140796E-004
 performing expansion, best =    8.1141465590133725E-004
 performing expansion, best =    8.1132320852666607E-004
 performing expansion, best =    8.1118889145127631E-004
 performing expansion, best =    8.1105587515868964E-004
 performing expansion, best =    8.1094223568130123E-004
 performing expansion, best =    8.1089233415337859E-004
 performing expansion, best =    8.1087212989208409E-004
 performing expansion, best =    8.1078249439158780E-004
 performing expansion, best =    8.1076571072328510E-004
 performing expansion, best =    8.1074908957713872E-004
 performing expansion, best =    8.1074335944935423E-004
 performing expansion, best =    8.1068417414227123E-004
 performing expansion, best =    8.1066542844571881E-004
 performing expansion, best =    8.1065740213971736E-004
 performing expansion, best =    8.1061340622707939E-004
 performing expansion, best =    8.1055565992079370E-004
 performing expansion, best =    8.1049718852515098E-004
 performing expansion, best =    8.1046258879229754E-004
 performing expansion, best =    8.1041619774885050E-004
 performing expansion, best =    8.1036375338100746E-004
 performing expansion, best =    8.1035439034005542E-004
 performing expansion, best =    8.1033128214587347E-004
 performing expansion, best =    8.1029408133924678E-004
 performing expansion, best =    8.1028401262301676E-004
 performing expansion, best =    8.1025688732484270E-004
 performing expansion, best =    8.1017613862552264E-004
 performing expansion, best =    8.1011937148558479E-004
 performing expansion, best =    8.1004422916526814E-004
 performing expansion, best =    8.0997196767585203E-004
 performing expansion, best =    8.0996223482892433E-004
 performing expansion, best =    8.0986288090004069E-004
 performing expansion, best =    8.0984562893616639E-004
 performing expansion, best =    8.0978839264934661E-004
 performing expansion, best =    8.0972077780693365E-004
 performing expansion, best =    8.0965460803067327E-004
 performing expansion, best =    8.0963807579339435E-004
 performing expansion, best =    8.0955278474831120E-004
 performing expansion, best =    8.0949631164262852E-004
 performing expansion, best =    8.0943354965610473E-004
 performing expansion, best =    8.0934904220052932E-004
 performing expansion, best =    8.0931153399643480E-004
 performing expansion, best =    8.0925914938230188E-004
 performing expansion, best =    8.0924824392842839E-004
 performing expansion, best =    8.0923742916404868E-004
 performing expansion, best =    8.0920213069777072E-004
 performing expansion, best =    8.0918102937090574E-004
 performing expansion, best =    8.0917258858796692E-004
 performing expansion, best =    8.0915968118874955E-004
 performing expansion, best =    8.0915620878828647E-004
 performing expansion, best =    8.0915347396247686E-004
 performing expansion, best =    8.0913640922105224E-004
 performing expansion, best =    8.0912071657058247E-004
 performing expansion, best =    8.0910805656148716E-004
 performing expansion, best =    8.0910033398505520E-004
 performing expansion, best =    8.0907923257005814E-004
 performing expansion, best =    8.0907882574390638E-004
 performing expansion, best =    8.0907498094826382E-004
 performing expansion, best =    8.0907431350956511E-004
 performing expansion, best =    8.0907403323463381E-004
 performing expansion, best =    8.0907382082332153E-004
 performing expansion, best =    8.0907203918041692E-004
 performing expansion, best =    8.0906875931204881E-004
 performing expansion, best =    8.0906753026410152E-004
 performing expansion, best =    8.0906699752938396E-004
 performing expansion, best =    8.0906698190880198E-004
 performing expansion, best =    8.0906675911022465E-004
 performing expansion, best =    8.0906511813991504E-004
 performing expansion, best =    8.0906479771790255E-004
 performing expansion, best =    8.0906304343754604E-004
 performing expansion, best =    8.0906241154141806E-004
 performing expansion, best =    8.0906225419513579E-004
 performing expansion, best =    8.0906035552251487E-004
 performing expansion, best =    8.0906000614507860E-004
 performing expansion, best =    8.0905926021029688E-004
 performing expansion, best =    8.0905920515098137E-004
 performing expansion, best =    8.0905752163546645E-004
 performing expansion, best =    8.0905547396670013E-004
 performing expansion, best =    8.0905350917529059E-004
 performing expansion, best =    8.0905186379888851E-004
 performing expansion, best =    8.0905028638858533E-004
 performing expansion, best =    8.0904877098241510E-004
 performing expansion, best =    8.0904737895728170E-004
 performing expansion, best =    8.0904511998323417E-004
 performing expansion, best =    8.0904317822707986E-004
 performing expansion, best =    8.0904104847340729E-004
 performing expansion, best =    8.0903964674791413E-004
 performing expansion, best =    8.0903688494512755E-004
 performing expansion, best =    8.0903396848914003E-004
 performing expansion, best =    8.0903343446417472E-004
 performing expansion, best =    8.0903232990577945E-004
 performing expansion, best =    8.0903118672844422E-004
 performing expansion, best =    8.0902929391535403E-004
 performing expansion, best =    8.0902762663442190E-004
 performing expansion, best =    8.0902371119507958E-004
 performing expansion, best =    8.0902207817990976E-004
 performing expansion, best =    8.0902121494664386E-004
 performing expansion, best =    8.0901894138494027E-004
 performing expansion, best =    8.0901653474043116E-004
 performing expansion, best =    8.0901401714253190E-004
 performing expansion, best =    8.0900904251356165E-004
 performing expansion, best =    8.0900733280421923E-004
 performing expansion, best =    8.0900586504436547E-004
 performing expansion, best =    8.0900507206151367E-004
 performing expansion, best =    8.0900452835646751E-004
 performing expansion, best =    8.0900231702104078E-004
 performing expansion, best =    8.0900047352823045E-004
 performing expansion, best =    8.0899564920503268E-004
 performing expansion, best =    8.0899323931355360E-004
 performing expansion, best =    8.0899155414150168E-004
 performing expansion, best =    8.0899142341183154E-004
 performing expansion, best =    8.0899090734122374E-004
 performing expansion, best =    8.0898900170698663E-004
 performing expansion, best =    8.0898647865322397E-004
 performing expansion, best =    8.0898468388171873E-004
 performing expansion, best =    8.0898465946222886E-004
 performing expansion, best =    8.0898218618725645E-004
 performing expansion, best =    8.0897930752695153E-004
 performing expansion, best =    8.0897910584929020E-004
 performing expansion, best =    8.0897861609931872E-004
 performing expansion, best =    8.0897788573986329E-004
 performing expansion, best =    8.0897615511224162E-004
 performing expansion, best =    8.0897390219075770E-004
 performing expansion, best =    8.0897382172471024E-004
 performing expansion, best =    8.0897372783579906E-004
 performing expansion, best =    8.0897147094809510E-004
 performing expansion, best =    8.0896960927247946E-004
 performing expansion, best =    8.0896651218990111E-004
 performing expansion, best =    8.0896490477220682E-004
 performing expansion, best =    8.0896218749146429E-004
 performing expansion, best =    8.0895899086682352E-004
 performing expansion, best =    8.0895424128387653E-004
 performing expansion, best =    8.0895141785173989E-004
 performing expansion, best =    8.0894673399667339E-004
 performing expansion, best =    8.0893697817368388E-004
 performing expansion, best =    8.0893050337155811E-004
 performing expansion, best =    8.0892432506568610E-004
 performing expansion, best =    8.0891885669851513E-004
 performing expansion, best =    8.0890888519090181E-004
 performing expansion, best =    8.0889063969347564E-004
 performing expansion, best =    8.0888815562876585E-004
 performing expansion, best =    8.0888752799184002E-004
 performing expansion, best =    8.0887762665852016E-004
 performing expansion, best =    8.0887551243340758E-004
 performing expansion, best =    8.0887546443538210E-004
 performing expansion, best =    8.0886571487656905E-004
 performing expansion, best =    8.0886469495984365E-004
 performing expansion, best =    8.0886444892313289E-004
 performing expansion, best =    8.0886303339611947E-004
 performing expansion, best =    8.0886077160571878E-004
 performing expansion, best =    8.0885949665473046E-004
 performing expansion, best =    8.0885737548330348E-004
 performing expansion, best =    8.0885272705231613E-004
 performing expansion, best =    8.0885075020253286E-004
 performing expansion, best =    8.0883770395763781E-004
 performing expansion, best =    8.0883767351674896E-004
 performing expansion, best =    8.0883469564451815E-004
 performing expansion, best =    8.0883310769218428E-004
 performing expansion, best =    8.0883237858489813E-004
 performing expansion, best =    8.0883031098085182E-004
 performing expansion, best =    8.0882791683759253E-004
 performing expansion, best =    8.0882734610932948E-004
 performing expansion, best =    8.0882597807418956E-004
 performing expansion, best =    8.0882482039343318E-004
 performing expansion, best =    8.0882330752274443E-004
 performing expansion, best =    8.0882125613478410E-004
 performing expansion, best =    8.0882113450892043E-004
 performing expansion, best =    8.0881929282249922E-004
 performing expansion, best =    8.0881737785857676E-004
 performing expansion, best =    8.0881479313795379E-004
 performing expansion, best =    8.0881327156632934E-004
 performing expansion, best =    8.0881307034825372E-004
 performing expansion, best =    8.0881299872446674E-004
 performing expansion, best =    8.0881139757495244E-004
 performing expansion, best =    8.0881024322133422E-004
 performing expansion, best =    8.0881001717040743E-004
 performing expansion, best =    8.0880996858176543E-004
 performing expansion, best =    8.0880967922472493E-004
 performing expansion, best =    8.0880789484809063E-004
 performing expansion, best =    8.0880680470796782E-004
 performing expansion, best =    8.0880627627550358E-004
 performing expansion, best =    8.0880388888106758E-004
 performing expansion, best =    8.0880387379341715E-004
 performing expansion, best =    8.0880356034233013E-004
 performing expansion, best =    8.0880227033528244E-004
 performing expansion, best =    8.0880199053456859E-004
 performing expansion, best =    8.0880016994144105E-004
 performing expansion, best =    8.0879782097621018E-004
 performing expansion, best =    8.0879764653612172E-004
 performing expansion, best =    8.0879708687603511E-004
 performing expansion, best =    8.0879621130309218E-004
 performing expansion, best =    8.0879449632036539E-004
 performing expansion, best =    8.0879362064449005E-004
 performing expansion, best =    8.0879339114378374E-004
 performing expansion, best =    8.0879292507354990E-004
 performing expansion, best =    8.0879248406036679E-004
 performing expansion, best =    8.0879245031556936E-004
 performing expansion, best =    8.0879243675395106E-004
 performing expansion, best =    8.0879243039083367E-004
 performing expansion, best =    8.0879125816282391E-004
 performing expansion, best =    8.0879115441959398E-004
 performing expansion, best =    8.0879074832880256E-004
 performing expansion, best =    8.0879066538631287E-004
 performing expansion, best =    8.0879027096466378E-004
 performing expansion, best =    8.0879020189666148E-004
 performing expansion, best =    8.0878955210491460E-004
 performing expansion, best =    8.0878938470385457E-004
 performing expansion, best =    8.0878917450183190E-004
 performing expansion, best =    8.0878916433415357E-004
 performing expansion, best =    8.0878915422896215E-004
 performing expansion, best =    8.0878911184652463E-004
 performing expansion, best =    8.0878908568901954E-004
 performing expansion, best =    8.0878890036722637E-004
 performing expansion, best =    8.0878883203050066E-004
 performing expansion, best =    8.0878876932222610E-004
 performing expansion, best =    8.0878875165528365E-004
 performing expansion, best =    8.0878874163436412E-004
 performing expansion, best =    8.0878855854962816E-004
 performing expansion, best =    8.0878852274526413E-004
 performing expansion, best =    8.0878848404821412E-004
 performing expansion, best =    8.0878845705583920E-004
 performing expansion, best =    8.0878831642768251E-004
 performing expansion, best =    8.0878815564691838E-004
 performing expansion, best =    8.0878810381691791E-004
 performing expansion, best =    8.0878789305853461E-004
 performing expansion, best =    8.0878783488904846E-004
 performing expansion, best =    8.0878782065523500E-004
 performing expansion, best =    8.0878764185504215E-004
 performing expansion, best =    8.0878754401098193E-004
 performing expansion, best =    8.0878738155116224E-004
 performing expansion, best =    8.0878720807588751E-004
 performing expansion, best =    8.0878697164622141E-004
 performing expansion, best =    8.0878675171876127E-004
 performing expansion, best =    8.0878644872874115E-004
 performing expansion, best =    8.0878622093469733E-004
 performing expansion, best =    8.0878579121097327E-004
 performing expansion, best =    8.0878532364830891E-004
 performing expansion, best =    8.0878493315585684E-004
 performing expansion, best =    8.0878439532503443E-004
 performing expansion, best =    8.0878384830585350E-004
 performing expansion, best =    8.0878315417005984E-004
 performing expansion, best =    8.0878248130972577E-004
 performing expansion, best =    8.0878176647486075E-004
 performing expansion, best =    8.0878100295124532E-004
 performing expansion, best =    8.0877990553087763E-004
 performing expansion, best =    8.0877882897235410E-004
 performing expansion, best =    8.0877726808107839E-004
 performing expansion, best =    8.0877572245745450E-004
 performing expansion, best =    8.0877399252942902E-004
 performing expansion, best =    8.0877209169188838E-004
 performing expansion, best =    8.0876988137985493E-004
 performing expansion, best =    8.0876748410103395E-004
 performing expansion, best =    8.0876431558707363E-004
 performing expansion, best =    8.0876110832946797E-004
 performing expansion, best =    8.0875731664531913E-004
 performing expansion, best =    8.0875317982353318E-004
 performing expansion, best =    8.0874815854148113E-004
 performing expansion, best =    8.0874277021305023E-004
 performing expansion, best =    8.0874276516348562E-004
 performing expansion, best =    8.0874246358130625E-004
 performing expansion, best =    8.0874160778839782E-004
 performing expansion, best =    8.0874124298330999E-004
 performing expansion, best =    8.0874118982569734E-004
 performing expansion, best =    8.0874041552621344E-004
 performing expansion, best =    8.0874016167933578E-004
 performing expansion, best =    8.0874003631314505E-004
 performing expansion, best =    8.0873974974384041E-004
 performing expansion, best =    8.0873969705636700E-004
 performing expansion, best =    8.0873914068930141E-004
 performing expansion, best =    8.0873903611247710E-004
 performing expansion, best =    8.0873888216325004E-004
 performing expansion, best =    8.0873885107176236E-004
 performing expansion, best =    8.0873882238148976E-004
 performing expansion, best =    8.0873874213131867E-004
 performing expansion, best =    8.0873862915356565E-004
 performing expansion, best =    8.0873855706944161E-004
 performing expansion, best =    8.0873843916644088E-004
 performing expansion, best =    8.0873833366570621E-004
 performing expansion, best =    8.0873785198024473E-004
 performing expansion, best =    8.0873782261550113E-004
 performing expansion, best =    8.0873749195429600E-004
 performing expansion, best =    8.0873705429791829E-004
 performing expansion, best =    8.0873651269981652E-004
 performing expansion, best =    8.0873649230108423E-004
 performing expansion, best =    8.0873604041590056E-004
 performing expansion, best =    8.0873594629818184E-004
 performing expansion, best =    8.0873592706828389E-004
 performing expansion, best =    8.0873553832948482E-004
 performing expansion, best =    8.0873551188619163E-004
 performing expansion, best =    8.0873545597714622E-004
 performing expansion, best =    8.0873539734783247E-004
 performing expansion, best =    8.0873537999291147E-004
 performing expansion, best =    8.0873536359019245E-004
 performing expansion, best =    8.0873527732378122E-004
 performing expansion, best =    8.0873525483321550E-004
 performing expansion, best =    8.0873523780867053E-004
 performing expansion, best =    8.0873519446704326E-004
 performing expansion, best =    8.0873517127976521E-004
 performing expansion, best =    8.0873513599315791E-004
 performing expansion, best =    8.0873511506986443E-004
 performing expansion, best =    8.0873510901991027E-004
 performing expansion, best =    8.0873509830130090E-004
 performing expansion, best =    8.0873509479783970E-004
 performing expansion, best =    8.0873507062400685E-004
 performing expansion, best =    8.0873505178894064E-004
 performing expansion, best =    8.0873503286948533E-004
 performing expansion, best =    8.0873501546239958E-004
 performing expansion, best =    8.0873500650191249E-004
 performing expansion, best =    8.0873498521429814E-004
 performing expansion, best =    8.0873483664451362E-004
 performing expansion, best =    8.0873482302274661E-004
 performing expansion, best =    8.0873478713056654E-004
 performing expansion, best =    8.0873466182426724E-004
 performing expansion, best =    8.0873455392869629E-004
 performing expansion, best =    8.0873440005796145E-004
 performing expansion, best =    8.0873426659916871E-004
 performing expansion, best =    8.0873426042203298E-004
 performing expansion, best =    8.0873413018830065E-004
 performing expansion, best =    8.0873397309887813E-004
 performing expansion, best =    8.0873396117835778E-004
 performing expansion, best =    8.0873394769627536E-004
 performing expansion, best =    8.0873383301830024E-004
 performing expansion, best =    8.0873379410107066E-004
 performing expansion, best =    8.0873375942218254E-004
 performing expansion, best =    8.0873375150974892E-004
 performing expansion, best =    8.0873374822917573E-004
 performing expansion, best =    8.0873367189367910E-004
 performing expansion, best =    8.0873355944201253E-004
 performing expansion, best =    8.0873352832608195E-004
 performing expansion, best =    8.0873348148549293E-004
 performing expansion, best =    8.0873347881687727E-004
 performing expansion, best =    8.0873337569772809E-004
 performing expansion, best =    8.0873336739604508E-004
 performing expansion, best =    8.0873330287374351E-004
 performing expansion, best =    8.0873328545397877E-004
 performing expansion, best =    8.0873327804506403E-004
 performing expansion, best =    8.0873323416174908E-004
 performing expansion, best =    8.0873313120953690E-004
 performing expansion, best =    8.0873310490078680E-004
 performing expansion, best =    8.0873309342921061E-004
 performing expansion, best =    8.0873309260344245E-004
 performing expansion, best =    8.0873302203746870E-004
 performing expansion, best =    8.0873300967276873E-004
 performing expansion, best =    8.0873293463275221E-004
 performing expansion, best =    8.0873284534533046E-004
 performing expansion, best =    8.0873283053020033E-004
 performing expansion, best =    8.0873277036545529E-004
 performing expansion, best =    8.0873263224579938E-004
 performing expansion, best =    8.0873249782677573E-004
 performing expansion, best =    8.0873232491569423E-004
 performing expansion, best =    8.0873216082248179E-004
 performing expansion, best =    8.0873198154296022E-004
 performing expansion, best =    8.0873177846668503E-004
 performing expansion, best =    8.0873154152649642E-004
 performing expansion, best =    8.0873128634218285E-004
 performing expansion, best =    8.0873108475668998E-004
 performing expansion, best =    8.0873078830600155E-004
 performing expansion, best =    8.0873037325159111E-004
 performing expansion, best =    8.0872994902753494E-004
 performing expansion, best =    8.0872954389280796E-004
 performing expansion, best =    8.0872916367940001E-004
 performing expansion, best =    8.0872875158837681E-004
 performing expansion, best =    8.0872815891848057E-004
 performing expansion, best =    8.0872761612318976E-004
 performing expansion, best =    8.0872691384915841E-004
 performing expansion, best =    8.0872635614912783E-004
 performing expansion, best =    8.0872560839803577E-004
 performing expansion, best =    8.0872482918909307E-004
 performing expansion, best =    8.0872409164431662E-004
 performing expansion, best =    8.0872324878960460E-004
 performing expansion, best =    8.0872310933578241E-004
 performing expansion, best =    8.0872298405154045E-004
 performing expansion, best =    8.0872268855965114E-004
 performing expansion, best =    8.0872266687601090E-004
 performing expansion, best =    8.0872260612622679E-004
 performing expansion, best =    8.0872251820739659E-004
 performing expansion, best =    8.0872246570709854E-004
 performing expansion, best =    8.0872246106309970E-004
 performing expansion, best =    8.0872242637136107E-004
 performing expansion, best =    8.0872241052084800E-004
 performing expansion, best =    8.0872234209125094E-004
 performing expansion, best =    8.0872233296981145E-004
 performing expansion, best =    8.0872230643029607E-004
 performing expansion, best =    8.0872230326354394E-004
 performing expansion, best =    8.0872228173051500E-004
 performing expansion, best =    8.0872223673577747E-004
 performing expansion, best =    8.0872223334579343E-004
 performing expansion, best =    8.0872223173976290E-004
 performing expansion, best =    8.0872222455383733E-004
 performing expansion, best =    8.0872222305587368E-004
 performing expansion, best =    8.0872216113596373E-004
 performing expansion, best =    8.0872211516778579E-004
 performing expansion, best =    8.0872210830011822E-004
 performing expansion, best =    8.0872210744484848E-004
 performing expansion, best =    8.0872203923259222E-004
 performing expansion, best =    8.0872194681179757E-004
 performing expansion, best =    8.0872194349358186E-004
 performing expansion, best =    8.0872184588094036E-004
 performing expansion, best =    8.0872183102961652E-004
 performing expansion, best =    8.0872182523386560E-004
 performing expansion, best =    8.0872173754024457E-004
 performing expansion, best =    8.0872170863046798E-004
 performing expansion, best =    8.0872170229723229E-004
 performing expansion, best =    8.0872170195679075E-004
 performing expansion, best =    8.0872168295862291E-004
 performing expansion, best =    8.0872168057799672E-004
 performing expansion, best =    8.0872159912067124E-004
 performing expansion, best =    8.0872158417495915E-004
 performing expansion, best =    8.0872157380683298E-004
 performing expansion, best =    8.0872156948177032E-004
 performing expansion, best =    8.0872156850028221E-004
 performing expansion, best =    8.0872156488531462E-004
 performing expansion, best =    8.0872155888440901E-004
 performing expansion, best =    8.0872150450547937E-004
 performing expansion, best =    8.0872150060340442E-004
 performing expansion, best =    8.0872149256408239E-004
 performing expansion, best =    8.0872149065622484E-004
 performing expansion, best =    8.0872148328108538E-004
 performing expansion, best =    8.0872147529461181E-004
 performing expansion, best =    8.0872147244192411E-004
 performing expansion, best =    8.0872143736368898E-004
 performing expansion, best =    8.0872140128221621E-004
 performing expansion, best =    8.0872139496912781E-004
 performing expansion, best =    8.0872139096727460E-004
 performing expansion, best =    8.0872138644126927E-004
 performing expansion, best =    8.0872138479123087E-004
 performing expansion, best =    8.0872138135813277E-004
 performing expansion, best =    8.0872137886465166E-004
 performing expansion, best =    8.0872137832455461E-004
 performing expansion, best =    8.0872137280581192E-004
 performing expansion, best =    8.0872136871200774E-004
 performing expansion, best =    8.0872133681082520E-004
 performing expansion, best =    8.0872133246552525E-004
 performing expansion, best =    8.0872129996057665E-004
 performing expansion, best =    8.0872126273866588E-004
 performing expansion, best =    8.0872121981296230E-004
 performing expansion, best =    8.0872121912156181E-004
 performing expansion, best =    8.0872121409114258E-004
 performing expansion, best =    8.0872121097100801E-004
 performing expansion, best =    8.0872115960578441E-004
 performing expansion, best =    8.0872110679101471E-004
 performing expansion, best =    8.0872105170012463E-004
 performing expansion, best =    8.0872099059414639E-004
 performing expansion, best =    8.0872092557351960E-004
 performing expansion, best =    8.0872084678586871E-004
 performing expansion, best =    8.0872076268174466E-004
 performing expansion, best =    8.0872068096982976E-004
 performing expansion, best =    8.0872059720084300E-004
 performing expansion, best =    8.0872051204942464E-004
 performing expansion, best =    8.0872041820831604E-004
 performing expansion, best =    8.0872033866111778E-004
 performing expansion, best =    8.0872027552152635E-004
 performing expansion, best =    8.0872026904049309E-004
 performing expansion, best =    8.0872026374659322E-004
 performing expansion, best =    8.0872022201889759E-004
 performing expansion, best =    8.0872021405229008E-004
 performing expansion, best =    8.0872016067580260E-004
 performing expansion, best =    8.0872010361823061E-004
 performing expansion, best =    8.0872007265981411E-004
 performing expansion, best =    8.0872006196088333E-004
 performing expansion, best =    8.0872005540552389E-004
 performing expansion, best =    8.0872004875484323E-004
 performing expansion, best =    8.0872001481552616E-004
 performing expansion, best =    8.0871997444322528E-004
 performing expansion, best =    8.0871996644981412E-004
 performing expansion, best =    8.0871996624864995E-004
 performing expansion, best =    8.0871993256110772E-004
 performing expansion, best =    8.0871988296240139E-004
 performing expansion, best =    8.0871988005481142E-004
 performing expansion, best =    8.0871987303926876E-004
 performing expansion, best =    8.0871982684512661E-004
 performing expansion, best =    8.0871982626708834E-004
 performing expansion, best =    8.0871982123531169E-004
 performing expansion, best =    8.0871981500136583E-004
 performing expansion, best =    8.0871980817981415E-004
 performing expansion, best =    8.0871980710642689E-004
 performing expansion, best =    8.0871979950723175E-004
 performing expansion, best =    8.0871979690048251E-004
 performing expansion, best =    8.0871979269097184E-004
 performing expansion, best =    8.0871976926828704E-004
 performing expansion, best =    8.0871974474860920E-004
 performing expansion, best =    8.0871974120348656E-004
 performing expansion, best =    8.0871971480298900E-004
 performing expansion, best =    8.0871970989065272E-004
 performing expansion, best =    8.0871970860113009E-004
 performing expansion, best =    8.0871970796374607E-004
 performing expansion, best =    8.0871970444779172E-004
 performing expansion, best =    8.0871967908877974E-004
 performing expansion, best =    8.0871967791487252E-004
 performing expansion, best =    8.0871965660329155E-004
 performing expansion, best =    8.0871965084612597E-004
 performing expansion, best =    8.0871962303257178E-004
 performing expansion, best =    8.0871960078872580E-004
 performing expansion, best =    8.0871956188700920E-004
 performing expansion, best =    8.0871952474029414E-004
 performing expansion, best =    8.0871952090758384E-004
 performing expansion, best =    8.0871948872614187E-004
 performing expansion, best =    8.0871945162256243E-004
 performing expansion, best =    8.0871941496414601E-004
 performing expansion, best =    8.0871937893278853E-004
 performing expansion, best =    8.0871932871987040E-004
 performing expansion, best =    8.0871928382181702E-004
 performing expansion, best =    8.0871924695367046E-004
 performing expansion, best =    8.0871919281954446E-004
 performing expansion, best =    8.0871915313677416E-004
 performing expansion, best =    8.0871914650882976E-004
 performing expansion, best =    8.0871913494834737E-004
 performing expansion, best =    8.0871909109664407E-004
 performing expansion, best =    8.0871905601435099E-004
 performing expansion, best =    8.0871905018715321E-004
 performing expansion, best =    8.0871904177491952E-004
 performing expansion, best =    8.0871899478177187E-004
 performing expansion, best =    8.0871895551950753E-004
 performing expansion, best =    8.0871892176614263E-004
 performing expansion, best =    8.0871891986602465E-004
 performing expansion, best =    8.0871888723884320E-004
 performing expansion, best =    8.0871885437910538E-004
 performing expansion, best =    8.0871882342638192E-004
 performing expansion, best =    8.0871879624844938E-004
 performing expansion, best =    8.0871876804163956E-004
 performing expansion, best =    8.0871872551775172E-004
 performing expansion, best =    8.0871867905800009E-004
 performing expansion, best =    8.0871862982459216E-004
 performing expansion, best =    8.0871858407429885E-004
 performing expansion, best =    8.0871853280533527E-004
 performing expansion, best =    8.0871847581911549E-004
 performing expansion, best =    8.0871841472238604E-004
 performing expansion, best =    8.0871833995104707E-004
 performing expansion, best =    8.0871827752111605E-004
 performing expansion, best =    8.0871823384189338E-004
 performing expansion, best =    8.0871818873158954E-004
 performing expansion, best =    8.0871814635098400E-004
 performing expansion, best =    8.0871809751487068E-004
 performing expansion, best =    8.0871806017150129E-004
 performing expansion, best =    8.0871802240198016E-004
 performing expansion, best =    8.0871797251279873E-004
 performing expansion, best =    8.0871792509448130E-004
 performing expansion, best =    8.0871792291130557E-004
 performing expansion, best =    8.0871789491349078E-004
 performing expansion, best =    8.0871789213111391E-004
 performing expansion, best =    8.0871787292492660E-004
 performing expansion, best =    8.0871787060456070E-004
 performing expansion, best =    8.0871785717591090E-004
 performing expansion, best =    8.0871783952424128E-004
 performing expansion, best =    8.0871781808490367E-004
 performing expansion, best =    8.0871781524454768E-004
 performing expansion, best =    8.0871779408378433E-004
 performing expansion, best =    8.0871777132557571E-004
 performing expansion, best =    8.0871776823331402E-004
 performing expansion, best =    8.0871774401648474E-004
 performing expansion, best =    8.0871772051945305E-004
 performing expansion, best =    8.0871769289042183E-004
 performing expansion, best =    8.0871766933883699E-004
 performing expansion, best =    8.0871763371815101E-004
 performing expansion, best =    8.0871759857284475E-004
 performing expansion, best =    8.0871756632482875E-004
 performing expansion, best =    8.0871753211231117E-004
 performing expansion, best =    8.0871751855974780E-004
 performing expansion, best =    8.0871751714772105E-004
 performing expansion, best =    8.0871751035634391E-004
 performing expansion, best =    8.0871750964883293E-004
 performing expansion, best =    8.0871748273740043E-004
 performing expansion, best =    8.0871745484592582E-004
 performing expansion, best =    8.0871744462291458E-004
 performing expansion, best =    8.0871741051278027E-004
 performing expansion, best =    8.0871740937860537E-004
 performing expansion, best =    8.0871739354452957E-004
 performing expansion, best =    8.0871739015709340E-004
 performing expansion, best =    8.0871737272184430E-004
 performing expansion, best =    8.0871737057977772E-004
 performing expansion, best =    8.0871736889323370E-004
 performing expansion, best =    8.0871736082861105E-004
 performing expansion, best =    8.0871735587677437E-004
 performing expansion, best =    8.0871735567415281E-004
 performing expansion, best =    8.0871735238211440E-004
 performing expansion, best =    8.0871734859279398E-004
 performing expansion, best =    8.0871734835811051E-004
 performing expansion, best =    8.0871734658001417E-004
 performing expansion, best =    8.0871734512131806E-004
 performing expansion, best =    8.0871734386152294E-004
 performing expansion, best =    8.0871734216465677E-004
 performing expansion, best =    8.0871734173418829E-004
 performing expansion, best =    8.0871734087180737E-004
 performing expansion, best =    8.0871734032327447E-004
 performing expansion, best =    8.0871734022368281E-004
 performing expansion, best =    8.0871733883563883E-004
 performing expansion, best =    8.0871733470516737E-004
 performing expansion, best =    8.0871733447920706E-004
 performing expansion, best =    8.0871733431749223E-004
 performing expansion, best =    8.0871733416413400E-004
 performing expansion, best =    8.0871733373561437E-004
 performing expansion, best =    8.0871733364707582E-004
 performing expansion, best =    8.0871733353486284E-004
 performing expansion, best =    8.0871733341386881E-004
 performing expansion, best =    8.0871733303312747E-004
 performing expansion, best =    8.0871733290434800E-004
 performing expansion, best =    8.0871733279885914E-004
 performing expansion, best =    8.0871733274790803E-004
 performing expansion, best =    8.0871733263038865E-004
 performing expansion, best =    8.0871733258912511E-004
 performing expansion, best =    8.0871733255684255E-004
 performing expansion, best =    8.0871733195515372E-004
 performing expansion, best =    8.0871733127915160E-004
 performing expansion, best =    8.0871733124310069E-004
 performing expansion, best =    8.0871733067638203E-004
 performing expansion, best =    8.0871733056430166E-004
 performing expansion, best =    8.0871733001696116E-004
 performing expansion, best =    8.0871732935038955E-004
 performing expansion, best =    8.0871732871850904E-004
 performing expansion, best =    8.0871732801543451E-004
 performing expansion, best =    8.0871732789250896E-004
 performing expansion, best =    8.0871732778432944E-004
 performing expansion, best =    8.0871732687735301E-004
 performing expansion, best =    8.0871732674613821E-004
 performing expansion, best =    8.0871732666337238E-004
 performing expansion, best =    8.0871732594952662E-004
 performing expansion, best =    8.0871732593723687E-004
 performing expansion, best =    8.0871732533897974E-004
 performing expansion, best =    8.0871732513226457E-004
 performing expansion, best =    8.0871732492077087E-004
 performing expansion, best =    8.0871732417819853E-004
 performing expansion, best =    8.0871732358280771E-004
 performing expansion, best =    8.0871732349481495E-004
 performing expansion, best =    8.0871732330617342E-004
 performing expansion, best =    8.0871732258410963E-004
 performing expansion, best =    8.0871732181187308E-004
 performing expansion, best =    8.0871732178989511E-004
 performing expansion, best =    8.0871732084923219E-004
 performing expansion, best =    8.0871732001549276E-004
 performing expansion, best =    8.0871731985058995E-004
 performing expansion, best =    8.0871731971367711E-004
 performing expansion, best =    8.0871731947115171E-004
 performing expansion, best =    8.0871731928208615E-004
 performing expansion, best =    8.0871731905933855E-004
 performing expansion, best =    8.0871731806107718E-004
 performing expansion, best =    8.0871731792433175E-004
 performing expansion, best =    8.0871731772581335E-004
 performing expansion, best =    8.0871731750619508E-004
 performing expansion, best =    8.0871731734125920E-004
 performing expansion, best =    8.0871731722158356E-004
 performing expansion, best =    8.0871731713309043E-004
 performing expansion, best =    8.0871731700597554E-004
 performing expansion, best =    8.0871731632852363E-004
 performing expansion, best =    8.0871731553854487E-004
 performing expansion, best =    8.0871731548962621E-004
 performing expansion, best =    8.0871731494288159E-004
 performing expansion, best =    8.0871731491995212E-004
 performing expansion, best =    8.0871731476820513E-004
 performing expansion, best =    8.0871731372913298E-004
 performing expansion, best =    8.0871731358877325E-004
 performing expansion, best =    8.0871731269594696E-004
 performing expansion, best =    8.0871731169891649E-004
 performing expansion, best =    8.0871731067591504E-004
 performing expansion, best =    8.0871730953042357E-004
 performing expansion, best =    8.0871730836759321E-004
 performing expansion, best =    8.0871730729786438E-004
 performing expansion, best =    8.0871730644516474E-004
 performing expansion, best =    8.0871730546766562E-004
 performing expansion, best =    8.0871730481656373E-004
 performing expansion, best =    8.0871730397174559E-004
 performing expansion, best =    8.0871730334039081E-004
 performing expansion, best =    8.0871730282849939E-004
 performing expansion, best =    8.0871730227974293E-004
 performing expansion, best =    8.0871730224323481E-004
 performing expansion, best =    8.0871730179140624E-004
 performing expansion, best =    8.0871730150371059E-004
 performing expansion, best =    8.0871730085098250E-004
 performing expansion, best =    8.0871730080637788E-004
 performing expansion, best =    8.0871730055308982E-004
 performing expansion, best =    8.0871730054775945E-004
 performing expansion, best =    8.0871730036679212E-004
 performing expansion, best =    8.0871730011727839E-004
 performing expansion, best =    8.0871730002467094E-004
 performing expansion, best =    8.0871729992738027E-004
Exiting simplex optimization after  8999 iterations
Solution after  refinement:      8.0871729993E-04
RMSE         8.087172999E-04 Hartree
NEW BEST!
