Running in fitting mode

Reading "/data/boittier/energies/h2o_geom.xyz.dir/h2o_1.chk.fchk.potential.cube"...

  h2o Potential=SCF
  Electrostatic potential from Total SCF Density
    3   -4.970736   -4.748413   -4.970736
   80    0.125841    0.000000    0.000000
   80    0.000000    0.125841    0.000000
   80    0.000000    0.000000    0.125841
    8    8.000000    0.000000    0.222323    0.000000
    1    1.000000    1.427171   -0.896400    0.000000
    1    1.000000   -1.427171   -0.882184    0.000000
  1.66698E-02  1.67288E-02  1.67584E-02  1.67584E-02  1.67288E-02  1.66698E-02
       .            .            .            .            .            .
       .            .            .            .            .            .
       .            .            .            .            .            .
 -9.18626E-03 -9.18159E-03 -9.17225E-03 -9.15823E-03 -9.13952E-03 -9.11609E-03

338246 out of 512000 gridpoints are considered ( 66.1%).

...done!




 Refining solution from file/home/boittier/MDCM-1/examples/water/5-combine-frags/9-combined.xyz
 Contains      9 charges
      Initial RMSE =         4.286542607E+01 kcal/mol
Running DE in parallel with 4 thread(s)!


User requested refinement using simplex algorithm (no DE)

 performing expansion, best =    6.7340626130063974E-002
 performing expansion, best =    6.7317173456825696E-002
 performing expansion, best =    6.7209486040528149E-002
 performing expansion, best =    6.7178752323847374E-002
 performing expansion, best =    6.7161641273931955E-002
 performing expansion, best =    6.7115373878518597E-002
 performing expansion, best =    6.7060392753221426E-002
 performing expansion, best =    6.6855441641356345E-002
 performing expansion, best =    6.6370732970008436E-002
 performing expansion, best =    6.6202476541665334E-002
 performing expansion, best =    6.6047959891051458E-002
 performing expansion, best =    6.6041432418454116E-002
 performing expansion, best =    6.6023560052122232E-002
 performing expansion, best =    6.6008672805803317E-002
 performing expansion, best =    6.5993517450525035E-002
 performing expansion, best =    6.5984577558166849E-002
 performing expansion, best =    6.5982206128164078E-002
 performing expansion, best =    6.5968224091842456E-002
 performing expansion, best =    6.5959561456416987E-002
 performing expansion, best =    6.5959219601216035E-002
 performing expansion, best =    6.5950025772284843E-002
 performing expansion, best =    6.5948270943131937E-002
 performing expansion, best =    6.5944537770923128E-002
 performing expansion, best =    6.5943320099863798E-002
 performing expansion, best =    6.5933775545379311E-002
 performing expansion, best =    6.5929977642152388E-002
 performing expansion, best =    6.5925046579460647E-002
 performing expansion, best =    6.5913991570185917E-002
 performing expansion, best =    6.5907867403546802E-002
 performing expansion, best =    6.5906606067202250E-002
 performing expansion, best =    6.5906580189219105E-002
 performing expansion, best =    6.5904827433851731E-002
 performing expansion, best =    6.5901644484374633E-002
 performing expansion, best =    6.5899497519499209E-002
 performing expansion, best =    6.5893664687101020E-002
 performing expansion, best =    6.5889148552219418E-002
 performing expansion, best =    6.5887672785258491E-002
 performing expansion, best =    6.5883395567959732E-002
 performing expansion, best =    6.5882038140395754E-002
 performing expansion, best =    6.5879299809687250E-002
 performing expansion, best =    6.5875449102069064E-002
 performing expansion, best =    6.5872003060483450E-002
 performing expansion, best =    6.5869196639397568E-002
 performing expansion, best =    6.5862779777754094E-002
 performing expansion, best =    6.5860509689444555E-002
 performing expansion, best =    6.5853537003529264E-002
 performing expansion, best =    6.5849321151426804E-002
 performing expansion, best =    6.5835815587660107E-002
 performing expansion, best =    6.5835160655353386E-002
 performing expansion, best =    6.5821579910340683E-002
 performing expansion, best =    6.5819822239163966E-002
 performing expansion, best =    6.5816954724401938E-002
 performing expansion, best =    6.5813010035719086E-002
 performing expansion, best =    6.5811042804344480E-002
 performing expansion, best =    6.5808826095678771E-002
 performing expansion, best =    6.5805763506345316E-002
 performing expansion, best =    6.5801752211773451E-002
 performing expansion, best =    6.5800122917551399E-002
 performing expansion, best =    6.5799502760902864E-002
 performing expansion, best =    6.5797343271560241E-002
 performing expansion, best =    6.5796292256014327E-002
 performing expansion, best =    6.5794096379179767E-002
 performing expansion, best =    6.5792790978593696E-002
 performing expansion, best =    6.5792481966482311E-002
 performing expansion, best =    6.5791632370572242E-002
 performing expansion, best =    6.5791417911415115E-002
 performing expansion, best =    6.5791043030109062E-002
 performing expansion, best =    6.5788779931590310E-002
 performing expansion, best =    6.5787494936484170E-002
 performing expansion, best =    6.5783395930903765E-002
 performing expansion, best =    6.5779381264797626E-002
 performing expansion, best =    6.5775492872755664E-002
 performing expansion, best =    6.5773421756049888E-002
 performing expansion, best =    6.5768999798512168E-002
 performing expansion, best =    6.5763723363048671E-002
 performing expansion, best =    6.5758342940569189E-002
 performing expansion, best =    6.5757017821102465E-002
 performing expansion, best =    6.5756718876709808E-002
 performing expansion, best =    6.5755884830581660E-002
 performing expansion, best =    6.5754759942785984E-002
 performing expansion, best =    6.5749375156637840E-002
 performing expansion, best =    6.5744603577519350E-002
 performing expansion, best =    6.5741955520642284E-002
 performing expansion, best =    6.5741387562411061E-002
 performing expansion, best =    6.5739793850915398E-002
 performing expansion, best =    6.5739370728372479E-002
 performing expansion, best =    6.5739003774513763E-002
 performing expansion, best =    6.5738553725935872E-002
 performing expansion, best =    6.5737857466725794E-002
 performing expansion, best =    6.5737749392925870E-002
 performing expansion, best =    6.5736819646308536E-002
 performing expansion, best =    6.5736270023382976E-002
 performing expansion, best =    6.5736012385023967E-002
 performing expansion, best =    6.5733863765629008E-002
 performing expansion, best =    6.5733566975385155E-002
 performing expansion, best =    6.5731879348850927E-002
 performing expansion, best =    6.5731662504073876E-002
 performing expansion, best =    6.5731383384014228E-002
 performing expansion, best =    6.5731212254394517E-002
 performing expansion, best =    6.5730615230943618E-002
 performing expansion, best =    6.5730119090603764E-002
 performing expansion, best =    6.5730061575939872E-002
 performing expansion, best =    6.5728635773278726E-002
 performing expansion, best =    6.5728313264825658E-002
 performing expansion, best =    6.5727960221204279E-002
 performing expansion, best =    6.5727396594503371E-002
 performing expansion, best =    6.5727296032581956E-002
 performing expansion, best =    6.5727095251427059E-002
 performing expansion, best =    6.5726867099373060E-002
 performing expansion, best =    6.5726766270422537E-002
 performing expansion, best =    6.5725800686625188E-002
 performing expansion, best =    6.5723910956135112E-002
 performing expansion, best =    6.5722381387851234E-002
 performing expansion, best =    6.5720851759778418E-002
 performing expansion, best =    6.5719111677022379E-002
 performing expansion, best =    6.5717313640861821E-002
 performing expansion, best =    6.5715870859225922E-002
 performing expansion, best =    6.5714966082943402E-002
 performing expansion, best =    6.5713661283384517E-002
 performing expansion, best =    6.5712413649915091E-002
 performing expansion, best =    6.5712181243387346E-002
 performing expansion, best =    6.5711967540788604E-002
 performing expansion, best =    6.5711549629915808E-002
 performing expansion, best =    6.5710940544117094E-002
 performing expansion, best =    6.5710170689097430E-002
 performing expansion, best =    6.5709532542493107E-002
 performing expansion, best =    6.5709016326078853E-002
 performing expansion, best =    6.5708739938778030E-002
 performing expansion, best =    6.5708185952739168E-002
 performing expansion, best =    6.5707451032383360E-002
 performing expansion, best =    6.5706511702761886E-002
 performing expansion, best =    6.5705728301541810E-002
 performing expansion, best =    6.5705673185140270E-002
 performing expansion, best =    6.5705234196941326E-002
 performing expansion, best =    6.5705166752044755E-002
 performing expansion, best =    6.5704935672720580E-002
 performing expansion, best =    6.5704848036157643E-002
 performing expansion, best =    6.5704827632734747E-002
 performing expansion, best =    6.5704047674063876E-002
 performing expansion, best =    6.5703804797889870E-002
 performing expansion, best =    6.5703475577273254E-002
 performing expansion, best =    6.5703128478260597E-002
 performing expansion, best =    6.5702897084630632E-002
 performing expansion, best =    6.5702816591103275E-002
 performing expansion, best =    6.5701881403124218E-002
 performing expansion, best =    6.5701717270013199E-002
 performing expansion, best =    6.5700489566307446E-002
 performing expansion, best =    6.5699095724876047E-002
 performing expansion, best =    6.5698841718945328E-002
 performing expansion, best =    6.5697234456909573E-002
 performing expansion, best =    6.5696981067488780E-002
 performing expansion, best =    6.5695545475700057E-002
 performing expansion, best =    6.5695516017225605E-002
 performing expansion, best =    6.5695424996564361E-002
 performing expansion, best =    6.5694345434032242E-002
 performing expansion, best =    6.5694144906835020E-002
 performing expansion, best =    6.5694121330145600E-002
 performing expansion, best =    6.5693037635988494E-002
 performing expansion, best =    6.5693009805718849E-002
 performing expansion, best =    6.5692456726064358E-002
 performing expansion, best =    6.5691973888365757E-002
 performing expansion, best =    6.5690569555780967E-002
 performing expansion, best =    6.5689459730728122E-002
 performing expansion, best =    6.5688151352118543E-002
 performing expansion, best =    6.5687183195032459E-002
 performing expansion, best =    6.5686648100744899E-002
 performing expansion, best =    6.5686585913162093E-002
 performing expansion, best =    6.5685583199261099E-002
 performing expansion, best =    6.5685332557051390E-002
 performing expansion, best =    6.5685225724146146E-002
 performing expansion, best =    6.5684983658897467E-002
 performing expansion, best =    6.5684802267925987E-002
 performing expansion, best =    6.5684631070645191E-002
 performing expansion, best =    6.5684583407472866E-002
 performing expansion, best =    6.5684419121098139E-002
 performing expansion, best =    6.5684307703589045E-002
 performing expansion, best =    6.5684306675824519E-002
 performing expansion, best =    6.5683949735107022E-002
 performing expansion, best =    6.5683880428606442E-002
 performing expansion, best =    6.5683831420261143E-002
 performing expansion, best =    6.5683693165612789E-002
 performing expansion, best =    6.5683653350911558E-002
 performing expansion, best =    6.5683578948204674E-002
 performing expansion, best =    6.5683553639909936E-002
 performing expansion, best =    6.5683475873713273E-002
 performing expansion, best =    6.5683205100723480E-002
 performing expansion, best =    6.5683062532310682E-002
 performing expansion, best =    6.5683040819288857E-002
 performing expansion, best =    6.5682610314930293E-002
 performing expansion, best =    6.5682588319227297E-002
 performing expansion, best =    6.5682503401118489E-002
 performing expansion, best =    6.5682115878174033E-002
 performing expansion, best =    6.5682105679827074E-002
 performing expansion, best =    6.5681985469773219E-002
 performing expansion, best =    6.5681633264684680E-002
 performing expansion, best =    6.5681537429043174E-002
 performing expansion, best =    6.5681501841832843E-002
 performing expansion, best =    6.5681204770131008E-002
 performing expansion, best =    6.5681188829050857E-002
 performing expansion, best =    6.5680873125909991E-002
 performing expansion, best =    6.5680469433802416E-002
 performing expansion, best =    6.5680079536413583E-002
 performing expansion, best =    6.5680009098412692E-002
 performing expansion, best =    6.5679537767179330E-002
 performing expansion, best =    6.5678962981021258E-002
 performing expansion, best =    6.5678539685412055E-002
 performing expansion, best =    6.5678225354704176E-002
 performing expansion, best =    6.5678195268612558E-002
 performing expansion, best =    6.5678111819009691E-002
 performing expansion, best =    6.5677659150463807E-002
 performing expansion, best =    6.5677632989007514E-002
 performing expansion, best =    6.5677585836370914E-002
 performing expansion, best =    6.5677564208995273E-002
 performing expansion, best =    6.5677415252510182E-002
 performing expansion, best =    6.5676864126892137E-002
 performing expansion, best =    6.5676824477383100E-002
 performing expansion, best =    6.5676700472759267E-002
 performing expansion, best =    6.5676665805660978E-002
 performing expansion, best =    6.5676142074669194E-002
 performing expansion, best =    6.5675354723550128E-002
 performing expansion, best =    6.5674745873808879E-002
 performing expansion, best =    6.5674684793228508E-002
 performing expansion, best =    6.5674137586778883E-002
 performing expansion, best =    6.5674096434628945E-002
 performing expansion, best =    6.5673876727507463E-002
 performing expansion, best =    6.5673041957997058E-002
 performing expansion, best =    6.5672593235083482E-002
 performing expansion, best =    6.5672563038097251E-002
 performing expansion, best =    6.5672560451500786E-002
 performing expansion, best =    6.5672544866280547E-002
 performing expansion, best =    6.5672127550586837E-002
 performing expansion, best =    6.5672058380848441E-002
 performing expansion, best =    6.5671300655594123E-002
 performing expansion, best =    6.5671272383604665E-002
 performing expansion, best =    6.5671221364073107E-002
 performing expansion, best =    6.5671170308971863E-002
 performing expansion, best =    6.5671132954245079E-002
 performing expansion, best =    6.5671115465840466E-002
 performing expansion, best =    6.5671073852904785E-002
 performing expansion, best =    6.5671039696585914E-002
 performing expansion, best =    6.5671007965337702E-002
 performing expansion, best =    6.5670718555195767E-002
 performing expansion, best =    6.5670673463526730E-002
 performing expansion, best =    6.5670369779277982E-002
 performing expansion, best =    6.5670344649347762E-002
 performing expansion, best =    6.5670042836193154E-002
 performing expansion, best =    6.5670021172258800E-002
 performing expansion, best =    6.5670012860521654E-002
 performing expansion, best =    6.5669946041408245E-002
 performing expansion, best =    6.5669642214730525E-002
 performing expansion, best =    6.5669376912168773E-002
 performing expansion, best =    6.5669337027486160E-002
 performing expansion, best =    6.5669093624115965E-002
 performing expansion, best =    6.5669082274458807E-002
 performing expansion, best =    6.5668908315801661E-002
 performing expansion, best =    6.5668707232666115E-002
 performing expansion, best =    6.5668695414320244E-002
 performing expansion, best =    6.5668516810913527E-002
 performing expansion, best =    6.5668515109610817E-002
 performing expansion, best =    6.5668308682269860E-002
 performing expansion, best =    6.5668281797978609E-002
 performing expansion, best =    6.5668079291772208E-002
 performing expansion, best =    6.5668068748275923E-002
 performing expansion, best =    6.5668057281314321E-002
 performing expansion, best =    6.5667879300918261E-002
 performing expansion, best =    6.5667642809325757E-002
 performing expansion, best =    6.5667639963954777E-002
 performing expansion, best =    6.5667469373743778E-002
 performing expansion, best =    6.5667468628472822E-002
 performing expansion, best =    6.5667282960081216E-002
 performing expansion, best =    6.5667064281877241E-002
 performing expansion, best =    6.5666886447085085E-002
 performing expansion, best =    6.5666859191667648E-002
 performing expansion, best =    6.5666830157266917E-002
 performing expansion, best =    6.5666585898958740E-002
 performing expansion, best =    6.5666583417147970E-002
 performing expansion, best =    6.5666366042234692E-002
 performing expansion, best =    6.5666334853506800E-002
 performing expansion, best =    6.5666074356886234E-002
 performing expansion, best =    6.5665791199375489E-002
 performing expansion, best =    6.5665584286273310E-002
 performing expansion, best =    6.5665318740117787E-002
 performing expansion, best =    6.5665025574073416E-002
 performing expansion, best =    6.5664740783302727E-002
 performing expansion, best =    6.5664431665750270E-002
 performing expansion, best =    6.5664121101530734E-002
 performing expansion, best =    6.5663763364038785E-002
 performing expansion, best =    6.5663390780274083E-002
 performing expansion, best =    6.5662964043935484E-002
 performing expansion, best =    6.5662942193476750E-002
 performing expansion, best =    6.5662525486580289E-002
 performing expansion, best =    6.5662051187043990E-002
 performing expansion, best =    6.5662024472759498E-002
 performing expansion, best =    6.5662011148641258E-002
 performing expansion, best =    6.5661974297807096E-002
 performing expansion, best =    6.5661577905752305E-002
 performing expansion, best =    6.5661575504843472E-002
 performing expansion, best =    6.5661571681723221E-002
 performing expansion, best =    6.5661139665764950E-002
 performing expansion, best =    6.5661097677091926E-002
 performing expansion, best =    6.5660732023133397E-002
 performing expansion, best =    6.5660729559163633E-002
 performing expansion, best =    6.5660409106791107E-002
 performing expansion, best =    6.5660339466953821E-002
 performing expansion, best =    6.5660314883533508E-002
 performing expansion, best =    6.5660035333272054E-002
 performing expansion, best =    6.5659704143525316E-002
 performing expansion, best =    6.5659365161860286E-002
 performing expansion, best =    6.5658965941740366E-002
 performing expansion, best =    6.5658636835851270E-002
 performing expansion, best =    6.5658548961458743E-002
 performing expansion, best =    6.5658183174626836E-002
 performing expansion, best =    6.5657789221354401E-002
 performing expansion, best =    6.5657385507266811E-002
 performing expansion, best =    6.5656959559721742E-002
 performing expansion, best =    6.5656509072838778E-002
 performing expansion, best =    6.5656040592585049E-002
 performing expansion, best =    6.5656016278050400E-002
 performing expansion, best =    6.5656001384363338E-002
 performing expansion, best =    6.5655746103744736E-002
 performing expansion, best =    6.5655725064800566E-002
 performing expansion, best =    6.5655709239039975E-002
 performing expansion, best =    6.5655670246318326E-002
 performing expansion, best =    6.5655630645679502E-002
 performing expansion, best =    6.5655599821279678E-002
 performing expansion, best =    6.5655597861970741E-002
 performing expansion, best =    6.5655591233845026E-002
 performing expansion, best =    6.5655443967509081E-002
 performing expansion, best =    6.5655256466066514E-002
 performing expansion, best =    6.5655231915568449E-002
 performing expansion, best =    6.5654993143501497E-002
 performing expansion, best =    6.5654762834015210E-002
 performing expansion, best =    6.5654733292332831E-002
 performing expansion, best =    6.5654690901719895E-002
 performing expansion, best =    6.5654669899427157E-002
 performing expansion, best =    6.5654658134265145E-002
 performing expansion, best =    6.5654656461097360E-002
 performing expansion, best =    6.5654469361139597E-002
 performing expansion, best =    6.5654457294450269E-002
 performing expansion, best =    6.5654451427247879E-002
 performing expansion, best =    6.5654291116128818E-002
 performing expansion, best =    6.5654264192611902E-002
 performing expansion, best =    6.5654067253375969E-002
 performing expansion, best =    6.5654066187575841E-002
 performing expansion, best =    6.5654024902042002E-002
 performing expansion, best =    6.5653814932364052E-002
 performing expansion, best =    6.5653789662295611E-002
 performing expansion, best =    6.5653559499232295E-002
 performing expansion, best =    6.5653358233215872E-002
 performing expansion, best =    6.5653129308387195E-002
 performing expansion, best =    6.5652850858976486E-002
 performing expansion, best =    6.5652565212945352E-002
 performing expansion, best =    6.5652231122813751E-002
 performing expansion, best =    6.5651885763542916E-002
 performing expansion, best =    6.5651517761712061E-002
 performing expansion, best =    6.5651052151750669E-002
 performing expansion, best =    6.5650641622740785E-002
 performing expansion, best =    6.5650248012171258E-002
 performing expansion, best =    6.5649819686413743E-002
 performing expansion, best =    6.5649364465323698E-002
 performing expansion, best =    6.5648822244688251E-002
 performing expansion, best =    6.5648286151294546E-002
 performing expansion, best =    6.5647835886194536E-002
 performing expansion, best =    6.5647239269523747E-002
 performing expansion, best =    6.5646735088545669E-002
 performing expansion, best =    6.5646282046333132E-002
 performing expansion, best =    6.5645824785281914E-002
 performing expansion, best =    6.5645295064993170E-002
 performing expansion, best =    6.5644726139375872E-002
 performing expansion, best =    6.5644334489318612E-002
 performing expansion, best =    6.5643877926813546E-002
 performing expansion, best =    6.5643481135396725E-002
 performing expansion, best =    6.5642971621387949E-002
 performing expansion, best =    6.5642522417834026E-002
 performing expansion, best =    6.5641947713055024E-002
 performing expansion, best =    6.5641429145542732E-002
 performing expansion, best =    6.5640998880727400E-002
 performing expansion, best =    6.5640565573765144E-002
 performing expansion, best =    6.5640202190039521E-002
 performing expansion, best =    6.5639854854865912E-002
 performing expansion, best =    6.5639839567023531E-002
 performing expansion, best =    6.5639817394313210E-002
 performing expansion, best =    6.5639797805452718E-002
 performing expansion, best =    6.5639777064462682E-002
 performing expansion, best =    6.5639718990074994E-002
 performing expansion, best =    6.5639714122137857E-002
 performing expansion, best =    6.5639697516996179E-002
 performing expansion, best =    6.5639676682380715E-002
 performing expansion, best =    6.5639467970354790E-002
 performing expansion, best =    6.5639441487073152E-002
 performing expansion, best =    6.5639433319719304E-002
 performing expansion, best =    6.5639412172888906E-002
 performing expansion, best =    6.5639395090619612E-002
 performing expansion, best =    6.5639380035481393E-002
 performing expansion, best =    6.5639378074472468E-002
 performing expansion, best =    6.5639350462142851E-002
 performing expansion, best =    6.5639334335422059E-002
 performing expansion, best =    6.5639305892944436E-002
 performing expansion, best =    6.5639297315607040E-002
 performing expansion, best =    6.5639280512424486E-002
 performing expansion, best =    6.5639276934782984E-002
 performing expansion, best =    6.5639262068513129E-002
 performing expansion, best =    6.5639244322295370E-002
 performing expansion, best =    6.5639235235130336E-002
 performing expansion, best =    6.5639135814933455E-002
 performing expansion, best =    6.5639121332190672E-002
 performing expansion, best =    6.5639120928330866E-002
 performing expansion, best =    6.5639040217940703E-002
 performing expansion, best =    6.5639030922272218E-002
 performing expansion, best =    6.5639015991524011E-002
 performing expansion, best =    6.5638935598706649E-002
 performing expansion, best =    6.5638923961234427E-002
 performing expansion, best =    6.5638923265614588E-002
 performing expansion, best =    6.5638870822986667E-002
 performing expansion, best =    6.5638793761114742E-002
 performing expansion, best =    6.5638777338244816E-002
 performing expansion, best =    6.5638772523444383E-002
 performing expansion, best =    6.5638698654094677E-002
 performing expansion, best =    6.5638621893192986E-002
 performing expansion, best =    6.5638564530075397E-002
 performing expansion, best =    6.5638490501439953E-002
 performing expansion, best =    6.5638415627849125E-002
 performing expansion, best =    6.5638333107402358E-002
 performing expansion, best =    6.5638268238854075E-002
 performing expansion, best =    6.5638198752084861E-002
 performing expansion, best =    6.5638193254743002E-002
 performing expansion, best =    6.5638114441894921E-002
 performing expansion, best =    6.5638049974506035E-002
 performing expansion, best =    6.5638044468742551E-002
 performing expansion, best =    6.5637985196293686E-002
 performing expansion, best =    6.5637898126454625E-002
 performing expansion, best =    6.5637835809624540E-002
 performing expansion, best =    6.5637788902207506E-002
 performing expansion, best =    6.5637716486812589E-002
 performing expansion, best =    6.5637654874905166E-002
 performing expansion, best =    6.5637575380050592E-002
 performing expansion, best =    6.5637494336070884E-002
 performing expansion, best =    6.5637493011345749E-002
 performing expansion, best =    6.5637421480986960E-002
 performing expansion, best =    6.5637419696785604E-002
 performing expansion, best =    6.5637326612783820E-002
 performing expansion, best =    6.5637217459674255E-002
 performing expansion, best =    6.5637109639425428E-002
 performing expansion, best =    6.5636986171687173E-002
 performing expansion, best =    6.5636974102063955E-002
 performing expansion, best =    6.5636843225356914E-002
 performing expansion, best =    6.5636843190234190E-002
 performing expansion, best =    6.5636825540528423E-002
 performing expansion, best =    6.5636702464121718E-002
 performing expansion, best =    6.5636697647131897E-002
 performing expansion, best =    6.5636590257883459E-002
 performing expansion, best =    6.5636578423318395E-002
 performing expansion, best =    6.5636462274280688E-002
 performing expansion, best =    6.5636342555654092E-002
 performing expansion, best =    6.5636229041526509E-002
 performing expansion, best =    6.5636088852660243E-002
 performing expansion, best =    6.5635970238077990E-002
 performing expansion, best =    6.5635822469662888E-002
 performing expansion, best =    6.5635684890598067E-002
 performing expansion, best =    6.5635537912207859E-002
 performing expansion, best =    6.5635395558866896E-002
 performing expansion, best =    6.5635233860744768E-002
 performing expansion, best =    6.5635078532649910E-002
 performing expansion, best =    6.5635073589613319E-002
 performing expansion, best =    6.5634941562213070E-002
 performing expansion, best =    6.5634933982364030E-002
 performing expansion, best =    6.5634776625198288E-002
 performing expansion, best =    6.5634616839163260E-002
 performing expansion, best =    6.5634471035136685E-002
 performing expansion, best =    6.5634369514436727E-002
 performing expansion, best =    6.5634361096784805E-002
 performing expansion, best =    6.5634352032572826E-002
 performing expansion, best =    6.5634236602625573E-002
 performing expansion, best =    6.5634228339038578E-002
 performing expansion, best =    6.5634103453249229E-002
 performing expansion, best =    6.5633977635046095E-002
 performing expansion, best =    6.5633972014194741E-002
 performing expansion, best =    6.5633965829980087E-002
 performing expansion, best =    6.5633952698534059E-002
 performing expansion, best =    6.5633859591865198E-002
 performing expansion, best =    6.5633845974601285E-002
 performing expansion, best =    6.5633839108367981E-002
 performing expansion, best =    6.5633834178441805E-002
 performing expansion, best =    6.5633824017489933E-002
 performing expansion, best =    6.5633737962799713E-002
 performing expansion, best =    6.5633623838096969E-002
 performing expansion, best =    6.5633605740002252E-002
 performing expansion, best =    6.5633605061503633E-002
 performing expansion, best =    6.5633544171242106E-002
 performing expansion, best =    6.5633464822004356E-002
 performing expansion, best =    6.5633375171266162E-002
 performing expansion, best =    6.5633316010335160E-002
 performing expansion, best =    6.5633200209561482E-002
 performing expansion, best =    6.5633100042404413E-002
 performing expansion, best =    6.5633003341788773E-002
 performing expansion, best =    6.5632902288944042E-002
 performing expansion, best =    6.5632890258849177E-002
 performing expansion, best =    6.5632775322047254E-002
 performing expansion, best =    6.5632674871810029E-002
 performing expansion, best =    6.5632665007238009E-002
 performing expansion, best =    6.5632645116245600E-002
 performing expansion, best =    6.5632533301132390E-002
 performing expansion, best =    6.5632514743961423E-002
 performing expansion, best =    6.5632507223984490E-002
 performing expansion, best =    6.5632492086936750E-002
 performing expansion, best =    6.5632480028276999E-002
 performing expansion, best =    6.5632475732550641E-002
 performing expansion, best =    6.5632467869252323E-002
 performing expansion, best =    6.5632377655230376E-002
 performing expansion, best =    6.5632326705181154E-002
 performing expansion, best =    6.5632313931814512E-002
 performing expansion, best =    6.5632307743405616E-002
 performing expansion, best =    6.5632300700505034E-002
 performing expansion, best =    6.5632227868016410E-002
 performing expansion, best =    6.5632222587024003E-002
 performing expansion, best =    6.5632170601776230E-002
 performing expansion, best =    6.5632167459978449E-002
 performing expansion, best =    6.5632112247147031E-002
 performing expansion, best =    6.5632059874215012E-002
 performing expansion, best =    6.5632055218371579E-002
 performing expansion, best =    6.5632017800484527E-002
 performing expansion, best =    6.5632015111860342E-002
 performing expansion, best =    6.5632008220660051E-002
 performing expansion, best =    6.5631974719110239E-002
 performing expansion, best =    6.5631973579593716E-002
 performing expansion, best =    6.5631934453357632E-002
 performing expansion, best =    6.5631928056782848E-002
 performing expansion, best =    6.5631914011371154E-002
 performing expansion, best =    6.5631912995206945E-002
 performing expansion, best =    6.5631874403005080E-002
 performing expansion, best =    6.5631872960431228E-002
 performing expansion, best =    6.5631834450874352E-002
 performing expansion, best =    6.5631828939617026E-002
 performing expansion, best =    6.5631790350780067E-002
 performing expansion, best =    6.5631763247244582E-002
 performing expansion, best =    6.5631728603304101E-002
 performing expansion, best =    6.5631687661007229E-002
 performing expansion, best =    6.5631654318270630E-002
 performing expansion, best =    6.5631609026508039E-002
 performing expansion, best =    6.5631556150784282E-002
 performing expansion, best =    6.5631501871322703E-002
 performing expansion, best =    6.5631495224817191E-002
 performing expansion, best =    6.5631443258453229E-002
 performing expansion, best =    6.5631380825066296E-002
 performing expansion, best =    6.5631313428211366E-002
 performing expansion, best =    6.5631239795698362E-002
 performing expansion, best =    6.5631162005842819E-002
 performing expansion, best =    6.5631080461252170E-002
 performing expansion, best =    6.5630989255232058E-002
 performing expansion, best =    6.5630886742998176E-002
 performing expansion, best =    6.5630778439411924E-002
 performing expansion, best =    6.5630670675722147E-002
 performing expansion, best =    6.5630551060325837E-002
 performing expansion, best =    6.5630401486564002E-002
 performing expansion, best =    6.5630268758057858E-002
 performing expansion, best =    6.5630104698129008E-002
 performing expansion, best =    6.5629940740852308E-002
 performing expansion, best =    6.5629794560046029E-002
 performing expansion, best =    6.5629610739732322E-002
 performing expansion, best =    6.5629447636967264E-002
 performing expansion, best =    6.5629257673376060E-002
 performing expansion, best =    6.5629114707034419E-002
 performing expansion, best =    6.5628951270630537E-002
 performing expansion, best =    6.5628803919229553E-002
 performing expansion, best =    6.5628628261453922E-002
 performing expansion, best =    6.5628458787613281E-002
 performing expansion, best =    6.5628307616620557E-002
 performing expansion, best =    6.5628165736132948E-002
 performing expansion, best =    6.5627962366454531E-002
 performing expansion, best =    6.5627713084523143E-002
 performing expansion, best =    6.5627493151254282E-002
 performing expansion, best =    6.5627285322172574E-002
 performing expansion, best =    6.5627044087299705E-002
 performing expansion, best =    6.5626824661793495E-002
 performing expansion, best =    6.5626655927590857E-002
 performing expansion, best =    6.5626447704207502E-002
 performing expansion, best =    6.5626265056480323E-002
 performing expansion, best =    6.5626080439796966E-002
 performing expansion, best =    6.5626076982832335E-002
 performing expansion, best =    6.5625908710587488E-002
 performing expansion, best =    6.5625691372351747E-002
 performing expansion, best =    6.5625676998945795E-002
 performing expansion, best =    6.5625484055163386E-002
 performing expansion, best =    6.5625477589699541E-002
 performing expansion, best =    6.5625457783421534E-002
 performing expansion, best =    6.5625419545032829E-002
 performing expansion, best =    6.5625392386590709E-002
 performing expansion, best =    6.5625392190203635E-002
 performing expansion, best =    6.5625370882512718E-002
 performing expansion, best =    6.5625326389373448E-002
 performing expansion, best =    6.5625310193543812E-002
 performing expansion, best =    6.5625183370298670E-002
 performing expansion, best =    6.5625173698421344E-002
 performing expansion, best =    6.5625113730986673E-002
 performing expansion, best =    6.5625050599790541E-002
 performing expansion, best =    6.5625049116151080E-002
 performing expansion, best =    6.5624992297472151E-002
 performing expansion, best =    6.5624984454129717E-002
 performing expansion, best =    6.5624982852090674E-002
 performing expansion, best =    6.5624930198819820E-002
 performing expansion, best =    6.5624876503577498E-002
 performing expansion, best =    6.5624874538900743E-002
 performing expansion, best =    6.5624872572072571E-002
 performing expansion, best =    6.5624829948164626E-002
 performing expansion, best =    6.5624827445241105E-002
 performing expansion, best =    6.5624820873764117E-002
 performing expansion, best =    6.5624818544166283E-002
 performing expansion, best =    6.5624777344004112E-002
 performing expansion, best =    6.5624776113113681E-002
 performing expansion, best =    6.5624773064887745E-002
 performing expansion, best =    6.5624731211844853E-002
 performing expansion, best =    6.5624725417057314E-002
 performing expansion, best =    6.5624680973484242E-002
 performing expansion, best =    6.5624679661764468E-002
 performing expansion, best =    6.5624647992728630E-002
 performing expansion, best =    6.5624644407796570E-002
 performing expansion, best =    6.5624636815202822E-002
 performing expansion, best =    6.5624635179612464E-002
 performing expansion, best =    6.5624628657784428E-002
 performing expansion, best =    6.5624627774540409E-002
 performing expansion, best =    6.5624625861930533E-002
 performing expansion, best =    6.5624622735484139E-002
 performing expansion, best =    6.5624620853844309E-002
 performing expansion, best =    6.5624618228195639E-002
 performing expansion, best =    6.5624616397439106E-002
 performing expansion, best =    6.5624610919383736E-002
 performing expansion, best =    6.5624610666422750E-002
 performing expansion, best =    6.5624607251151698E-002
 performing expansion, best =    6.5624603582205787E-002
 performing expansion, best =    6.5624603347005941E-002
 performing expansion, best =    6.5624601827349111E-002
 performing expansion, best =    6.5624598893781333E-002
 performing expansion, best =    6.5624597822941583E-002
 performing expansion, best =    6.5624597632256976E-002
 performing expansion, best =    6.5624596843780719E-002
 performing expansion, best =    6.5624596570144259E-002
 performing expansion, best =    6.5624593955130470E-002
 performing expansion, best =    6.5624593795485561E-002
 performing expansion, best =    6.5624591955771125E-002
 performing expansion, best =    6.5624589785138701E-002
 performing expansion, best =    6.5624576428178108E-002
 performing expansion, best =    6.5624565419971831E-002
 performing expansion, best =    6.5624563450102660E-002
 performing expansion, best =    6.5624546930367719E-002
 performing expansion, best =    6.5624545381029728E-002
 performing expansion, best =    6.5624543972232788E-002
 performing expansion, best =    6.5624541324007871E-002
 performing expansion, best =    6.5624541035321851E-002
 performing expansion, best =    6.5624526286748447E-002
 performing expansion, best =    6.5624507632994572E-002
 performing expansion, best =    6.5624504643623169E-002
 performing expansion, best =    6.5624488220862975E-002
 performing expansion, best =    6.5624486447008953E-002
 performing expansion, best =    6.5624485964154433E-002
 performing expansion, best =    6.5624473216044282E-002
 performing expansion, best =    6.5624470832053111E-002
 performing expansion, best =    6.5624456231670542E-002
 performing expansion, best =    6.5624440514879312E-002
 performing expansion, best =    6.5624440054427982E-002
 performing expansion, best =    6.5624425488892829E-002
 performing expansion, best =    6.5624408649497229E-002
 performing expansion, best =    6.5624394076078466E-002
 performing expansion, best =    6.5624378563832519E-002
 performing expansion, best =    6.5624363175801906E-002
 performing expansion, best =    6.5624345804738110E-002
 performing expansion, best =    6.5624343374960467E-002
 performing expansion, best =    6.5624321435521799E-002
 performing expansion, best =    6.5624301350910103E-002
 performing expansion, best =    6.5624282094807002E-002
 performing expansion, best =    6.5624280585695347E-002
 performing expansion, best =    6.5624259200844345E-002
 performing expansion, best =    6.5624241485592066E-002
 performing expansion, best =    6.5624216861882148E-002
 performing expansion, best =    6.5624194735877883E-002
 performing expansion, best =    6.5624172998283353E-002
 performing expansion, best =    6.5624150119063418E-002
 performing expansion, best =    6.5624120534957586E-002
 performing expansion, best =    6.5624095442845032E-002
 performing expansion, best =    6.5624075780736271E-002
 performing expansion, best =    6.5624047190794219E-002
 performing expansion, best =    6.5624023134207177E-002
 performing expansion, best =    6.5624019270915560E-002
 performing expansion, best =    6.5624017613614472E-002
 performing expansion, best =    6.5623986725904401E-002
 performing expansion, best =    6.5623983774245748E-002
 performing expansion, best =    6.5623979233088617E-002
 performing expansion, best =    6.5623977781516907E-002
 performing expansion, best =    6.5623976374984433E-002
 performing expansion, best =    6.5623968742344843E-002
 performing expansion, best =    6.5623966501694261E-002
 performing expansion, best =    6.5623962660281671E-002
 performing expansion, best =    6.5623962134772049E-002
 performing expansion, best =    6.5623958297380214E-002
 performing expansion, best =    6.5623954807539062E-002
 performing expansion, best =    6.5623954432726506E-002
 performing expansion, best =    6.5623952241515598E-002
 performing expansion, best =    6.5623949520614344E-002
 performing expansion, best =    6.5623930509837905E-002
 performing expansion, best =    6.5623926591761916E-002
 performing expansion, best =    6.5623926057694487E-002
 performing expansion, best =    6.5623910058297805E-002
 performing expansion, best =    6.5623889298738206E-002
 performing expansion, best =    6.5623869026043710E-002
 performing expansion, best =    6.5623862217427831E-002
 performing expansion, best =    6.5623838425943021E-002
 performing expansion, best =    6.5623813167819747E-002
 performing expansion, best =    6.5623786387818697E-002
 performing expansion, best =    6.5623767030741048E-002
 performing expansion, best =    6.5623748512979752E-002
 performing expansion, best =    6.5623724475410178E-002
 performing expansion, best =    6.5623702148063429E-002
 performing expansion, best =    6.5623680519669186E-002
 performing expansion, best =    6.5623662301736524E-002
 performing expansion, best =    6.5623637330377835E-002
 performing expansion, best =    6.5623613753125698E-002
 performing expansion, best =    6.5623605129208451E-002
 performing expansion, best =    6.5623601516603597E-002
 performing expansion, best =    6.5623596828823266E-002
 performing expansion, best =    6.5623594342365033E-002
 performing expansion, best =    6.5623578765852050E-002
 performing expansion, best =    6.5623578375576669E-002
 performing expansion, best =    6.5623569205439450E-002
 performing expansion, best =    6.5623569004488666E-002
 performing expansion, best =    6.5623560059367744E-002
 performing expansion, best =    6.5623546298614652E-002
 performing expansion, best =    6.5623532723306149E-002
 performing expansion, best =    6.5623518031943648E-002
 performing expansion, best =    6.5623502849188386E-002
 performing expansion, best =    6.5623494059525736E-002
 performing expansion, best =    6.5623477145888287E-002
 performing expansion, best =    6.5623458044625230E-002
 performing expansion, best =    6.5623438357312949E-002
 performing expansion, best =    6.5623419082304804E-002
 performing expansion, best =    6.5623402880550741E-002
 performing expansion, best =    6.5623377860217838E-002
 performing expansion, best =    6.5623355497403085E-002
 performing expansion, best =    6.5623329905838176E-002
 performing expansion, best =    6.5623292968134697E-002
 performing expansion, best =    6.5623263711212937E-002
 performing expansion, best =    6.5623238295724834E-002
 performing expansion, best =    6.5623214710748251E-002
 performing expansion, best =    6.5623173254676065E-002
 performing expansion, best =    6.5623131211192079E-002
 performing expansion, best =    6.5623094599723264E-002
 performing expansion, best =    6.5623061338881294E-002
 performing expansion, best =    6.5623014100520488E-002
 performing expansion, best =    6.5622951987322597E-002
 performing expansion, best =    6.5622897161368349E-002
 performing expansion, best =    6.5622835358019521E-002
 performing expansion, best =    6.5622765750586065E-002
 performing expansion, best =    6.5622697584709719E-002
 performing expansion, best =    6.5622615531986284E-002
 performing expansion, best =    6.5622544082479292E-002
 performing expansion, best =    6.5622479509987661E-002
 performing expansion, best =    6.5622396749888998E-002
 performing expansion, best =    6.5622312647303560E-002
 performing expansion, best =    6.5622255383631367E-002
 performing expansion, best =    6.5622186567932672E-002
 performing expansion, best =    6.5622185259413643E-002
 performing expansion, best =    6.5622126680899409E-002
 performing expansion, best =    6.5622120002403347E-002
 performing expansion, best =    6.5622091861377158E-002
 performing expansion, best =    6.5622047949698184E-002
 performing expansion, best =    6.5622040682119590E-002
 performing expansion, best =    6.5622034397632825E-002
 performing expansion, best =    6.5622031813907730E-002
 performing expansion, best =    6.5622030595668748E-002
 performing expansion, best =    6.5622021177763362E-002
 performing expansion, best =    6.5622020534180092E-002
 performing expansion, best =    6.5622019831580530E-002
 performing expansion, best =    6.5622018802491439E-002
 performing expansion, best =    6.5622016798807595E-002
 performing expansion, best =    6.5622015842712919E-002
 performing expansion, best =    6.5622014788239549E-002
 performing expansion, best =    6.5622011198066793E-002
 performing expansion, best =    6.5622008623895250E-002
 performing expansion, best =    6.5622005222735827E-002
 performing expansion, best =    6.5622004990565155E-002
 performing expansion, best =    6.5622004838394019E-002
 performing expansion, best =    6.5622002027838314E-002
 performing expansion, best =    6.5621996764902879E-002
 performing expansion, best =    6.5621992664391893E-002
 performing expansion, best =    6.5621988562243327E-002
 performing expansion, best =    6.5621983852683974E-002
 performing expansion, best =    6.5621976647041239E-002
 performing expansion, best =    6.5621970767325649E-002
 performing expansion, best =    6.5621963366477104E-002
 performing expansion, best =    6.5621955884289332E-002
 performing expansion, best =    6.5621948371613698E-002
 performing expansion, best =    6.5621939618522057E-002
 performing expansion, best =    6.5621931574298534E-002
 performing expansion, best =    6.5621922478933919E-002
 performing expansion, best =    6.5621912334502569E-002
 performing expansion, best =    6.5621900376233694E-002
 performing expansion, best =    6.5621887812079199E-002
 performing expansion, best =    6.5621875060087237E-002
 performing expansion, best =    6.5621860015007777E-002
 performing expansion, best =    6.5621846525867833E-002
 performing expansion, best =    6.5621826321803176E-002
 performing expansion, best =    6.5621812677929492E-002
 performing expansion, best =    6.5621793982158005E-002
 performing expansion, best =    6.5621774394648225E-002
 performing expansion, best =    6.5621749160776205E-002
 performing expansion, best =    6.5621720861061619E-002
 performing expansion, best =    6.5621693349743673E-002
 performing expansion, best =    6.5621663263825791E-002
 performing expansion, best =    6.5621630016488852E-002
 performing expansion, best =    6.5621588651178717E-002
 performing expansion, best =    6.5621549269526763E-002
 performing expansion, best =    6.5621503995635239E-002
 performing expansion, best =    6.5621449181833144E-002
 performing expansion, best =    6.5621385997273546E-002
 performing expansion, best =    6.5621324614342322E-002
 performing expansion, best =    6.5621256856661966E-002
 performing expansion, best =    6.5621175802015264E-002
 performing expansion, best =    6.5621091797486472E-002
 performing expansion, best =    6.5621006826369691E-002
 performing expansion, best =    6.5620918942836184E-002
 performing expansion, best =    6.5620909121223994E-002
 performing expansion, best =    6.5620824190304475E-002
 performing expansion, best =    6.5620815851313061E-002
 performing expansion, best =    6.5620722302524415E-002
 performing expansion, best =    6.5620715925446257E-002
 performing expansion, best =    6.5620705966707230E-002
 performing expansion, best =    6.5620609569489743E-002
 performing expansion, best =    6.5620535190577187E-002
 performing expansion, best =    6.5620529802772637E-002
 performing expansion, best =    6.5620467838431937E-002
 performing expansion, best =    6.5620403150807721E-002
 performing expansion, best =    6.5620390978782334E-002
 performing expansion, best =    6.5620377864410079E-002
 performing expansion, best =    6.5620307902492819E-002
 performing expansion, best =    6.5620250955668966E-002
 performing expansion, best =    6.5620194178914543E-002
 performing expansion, best =    6.5620189104930698E-002
 performing expansion, best =    6.5620137995257732E-002
 performing expansion, best =    6.5620130807016230E-002
 performing expansion, best =    6.5620128274117617E-002
 performing expansion, best =    6.5620127898152331E-002
 performing expansion, best =    6.5620095072109780E-002
 performing expansion, best =    6.5620093516352077E-002
 performing expansion, best =    6.5620085354842844E-002
 performing expansion, best =    6.5620076828256879E-002
 performing expansion, best =    6.5620068918653199E-002
 performing expansion, best =    6.5620067489469927E-002
 performing expansion, best =    6.5620066272575869E-002
 performing expansion, best =    6.5620063320985869E-002
 performing expansion, best =    6.5620029572975275E-002
 performing expansion, best =    6.5620006397594008E-002
 performing expansion, best =    6.5620004523933101E-002
 performing expansion, best =    6.5620002900191807E-002
 performing expansion, best =    6.5619995681430635E-002
 performing expansion, best =    6.5619992230471533E-002
 performing expansion, best =    6.5619987348149486E-002
 performing expansion, best =    6.5619982386816239E-002
 performing expansion, best =    6.5619979326571903E-002
 performing expansion, best =    6.5619952358247080E-002
 performing expansion, best =    6.5619948297280864E-002
 performing expansion, best =    6.5619948081584778E-002
 performing expansion, best =    6.5619945939820054E-002
 performing expansion, best =    6.5619944964427745E-002
 performing expansion, best =    6.5619943916608137E-002
 performing expansion, best =    6.5619938999586430E-002
 performing expansion, best =    6.5619934794271084E-002
 performing expansion, best =    6.5619931722139299E-002
 performing expansion, best =    6.5619931349082894E-002
 performing expansion, best =    6.5619929155868395E-002
 performing expansion, best =    6.5619927506974415E-002
 performing expansion, best =    6.5619927426596503E-002
 performing expansion, best =    6.5619927298375375E-002
 performing expansion, best =    6.5619924730255463E-002
 performing expansion, best =    6.5619924104196911E-002
 performing expansion, best =    6.5619923182967679E-002
 performing expansion, best =    6.5619920506978610E-002
 performing expansion, best =    6.5619917890303137E-002
 performing expansion, best =    6.5619916616150506E-002
 performing expansion, best =    6.5619915054873329E-002
 performing expansion, best =    6.5619913674022604E-002
 performing expansion, best =    6.5619912741280734E-002
 performing expansion, best =    6.5619912715001255E-002
 performing expansion, best =    6.5619911326014524E-002
 performing expansion, best =    6.5619910505870155E-002
 performing expansion, best =    6.5619909635122486E-002
 performing expansion, best =    6.5619909023797454E-002
 performing expansion, best =    6.5619908869738217E-002
 performing expansion, best =    6.5619908321100359E-002
 performing expansion, best =    6.5619907741110178E-002
 performing expansion, best =    6.5619907395179727E-002
 performing expansion, best =    6.5619906678860959E-002
 performing expansion, best =    6.5619905974491410E-002
 performing expansion, best =    6.5619905442227913E-002
 performing expansion, best =    6.5619905177447022E-002
 performing expansion, best =    6.5619905104145726E-002
 performing expansion, best =    6.5619904876444993E-002
 performing expansion, best =    6.5619904874182983E-002
 performing expansion, best =    6.5619904699724868E-002
 performing expansion, best =    6.5619904529415379E-002
 performing expansion, best =    6.5619904088079620E-002
 performing expansion, best =    6.5619903868164547E-002
 performing expansion, best =    6.5619903836051874E-002
 performing expansion, best =    6.5619903345048178E-002
 performing expansion, best =    6.5619903120379547E-002
 performing expansion, best =    6.5619903090318593E-002
 performing expansion, best =    6.5619902897323071E-002
 performing expansion, best =    6.5619902674081396E-002
 performing expansion, best =    6.5619902509593084E-002
 performing expansion, best =    6.5619902308324762E-002
 performing expansion, best =    6.5619900971512046E-002
Exiting simplex optimization after 10001 iterations
RMSE         6.561990097E-02 Hartree
NEW BEST!
Best found solution for 9 charges:
        RMSE         4.117707844E+01 kcal/mol
         MAE         4.008218983E+01 kcal/mol
     max. AE         9.685373185E+01 kcal/mol

       x[bohr]       y[bohr]       z[bohr]          q[e]
    -0.1407808     0.2411249     0.9457566    -0.5352333
    -0.7735392     0.0407974     0.0997401     0.3802179
    -0.0452168     0.4232802    -0.8838462    -0.4545264
     0.9614272    -0.3623476     0.1631051     0.9900181
     2.1505334    -1.0759100     0.0463783    -0.4051964
    -0.1087880     0.7946015    -0.6463136    -0.3442744
    -0.1120349     0.6289432     0.8595579    -0.2527685
    -1.9920275    -1.1150730    -0.3038202    -0.6963646
    -1.3442752    -0.6046638    -0.2832598     0.9917000

