Running in fitting mode

Reading "/data/boittier/gaussian_scans/butadiene/scan_extract_0.xyz.chk.fchk.pot.cube"...

  opt Potential
  Electrostatic potential from Total SCF Density
   10   -8.606892   -9.296586   -6.512752
   85    0.203727    0.000000    0.000000
   92    0.000000    0.203727    0.000000
   65    0.000000    0.000000    0.203727
    6    6.000000    2.094140    2.783833    0.000000
    6    6.000000    0.000000    1.372509    0.000000
    6    6.000000    0.000000   -1.372508    0.000000
    6    6.000000   -2.094140   -2.783833    0.000000
    1    1.000000    2.009811    4.824243    0.000000
    1    1.000000    3.951380    1.924660    0.000000
    1    1.000000   -1.835514    2.288467    0.000000
    1    1.000000    1.835514   -2.288466    0.000000
    1    1.000000   -3.951380   -1.924661    0.000000
    1    1.000000   -2.009810   -4.824243    0.000000
  2.26511E-03  2.29910E-03  2.31955E-03  2.32611E-03  2.31866E-03  2.29733E-03
       .            .            .            .            .            .
       .            .            .            .            .            .
       .            .            .            .            .            .
  2.29269E-03  2.29923E-03  2.29180E-03  2.27053E-03  2.23580E-03  2.18822E-03

229538 out of 508300 gridpoints are considered ( 45.2%).

...done!




 Refining solution from file/home/boittier/MDCM-1/examples/butadiene/5-combine-frags/16-combined.xyz
 Contains     16 charges
      Initial RMSE =         5.897357534E-01 kcal/mol
Running DE in parallel with 4 thread(s)!


User requested refinement using simplex algorithm (no DE)

 performing expansion, best =    9.3737034660795575E-004
 performing expansion, best =    9.3681639756255551E-004
 performing expansion, best =    9.3229203599296147E-004
 performing expansion, best =    9.3103935581746624E-004
 performing expansion, best =    9.2684377420338587E-004
 performing expansion, best =    9.2342814527096389E-004
 performing expansion, best =    9.2174261412450030E-004
 performing expansion, best =    9.2085982084297345E-004
 performing expansion, best =    9.2020795278271528E-004
 performing expansion, best =    9.1972131807628642E-004
 performing expansion, best =    9.1950291588357926E-004
 performing expansion, best =    9.1899094135056050E-004
 performing expansion, best =    9.1886489157286646E-004
 performing expansion, best =    9.1866215172469400E-004
 performing expansion, best =    9.1845737052807992E-004
 performing expansion, best =    9.1798338314129509E-004
 performing expansion, best =    9.1791673096116471E-004
 performing expansion, best =    9.1778071046524315E-004
 performing expansion, best =    9.1777013603006107E-004
 performing expansion, best =    9.1773882982980717E-004
 performing expansion, best =    9.1760518220436590E-004
 performing expansion, best =    9.1760059700028620E-004
 performing expansion, best =    9.1748750214426739E-004
 performing expansion, best =    9.1747916533330425E-004
 performing expansion, best =    9.1729198565953141E-004
 performing expansion, best =    9.1727843625605742E-004
 performing expansion, best =    9.1727728607042991E-004
 performing expansion, best =    9.1725797296466174E-004
 performing expansion, best =    9.1703453219146131E-004
 performing expansion, best =    9.1702040258620325E-004
 performing expansion, best =    9.1696438667272144E-004
 performing expansion, best =    9.1686139275819754E-004
 performing expansion, best =    9.1683332545748511E-004
 performing expansion, best =    9.1676814809433008E-004
 performing expansion, best =    9.1661937145297214E-004
 performing expansion, best =    9.1656882825735548E-004
 performing expansion, best =    9.1647826763015087E-004
 performing expansion, best =    9.1644970177982192E-004
 performing expansion, best =    9.1638940955203680E-004
 performing expansion, best =    9.1636149872977750E-004
 performing expansion, best =    9.1630338259031895E-004
 performing expansion, best =    9.1623965903745472E-004
 performing expansion, best =    9.1615435979610835E-004
 performing expansion, best =    9.1604420112653142E-004
 performing expansion, best =    9.1587467972055513E-004
 performing expansion, best =    9.1579744496546182E-004
 performing expansion, best =    9.1571344184680477E-004
 performing expansion, best =    9.1562288013800279E-004
 performing expansion, best =    9.1556616234723465E-004
 performing expansion, best =    9.1552680385861677E-004
 performing expansion, best =    9.1547183899219555E-004
 performing expansion, best =    9.1533039381023009E-004
 performing expansion, best =    9.1520243646370182E-004
 performing expansion, best =    9.1497575659691766E-004
 performing expansion, best =    9.1471570577704431E-004
 performing expansion, best =    9.1456591303260525E-004
 performing expansion, best =    9.1442433841672558E-004
 performing expansion, best =    9.1438154875397469E-004
 performing expansion, best =    9.1435628540830318E-004
 performing expansion, best =    9.1431337142947391E-004
 performing expansion, best =    9.1430948286436880E-004
 performing expansion, best =    9.1424963123954133E-004
 performing expansion, best =    9.1420248887446362E-004
 performing expansion, best =    9.1418285343129832E-004
 performing expansion, best =    9.1414778378344497E-004
 performing expansion, best =    9.1411972153193893E-004
 performing expansion, best =    9.1411898686270018E-004
 performing expansion, best =    9.1409330674926872E-004
 performing expansion, best =    9.1408849496863126E-004
 performing expansion, best =    9.1407566806634799E-004
 performing expansion, best =    9.1405598636706408E-004
 performing expansion, best =    9.1404508863525500E-004
 performing expansion, best =    9.1404005945774610E-004
 performing expansion, best =    9.1400476819949203E-004
 performing expansion, best =    9.1398389143485643E-004
 performing expansion, best =    9.1394582549523162E-004
 performing expansion, best =    9.1393340124066604E-004
 performing expansion, best =    9.1392743425754153E-004
 performing expansion, best =    9.1390787882148731E-004
 performing expansion, best =    9.1389420302711146E-004
 performing expansion, best =    9.1389227650523432E-004
 performing expansion, best =    9.1386151227764974E-004
 performing expansion, best =    9.1383567742692737E-004
 performing expansion, best =    9.1381778365894496E-004
 performing expansion, best =    9.1378928406607831E-004
 performing expansion, best =    9.1377887336242878E-004
 performing expansion, best =    9.1375578368633700E-004
 performing expansion, best =    9.1373487489040896E-004
 performing expansion, best =    9.1371348860254734E-004
 performing expansion, best =    9.1370428870269358E-004
 performing expansion, best =    9.1369947128913231E-004
 performing expansion, best =    9.1365080708888055E-004
 performing expansion, best =    9.1359999975944013E-004
 performing expansion, best =    9.1354312709053065E-004
 performing expansion, best =    9.1347252151894893E-004
 performing expansion, best =    9.1344093804375396E-004
 performing expansion, best =    9.1338770068161656E-004
 performing expansion, best =    9.1337429329091716E-004
 performing expansion, best =    9.1335046162531691E-004
 performing expansion, best =    9.1330952207180252E-004
 performing expansion, best =    9.1325566012790630E-004
 performing expansion, best =    9.1319400288936538E-004
 performing expansion, best =    9.1318181710420081E-004
 performing expansion, best =    9.1316763278105010E-004
 performing expansion, best =    9.1316540122731056E-004
 performing expansion, best =    9.1314515800774781E-004
 performing expansion, best =    9.1308521729430191E-004
 performing expansion, best =    9.1304182041827343E-004
 performing expansion, best =    9.1304115283226948E-004
 performing expansion, best =    9.1303246286290060E-004
 performing expansion, best =    9.1302725794875205E-004
 performing expansion, best =    9.1299197405380760E-004
 performing expansion, best =    9.1297232431527522E-004
 performing expansion, best =    9.1297162259188305E-004
 performing expansion, best =    9.1297156560621057E-004
 performing expansion, best =    9.1296587405281478E-004
 performing expansion, best =    9.1294907712036763E-004
 performing expansion, best =    9.1294879422688024E-004
 performing expansion, best =    9.1294428796030692E-004
 performing expansion, best =    9.1294421536374578E-004
 performing expansion, best =    9.1292042089027056E-004
 performing expansion, best =    9.1290135171950685E-004
 performing expansion, best =    9.1289016970515647E-004
 performing expansion, best =    9.1287109034392743E-004
 performing expansion, best =    9.1281015643138088E-004
 performing expansion, best =    9.1276417375050546E-004
 performing expansion, best =    9.1270056786754326E-004
 performing expansion, best =    9.1267672142564943E-004
 performing expansion, best =    9.1266255927710440E-004
 performing expansion, best =    9.1263141882645833E-004
 performing expansion, best =    9.1259006330606830E-004
 performing expansion, best =    9.1256391533726196E-004
 performing expansion, best =    9.1248883333084143E-004
 performing expansion, best =    9.1238006485086813E-004
 performing expansion, best =    9.1230308388906816E-004
 performing expansion, best =    9.1228803548803669E-004
 performing expansion, best =    9.1225588912821436E-004
 performing expansion, best =    9.1217382890378443E-004
 performing expansion, best =    9.1210511989460929E-004
 performing expansion, best =    9.1206068403920789E-004
 performing expansion, best =    9.1199333220484831E-004
 performing expansion, best =    9.1193180238054823E-004
 performing expansion, best =    9.1183763081522729E-004
 performing expansion, best =    9.1167969427206929E-004
 performing expansion, best =    9.1164718753390672E-004
 performing expansion, best =    9.1158726016079942E-004
 performing expansion, best =    9.1157350049784125E-004
 performing expansion, best =    9.1157067796671218E-004
 performing expansion, best =    9.1153964041109801E-004
 performing expansion, best =    9.1151697678028146E-004
 performing expansion, best =    9.1145173851679532E-004
 performing expansion, best =    9.1136640770811286E-004
 performing expansion, best =    9.1123129879238990E-004
 performing expansion, best =    9.1121326633984755E-004
 performing expansion, best =    9.1119745777194588E-004
 performing expansion, best =    9.1119632389412026E-004
 performing expansion, best =    9.1117378734303272E-004
 performing expansion, best =    9.1117153153543243E-004
 performing expansion, best =    9.1116543842955950E-004
 performing expansion, best =    9.1116467225863201E-004
 performing expansion, best =    9.1116273877905386E-004
 performing expansion, best =    9.1113396898602592E-004
 performing expansion, best =    9.1111980433141500E-004
 performing expansion, best =    9.1110685053984988E-004
 performing expansion, best =    9.1109000732984640E-004
 performing expansion, best =    9.1107591418931671E-004
 performing expansion, best =    9.1106245062589112E-004
 performing expansion, best =    9.1104181585350045E-004
 performing expansion, best =    9.1102529683117887E-004
 performing expansion, best =    9.1101835611810916E-004
 performing expansion, best =    9.1100864614402863E-004
 performing expansion, best =    9.1099542886357936E-004
 performing expansion, best =    9.1099246146957523E-004
 performing expansion, best =    9.1094840736008519E-004
 performing expansion, best =    9.1092917997891805E-004
 performing expansion, best =    9.1092592544954082E-004
 performing expansion, best =    9.1089583546056206E-004
 performing expansion, best =    9.1088057918292827E-004
 performing expansion, best =    9.1086912049137189E-004
 performing expansion, best =    9.1086279161655596E-004
 performing expansion, best =    9.1085911162763593E-004
 performing expansion, best =    9.1085897464334667E-004
 performing expansion, best =    9.1084729284808487E-004
 performing expansion, best =    9.1084062336057887E-004
 performing expansion, best =    9.1083526863830748E-004
 performing expansion, best =    9.1083302235024546E-004
 performing expansion, best =    9.1082901664399699E-004
 performing expansion, best =    9.1082750783022190E-004
 performing expansion, best =    9.1081671201679703E-004
 performing expansion, best =    9.1080730141845500E-004
 performing expansion, best =    9.1080543481104708E-004
 performing expansion, best =    9.1080336225552079E-004
 performing expansion, best =    9.1079626209968360E-004
 performing expansion, best =    9.1079277634228018E-004
 performing expansion, best =    9.1078215868717360E-004
 performing expansion, best =    9.1077194412693928E-004
 performing expansion, best =    9.1076787466683835E-004
 performing expansion, best =    9.1076642946470146E-004
 performing expansion, best =    9.1076494622404605E-004
 performing expansion, best =    9.1075203572428673E-004
 performing expansion, best =    9.1075189827557405E-004
 performing expansion, best =    9.1074829852805152E-004
 performing expansion, best =    9.1073612374432413E-004
 performing expansion, best =    9.1072528846319824E-004
 performing expansion, best =    9.1071180043557310E-004
 performing expansion, best =    9.1068808745554746E-004
 performing expansion, best =    9.1067935774362656E-004
 performing expansion, best =    9.1067629731807600E-004
 performing expansion, best =    9.1067287827673233E-004
 performing expansion, best =    9.1065686225553740E-004
 performing expansion, best =    9.1065185093759660E-004
 performing expansion, best =    9.1062470824828572E-004
 performing expansion, best =    9.1058227575936625E-004
 performing expansion, best =    9.1055589262141955E-004
 performing expansion, best =    9.1051210991300289E-004
 performing expansion, best =    9.1050327288897011E-004
 performing expansion, best =    9.1048678815713912E-004
 performing expansion, best =    9.1048645031014026E-004
 performing expansion, best =    9.1046620090542377E-004
 performing expansion, best =    9.1046325116564202E-004
 performing expansion, best =    9.1044352091803867E-004
 performing expansion, best =    9.1040340935566596E-004
 performing expansion, best =    9.1034788445222125E-004
 performing expansion, best =    9.1034117260338639E-004
 performing expansion, best =    9.1030250314984339E-004
 performing expansion, best =    9.1025631026320339E-004
 performing expansion, best =    9.1024877317819183E-004
 performing expansion, best =    9.1022461571996531E-004
 performing expansion, best =    9.1021001084801156E-004
 performing expansion, best =    9.1016291973918526E-004
 performing expansion, best =    9.1012199133134076E-004
 performing expansion, best =    9.1009637056457045E-004
 performing expansion, best =    9.1002845089282255E-004
 performing expansion, best =    9.1001842799328552E-004
 performing expansion, best =    9.0998298361291783E-004
 performing expansion, best =    9.0993890282294184E-004
 performing expansion, best =    9.0991092825994677E-004
 performing expansion, best =    9.0990781965555464E-004
 performing expansion, best =    9.0988377240935610E-004
 performing expansion, best =    9.0983776764093241E-004
 performing expansion, best =    9.0978196943252159E-004
 performing expansion, best =    9.0971273267148340E-004
 performing expansion, best =    9.0967089958007895E-004
 performing expansion, best =    9.0962193227206250E-004
 performing expansion, best =    9.0955311663623107E-004
 performing expansion, best =    9.0954014780806908E-004
 performing expansion, best =    9.0953818716482085E-004
 performing expansion, best =    9.0950145946583610E-004
 performing expansion, best =    9.0945086079778875E-004
 performing expansion, best =    9.0939544871396195E-004
 performing expansion, best =    9.0935820753551924E-004
 performing expansion, best =    9.0935729180416738E-004
 performing expansion, best =    9.0933815668222512E-004
 performing expansion, best =    9.0930385125466396E-004
 performing expansion, best =    9.0925970368939120E-004
 performing expansion, best =    9.0925396546677343E-004
 performing expansion, best =    9.0924627242171035E-004
 performing expansion, best =    9.0922780646840115E-004
 performing expansion, best =    9.0920750999095657E-004
 performing expansion, best =    9.0920064399793916E-004
 performing expansion, best =    9.0919539072102629E-004
 performing expansion, best =    9.0917419680329068E-004
 performing expansion, best =    9.0917261773986401E-004
 performing expansion, best =    9.0916344129867636E-004
 performing expansion, best =    9.0916304277788111E-004
 performing expansion, best =    9.0915496603234994E-004
 performing expansion, best =    9.0915248351848988E-004
 performing expansion, best =    9.0914528477877498E-004
 performing expansion, best =    9.0913716519842142E-004
 performing expansion, best =    9.0913569417959373E-004
 performing expansion, best =    9.0912256717693037E-004
 performing expansion, best =    9.0912254528263626E-004
 performing expansion, best =    9.0911398730409983E-004
 performing expansion, best =    9.0911193772255823E-004
 performing expansion, best =    9.0908876199565284E-004
 performing expansion, best =    9.0908730183567293E-004
 performing expansion, best =    9.0907835363328098E-004
 performing expansion, best =    9.0905734244795759E-004
 performing expansion, best =    9.0903420859227656E-004
 performing expansion, best =    9.0901242203168223E-004
 performing expansion, best =    9.0899825519752300E-004
 performing expansion, best =    9.0898407044972184E-004
 performing expansion, best =    9.0896760212267171E-004
 performing expansion, best =    9.0892864780470369E-004
 performing expansion, best =    9.0888926040157028E-004
 performing expansion, best =    9.0884850321940578E-004
 performing expansion, best =    9.0881008373519252E-004
 performing expansion, best =    9.0878918112408439E-004
 performing expansion, best =    9.0876389427218228E-004
 performing expansion, best =    9.0873357545294582E-004
 performing expansion, best =    9.0869528221025815E-004
 performing expansion, best =    9.0865356895387809E-004
 performing expansion, best =    9.0863325890748676E-004
 performing expansion, best =    9.0859626190790282E-004
 performing expansion, best =    9.0855500276512886E-004
 performing expansion, best =    9.0851154582696650E-004
 performing expansion, best =    9.0847178958283878E-004
 performing expansion, best =    9.0840930944180388E-004
 performing expansion, best =    9.0838035688907642E-004
 performing expansion, best =    9.0831726072895358E-004
 performing expansion, best =    9.0824945094236697E-004
 performing expansion, best =    9.0823539449206355E-004
 performing expansion, best =    9.0820142725150227E-004
 performing expansion, best =    9.0815010077591120E-004
 performing expansion, best =    9.0809553505611165E-004
 performing expansion, best =    9.0805454079559531E-004
 performing expansion, best =    9.0802823570010696E-004
 performing expansion, best =    9.0798800083349558E-004
 performing expansion, best =    9.0797455285815648E-004
 performing expansion, best =    9.0796055685593460E-004
 performing expansion, best =    9.0796013215704472E-004
 performing expansion, best =    9.0793691360589734E-004
 performing expansion, best =    9.0792619629243107E-004
 performing expansion, best =    9.0792530362983424E-004
 performing expansion, best =    9.0792264464742477E-004
 performing expansion, best =    9.0791290299163923E-004
 performing expansion, best =    9.0791177602012659E-004
 performing expansion, best =    9.0790390260351011E-004
 performing expansion, best =    9.0790364767230299E-004
 performing expansion, best =    9.0789149057576954E-004
 performing expansion, best =    9.0787822024114562E-004
 performing expansion, best =    9.0787358136430404E-004
 performing expansion, best =    9.0787241725201018E-004
 performing expansion, best =    9.0786337642846009E-004
 performing expansion, best =    9.0785731737910822E-004
 performing expansion, best =    9.0785555120747729E-004
 performing expansion, best =    9.0785554712153205E-004
 performing expansion, best =    9.0785487086470699E-004
 performing expansion, best =    9.0783779199990694E-004
 performing expansion, best =    9.0783161735897839E-004
 performing expansion, best =    9.0782406190252271E-004
 performing expansion, best =    9.0782025508689393E-004
 performing expansion, best =    9.0781311525548456E-004
 performing expansion, best =    9.0780459513257084E-004
 performing expansion, best =    9.0780300253211243E-004
 performing expansion, best =    9.0780238307975247E-004
 performing expansion, best =    9.0779690949054006E-004
 performing expansion, best =    9.0778914046188517E-004
 performing expansion, best =    9.0777975105663610E-004
 performing expansion, best =    9.0777546274262827E-004
 performing expansion, best =    9.0776914669587106E-004
 performing expansion, best =    9.0776401229410056E-004
 performing expansion, best =    9.0776007014190863E-004
 performing expansion, best =    9.0774960277938306E-004
 performing expansion, best =    9.0773675251218475E-004
 performing expansion, best =    9.0772520184546196E-004
 performing expansion, best =    9.0771820630668046E-004
 performing expansion, best =    9.0771728423183701E-004
 performing expansion, best =    9.0771093461551296E-004
 performing expansion, best =    9.0770199534042013E-004
 performing expansion, best =    9.0769135308059619E-004
 performing expansion, best =    9.0768194681948775E-004
 performing expansion, best =    9.0766441505404081E-004
 performing expansion, best =    9.0765410371229551E-004
 performing expansion, best =    9.0763271043148189E-004
 performing expansion, best =    9.0759604287182424E-004
 performing expansion, best =    9.0756701824629279E-004
 performing expansion, best =    9.0754469478062500E-004
 performing expansion, best =    9.0752341931612092E-004
 performing expansion, best =    9.0747935609447508E-004
 performing expansion, best =    9.0745803290092828E-004
 performing expansion, best =    9.0743004659307736E-004
 performing expansion, best =    9.0739967547496560E-004
 performing expansion, best =    9.0736080631866479E-004
 performing expansion, best =    9.0733418379002062E-004
 performing expansion, best =    9.0730171411106120E-004
 performing expansion, best =    9.0724822336967685E-004
 performing expansion, best =    9.0720574593752899E-004
 performing expansion, best =    9.0716919177240252E-004
 performing expansion, best =    9.0710575126793844E-004
 performing expansion, best =    9.0704492536299052E-004
 performing expansion, best =    9.0698129878617588E-004
 performing expansion, best =    9.0697783081327592E-004
 performing expansion, best =    9.0695426439641922E-004
 performing expansion, best =    9.0693790853386979E-004
 performing expansion, best =    9.0688110570389757E-004
 performing expansion, best =    9.0687159599107936E-004
 performing expansion, best =    9.0682040685835465E-004
 performing expansion, best =    9.0676589306288267E-004
 performing expansion, best =    9.0671899517395728E-004
 performing expansion, best =    9.0671461635449292E-004
 performing expansion, best =    9.0670795204646410E-004
 performing expansion, best =    9.0668336090993630E-004
 performing expansion, best =    9.0668109004219256E-004
 performing expansion, best =    9.0666659847355401E-004
 performing expansion, best =    9.0666422293304817E-004
 performing expansion, best =    9.0661559028936258E-004
 performing expansion, best =    9.0661450493569572E-004
 performing expansion, best =    9.0661134621880296E-004
 performing expansion, best =    9.0658817957008585E-004
 performing expansion, best =    9.0656114802375337E-004
 performing expansion, best =    9.0656093279926691E-004
 performing expansion, best =    9.0655890420559388E-004
 performing expansion, best =    9.0654021040966501E-004
 performing expansion, best =    9.0646728986134250E-004
 performing expansion, best =    9.0646127855973377E-004
 performing expansion, best =    9.0645889445267443E-004
 performing expansion, best =    9.0641452123528977E-004
 performing expansion, best =    9.0641087681555350E-004
 performing expansion, best =    9.0640615521843534E-004
 performing expansion, best =    9.0639373297017871E-004
 performing expansion, best =    9.0639049304270343E-004
 performing expansion, best =    9.0638535019973423E-004
 performing expansion, best =    9.0638166828719722E-004
 performing expansion, best =    9.0636906191614677E-004
 performing expansion, best =    9.0636516208571541E-004
 performing expansion, best =    9.0635286120427155E-004
 performing expansion, best =    9.0634967032929726E-004
 performing expansion, best =    9.0634768119480103E-004
 performing expansion, best =    9.0632925570334564E-004
 performing expansion, best =    9.0632699287537496E-004
 performing expansion, best =    9.0630438927565460E-004
 performing expansion, best =    9.0629451464277445E-004
 performing expansion, best =    9.0628838227161529E-004
 performing expansion, best =    9.0628327429347945E-004
 performing expansion, best =    9.0625728586081478E-004
 performing expansion, best =    9.0624221142096572E-004
 performing expansion, best =    9.0623994315859482E-004
 performing expansion, best =    9.0623742045408491E-004
 performing expansion, best =    9.0623595639740975E-004
 performing expansion, best =    9.0622633902441509E-004
 performing expansion, best =    9.0621810930470968E-004
 performing expansion, best =    9.0621317800459599E-004
 performing expansion, best =    9.0621243856471546E-004
 performing expansion, best =    9.0621137728713131E-004
 performing expansion, best =    9.0621081992199430E-004
 performing expansion, best =    9.0620819560638941E-004
 performing expansion, best =    9.0620572533842007E-004
 performing expansion, best =    9.0620452993043815E-004
 performing expansion, best =    9.0619234874014917E-004
 performing expansion, best =    9.0619193736701375E-004
 performing expansion, best =    9.0619117849498809E-004
 performing expansion, best =    9.0619082425779935E-004
 performing expansion, best =    9.0618973532676449E-004
 performing expansion, best =    9.0618701479810765E-004
 performing expansion, best =    9.0618591719012409E-004
 performing expansion, best =    9.0618561400984405E-004
 performing expansion, best =    9.0618374011252050E-004
 performing expansion, best =    9.0618358449546881E-004
 performing expansion, best =    9.0617852471123973E-004
 performing expansion, best =    9.0617747376741721E-004
 performing expansion, best =    9.0617739485531824E-004
 performing expansion, best =    9.0617478348871340E-004
 performing expansion, best =    9.0617468738706951E-004
 performing expansion, best =    9.0617380459362266E-004
 performing expansion, best =    9.0617373375613834E-004
 performing expansion, best =    9.0617359018366900E-004
 performing expansion, best =    9.0617211731280043E-004
 performing expansion, best =    9.0617051848021393E-004
 performing expansion, best =    9.0617033939252708E-004
 performing expansion, best =    9.0617031795000159E-004
 performing expansion, best =    9.0616985220549201E-004
 performing expansion, best =    9.0616943473688523E-004
 performing expansion, best =    9.0616579581735050E-004
 performing expansion, best =    9.0616528431373370E-004
 performing expansion, best =    9.0616393587200650E-004
 performing expansion, best =    9.0616371273644536E-004
 performing expansion, best =    9.0616323706324792E-004
 performing expansion, best =    9.0616226982326254E-004
 performing expansion, best =    9.0616211233965468E-004
 performing expansion, best =    9.0615939461466562E-004
 performing expansion, best =    9.0615909699064514E-004
 performing expansion, best =    9.0615672959852740E-004
 performing expansion, best =    9.0615637690757837E-004
 performing expansion, best =    9.0615348613885935E-004
 performing expansion, best =    9.0615345049982986E-004
 performing expansion, best =    9.0615151960703601E-004
 performing expansion, best =    9.0615101346029820E-004
 performing expansion, best =    9.0615066294124432E-004
 performing expansion, best =    9.0614829107559544E-004
 performing expansion, best =    9.0614790161037539E-004
 performing expansion, best =    9.0614569678350992E-004
 performing expansion, best =    9.0614521730885962E-004
 performing expansion, best =    9.0614500286571875E-004
 performing expansion, best =    9.0614478950673527E-004
 performing expansion, best =    9.0614310617250816E-004
 performing expansion, best =    9.0614273595368187E-004
 performing expansion, best =    9.0614107559873079E-004
 performing expansion, best =    9.0613962657817978E-004
 performing expansion, best =    9.0613735909071604E-004
 performing expansion, best =    9.0613722607817994E-004
 performing expansion, best =    9.0613573363807647E-004
 performing expansion, best =    9.0613569053998985E-004
 performing expansion, best =    9.0613355922949501E-004
 performing expansion, best =    9.0613127334818601E-004
 performing expansion, best =    9.0612931543474959E-004
 performing expansion, best =    9.0612681517661365E-004
 performing expansion, best =    9.0612468810715937E-004
 performing expansion, best =    9.0612408925819872E-004
 performing expansion, best =    9.0612142142658045E-004
 performing expansion, best =    9.0612127538324601E-004
 performing expansion, best =    9.0612124762926190E-004
 performing expansion, best =    9.0612118807268348E-004
 performing expansion, best =    9.0611940248354198E-004
 performing expansion, best =    9.0611939968072823E-004
 performing expansion, best =    9.0611677928331767E-004
 performing expansion, best =    9.0611408146374164E-004
 performing expansion, best =    9.0611227748787213E-004
 performing expansion, best =    9.0611200173914771E-004
 performing expansion, best =    9.0610949502453384E-004
 performing expansion, best =    9.0610698545685235E-004
 performing expansion, best =    9.0610415004011837E-004
 performing expansion, best =    9.0610411846403895E-004
 performing expansion, best =    9.0610399248012077E-004
 performing expansion, best =    9.0610349873902708E-004
 performing expansion, best =    9.0610296454811867E-004
 performing expansion, best =    9.0610287114696109E-004
 performing expansion, best =    9.0610275597704192E-004
 performing expansion, best =    9.0610064903698113E-004
 performing expansion, best =    9.0610049964458868E-004
 performing expansion, best =    9.0610013609928285E-004
 performing expansion, best =    9.0609977230854443E-004
 performing expansion, best =    9.0609971827292708E-004
 performing expansion, best =    9.0609921630967205E-004
 performing expansion, best =    9.0609884729440850E-004
 performing expansion, best =    9.0609719769838308E-004
 performing expansion, best =    9.0609673411305041E-004
 performing expansion, best =    9.0609399374948132E-004
 performing expansion, best =    9.0609138558262901E-004
 performing expansion, best =    9.0608871953701633E-004
 performing expansion, best =    9.0608869680129287E-004
 performing expansion, best =    9.0608678599413866E-004
 performing expansion, best =    9.0608385494667760E-004
 performing expansion, best =    9.0608360682064670E-004
 performing expansion, best =    9.0608332253713515E-004
 performing expansion, best =    9.0608077161559474E-004
 performing expansion, best =    9.0607859594890768E-004
 performing expansion, best =    9.0607565652180697E-004
 performing expansion, best =    9.0607284206999604E-004
 performing expansion, best =    9.0606955236065994E-004
 performing expansion, best =    9.0606619149505481E-004
 performing expansion, best =    9.0606242728842861E-004
 performing expansion, best =    9.0605834402549663E-004
 performing expansion, best =    9.0605434198834161E-004
 performing expansion, best =    9.0605097100399221E-004
 performing expansion, best =    9.0604729221936643E-004
 performing expansion, best =    9.0604340438039347E-004
 performing expansion, best =    9.0603921615423359E-004
 performing expansion, best =    9.0603512670500621E-004
 performing expansion, best =    9.0603102762516676E-004
 performing expansion, best =    9.0602741166641938E-004
 performing expansion, best =    9.0602348861225943E-004
 performing expansion, best =    9.0602022760622109E-004
 performing expansion, best =    9.0601645364687814E-004
 performing expansion, best =    9.0601242060656595E-004
 performing expansion, best =    9.0600911185390975E-004
 performing expansion, best =    9.0600555081650003E-004
 performing expansion, best =    9.0600061978442854E-004
 performing expansion, best =    9.0599598107864361E-004
 performing expansion, best =    9.0599314189946463E-004
 performing expansion, best =    9.0598977688306824E-004
 performing expansion, best =    9.0598516084991335E-004
 performing expansion, best =    9.0598085557734337E-004
 performing expansion, best =    9.0597655003060837E-004
 performing expansion, best =    9.0597300690223846E-004
 performing expansion, best =    9.0596550371859234E-004
 performing expansion, best =    9.0595928970859242E-004
 performing expansion, best =    9.0595386252082920E-004
 performing expansion, best =    9.0594911323049710E-004
Exiting simplex optimization after 10001 iterations
RMSE         9.059436158E-04 Hartree
NEW BEST!
Best found solution for 16 charges:
        RMSE         5.684877724E-01 kcal/mol
         MAE         3.227126622E-01 kcal/mol
     max. AE         4.767438563E+00 kcal/mol

       x[bohr]       y[bohr]       z[bohr]          q[e]
     0.2419193     1.7023404    -0.0000124    -0.1954243
     0.2530697     0.3497970    -0.0000082     0.0647197
     3.7946255     1.8140582     0.0032599     0.1910429
     1.5779340     2.3114782    -0.0124392    -0.9383596
     1.0618975     1.2348653     0.0017208     0.5253296
     1.7139191     4.4136536    -0.0146854     0.2652059
    -1.5260241     2.9567233    -0.0035808     0.1121236
    -2.4222436     1.9977559    -0.2540963     0.0175873
    -1.6227007    -2.2541922    -0.0373861    -0.9559489
    -2.0113598    -1.7340315     0.0075062     0.9449556
    -2.7886443    -3.2457627     0.1419900     0.1487006
     1.1750385    -2.6459300    -0.0854323     0.0644395
     2.1940614    -2.5944991    -0.0491285     0.0581898
    -4.5626687    -1.7165290    -0.1061610     0.0633450
    -1.9586276    -2.4423349     0.0658879    -0.6674404
    -1.5545652    -4.2679895    -0.0307480     0.3015337

