Running in fitting mode

Reading "/data/boittier/gaussian_scans/butadiene/scan_extract_0.xyz.chk.fchk.pot.cube"...

  opt Potential
  Electrostatic potential from Total SCF Density
   10   -8.606892   -9.296586   -6.512752
   85    0.203727    0.000000    0.000000
   92    0.000000    0.203727    0.000000
   65    0.000000    0.000000    0.203727
    6    6.000000    2.094140    2.783833    0.000000
    6    6.000000    0.000000    1.372509    0.000000
    6    6.000000    0.000000   -1.372508    0.000000
    6    6.000000   -2.094140   -2.783833    0.000000
    1    1.000000    2.009811    4.824243    0.000000
    1    1.000000    3.951380    1.924660    0.000000
    1    1.000000   -1.835514    2.288467    0.000000
    1    1.000000    1.835514   -2.288466    0.000000
    1    1.000000   -3.951380   -1.924661    0.000000
    1    1.000000   -2.009810   -4.824243    0.000000
  2.26511E-03  2.29910E-03  2.31955E-03  2.32611E-03  2.31866E-03  2.29733E-03
       .            .            .            .            .            .
       .            .            .            .            .            .
       .            .            .            .            .            .
  2.29269E-03  2.29923E-03  2.29180E-03  2.27053E-03  2.23580E-03  2.18822E-03

229538 out of 508300 gridpoints are considered ( 45.2%).

...done!




 Refining solution from file/home/boittier/MDCM-1/examples/butadiene/5-combine-frags/13-combined.xyz
 Contains     13 charges
      Initial RMSE =         5.993355993E-01 kcal/mol
Running DE in parallel with 4 thread(s)!


User requested refinement using simplex algorithm (no DE)

 performing expansion, best =    9.5442866576429808E-004
 performing expansion, best =    9.5392236565916761E-004
 performing expansion, best =    9.4841177689554445E-004
 performing expansion, best =    9.4469469447858981E-004
 performing expansion, best =    9.3726373790761752E-004
 performing expansion, best =    9.3684335126729599E-004
 performing expansion, best =    9.3650129752395823E-004
 performing expansion, best =    9.3648893763300810E-004
 performing expansion, best =    9.3593754150388055E-004
 performing expansion, best =    9.3581289317317448E-004
 performing expansion, best =    9.3537079822284593E-004
 performing expansion, best =    9.3496606249123676E-004
 performing expansion, best =    9.3466864289242066E-004
 performing expansion, best =    9.3447100769817725E-004
 performing expansion, best =    9.3444082777058583E-004
 performing expansion, best =    9.3430227041999729E-004
 performing expansion, best =    9.3421521243619468E-004
 performing expansion, best =    9.3416556205446171E-004
 performing expansion, best =    9.3398912940340149E-004
 performing expansion, best =    9.3394078097214597E-004
 performing expansion, best =    9.3386823583903366E-004
 performing expansion, best =    9.3384659958182495E-004
 performing expansion, best =    9.3375825382837621E-004
 performing expansion, best =    9.3375619085008053E-004
 performing expansion, best =    9.3375245920285016E-004
 performing expansion, best =    9.3366329267772987E-004
 performing expansion, best =    9.3354907653600896E-004
 performing expansion, best =    9.3352889130950947E-004
 performing expansion, best =    9.3349295354084010E-004
 performing expansion, best =    9.3345849889277948E-004
 performing expansion, best =    9.3344640509927313E-004
 performing expansion, best =    9.3340686079311616E-004
 performing expansion, best =    9.3335290168413310E-004
 performing expansion, best =    9.3333960378756524E-004
 performing expansion, best =    9.3323599546074501E-004
 performing expansion, best =    9.3315716976628404E-004
 performing expansion, best =    9.3312976791848790E-004
 performing expansion, best =    9.3299824951192727E-004
 performing expansion, best =    9.3296917704914202E-004
 performing expansion, best =    9.3293855801495642E-004
 performing expansion, best =    9.3286208843620314E-004
 performing expansion, best =    9.3279896885059804E-004
 performing expansion, best =    9.3276502635601622E-004
 performing expansion, best =    9.3260653341411550E-004
 performing expansion, best =    9.3257682763708220E-004
 performing expansion, best =    9.3251165635564964E-004
 performing expansion, best =    9.3245771510655734E-004
 performing expansion, best =    9.3237831370996066E-004
 performing expansion, best =    9.3229039814062779E-004
 performing expansion, best =    9.3226950167824528E-004
 performing expansion, best =    9.3225621880529996E-004
 performing expansion, best =    9.3215921215945049E-004
 performing expansion, best =    9.3209190394111718E-004
 performing expansion, best =    9.3205308029922014E-004
 performing expansion, best =    9.3201125394258447E-004
 performing expansion, best =    9.3199156084111765E-004
 performing expansion, best =    9.3196304798812265E-004
 performing expansion, best =    9.3189057318465241E-004
 performing expansion, best =    9.3177913925657002E-004
 performing expansion, best =    9.3169408123092905E-004
 performing expansion, best =    9.3168955514723025E-004
 performing expansion, best =    9.3161041625480475E-004
 performing expansion, best =    9.3158404640427967E-004
 performing expansion, best =    9.3156383411576826E-004
 performing expansion, best =    9.3144080327336413E-004
 performing expansion, best =    9.3136896216534221E-004
 performing expansion, best =    9.3133677296797603E-004
 performing expansion, best =    9.3130796549004125E-004
 performing expansion, best =    9.3127349743162837E-004
 performing expansion, best =    9.3123371088908702E-004
 performing expansion, best =    9.3121493566024859E-004
 performing expansion, best =    9.3121313460111277E-004
 performing expansion, best =    9.3118086105066142E-004
 performing expansion, best =    9.3117422951676627E-004
 performing expansion, best =    9.3115462245495857E-004
 performing expansion, best =    9.3114654173285974E-004
 performing expansion, best =    9.3113331391521945E-004
 performing expansion, best =    9.3109891485896603E-004
 performing expansion, best =    9.3109279280837462E-004
 performing expansion, best =    9.3108584913760551E-004
 performing expansion, best =    9.3107575678729121E-004
 performing expansion, best =    9.3106675026003642E-004
 performing expansion, best =    9.3106599523738807E-004
 performing expansion, best =    9.3105961429669503E-004
 performing expansion, best =    9.3105211353648602E-004
 performing expansion, best =    9.3102433144493543E-004
 performing expansion, best =    9.3100385516908465E-004
 performing expansion, best =    9.3099465170596728E-004
 performing expansion, best =    9.3098043059992874E-004
 performing expansion, best =    9.3093600050949408E-004
 performing expansion, best =    9.3087364201937812E-004
 performing expansion, best =    9.3084044454700072E-004
 performing expansion, best =    9.3080761196675068E-004
 performing expansion, best =    9.3075659902309147E-004
 performing expansion, best =    9.3074546229044612E-004
 performing expansion, best =    9.3073184103502772E-004
 performing expansion, best =    9.3070263336091118E-004
 performing expansion, best =    9.3068388434315640E-004
 performing expansion, best =    9.3067405844862998E-004
 performing expansion, best =    9.3065401120885865E-004
 performing expansion, best =    9.3062457872485787E-004
 performing expansion, best =    9.3058078406661260E-004
 performing expansion, best =    9.3054807901571358E-004
 performing expansion, best =    9.3050272901387275E-004
 performing expansion, best =    9.3048147035695199E-004
 performing expansion, best =    9.3043842502742646E-004
 performing expansion, best =    9.3040406559066573E-004
 performing expansion, best =    9.3036712288851163E-004
 performing expansion, best =    9.3032418915175660E-004
 performing expansion, best =    9.3029119626025802E-004
 performing expansion, best =    9.3027879532605706E-004
 performing expansion, best =    9.3027388405117863E-004
 performing expansion, best =    9.3026753439381081E-004
 performing expansion, best =    9.3024802660329167E-004
 performing expansion, best =    9.3022571504704340E-004
 performing expansion, best =    9.3020314917464670E-004
 performing expansion, best =    9.3019727974602518E-004
 performing expansion, best =    9.3019574389006953E-004
 performing expansion, best =    9.3018422707606034E-004
 performing expansion, best =    9.3018169644104077E-004
 performing expansion, best =    9.3018017224593449E-004
 performing expansion, best =    9.3015305014617852E-004
 performing expansion, best =    9.3015069636046542E-004
 performing expansion, best =    9.3014658492284190E-004
 performing expansion, best =    9.3014254764838163E-004
 performing expansion, best =    9.3013628352029819E-004
 performing expansion, best =    9.3012765382550057E-004
 performing expansion, best =    9.3012701080065604E-004
 performing expansion, best =    9.3012166134172770E-004
 performing expansion, best =    9.3011837065325100E-004
 performing expansion, best =    9.3011500125000013E-004
 performing expansion, best =    9.3009436392564712E-004
 performing expansion, best =    9.3008053669071944E-004
 performing expansion, best =    9.3008051828827483E-004
 performing expansion, best =    9.3005928705863642E-004
 performing expansion, best =    9.3004547008369593E-004
 performing expansion, best =    9.3003803940561549E-004
 performing expansion, best =    9.3003319830515141E-004
 performing expansion, best =    9.3002733648272443E-004
 performing expansion, best =    9.3002706465782623E-004
 performing expansion, best =    9.3000924060728288E-004
 performing expansion, best =    9.3000077266887241E-004
 performing expansion, best =    9.2998497915266760E-004
 performing expansion, best =    9.2997773287307941E-004
 performing expansion, best =    9.2997383563122866E-004
 performing expansion, best =    9.2997162698118293E-004
 performing expansion, best =    9.2995350797460147E-004
 performing expansion, best =    9.2994253298124411E-004
 performing expansion, best =    9.2992980932454078E-004
 performing expansion, best =    9.2992184338128647E-004
 performing expansion, best =    9.2992098049112502E-004
 performing expansion, best =    9.2991401433220242E-004
 performing expansion, best =    9.2990186945809982E-004
 performing expansion, best =    9.2988229899996719E-004
 performing expansion, best =    9.2986380948890685E-004
 performing expansion, best =    9.2985542196752401E-004
 performing expansion, best =    9.2984986381368926E-004
 performing expansion, best =    9.2984427381914594E-004
 performing expansion, best =    9.2983146284699629E-004
 performing expansion, best =    9.2982706963936831E-004
 performing expansion, best =    9.2981521662530977E-004
 performing expansion, best =    9.2980797755431630E-004
 performing expansion, best =    9.2980472113748523E-004
 performing expansion, best =    9.2980078017648098E-004
 performing expansion, best =    9.2979142578934239E-004
 performing expansion, best =    9.2979051664512469E-004
 performing expansion, best =    9.2978875547239338E-004
 performing expansion, best =    9.2978868096522396E-004
 performing expansion, best =    9.2978733750213633E-004
 performing expansion, best =    9.2977520273978946E-004
 performing expansion, best =    9.2977286856778577E-004
 performing expansion, best =    9.2976370095378276E-004
 performing expansion, best =    9.2975085935011897E-004
 performing expansion, best =    9.2974430273412936E-004
 performing expansion, best =    9.2974090744576987E-004
 performing expansion, best =    9.2973641336084503E-004
 performing expansion, best =    9.2973203058530367E-004
 performing expansion, best =    9.2972387734109835E-004
 performing expansion, best =    9.2971813594992792E-004
 performing expansion, best =    9.2971417495620880E-004
 performing expansion, best =    9.2971175714257222E-004
 performing expansion, best =    9.2969826131394213E-004
 performing expansion, best =    9.2969040449859602E-004
 performing expansion, best =    9.2968173526522654E-004
 performing expansion, best =    9.2967473020188823E-004
 performing expansion, best =    9.2966956444558212E-004
 performing expansion, best =    9.2966056231591043E-004
 performing expansion, best =    9.2965653008900205E-004
 performing expansion, best =    9.2964746902481792E-004
 performing expansion, best =    9.2964077405963412E-004
 performing expansion, best =    9.2963243143177107E-004
 performing expansion, best =    9.2962334060868706E-004
 performing expansion, best =    9.2962038660236355E-004
 performing expansion, best =    9.2961010659011996E-004
 performing expansion, best =    9.2958825807596746E-004
 performing expansion, best =    9.2956220183165262E-004
 performing expansion, best =    9.2953351753841628E-004
 performing expansion, best =    9.2950731453849127E-004
 performing expansion, best =    9.2946465062885707E-004
 performing expansion, best =    9.2943461313643705E-004
 performing expansion, best =    9.2940224560596988E-004
 performing expansion, best =    9.2937341951740665E-004
 performing expansion, best =    9.2933899348971339E-004
 performing expansion, best =    9.2931089030703299E-004
 performing expansion, best =    9.2927857280816046E-004
 performing expansion, best =    9.2921989317110815E-004
 performing expansion, best =    9.2918440548764942E-004
 performing expansion, best =    9.2912272162481481E-004
 performing expansion, best =    9.2908663797356002E-004
 performing expansion, best =    9.2904678810508889E-004
 performing expansion, best =    9.2898672134245259E-004
 performing expansion, best =    9.2891604529512280E-004
 performing expansion, best =    9.2884525419657500E-004
 performing expansion, best =    9.2881418594802805E-004
 performing expansion, best =    9.2875252918172538E-004
 performing expansion, best =    9.2866791571209794E-004
 performing expansion, best =    9.2858969324947156E-004
 performing expansion, best =    9.2852168744853763E-004
 performing expansion, best =    9.2844509385828016E-004
 performing expansion, best =    9.2835158409069053E-004
 performing expansion, best =    9.2826851957250513E-004
 performing expansion, best =    9.2819128164609694E-004
 performing expansion, best =    9.2809019909983841E-004
 performing expansion, best =    9.2804238807952166E-004
 performing expansion, best =    9.2797145478740368E-004
 performing expansion, best =    9.2790686915466235E-004
 performing expansion, best =    9.2782158348827517E-004
 performing expansion, best =    9.2769798211472115E-004
 performing expansion, best =    9.2761559409752412E-004
 performing expansion, best =    9.2757830820696784E-004
 performing expansion, best =    9.2755347249279089E-004
 performing expansion, best =    9.2752447741688390E-004
 performing expansion, best =    9.2750482393708230E-004
 performing expansion, best =    9.2749149223299776E-004
 performing expansion, best =    9.2748787536467111E-004
 performing expansion, best =    9.2747097965256166E-004
 performing expansion, best =    9.2747086982182146E-004
 performing expansion, best =    9.2746270417935121E-004
 performing expansion, best =    9.2744082834873495E-004
 performing expansion, best =    9.2742816923962296E-004
 performing expansion, best =    9.2740308134806656E-004
 performing expansion, best =    9.2739898394579774E-004
 performing expansion, best =    9.2739484641015182E-004
 performing expansion, best =    9.2737886637641860E-004
 performing expansion, best =    9.2737531190415184E-004
 performing expansion, best =    9.2736992508191747E-004
 performing expansion, best =    9.2736089328994387E-004
 performing expansion, best =    9.2735974515265778E-004
 performing expansion, best =    9.2735109474756567E-004
 performing expansion, best =    9.2733715098626578E-004
 performing expansion, best =    9.2733502928186409E-004
 performing expansion, best =    9.2732875344237972E-004
 performing expansion, best =    9.2731431037568115E-004
 performing expansion, best =    9.2730761826156536E-004
 performing expansion, best =    9.2730021560675493E-004
 performing expansion, best =    9.2729863611575156E-004
 performing expansion, best =    9.2729769077195103E-004
 performing expansion, best =    9.2729349015041617E-004
 performing expansion, best =    9.2728997979735998E-004
 performing expansion, best =    9.2728558817262456E-004
 performing expansion, best =    9.2728242384920907E-004
 performing expansion, best =    9.2727623331927318E-004
 performing expansion, best =    9.2727202937860690E-004
 performing expansion, best =    9.2726665658454427E-004
 performing expansion, best =    9.2725944758344518E-004
 performing expansion, best =    9.2725413702223110E-004
 performing expansion, best =    9.2723758459629154E-004
 performing expansion, best =    9.2722637882232709E-004
 performing expansion, best =    9.2721431776872961E-004
 performing expansion, best =    9.2719804336122808E-004
 performing expansion, best =    9.2718330490976209E-004
 performing expansion, best =    9.2717242964254895E-004
 performing expansion, best =    9.2717050981949462E-004
 performing expansion, best =    9.2714067328105495E-004
 performing expansion, best =    9.2710641222579139E-004
 performing expansion, best =    9.2709366063643979E-004
 performing expansion, best =    9.2707441367966784E-004
 performing expansion, best =    9.2706394214071342E-004
 performing expansion, best =    9.2705287470980528E-004
 performing expansion, best =    9.2704906738827551E-004
 performing expansion, best =    9.2702965630840173E-004
 performing expansion, best =    9.2699518883507172E-004
 performing expansion, best =    9.2695763923283860E-004
 performing expansion, best =    9.2693289194300740E-004
 performing expansion, best =    9.2691665080710370E-004
 performing expansion, best =    9.2687903815059187E-004
 performing expansion, best =    9.2682005694525208E-004
 performing expansion, best =    9.2681037336743823E-004
 performing expansion, best =    9.2680179495550040E-004
 performing expansion, best =    9.2679004195822090E-004
 performing expansion, best =    9.2677524667107724E-004
 performing expansion, best =    9.2675584581754624E-004
 performing expansion, best =    9.2674354334877174E-004
 performing expansion, best =    9.2674002945190923E-004
 performing expansion, best =    9.2673092069971630E-004
 performing expansion, best =    9.2672129019140664E-004
 performing expansion, best =    9.2670666058629683E-004
 performing expansion, best =    9.2667398671055152E-004
 performing expansion, best =    9.2664668357087931E-004
 performing expansion, best =    9.2662852214716739E-004
 performing expansion, best =    9.2661612355225264E-004
 performing expansion, best =    9.2660996581589840E-004
 performing expansion, best =    9.2660671067729475E-004
 performing expansion, best =    9.2659775231836985E-004
 performing expansion, best =    9.2659674712388469E-004
 performing expansion, best =    9.2657687707789840E-004
 performing expansion, best =    9.2657041566768608E-004
 performing expansion, best =    9.2656594530877707E-004
 performing expansion, best =    9.2655189656973020E-004
 performing expansion, best =    9.2653719605883297E-004
 performing expansion, best =    9.2653120402500747E-004
 performing expansion, best =    9.2653095154444074E-004
 performing expansion, best =    9.2652840800279803E-004
 performing expansion, best =    9.2652761680444651E-004
 performing expansion, best =    9.2652002580764271E-004
 performing expansion, best =    9.2651945546307708E-004
 performing expansion, best =    9.2651751173775012E-004
 performing expansion, best =    9.2651475782168434E-004
 performing expansion, best =    9.2651397309905360E-004
 performing expansion, best =    9.2651030488478882E-004
 performing expansion, best =    9.2650183485226234E-004
 performing expansion, best =    9.2649340885955940E-004
 performing expansion, best =    9.2649154807987553E-004
 performing expansion, best =    9.2648027453905819E-004
 performing expansion, best =    9.2646881039004333E-004
 performing expansion, best =    9.2645464739999077E-004
 performing expansion, best =    9.2645346403568156E-004
 performing expansion, best =    9.2644687781169609E-004
 performing expansion, best =    9.2644644242591571E-004
 performing expansion, best =    9.2643492693624690E-004
 performing expansion, best =    9.2641791283661187E-004
 performing expansion, best =    9.2640530553019407E-004
 performing expansion, best =    9.2638745083970311E-004
 performing expansion, best =    9.2637128116589054E-004
 performing expansion, best =    9.2634855937606285E-004
 performing expansion, best =    9.2634406334016380E-004
 performing expansion, best =    9.2633059195420771E-004
 performing expansion, best =    9.2630551776131699E-004
 performing expansion, best =    9.2628353429999311E-004
 performing expansion, best =    9.2625845442941251E-004
 performing expansion, best =    9.2625519057786833E-004
 performing expansion, best =    9.2622548067225127E-004
 performing expansion, best =    9.2619435985642577E-004
 performing expansion, best =    9.2618612528900970E-004
 performing expansion, best =    9.2618049681485637E-004
 performing expansion, best =    9.2615902551777341E-004
 performing expansion, best =    9.2615786718065469E-004
 performing expansion, best =    9.2614985468913557E-004
 performing expansion, best =    9.2614570557379911E-004
 performing expansion, best =    9.2612962661359991E-004
 performing expansion, best =    9.2610667374613603E-004
 performing expansion, best =    9.2608093645419947E-004
 performing expansion, best =    9.2605158733060115E-004
 performing expansion, best =    9.2602195791560422E-004
 performing expansion, best =    9.2601490198509291E-004
 performing expansion, best =    9.2600948781150472E-004
 performing expansion, best =    9.2600331056949764E-004
 performing expansion, best =    9.2598634831074316E-004
 performing expansion, best =    9.2596281505371062E-004
 performing expansion, best =    9.2594843786355987E-004
 performing expansion, best =    9.2594530029774670E-004
 performing expansion, best =    9.2594168304262257E-004
 performing expansion, best =    9.2593752634688041E-004
 performing expansion, best =    9.2592100738823728E-004
 performing expansion, best =    9.2591446626102308E-004
 performing expansion, best =    9.2591443381255252E-004
 performing expansion, best =    9.2591077009850076E-004
 performing expansion, best =    9.2590573144103424E-004
 performing expansion, best =    9.2590487288824440E-004
 performing expansion, best =    9.2590248119280190E-004
 performing expansion, best =    9.2590113100185045E-004
 performing expansion, best =    9.2590063404731694E-004
 performing expansion, best =    9.2589997331928801E-004
 performing expansion, best =    9.2589924393871612E-004
 performing expansion, best =    9.2589810782125928E-004
 performing expansion, best =    9.2589432501405584E-004
 performing expansion, best =    9.2589348682389869E-004
 performing expansion, best =    9.2589034353793569E-004
 performing expansion, best =    9.2588992018967440E-004
 performing expansion, best =    9.2588537083297901E-004
 performing expansion, best =    9.2588374536189803E-004
 performing expansion, best =    9.2588301328146920E-004
 performing expansion, best =    9.2588219826746467E-004
 performing expansion, best =    9.2588087934815399E-004
 performing expansion, best =    9.2587578331952843E-004
 performing expansion, best =    9.2587576562942709E-004
 performing expansion, best =    9.2587382221559196E-004
 performing expansion, best =    9.2587318459650596E-004
 performing expansion, best =    9.2587303491924503E-004
 performing expansion, best =    9.2587000765779603E-004
 performing expansion, best =    9.2586988430161420E-004
 performing expansion, best =    9.2586955911102707E-004
 performing expansion, best =    9.2586379698017139E-004
 performing expansion, best =    9.2585730242160510E-004
 performing expansion, best =    9.2585724719847348E-004
 performing expansion, best =    9.2585626962931689E-004
 performing expansion, best =    9.2585604808466360E-004
 performing expansion, best =    9.2585442238019163E-004
 performing expansion, best =    9.2585421686897421E-004
 performing expansion, best =    9.2585198376781135E-004
 performing expansion, best =    9.2585052867024363E-004
 performing expansion, best =    9.2585027189590345E-004
 performing expansion, best =    9.2584989082633215E-004
 performing expansion, best =    9.2584985360611089E-004
 performing expansion, best =    9.2584638650468961E-004
 performing expansion, best =    9.2584479305455583E-004
 performing expansion, best =    9.2583956129287299E-004
 performing expansion, best =    9.2583552997015832E-004
 performing expansion, best =    9.2583503845320868E-004
 performing expansion, best =    9.2583418705923448E-004
 performing expansion, best =    9.2583375323796900E-004
 performing expansion, best =    9.2583254756311521E-004
 performing expansion, best =    9.2583176709456160E-004
 performing expansion, best =    9.2583060483571861E-004
 performing expansion, best =    9.2583035549921155E-004
 performing expansion, best =    9.2583001206375873E-004
 performing expansion, best =    9.2582948144127116E-004
 performing expansion, best =    9.2582900228132441E-004
 performing expansion, best =    9.2582882207640636E-004
 performing expansion, best =    9.2582661836701149E-004
 performing expansion, best =    9.2582405019799659E-004
 performing expansion, best =    9.2582383827725218E-004
 performing expansion, best =    9.2582205663906429E-004
 performing expansion, best =    9.2582167029233375E-004
 performing expansion, best =    9.2582147819808666E-004
 performing expansion, best =    9.2581805931316692E-004
 performing expansion, best =    9.2581498584143438E-004
 performing expansion, best =    9.2581222519407935E-004
 performing expansion, best =    9.2580942272885646E-004
 performing expansion, best =    9.2580819027787220E-004
 performing expansion, best =    9.2580767719682797E-004
 performing expansion, best =    9.2580547577720434E-004
 performing expansion, best =    9.2580499154464784E-004
 performing expansion, best =    9.2580467103349983E-004
 performing expansion, best =    9.2580207255087078E-004
 performing expansion, best =    9.2579975855372747E-004
 performing expansion, best =    9.2579852957034756E-004
 performing expansion, best =    9.2579816519068115E-004
 performing expansion, best =    9.2579768063499716E-004
 performing expansion, best =    9.2579536818935475E-004
 performing expansion, best =    9.2579260647488620E-004
 performing expansion, best =    9.2578964887917933E-004
 performing expansion, best =    9.2578931145085664E-004
 performing expansion, best =    9.2578913358082641E-004
 performing expansion, best =    9.2578873035707189E-004
 performing expansion, best =    9.2578824551373866E-004
 performing expansion, best =    9.2578810791767564E-004
 performing expansion, best =    9.2578669177860614E-004
 performing expansion, best =    9.2578591393024619E-004
 performing expansion, best =    9.2578579666938068E-004
 performing expansion, best =    9.2578574367693182E-004
 performing expansion, best =    9.2578440620615229E-004
 performing expansion, best =    9.2578320406387746E-004
 performing expansion, best =    9.2578029791986018E-004
 performing expansion, best =    9.2577773202461098E-004
 performing expansion, best =    9.2577556852269452E-004
 performing expansion, best =    9.2577510695998069E-004
 performing expansion, best =    9.2577308727215138E-004
 performing expansion, best =    9.2577091484581024E-004
 performing expansion, best =    9.2577069302464485E-004
 performing expansion, best =    9.2577050951331643E-004
 performing expansion, best =    9.2576885241316272E-004
 performing expansion, best =    9.2576688402581898E-004
 performing expansion, best =    9.2576460493784692E-004
 performing expansion, best =    9.2576124847635916E-004
 performing expansion, best =    9.2575826118416126E-004
 performing expansion, best =    9.2575586048147460E-004
 performing expansion, best =    9.2575273978957753E-004
 performing expansion, best =    9.2575024071824311E-004
 performing expansion, best =    9.2574864064701504E-004
 performing expansion, best =    9.2574590079468110E-004
 performing expansion, best =    9.2574219752420230E-004
 performing expansion, best =    9.2574127088368766E-004
 performing expansion, best =    9.2573805365668929E-004
 performing expansion, best =    9.2573537910291346E-004
 performing expansion, best =    9.2573230622964133E-004
 performing expansion, best =    9.2572999506702154E-004
 performing expansion, best =    9.2572699360803697E-004
 performing expansion, best =    9.2572667222640072E-004
 performing expansion, best =    9.2572665225810580E-004
 performing expansion, best =    9.2572518108120403E-004
 performing expansion, best =    9.2572442156620832E-004
 performing expansion, best =    9.2572101612556693E-004
 performing expansion, best =    9.2571889320472336E-004
 performing expansion, best =    9.2571887667328438E-004
 performing expansion, best =    9.2571704625468156E-004
 performing expansion, best =    9.2571667092545260E-004
 performing expansion, best =    9.2571662406934203E-004
 performing expansion, best =    9.2571470362144530E-004
 performing expansion, best =    9.2571432005236830E-004
 performing expansion, best =    9.2571394946017410E-004
 performing expansion, best =    9.2571346737385434E-004
 performing expansion, best =    9.2571311091049736E-004
 performing expansion, best =    9.2571277683040770E-004
 performing expansion, best =    9.2571264194994327E-004
 performing expansion, best =    9.2571046488473948E-004
 performing expansion, best =    9.2571037759618029E-004
 performing expansion, best =    9.2570854311321501E-004
 performing expansion, best =    9.2570827575706618E-004
 performing expansion, best =    9.2570610143421041E-004
 performing expansion, best =    9.2570385493664453E-004
 performing expansion, best =    9.2570360914541829E-004
 performing expansion, best =    9.2570121727687154E-004
 performing expansion, best =    9.2570084139582487E-004
 performing expansion, best =    9.2570004764576754E-004
 performing expansion, best =    9.2569983833033884E-004
 performing expansion, best =    9.2569973363390567E-004
 performing expansion, best =    9.2569957750363117E-004
 performing expansion, best =    9.2569793268700560E-004
 performing expansion, best =    9.2569492180105369E-004
 performing expansion, best =    9.2569223626900391E-004
 performing expansion, best =    9.2569208189563653E-004
 performing expansion, best =    9.2569181857993232E-004
 performing expansion, best =    9.2568958258661322E-004
 performing expansion, best =    9.2568908947380396E-004
 performing expansion, best =    9.2568829171041454E-004
 performing expansion, best =    9.2568784552120049E-004
 performing expansion, best =    9.2568778735063273E-004
 performing expansion, best =    9.2568768595461702E-004
 performing expansion, best =    9.2568625761238856E-004
 performing expansion, best =    9.2568608571543475E-004
 performing expansion, best =    9.2568432287135039E-004
 performing expansion, best =    9.2568411674843381E-004
 performing expansion, best =    9.2568189010499603E-004
 performing expansion, best =    9.2567911695610723E-004
 performing expansion, best =    9.2567657561431842E-004
 performing expansion, best =    9.2567397874320227E-004
 performing expansion, best =    9.2567159966562410E-004
 performing expansion, best =    9.2566859561786345E-004
 performing expansion, best =    9.2566495785532520E-004
 performing expansion, best =    9.2566461525429259E-004
 performing expansion, best =    9.2566420835470857E-004
 performing expansion, best =    9.2566379101019633E-004
 performing expansion, best =    9.2566217173188094E-004
 performing expansion, best =    9.2565882382886189E-004
 performing expansion, best =    9.2565841676930558E-004
 performing expansion, best =    9.2565573363558018E-004
 performing expansion, best =    9.2565556190141445E-004
 performing expansion, best =    9.2565510760431841E-004
 performing expansion, best =    9.2565316182124414E-004
 performing expansion, best =    9.2565111810043329E-004
 performing expansion, best =    9.2564863674028707E-004
 performing expansion, best =    9.2564858642490077E-004
 performing expansion, best =    9.2564808154336640E-004
 performing expansion, best =    9.2564762456678255E-004
 performing expansion, best =    9.2564575029260626E-004
 performing expansion, best =    9.2564548182518848E-004
 performing expansion, best =    9.2564354251074821E-004
 performing expansion, best =    9.2564335743228112E-004
 performing expansion, best =    9.2564313206343785E-004
 performing expansion, best =    9.2564306919078545E-004
 performing expansion, best =    9.2564297119643009E-004
 performing expansion, best =    9.2564250047840488E-004
 performing expansion, best =    9.2564246211771059E-004
 performing expansion, best =    9.2564055544176857E-004
 performing expansion, best =    9.2564050112189206E-004
 performing expansion, best =    9.2564027928934874E-004
 performing expansion, best =    9.2564004125814852E-004
 performing expansion, best =    9.2563995120802892E-004
 performing expansion, best =    9.2563947290715128E-004
 performing expansion, best =    9.2563934218806317E-004
 performing expansion, best =    9.2563918213794060E-004
 performing expansion, best =    9.2563898616582695E-004
 performing expansion, best =    9.2563890810045031E-004
 performing expansion, best =    9.2563869250547701E-004
 performing expansion, best =    9.2563868755642076E-004
 performing expansion, best =    9.2563865132090119E-004
 performing expansion, best =    9.2563845387460034E-004
 performing expansion, best =    9.2563825629358109E-004
 performing expansion, best =    9.2563811663086144E-004
 performing expansion, best =    9.2563800390185063E-004
 performing expansion, best =    9.2563800338880411E-004
 performing expansion, best =    9.2563780446825188E-004
 performing expansion, best =    9.2563774153337896E-004
 performing expansion, best =    9.2563773985683355E-004
 performing expansion, best =    9.2563771319083906E-004
 performing expansion, best =    9.2563724655501055E-004
 performing expansion, best =    9.2563672720396661E-004
 performing expansion, best =    9.2563604105729610E-004
 performing expansion, best =    9.2563534728358585E-004
 performing expansion, best =    9.2563531301214405E-004
 performing expansion, best =    9.2563460539448936E-004
 performing expansion, best =    9.2563389290931249E-004
 performing expansion, best =    9.2563385278433938E-004
 performing expansion, best =    9.2563312369589980E-004
 performing expansion, best =    9.2563256601392336E-004
 performing expansion, best =    9.2563209315713361E-004
 performing expansion, best =    9.2563138054640483E-004
 performing expansion, best =    9.2563080919963849E-004
 performing expansion, best =    9.2563009666414532E-004
 performing expansion, best =    9.2562955798346246E-004
 performing expansion, best =    9.2562873657628343E-004
 performing expansion, best =    9.2562792391525837E-004
 performing expansion, best =    9.2562784272155220E-004
 performing expansion, best =    9.2562676164688893E-004
 performing expansion, best =    9.2562654110248566E-004
 performing expansion, best =    9.2562637667786666E-004
 performing expansion, best =    9.2562635414792380E-004
 performing expansion, best =    9.2562623841126223E-004
 performing expansion, best =    9.2562523082948965E-004
 performing expansion, best =    9.2562512751124518E-004
 performing expansion, best =    9.2562504661950721E-004
 performing expansion, best =    9.2562426165224132E-004
 performing expansion, best =    9.2562352388234797E-004
 performing expansion, best =    9.2562350904231458E-004
 performing expansion, best =    9.2562279826750935E-004
 performing expansion, best =    9.2562253209784362E-004
 performing expansion, best =    9.2562252066382225E-004
 performing expansion, best =    9.2562250811198464E-004
 performing expansion, best =    9.2562217011696866E-004
 performing expansion, best =    9.2562205448063850E-004
 performing expansion, best =    9.2562135257997342E-004
 performing expansion, best =    9.2562052524610154E-004
 performing expansion, best =    9.2562041486181292E-004
 performing expansion, best =    9.2561951065742295E-004
 performing expansion, best =    9.2561881446705740E-004
 performing expansion, best =    9.2561791846717558E-004
 performing expansion, best =    9.2561782695968237E-004
 performing expansion, best =    9.2561744465746699E-004
 performing expansion, best =    9.2561728170811311E-004
 performing expansion, best =    9.2561721224427966E-004
 performing expansion, best =    9.2561717460975135E-004
 performing expansion, best =    9.2561659863680049E-004
 performing expansion, best =    9.2561650516678913E-004
 performing expansion, best =    9.2561648310322342E-004
 performing expansion, best =    9.2561631208038485E-004
 performing expansion, best =    9.2561620426122369E-004
 performing expansion, best =    9.2561611693282723E-004
 performing expansion, best =    9.2561600440745041E-004
 performing expansion, best =    9.2561599879027983E-004
 performing expansion, best =    9.2561598388674797E-004
 performing expansion, best =    9.2561557615372637E-004
 performing expansion, best =    9.2561522083553982E-004
 performing expansion, best =    9.2561520529774795E-004
 performing expansion, best =    9.2561515062878567E-004
 performing expansion, best =    9.2561514614129196E-004
 performing expansion, best =    9.2561507985654593E-004
 performing expansion, best =    9.2561500847096858E-004
 performing expansion, best =    9.2561458412809101E-004
 performing expansion, best =    9.2561448666610428E-004
 performing expansion, best =    9.2561444726055710E-004
 performing expansion, best =    9.2561439447333611E-004
 performing expansion, best =    9.2561434174407331E-004
 performing expansion, best =    9.2561426977470220E-004
 performing expansion, best =    9.2561422983168391E-004
 performing expansion, best =    9.2561418506822036E-004
 performing expansion, best =    9.2561408620108745E-004
 performing expansion, best =    9.2561371472228877E-004
 performing expansion, best =    9.2561364304509996E-004
 performing expansion, best =    9.2561361504463159E-004
 performing expansion, best =    9.2561357554514620E-004
 performing expansion, best =    9.2561351540018427E-004
 performing expansion, best =    9.2561320895065489E-004
 performing expansion, best =    9.2561317399130426E-004
 performing expansion, best =    9.2561311202278129E-004
 performing expansion, best =    9.2561303919919135E-004
 performing expansion, best =    9.2561303026049066E-004
 performing expansion, best =    9.2561298663491963E-004
 performing expansion, best =    9.2561297552069604E-004
 performing expansion, best =    9.2561292731118609E-004
 performing expansion, best =    9.2561290099334105E-004
 performing expansion, best =    9.2561289171949135E-004
 performing expansion, best =    9.2561288558819178E-004
 performing expansion, best =    9.2561279497638380E-004
 performing expansion, best =    9.2561276491584304E-004
 performing expansion, best =    9.2561256543033973E-004
 performing expansion, best =    9.2561256432780446E-004
 performing expansion, best =    9.2561252985264193E-004
 performing expansion, best =    9.2561251054852503E-004
 performing expansion, best =    9.2561238011544934E-004
 performing expansion, best =    9.2561237384836494E-004
 performing expansion, best =    9.2561236037210512E-004
 performing expansion, best =    9.2561223959675219E-004
 performing expansion, best =    9.2561223755476202E-004
 performing expansion, best =    9.2561208452817203E-004
 performing expansion, best =    9.2561208262299105E-004
 performing expansion, best =    9.2561205576797078E-004
 performing expansion, best =    9.2561190176023822E-004
 performing expansion, best =    9.2561186132282818E-004
 performing expansion, best =    9.2561182568032263E-004
 performing expansion, best =    9.2561161699550082E-004
 performing expansion, best =    9.2561159682456016E-004
 performing expansion, best =    9.2561145528135321E-004
 performing expansion, best =    9.2561129643192221E-004
 performing expansion, best =    9.2561114484457396E-004
Exiting simplex optimization after 10001 iterations
RMSE         9.256111448E-04 Hartree
NEW BEST!
Best found solution for 13 charges:
        RMSE         5.808293239E-01 kcal/mol
         MAE         3.283903145E-01 kcal/mol
     max. AE         5.305346629E+00 kcal/mol

       x[bohr]       y[bohr]       z[bohr]          q[e]
     0.2494139     1.6957960    -0.0000133    -0.1891706
     0.2602756     0.3631398    -0.0000094     0.0593234
     3.7669402     1.6837545     0.0035618     0.1915044
     1.4841455     2.2814115    -0.0120057    -0.9546224
     0.9387500     1.1991037     0.0017916     0.5150671
     1.7037812     4.3882833    -0.0139515     0.2701483
    -1.4913467     2.9084695    -0.0035825     0.1191586
    -2.4925875     2.0319704    -0.2717186     0.0182263
    -1.2435277    -2.1512657    -0.0038805    -0.9322845
    -1.0341814    -1.0950610    -0.0139416     0.4070040
     1.5950834    -2.8363798    -0.0246971     0.1308921
    -3.9003229    -1.6110662     0.0122063     0.1516197
    -1.6390574    -4.5837136     0.0011554     0.2131335

