Running in analysis mode

Reading "/data/boittier/gaussian_scans/butadiene/scan_extract_0.2.pot.cube"...

  opt Potential
  Electrostatic potential from Total SCF Density
   10   -8.606892   -9.296586   -6.512752
   43    0.407454    0.000000    0.000000
   46    0.000000    0.407454    0.000000
   33    0.000000    0.000000    0.407454
    6    6.000000    2.094140    2.783833    0.000000
    6    6.000000    0.000000    1.372509    0.000000
    6    6.000000    0.000000   -1.372508    0.000000
    6    6.000000   -2.094140   -2.783833    0.000000
    1    1.000000    2.009811    4.824243    0.000000
    1    1.000000    3.951380    1.924660    0.000000
    1    1.000000   -1.835514    2.288467    0.000000
    1    1.000000    1.835514   -2.288466    0.000000
    1    1.000000   -3.951380   -1.924661    0.000000
    1    1.000000   -2.009810   -4.824243    0.000000
  1.03675E-04  1.68749E-04  2.39979E-04  3.17051E-04  3.99399E-04  4.86163E-04
       .            .            .            .            .            .
       .            .            .            .            .            .
       .            .            .            .            .            .
  4.84921E-04  3.91701E-04  3.03806E-04  2.22099E-04  1.47110E-04  7.90938E-05

65274 out of 65274 gridpoints are considered (100.0%).

...done!

Reading "/home/boittier/MDCM-1/examples/butadiene_sparse2/2-mtp-fit/ditriantapole_expansion.cube"...

  Fitted ESP
  Electrostatic potential fitted from ditriantapole expansion.
   10   -8.606892   -9.296586   -6.512752
   43    0.407454    0.000000    0.000000
   46    0.000000    0.407454    0.000000
   33    0.000000    0.000000    0.407454
    6    6.000000    2.094140    2.783833    0.000000
    6    6.000000    0.000000    1.372509    0.000000
    6    6.000000    0.000000   -1.372508    0.000000
    6    6.000000   -2.094140   -2.783833    0.000000
    1    1.000000    2.009811    4.824243    0.000000
    1    1.000000    3.951380    1.924660    0.000000
    1    1.000000   -1.835514    2.288467    0.000000
    1    1.000000    1.835514   -2.288466    0.000000
    1    1.000000   -3.951380   -1.924661    0.000000
    1    1.000000   -2.009810   -4.824243    0.000000
  6.87527E-05  1.27538E-04  1.91991E-04  2.61835E-04  3.36557E-04  4.15379E-04
       .            .            .            .            .            .
       .            .            .            .            .            .
       .            .            .            .            .            .
  4.15007E-04  3.30723E-04  2.51305E-04  1.77536E-04  1.09900E-04  4.86242E-05

65274 out of 65274 gridpoints are considered (100.0%).

...done!

                       Measure       RMSE[kcal/mol/e]   MaxError[kcal/mol/e]   NPoints
                         Total        3.870525346E-01        4.149155360E+00     55411
Close (  1.20 < r <   1.66 )          8.596556105E-01        4.149155360E+00     10047
Mid-range ( 1.66 < r <  2.20)         2.020710534E-01        6.282248298E-01     18872
Far-range (  2.20         < r)        6.316473627E-02        2.989078605E-01     26492
Did analysis and wrote slice data
