Running in fitting mode

Reading "/data/boittier/gaussian_scans/butadiene/scan_extract_0.xyz.chk.fchk.pot.cube"...

  opt Potential
  Electrostatic potential from Total SCF Density
   10   -8.606892   -9.296586   -6.512752
   85    0.203727    0.000000    0.000000
   92    0.000000    0.203727    0.000000
   65    0.000000    0.000000    0.203727
    6    6.000000    2.094140    2.783833    0.000000
    6    6.000000    0.000000    1.372509    0.000000
    6    6.000000    0.000000   -1.372508    0.000000
    6    6.000000   -2.094140   -2.783833    0.000000
    1    1.000000    2.009811    4.824243    0.000000
    1    1.000000    3.951380    1.924660    0.000000
    1    1.000000   -1.835514    2.288467    0.000000
    1    1.000000    1.835514   -2.288466    0.000000
    1    1.000000   -3.951380   -1.924661    0.000000
    1    1.000000   -2.009810   -4.824243    0.000000
  2.26511E-03  2.29910E-03  2.31955E-03  2.32611E-03  2.31866E-03  2.29733E-03
       .            .            .            .            .            .
       .            .            .            .            .            .
       .            .            .            .            .            .
  2.29269E-03  2.29923E-03  2.29180E-03  2.27053E-03  2.23580E-03  2.18822E-03

229538 out of 508300 gridpoints are considered ( 45.2%).

...done!




 Refining solution from file/home/boittier/MDCM-1/examples/butadiene/5-combine-frags/14-combined.xyz
 Contains     14 charges
      Initial RMSE =         6.211728608E-01 kcal/mol
Running DE in parallel with 4 thread(s)!


User requested refinement using simplex algorithm (no DE)

 performing expansion, best =    9.8818409185662129E-004
 performing expansion, best =    9.8697648715565379E-004
 performing expansion, best =    9.8477669234176609E-004
 performing expansion, best =    9.8310805610878267E-004
 performing expansion, best =    9.8224436977105921E-004
 performing expansion, best =    9.8011883349995860E-004
 performing expansion, best =    9.7888896562994365E-004
 performing expansion, best =    9.7642129043502466E-004
 performing expansion, best =    9.7612546907409781E-004
 performing expansion, best =    9.7572823231388734E-004
 performing expansion, best =    9.7563492027922681E-004
 performing expansion, best =    9.7550109487131234E-004
 performing expansion, best =    9.7513736680210393E-004
 performing expansion, best =    9.7502086448037265E-004
 performing expansion, best =    9.7498069313667801E-004
 performing expansion, best =    9.7495238579429632E-004
 performing expansion, best =    9.7493577848689627E-004
 performing expansion, best =    9.7491504129863977E-004
 performing expansion, best =    9.7488848155373800E-004
 performing expansion, best =    9.7483335924440867E-004
 performing expansion, best =    9.7473533234522145E-004
 performing expansion, best =    9.7473474166924555E-004
 performing expansion, best =    9.7472001408490630E-004
 performing expansion, best =    9.7470998024335202E-004
 performing expansion, best =    9.7470768450250058E-004
 performing expansion, best =    9.7468162192838068E-004
 performing expansion, best =    9.7467530183469769E-004
 performing expansion, best =    9.7466213606895715E-004
 performing expansion, best =    9.7463555275015940E-004
 performing expansion, best =    9.7456274250359767E-004
 performing expansion, best =    9.7453276463664931E-004
 performing expansion, best =    9.7450293226296542E-004
 performing expansion, best =    9.7448769742419013E-004
 performing expansion, best =    9.7448157017264176E-004
 performing expansion, best =    9.7440330719694127E-004
 performing expansion, best =    9.7435969544530676E-004
 performing expansion, best =    9.7435357633353142E-004
 performing expansion, best =    9.7428183645970230E-004
 performing expansion, best =    9.7428096087060520E-004
 performing expansion, best =    9.7427390237212819E-004
 performing expansion, best =    9.7427389094891978E-004
 performing expansion, best =    9.7418291580218894E-004
 performing expansion, best =    9.7406033995079799E-004
 performing expansion, best =    9.7395733888394555E-004
 performing expansion, best =    9.7384285334997547E-004
 performing expansion, best =    9.7372023986105546E-004
 performing expansion, best =    9.7362100332608261E-004
 performing expansion, best =    9.7352663845787354E-004
 performing expansion, best =    9.7348602955230675E-004
 performing expansion, best =    9.7347464509661523E-004
 performing expansion, best =    9.7338256540223541E-004
 performing expansion, best =    9.7326067634968794E-004
 performing expansion, best =    9.7315184096255969E-004
 performing expansion, best =    9.7310991948206590E-004
 performing expansion, best =    9.7310443136256158E-004
 performing expansion, best =    9.7304062973297420E-004
 performing expansion, best =    9.7301039772133553E-004
 performing expansion, best =    9.7298508595228381E-004
 performing expansion, best =    9.7298175231770524E-004
 performing expansion, best =    9.7287532175570086E-004
 performing expansion, best =    9.7283777324436561E-004
 performing expansion, best =    9.7283395228176537E-004
 performing expansion, best =    9.7273828647616290E-004
 performing expansion, best =    9.7271298316626350E-004
 performing expansion, best =    9.7271036715599062E-004
 performing expansion, best =    9.7270829525711810E-004
 performing expansion, best =    9.7265782713633613E-004
 performing expansion, best =    9.7264444495587167E-004
 performing expansion, best =    9.7264062985959415E-004
 performing expansion, best =    9.7256056267418310E-004
 performing expansion, best =    9.7248086706344878E-004
 performing expansion, best =    9.7242074929265797E-004
 performing expansion, best =    9.7240390098524393E-004
 performing expansion, best =    9.7239048677130659E-004
 performing expansion, best =    9.7238494006151015E-004
 performing expansion, best =    9.7237241776024609E-004
 performing expansion, best =    9.7234886810986518E-004
 performing expansion, best =    9.7231941456805938E-004
 performing expansion, best =    9.7223314906801539E-004
 performing expansion, best =    9.7222849856330642E-004
 performing expansion, best =    9.7217694609983232E-004
 performing expansion, best =    9.7214225087672451E-004
 performing expansion, best =    9.7214123155987798E-004
 performing expansion, best =    9.7212889239047917E-004
 performing expansion, best =    9.7212164037980718E-004
 performing expansion, best =    9.7211039321125250E-004
 performing expansion, best =    9.7209477879670850E-004
 performing expansion, best =    9.7202442054276721E-004
 performing expansion, best =    9.7202165286608660E-004
 performing expansion, best =    9.7197351543541267E-004
 performing expansion, best =    9.7190244209043291E-004
 performing expansion, best =    9.7184935335202364E-004
 performing expansion, best =    9.7178239903266132E-004
 performing expansion, best =    9.7171095943014805E-004
 performing expansion, best =    9.7164932301398643E-004
 performing expansion, best =    9.7156588976825579E-004
 performing expansion, best =    9.7148438474613003E-004
 performing expansion, best =    9.7143332060179030E-004
 performing expansion, best =    9.7137333980444000E-004
 performing expansion, best =    9.7131008810628309E-004
 performing expansion, best =    9.7123881706842922E-004
 performing expansion, best =    9.7112577083931662E-004
 performing expansion, best =    9.7102212190166594E-004
 performing expansion, best =    9.7091648580963650E-004
 performing expansion, best =    9.7084658176040106E-004
 performing expansion, best =    9.7073438221994331E-004
 performing expansion, best =    9.7063009576128670E-004
 performing expansion, best =    9.7053604141772584E-004
 performing expansion, best =    9.7046999437924936E-004
 performing expansion, best =    9.7038610426534002E-004
 performing expansion, best =    9.7032868893568694E-004
 performing expansion, best =    9.7023797331638364E-004
 performing expansion, best =    9.7019143377450397E-004
 performing expansion, best =    9.7010677409074808E-004
 performing expansion, best =    9.7004295166178514E-004
 performing expansion, best =    9.6995503219141977E-004
 performing expansion, best =    9.6986162484595149E-004
 performing expansion, best =    9.6980089759475269E-004
 performing expansion, best =    9.6980025054605042E-004
 performing expansion, best =    9.6978512550992312E-004
 performing expansion, best =    9.6977655886402406E-004
 performing expansion, best =    9.6976611924556118E-004
 performing expansion, best =    9.6976603640500970E-004
 performing expansion, best =    9.6976281551671361E-004
 performing expansion, best =    9.6975427783356667E-004
 performing expansion, best =    9.6972396572248345E-004
 performing expansion, best =    9.6970808168858299E-004
 performing expansion, best =    9.6970356675172263E-004
 performing expansion, best =    9.6970093624668911E-004
 performing expansion, best =    9.6969990357806076E-004
 performing expansion, best =    9.6969061410813451E-004
 performing expansion, best =    9.6967770765578234E-004
 performing expansion, best =    9.6966611849799364E-004
 performing expansion, best =    9.6965384524907777E-004
 performing expansion, best =    9.6963409771085171E-004
 performing expansion, best =    9.6960861019777540E-004
 performing expansion, best =    9.6959617849283193E-004
 performing expansion, best =    9.6957264299209992E-004
 performing expansion, best =    9.6954322322376609E-004
 performing expansion, best =    9.6951650875558163E-004
 performing expansion, best =    9.6951147766044553E-004
 performing expansion, best =    9.6950893382555952E-004
 performing expansion, best =    9.6950767550015493E-004
 performing expansion, best =    9.6949807490200014E-004
 performing expansion, best =    9.6949538513146146E-004
 performing expansion, best =    9.6948835795571109E-004
 performing expansion, best =    9.6946810911571594E-004
 performing expansion, best =    9.6943210335980455E-004
 performing expansion, best =    9.6941546589632797E-004
 performing expansion, best =    9.6938689013043554E-004
 performing expansion, best =    9.6934344678502250E-004
 performing expansion, best =    9.6930774478061726E-004
 performing expansion, best =    9.6928114181482063E-004
 performing expansion, best =    9.6925670826872974E-004
 performing expansion, best =    9.6921413104277931E-004
 performing expansion, best =    9.6921390270097757E-004
 performing expansion, best =    9.6918692260778230E-004
 performing expansion, best =    9.6912343165395565E-004
 performing expansion, best =    9.6911889847829267E-004
 performing expansion, best =    9.6909940623588885E-004
 performing expansion, best =    9.6908649420099455E-004
 performing expansion, best =    9.6908180945312974E-004
 performing expansion, best =    9.6907893566409986E-004
 performing expansion, best =    9.6905951542583340E-004
 performing expansion, best =    9.6904516519848605E-004
 performing expansion, best =    9.6903767185804431E-004
 performing expansion, best =    9.6903608216715442E-004
 performing expansion, best =    9.6903360693574169E-004
 performing expansion, best =    9.6902112664123887E-004
 performing expansion, best =    9.6901773688161678E-004
 performing expansion, best =    9.6901318431655574E-004
 performing expansion, best =    9.6900855075409114E-004
 performing expansion, best =    9.6895708180039274E-004
 performing expansion, best =    9.6894398465332296E-004
 performing expansion, best =    9.6893924317724932E-004
 performing expansion, best =    9.6893677074293887E-004
 performing expansion, best =    9.6893578327244450E-004
 performing expansion, best =    9.6893127331755720E-004
 performing expansion, best =    9.6890740016149300E-004
 performing expansion, best =    9.6889637411554466E-004
 performing expansion, best =    9.6889475754423447E-004
 performing expansion, best =    9.6889273318868962E-004
 performing expansion, best =    9.6886535569432118E-004
 performing expansion, best =    9.6886302915380463E-004
 performing expansion, best =    9.6885921805805000E-004
 performing expansion, best =    9.6885267808892396E-004
 performing expansion, best =    9.6882602827655557E-004
 performing expansion, best =    9.6878711399785795E-004
 performing expansion, best =    9.6877559253540470E-004
 performing expansion, best =    9.6876649158145959E-004
 performing expansion, best =    9.6876411004247188E-004
 performing expansion, best =    9.6876070175011910E-004
 performing expansion, best =    9.6876014205586635E-004
 performing expansion, best =    9.6875659763473964E-004
 performing expansion, best =    9.6873259197558816E-004
 performing expansion, best =    9.6872512733142441E-004
 performing expansion, best =    9.6871263819849030E-004
 performing expansion, best =    9.6867476698372359E-004
 performing expansion, best =    9.6866260269166309E-004
 performing expansion, best =    9.6863672791583410E-004
 performing expansion, best =    9.6860280640651616E-004
 performing expansion, best =    9.6856444711539765E-004
 performing expansion, best =    9.6852429406475541E-004
 performing expansion, best =    9.6851832822153602E-004
 performing expansion, best =    9.6849974239350241E-004
 performing expansion, best =    9.6849760653201788E-004
 performing expansion, best =    9.6849690668299757E-004
 performing expansion, best =    9.6846095186010742E-004
 performing expansion, best =    9.6845673815840693E-004
 performing expansion, best =    9.6845562286463932E-004
 performing expansion, best =    9.6844991875125110E-004
 performing expansion, best =    9.6841389622856413E-004
 performing expansion, best =    9.6841345497574642E-004
 performing expansion, best =    9.6840605490272939E-004
 performing expansion, best =    9.6840457793780056E-004
 performing expansion, best =    9.6837787697842367E-004
 performing expansion, best =    9.6837488642227275E-004
 performing expansion, best =    9.6836889085403209E-004
 performing expansion, best =    9.6836357831115078E-004
 performing expansion, best =    9.6836182252205139E-004
 performing expansion, best =    9.6835529325665502E-004
 performing expansion, best =    9.6835464559149134E-004
 performing expansion, best =    9.6833441426701062E-004
 performing expansion, best =    9.6832788469037212E-004
 performing expansion, best =    9.6830113763607753E-004
 performing expansion, best =    9.6829868399354326E-004
 performing expansion, best =    9.6827101529428216E-004
 performing expansion, best =    9.6826358528327217E-004
 performing expansion, best =    9.6823096874515239E-004
 performing expansion, best =    9.6822902747699759E-004
 performing expansion, best =    9.6820781518338218E-004
 performing expansion, best =    9.6820498319352157E-004
 performing expansion, best =    9.6817444809506347E-004
 performing expansion, best =    9.6817313415093831E-004
 performing expansion, best =    9.6814986236020057E-004
 performing expansion, best =    9.6814726585040119E-004
 performing expansion, best =    9.6814244561504754E-004
 performing expansion, best =    9.6814085842915636E-004
 performing expansion, best =    9.6812274346013230E-004
 performing expansion, best =    9.6812197232447610E-004
 performing expansion, best =    9.6812010248986679E-004
 performing expansion, best =    9.6811763000956741E-004
 performing expansion, best =    9.6811638976562915E-004
 performing expansion, best =    9.6809399645634935E-004
 performing expansion, best =    9.6809211373268076E-004
 performing expansion, best =    9.6807278258477037E-004
 performing expansion, best =    9.6807268447085158E-004
 performing expansion, best =    9.6807222260478915E-004
 performing expansion, best =    9.6806915771393133E-004
 performing expansion, best =    9.6806498766629210E-004
 performing expansion, best =    9.6804355564622307E-004
 performing expansion, best =    9.6804256681777741E-004
 performing expansion, best =    9.6804239548805172E-004
 performing expansion, best =    9.6804009574258637E-004
 performing expansion, best =    9.6803859221545609E-004
 performing expansion, best =    9.6803685142198340E-004
 performing expansion, best =    9.6803556860757325E-004
 performing expansion, best =    9.6803301648654724E-004
 performing expansion, best =    9.6803269259048623E-004
 performing expansion, best =    9.6803034750889507E-004
 performing expansion, best =    9.6802927281751708E-004
 performing expansion, best =    9.6802555590641917E-004
 performing expansion, best =    9.6802393409297868E-004
 performing expansion, best =    9.6802368929507104E-004
 performing expansion, best =    9.6802215612226065E-004
 performing expansion, best =    9.6801135706447690E-004
 performing expansion, best =    9.6801062000357273E-004
 performing expansion, best =    9.6799969001597956E-004
 performing expansion, best =    9.6799789237686333E-004
 performing expansion, best =    9.6798332895070875E-004
 performing expansion, best =    9.6798218346701029E-004
 performing expansion, best =    9.6798195348038322E-004
 performing expansion, best =    9.6797936053822427E-004
 performing expansion, best =    9.6796651243251743E-004
 performing expansion, best =    9.6795707567156675E-004
 performing expansion, best =    9.6795699621919954E-004
 performing expansion, best =    9.6794895857263050E-004
 performing expansion, best =    9.6794861162206717E-004
 performing expansion, best =    9.6794751903567862E-004
 performing expansion, best =    9.6794592720468922E-004
 performing expansion, best =    9.6794565762924891E-004
 performing expansion, best =    9.6794555562133692E-004
 performing expansion, best =    9.6793685127333662E-004
 performing expansion, best =    9.6793542091734412E-004
 performing expansion, best =    9.6793525304260484E-004
 performing expansion, best =    9.6792433465507958E-004
 performing expansion, best =    9.6791301848768072E-004
 performing expansion, best =    9.6791212430367415E-004
 performing expansion, best =    9.6791180519826517E-004
 performing expansion, best =    9.6790359387396259E-004
 performing expansion, best =    9.6788962872709978E-004
 performing expansion, best =    9.6787754350451572E-004
 performing expansion, best =    9.6786464128468164E-004
 performing expansion, best =    9.6784788054233434E-004
 performing expansion, best =    9.6783231434166724E-004
 performing expansion, best =    9.6781690858789115E-004
 performing expansion, best =    9.6780045621686973E-004
 performing expansion, best =    9.6778569240546736E-004
 performing expansion, best =    9.6778560296617751E-004
 performing expansion, best =    9.6776930264278220E-004
 performing expansion, best =    9.6775008910020245E-004
 performing expansion, best =    9.6773009035483167E-004
 performing expansion, best =    9.6770858053119935E-004
 performing expansion, best =    9.6768773741375642E-004
 performing expansion, best =    9.6766498846919985E-004
 performing expansion, best =    9.6764159559086383E-004
 performing expansion, best =    9.6761637411988245E-004
 performing expansion, best =    9.6759302726535435E-004
 performing expansion, best =    9.6756906228280613E-004
 performing expansion, best =    9.6754409598893130E-004
 performing expansion, best =    9.6751548472095571E-004
 performing expansion, best =    9.6749040457319460E-004
 performing expansion, best =    9.6746602998228092E-004
 performing expansion, best =    9.6743706324243497E-004
 performing expansion, best =    9.6740178491989254E-004
 performing expansion, best =    9.6736922315113195E-004
 performing expansion, best =    9.6736760340631527E-004
 performing expansion, best =    9.6736672201882395E-004
 performing expansion, best =    9.6733905188668289E-004
 performing expansion, best =    9.6733873685196019E-004
 performing expansion, best =    9.6733739799452153E-004
 performing expansion, best =    9.6733504683516329E-004
 performing expansion, best =    9.6733294784240071E-004
 performing expansion, best =    9.6730853880275301E-004
 performing expansion, best =    9.6730625569600313E-004
 performing expansion, best =    9.6727724849883631E-004
 performing expansion, best =    9.6727587581728249E-004
 performing expansion, best =    9.6727570898687807E-004
 performing expansion, best =    9.6727340343065666E-004
 performing expansion, best =    9.6727099099305910E-004
 performing expansion, best =    9.6726837513566816E-004
 performing expansion, best =    9.6726628524825258E-004
 performing expansion, best =    9.6726467314955597E-004
 performing expansion, best =    9.6726303141398816E-004
 performing expansion, best =    9.6724037573026056E-004
 performing expansion, best =    9.6723644004570908E-004
 performing expansion, best =    9.6721010761461907E-004
 performing expansion, best =    9.6718770784179873E-004
 performing expansion, best =    9.6718564692646614E-004
 performing expansion, best =    9.6716389114077071E-004
 performing expansion, best =    9.6714546802618691E-004
 performing expansion, best =    9.6712395114802294E-004
 performing expansion, best =    9.6710860788899538E-004
 performing expansion, best =    9.6710711108792687E-004
 performing expansion, best =    9.6710477200970951E-004
 performing expansion, best =    9.6708541484200766E-004
 performing expansion, best =    9.6708327766856575E-004
 performing expansion, best =    9.6708085059290247E-004
 performing expansion, best =    9.6707997942937455E-004
 performing expansion, best =    9.6707921743037668E-004
 performing expansion, best =    9.6706338720301487E-004
 performing expansion, best =    9.6706176351876966E-004
 performing expansion, best =    9.6705945112652441E-004
 performing expansion, best =    9.6705663742468193E-004
 performing expansion, best =    9.6705494412901766E-004
 performing expansion, best =    9.6704295401767572E-004
 performing expansion, best =    9.6704272096334110E-004
 performing expansion, best =    9.6704261614105548E-004
 performing expansion, best =    9.6703171999617686E-004
 performing expansion, best =    9.6701959600319705E-004
 performing expansion, best =    9.6701757114051675E-004
 performing expansion, best =    9.6701705933299113E-004
 performing expansion, best =    9.6700351058726791E-004
 performing expansion, best =    9.6698871780753163E-004
 performing expansion, best =    9.6698708972670229E-004
 performing expansion, best =    9.6698635303851810E-004
 performing expansion, best =    9.6697362723757176E-004
 performing expansion, best =    9.6697231770528197E-004
 performing expansion, best =    9.6697125480787994E-004
 performing expansion, best =    9.6697123910597781E-004
 performing expansion, best =    9.6696954344232958E-004
 performing expansion, best =    9.6696882040175588E-004
 performing expansion, best =    9.6695601086093134E-004
 performing expansion, best =    9.6695481321811883E-004
 performing expansion, best =    9.6694369358761546E-004
 performing expansion, best =    9.6694193149282669E-004
 performing expansion, best =    9.6694172146483549E-004
 performing expansion, best =    9.6693234352590563E-004
 performing expansion, best =    9.6692509548233383E-004
 performing expansion, best =    9.6692406988695156E-004
 performing expansion, best =    9.6691360747902934E-004
 performing expansion, best =    9.6690463622139001E-004
 performing expansion, best =    9.6690273451807349E-004
 performing expansion, best =    9.6690266744162525E-004
 performing expansion, best =    9.6690091558792365E-004
 performing expansion, best =    9.6689206758632468E-004
 performing expansion, best =    9.6689143476804827E-004
 performing expansion, best =    9.6689132670098115E-004
 performing expansion, best =    9.6688315333350093E-004
 performing expansion, best =    9.6687534959309087E-004
 performing expansion, best =    9.6687431960987009E-004
 performing expansion, best =    9.6686727274529342E-004
 performing expansion, best =    9.6686688567808104E-004
 performing expansion, best =    9.6685680174254040E-004
 performing expansion, best =    9.6684717115270589E-004
 performing expansion, best =    9.6684715061165711E-004
 performing expansion, best =    9.6683841590137825E-004
 performing expansion, best =    9.6682899254716759E-004
 performing expansion, best =    9.6682842250227718E-004
 performing expansion, best =    9.6682761386044920E-004
 performing expansion, best =    9.6682699703629017E-004
 performing expansion, best =    9.6681815317333354E-004
 performing expansion, best =    9.6681814330602399E-004
 performing expansion, best =    9.6681760721997636E-004
 performing expansion, best =    9.6681068897454638E-004
 performing expansion, best =    9.6680336810053293E-004
 performing expansion, best =    9.6679544714643989E-004
 performing expansion, best =    9.6678649639823629E-004
 performing expansion, best =    9.6678557348830617E-004
 performing expansion, best =    9.6677656307298464E-004
 performing expansion, best =    9.6677597284523461E-004
 performing expansion, best =    9.6676787317462375E-004
 performing expansion, best =    9.6676773969910069E-004
 performing expansion, best =    9.6675901573092012E-004
 performing expansion, best =    9.6675644138285468E-004
 performing expansion, best =    9.6675495799404142E-004
 performing expansion, best =    9.6675351466942469E-004
 performing expansion, best =    9.6675294557455895E-004
 performing expansion, best =    9.6675268593254967E-004
 performing expansion, best =    9.6674461186999788E-004
 performing expansion, best =    9.6674343814642729E-004
 performing expansion, best =    9.6674245943756691E-004
 performing expansion, best =    9.6674226100119075E-004
 performing expansion, best =    9.6673467515248157E-004
 performing expansion, best =    9.6672713423097423E-004
 performing expansion, best =    9.6672057252296677E-004
 performing expansion, best =    9.6671204568014445E-004
 performing expansion, best =    9.6671177214130433E-004
 performing expansion, best =    9.6670415395773727E-004
 performing expansion, best =    9.6670309957037058E-004
 performing expansion, best =    9.6670309268106396E-004
 performing expansion, best =    9.6670268373083600E-004
 performing expansion, best =    9.6669580292730456E-004
 performing expansion, best =    9.6668999109061524E-004
 performing expansion, best =    9.6668935722771081E-004
 performing expansion, best =    9.6668875161457109E-004
 performing expansion, best =    9.6668161809522121E-004
 performing expansion, best =    9.6667438759554599E-004
 performing expansion, best =    9.6666712047432739E-004
 performing expansion, best =    9.6665961333210638E-004
 performing expansion, best =    9.6665954232502921E-004
 performing expansion, best =    9.6665853617621249E-004
 performing expansion, best =    9.6665847210572031E-004
 performing expansion, best =    9.6665160734969301E-004
 performing expansion, best =    9.6664349107376552E-004
 performing expansion, best =    9.6664343393322431E-004
 performing expansion, best =    9.6663699582162470E-004
 performing expansion, best =    9.6663192768069758E-004
 performing expansion, best =    9.6662342274355317E-004
 performing expansion, best =    9.6662273189270604E-004
 performing expansion, best =    9.6662216505010552E-004
 performing expansion, best =    9.6662193093998339E-004
 performing expansion, best =    9.6661415605444863E-004
 performing expansion, best =    9.6661311671912206E-004
 performing expansion, best =    9.6660464611185155E-004
 performing expansion, best =    9.6660442609778393E-004
 performing expansion, best =    9.6660333509020647E-004
 performing expansion, best =    9.6659776731000614E-004
 performing expansion, best =    9.6659733741073534E-004
 performing expansion, best =    9.6659700524635763E-004
 performing expansion, best =    9.6659668228842076E-004
 performing expansion, best =    9.6659415640807213E-004
 performing expansion, best =    9.6658611453191094E-004
 performing expansion, best =    9.6658540272850024E-004
 performing expansion, best =    9.6657894874395509E-004
 performing expansion, best =    9.6657206988357187E-004
 performing expansion, best =    9.6657072505285167E-004
 performing expansion, best =    9.6656460949460469E-004
 performing expansion, best =    9.6656419627184171E-004
 performing expansion, best =    9.6656383527578076E-004
 performing expansion, best =    9.6655850895410777E-004
 performing expansion, best =    9.6655330494337089E-004
 performing expansion, best =    9.6655323686495689E-004
 performing expansion, best =    9.6655243828225573E-004
 performing expansion, best =    9.6655220005427075E-004
 performing expansion, best =    9.6654769465668396E-004
 performing expansion, best =    9.6654733902339551E-004
 performing expansion, best =    9.6654406335912313E-004
 performing expansion, best =    9.6654380423034025E-004
 performing expansion, best =    9.6654340428627996E-004
 performing expansion, best =    9.6654303173189027E-004
 performing expansion, best =    9.6654290762484640E-004
 performing expansion, best =    9.6654161484993205E-004
 performing expansion, best =    9.6653655780802301E-004
 performing expansion, best =    9.6653554419229564E-004
 performing expansion, best =    9.6653540440753808E-004
 performing expansion, best =    9.6653534792483665E-004
 performing expansion, best =    9.6653280710255860E-004
 performing expansion, best =    9.6653245882566820E-004
 performing expansion, best =    9.6653210957853210E-004
 performing expansion, best =    9.6653188681527537E-004
 performing expansion, best =    9.6652837410707824E-004
 performing expansion, best =    9.6652783169443588E-004
 performing expansion, best =    9.6652458005809755E-004
 performing expansion, best =    9.6652433748771807E-004
 performing expansion, best =    9.6652180436703709E-004
 performing expansion, best =    9.6652141543174459E-004
 performing expansion, best =    9.6652137282507238E-004
 performing expansion, best =    9.6651864972030325E-004
 performing expansion, best =    9.6651857823971672E-004
 performing expansion, best =    9.6651832950046910E-004
 performing expansion, best =    9.6651496281669965E-004
 performing expansion, best =    9.6651137386945306E-004
 performing expansion, best =    9.6650797051581617E-004
 performing expansion, best =    9.6650761112390931E-004
 performing expansion, best =    9.6650364586229047E-004
 performing expansion, best =    9.6650327546469496E-004
 performing expansion, best =    9.6649955856282078E-004
 performing expansion, best =    9.6649864987344519E-004
 performing expansion, best =    9.6649429184079408E-004
 performing expansion, best =    9.6649062458205065E-004
 performing expansion, best =    9.6649012192042934E-004
 performing expansion, best =    9.6648624233290690E-004
 performing expansion, best =    9.6648122419022134E-004
 performing expansion, best =    9.6647634963222982E-004
 performing expansion, best =    9.6647222057161632E-004
 performing expansion, best =    9.6647196814085318E-004
 performing expansion, best =    9.6647176423015756E-004
 performing expansion, best =    9.6646694905787593E-004
 performing expansion, best =    9.6646669570565641E-004
 performing expansion, best =    9.6646163522031174E-004
 performing expansion, best =    9.6645513143036015E-004
 performing expansion, best =    9.6645508124963383E-004
 performing expansion, best =    9.6644949745768201E-004
 performing expansion, best =    9.6644388918897429E-004
 performing expansion, best =    9.6643824158421988E-004
 performing expansion, best =    9.6643076192023925E-004
 performing expansion, best =    9.6643056764927850E-004
 performing expansion, best =    9.6642424823923127E-004
 performing expansion, best =    9.6641792325878877E-004
 performing expansion, best =    9.6641155938931886E-004
 performing expansion, best =    9.6640552166916971E-004
 performing expansion, best =    9.6640468035868955E-004
 performing expansion, best =    9.6639826257075966E-004
 performing expansion, best =    9.6639251795869758E-004
 performing expansion, best =    9.6639244606962487E-004
 performing expansion, best =    9.6638723852365187E-004
 performing expansion, best =    9.6638660855068008E-004
 performing expansion, best =    9.6638132239411779E-004
 performing expansion, best =    9.6637757345810786E-004
 performing expansion, best =    9.6637703156231920E-004
 performing expansion, best =    9.6637581346305820E-004
 performing expansion, best =    9.6637550884185407E-004
 performing expansion, best =    9.6637128580517146E-004
 performing expansion, best =    9.6637118268148663E-004
 performing expansion, best =    9.6636579102510551E-004
 performing expansion, best =    9.6636568256703605E-004
 performing expansion, best =    9.6636319082821318E-004
 performing expansion, best =    9.6636298870556318E-004
 performing expansion, best =    9.6635999338037196E-004
 performing expansion, best =    9.6635977937807615E-004
 performing expansion, best =    9.6635641388459969E-004
 performing expansion, best =    9.6635623827319743E-004
 performing expansion, best =    9.6635243110958626E-004
 performing expansion, best =    9.6634993393563177E-004
 performing expansion, best =    9.6634990959759996E-004
 performing expansion, best =    9.6634959012901361E-004
 performing expansion, best =    9.6634876930383777E-004
 performing expansion, best =    9.6634590224805705E-004
 performing expansion, best =    9.6634263193432792E-004
 performing expansion, best =    9.6633925607645917E-004
 performing expansion, best =    9.6633634957978974E-004
 performing expansion, best =    9.6633420474657907E-004
 performing expansion, best =    9.6633391929316448E-004
 performing expansion, best =    9.6633048713677617E-004
 performing expansion, best =    9.6632984102088264E-004
 performing expansion, best =    9.6632983317400021E-004
 performing expansion, best =    9.6632982391697852E-004
 performing expansion, best =    9.6632933514379838E-004
 performing expansion, best =    9.6632712541987219E-004
 performing expansion, best =    9.6632696772703803E-004
 performing expansion, best =    9.6632678062169401E-004
 performing expansion, best =    9.6632668261455190E-004
 performing expansion, best =    9.6632460132942014E-004
 performing expansion, best =    9.6632435138001575E-004
 performing expansion, best =    9.6632407353081085E-004
 performing expansion, best =    9.6632208389879897E-004
 performing expansion, best =    9.6632207967698824E-004
 performing expansion, best =    9.6632164382542160E-004
 performing expansion, best =    9.6632001311770831E-004
 performing expansion, best =    9.6631970790695884E-004
 performing expansion, best =    9.6631810081711992E-004
 performing expansion, best =    9.6631609781343861E-004
 performing expansion, best =    9.6631584264626855E-004
 performing expansion, best =    9.6631549587972837E-004
 performing expansion, best =    9.6631520975229987E-004
 performing expansion, best =    9.6631277758521962E-004
 performing expansion, best =    9.6631250305760229E-004
 performing expansion, best =    9.6631250228828409E-004
 performing expansion, best =    9.6631055701356652E-004
 performing expansion, best =    9.6630813790770731E-004
 performing expansion, best =    9.6630601523609158E-004
 performing expansion, best =    9.6630574946991580E-004
 performing expansion, best =    9.6630533499014119E-004
 performing expansion, best =    9.6630339439554005E-004
Exiting simplex optimization after 10001 iterations
RMSE         9.663017201E-04 Hartree
NEW BEST!
Best found solution for 14 charges:
        RMSE         6.063630261E-01 kcal/mol
         MAE         3.568090534E-01 kcal/mol
     max. AE         5.072521337E+00 kcal/mol

       x[bohr]       y[bohr]       z[bohr]          q[e]
     0.0879183     2.1693404     0.0000037    -0.3813081
     0.6414682     0.5964796     0.0000076     0.3410045
     3.5510473     2.5273104     0.0214504     0.5002063
     3.1159536     2.6997522     0.0306410    -0.7438953
     3.2794627     1.8290211     0.1246311     0.2054605
    -0.4181733     2.3575290    -0.0352651     0.9995285
     1.7534746     3.1287478     0.1877133    -0.6648067
     1.8912126     3.8294478     0.1105009     0.7284919
     0.1152651     2.1829999    -0.0739501    -0.9420148
    -1.2470730    -2.1287253    -0.0036382    -0.9547615
    -1.0399017    -1.1256580    -0.0138337     0.4001411
     1.5723603    -2.7992299    -0.0252565     0.1305297
    -3.7762998    -1.5509716     0.0135618     0.1673547
    -1.6242990    -4.5655292     0.0011036     0.2140692

