Running in fitting mode

Reading "/data/boittier/energies/h2o_geom.xyz.dir/h2o_1.chk.fchk.potential.cube"...

  h2o Potential=SCF
  Electrostatic potential from Total SCF Density
    3   -4.970736   -4.748413   -4.970736
   80    0.125841    0.000000    0.000000
   80    0.000000    0.125841    0.000000
   80    0.000000    0.000000    0.125841
    8    8.000000    0.000000    0.222323    0.000000
    1    1.000000    1.427171   -0.896400    0.000000
    1    1.000000   -1.427171   -0.882184    0.000000
  1.66698E-02  1.67288E-02  1.67584E-02  1.67584E-02  1.67288E-02  1.66698E-02
       .            .            .            .            .            .
       .            .            .            .            .            .
       .            .            .            .            .            .
 -9.18626E-03 -9.18159E-03 -9.17225E-03 -9.15823E-03 -9.13952E-03 -9.11609E-03

338246 out of 512000 gridpoints are considered ( 66.1%).

...done!




 Refining solution from file/home/boittier/MDCM-1/examples/water/4-fit-frags/frag1/fit1/8charges.xyz
 Contains      8 charges
      Initial RMSE =         3.635797346E-01 kcal/mol
Running DE in parallel with 4 thread(s)!


User requested refinement using simplex algorithm (no DE)

 performing expansion, best =    5.7939374320430071E-004
 performing expansion, best =    5.7938725964194911E-004
 performing expansion, best =    5.7938483028624477E-004
 performing expansion, best =    5.7938392957284876E-004
 performing expansion, best =    5.7938381019483802E-004
 performing expansion, best =    5.7938130874221096E-004
 performing expansion, best =    5.7937912466554415E-004
 performing expansion, best =    5.7937696127538638E-004
 performing expansion, best =    5.7937554379613391E-004
 performing expansion, best =    5.7937535321314669E-004
 performing expansion, best =    5.7937524470270062E-004
 performing expansion, best =    5.7937433970605226E-004
 performing expansion, best =    5.7937332316954245E-004
 performing expansion, best =    5.7937094596189460E-004
 performing expansion, best =    5.7937038879401440E-004
 performing expansion, best =    5.7937031884979211E-004
 performing expansion, best =    5.7936927716072800E-004
 performing expansion, best =    5.7936855968425090E-004
 performing expansion, best =    5.7936801721115560E-004
 performing expansion, best =    5.7936784662989001E-004
 performing expansion, best =    5.7936608893261474E-004
 performing expansion, best =    5.7936301468671761E-004
 performing expansion, best =    5.7935777944492230E-004
 performing expansion, best =    5.7935627478120717E-004
 performing expansion, best =    5.7935590062322881E-004
 performing expansion, best =    5.7935390109063246E-004
 performing expansion, best =    5.7935312529566664E-004
 performing expansion, best =    5.7935072412747138E-004
 performing expansion, best =    5.7934827154625362E-004
 performing expansion, best =    5.7934520853302428E-004
 performing expansion, best =    5.7934210714743063E-004
 performing expansion, best =    5.7933969719900784E-004
 performing expansion, best =    5.7933797952228368E-004
 performing expansion, best =    5.7933663293203118E-004
 performing expansion, best =    5.7933319520681579E-004
 performing expansion, best =    5.7933097540447515E-004
 performing expansion, best =    5.7933015283178886E-004
 performing expansion, best =    5.7932777233202064E-004
 performing expansion, best =    5.7932619311440339E-004
 performing expansion, best =    5.7932134722835213E-004
 performing expansion, best =    5.7931907361958093E-004
 performing expansion, best =    5.7931836643802901E-004
 performing expansion, best =    5.7931705822644698E-004
 performing expansion, best =    5.7931598908564732E-004
 performing expansion, best =    5.7931456615697670E-004
 performing expansion, best =    5.7931318531352627E-004
 performing expansion, best =    5.7930984882044640E-004
 performing expansion, best =    5.7930978007352928E-004
 performing expansion, best =    5.7930817148045847E-004
 performing expansion, best =    5.7930725758120391E-004
 performing expansion, best =    5.7930721181769418E-004
 performing expansion, best =    5.7930483081023625E-004
 performing expansion, best =    5.7930363603294049E-004
 performing expansion, best =    5.7930290861146045E-004
 performing expansion, best =    5.7930160335970308E-004
 performing expansion, best =    5.7930099199355429E-004
 performing expansion, best =    5.7929831228929036E-004
 performing expansion, best =    5.7929655607408205E-004
 performing expansion, best =    5.7929493688552961E-004
 performing expansion, best =    5.7929419748822906E-004
 performing expansion, best =    5.7929400916085279E-004
 performing expansion, best =    5.7929374736444142E-004
 performing expansion, best =    5.7929373389328028E-004
 performing expansion, best =    5.7929296190638291E-004
 performing expansion, best =    5.7929292160656669E-004
 performing expansion, best =    5.7929287627586981E-004
 performing expansion, best =    5.7929233402079824E-004
 performing expansion, best =    5.7929226066611090E-004
 performing expansion, best =    5.7929215235487798E-004
 performing expansion, best =    5.7929187285165901E-004
 performing expansion, best =    5.7929164155698550E-004
 performing expansion, best =    5.7929162009117232E-004
 performing expansion, best =    5.7929147878147563E-004
 performing expansion, best =    5.7929147110361674E-004
 performing expansion, best =    5.7929126614625381E-004
 performing expansion, best =    5.7929109291130669E-004
 performing expansion, best =    5.7929108220505169E-004
 performing expansion, best =    5.7929093434257726E-004
 performing expansion, best =    5.7929077901269267E-004
 performing expansion, best =    5.7929056977935466E-004
 performing expansion, best =    5.7929049602277970E-004
 performing expansion, best =    5.7929026753306687E-004
 performing expansion, best =    5.7928988293464226E-004
 performing expansion, best =    5.7928938284005380E-004
 performing expansion, best =    5.7928891257110382E-004
 performing expansion, best =    5.7928865348609105E-004
 performing expansion, best =    5.7928828054710450E-004
 performing expansion, best =    5.7928806052967065E-004
 performing expansion, best =    5.7928793237251529E-004
 performing expansion, best =    5.7928782642733634E-004
 performing expansion, best =    5.7928756502276376E-004
 performing expansion, best =    5.7928726662295315E-004
 performing expansion, best =    5.7928633501895012E-004
 performing expansion, best =    5.7928554121035563E-004
 performing expansion, best =    5.7928445367207637E-004
 performing expansion, best =    5.7928322986705550E-004
 performing expansion, best =    5.7928191916259669E-004
 performing expansion, best =    5.7928061330389828E-004
 performing expansion, best =    5.7927897191910425E-004
 performing expansion, best =    5.7927763995560674E-004
 performing expansion, best =    5.7927619010936671E-004
 performing expansion, best =    5.7927430140948923E-004
 performing expansion, best =    5.7927236574440940E-004
 performing expansion, best =    5.7927002406116875E-004
 performing expansion, best =    5.7926735274587110E-004
 performing expansion, best =    5.7926477045447855E-004
 performing expansion, best =    5.7926224777392831E-004
 performing expansion, best =    5.7926028987532075E-004
 performing expansion, best =    5.7925803445225553E-004
 performing expansion, best =    5.7925497923247903E-004
 performing expansion, best =    5.7925156390561938E-004
 performing expansion, best =    5.7924824492420872E-004
 performing expansion, best =    5.7924420960120827E-004
 performing expansion, best =    5.7924070253183725E-004
 performing expansion, best =    5.7923709478700108E-004
 performing expansion, best =    5.7923399634416132E-004
 performing expansion, best =    5.7923135583014403E-004
 performing expansion, best =    5.7922922163843591E-004
 performing expansion, best =    5.7922519667037372E-004
 performing expansion, best =    5.7922370533028357E-004
 performing expansion, best =    5.7921821563606212E-004
 performing expansion, best =    5.7921378828772359E-004
 performing expansion, best =    5.7921104877075007E-004
 performing expansion, best =    5.7920892805012601E-004
 performing expansion, best =    5.7920771729796830E-004
 performing expansion, best =    5.7920609383828715E-004
 performing expansion, best =    5.7920478766868499E-004
 performing expansion, best =    5.7920163223049658E-004
 performing expansion, best =    5.7920072973352381E-004
 performing expansion, best =    5.7920020052932978E-004
 performing expansion, best =    5.7920012153796370E-004
 performing expansion, best =    5.7919982580869949E-004
 performing expansion, best =    5.7919873646990650E-004
 performing expansion, best =    5.7919848620956215E-004
 performing expansion, best =    5.7919831755882728E-004
 performing expansion, best =    5.7919811176955125E-004
 performing expansion, best =    5.7919724326201388E-004
 performing expansion, best =    5.7919692492426709E-004
 performing expansion, best =    5.7919641412563475E-004
 performing expansion, best =    5.7919626160572995E-004
 performing expansion, best =    5.7919622220115768E-004
 performing expansion, best =    5.7919606120633951E-004
 performing expansion, best =    5.7919566366618073E-004
 performing expansion, best =    5.7919499770246307E-004
 performing expansion, best =    5.7919445687634329E-004
 performing expansion, best =    5.7919395826429862E-004
 performing expansion, best =    5.7919376753614584E-004
 performing expansion, best =    5.7919299368306418E-004
 performing expansion, best =    5.7919246549123916E-004
 performing expansion, best =    5.7919202552700810E-004
 performing expansion, best =    5.7919175358421289E-004
 performing expansion, best =    5.7919155564547956E-004
 performing expansion, best =    5.7919151775327543E-004
 performing expansion, best =    5.7919072045025592E-004
 performing expansion, best =    5.7918991024355189E-004
 performing expansion, best =    5.7918882022232594E-004
 performing expansion, best =    5.7918830100669072E-004
 performing expansion, best =    5.7918803645299471E-004
 performing expansion, best =    5.7918720827258320E-004
 performing expansion, best =    5.7918618944456700E-004
 performing expansion, best =    5.7918501142665440E-004
 performing expansion, best =    5.7918391223620003E-004
 performing expansion, best =    5.7918238151391716E-004
 performing expansion, best =    5.7918010837805707E-004
 performing expansion, best =    5.7917710611713315E-004
 performing expansion, best =    5.7917417671781465E-004
 performing expansion, best =    5.7917297690199114E-004
 performing expansion, best =    5.7916989044139730E-004
 performing expansion, best =    5.7916646919865377E-004
 performing expansion, best =    5.7916344344045867E-004
 performing expansion, best =    5.7915873471258924E-004
 performing expansion, best =    5.7915506224523699E-004
 performing expansion, best =    5.7915046634993020E-004
 performing expansion, best =    5.7913886501543264E-004
 performing expansion, best =    5.7912986486621191E-004
 performing expansion, best =    5.7912231528352287E-004
 performing expansion, best =    5.7911606092819062E-004
 performing expansion, best =    5.7910847655502651E-004
 performing expansion, best =    5.7910372078310538E-004
 performing expansion, best =    5.7909440627030467E-004
 performing expansion, best =    5.7908412344428073E-004
 performing expansion, best =    5.7907339493189919E-004
 performing expansion, best =    5.7906335540521957E-004
 performing expansion, best =    5.7905159946985518E-004
 performing expansion, best =    5.7903962469369678E-004
 performing expansion, best =    5.7903195994402751E-004
 performing expansion, best =    5.7902546305475268E-004
 performing expansion, best =    5.7901304158978334E-004
 performing expansion, best =    5.7900646633071609E-004
 performing expansion, best =    5.7899895193335555E-004
 performing expansion, best =    5.7899121067842290E-004
 performing expansion, best =    5.7897849535230546E-004
 performing expansion, best =    5.7896629490721170E-004
 performing expansion, best =    5.7896012366978047E-004
 performing expansion, best =    5.7895311959651943E-004
 performing expansion, best =    5.7895190842713719E-004
 performing expansion, best =    5.7895061924394242E-004
 performing expansion, best =    5.7894900802363714E-004
 performing expansion, best =    5.7894328164376794E-004
 performing expansion, best =    5.7893816847940239E-004
 performing expansion, best =    5.7892859981642161E-004
 performing expansion, best =    5.7892293117106945E-004
 performing expansion, best =    5.7891922937645978E-004
 performing expansion, best =    5.7891801459594445E-004
 performing expansion, best =    5.7891730097491619E-004
 performing expansion, best =    5.7891704373722909E-004
 performing expansion, best =    5.7891399608033282E-004
 performing expansion, best =    5.7891341471916463E-004
 performing expansion, best =    5.7891263687122698E-004
 performing expansion, best =    5.7891179547918544E-004
 performing expansion, best =    5.7891087629075705E-004
 performing expansion, best =    5.7891036634916614E-004
 performing expansion, best =    5.7891014084811136E-004
 performing expansion, best =    5.7890967142329897E-004
 performing expansion, best =    5.7890958448536067E-004
 performing expansion, best =    5.7890943538593830E-004
 performing expansion, best =    5.7890922140760813E-004
 performing expansion, best =    5.7890901790562280E-004
 performing expansion, best =    5.7890855863638481E-004
 performing expansion, best =    5.7890852350042687E-004
 performing expansion, best =    5.7890841798860547E-004
 performing expansion, best =    5.7890825399243510E-004
 performing expansion, best =    5.7890799026657678E-004
 performing expansion, best =    5.7890785032401924E-004
 performing expansion, best =    5.7890776446793820E-004
 performing expansion, best =    5.7890760139175121E-004
 performing expansion, best =    5.7890727211307484E-004
 performing expansion, best =    5.7890718501522605E-004
 performing expansion, best =    5.7890700976833027E-004
 performing expansion, best =    5.7890667283044817E-004
 performing expansion, best =    5.7890646149351920E-004
 performing expansion, best =    5.7890642237396742E-004
 performing expansion, best =    5.7890630479684208E-004
 performing expansion, best =    5.7890629370130895E-004
 performing expansion, best =    5.7890621785242405E-004
 performing expansion, best =    5.7890613435272753E-004
 performing expansion, best =    5.7890604533731823E-004
 performing expansion, best =    5.7890589528971086E-004
 performing expansion, best =    5.7890577632365749E-004
 performing expansion, best =    5.7890572962841227E-004
 performing expansion, best =    5.7890563923347963E-004
 performing expansion, best =    5.7890559718282121E-004
 performing expansion, best =    5.7890554564531951E-004
 performing expansion, best =    5.7890548082399184E-004
 performing expansion, best =    5.7890545912291981E-004
 performing expansion, best =    5.7890533554456815E-004
 performing expansion, best =    5.7890518476977381E-004
 performing expansion, best =    5.7890516354537755E-004
 performing expansion, best =    5.7890508599540264E-004
 performing expansion, best =    5.7890506052664663E-004
 performing expansion, best =    5.7890495520316438E-004
 performing expansion, best =    5.7890486280185165E-004
 performing expansion, best =    5.7890482657479796E-004
 performing expansion, best =    5.7890480648603072E-004
 performing expansion, best =    5.7890478847356030E-004
 performing expansion, best =    5.7890477747900282E-004
 performing expansion, best =    5.7890473609005142E-004
 performing expansion, best =    5.7890470500753086E-004
 performing expansion, best =    5.7890465756476304E-004
 performing expansion, best =    5.7890445446307957E-004
 performing expansion, best =    5.7890441177706621E-004
 performing expansion, best =    5.7890437414426699E-004
 performing expansion, best =    5.7890426503087798E-004
 performing expansion, best =    5.7890417332843655E-004
 performing expansion, best =    5.7890414980758559E-004
 performing expansion, best =    5.7890399459412101E-004
 performing expansion, best =    5.7890390565352675E-004
 performing expansion, best =    5.7890374828728909E-004
 performing expansion, best =    5.7890362757238357E-004
 performing expansion, best =    5.7890350301433241E-004
 performing expansion, best =    5.7890332564566307E-004
 performing expansion, best =    5.7890327722231116E-004
 performing expansion, best =    5.7890324046373320E-004
 performing expansion, best =    5.7890295721127363E-004
 performing expansion, best =    5.7890264619096961E-004
 performing expansion, best =    5.7890242255218374E-004
 performing expansion, best =    5.7890241598574223E-004
 performing expansion, best =    5.7890232919996564E-004
 performing expansion, best =    5.7890216389504517E-004
 performing expansion, best =    5.7890212010912572E-004
 performing expansion, best =    5.7890208267393785E-004
 performing expansion, best =    5.7890166255376873E-004
 performing expansion, best =    5.7890103701077036E-004
 performing expansion, best =    5.7890082114576101E-004
 performing expansion, best =    5.7890063103494091E-004
 performing expansion, best =    5.7890045635217537E-004
 performing expansion, best =    5.7890015173922636E-004
 performing expansion, best =    5.7889986487991087E-004
 performing expansion, best =    5.7889972634511840E-004
 performing expansion, best =    5.7889964248479780E-004
 performing expansion, best =    5.7889941419884950E-004
 performing expansion, best =    5.7889906776579896E-004
 performing expansion, best =    5.7889827228757920E-004
 performing expansion, best =    5.7889752334109874E-004
 performing expansion, best =    5.7889698180702725E-004
 performing expansion, best =    5.7889654025906727E-004
 performing expansion, best =    5.7889605420746325E-004
 performing expansion, best =    5.7889508100386741E-004
 performing expansion, best =    5.7889470005244759E-004
 performing expansion, best =    5.7889356732424317E-004
 performing expansion, best =    5.7889231311551291E-004
 performing expansion, best =    5.7889005466209330E-004
 performing expansion, best =    5.7888783764918411E-004
 performing expansion, best =    5.7888760288006243E-004
 performing expansion, best =    5.7888668632771756E-004
 performing expansion, best =    5.7888462023294974E-004
 performing expansion, best =    5.7888271327920249E-004
 performing expansion, best =    5.7888075775514079E-004
 performing expansion, best =    5.7887852649440201E-004
 performing expansion, best =    5.7887639165801297E-004
 performing expansion, best =    5.7887577415301303E-004
 performing expansion, best =    5.7887430060609433E-004
 performing expansion, best =    5.7887175714890229E-004
 performing expansion, best =    5.7886991150397503E-004
 performing expansion, best =    5.7886855413639071E-004
 performing expansion, best =    5.7886451233058660E-004
 performing expansion, best =    5.7886103254321797E-004
 performing expansion, best =    5.7885570677504731E-004
 performing expansion, best =    5.7885148028992851E-004
 performing expansion, best =    5.7884551347071010E-004
 performing expansion, best =    5.7883851860610275E-004
 performing expansion, best =    5.7883517572123616E-004
 performing expansion, best =    5.7882802639405901E-004
 performing expansion, best =    5.7882151646264065E-004
 performing expansion, best =    5.7881329240370202E-004
 performing expansion, best =    5.7880603007961866E-004
 performing expansion, best =    5.7879971787564723E-004
 performing expansion, best =    5.7879660327042962E-004
 performing expansion, best =    5.7879074113157433E-004
 performing expansion, best =    5.7877976001960419E-004
 performing expansion, best =    5.7877031297316175E-004
 performing expansion, best =    5.7876285031695880E-004
 performing expansion, best =    5.7875532169623727E-004
 performing expansion, best =    5.7874357510062787E-004
 performing expansion, best =    5.7873466377332192E-004
 performing expansion, best =    5.7872850780720647E-004
 performing expansion, best =    5.7871786044000654E-004
 performing expansion, best =    5.7871292919815570E-004
 performing expansion, best =    5.7870501595849602E-004
 performing expansion, best =    5.7870476813091552E-004
 performing expansion, best =    5.7870395920459105E-004
 performing expansion, best =    5.7870289836967721E-004
 performing expansion, best =    5.7870093122919480E-004
 performing expansion, best =    5.7869739236562510E-004
 performing expansion, best =    5.7869434028872877E-004
 performing expansion, best =    5.7869075608642782E-004
 performing expansion, best =    5.7868800183848959E-004
 performing expansion, best =    5.7868514211292094E-004
 performing expansion, best =    5.7868301562084595E-004
 performing expansion, best =    5.7868266327857298E-004
 performing expansion, best =    5.7868125806870036E-004
 performing expansion, best =    5.7868081864180380E-004
 performing expansion, best =    5.7867967533526863E-004
 performing expansion, best =    5.7867616911336716E-004
 performing expansion, best =    5.7867402948827255E-004
 performing expansion, best =    5.7867138821003693E-004
 performing expansion, best =    5.7867024036384568E-004
 performing expansion, best =    5.7866962238614574E-004
 performing expansion, best =    5.7866800964246538E-004
 performing expansion, best =    5.7866698340421974E-004
 performing expansion, best =    5.7866505380019110E-004
 performing expansion, best =    5.7866096326143041E-004
 performing expansion, best =    5.7866007501130028E-004
 performing expansion, best =    5.7866000541419160E-004
 performing expansion, best =    5.7865769053001500E-004
 performing expansion, best =    5.7865502514901316E-004
 performing expansion, best =    5.7865473391063718E-004
 performing expansion, best =    5.7865447043335943E-004
 performing expansion, best =    5.7865446244204782E-004
 performing expansion, best =    5.7865373805731312E-004
 performing expansion, best =    5.7865367115223290E-004
 performing expansion, best =    5.7865336753581671E-004
 performing expansion, best =    5.7865333484848991E-004
 performing expansion, best =    5.7865331941847175E-004
 performing expansion, best =    5.7865271261655987E-004
 performing expansion, best =    5.7865203988363072E-004
 performing expansion, best =    5.7865197035559277E-004
 performing expansion, best =    5.7865193501295629E-004
 performing expansion, best =    5.7865192278779617E-004
 performing expansion, best =    5.7865189465882230E-004
 performing expansion, best =    5.7865186634209367E-004
 performing expansion, best =    5.7865186042150684E-004
 performing expansion, best =    5.7865183016235033E-004
 performing expansion, best =    5.7865182979165814E-004
 performing expansion, best =    5.7865182295862444E-004
 performing expansion, best =    5.7865177054727357E-004
 performing expansion, best =    5.7865173597416238E-004
 performing expansion, best =    5.7865171816348768E-004
 performing expansion, best =    5.7865168532086713E-004
 performing expansion, best =    5.7865165900518670E-004
 performing expansion, best =    5.7865163711605502E-004
 performing expansion, best =    5.7865162457428282E-004
 performing expansion, best =    5.7865160129642130E-004
 performing expansion, best =    5.7865158983842475E-004
 performing expansion, best =    5.7865157573156075E-004
 performing expansion, best =    5.7865156184046306E-004
 performing expansion, best =    5.7865152460093920E-004
 performing expansion, best =    5.7865151180455123E-004
 performing expansion, best =    5.7865149911864031E-004
 performing expansion, best =    5.7865148920493211E-004
 performing expansion, best =    5.7865148394843234E-004
 performing expansion, best =    5.7865140732532832E-004
 performing expansion, best =    5.7865133097083864E-004
 performing expansion, best =    5.7865125996550682E-004
 performing expansion, best =    5.7865119600456285E-004
 performing expansion, best =    5.7865106739516151E-004
 performing expansion, best =    5.7865094201529931E-004
 performing expansion, best =    5.7865092481390308E-004
 performing expansion, best =    5.7865090905180573E-004
 performing expansion, best =    5.7865078089158891E-004
 performing expansion, best =    5.7865063261521835E-004
 performing expansion, best =    5.7865053987962473E-004
 performing expansion, best =    5.7865034220004716E-004
 performing expansion, best =    5.7865015682723002E-004
 performing expansion, best =    5.7864995153831633E-004
 performing expansion, best =    5.7864975588911018E-004
 performing expansion, best =    5.7864946707014253E-004
 performing expansion, best =    5.7864921635407830E-004
 performing expansion, best =    5.7864906818312449E-004
 performing expansion, best =    5.7864905618475735E-004
 performing expansion, best =    5.7864893327130992E-004
 performing expansion, best =    5.7864877140475861E-004
 performing expansion, best =    5.7864842159399709E-004
 performing expansion, best =    5.7864792060185696E-004
 performing expansion, best =    5.7864770453638112E-004
 performing expansion, best =    5.7864743391933921E-004
 performing expansion, best =    5.7864714177146052E-004
 performing expansion, best =    5.7864680346710973E-004
 performing expansion, best =    5.7864647573518165E-004
 performing expansion, best =    5.7864624536067648E-004
 performing expansion, best =    5.7864562666497417E-004
 performing expansion, best =    5.7864500839704307E-004
 performing expansion, best =    5.7864433850717651E-004
 performing expansion, best =    5.7864371715822484E-004
 performing expansion, best =    5.7864316855477994E-004
 performing expansion, best =    5.7864265424902299E-004
 performing expansion, best =    5.7864183873466318E-004
 performing expansion, best =    5.7864036821666967E-004
 performing expansion, best =    5.7863918758970369E-004
 performing expansion, best =    5.7863793887114121E-004
 performing expansion, best =    5.7863605501512797E-004
 performing expansion, best =    5.7863441903312869E-004
 performing expansion, best =    5.7863239466711381E-004
 performing expansion, best =    5.7863006008222761E-004
 performing expansion, best =    5.7862740391581276E-004
 performing expansion, best =    5.7862424598147013E-004
 performing expansion, best =    5.7862146468593836E-004
 performing expansion, best =    5.7861927764302982E-004
 performing expansion, best =    5.7861692935969630E-004
 performing expansion, best =    5.7861502258882598E-004
 performing expansion, best =    5.7861093497419292E-004
 performing expansion, best =    5.7860822891240649E-004
 performing expansion, best =    5.7860536945666008E-004
 performing expansion, best =    5.7860383654137720E-004
 performing expansion, best =    5.7860231287761184E-004
 performing expansion, best =    5.7859995149210891E-004
 performing expansion, best =    5.7859772598305680E-004
 performing expansion, best =    5.7859683067886447E-004
 performing expansion, best =    5.7859523595912116E-004
 performing expansion, best =    5.7859408702528930E-004
 performing expansion, best =    5.7859288819047761E-004
 performing expansion, best =    5.7859089646749304E-004
 performing expansion, best =    5.7858951946207753E-004
 performing expansion, best =    5.7858733993806553E-004
 performing expansion, best =    5.7858487921102293E-004
 performing expansion, best =    5.7858066719352372E-004
 performing expansion, best =    5.7857969716100348E-004
 performing expansion, best =    5.7857900810362266E-004
 performing expansion, best =    5.7857794998363076E-004
 performing expansion, best =    5.7857566114185438E-004
 performing expansion, best =    5.7857291128694203E-004
 performing expansion, best =    5.7857086902717990E-004
 performing expansion, best =    5.7856661528704926E-004
 performing expansion, best =    5.7856274500127315E-004
 performing expansion, best =    5.7856084185418412E-004
 performing expansion, best =    5.7855659196674595E-004
 performing expansion, best =    5.7855252307060948E-004
 performing expansion, best =    5.7854908348146711E-004
 performing expansion, best =    5.7854639136543289E-004
 performing expansion, best =    5.7854059835508651E-004
 performing expansion, best =    5.7853560004736263E-004
 performing expansion, best =    5.7853066811642889E-004
 performing expansion, best =    5.7852825382735586E-004
 performing expansion, best =    5.7852525050783418E-004
 performing expansion, best =    5.7851824776820936E-004
 performing expansion, best =    5.7851792299300556E-004
 performing expansion, best =    5.7851164049228495E-004
 performing expansion, best =    5.7850661545633076E-004
 performing expansion, best =    5.7850199556593604E-004
 performing expansion, best =    5.7850093135288329E-004
 performing expansion, best =    5.7850025499533260E-004
 performing expansion, best =    5.7849303565214152E-004
 performing expansion, best =    5.7848204335159711E-004
 performing expansion, best =    5.7847505695387267E-004
 performing expansion, best =    5.7846730910715268E-004
 performing expansion, best =    5.7846297238915028E-004
 performing expansion, best =    5.7845745152324294E-004
 performing expansion, best =    5.7845214026339847E-004
 performing expansion, best =    5.7844501251276147E-004
 performing expansion, best =    5.7844217066249323E-004
 performing expansion, best =    5.7843690007417859E-004
 performing expansion, best =    5.7843292916985383E-004
 performing expansion, best =    5.7842385172932531E-004
 performing expansion, best =    5.7841614118298631E-004
 performing expansion, best =    5.7841550034083830E-004
 performing expansion, best =    5.7841411967174655E-004
 performing expansion, best =    5.7841264028684974E-004
 performing expansion, best =    5.7841144817691369E-004
 performing expansion, best =    5.7841011882653717E-004
 performing expansion, best =    5.7840203298695550E-004
 performing expansion, best =    5.7839782539183108E-004
 performing expansion, best =    5.7839656096542440E-004
 performing expansion, best =    5.7839239159343980E-004
 performing expansion, best =    5.7839134697122642E-004
 performing expansion, best =    5.7838818670026039E-004
 performing expansion, best =    5.7838720496720313E-004
 performing expansion, best =    5.7838352725189451E-004
 performing expansion, best =    5.7838191596223726E-004
 performing expansion, best =    5.7838172917833652E-004
 performing expansion, best =    5.7837848108949869E-004
 performing expansion, best =    5.7837415788556269E-004
 performing expansion, best =    5.7837364446915130E-004
 performing expansion, best =    5.7837194733712579E-004
 performing expansion, best =    5.7837185410320575E-004
 performing expansion, best =    5.7837071307784214E-004
 performing expansion, best =    5.7836826146752656E-004
 performing expansion, best =    5.7836574793035953E-004
 performing expansion, best =    5.7836491265570204E-004
 performing expansion, best =    5.7836384551760995E-004
 performing expansion, best =    5.7836221959368407E-004
 performing expansion, best =    5.7836205582772885E-004
 performing expansion, best =    5.7836151542023145E-004
 performing expansion, best =    5.7836100603270179E-004
 performing expansion, best =    5.7835938245516278E-004
 performing expansion, best =    5.7835914735197315E-004
 performing expansion, best =    5.7835754282558715E-004
 performing expansion, best =    5.7835688020222863E-004
 performing expansion, best =    5.7835681151084759E-004
 performing expansion, best =    5.7835496610080981E-004
 performing expansion, best =    5.7835446185345132E-004
 performing expansion, best =    5.7835407505472426E-004
 performing expansion, best =    5.7835406557882774E-004
 performing expansion, best =    5.7835404128241488E-004
 performing expansion, best =    5.7835397501749435E-004
 performing expansion, best =    5.7835394561758032E-004
 performing expansion, best =    5.7835346703321981E-004
 performing expansion, best =    5.7835338999646458E-004
 performing expansion, best =    5.7835326882846089E-004
 performing expansion, best =    5.7835317339184774E-004
 performing expansion, best =    5.7835287992985551E-004
 performing expansion, best =    5.7835218353321377E-004
 performing expansion, best =    5.7835212461973160E-004
 performing expansion, best =    5.7835197501340167E-004
 performing expansion, best =    5.7835176254870078E-004
 performing expansion, best =    5.7835143810640007E-004
 performing expansion, best =    5.7835142450186048E-004
 performing expansion, best =    5.7835125065694632E-004
 performing expansion, best =    5.7835100092665562E-004
 performing expansion, best =    5.7835094697581974E-004
 performing expansion, best =    5.7835084591047843E-004
 performing expansion, best =    5.7835075770686117E-004
 performing expansion, best =    5.7835067879337258E-004
 performing expansion, best =    5.7835058513763609E-004
 performing expansion, best =    5.7835057806376183E-004
 performing expansion, best =    5.7835027638077703E-004
 performing expansion, best =    5.7835016498214615E-004
 performing expansion, best =    5.7835001545614552E-004
 performing expansion, best =    5.7834995637328257E-004
 performing expansion, best =    5.7834984371641523E-004
 performing expansion, best =    5.7834973859013049E-004
 performing expansion, best =    5.7834970484312769E-004
 performing expansion, best =    5.7834963074365146E-004
 performing expansion, best =    5.7834952083230754E-004
 performing expansion, best =    5.7834951734293707E-004
 performing expansion, best =    5.7834940071445210E-004
 performing expansion, best =    5.7834931115979371E-004
 performing expansion, best =    5.7834924632501998E-004
 performing expansion, best =    5.7834909384568136E-004
 performing expansion, best =    5.7834895113186902E-004
 performing expansion, best =    5.7834880219799847E-004
 performing expansion, best =    5.7834871102132419E-004
 performing expansion, best =    5.7834860654187739E-004
 performing expansion, best =    5.7834844523731025E-004
 performing expansion, best =    5.7834817266163489E-004
 performing expansion, best =    5.7834810874756901E-004
 performing expansion, best =    5.7834810323528904E-004
 performing expansion, best =    5.7834809383706021E-004
 performing expansion, best =    5.7834805928722998E-004
 performing expansion, best =    5.7834787204913527E-004
 performing expansion, best =    5.7834787178705042E-004
 performing expansion, best =    5.7834779881731535E-004
 performing expansion, best =    5.7834777583254241E-004
 performing expansion, best =    5.7834755105764277E-004
 performing expansion, best =    5.7834743569786927E-004
 performing expansion, best =    5.7834742234393771E-004
 performing expansion, best =    5.7834728525386371E-004
 performing expansion, best =    5.7834724755738908E-004
 performing expansion, best =    5.7834712127471911E-004
 performing expansion, best =    5.7834706039891449E-004
 performing expansion, best =    5.7834704451378838E-004
 performing expansion, best =    5.7834694141452086E-004
 performing expansion, best =    5.7834687628694826E-004
 performing expansion, best =    5.7834685301255109E-004
 performing expansion, best =    5.7834679353885906E-004
 performing expansion, best =    5.7834679007266428E-004
 performing expansion, best =    5.7834663542603599E-004
 performing expansion, best =    5.7834652161096328E-004
 performing expansion, best =    5.7834646257606576E-004
 performing expansion, best =    5.7834637376781941E-004
 performing expansion, best =    5.7834630886441948E-004
 performing expansion, best =    5.7834614939860968E-004
 performing expansion, best =    5.7834603445426624E-004
 performing expansion, best =    5.7834586885871563E-004
 performing expansion, best =    5.7834562076533049E-004
 performing expansion, best =    5.7834553943994385E-004
 performing expansion, best =    5.7834545350626614E-004
 performing expansion, best =    5.7834541592871721E-004
 performing expansion, best =    5.7834540964626718E-004
 performing expansion, best =    5.7834522606604627E-004
 performing expansion, best =    5.7834521333812372E-004
 performing expansion, best =    5.7834507458629099E-004
 performing expansion, best =    5.7834492574998053E-004
 performing expansion, best =    5.7834479649842706E-004
 performing expansion, best =    5.7834476403003580E-004
 performing expansion, best =    5.7834459379041176E-004
 performing expansion, best =    5.7834438939546298E-004
 performing expansion, best =    5.7834430879460583E-004
 performing expansion, best =    5.7834411333730152E-004
 performing expansion, best =    5.7834375164945637E-004
 performing expansion, best =    5.7834338490386837E-004
 performing expansion, best =    5.7834292323674283E-004
 performing expansion, best =    5.7834232813853362E-004
 performing expansion, best =    5.7834206284663526E-004
 performing expansion, best =    5.7834205675608304E-004
 performing expansion, best =    5.7834158301063327E-004
 performing expansion, best =    5.7834128367616796E-004
 performing expansion, best =    5.7834082898793927E-004
 performing expansion, best =    5.7834059597578413E-004
 performing expansion, best =    5.7834045628832060E-004
 performing expansion, best =    5.7833998507263098E-004
 performing expansion, best =    5.7833943726020253E-004
 performing expansion, best =    5.7833913563357390E-004
 performing expansion, best =    5.7833862008676174E-004
 performing expansion, best =    5.7833796380736427E-004
 performing expansion, best =    5.7833670246551885E-004
 performing expansion, best =    5.7833589656402140E-004
 performing expansion, best =    5.7833416734819738E-004
 performing expansion, best =    5.7833259936574397E-004
 performing expansion, best =    5.7833100986636062E-004
 performing expansion, best =    5.7833011484791823E-004
 performing expansion, best =    5.7832907492301336E-004
 performing expansion, best =    5.7832713782937921E-004
 performing expansion, best =    5.7832583917979638E-004
 performing expansion, best =    5.7832461773000925E-004
 performing expansion, best =    5.7832352163601905E-004
 performing expansion, best =    5.7832272453277073E-004
 performing expansion, best =    5.7832207056285876E-004
 performing expansion, best =    5.7832101551439730E-004
 performing expansion, best =    5.7831890212387091E-004
 performing expansion, best =    5.7831591622580435E-004
 performing expansion, best =    5.7831443748183756E-004
 performing expansion, best =    5.7831263856490450E-004
 performing expansion, best =    5.7831067543800117E-004
 performing expansion, best =    5.7830846442867036E-004
 performing expansion, best =    5.7830558664538807E-004
 performing expansion, best =    5.7830292324826348E-004
 performing expansion, best =    5.7829990823463594E-004
 performing expansion, best =    5.7829749246576128E-004
 performing expansion, best =    5.7829506168390716E-004
 performing expansion, best =    5.7829323679589747E-004
 performing expansion, best =    5.7829235840457522E-004
 performing expansion, best =    5.7828855953651135E-004
 performing expansion, best =    5.7828333443624017E-004
 performing expansion, best =    5.7828062114707000E-004
 performing expansion, best =    5.7827610985355525E-004
 performing expansion, best =    5.7827428335419811E-004
 performing expansion, best =    5.7827093511674638E-004
 performing expansion, best =    5.7826752931991530E-004
 performing expansion, best =    5.7826186702497639E-004
 performing expansion, best =    5.7825828486838106E-004
 performing expansion, best =    5.7825574366009115E-004
 performing expansion, best =    5.7824974601645301E-004
 performing expansion, best =    5.7824306330610383E-004
 performing expansion, best =    5.7823882851894975E-004
 performing expansion, best =    5.7823351312838607E-004
 performing expansion, best =    5.7822726286398530E-004
 performing expansion, best =    5.7822484720757353E-004
 performing expansion, best =    5.7822035014386784E-004
 performing expansion, best =    5.7821888524101767E-004
 performing expansion, best =    5.7821577361815161E-004
 performing expansion, best =    5.7820992006773738E-004
 performing expansion, best =    5.7820434438768419E-004
 performing expansion, best =    5.7819893756512768E-004
 performing expansion, best =    5.7818851485204347E-004
 performing expansion, best =    5.7818144227699127E-004
 performing expansion, best =    5.7817270965998546E-004
 performing expansion, best =    5.7816448850558965E-004
 performing expansion, best =    5.7815058862401220E-004
 performing expansion, best =    5.7814704210261761E-004
 performing expansion, best =    5.7812857277891199E-004
 performing expansion, best =    5.7811468199218475E-004
 performing expansion, best =    5.7811274964663067E-004
 performing expansion, best =    5.7811247996734526E-004
 performing expansion, best =    5.7810488285722653E-004
 performing expansion, best =    5.7810066903447009E-004
 performing expansion, best =    5.7809814841605124E-004
 performing expansion, best =    5.7809614180943708E-004
 performing expansion, best =    5.7809245972472020E-004
 performing expansion, best =    5.7808431944925999E-004
 performing expansion, best =    5.7807809692098306E-004
 performing expansion, best =    5.7806773292003622E-004
 performing expansion, best =    5.7805565753537907E-004
 performing expansion, best =    5.7805436406933310E-004
 performing expansion, best =    5.7804876213416584E-004
 performing expansion, best =    5.7804780291966786E-004
 performing expansion, best =    5.7803715426178672E-004
 performing expansion, best =    5.7802836797324656E-004
 performing expansion, best =    5.7801901544357256E-004
 performing expansion, best =    5.7800636478389617E-004
 performing expansion, best =    5.7800296726558630E-004
 performing expansion, best =    5.7799523605213182E-004
 performing expansion, best =    5.7798726014841656E-004
 performing expansion, best =    5.7797250492118673E-004
 performing expansion, best =    5.7795404890919699E-004
 performing expansion, best =    5.7794866011838606E-004
 performing expansion, best =    5.7793900133952427E-004
 performing expansion, best =    5.7792983725587924E-004
 performing expansion, best =    5.7791152241190786E-004
 performing expansion, best =    5.7790115450898939E-004
 performing expansion, best =    5.7788544594466085E-004
 performing expansion, best =    5.7787460494283923E-004
 performing expansion, best =    5.7787076085972881E-004
 performing expansion, best =    5.7786326384032239E-004
 performing expansion, best =    5.7786300534749617E-004
 performing expansion, best =    5.7785388427566010E-004
 performing expansion, best =    5.7784268183906954E-004
 performing expansion, best =    5.7784161854934559E-004
 performing expansion, best =    5.7783550180110594E-004
 performing expansion, best =    5.7783265086864372E-004
 performing expansion, best =    5.7782563047601007E-004
 performing expansion, best =    5.7781056616645172E-004
 performing expansion, best =    5.7779799353969866E-004
 performing expansion, best =    5.7779557393522767E-004
 performing expansion, best =    5.7779520667103617E-004
 performing expansion, best =    5.7778393688524365E-004
 performing expansion, best =    5.7778034608582088E-004
 performing expansion, best =    5.7777991030792512E-004
 performing expansion, best =    5.7777890513835135E-004
 performing expansion, best =    5.7777009567491051E-004
 performing expansion, best =    5.7776657438809314E-004
 performing expansion, best =    5.7775540054634381E-004
 performing expansion, best =    5.7775450573013939E-004
 performing expansion, best =    5.7775282174413092E-004
 performing expansion, best =    5.7775128990324675E-004
 performing expansion, best =    5.7774787093010059E-004
 performing expansion, best =    5.7774656053683978E-004
 performing expansion, best =    5.7774411724920008E-004
 performing expansion, best =    5.7774200825183434E-004
 performing expansion, best =    5.7773925531583387E-004
 performing expansion, best =    5.7773830283930556E-004
 performing expansion, best =    5.7773674877220562E-004
 performing expansion, best =    5.7773541728618034E-004
 performing expansion, best =    5.7773370534435961E-004
 performing expansion, best =    5.7773214073407280E-004
 performing expansion, best =    5.7773211173773535E-004
 performing expansion, best =    5.7773182986451440E-004
 performing expansion, best =    5.7773171871690755E-004
 performing expansion, best =    5.7773125010267181E-004
 performing expansion, best =    5.7773094819718823E-004
 performing expansion, best =    5.7773029752036082E-004
 performing expansion, best =    5.7773020587241518E-004
 performing expansion, best =    5.7772959911718796E-004
 performing expansion, best =    5.7772940189989110E-004
 performing expansion, best =    5.7772921130250113E-004
 performing expansion, best =    5.7772853110166819E-004
 performing expansion, best =    5.7772833132901176E-004
 performing expansion, best =    5.7772832258096455E-004
 performing expansion, best =    5.7772794502130795E-004
 performing expansion, best =    5.7772765845855363E-004
 performing expansion, best =    5.7772728958160326E-004
 performing expansion, best =    5.7772726395230207E-004
 performing expansion, best =    5.7772687972218201E-004
 performing expansion, best =    5.7772670638510479E-004
 performing expansion, best =    5.7772649152289788E-004
 performing expansion, best =    5.7772628861204136E-004
 performing expansion, best =    5.7772616485114140E-004
 performing expansion, best =    5.7772606758423712E-004
 performing expansion, best =    5.7772583503560833E-004
 performing expansion, best =    5.7772581257963592E-004
 performing expansion, best =    5.7772573602955085E-004
 performing expansion, best =    5.7772567580997121E-004
 performing expansion, best =    5.7772567023308275E-004
 performing expansion, best =    5.7772548272311405E-004
 performing expansion, best =    5.7772529731225930E-004
 performing expansion, best =    5.7772529725982262E-004
 performing expansion, best =    5.7772528129607895E-004
 performing expansion, best =    5.7772511124445686E-004
 performing expansion, best =    5.7772505668131097E-004
 performing expansion, best =    5.7772505102481476E-004
 performing expansion, best =    5.7772493570585563E-004
 performing expansion, best =    5.7772489617310095E-004
 performing expansion, best =    5.7772483603741622E-004
 performing expansion, best =    5.7772471248233425E-004
 performing expansion, best =    5.7772470348288084E-004
 performing expansion, best =    5.7772464563182356E-004
 performing expansion, best =    5.7772453563816419E-004
 performing expansion, best =    5.7772451943572908E-004
 performing expansion, best =    5.7772448450307053E-004
 performing expansion, best =    5.7772444829320426E-004
 performing expansion, best =    5.7772443187274140E-004
 performing expansion, best =    5.7772441043783319E-004
 performing expansion, best =    5.7772439995466287E-004
 performing expansion, best =    5.7772435792723521E-004
 performing expansion, best =    5.7772433681001591E-004
 performing expansion, best =    5.7772432294550427E-004
 performing expansion, best =    5.7772427888106272E-004
 performing expansion, best =    5.7772424588646185E-004
 performing expansion, best =    5.7772423822159149E-004
 performing expansion, best =    5.7772422967455102E-004
 performing expansion, best =    5.7772421421051169E-004
 performing expansion, best =    5.7772418829806220E-004
 performing expansion, best =    5.7772418767986075E-004
 performing expansion, best =    5.7772413203486888E-004
 performing expansion, best =    5.7772412960583458E-004
 performing expansion, best =    5.7772412265811039E-004
 performing expansion, best =    5.7772409755245684E-004
 performing expansion, best =    5.7772408152264839E-004
 performing expansion, best =    5.7772405846152691E-004
 performing expansion, best =    5.7772404483900116E-004
 performing expansion, best =    5.7772404280815681E-004
 performing expansion, best =    5.7772402067258577E-004
 performing expansion, best =    5.7772401669339553E-004
 performing expansion, best =    5.7772401222476932E-004
 performing expansion, best =    5.7772399628719926E-004
 performing expansion, best =    5.7772397624345840E-004
 performing expansion, best =    5.7772397418610715E-004
 performing expansion, best =    5.7772394416915067E-004
 performing expansion, best =    5.7772392967679912E-004
 performing expansion, best =    5.7772392387334126E-004
 performing expansion, best =    5.7772391981297431E-004
 performing expansion, best =    5.7772390377507337E-004
 performing expansion, best =    5.7772389971805086E-004
 performing expansion, best =    5.7772389688476875E-004
 performing expansion, best =    5.7772389178718288E-004
 performing expansion, best =    5.7772388037399098E-004
 performing expansion, best =    5.7772386723079535E-004
 performing expansion, best =    5.7772385764449387E-004
 performing expansion, best =    5.7772385679865778E-004
 performing expansion, best =    5.7772385469880580E-004
 performing expansion, best =    5.7772385434591935E-004
 performing expansion, best =    5.7772384284688477E-004
 performing expansion, best =    5.7772383960996872E-004
 performing expansion, best =    5.7772383631352921E-004
 performing expansion, best =    5.7772383538183634E-004
 performing expansion, best =    5.7772383089149952E-004
 performing expansion, best =    5.7772382269134445E-004
 performing expansion, best =    5.7772381801075249E-004
 performing expansion, best =    5.7772381692381422E-004
 performing expansion, best =    5.7772381327456156E-004
 performing expansion, best =    5.7772380734521145E-004
 performing expansion, best =    5.7772380459702392E-004
 performing expansion, best =    5.7772380398798701E-004
 performing expansion, best =    5.7772380065102523E-004
 performing expansion, best =    5.7772380030839555E-004
 performing expansion, best =    5.7772379902692637E-004
 performing expansion, best =    5.7772379619623376E-004
 performing expansion, best =    5.7772379072898482E-004
 performing expansion, best =    5.7772378956005529E-004
 performing expansion, best =    5.7772378622628746E-004
 performing expansion, best =    5.7772378495450497E-004
 performing expansion, best =    5.7772378038870747E-004
 performing expansion, best =    5.7772377912516991E-004
 performing expansion, best =    5.7772377854130069E-004
 performing expansion, best =    5.7772377756052805E-004
 performing expansion, best =    5.7772377732909002E-004
 performing expansion, best =    5.7772377675726315E-004
 performing expansion, best =    5.7772377478155807E-004
 performing expansion, best =    5.7772377393723292E-004
 performing expansion, best =    5.7772377268033945E-004
 performing expansion, best =    5.7772377235301383E-004
 performing expansion, best =    5.7772377219248773E-004
 performing expansion, best =    5.7772377206875196E-004
 performing expansion, best =    5.7772377052557014E-004
 performing expansion, best =    5.7772376920810805E-004
 performing expansion, best =    5.7772376809518927E-004
 performing expansion, best =    5.7772376733383377E-004
 performing expansion, best =    5.7772376628801171E-004
 performing expansion, best =    5.7772376534995522E-004
 performing expansion, best =    5.7772376461268169E-004
 performing expansion, best =    5.7772376353966914E-004
 performing expansion, best =    5.7772376289962275E-004
 performing expansion, best =    5.7772376135185714E-004
 performing expansion, best =    5.7772376025588574E-004
 performing expansion, best =    5.7772375910444471E-004
 performing expansion, best =    5.7772375853453427E-004
 performing expansion, best =    5.7772375739481487E-004
 performing expansion, best =    5.7772375539399240E-004
 performing expansion, best =    5.7772375180364368E-004
 performing expansion, best =    5.7772374995331552E-004
 performing expansion, best =    5.7772374866299860E-004
 performing expansion, best =    5.7772374790190093E-004
 performing expansion, best =    5.7772374772518530E-004
 performing expansion, best =    5.7772374667847950E-004
 performing expansion, best =    5.7772374557190699E-004
 performing expansion, best =    5.7772374463541392E-004
 performing expansion, best =    5.7772374423880333E-004
 performing expansion, best =    5.7772374357089424E-004
 performing expansion, best =    5.7772374326678019E-004
 performing expansion, best =    5.7772374198107840E-004
 performing expansion, best =    5.7772374002900144E-004
 performing expansion, best =    5.7772373796742874E-004
 performing expansion, best =    5.7772373501004104E-004
 performing expansion, best =    5.7772373257988167E-004
 performing expansion, best =    5.7772373055371424E-004
 performing expansion, best =    5.7772372946767706E-004
 performing expansion, best =    5.7772372866123371E-004
 performing expansion, best =    5.7772372682503054E-004
 performing expansion, best =    5.7772372603691433E-004
 performing expansion, best =    5.7772372519810462E-004
 performing expansion, best =    5.7772372404656547E-004
 performing expansion, best =    5.7772372196624171E-004
 performing expansion, best =    5.7772372108268525E-004
 performing expansion, best =    5.7772372074073146E-004
 performing expansion, best =    5.7772372001766304E-004
 performing expansion, best =    5.7772371881641561E-004
 performing expansion, best =    5.7772371792208055E-004
 performing expansion, best =    5.7772371752968480E-004
 performing expansion, best =    5.7772371745802077E-004
 performing expansion, best =    5.7772371717158355E-004
 performing expansion, best =    5.7772371682875167E-004
 performing expansion, best =    5.7772371583571865E-004
 performing expansion, best =    5.7772371451773072E-004
 performing expansion, best =    5.7772371364897513E-004
 performing expansion, best =    5.7772371277543203E-004
 performing expansion, best =    5.7772371178115033E-004
 performing expansion, best =    5.7772371160553159E-004
 performing expansion, best =    5.7772370989056326E-004
 performing expansion, best =    5.7772370938375490E-004
 performing expansion, best =    5.7772370803794179E-004
 performing expansion, best =    5.7772370707576202E-004
 performing expansion, best =    5.7772370421914961E-004
 performing expansion, best =    5.7772370381797930E-004
 performing expansion, best =    5.7772370363344799E-004
 performing expansion, best =    5.7772370163913106E-004
 performing expansion, best =    5.7772370005102923E-004
 performing expansion, best =    5.7772369803816930E-004
 performing expansion, best =    5.7772369645548653E-004
 performing expansion, best =    5.7772369512869911E-004
 performing expansion, best =    5.7772369258771931E-004
 performing expansion, best =    5.7772368892990990E-004
 performing expansion, best =    5.7772368805259790E-004
 performing expansion, best =    5.7772368671241072E-004
 performing expansion, best =    5.7772368561179101E-004
 performing expansion, best =    5.7772368496880329E-004
 performing expansion, best =    5.7772368420729882E-004
 performing expansion, best =    5.7772368324080056E-004
 performing expansion, best =    5.7772368273147773E-004
 performing expansion, best =    5.7772368209190817E-004
 performing expansion, best =    5.7772368126880812E-004
 performing expansion, best =    5.7772368098911865E-004
 performing expansion, best =    5.7772367983263825E-004
 performing expansion, best =    5.7772367916179488E-004
 performing expansion, best =    5.7772367814648996E-004
 performing expansion, best =    5.7772367656743645E-004
 performing expansion, best =    5.7772367527012295E-004
 performing expansion, best =    5.7772367287901632E-004
 performing expansion, best =    5.7772366935899611E-004
 performing expansion, best =    5.7772366849823608E-004
 performing expansion, best =    5.7772366509568679E-004
 performing expansion, best =    5.7772366101528150E-004
 performing expansion, best =    5.7772365722151054E-004
 performing expansion, best =    5.7772365487101238E-004
 performing expansion, best =    5.7772365115078687E-004
 performing expansion, best =    5.7772364808995305E-004
 performing expansion, best =    5.7772364350282452E-004
 performing expansion, best =    5.7772364256548860E-004
 performing expansion, best =    5.7772364211982426E-004
 performing expansion, best =    5.7772363859897214E-004
 performing expansion, best =    5.7772363494728695E-004
 performing expansion, best =    5.7772362901369219E-004
 performing expansion, best =    5.7772362272256799E-004
 performing expansion, best =    5.7772361510541066E-004
 performing expansion, best =    5.7772360672669009E-004
 performing expansion, best =    5.7772360091677254E-004
 performing expansion, best =    5.7772359561092639E-004
 performing expansion, best =    5.7772358770446055E-004
 performing expansion, best =    5.7772357247688050E-004
 performing expansion, best =    5.7772356070491288E-004
 performing expansion, best =    5.7772353974999897E-004
 performing expansion, best =    5.7772352226201633E-004
 performing expansion, best =    5.7772351385197446E-004
 performing expansion, best =    5.7772349162146894E-004
 performing expansion, best =    5.7772347331643730E-004
 performing expansion, best =    5.7772346883037582E-004
 performing expansion, best =    5.7772344933374397E-004
 performing expansion, best =    5.7772341480583403E-004
 performing expansion, best =    5.7772340910089599E-004
 performing expansion, best =    5.7772339902261425E-004
 performing expansion, best =    5.7772338633063397E-004
 performing expansion, best =    5.7772335739348605E-004
 performing expansion, best =    5.7772332975338338E-004
 performing expansion, best =    5.7772328909320460E-004
 performing expansion, best =    5.7772325219329135E-004
 performing expansion, best =    5.7772323701040071E-004
 performing expansion, best =    5.7772321572190706E-004
 performing expansion, best =    5.7772317936612106E-004
 performing expansion, best =    5.7772314333298365E-004
 performing expansion, best =    5.7772310514425207E-004
 performing expansion, best =    5.7772307189865309E-004
 performing expansion, best =    5.7772305140010004E-004
 performing expansion, best =    5.7772300535048593E-004
 performing expansion, best =    5.7772293062188123E-004
 performing expansion, best =    5.7772286194257550E-004
 performing expansion, best =    5.7772275688376369E-004
 performing expansion, best =    5.7772262899216187E-004
 performing expansion, best =    5.7772251836695203E-004
 performing expansion, best =    5.7772239672760880E-004
 performing expansion, best =    5.7772224210422070E-004
 performing expansion, best =    5.7772211029289170E-004
 performing expansion, best =    5.7772190648852769E-004
 performing expansion, best =    5.7772174348744024E-004
 performing expansion, best =    5.7772155262155714E-004
 performing expansion, best =    5.7772140050718786E-004
 performing expansion, best =    5.7772119566884149E-004
 performing expansion, best =    5.7772099459008129E-004
 performing expansion, best =    5.7772069419589575E-004
 performing expansion, best =    5.7772033520073641E-004
 performing expansion, best =    5.7771998941590682E-004
 performing expansion, best =    5.7771973727352433E-004
 performing expansion, best =    5.7771942875265868E-004
 performing expansion, best =    5.7771910359876030E-004
 performing expansion, best =    5.7771879737221921E-004
 performing expansion, best =    5.7771838617154566E-004
 performing expansion, best =    5.7771805691832993E-004
 performing expansion, best =    5.7771787214123873E-004
 performing expansion, best =    5.7771750235791758E-004
 performing expansion, best =    5.7771693873977996E-004
 performing expansion, best =    5.7771649261292770E-004
 performing expansion, best =    5.7771604858411713E-004
 performing expansion, best =    5.7771560456001546E-004
 performing expansion, best =    5.7771524169491909E-004
 performing expansion, best =    5.7771453006792760E-004
 performing expansion, best =    5.7771369623529846E-004
 performing expansion, best =    5.7771305562954198E-004
 performing expansion, best =    5.7771230279810872E-004
 performing expansion, best =    5.7771175251082314E-004
 performing expansion, best =    5.7771119863657958E-004
 performing expansion, best =    5.7771061742281670E-004
 performing expansion, best =    5.7770976703054794E-004
 performing expansion, best =    5.7770883256289614E-004
 performing expansion, best =    5.7770814034257840E-004
 performing expansion, best =    5.7770713630888660E-004
 performing expansion, best =    5.7770607701188926E-004
 performing expansion, best =    5.7770505218410044E-004
 performing expansion, best =    5.7770401382398141E-004
 performing expansion, best =    5.7770287405694469E-004
 performing expansion, best =    5.7770131521598549E-004
 performing expansion, best =    5.7770039050957650E-004
 performing expansion, best =    5.7769916957284870E-004
 performing expansion, best =    5.7769784172040611E-004
 performing expansion, best =    5.7769571676185823E-004
 performing expansion, best =    5.7769337851482257E-004
 performing expansion, best =    5.7769065835302732E-004
 performing expansion, best =    5.7768859384335126E-004
 performing expansion, best =    5.7768697041000983E-004
 performing expansion, best =    5.7768460489613640E-004
 performing expansion, best =    5.7768128036138388E-004
 performing expansion, best =    5.7767752680414747E-004
 performing expansion, best =    5.7767418370638628E-004
 performing expansion, best =    5.7766986672527700E-004
 performing expansion, best =    5.7766591581839193E-004
 performing expansion, best =    5.7766084083974399E-004
 performing expansion, best =    5.7765492062760381E-004
 performing expansion, best =    5.7764931606418422E-004
 performing expansion, best =    5.7764507827377050E-004
 performing expansion, best =    5.7763928884854222E-004
 performing expansion, best =    5.7763164322882730E-004
 performing expansion, best =    5.7762567751148345E-004
 performing expansion, best =    5.7761915633999686E-004
 performing expansion, best =    5.7761345026881999E-004
 performing expansion, best =    5.7760801879408539E-004
 performing expansion, best =    5.7760217541889683E-004
 performing expansion, best =    5.7759940512292526E-004
 performing expansion, best =    5.7759797497405256E-004
 performing expansion, best =    5.7759455371780702E-004
 performing expansion, best =    5.7759091430667497E-004
 performing expansion, best =    5.7758524371870703E-004
 performing expansion, best =    5.7757981515566892E-004
 performing expansion, best =    5.7757745638927665E-004
 performing expansion, best =    5.7757259045509188E-004
 performing expansion, best =    5.7756652125866953E-004
 performing expansion, best =    5.7756154582340935E-004
 performing expansion, best =    5.7755421391495344E-004
 performing expansion, best =    5.7754710433240782E-004
 performing expansion, best =    5.7754352232923154E-004
 performing expansion, best =    5.7753668218725625E-004
 performing expansion, best =    5.7753198476960782E-004
 performing expansion, best =    5.7752560168454253E-004
 performing expansion, best =    5.7752508658187379E-004
 performing expansion, best =    5.7752414606074970E-004
 performing expansion, best =    5.7752347079294882E-004
 performing expansion, best =    5.7752295047549368E-004
 performing expansion, best =    5.7752203383463758E-004
 performing expansion, best =    5.7752103136552780E-004
 performing expansion, best =    5.7751919346347308E-004
 performing expansion, best =    5.7751869524576109E-004
 performing expansion, best =    5.7751698994102871E-004
 performing expansion, best =    5.7751394229537561E-004
 performing expansion, best =    5.7751152416500150E-004
 performing expansion, best =    5.7750958610693331E-004
 performing expansion, best =    5.7750804489886340E-004
 performing expansion, best =    5.7750733461163083E-004
 performing expansion, best =    5.7750698333353307E-004
 performing expansion, best =    5.7750451354310502E-004
 performing expansion, best =    5.7750155185609556E-004
 performing expansion, best =    5.7749876772214862E-004
Exiting simplex optimization after 10001 iterations
RMSE         5.774967222E-04 Hartree
NEW BEST!
Best found solution for 8 charges:
        RMSE         3.623843906E-01 kcal/mol
         MAE         2.046877120E-01 kcal/mol
     max. AE         2.436456738E+00 kcal/mol

       x[bohr]       y[bohr]       z[bohr]          q[e]
    -0.1942554     0.3625594     0.4792284    -0.6212015
     0.9151959     0.1827618    -0.0607448     0.6932134
    -0.7449320     0.4135608     0.1281166     0.4065620
     0.0552149     0.3663966    -0.4882962    -0.5710715
     1.0408360    -0.2960417     0.0060816    -0.9730564
     1.4025762    -0.7815516     0.0141545     0.7729511
    -1.4203457    -0.7817271    -0.0059092    -0.6814117
    -1.4999022    -0.8714241    -0.0000165     0.9740147

